#
# A fatal error has been detected by the Java Runtime Environment:
#
#  EXCEPTION_ACCESS_VIOLATION (0xc0000005) at pc=0x00007ff87ba4a428, pid=8832, tid=8324
#
# JRE version: OpenJDK Runtime Environment (11.0.10) (build 11.0.10+0-b96-7249189)
# Java VM: OpenJDK 64-Bit Server VM (11.0.10+0-b96-7249189, mixed mode, tiered, compressed oops, g1 gc, windows-amd64)
# Problematic frame:
# V  [jvm.dll+0x4ea428]
#
# No core dump will be written. Minidumps are not enabled by default on client versions of Windows
#
# If you would like to submit a bug report, please visit:
#   https://bugreport.java.com/bugreport/crash.jsp
#

---------------  S U M M A R Y ------------

Command Line: --add-opens=java.base/java.util=ALL-UNNAMED --add-opens=java.base/java.lang=ALL-UNNAMED --add-opens=java.base/java.lang.invoke=ALL-UNNAMED --add-opens=java.base/java.util=ALL-UNNAMED --add-opens=java.prefs/java.util.prefs=ALL-UNNAMED --add-opens=java.prefs/java.util.prefs=ALL-UNNAMED --add-opens=java.base/java.nio.charset=ALL-UNNAMED --add-opens=java.base/java.net=ALL-UNNAMED --add-opens=java.base/java.util.concurrent.atomic=ALL-UNNAMED -Xmx2048m -Dfile.encoding=UTF-8 -Duser.country=PH -Duser.language=en -Duser.variant org.gradle.launcher.daemon.bootstrap.GradleDaemon 7.0.2

Host: AMD Ryzen 5 3550H with Radeon Vega Mobile Gfx  , 8 cores, 13G,  Windows 10 , 64 bit Build 19041 (10.0.19041.1320)
Time: Tue Nov  9 15:51:04 2021 Malay Peninsula Standard Time elapsed time: 298.442210 seconds (0d 0h 4m 58s)

---------------  T H R E A D  ---------------

Current thread (0x0000020f62caf800):  JavaThread "C2 CompilerThread1" daemon [_thread_in_native, id=8324, stack(0x000000a84a100000,0x000000a84a200000)]


Current CompileTask:
C2: 298442 13966   !   4       java.nio.file.FileTreeWalker::visit (204 bytes)

Stack: [0x000000a84a100000,0x000000a84a200000],  sp=0x000000a84a1fbc60,  free space=1007k
Native frames: (J=compiled Java code, j=interpreted, Vv=VM code, C=native code)
V  [jvm.dll+0x4ea428]
V  [jvm.dll+0x320b02]
V  [jvm.dll+0x31ffca]
V  [jvm.dll+0x1fb602]
V  [jvm.dll+0x1fa7f4]
V  [jvm.dll+0x18354c]
V  [jvm.dll+0x208ee7]
V  [jvm.dll+0x207731]
V  [jvm.dll+0x6eb1cf]
V  [jvm.dll+0x6e3d45]
V  [jvm.dll+0x5ebe96]
C  [ucrtbase.dll+0x21bb2]
C  [KERNEL32.DLL+0x17034]
C  [ntdll.dll+0x52651]


siginfo: EXCEPTION_ACCESS_VIOLATION (0xc0000005), reading address 0x0000000f6a52bdf0


Register to memory mapping:

RIP=0x00007ff87ba4a428 jvm.dll
RAX=0x0000000f6a52bde8 is an unknown value
RBX=0x000000a84a1fbfe0 is pointing into the stack for thread: 0x0000020f62caf800
RCX=0x0000000000000001 is an unknown value
RDX=0x00000000000000fb is an unknown value
RSP=0x000000a84a1fbc60 is pointing into the stack for thread: 0x0000020f62caf800
RBP=0x0000000000000010 is an unknown value
RSI=0x0000020f69b37eb8 points into unknown readable memory: 0x0000020f62caf800 | 00 f8 ca 62 0f 02 00 00
RDI=0x0000020f63f9bd00 points into unknown readable memory: 0x000000000000000c | 0c 00 00 00 00 00 00 00
R8 =0x000000000000000d is an unknown value
R9 =0x000000a84a1fbc10 is pointing into the stack for thread: 0x0000020f62caf800
R10=0x0000020f64eb4460 points into unknown readable memory: 0x0000000000000000 | 00 00 00 00 00 00 00 00
R11=0x00007ff87bf57c38 jvm.dll
R12=0x0000000000000002 is an unknown value
R13=0x0000020f6a52bd58 points into unknown readable memory: 0x00007ff87bd48568 | 68 85 d4 7b f8 7f 00 00
R14=0x0000020f6a52bd58 points into unknown readable memory: 0x00007ff87bd48568 | 68 85 d4 7b f8 7f 00 00
R15=0x0000020f63f9aea0 points into unknown readable memory: 0x000000000000000c | 0c 00 00 00 00 00 00 00


Registers:
RAX=0x0000000f6a52bde8, RBX=0x000000a84a1fbfe0, RCX=0x0000000000000001, RDX=0x00000000000000fb
RSP=0x000000a84a1fbc60, RBP=0x0000000000000010, RSI=0x0000020f69b37eb8, RDI=0x0000020f63f9bd00
R8 =0x000000000000000d, R9 =0x000000a84a1fbc10, R10=0x0000020f64eb4460, R11=0x00007ff87bf57c38
R12=0x0000000000000002, R13=0x0000020f6a52bd58, R14=0x0000020f6a52bd58, R15=0x0000020f63f9aea0
RIP=0x00007ff87ba4a428, EFLAGS=0x0000000000010293

Top of Stack: (sp=0x000000a84a1fbc60)
0x000000a84a1fbc60:   0000000000000003 000000a84a1fbfe0
0x000000a84a1fbc70:   0000000000000010 0000020f63f9bd00
0x000000a84a1fbc80:   0000020f69b37eb8 0000020f6ad3dfe0
0x000000a84a1fbc90:   0000020f6b13cea0 0000020f6b1438f0
0x000000a84a1fbca0:   00000000000f9918 0000020f6b144e88
0x000000a84a1fbcb0:   00007ff87bdcde48 0000020f6ad3dfe0
0x000000a84a1fbcc0:   0000000000000010 0000020f63f9cb90
0x000000a84a1fbcd0:   000000a84a1fbfa0 0000020f67313500
0x000000a84a1fbce0:   0000000000000000 0000020f67313510
0x000000a84a1fbcf0:   00000000000003d8 0000000000000d40
0x000000a84a1fbd00:   00000000ffffff01 000000a84a1fbe20
0x000000a84a1fbd10:   000000a84a1fc220 00007ff87b880b02
0x000000a84a1fbd20:   000000a800000001 000000a800000002
0x000000a84a1fbd30:   00000000000000fb 0000020f64eb4460
0x000000a84a1fbd40:   000000a81fffff01 0000000000000047
0x000000a84a1fbd50:   0000020f68dfdc90 000000000000ad40 

Instructions: (pc=0x00007ff87ba4a428)
0x00007ff87ba4a328:   2a 26 00 48 c7 43 30 00 00 00 00 48 8d 4c 24 50
0x00007ff87ba4a338:   48 8b 16 48 8b 92 78 02 00 00 e8 99 29 22 00 48
0x00007ff87ba4a348:   8b 43 40 4c 8d 1d e6 d8 50 00 8b 40 40 85 c0 0f
0x00007ff87ba4a358:   84 cc 05 00 00 0f 1f 00 ff c8 8b d0 89 84 24 d0
0x00007ff87ba4a368:   00 00 00 48 8b 43 40 48 8b 48 30 48 8b 43 28 4c
0x00007ff87ba4a378:   8b 2c d1 41 8b 4d 4c ff c9 4c 8b 3c c8 4d 85 ff
0x00007ff87ba4a388:   75 52 4c 8b 7b 30 4d 85 ff 75 14 33 d2 b9 a0 00
0x00007ff87ba4a398:   00 00 e8 61 e6 15 00 4c 8b f8 48 8b c8 eb 0e 49
0x00007ff87ba4a3a8:   8b 87 98 00 00 00 49 8b cf 48 89 43 30 4c 8b 06
0x00007ff87ba4a3b8:   8b 53 50 4d 8b 80 78 02 00 00 e8 09 dd e6 ff 41
0x00007ff87ba4a3c8:   8b 4d 4c 4c 8d 1d 66 d8 50 00 48 8b 43 28 ff c9
0x00007ff87ba4a3d8:   4c 89 3c c8 41 8b 45 4c 45 8b 65 28 ff c8 44 89
0x00007ff87ba4a3e8:   a4 24 c8 00 00 00 4c 8d 14 80 49 c1 e2 05 4c 03
0x00007ff87ba4a3f8:   53 20 4c 89 94 24 d8 00 00 00 41 83 fc 01 0f 86
0x00007ff87ba4a408:   ab 01 00 00 0f 1f 40 00 41 8d 44 24 ff 89 84 24
0x00007ff87ba4a418:   c0 00 00 00 41 3b 45 18 73 0c 8b c8 49 8b 45 20
0x00007ff87ba4a428:   4c 8b 24 c8 eb 03 45 33 e4 41 8b 44 24 2c 83 e0
0x00007ff87ba4a438:   0f 3c 0c 0f 84 6e 01 00 00 48 8b 43 48 49 63 54
0x00007ff87ba4a448:   24 28 48 8b 48 18 8b 3c 91 85 ff 74 57 49 8b 42
0x00007ff87ba4a458:   08 8b cf 48 c1 e9 08 8b f7 4c 8b 04 c8 4d 3b c3
0x00007ff87ba4a468:   75 1c 8b d7 49 8b ca e8 ac da e6 ff 4c 8b 94 24
0x00007ff87ba4a478:   d8 00 00 00 4c 8d 1d b5 d7 50 00 4c 8b c0 48 c1
0x00007ff87ba4a488:   ee 05 8b cf 83 e6 07 83 e1 1f ba 01 00 00 00 d3
0x00007ff87ba4a498:   e2 41 8b 0c b0 8b c1 0b c2 41 89 04 b0 85 ca 75
0x00007ff87ba4a4a8:   03 41 ff 02 49 8b 47 08 48 8b d7 48 c1 ea 08 4c
0x00007ff87ba4a4b8:   8b cf 49 c1 e9 05 83 e7 1f 41 83 e1 07 40 0f b6
0x00007ff87ba4a4c8:   cf 4c 8b 04 d0 ba 01 00 00 00 d3 e2 8b c2 f7 d0
0x00007ff87ba4a4d8:   43 8b 0c 88 23 c1 43 89 04 88 85 ca 74 03 41 ff
0x00007ff87ba4a4e8:   0f 41 8b 44 24 18 83 f8 01 0f 86 94 00 00 00 41
0x00007ff87ba4a4f8:   be 08 00 00 00 8d 68 ff 49 8b 44 24 08 49 8b 0c
0x00007ff87ba4a508:   06 48 8b 43 40 8b 51 28 48 8b 48 78 4c 39 2c d1
0x00007ff87ba4a518:   74 63 48 8b 43 48 48 63 d2 48 8b 48 18 8b 3c 91 


Stack slot to memory mapping:
stack at sp + 0 slots: 0x0000000000000003 is an unknown value
stack at sp + 1 slots: 0x000000a84a1fbfe0 is pointing into the stack for thread: 0x0000020f62caf800
stack at sp + 2 slots: 0x0000000000000010 is an unknown value
stack at sp + 3 slots: 0x0000020f63f9bd00 points into unknown readable memory: 0x000000000000000c | 0c 00 00 00 00 00 00 00
stack at sp + 4 slots: 0x0000020f69b37eb8 points into unknown readable memory: 0x0000020f62caf800 | 00 f8 ca 62 0f 02 00 00
stack at sp + 5 slots: 0x0000020f6ad3dfe0 points into unknown readable memory: 0x0000000000000006 | 06 00 00 00 00 00 00 00
stack at sp + 6 slots: 0x0000020f6b13cea0 points into unknown readable memory: 0x0000020f64eb0170 | 70 01 eb 64 0f 02 00 00
stack at sp + 7 slots: 0x0000020f6b1438f0 points into unknown readable memory: 0x0000020f6b143920 | 20 39 14 6b 0f 02 00 00


---------------  P R O C E S S  ---------------

Threads class SMR info:
_java_thread_list=0x0000020f69b38110, length=71, elements={
0x0000020f46f5d800, 0x0000020f613fa800, 0x0000020f61404000, 0x0000020f61c81800,
0x0000020f61c82800, 0x0000020f61c85800, 0x0000020f61c88800, 0x0000020f61c8e800,
0x0000020f61c8f800, 0x0000020f61df7800, 0x0000020f6411d000, 0x0000020f638d6000,
0x0000020f64657800, 0x0000020f62bfe800, 0x0000020f62c00800, 0x0000020f62c05000,
0x0000020f62c03000, 0x0000020f62c04800, 0x0000020f64921800, 0x0000020f64922000,
0x0000020f64924800, 0x0000020f6491f800, 0x0000020f64927000, 0x0000020f6492e800,
0x0000020f65bad000, 0x0000020f65baf800, 0x0000020f65bac800, 0x0000020f65bae800,
0x0000020f65bae000, 0x0000020f69844800, 0x0000020f69842000, 0x0000020f69843800,
0x0000020f6983d000, 0x0000020f69837000, 0x0000020f6983a800, 0x0000020f6983b800,
0x0000020f6983c000, 0x0000020f6983d800, 0x0000020f69839800, 0x0000020f69838000,
0x0000020f69845000, 0x0000020f6983f800, 0x0000020f69840000, 0x0000020f69846000,
0x0000020f69841000, 0x0000020f69842800, 0x0000020f64923000, 0x0000020f64925800,
0x0000020f64920800, 0x0000020f6492a800, 0x0000020f6492d800, 0x0000020f6492c000,
0x0000020f6492d000, 0x0000020f6492b000, 0x0000020f64928000, 0x0000020f64928800,
0x0000020f64929800, 0x0000020f62bff800, 0x0000020f62c02000, 0x0000020f62c03800,
0x0000020f62c01000, 0x0000020f65bb1000, 0x0000020f65bb2000, 0x0000020f65bb3000,
0x0000020f62cae000, 0x0000020f62cad000, 0x0000020f62cae800, 0x0000020f62caf800,
0x0000020f62cb0800, 0x0000020f62cac800, 0x0000020f62caa800
}

Java Threads: ( => current thread )
  0x0000020f46f5d800 JavaThread "main" [_thread_blocked, id=7548, stack(0x000000a848400000,0x000000a848500000)]
  0x0000020f613fa800 JavaThread "Reference Handler" daemon [_thread_blocked, id=5316, stack(0x000000a848b00000,0x000000a848c00000)]
  0x0000020f61404000 JavaThread "Finalizer" daemon [_thread_blocked, id=7600, stack(0x000000a848c00000,0x000000a848d00000)]
  0x0000020f61c81800 JavaThread "Signal Dispatcher" daemon [_thread_blocked, id=7908, stack(0x000000a848d00000,0x000000a848e00000)]
  0x0000020f61c82800 JavaThread "Attach Listener" daemon [_thread_blocked, id=10156, stack(0x000000a848e00000,0x000000a848f00000)]
  0x0000020f61c85800 JavaThread "Service Thread" daemon [_thread_blocked, id=3080, stack(0x000000a848f00000,0x000000a849000000)]
  0x0000020f61c88800 JavaThread "C2 CompilerThread0" daemon [_thread_in_native, id=12396, stack(0x000000a849000000,0x000000a849100000)]
  0x0000020f61c8e800 JavaThread "C1 CompilerThread0" daemon [_thread_blocked, id=11792, stack(0x000000a849100000,0x000000a849200000)]
  0x0000020f61c8f800 JavaThread "Sweeper thread" daemon [_thread_blocked, id=9984, stack(0x000000a849200000,0x000000a849300000)]
  0x0000020f61df7800 JavaThread "Common-Cleaner" daemon [_thread_blocked, id=12376, stack(0x000000a849300000,0x000000a849400000)]
  0x0000020f6411d000 JavaThread "Daemon health stats" [_thread_blocked, id=8648, stack(0x000000a849b00000,0x000000a849c00000)]
  0x0000020f638d6000 JavaThread "Incoming local TCP Connector on port 50870" [_thread_in_native, id=8400, stack(0x000000a849500000,0x000000a849600000)]
  0x0000020f64657800 JavaThread "Daemon periodic checks" [_thread_blocked, id=8176, stack(0x000000a849a00000,0x000000a849b00000)]
  0x0000020f62bfe800 JavaThread "Cache worker for file hash cache (C:\Users\jeffe\.gradle\caches\7.0.2\fileHashes)" [_thread_blocked, id=8504, stack(0x000000a84a300000,0x000000a84a400000)]
  0x0000020f62c00800 JavaThread "File lock request listener" [_thread_in_native, id=12088, stack(0x000000a84a400000,0x000000a84a500000)]
  0x0000020f62c05000 JavaThread "Cache worker for journal cache (C:\Users\jeffe\.gradle\caches\journal-1)" [_thread_blocked, id=400, stack(0x000000a84a900000,0x000000a84aa00000)]
  0x0000020f62c03000 JavaThread "File watcher server" daemon [_thread_in_native, id=11688, stack(0x000000a84ac00000,0x000000a84ad00000)]
  0x0000020f62c04800 JavaThread "File watcher consumer" daemon [_thread_blocked, id=2852, stack(0x000000a84ad00000,0x000000a84ae00000)]
  0x0000020f64921800 JavaThread "Cache worker for execution history cache (C:\Users\jeffe\.gradle\caches\7.0.2\executionHistory)" [_thread_blocked, id=1856, stack(0x000000a84b200000,0x000000a84b300000)]
  0x0000020f64922000 JavaThread "jar transforms" [_thread_blocked, id=8408, stack(0x000000a84b300000,0x000000a84b400000)]
  0x0000020f64924800 JavaThread "jar transforms Thread 2" [_thread_blocked, id=8756, stack(0x000000a84b400000,0x000000a84b500000)]
  0x0000020f6491f800 JavaThread "Cache worker for file content cache (C:\Users\jeffe\.gradle\caches\7.0.2\fileContent)" [_thread_blocked, id=2368, stack(0x000000a84b500000,0x000000a84b600000)]
  0x0000020f64927000 JavaThread "jar transforms Thread 3" [_thread_blocked, id=11192, stack(0x000000a84b700000,0x000000a84b800000)]
  0x0000020f6492e800 JavaThread "jar transforms Thread 4" [_thread_blocked, id=3240, stack(0x000000a84c100000,0x000000a84c200000)]
  0x0000020f65bad000 JavaThread "jar transforms Thread 5" [_thread_blocked, id=2380, stack(0x000000a84c200000,0x000000a84c300000)]
  0x0000020f65baf800 JavaThread "jar transforms Thread 6" [_thread_blocked, id=8132, stack(0x000000a84c300000,0x000000a84c400000)]
  0x0000020f65bac800 JavaThread "jar transforms Thread 7" [_thread_blocked, id=7668, stack(0x000000a84c400000,0x000000a84c500000)]
  0x0000020f65bae800 JavaThread "jar transforms Thread 8" [_thread_blocked, id=7384, stack(0x000000a84c500000,0x000000a84c600000)]
  0x0000020f65bae000 JavaThread "Memory manager" [_thread_blocked, id=12688, stack(0x000000a84c600000,0x000000a84c700000)]
  0x0000020f69844800 JavaThread "ForkJoinPool.commonPool-worker-5" daemon [_thread_blocked, id=6708, stack(0x000000a84d200000,0x000000a84d300000)]
  0x0000020f69842000 JavaThread "ForkJoinPool.commonPool-worker-7" daemon [_thread_blocked, id=6216, stack(0x000000a84d300000,0x000000a84d400000)]
  0x0000020f69843800 JavaThread "ForkJoinPool.commonPool-worker-13" daemon [_thread_blocked, id=12844, stack(0x000000a84d600000,0x000000a84d700000)]
  0x0000020f6983d000 JavaThread "Daemon Thread 2" [_thread_blocked, id=1648, stack(0x000000a848100000,0x000000a848200000)]
  0x0000020f69837000 JavaThread "Handler for socket connection from /127.0.0.1:50870 to /127.0.0.1:50920" [_thread_in_native, id=12264, stack(0x000000a848200000,0x000000a848300000)]
  0x0000020f6983a800 JavaThread "Cancel handler" [_thread_blocked, id=8028, stack(0x000000a848300000,0x000000a848400000)]
  0x0000020f6983b800 JavaThread "Daemon worker Thread 2" [_thread_blocked, id=1160, stack(0x000000a849c00000,0x000000a849d00000)]
  0x0000020f6983c000 JavaThread "Asynchronous log dispatcher for DefaultDaemonConnection: socket connection from /127.0.0.1:50870 to /127.0.0.1:50920" [_thread_blocked, id=684, stack(0x000000a849d00000,0x000000a849e00000)]
  0x0000020f6983d800 JavaThread "Stdin handler" [_thread_blocked, id=12120, stack(0x000000a849e00000,0x000000a849f00000)]
  0x0000020f69839800 JavaThread "Daemon client event forwarder" [_thread_blocked, id=8888, stack(0x000000a849f00000,0x000000a84a000000)]
  0x0000020f69838000 JavaThread "Cache worker for file hash cache (C:\Users\jeffe\AndroidStudioProjects\FirstAidKit3\.gradle\7.0.2\fileHashes)" [_thread_blocked, id=12628, stack(0x000000a84a000000,0x000000a84a100000)]
  0x0000020f69845000 JavaThread "Cache worker for checksums cache (C:\Users\jeffe\AndroidStudioProjects\FirstAidKit3\.gradle\checksums)" [_thread_blocked, id=8656, stack(0x000000a84aa00000,0x000000a84ab00000)]
  0x0000020f6983f800 JavaThread "Cache worker for cache directory md-supplier (C:\Users\jeffe\.gradle\caches\7.0.2\md-supplier)" [_thread_blocked, id=3868, stack(0x000000a84ab00000,0x000000a84ac00000)]
  0x0000020f69840000 JavaThread "Cache worker for cache directory md-rule (C:\Users\jeffe\.gradle\caches\7.0.2\md-rule)" [_thread_blocked, id=12736, stack(0x000000a84ae00000,0x000000a84af00000)]
  0x0000020f69846000 JavaThread "Cache worker for dependencies-accessors (C:\Users\jeffe\AndroidStudioProjects\FirstAidKit3\.gradle\7.0.2\dependencies-accessors)" [_thread_blocked, id=12552, stack(0x000000a84af00000,0x000000a84b000000)]
  0x0000020f69841000 JavaThread "Cache worker for Build Output Cleanup Cache (C:\Users\jeffe\AndroidStudioProjects\FirstAidKit3\.gradle\buildOutputCleanup)" [_thread_blocked, id=9792, stack(0x000000a84b000000,0x000000a84b100000)]
  0x0000020f69842800 JavaThread "Build operations" [_thread_blocked, id=13208, stack(0x000000a84b100000,0x000000a84b200000)]
  0x0000020f64923000 JavaThread "Build operations Thread 2" [_thread_blocked, id=10704, stack(0x000000a84b600000,0x000000a84b700000)]
  0x0000020f64925800 JavaThread "Build operations Thread 3" [_thread_blocked, id=5968, stack(0x000000a84b800000,0x000000a84b900000)]
  0x0000020f64920800 JavaThread "Build operations Thread 4" [_thread_blocked, id=8156, stack(0x000000a84b900000,0x000000a84ba00000)]
  0x0000020f6492a800 JavaThread "Build operations Thread 5" [_thread_blocked, id=8148, stack(0x000000a84ba00000,0x000000a84bb00000)]
  0x0000020f6492d800 JavaThread "Build operations Thread 6" [_thread_blocked, id=7232, stack(0x000000a84bb00000,0x000000a84bc00000)]
  0x0000020f6492c000 JavaThread "Build operations Thread 7" [_thread_blocked, id=8136, stack(0x000000a84bc00000,0x000000a84bd00000)]
  0x0000020f6492d000 JavaThread "Build operations Thread 8" [_thread_blocked, id=6964, stack(0x000000a84bd00000,0x000000a84be00000)]
  0x0000020f6492b000 JavaThread "build event listener" [_thread_blocked, id=12512, stack(0x000000a84be00000,0x000000a84bf00000)]
  0x0000020f64928000 JavaThread "Execution worker for ':'" [_thread_blocked, id=12276, stack(0x000000a84bf00000,0x000000a84c000000)]
  0x0000020f64928800 JavaThread "Execution worker for ':' Thread 2" [_thread_blocked, id=1616, stack(0x000000a84c000000,0x000000a84c100000)]
  0x0000020f64929800 JavaThread "Execution worker for ':' Thread 3" [_thread_in_native, id=9000, stack(0x000000a84c700000,0x000000a84c800000)]
  0x0000020f62bff800 JavaThread "Execution worker for ':' Thread 4" [_thread_blocked, id=2256, stack(0x000000a84c800000,0x000000a84c900000)]
  0x0000020f62c02000 JavaThread "Execution worker for ':' Thread 5" [_thread_blocked, id=1584, stack(0x000000a84c900000,0x000000a84ca00000)]
  0x0000020f62c03800 JavaThread "Execution worker for ':' Thread 6" [_thread_blocked, id=12084, stack(0x000000a84ca00000,0x000000a84cb00000)]
  0x0000020f62c01000 JavaThread "Execution worker for ':' Thread 7" [_thread_blocked, id=5852, stack(0x000000a84cb00000,0x000000a84cc00000)]
  0x0000020f65bb1000 JavaThread "Cache worker for execution history cache (C:\Users\jeffe\AndroidStudioProjects\FirstAidKit3\.gradle\7.0.2\executionHistory)" [_thread_blocked, id=3740, stack(0x000000a84cc00000,0x000000a84cd00000)]
  0x0000020f65bb2000 JavaThread "WorkerExecutor Queue" [_thread_blocked, id=10608, stack(0x000000a84d000000,0x000000a84d100000)]
  0x0000020f65bb3000 JavaThread "WorkerExecutor Queue Thread 2" [_thread_blocked, id=12204, stack(0x000000a84d100000,0x000000a84d200000)]
  0x0000020f62cae000 JavaThread "pool-6-thread-1" [_thread_blocked, id=8420, stack(0x000000a84d400000,0x000000a84d500000)]
  0x0000020f62cad000 JavaThread "stderr" [_thread_in_native, id=7372, stack(0x000000a84d500000,0x000000a84d600000)]
  0x0000020f62cae800 JavaThread "stdout" [_thread_in_native, id=10764, stack(0x000000a84d700000,0x000000a84d800000)]
=>0x0000020f62caf800 JavaThread "C2 CompilerThread1" daemon [_thread_in_native, id=8324, stack(0x000000a84a100000,0x000000a84a200000)]
  0x0000020f62cb0800 JavaThread "C2 CompilerThread2" daemon [_thread_in_native, id=3012, stack(0x000000a84a200000,0x000000a84a300000)]
  0x0000020f62cac800 JavaThread "Cache worker for Java compile cache (C:\Users\jeffe\.gradle\caches\7.0.2\javaCompile)" [_thread_blocked, id=11304, stack(0x000000a84d800000,0x000000a84d900000)]
  0x0000020f62caa800 JavaThread "Cache worker for Java compile cache (C:\Users\jeffe\AndroidStudioProjects\FirstAidKit3\.gradle\7.0.2\javaCompile)" [_thread_blocked, id=8240, stack(0x000000a84d900000,0x000000a84da00000)]

Other Threads:
  0x0000020f61c35800 VMThread "VM Thread" [stack: 0x000000a848a00000,0x000000a848b00000] [id=5064]
  0x0000020f61e3d000 WatcherThread [stack: 0x000000a849400000,0x000000a849500000] [id=12364]
  0x0000020f46f74000 GCTaskThread "GC Thread#0" [stack: 0x000000a848500000,0x000000a848600000] [id=11144]
  0x0000020f62a44800 GCTaskThread "GC Thread#1" [stack: 0x000000a849600000,0x000000a849700000] [id=11644]
  0x0000020f622e9800 GCTaskThread "GC Thread#2" [stack: 0x000000a849700000,0x000000a849800000] [id=11800]
  0x0000020f624cd800 GCTaskThread "GC Thread#3" [stack: 0x000000a849800000,0x000000a849900000] [id=7436]
  0x0000020f624ce000 GCTaskThread "GC Thread#4" [stack: 0x000000a849900000,0x000000a849a00000] [id=7688]
  0x0000020f624cc000 GCTaskThread "GC Thread#5" [stack: 0x000000a84a500000,0x000000a84a600000] [id=640]
  0x0000020f624cc800 GCTaskThread "GC Thread#6" [stack: 0x000000a84a600000,0x000000a84a700000] [id=10272]
  0x0000020f624cf000 GCTaskThread "GC Thread#7" [stack: 0x000000a84a700000,0x000000a84a800000] [id=12384]
  0x0000020f46fa6800 ConcurrentGCThread "G1 Main Marker" [stack: 0x000000a848600000,0x000000a848700000] [id=9924]
  0x0000020f46fa9000 ConcurrentGCThread "G1 Conc#0" [stack: 0x000000a848700000,0x000000a848800000] [id=10308]
  0x0000020f64509800 ConcurrentGCThread "G1 Conc#1" [stack: 0x000000a84a800000,0x000000a84a900000] [id=6652]
  0x0000020f4703e000 ConcurrentGCThread "G1 Refine#0" [stack: 0x000000a848800000,0x000000a848900000] [id=5320]
  0x0000020f64511800 ConcurrentGCThread "G1 Refine#1" [stack: 0x000000a84cd00000,0x000000a84ce00000] [id=10036]
  0x0000020f6450b800 ConcurrentGCThread "G1 Refine#2" [stack: 0x000000a84ce00000,0x000000a84cf00000] [id=10724]
  0x0000020f6450f800 ConcurrentGCThread "G1 Refine#3" [stack: 0x000000a84cf00000,0x000000a84d000000] [id=3312]
  0x0000020f6126c800 ConcurrentGCThread "G1 Young RemSet Sampling" [stack: 0x000000a848900000,0x000000a848a00000] [id=8440]

Threads with active compile tasks:
C2 CompilerThread0 298507 14042       4       jdk.nio.zipfs.JarFileSystem::getInode (18 bytes)
C2 CompilerThread1 298507 13966   !   4       java.nio.file.FileTreeWalker::visit (204 bytes)
C2 CompilerThread2 298507 13977   !   4       java.nio.file.FileTreeWalker::next (144 bytes)

VM state:not at safepoint (normal execution)

VM Mutex/Monitor currently owned by a thread: None

Heap address: 0x0000000080000000, size: 2048 MB, Compressed Oops mode: 32-bit
Narrow klass base: 0x0000000000000000, Narrow klass shift: 3
Compressed class space size: 1073741824 Address: 0x0000000100000000

Heap:
 garbage-first heap   total 229376K, used 123703K [0x0000000080000000, 0x0000000100000000)
  region size 1024K, 12 young (12288K), 3 survivors (3072K)
 Metaspace       used 100163K, capacity 102666K, committed 102988K, reserved 1138688K
  class space    used 12690K, capacity 13574K, committed 13644K, reserved 1048576K
Heap Regions: E=young(eden), S=young(survivor), O=old, HS=humongous(starts), HC=humongous(continues), CS=collection set, F=free, A=archive, TAMS=top-at-mark-start (previous, next)
|   0|0x0000000080000000, 0x0000000080100000, 0x0000000080100000|100%| O|  |TAMS 0x0000000080100000, 0x0000000080000000| Updating 
|   1|0x0000000080100000, 0x0000000080200000, 0x0000000080200000|100%| O|  |TAMS 0x0000000080200000, 0x0000000080100000| Updating 
|   2|0x0000000080200000, 0x0000000080300000, 0x0000000080300000|100%| O|  |TAMS 0x0000000080300000, 0x0000000080200000| Updating 
|   3|0x0000000080300000, 0x0000000080400000, 0x0000000080400000|100%|HS|  |TAMS 0x0000000080400000, 0x0000000080300000| Complete 
|   4|0x0000000080400000, 0x0000000080500000, 0x0000000080500000|100%|HC|  |TAMS 0x0000000080500000, 0x0000000080400000| Complete 
|   5|0x0000000080500000, 0x0000000080600000, 0x0000000080600000|100%|HC|  |TAMS 0x0000000080600000, 0x0000000080500000| Complete 
|   6|0x0000000080600000, 0x0000000080700000, 0x0000000080700000|100%| O|  |TAMS 0x0000000080700000, 0x0000000080600000| Updating 
|   7|0x0000000080700000, 0x0000000080800000, 0x0000000080800000|100%| O|  |TAMS 0x0000000080800000, 0x0000000080700000| Updating 
|   8|0x0000000080800000, 0x0000000080900000, 0x0000000080900000|100%| O|  |TAMS 0x0000000080900000, 0x0000000080800000| Updating 
|   9|0x0000000080900000, 0x0000000080a00000, 0x0000000080a00000|100%| O|  |TAMS 0x0000000080a00000, 0x0000000080900000| Updating 
|  10|0x0000000080a00000, 0x0000000080b00000, 0x0000000080b00000|100%| O|  |TAMS 0x0000000080b00000, 0x0000000080a00000| Updating 
|  11|0x0000000080b00000, 0x0000000080c00000, 0x0000000080c00000|100%| O|  |TAMS 0x0000000080c00000, 0x0000000080b00000| Updating 
|  12|0x0000000080c00000, 0x0000000080d00000, 0x0000000080d00000|100%| O|  |TAMS 0x0000000080d00000, 0x0000000080c00000| Updating 
|  13|0x0000000080d00000, 0x0000000080e00000, 0x0000000080e00000|100%| O|  |TAMS 0x0000000080e00000, 0x0000000080d00000| Updating 
|  14|0x0000000080e00000, 0x0000000080f00000, 0x0000000080f00000|100%| O|  |TAMS 0x0000000080f00000, 0x0000000080e00000| Updating 
|  15|0x0000000080f00000, 0x0000000081000000, 0x0000000081000000|100%| O|  |TAMS 0x0000000081000000, 0x0000000080f00000| Updating 
|  16|0x0000000081000000, 0x0000000081100000, 0x0000000081100000|100%| O|  |TAMS 0x0000000081100000, 0x0000000081000000| Updating 
|  17|0x0000000081100000, 0x0000000081200000, 0x0000000081200000|100%|HS|  |TAMS 0x0000000081200000, 0x0000000081100000| Complete 
|  18|0x0000000081200000, 0x0000000081300000, 0x0000000081300000|100%|HS|  |TAMS 0x0000000081300000, 0x0000000081200000| Complete 
|  19|0x0000000081300000, 0x0000000081400000, 0x0000000081400000|100%|HS|  |TAMS 0x0000000081400000, 0x0000000081300000| Complete 
|  20|0x0000000081400000, 0x0000000081500000, 0x0000000081500000|100%|HC|  |TAMS 0x0000000081500000, 0x0000000081400000| Complete 
|  21|0x0000000081500000, 0x0000000081600000, 0x0000000081600000|100%| O|  |TAMS 0x0000000081600000, 0x0000000081500000| Updating 
|  22|0x0000000081600000, 0x0000000081700000, 0x0000000081700000|100%| O|  |TAMS 0x0000000081700000, 0x0000000081600000| Updating 
|  23|0x0000000081700000, 0x0000000081800000, 0x0000000081800000|100%| O|  |TAMS 0x0000000081800000, 0x0000000081700000| Updating 
|  24|0x0000000081800000, 0x0000000081900000, 0x0000000081900000|100%| O|  |TAMS 0x0000000081900000, 0x0000000081800000| Updating 
|  25|0x0000000081900000, 0x0000000081a00000, 0x0000000081a00000|100%| O|  |TAMS 0x0000000081a00000, 0x0000000081900000| Updating 
|  26|0x0000000081a00000, 0x0000000081b00000, 0x0000000081b00000|100%| O|  |TAMS 0x0000000081b00000, 0x0000000081a00000| Updating 
|  27|0x0000000081b00000, 0x0000000081c00000, 0x0000000081c00000|100%| O|  |TAMS 0x0000000081c00000, 0x0000000081b00000| Updating 
|  28|0x0000000081c00000, 0x0000000081d00000, 0x0000000081d00000|100%| O|  |TAMS 0x0000000081d00000, 0x0000000081c00000| Updating 
|  29|0x0000000081d00000, 0x0000000081e00000, 0x0000000081e00000|100%| O|  |TAMS 0x0000000081e00000, 0x0000000081d00000| Updating 
|  30|0x0000000081e00000, 0x0000000081f00000, 0x0000000081f00000|100%| O|  |TAMS 0x0000000081f00000, 0x0000000081e00000| Updating 
|  31|0x0000000081f00000, 0x0000000082000000, 0x0000000082000000|100%| O|  |TAMS 0x0000000082000000, 0x0000000081f00000| Updating 
|  32|0x0000000082000000, 0x0000000082100000, 0x0000000082100000|100%| O|  |TAMS 0x0000000082100000, 0x0000000082000000| Updating 
|  33|0x0000000082100000, 0x0000000082200000, 0x0000000082200000|100%| O|  |TAMS 0x0000000082200000, 0x0000000082100000| Updating 
|  34|0x0000000082200000, 0x0000000082300000, 0x0000000082300000|100%| O|  |TAMS 0x0000000082300000, 0x0000000082200000| Updating 
|  35|0x0000000082300000, 0x0000000082400000, 0x0000000082400000|100%| O|  |TAMS 0x0000000082400000, 0x0000000082300000| Updating 
|  36|0x0000000082400000, 0x0000000082500000, 0x0000000082500000|100%| O|  |TAMS 0x0000000082500000, 0x0000000082400000| Updating 
|  37|0x0000000082500000, 0x0000000082600000, 0x0000000082600000|100%| O|  |TAMS 0x0000000082600000, 0x0000000082500000| Updating 
|  38|0x0000000082600000, 0x0000000082700000, 0x0000000082700000|100%| O|  |TAMS 0x0000000082700000, 0x0000000082600000| Updating 
|  39|0x0000000082700000, 0x0000000082800000, 0x0000000082800000|100%| O|  |TAMS 0x0000000082800000, 0x0000000082700000| Updating 
|  40|0x0000000082800000, 0x0000000082900000, 0x0000000082900000|100%| O|  |TAMS 0x0000000082900000, 0x0000000082800000| Updating 
|  41|0x0000000082900000, 0x0000000082a00000, 0x0000000082a00000|100%| O|  |TAMS 0x0000000082a00000, 0x0000000082900000| Updating 
|  42|0x0000000082a00000, 0x0000000082b00000, 0x0000000082b00000|100%| O|  |TAMS 0x0000000082b00000, 0x0000000082a00000| Updating 
|  43|0x0000000082b00000, 0x0000000082c00000, 0x0000000082c00000|100%| O|  |TAMS 0x0000000082c00000, 0x0000000082b00000| Updating 
|  44|0x0000000082c00000, 0x0000000082d00000, 0x0000000082d00000|100%| O|  |TAMS 0x0000000082d00000, 0x0000000082c00000| Updating 
|  45|0x0000000082d00000, 0x0000000082e00000, 0x0000000082e00000|100%| O|  |TAMS 0x0000000082e00000, 0x0000000082d00000| Updating 
|  46|0x0000000082e00000, 0x0000000082f00000, 0x0000000082f00000|100%| O|  |TAMS 0x0000000082f00000, 0x0000000082e00000| Updating 
|  47|0x0000000082f00000, 0x0000000083000000, 0x0000000083000000|100%| O|  |TAMS 0x0000000083000000, 0x0000000082f00000| Updating 
|  48|0x0000000083000000, 0x0000000083100000, 0x0000000083100000|100%| O|  |TAMS 0x0000000083100000, 0x0000000083000000| Updating 
|  49|0x0000000083100000, 0x0000000083200000, 0x0000000083200000|100%| O|  |TAMS 0x0000000083200000, 0x0000000083100000| Updating 
|  50|0x0000000083200000, 0x0000000083300000, 0x0000000083300000|100%| O|  |TAMS 0x0000000083300000, 0x0000000083200000| Updating 
|  51|0x0000000083300000, 0x0000000083400000, 0x0000000083400000|100%| O|  |TAMS 0x0000000083400000, 0x0000000083300000| Updating 
|  52|0x0000000083400000, 0x0000000083500000, 0x0000000083500000|100%| O|  |TAMS 0x0000000083500000, 0x0000000083400000| Updating 
|  53|0x0000000083500000, 0x0000000083600000, 0x0000000083600000|100%| O|  |TAMS 0x0000000083600000, 0x0000000083500000| Updating 
|  54|0x0000000083600000, 0x0000000083700000, 0x0000000083700000|100%| O|  |TAMS 0x0000000083700000, 0x0000000083600000| Updating 
|  55|0x0000000083700000, 0x0000000083800000, 0x0000000083800000|100%| O|  |TAMS 0x0000000083800000, 0x0000000083700000| Updating 
|  56|0x0000000083800000, 0x0000000083900000, 0x0000000083900000|100%| O|  |TAMS 0x0000000083900000, 0x0000000083800000| Updating 
|  57|0x0000000083900000, 0x0000000083a00000, 0x0000000083a00000|100%| O|  |TAMS 0x0000000083a00000, 0x0000000083900000| Updating 
|  58|0x0000000083a00000, 0x0000000083b00000, 0x0000000083b00000|100%| O|  |TAMS 0x0000000083b00000, 0x0000000083a00000| Updating 
|  59|0x0000000083b00000, 0x0000000083c00000, 0x0000000083c00000|100%| O|  |TAMS 0x0000000083c00000, 0x0000000083b00000| Updating 
|  60|0x0000000083c00000, 0x0000000083d00000, 0x0000000083d00000|100%| O|  |TAMS 0x0000000083d00000, 0x0000000083c00000| Updating 
|  61|0x0000000083d00000, 0x0000000083e00000, 0x0000000083e00000|100%| O|  |TAMS 0x0000000083e00000, 0x0000000083d00000| Updating 
|  62|0x0000000083e00000, 0x0000000083f00000, 0x0000000083f00000|100%| O|  |TAMS 0x0000000083f00000, 0x0000000083e00000| Updating 
|  63|0x0000000083f00000, 0x0000000084000000, 0x0000000084000000|100%| O|  |TAMS 0x0000000084000000, 0x0000000083f00000| Updating 
|  64|0x0000000084000000, 0x0000000084100000, 0x0000000084100000|100%| O|  |TAMS 0x0000000084100000, 0x0000000084000000| Updating 
|  65|0x0000000084100000, 0x0000000084200000, 0x0000000084200000|100%| O|  |TAMS 0x0000000084200000, 0x0000000084100000| Updating 
|  66|0x0000000084200000, 0x0000000084300000, 0x0000000084300000|100%| O|  |TAMS 0x0000000084300000, 0x0000000084200000| Updating 
|  67|0x0000000084300000, 0x0000000084400000, 0x0000000084400000|100%| O|  |TAMS 0x0000000084400000, 0x0000000084300000| Updating 
|  68|0x0000000084400000, 0x0000000084500000, 0x0000000084500000|100%| O|  |TAMS 0x0000000084500000, 0x0000000084400000| Updating 
|  69|0x0000000084500000, 0x0000000084600000, 0x0000000084600000|100%| O|  |TAMS 0x0000000084600000, 0x0000000084500000| Updating 
|  70|0x0000000084600000, 0x0000000084700000, 0x0000000084700000|100%| O|  |TAMS 0x0000000084700000, 0x0000000084600000| Updating 
|  71|0x0000000084700000, 0x0000000084800000, 0x0000000084800000|100%| O|  |TAMS 0x0000000084800000, 0x0000000084700000| Updating 
|  72|0x0000000084800000, 0x0000000084900000, 0x0000000084900000|100%| O|  |TAMS 0x0000000084900000, 0x0000000084800000| Updating 
|  73|0x0000000084900000, 0x0000000084a00000, 0x0000000084a00000|100%| O|  |TAMS 0x0000000084a00000, 0x0000000084900000| Updating 
|  74|0x0000000084a00000, 0x0000000084b00000, 0x0000000084b00000|100%| O|  |TAMS 0x0000000084b00000, 0x0000000084a00000| Updating 
|  75|0x0000000084b00000, 0x0000000084c00000, 0x0000000084c00000|100%| O|  |TAMS 0x0000000084c00000, 0x0000000084b00000| Updating 
|  76|0x0000000084c00000, 0x0000000084d00000, 0x0000000084d00000|100%| O|  |TAMS 0x0000000084d00000, 0x0000000084c00000| Updating 
|  77|0x0000000084d00000, 0x0000000084e00000, 0x0000000084e00000|100%| O|  |TAMS 0x0000000084e00000, 0x0000000084d00000| Updating 
|  78|0x0000000084e00000, 0x0000000084f00000, 0x0000000084f00000|100%| O|  |TAMS 0x0000000084f00000, 0x0000000084e00000| Updating 
|  79|0x0000000084f00000, 0x0000000085000000, 0x0000000085000000|100%| O|  |TAMS 0x0000000085000000, 0x0000000084f00000| Updating 
|  80|0x0000000085000000, 0x0000000085100000, 0x0000000085100000|100%| O|  |TAMS 0x0000000085100000, 0x0000000085000000| Updating 
|  81|0x0000000085100000, 0x0000000085200000, 0x0000000085200000|100%| O|  |TAMS 0x0000000085200000, 0x0000000085100000| Updating 
|  82|0x0000000085200000, 0x0000000085300000, 0x0000000085300000|100%| O|  |TAMS 0x0000000085300000, 0x0000000085200000| Updating 
|  83|0x0000000085300000, 0x0000000085400000, 0x0000000085400000|100%| O|  |TAMS 0x0000000085400000, 0x0000000085300000| Updating 
|  84|0x0000000085400000, 0x0000000085500000, 0x0000000085500000|100%| O|  |TAMS 0x0000000085500000, 0x0000000085400000| Updating 
|  85|0x0000000085500000, 0x0000000085600000, 0x0000000085600000|100%| O|  |TAMS 0x0000000085600000, 0x0000000085500000| Updating 
|  86|0x0000000085600000, 0x0000000085700000, 0x0000000085700000|100%| O|  |TAMS 0x0000000085700000, 0x0000000085600000| Updating 
|  87|0x0000000085700000, 0x0000000085800000, 0x0000000085800000|100%| O|  |TAMS 0x0000000085800000, 0x0000000085700000| Updating 
|  88|0x0000000085800000, 0x0000000085900000, 0x0000000085900000|100%| O|  |TAMS 0x0000000085900000, 0x0000000085800000| Updating 
|  89|0x0000000085900000, 0x0000000085900000, 0x0000000085a00000|  0%| F|  |TAMS 0x0000000085900000, 0x0000000085900000| Untracked 
|  90|0x0000000085a00000, 0x0000000085a00000, 0x0000000085b00000|  0%| F|  |TAMS 0x0000000085a00000, 0x0000000085a00000| Untracked 
|  91|0x0000000085b00000, 0x0000000085c00000, 0x0000000085c00000|100%| O|  |TAMS 0x0000000085c00000, 0x0000000085b00000| Updating 
|  92|0x0000000085c00000, 0x0000000085d00000, 0x0000000085d00000|100%| O|  |TAMS 0x0000000085d00000, 0x0000000085c00000| Updating 
|  93|0x0000000085d00000, 0x0000000085d00000, 0x0000000085e00000|  0%| F|  |TAMS 0x0000000085d00000, 0x0000000085d00000| Untracked 
|  94|0x0000000085e00000, 0x0000000085e00000, 0x0000000085f00000|  0%| F|  |TAMS 0x0000000085e00000, 0x0000000085e00000| Untracked 
|  95|0x0000000085f00000, 0x0000000086000000, 0x0000000086000000|100%| O|  |TAMS 0x0000000086000000, 0x0000000085f00000| Updating 
|  96|0x0000000086000000, 0x0000000086100000, 0x0000000086100000|100%| O|  |TAMS 0x0000000086100000, 0x0000000086000000| Updating 
|  97|0x0000000086100000, 0x0000000086200000, 0x0000000086200000|100%| O|  |TAMS 0x0000000086200000, 0x0000000086100000| Updating 
|  98|0x0000000086200000, 0x0000000086300000, 0x0000000086300000|100%| O|  |TAMS 0x0000000086300000, 0x0000000086200000| Updating 
|  99|0x0000000086300000, 0x0000000086400000, 0x0000000086400000|100%| O|  |TAMS 0x0000000086400000, 0x0000000086300000| Updating 
| 100|0x0000000086400000, 0x0000000086500000, 0x0000000086500000|100%| O|  |TAMS 0x0000000086500000, 0x0000000086400000| Updating 
| 101|0x0000000086500000, 0x0000000086600000, 0x0000000086600000|100%| O|  |TAMS 0x0000000086600000, 0x0000000086500000| Updating 
| 102|0x0000000086600000, 0x0000000086700000, 0x0000000086700000|100%| O|  |TAMS 0x0000000086700000, 0x0000000086600000| Updating 
| 103|0x0000000086700000, 0x0000000086800000, 0x0000000086800000|100%| O|  |TAMS 0x0000000086800000, 0x0000000086700000| Updating 
| 104|0x0000000086800000, 0x0000000086900000, 0x0000000086900000|100%| O|  |TAMS 0x0000000086900000, 0x0000000086800000| Updating 
| 105|0x0000000086900000, 0x0000000086a00000, 0x0000000086a00000|100%| O|  |TAMS 0x0000000086a00000, 0x0000000086900000| Updating 
| 106|0x0000000086a00000, 0x0000000086b00000, 0x0000000086b00000|100%| O|  |TAMS 0x0000000086b00000, 0x0000000086a00000| Updating 
| 107|0x0000000086b00000, 0x0000000086b00000, 0x0000000086c00000|  0%| F|  |TAMS 0x0000000086b00000, 0x0000000086b00000| Untracked 
| 108|0x0000000086c00000, 0x0000000086c00000, 0x0000000086d00000|  0%| F|  |TAMS 0x0000000086c00000, 0x0000000086c00000| Untracked 
| 109|0x0000000086d00000, 0x0000000086e00000, 0x0000000086e00000|100%| O|  |TAMS 0x0000000086e00000, 0x0000000086d00000| Updating 
| 110|0x0000000086e00000, 0x0000000086f00000, 0x0000000086f00000|100%| O|  |TAMS 0x0000000086f00000, 0x0000000086e00000| Updating 
| 111|0x0000000086f00000, 0x0000000087000000, 0x0000000087000000|100%| O|  |TAMS 0x0000000087000000, 0x0000000086f00000| Updating 
| 112|0x0000000087000000, 0x0000000087100000, 0x0000000087100000|100%| O|  |TAMS 0x0000000087100000, 0x0000000087000000| Updating 
| 113|0x0000000087100000, 0x0000000087200000, 0x0000000087200000|100%| O|  |TAMS 0x0000000087200000, 0x0000000087100000| Updating 
| 114|0x0000000087200000, 0x0000000087241c00, 0x0000000087300000| 25%| O|  |TAMS 0x0000000087241c00, 0x0000000087200000| Updating 
| 115|0x0000000087300000, 0x0000000087400000, 0x0000000087400000|100%|HS|  |TAMS 0x0000000087300000, 0x0000000087300000| Complete 
| 116|0x0000000087400000, 0x0000000087500000, 0x0000000087500000|100%|HC|  |TAMS 0x0000000087400000, 0x0000000087400000| Complete 
| 117|0x0000000087500000, 0x0000000087500000, 0x0000000087600000|  0%| F|  |TAMS 0x0000000087500000, 0x0000000087500000| Untracked 
| 118|0x0000000087600000, 0x0000000087600000, 0x0000000087700000|  0%| F|  |TAMS 0x0000000087600000, 0x0000000087600000| Untracked 
| 119|0x0000000087700000, 0x0000000087700000, 0x0000000087800000|  0%| F|  |TAMS 0x0000000087700000, 0x0000000087700000| Untracked 
| 120|0x0000000087800000, 0x0000000087800000, 0x0000000087900000|  0%| F|  |TAMS 0x0000000087800000, 0x0000000087800000| Untracked 
| 121|0x0000000087900000, 0x0000000087900000, 0x0000000087a00000|  0%| F|  |TAMS 0x0000000087900000, 0x0000000087900000| Untracked 
| 122|0x0000000087a00000, 0x0000000087a00000, 0x0000000087b00000|  0%| F|  |TAMS 0x0000000087a00000, 0x0000000087a00000| Untracked 
| 123|0x0000000087b00000, 0x0000000087b00000, 0x0000000087c00000|  0%| F|  |TAMS 0x0000000087b00000, 0x0000000087b00000| Untracked 
| 124|0x0000000087c00000, 0x0000000087c00000, 0x0000000087d00000|  0%| F|  |TAMS 0x0000000087c00000, 0x0000000087c00000| Untracked 
| 125|0x0000000087d00000, 0x0000000087d00000, 0x0000000087e00000|  0%| F|  |TAMS 0x0000000087d00000, 0x0000000087d00000| Untracked 
| 126|0x0000000087e00000, 0x0000000087e00000, 0x0000000087f00000|  0%| F|  |TAMS 0x0000000087e00000, 0x0000000087e00000| Untracked 
| 127|0x0000000087f00000, 0x0000000087f00000, 0x0000000088000000|  0%| F|  |TAMS 0x0000000087f00000, 0x0000000087f00000| Untracked 
| 128|0x0000000088000000, 0x0000000088000000, 0x0000000088100000|  0%| F|  |TAMS 0x0000000088000000, 0x0000000088000000| Untracked 
| 129|0x0000000088100000, 0x0000000088100000, 0x0000000088200000|  0%| F|  |TAMS 0x0000000088100000, 0x0000000088100000| Untracked 
| 130|0x0000000088200000, 0x0000000088200000, 0x0000000088300000|  0%| F|  |TAMS 0x0000000088200000, 0x0000000088200000| Untracked 
| 131|0x0000000088300000, 0x0000000088300000, 0x0000000088400000|  0%| F|  |TAMS 0x0000000088300000, 0x0000000088300000| Untracked 
| 132|0x0000000088400000, 0x0000000088400000, 0x0000000088500000|  0%| F|  |TAMS 0x0000000088400000, 0x0000000088400000| Untracked 
| 133|0x0000000088500000, 0x0000000088500000, 0x0000000088600000|  0%| F|  |TAMS 0x0000000088500000, 0x0000000088500000| Untracked 
| 134|0x0000000088600000, 0x0000000088600000, 0x0000000088700000|  0%| F|  |TAMS 0x0000000088600000, 0x0000000088600000| Untracked 
| 135|0x0000000088700000, 0x0000000088700000, 0x0000000088800000|  0%| F|  |TAMS 0x0000000088700000, 0x0000000088700000| Untracked 
| 136|0x0000000088800000, 0x0000000088800000, 0x0000000088900000|  0%| F|  |TAMS 0x0000000088800000, 0x0000000088800000| Untracked 
| 137|0x0000000088900000, 0x0000000088900000, 0x0000000088a00000|  0%| F|  |TAMS 0x0000000088900000, 0x0000000088900000| Untracked 
| 138|0x0000000088a00000, 0x0000000088a00000, 0x0000000088b00000|  0%| F|  |TAMS 0x0000000088a00000, 0x0000000088a00000| Untracked 
| 139|0x0000000088b00000, 0x0000000088b00000, 0x0000000088c00000|  0%| F|  |TAMS 0x0000000088b00000, 0x0000000088b00000| Untracked 
| 140|0x0000000088c00000, 0x0000000088c00000, 0x0000000088d00000|  0%| F|  |TAMS 0x0000000088c00000, 0x0000000088c00000| Untracked 
| 141|0x0000000088d00000, 0x0000000088d00000, 0x0000000088e00000|  0%| F|  |TAMS 0x0000000088d00000, 0x0000000088d00000| Untracked 
| 142|0x0000000088e00000, 0x0000000088e00000, 0x0000000088f00000|  0%| F|  |TAMS 0x0000000088e00000, 0x0000000088e00000| Untracked 
| 143|0x0000000088f00000, 0x0000000088f00000, 0x0000000089000000|  0%| F|  |TAMS 0x0000000088f00000, 0x0000000088f00000| Untracked 
| 144|0x0000000089000000, 0x0000000089000000, 0x0000000089100000|  0%| F|  |TAMS 0x0000000089000000, 0x0000000089000000| Untracked 
| 145|0x0000000089100000, 0x0000000089100000, 0x0000000089200000|  0%| F|  |TAMS 0x0000000089100000, 0x0000000089100000| Untracked 
| 146|0x0000000089200000, 0x0000000089200000, 0x0000000089300000|  0%| F|  |TAMS 0x0000000089200000, 0x0000000089200000| Untracked 
| 147|0x0000000089300000, 0x0000000089300000, 0x0000000089400000|  0%| F|  |TAMS 0x0000000089300000, 0x0000000089300000| Untracked 
| 148|0x0000000089400000, 0x0000000089400000, 0x0000000089500000|  0%| F|  |TAMS 0x0000000089400000, 0x0000000089400000| Untracked 
| 149|0x0000000089500000, 0x0000000089500000, 0x0000000089600000|  0%| F|  |TAMS 0x0000000089500000, 0x0000000089500000| Untracked 
| 150|0x0000000089600000, 0x0000000089600000, 0x0000000089700000|  0%| F|  |TAMS 0x0000000089600000, 0x0000000089600000| Untracked 
| 151|0x0000000089700000, 0x0000000089700000, 0x0000000089800000|  0%| F|  |TAMS 0x0000000089700000, 0x0000000089700000| Untracked 
| 152|0x0000000089800000, 0x0000000089800000, 0x0000000089900000|  0%| F|  |TAMS 0x0000000089800000, 0x0000000089800000| Untracked 
| 153|0x0000000089900000, 0x0000000089900000, 0x0000000089a00000|  0%| F|  |TAMS 0x0000000089900000, 0x0000000089900000| Untracked 
| 154|0x0000000089a00000, 0x0000000089a00000, 0x0000000089b00000|  0%| F|  |TAMS 0x0000000089a00000, 0x0000000089a00000| Untracked 
| 155|0x0000000089b00000, 0x0000000089b00000, 0x0000000089c00000|  0%| F|  |TAMS 0x0000000089b00000, 0x0000000089b00000| Untracked 
| 156|0x0000000089c00000, 0x0000000089c00000, 0x0000000089d00000|  0%| F|  |TAMS 0x0000000089c00000, 0x0000000089c00000| Untracked 
| 157|0x0000000089d00000, 0x0000000089d00000, 0x0000000089e00000|  0%| F|  |TAMS 0x0000000089d00000, 0x0000000089d00000| Untracked 
| 158|0x0000000089e00000, 0x0000000089e00000, 0x0000000089f00000|  0%| F|  |TAMS 0x0000000089e00000, 0x0000000089e00000| Untracked 
| 159|0x0000000089f00000, 0x0000000089f00000, 0x000000008a000000|  0%| F|  |TAMS 0x0000000089f00000, 0x0000000089f00000| Untracked 
| 160|0x000000008a000000, 0x000000008a000000, 0x000000008a100000|  0%| F|  |TAMS 0x000000008a000000, 0x000000008a000000| Untracked 
| 161|0x000000008a100000, 0x000000008a100000, 0x000000008a200000|  0%| F|  |TAMS 0x000000008a100000, 0x000000008a100000| Untracked 
| 162|0x000000008a200000, 0x000000008a200000, 0x000000008a300000|  0%| F|  |TAMS 0x000000008a200000, 0x000000008a200000| Untracked 
| 163|0x000000008a300000, 0x000000008a300000, 0x000000008a400000|  0%| F|  |TAMS 0x000000008a300000, 0x000000008a300000| Untracked 
| 164|0x000000008a400000, 0x000000008a400000, 0x000000008a500000|  0%| F|  |TAMS 0x000000008a400000, 0x000000008a400000| Untracked 
| 165|0x000000008a500000, 0x000000008a500000, 0x000000008a600000|  0%| F|  |TAMS 0x000000008a500000, 0x000000008a500000| Untracked 
| 166|0x000000008a600000, 0x000000008a600000, 0x000000008a700000|  0%| F|  |TAMS 0x000000008a600000, 0x000000008a600000| Untracked 
| 167|0x000000008a700000, 0x000000008a700000, 0x000000008a800000|  0%| F|  |TAMS 0x000000008a700000, 0x000000008a700000| Untracked 
| 168|0x000000008a800000, 0x000000008a800000, 0x000000008a900000|  0%| F|  |TAMS 0x000000008a800000, 0x000000008a800000| Untracked 
| 169|0x000000008a900000, 0x000000008a900000, 0x000000008aa00000|  0%| F|  |TAMS 0x000000008a900000, 0x000000008a900000| Untracked 
| 170|0x000000008aa00000, 0x000000008aa00000, 0x000000008ab00000|  0%| F|  |TAMS 0x000000008aa00000, 0x000000008aa00000| Untracked 
| 171|0x000000008ab00000, 0x000000008ab00000, 0x000000008ac00000|  0%| F|  |TAMS 0x000000008ab00000, 0x000000008ab00000| Untracked 
| 172|0x000000008ac00000, 0x000000008ac00000, 0x000000008ad00000|  0%| F|  |TAMS 0x000000008ac00000, 0x000000008ac00000| Untracked 
| 173|0x000000008ad00000, 0x000000008ad00000, 0x000000008ae00000|  0%| F|  |TAMS 0x000000008ad00000, 0x000000008ad00000| Untracked 
| 174|0x000000008ae00000, 0x000000008ae00000, 0x000000008af00000|  0%| F|  |TAMS 0x000000008ae00000, 0x000000008ae00000| Untracked 
| 175|0x000000008af00000, 0x000000008af00000, 0x000000008b000000|  0%| F|  |TAMS 0x000000008af00000, 0x000000008af00000| Untracked 
| 176|0x000000008b000000, 0x000000008b000000, 0x000000008b100000|  0%| F|  |TAMS 0x000000008b000000, 0x000000008b000000| Untracked 
| 177|0x000000008b100000, 0x000000008b100000, 0x000000008b200000|  0%| F|  |TAMS 0x000000008b100000, 0x000000008b100000| Untracked 
| 178|0x000000008b200000, 0x000000008b200000, 0x000000008b300000|  0%| F|  |TAMS 0x000000008b200000, 0x000000008b200000| Untracked 
| 179|0x000000008b300000, 0x000000008b300000, 0x000000008b400000|  0%| F|  |TAMS 0x000000008b300000, 0x000000008b300000| Untracked 
| 180|0x000000008b400000, 0x000000008b400000, 0x000000008b500000|  0%| F|  |TAMS 0x000000008b400000, 0x000000008b400000| Untracked 
| 181|0x000000008b500000, 0x000000008b500000, 0x000000008b600000|  0%| F|  |TAMS 0x000000008b500000, 0x000000008b500000| Untracked 
| 182|0x000000008b600000, 0x000000008b600000, 0x000000008b700000|  0%| F|  |TAMS 0x000000008b600000, 0x000000008b600000| Untracked 
| 183|0x000000008b700000, 0x000000008b700000, 0x000000008b800000|  0%| F|  |TAMS 0x000000008b700000, 0x000000008b700000| Untracked 
| 184|0x000000008b800000, 0x000000008b800000, 0x000000008b900000|  0%| F|  |TAMS 0x000000008b800000, 0x000000008b800000| Untracked 
| 185|0x000000008b900000, 0x000000008b900000, 0x000000008ba00000|  0%| F|  |TAMS 0x000000008b900000, 0x000000008b900000| Untracked 
| 186|0x000000008ba00000, 0x000000008ba00000, 0x000000008bb00000|  0%| F|  |TAMS 0x000000008ba00000, 0x000000008ba00000| Untracked 
| 187|0x000000008bb00000, 0x000000008bb00000, 0x000000008bc00000|  0%| F|  |TAMS 0x000000008bb00000, 0x000000008bb00000| Untracked 
| 188|0x000000008bc00000, 0x000000008bc00000, 0x000000008bd00000|  0%| F|  |TAMS 0x000000008bc00000, 0x000000008bc00000| Untracked 
| 189|0x000000008bd00000, 0x000000008bd00000, 0x000000008be00000|  0%| F|  |TAMS 0x000000008bd00000, 0x000000008bd00000| Untracked 
| 190|0x000000008be00000, 0x000000008be00000, 0x000000008bf00000|  0%| F|  |TAMS 0x000000008be00000, 0x000000008be00000| Untracked 
| 191|0x000000008bf00000, 0x000000008bf00000, 0x000000008c000000|  0%| F|  |TAMS 0x000000008bf00000, 0x000000008bf00000| Untracked 
| 192|0x000000008c000000, 0x000000008c000000, 0x000000008c100000|  0%| F|  |TAMS 0x000000008c000000, 0x000000008c000000| Untracked 
| 193|0x000000008c100000, 0x000000008c100000, 0x000000008c200000|  0%| F|  |TAMS 0x000000008c100000, 0x000000008c100000| Untracked 
| 194|0x000000008c200000, 0x000000008c200000, 0x000000008c300000|  0%| F|  |TAMS 0x000000008c200000, 0x000000008c200000| Untracked 
| 195|0x000000008c300000, 0x000000008c300000, 0x000000008c400000|  0%| F|  |TAMS 0x000000008c300000, 0x000000008c300000| Untracked 
| 196|0x000000008c400000, 0x000000008c400000, 0x000000008c500000|  0%| F|  |TAMS 0x000000008c400000, 0x000000008c400000| Untracked 
| 197|0x000000008c500000, 0x000000008c500000, 0x000000008c600000|  0%| F|  |TAMS 0x000000008c500000, 0x000000008c500000| Untracked 
| 198|0x000000008c600000, 0x000000008c68c310, 0x000000008c700000| 54%| S|CS|TAMS 0x000000008c600000, 0x000000008c600000| Complete 
| 199|0x000000008c700000, 0x000000008c800000, 0x000000008c800000|100%| S|CS|TAMS 0x000000008c700000, 0x000000008c700000| Complete 
| 200|0x000000008c800000, 0x000000008c900000, 0x000000008c900000|100%| S|CS|TAMS 0x000000008c800000, 0x000000008c800000| Complete 
| 201|0x000000008c900000, 0x000000008c900000, 0x000000008ca00000|  0%| F|  |TAMS 0x000000008c900000, 0x000000008c900000| Untracked 
| 202|0x000000008ca00000, 0x000000008ca00000, 0x000000008cb00000|  0%| F|  |TAMS 0x000000008ca00000, 0x000000008ca00000| Untracked 
| 203|0x000000008cb00000, 0x000000008cb00000, 0x000000008cc00000|  0%| F|  |TAMS 0x000000008cb00000, 0x000000008cb00000| Untracked 
| 204|0x000000008cc00000, 0x000000008cc00000, 0x000000008cd00000|  0%| F|  |TAMS 0x000000008cc00000, 0x000000008cc00000| Untracked 
| 205|0x000000008cd00000, 0x000000008cd00000, 0x000000008ce00000|  0%| F|  |TAMS 0x000000008cd00000, 0x000000008cd00000| Untracked 
| 206|0x000000008ce00000, 0x000000008ce00000, 0x000000008cf00000|  0%| F|  |TAMS 0x000000008ce00000, 0x000000008ce00000| Untracked 
| 207|0x000000008cf00000, 0x000000008cf00000, 0x000000008d000000|  0%| F|  |TAMS 0x000000008cf00000, 0x000000008cf00000| Untracked 
| 208|0x000000008d000000, 0x000000008d000000, 0x000000008d100000|  0%| F|  |TAMS 0x000000008d000000, 0x000000008d000000| Untracked 
| 209|0x000000008d100000, 0x000000008d100000, 0x000000008d200000|  0%| F|  |TAMS 0x000000008d100000, 0x000000008d100000| Untracked 
| 210|0x000000008d200000, 0x000000008d200000, 0x000000008d300000|  0%| F|  |TAMS 0x000000008d200000, 0x000000008d200000| Untracked 
| 211|0x000000008d300000, 0x000000008d300000, 0x000000008d400000|  0%| F|  |TAMS 0x000000008d300000, 0x000000008d300000| Untracked 
| 212|0x000000008d400000, 0x000000008d400000, 0x000000008d500000|  0%| F|  |TAMS 0x000000008d400000, 0x000000008d400000| Untracked 
| 213|0x000000008d500000, 0x000000008d500000, 0x000000008d600000|  0%| F|  |TAMS 0x000000008d500000, 0x000000008d500000| Untracked 
| 214|0x000000008d600000, 0x000000008d600000, 0x000000008d700000|  0%| F|  |TAMS 0x000000008d600000, 0x000000008d600000| Untracked 
| 215|0x000000008d700000, 0x000000008d7f2098, 0x000000008d800000| 94%| E|  |TAMS 0x000000008d700000, 0x000000008d700000| Complete 
| 216|0x000000008d800000, 0x000000008d900000, 0x000000008d900000|100%| E|CS|TAMS 0x000000008d800000, 0x000000008d800000| Complete 
| 217|0x000000008d900000, 0x000000008da00000, 0x000000008da00000|100%| E|CS|TAMS 0x000000008d900000, 0x000000008d900000| Complete 
| 218|0x000000008da00000, 0x000000008db00000, 0x000000008db00000|100%| E|CS|TAMS 0x000000008da00000, 0x000000008da00000| Complete 
| 219|0x000000008db00000, 0x000000008dc00000, 0x000000008dc00000|100%| E|CS|TAMS 0x000000008db00000, 0x000000008db00000| Complete 
| 220|0x000000008dc00000, 0x000000008dd00000, 0x000000008dd00000|100%| E|CS|TAMS 0x000000008dc00000, 0x000000008dc00000| Complete 
| 221|0x000000008dd00000, 0x000000008de00000, 0x000000008de00000|100%| E|CS|TAMS 0x000000008dd00000, 0x000000008dd00000| Complete 
| 222|0x000000008de00000, 0x000000008df00000, 0x000000008df00000|100%| E|CS|TAMS 0x000000008de00000, 0x000000008de00000| Complete 
| 223|0x000000008df00000, 0x000000008e000000, 0x000000008e000000|100%| E|CS|TAMS 0x000000008df00000, 0x000000008df00000| Complete 

Card table byte_map: [0x0000020f5a180000,0x0000020f5a580000] _byte_map_base: 0x0000020f59d80000

Marking Bits (Prev, Next): (CMBitMap*) 0x0000020f46f9dab0, (CMBitMap*) 0x0000020f46f9da78
 Prev Bits: [0x0000020f5c980000, 0x0000020f5e980000)
 Next Bits: [0x0000020f5a980000, 0x0000020f5c980000)

Polling page: 0x0000020f46740000

Metaspace:

Usage:
  Non-class:     87.00 MB capacity,    85.42 MB ( 98%) used,     1.30 MB (  1%) free+waste,   289.75 KB ( <1%) overhead. 
      Class:     13.26 MB capacity,    12.39 MB ( 93%) used,   754.91 KB (  6%) free+waste,   128.75 KB ( <1%) overhead. 
       Both:    100.26 MB capacity,    97.82 MB ( 98%) used,     2.04 MB (  2%) free+waste,   418.50 KB ( <1%) overhead. 

Virtual space:
  Non-class space:       88.00 MB reserved,      87.25 MB (>99%) committed 
      Class space:        1.00 GB reserved,      13.32 MB (  1%) committed 
             Both:        1.09 GB reserved,     100.57 MB (  9%) committed 

Chunk freelists:
   Non-Class:  60.00 KB
       Class:  0 bytes
        Both:  60.00 KB

MaxMetaspaceSize: 17179869184.00 GB
CompressedClassSpaceSize: 1.00 GB

CodeHeap 'non-profiled nmethods': size=120000Kb used=9132Kb max_used=9132Kb free=110867Kb
 bounds [0x0000020f52520000, 0x0000020f52e10000, 0x0000020f59a50000]
CodeHeap 'profiled nmethods': size=120000Kb used=30233Kb max_used=30233Kb free=89767Kb
 bounds [0x0000020f4aff0000, 0x0000020f4cd80000, 0x0000020f52520000]
CodeHeap 'non-nmethods': size=5760Kb used=2317Kb max_used=2381Kb free=3442Kb
 bounds [0x0000020f4aa50000, 0x0000020f4acc0000, 0x0000020f4aff0000]
 total_blobs=14812 nmethods=13876 adapters=844
 compilation: enabled
              stopped_count=0, restarted_count=0
 full_count=0

Compilation events (20 events):
Event: 298.428 Thread 0x0000020f61c8e800 nmethod 13991 0x0000020f525a2410 code [0x0000020f525a25c0, 0x0000020f525a2678]
Event: 298.428 Thread 0x0000020f61c8e800 13992       1       jdk.nio.zipfs.ZipFileSystem$Entry::fileKey (2 bytes)
Event: 298.428 Thread 0x0000020f61c8e800 nmethod 13992 0x0000020f525a2110 code [0x0000020f525a22c0, 0x0000020f525a2378]
Event: 298.429 Thread 0x0000020f61c8e800 13993       3       javax.lang.model.SourceVersion::isIdentifier (71 bytes)
Event: 298.430 Thread 0x0000020f61c8e800 nmethod 13993 0x0000020f4cd5af10 code [0x0000020f4cd5b1a0, 0x0000020f4cd5bb68]
Event: 298.430 Thread 0x0000020f61c8e800 13995       3       java.lang.CharacterDataLatin1::isJavaIdentifierStart (23 bytes)
Event: 298.430 Thread 0x0000020f61c8e800 nmethod 13995 0x0000020f4cd5bf10 code [0x0000020f4cd5c0c0, 0x0000020f4cd5c2b8]
Event: 298.430 Thread 0x0000020f61c8e800 13994       3       jdk.nio.zipfs.ZipPath::toString (12 bytes)
Event: 298.430 Thread 0x0000020f61c8e800 nmethod 13994 0x0000020f4cd5c410 code [0x0000020f4cd5c5e0, 0x0000020f4cd5c808]
Event: 298.433 Thread 0x0000020f61c88800 nmethod 13983 0x0000020f52e03290 code [0x0000020f52e03460, 0x0000020f52e03eb8]
Event: 298.433 Thread 0x0000020f61c88800 13989       4       java.time.LocalDate::compareTo0 (40 bytes)
Event: 298.433 Thread 0x0000020f61c88800 nmethod 13989 0x0000020f525a1e10 code [0x0000020f525a1fa0, 0x0000020f525a2038]
Event: 298.433 Thread 0x0000020f61c88800 13987       4       java.time.LocalDateTime::compareTo (9 bytes)
Event: 298.435 Thread 0x0000020f61c88800 nmethod 13987 0x0000020f52e04210 code [0x0000020f52e043a0, 0x0000020f52e04478]
Event: 298.435 Thread 0x0000020f61c88800 13985       4       jdk.nio.zipfs.ZipPath::resolve (110 bytes)
Event: 298.436 Thread 0x0000020f61c8e800 14000       3       java.util.concurrent.locks.ReentrantReadWriteLock$Sync::tryRelease (51 bytes)
Event: 298.437 Thread 0x0000020f61c8e800 nmethod 14000 0x0000020f4cd5c910 code [0x0000020f4cd5cb00, 0x0000020f4cd5cf48]
Event: 298.437 Thread 0x0000020f61c8e800 14001       3       java.util.concurrent.locks.ReentrantReadWriteLock$Sync::isHeldExclusively (16 bytes)
Event: 298.437 Thread 0x0000020f61c8e800 nmethod 14001 0x0000020f4cd5d090 code [0x0000020f4cd5d240, 0x0000020f4cd5d3d8]
Event: 298.437 Thread 0x0000020f61c8e800 14002       3       java.util.concurrent.locks.ReentrantReadWriteLock$Sync::tryAcquire (92 bytes)

GC Heap History (20 events):
Event: 8.151 GC heap before
{Heap before GC invocations=10 (full 0):
 garbage-first heap   total 229376K, used 143241K [0x0000000080000000, 0x0000000100000000)
  region size 1024K, 99 young (101376K), 4 survivors (4096K)
 Metaspace       used 64950K, capacity 66584K, committed 66764K, reserved 1107968K
  class space    used 8287K, capacity 8880K, committed 8908K, reserved 1048576K
}
Event: 8.158 GC heap after
{Heap after GC invocations=11 (full 0):
 garbage-first heap   total 229376K, used 52493K [0x0000000080000000, 0x0000000100000000)
  region size 1024K, 10 young (10240K), 10 survivors (10240K)
 Metaspace       used 64950K, capacity 66584K, committed 66764K, reserved 1107968K
  class space    used 8287K, capacity 8880K, committed 8908K, reserved 1048576K
}
Event: 9.307 GC heap before
{Heap before GC invocations=11 (full 0):
 garbage-first heap   total 229376K, used 151821K [0x0000000080000000, 0x0000000100000000)
  region size 1024K, 107 young (109568K), 10 survivors (10240K)
 Metaspace       used 72795K, capacity 74556K, committed 74700K, reserved 1114112K
  class space    used 9538K, capacity 10173K, committed 10188K, reserved 1048576K
}
Event: 9.316 GC heap after
{Heap after GC invocations=12 (full 0):
 garbage-first heap   total 229376K, used 58575K [0x0000000080000000, 0x0000000100000000)
  region size 1024K, 7 young (7168K), 7 survivors (7168K)
 Metaspace       used 72795K, capacity 74556K, committed 74700K, reserved 1114112K
  class space    used 9538K, capacity 10173K, committed 10188K, reserved 1048576K
}
Event: 10.674 GC heap before
{Heap before GC invocations=12 (full 0):
 garbage-first heap   total 229376K, used 157903K [0x0000000080000000, 0x0000000100000000)
  region size 1024K, 105 young (107520K), 7 survivors (7168K)
 Metaspace       used 79122K, capacity 81301K, committed 81356K, reserved 1120256K
  class space    used 10411K, capacity 11194K, committed 11212K, reserved 1048576K
}
Event: 10.685 GC heap after
{Heap after GC invocations=13 (full 0):
 garbage-first heap   total 229376K, used 65536K [0x0000000080000000, 0x0000000100000000)
  region size 1024K, 13 young (13312K), 13 survivors (13312K)
 Metaspace       used 79122K, capacity 81301K, committed 81356K, reserved 1120256K
  class space    used 10411K, capacity 11194K, committed 11212K, reserved 1048576K
}
Event: 11.748 GC heap before
{Heap before GC invocations=13 (full 0):
 garbage-first heap   total 229376K, used 164864K [0x0000000080000000, 0x0000000100000000)
  region size 1024K, 111 young (113664K), 13 survivors (13312K)
 Metaspace       used 80405K, capacity 82621K, committed 82764K, reserved 1120256K
  class space    used 10495K, capacity 11335K, committed 11340K, reserved 1048576K
}
Event: 11.763 GC heap after
{Heap after GC invocations=14 (full 0):
 garbage-first heap   total 229376K, used 71999K [0x0000000080000000, 0x0000000100000000)
  region size 1024K, 14 young (14336K), 14 survivors (14336K)
 Metaspace       used 80405K, capacity 82621K, committed 82764K, reserved 1120256K
  class space    used 10495K, capacity 11335K, committed 11340K, reserved 1048576K
}
Event: 13.385 GC heap before
{Heap before GC invocations=14 (full 0):
 garbage-first heap   total 229376K, used 170303K [0x0000000080000000, 0x0000000100000000)
  region size 1024K, 111 young (113664K), 14 survivors (14336K)
 Metaspace       used 82547K, capacity 84880K, committed 85196K, reserved 1122304K
  class space    used 10734K, capacity 11590K, committed 11724K, reserved 1048576K
}
Event: 13.399 GC heap after
{Heap after GC invocations=15 (full 0):
 garbage-first heap   total 229376K, used 76607K [0x0000000080000000, 0x0000000100000000)
  region size 1024K, 11 young (11264K), 11 survivors (11264K)
 Metaspace       used 82547K, capacity 84880K, committed 85196K, reserved 1122304K
  class space    used 10734K, capacity 11590K, committed 11724K, reserved 1048576K
}
Event: 14.441 GC heap before
{Heap before GC invocations=15 (full 0):
 garbage-first heap   total 229376K, used 175935K [0x0000000080000000, 0x0000000100000000)
  region size 1024K, 73 young (74752K), 11 survivors (11264K)
 Metaspace       used 86994K, capacity 89360K, committed 89548K, reserved 1126400K
  class space    used 11283K, capacity 12150K, committed 12236K, reserved 1048576K
}
Event: 14.452 GC heap after
{Heap after GC invocations=16 (full 0):
 garbage-first heap   total 229376K, used 86434K [0x0000000080000000, 0x0000000100000000)
  region size 1024K, 9 young (9216K), 9 survivors (9216K)
 Metaspace       used 86994K, capacity 89360K, committed 89548K, reserved 1126400K
  class space    used 11283K, capacity 12150K, committed 12236K, reserved 1048576K
}
Event: 295.004 GC heap before
{Heap before GC invocations=17 (full 0):
 garbage-first heap   total 229376K, used 198050K [0x0000000080000000, 0x0000000100000000)
  region size 1024K, 98 young (100352K), 9 survivors (9216K)
 Metaspace       used 89379K, capacity 91698K, committed 91980K, reserved 1128448K
  class space    used 11449K, capacity 12293K, committed 12364K, reserved 1048576K
}
Event: 295.020 GC heap after
{Heap after GC invocations=18 (full 0):
 garbage-first heap   total 229376K, used 97280K [0x0000000080000000, 0x0000000100000000)
  region size 1024K, 13 young (13312K), 13 survivors (13312K)
 Metaspace       used 89379K, capacity 91698K, committed 91980K, reserved 1128448K
  class space    used 11449K, capacity 12293K, committed 12364K, reserved 1048576K
}
Event: 297.243 GC heap before
{Heap before GC invocations=18 (full 0):
 garbage-first heap   total 229376K, used 189440K [0x0000000080000000, 0x0000000100000000)
  region size 1024K, 89 young (91136K), 13 survivors (13312K)
 Metaspace       used 92705K, capacity 95043K, committed 95180K, reserved 1132544K
  class space    used 11769K, capacity 12651K, committed 12748K, reserved 1048576K
}
Event: 297.264 GC heap after
{Heap after GC invocations=19 (full 0):
 garbage-first heap   total 229376K, used 110582K [0x0000000080000000, 0x0000000100000000)
  region size 1024K, 12 young (12288K), 12 survivors (12288K)
 Metaspace       used 92705K, capacity 95043K, committed 95180K, reserved 1132544K
  class space    used 11769K, capacity 12651K, committed 12748K, reserved 1048576K
}
Event: 297.940 GC heap before
{Heap before GC invocations=19 (full 0):
 garbage-first heap   total 229376K, used 178166K [0x0000000080000000, 0x0000000100000000)
  region size 1024K, 79 young (80896K), 12 survivors (12288K)
 Metaspace       used 95377K, capacity 97786K, committed 97996K, reserved 1134592K
  class space    used 12096K, capacity 12970K, committed 13004K, reserved 1048576K
}
Event: 297.952 GC heap after
{Heap after GC invocations=20 (full 0):
 garbage-first heap   total 229376K, used 117650K [0x0000000080000000, 0x0000000100000000)
  region size 1024K, 9 young (9216K), 9 survivors (9216K)
 Metaspace       used 95377K, capacity 97786K, committed 97996K, reserved 1134592K
  class space    used 12096K, capacity 12970K, committed 13004K, reserved 1048576K
}
Event: 298.360 GC heap before
{Heap before GC invocations=20 (full 0):
 garbage-first heap   total 229376K, used 139154K [0x0000000080000000, 0x0000000100000000)
  region size 1024K, 32 young (32768K), 9 survivors (9216K)
 Metaspace       used 100082K, capacity 102532K, committed 102732K, reserved 1138688K
  class space    used 12686K, capacity 13572K, committed 13644K, reserved 1048576K
}
Event: 298.379 GC heap after
{Heap after GC invocations=21 (full 0):
 garbage-first heap   total 229376K, used 119607K [0x0000000080000000, 0x0000000100000000)
  region size 1024K, 3 young (3072K), 3 survivors (3072K)
 Metaspace       used 100082K, capacity 102532K, committed 102732K, reserved 1138688K
  class space    used 12686K, capacity 13572K, committed 13644K, reserved 1048576K
}

Deoptimization events (20 events):
Event: 298.402 Thread 0x0000020f64929800 Uncommon trap: trap_request=0xffffff4d fr.pc=0x0000020f5288d274 relative=0x00000000000033f4
Event: 298.402 Thread 0x0000020f64929800 Uncommon trap: reason=unstable_if action=reinterpret pc=0x0000020f5288d274 method=java.util.jar.Manifest$FastInputStream.readLine([BII)I @ 106 c2
Event: 298.402 Thread 0x0000020f64929800 DEOPT PACKING pc=0x0000020f5288d274 sp=0x000000a84c7f8a90
Event: 298.402 Thread 0x0000020f64929800 DEOPT UNPACKING pc=0x0000020f4aa778af sp=0x000000a84c7f89a8 mode 2
Event: 298.402 Thread 0x0000020f64929800 Uncommon trap: trap_request=0xffffff4d fr.pc=0x0000020f5280c1f0 relative=0x0000000000003450
Event: 298.402 Thread 0x0000020f64929800 Uncommon trap: reason=unstable_if action=reinterpret pc=0x0000020f5280c1f0 method=java.util.jar.Manifest$FastInputStream.readLine([BII)I @ 106 c2
Event: 298.402 Thread 0x0000020f64929800 DEOPT PACKING pc=0x0000020f5280c1f0 sp=0x000000a84c7f8ad0
Event: 298.402 Thread 0x0000020f64929800 DEOPT UNPACKING pc=0x0000020f4aa778af sp=0x000000a84c7f89a8 mode 2
Event: 298.402 Thread 0x0000020f64929800 Uncommon trap: trap_request=0xffffff4d fr.pc=0x0000020f5285cd30 relative=0x00000000000004d0
Event: 298.402 Thread 0x0000020f64929800 Uncommon trap: reason=unstable_if action=reinterpret pc=0x0000020f5285cd30 method=java.util.jar.Manifest$FastInputStream.readLine([BII)I @ 106 c2
Event: 298.402 Thread 0x0000020f64929800 DEOPT PACKING pc=0x0000020f5285cd30 sp=0x000000a84c7f8a20
Event: 298.402 Thread 0x0000020f64929800 DEOPT UNPACKING pc=0x0000020f4aa778af sp=0x000000a84c7f89b0 mode 2
Event: 298.402 Thread 0x0000020f64929800 Uncommon trap: trap_request=0xffffff7e fr.pc=0x0000020f52dfac20 relative=0x00000000000020a0
Event: 298.402 Thread 0x0000020f64929800 Uncommon trap: reason=predicate action=maybe_recompile pc=0x0000020f52dfac20 method=java.util.TimSort.binarySort([Ljava/lang/Object;IIILjava/util/Comparator;)V @ 34 c2
Event: 298.402 Thread 0x0000020f64929800 DEOPT PACKING pc=0x0000020f52dfac20 sp=0x000000a84c7f8030
Event: 298.402 Thread 0x0000020f64929800 DEOPT UNPACKING pc=0x0000020f4aa778af sp=0x000000a84c7f7ef0 mode 2
Event: 298.403 Thread 0x0000020f64929800 Uncommon trap: trap_request=0xffffff4d fr.pc=0x0000020f52d4a30c relative=0x00000000000001cc
Event: 298.403 Thread 0x0000020f64929800 Uncommon trap: reason=unstable_if action=reinterpret pc=0x0000020f52d4a30c method=javax.lang.model.SourceVersion.isIdentifier(Ljava/lang/CharSequence;)Z @ 54 c2
Event: 298.403 Thread 0x0000020f64929800 DEOPT PACKING pc=0x0000020f52d4a30c sp=0x000000a84c7f8d00
Event: 298.403 Thread 0x0000020f64929800 DEOPT UNPACKING pc=0x0000020f4aa778af sp=0x000000a84c7f8c88 mode 2

Classes redefined (0 events):
No events

Internal exceptions (20 events):
Event: 294.326 Thread 0x0000020f6983b800 Exception <a 'sun/nio/fs/WindowsException'{0x000000008b850380}> (0x000000008b850380) thrown at [./src/hotspot/share/prims/jni.cpp, line 615]
Event: 294.817 Thread 0x0000020f64929800 Implicit null exception at 0x0000020f52834704 to 0x0000020f528348fc
Event: 295.206 Thread 0x0000020f64929800 Exception <a 'java/lang/NoSuchMethodError'{0x000000008d52e5b0}: <clinit>> (0x000000008d52e5b0) thrown at [./src/hotspot/share/prims/jni.cpp, line 1362]
Event: 295.604 Thread 0x0000020f64929800 Exception <a 'java/lang/NoSuchMethodError'{0x000000008ba0a388}: <clinit>> (0x000000008ba0a388) thrown at [./src/hotspot/share/prims/jni.cpp, line 1362]
Event: 295.656 Thread 0x0000020f65bb2000 Exception <a 'java/lang/NoSuchMethodError'{0x000000008b8f14d8}: 'void java.lang.invoke.DirectMethodHandle$Holder.invokeStatic(java.lang.Object, long)'> (0x000000008b8f14d8) thrown at [./src/hotspot/share/interpreter/linkResolver.cpp, line 773]
Event: 295.657 Thread 0x0000020f65bb2000 Exception <a 'java/lang/NoSuchMethodError'{0x000000008b8f6978}: 'java.lang.Object java.lang.invoke.DirectMethodHandle$Holder.invokeStatic(java.lang.Object, long)'> (0x000000008b8f6978) thrown at [./src/hotspot/share/interpreter/linkResolver.cpp, line 773]
Event: 295.659 Thread 0x0000020f65bb2000 Exception <a 'java/lang/NoSuchMethodError'{0x000000008b705098}: 'java.lang.Object java.lang.invoke.DirectMethodHandle$Holder.invokeStaticInit(java.lang.Object, java.lang.Object, long, java.lang.Object)'> (0x000000008b705098) thrown at [./src/hotspot/share/interpreter/linkResolver.cpp, line 773]
Event: 295.660 Thread 0x0000020f65bb2000 Exception <a 'java/lang/NoSuchMethodError'{0x000000008b70b230}: 'java.lang.Object java.lang.invoke.DirectMethodHandle$Holder.invokeStatic(java.lang.Object, java.lang.Object, long)'> (0x000000008b70b230) thrown at [./src/hotspot/share/interpreter/linkResolver.cpp, line 773]
Event: 295.660 Thread 0x0000020f65bb2000 Exception <a 'java/lang/NoSuchMethodError'{0x000000008b7119f8}: 'java.lang.Object java.lang.invoke.Invokers$Holder.linkToTargetMethod(java.lang.Object, long, java.lang.Object)'> (0x000000008b7119f8) thrown at [./src/hotspot/share/interpreter/linkResolver.cpp, line 773]
Event: 295.752 Thread 0x0000020f65bb2000 Exception <a 'java/lang/NoSuchMethodError'{0x000000008b617da0}: 'int java.lang.invoke.DirectMethodHandle$Holder.invokeSpecialIFC(java.lang.Object, java.lang.Object, java.lang.Object)'> (0x000000008b617da0) thrown at [./src/hotspot/share/interpreter/linkResolver.cpp, line 773]
Event: 297.174 Thread 0x0000020f65bb2000 Exception <a 'sun/nio/fs/WindowsException'{0x0000000089eb3370}> (0x0000000089eb3370) thrown at [./src/hotspot/share/prims/jni.cpp, line 615]
Event: 297.174 Thread 0x0000020f65bb2000 Exception <a 'sun/nio/fs/WindowsException'{0x0000000089eb3458}> (0x0000000089eb3458) thrown at [./src/hotspot/share/prims/jni.cpp, line 615]
Event: 297.217 Thread 0x0000020f65bb2000 Implicit null exception at 0x0000020f52d565f8 to 0x0000020f52d56770
Event: 297.217 Thread 0x0000020f65bb2000 Implicit null exception at 0x0000020f52d53adf to 0x0000020f52d53c34
Event: 297.721 Thread 0x0000020f64929800 Implicit null exception at 0x0000020f528470f7 to 0x0000020f52847290
Event: 298.055 Thread 0x0000020f64929800 Exception <a 'sun/nio/fs/WindowsException'{0x000000008dc47ab0}> (0x000000008dc47ab0) thrown at [./src/hotspot/share/prims/jni.cpp, line 615]
Event: 298.056 Thread 0x0000020f64929800 Exception <a 'java/lang/NoSuchMethodError'{0x000000008dc53b10}: 'java.lang.Object java.lang.invoke.Invokers$Holder.linkToTargetMethod(java.lang.Object, java.lang.Object, java.lang.Object, int, int, java.lang.Object)'> (0x000000008dc53b10) thrown at [./src/hotspot/share/interpreter/linkResolver.cpp, line 773]
Event: 298.355 Thread 0x0000020f64929800 Exception <a 'sun/nio/fs/WindowsException'{0x000000008c909850}> (0x000000008c909850) thrown at [./src/hotspot/share/prims/jni.cpp, line 615]
Event: 298.355 Thread 0x0000020f64929800 Exception <a 'sun/nio/fs/WindowsException'{0x000000008c909958}> (0x000000008c909958) thrown at [./src/hotspot/share/prims/jni.cpp, line 615]
Event: 298.357 Thread 0x0000020f64929800 Implicit null exception at 0x0000020f5269b12c to 0x0000020f5269b2da

Events (20 events):
Event: 298.317 loading class com/sun/tools/javac/parser/Tokens$TokenKind done
Event: 298.317 loading class com/sun/tools/javac/util/Filter
Event: 298.317 loading class com/sun/tools/javac/util/Filter done
Event: 298.323 loading class com/sun/tools/javac/tree/JCTree
Event: 298.323 loading class com/sun/tools/javac/tree/JCTree done
Event: 298.323 loading class com/sun/tools/javac/tree/JCTree
Event: 298.323 loading class com/sun/tools/javac/tree/JCTree done
Event: 298.327 Executing VM operation: Deoptimize
Event: 298.329 Executing VM operation: Deoptimize done
Event: 298.352 loading class com/sun/tools/javac/comp/Modules
Event: 298.352 loading class com/sun/tools/javac/comp/Modules done
Event: 298.352 loading class com/sun/tools/javac/code/Symbol$PackageSymbol
Event: 298.352 loading class com/sun/tools/javac/code/Symbol$PackageSymbol done
Event: 298.360 Executing VM operation: G1CollectForAllocation
Event: 298.379 Executing VM operation: G1CollectForAllocation done
Event: 298.402 Thread 0x0000020f61c8f800 flushing nmethod 0x0000020f525a1e10
Event: 298.406 Thread 0x0000020f61c8f800 flushing nmethod 0x0000020f4aff0010
Event: 298.406 Thread 0x0000020f61c8f800 flushing nmethod 0x0000020f4aff1190
Event: 298.422 Executing VM operation: ICBufferFull
Event: 298.422 Executing VM operation: ICBufferFull done


Dynamic libraries:
0x00007ff6731a0000 - 0x00007ff6731aa000 	C:\Program Files\Android\Android Studio\jre\bin\java.exe
0x00007ff8c7fb0000 - 0x00007ff8c81a5000 	C:\WINDOWS\SYSTEM32\ntdll.dll
0x00007ff8c6590000 - 0x00007ff8c664e000 	C:\WINDOWS\System32\KERNEL32.DLL
0x00007ff8c58a0000 - 0x00007ff8c5b68000 	C:\WINDOWS\System32\KERNELBASE.dll
0x00007ff8c5ba0000 - 0x00007ff8c5ca0000 	C:\WINDOWS\System32\ucrtbase.dll
0x00007ff8a9d50000 - 0x00007ff8a9d67000 	C:\Program Files\Android\Android Studio\jre\bin\VCRUNTIME140.dll
0x00007ff8a6ab0000 - 0x00007ff8a6ac9000 	C:\Program Files\Android\Android Studio\jre\bin\jli.dll
0x00007ff8b1dd0000 - 0x00007ff8b206a000 	C:\WINDOWS\WinSxS\amd64_microsoft.windows.common-controls_6595b64144ccf1df_6.0.19041.1110_none_60b5254171f9507e\COMCTL32.dll
0x00007ff8c7130000 - 0x00007ff8c72d1000 	C:\WINDOWS\System32\USER32.dll
0x00007ff8c7bf0000 - 0x00007ff8c7c8e000 	C:\WINDOWS\System32\msvcrt.dll
0x00007ff8c5b70000 - 0x00007ff8c5b92000 	C:\WINDOWS\System32\win32u.dll
0x00007ff8c6790000 - 0x00007ff8c67bb000 	C:\WINDOWS\System32\GDI32.dll
0x00007ff8c56d0000 - 0x00007ff8c57db000 	C:\WINDOWS\System32\gdi32full.dll
0x00007ff8c5f60000 - 0x00007ff8c5ffd000 	C:\WINDOWS\System32\msvcp_win.dll
0x00007ff8c78d0000 - 0x00007ff8c7900000 	C:\WINDOWS\System32\IMM32.DLL
0x00007ff8a4270000 - 0x00007ff8a430d000 	C:\Program Files\Android\Android Studio\jre\bin\msvcp140.dll
0x00007ff87b560000 - 0x00007ff87c02f000 	C:\Program Files\Android\Android Studio\jre\bin\server\jvm.dll
0x00007ff8c72e0000 - 0x00007ff8c738c000 	C:\WINDOWS\System32\ADVAPI32.dll
0x00007ff8c7c90000 - 0x00007ff8c7d2b000 	C:\WINDOWS\System32\sechost.dll
0x00007ff8c6650000 - 0x00007ff8c677a000 	C:\WINDOWS\System32\RPCRT4.dll
0x00007ff8c6780000 - 0x00007ff8c6788000 	C:\WINDOWS\System32\PSAPI.DLL
0x00007ff8c1380000 - 0x00007ff8c1389000 	C:\WINDOWS\SYSTEM32\WSOCK32.dll
0x00007ff8baa60000 - 0x00007ff8baa87000 	C:\WINDOWS\SYSTEM32\WINMM.dll
0x00007ff8bc580000 - 0x00007ff8bc58a000 	C:\WINDOWS\SYSTEM32\VERSION.dll
0x00007ff8c6ff0000 - 0x00007ff8c705b000 	C:\WINDOWS\System32\WS2_32.dll
0x00007ff8c35d0000 - 0x00007ff8c35e2000 	C:\WINDOWS\SYSTEM32\kernel.appcore.dll
0x00007ff8c03b0000 - 0x00007ff8c03c1000 	C:\Program Files\Android\Android Studio\jre\bin\verify.dll
0x00007ff8b6690000 - 0x00007ff8b6874000 	C:\WINDOWS\SYSTEM32\DBGHELP.DLL
0x00007ff8b3ca0000 - 0x00007ff8b3ccc000 	C:\WINDOWS\SYSTEM32\dbgcore.DLL
0x00007ff8c57e0000 - 0x00007ff8c5863000 	C:\WINDOWS\System32\bcryptPrimitives.dll
0x00007ff8aed60000 - 0x00007ff8aed89000 	C:\Program Files\Android\Android Studio\jre\bin\java.dll
0x00007ff8c1370000 - 0x00007ff8c137b000 	C:\Program Files\Android\Android Studio\jre\bin\jimage.dll
0x00007ff8afce0000 - 0x00007ff8afcf8000 	C:\Program Files\Android\Android Studio\jre\bin\zip.dll
0x00007ff8c67c0000 - 0x00007ff8c6eff000 	C:\WINDOWS\System32\SHELL32.dll
0x00007ff8c37d0000 - 0x00007ff8c3f60000 	C:\WINDOWS\SYSTEM32\windows.storage.dll
0x00007ff8c7390000 - 0x00007ff8c76e5000 	C:\WINDOWS\System32\combase.dll
0x00007ff8c5050000 - 0x00007ff8c507e000 	C:\WINDOWS\SYSTEM32\Wldp.dll
0x00007ff8c64e0000 - 0x00007ff8c658d000 	C:\WINDOWS\System32\SHCORE.dll
0x00007ff8c7a20000 - 0x00007ff8c7a75000 	C:\WINDOWS\System32\shlwapi.dll
0x00007ff8c5610000 - 0x00007ff8c562f000 	C:\WINDOWS\SYSTEM32\profapi.dll
0x00007ff8adaa0000 - 0x00007ff8adaba000 	C:\Program Files\Android\Android Studio\jre\bin\net.dll
0x00007ff8bbba0000 - 0x00007ff8bbcac000 	C:\WINDOWS\SYSTEM32\WINHTTP.dll
0x00007ff8c4db0000 - 0x00007ff8c4e1a000 	C:\WINDOWS\system32\mswsock.dll
0x00007ff8aaa80000 - 0x00007ff8aaa94000 	C:\Program Files\Android\Android Studio\jre\bin\nio.dll
0x00007ff8a0aa0000 - 0x00007ff8a0ac7000 	C:\Users\jeffe\.gradle\native\8bec1ad78214c89d9ad589b4d07fe93259594b29d510b10fafb7a158f7737e5d\windows-amd64\native-platform.dll
0x00007ff886b40000 - 0x00007ff886c7d000 	C:\Users\jeffe\.gradle\native\53dbd7edfb1c66fb8903c78663c9afc45aea4f116125fa6feffd364cf09443e8\windows-amd64\native-platform-file-events.dll
0x00007ff8beaf0000 - 0x00007ff8beafa000 	C:\Program Files\Android\Android Studio\jre\bin\management.dll
0x00007ff8bda20000 - 0x00007ff8bda2c000 	C:\Program Files\Android\Android Studio\jre\bin\management_ext.dll
0x00007ff8c4fb0000 - 0x00007ff8c4fc8000 	C:\WINDOWS\SYSTEM32\CRYPTSP.dll
0x00007ff8c4730000 - 0x00007ff8c4764000 	C:\WINDOWS\system32\rsaenh.dll
0x00007ff8c5870000 - 0x00007ff8c5897000 	C:\WINDOWS\System32\bcrypt.dll
0x00007ff8c55d0000 - 0x00007ff8c55fe000 	C:\WINDOWS\SYSTEM32\USERENV.dll
0x00007ff8c4fa0000 - 0x00007ff8c4fac000 	C:\WINDOWS\SYSTEM32\CRYPTBASE.dll
0x00007ff8c4aa0000 - 0x00007ff8c4adb000 	C:\WINDOWS\SYSTEM32\IPHLPAPI.DLL
0x00007ff8c78c0000 - 0x00007ff8c78c8000 	C:\WINDOWS\System32\NSI.dll
0x00007ff8baeb0000 - 0x00007ff8baec7000 	C:\WINDOWS\SYSTEM32\dhcpcsvc6.DLL
0x00007ff8bae90000 - 0x00007ff8baead000 	C:\WINDOWS\SYSTEM32\dhcpcsvc.DLL
0x00007ff8c4ae0000 - 0x00007ff8c4bab000 	C:\WINDOWS\SYSTEM32\DNSAPI.dll
0x00007ff89f800000 - 0x00007ff89f827000 	C:\Program Files\Android\Android Studio\jre\bin\sunec.dll

dbghelp: loaded successfully - version: 4.0.5 - missing functions: none
symbol engine: initialized successfully - sym options: 0x614 - pdb path: .;C:\Program Files\Android\Android Studio\jre\bin;C:\WINDOWS\SYSTEM32;C:\WINDOWS\WinSxS\amd64_microsoft.windows.common-controls_6595b64144ccf1df_6.0.19041.1110_none_60b5254171f9507e;C:\Program Files\Android\Android Studio\jre\bin\server;C:\Users\jeffe\.gradle\native\8bec1ad78214c89d9ad589b4d07fe93259594b29d510b10fafb7a158f7737e5d\windows-amd64;C:\Users\jeffe\.gradle\native\53dbd7edfb1c66fb8903c78663c9afc45aea4f116125fa6feffd364cf09443e8\windows-amd64

VM Arguments:
jvm_args: --add-opens=java.base/java.util=ALL-UNNAMED --add-opens=java.base/java.lang=ALL-UNNAMED --add-opens=java.base/java.lang.invoke=ALL-UNNAMED --add-opens=java.base/java.util=ALL-UNNAMED --add-opens=java.prefs/java.util.prefs=ALL-UNNAMED --add-opens=java.prefs/java.util.prefs=ALL-UNNAMED --add-opens=java.base/java.nio.charset=ALL-UNNAMED --add-opens=java.base/java.net=ALL-UNNAMED --add-opens=java.base/java.util.concurrent.atomic=ALL-UNNAMED -Xmx2048m -Dfile.encoding=UTF-8 -Duser.country=PH -Duser.language=en -Duser.variant 
java_command: org.gradle.launcher.daemon.bootstrap.GradleDaemon 7.0.2
java_class_path (initial): C:\Users\jeffe\.gradle\wrapper\dists\gradle-7.0.2-bin\857tjihv64xamwrf0h14cai3r\gradle-7.0.2\lib\gradle-launcher-7.0.2.jar
Launcher Type: SUN_STANDARD

[Global flags]
     intx CICompilerCount                          = 4                                         {product} {ergonomic}
     uint ConcGCThreads                            = 2                                         {product} {ergonomic}
     uint G1ConcRefinementThreads                  = 8                                         {product} {ergonomic}
   size_t G1HeapRegionSize                         = 1048576                                   {product} {ergonomic}
    uintx GCDrainStackTargetSize                   = 64                                        {product} {ergonomic}
   size_t InitialHeapSize                          = 234881024                                 {product} {ergonomic}
   size_t MarkStackSize                            = 4194304                                   {product} {ergonomic}
   size_t MaxHeapSize                              = 2147483648                                {product} {command line}
   size_t MaxNewSize                               = 1287651328                                {product} {ergonomic}
   size_t MinHeapDeltaBytes                        = 1048576                                   {product} {ergonomic}
    uintx NonNMethodCodeHeapSize                   = 5836300                                {pd product} {ergonomic}
    uintx NonProfiledCodeHeapSize                  = 122910970                              {pd product} {ergonomic}
    uintx ProfiledCodeHeapSize                     = 122910970                              {pd product} {ergonomic}
    uintx ReservedCodeCacheSize                    = 251658240                              {pd product} {ergonomic}
     bool SegmentedCodeCache                       = true                                      {product} {ergonomic}
     bool UseCompressedClassPointers               = true                                 {lp64_product} {ergonomic}
     bool UseCompressedOops                        = true                                 {lp64_product} {ergonomic}
     bool UseG1GC                                  = true                                      {product} {ergonomic}
     bool UseLargePagesIndividualAllocation        = false                                  {pd product} {ergonomic}

Logging:
Log output configuration:
 #0: stdout all=warning uptime,level,tags
 #1: stderr all=off uptime,level,tags

Environment Variables:
JAVA_HOME=C:\Program Files\Java\jdk-13.0.2
PATH=C:\Program Files (x86)\Razer Chroma SDK\bin;C:\Program Files\Razer Chroma SDK\bin;C:\Program Files (x86)\Razer\ChromaBroadcast\bin;C:\Program Files\Razer\ChromaBroadcast\bin;C:\WINDOWS\system32;C:\WINDOWS;C:\WINDOWS\System32\Wbem;C:\WINDOWS\System32\WindowsPowerShell\v1.0\;C:\WINDOWS\System32\OpenSSH\;C:\Program Files\Java\jdk-13.0.2\bin;C:\Program Files\MySQL\MySQL Server 5.5\bin;C:\WINDOWS\system32\config\systemprofile\AppData\Local\Microsoft\WindowsApps;C:\Users\jeffe\AppData\Local\Microsoft\WindowsApps;C:\Program Files\MySQL\MySQL Shell 8.0\bin\;C:\Users\jeffe\AppData\Local\Microsoft\WindowsApps;
USERNAME=jeffe
OS=Windows_NT
PROCESSOR_IDENTIFIER=AMD64 Family 23 Model 24 Stepping 1, AuthenticAMD



---------------  S Y S T E M  ---------------

OS: Windows 10 , 64 bit Build 19041 (10.0.19041.1320)
OS uptime: 1 days 0:36 hours

CPU:total 8 (initial active 8) (8 cores per cpu, 2 threads per core) family 23 model 24 stepping 1 microcode 0x0, cmov, cx8, fxsr, mmx, sse, sse2, sse3, ssse3, sse4.1, sse4.2, popcnt, avx, avx2, aes, clmul, mmxext, 3dnowpref, lzcnt, sse4a, ht, tsc, tscinvbit, tscinv, bmi1, bmi2, adx, s

Memory: 4k page, system-wide physical 14274M (7438M free)
TotalPageFile size 16450M (AvailPageFile size 6094M)
current process WorkingSet (physical memory assigned to process): 516M, peak: 530M
current process commit charge ("private bytes"): 551M, peak: 566M

vm_info: OpenJDK 64-Bit Server VM (11.0.10+0-b96-7249189) for windows-amd64 JRE (11.0.10+0-b96-7249189), built on Mar 31 2021 21:44:00 by "builder" with MS VC++ 14.0 (VS2015)

END.
