#
# A fatal error has been detected by the Java Runtime Environment:
#
#  EXCEPTION_ACCESS_VIOLATION (0xc0000005) at pc=0x00007fff8a240aa0, pid=11716, tid=21888
#
# JRE version: Java(TM) SE Runtime Environment (13.0.2+8) (build 13.0.2+8)
# Java VM: Java HotSpot(TM) 64-Bit Server VM (13.0.2+8, mixed mode, sharing, tiered, compressed oops, g1 gc, windows-amd64)
# Problematic frame:
# V  [jvm.dll+0x360aa0]
#
# No core dump will be written. Minidumps are not enabled by default on client versions of Windows
#
# If you would like to submit a bug report, please visit:
#   http://bugreport.java.com/bugreport/crash.jsp
#

---------------  S U M M A R Y ------------

Command Line: --add-opens=java.base/java.util=ALL-UNNAMED --add-opens=java.base/java.lang=ALL-UNNAMED --add-opens=java.base/java.lang.invoke=ALL-UNNAMED --add-opens=java.base/java.util=ALL-UNNAMED --add-opens=java.prefs/java.util.prefs=ALL-UNNAMED --add-opens=java.prefs/java.util.prefs=ALL-UNNAMED --add-opens=java.base/java.nio.charset=ALL-UNNAMED --add-opens=java.base/java.net=ALL-UNNAMED --add-opens=java.base/java.util.concurrent.atomic=ALL-UNNAMED -Xmx2048m -Dfile.encoding=UTF-8 -Duser.country=PH -Duser.language=en -Duser.variant org.gradle.launcher.daemon.bootstrap.GradleDaemon 7.3.2

Host: AMD Ryzen 5 3550H with Radeon Vega Mobile Gfx  , 8 cores, 13G,  Windows 10 , 64 bit Build 19041 (10.0.19041.1348)
Time: Mon Jan  3 20:26:27 2022 Malay Peninsula Standard Time elapsed time: 31 seconds (0d 0h 0m 31s)

---------------  T H R E A D  ---------------

Current thread (0x00000199ad20f800):  JavaThread "C2 CompilerThread0" daemon [_thread_in_native, id=21888, stack(0x0000007b0fe00000,0x0000007b0ff00000)]


Current CompileTask:
C2:  31601 7179       4       org.gradle.internal.instantiation.generator.AbstractClassGenerator::inspectType (560 bytes)

Stack: [0x0000007b0fe00000,0x0000007b0ff00000],  sp=0x0000007b0fefbc20,  free space=1007k
Native frames: (J=compiled Java code, j=interpreted, Vv=VM code, C=native code)
V  [jvm.dll+0x360aa0]
V  [jvm.dll+0x35a421]
V  [jvm.dll+0x19f32d]
V  [jvm.dll+0x205d36]
V  [jvm.dll+0x204e3f]
V  [jvm.dll+0x189c2c]
V  [jvm.dll+0x213e6d]
V  [jvm.dll+0x2120bb]
V  [jvm.dll+0x736bb6]
V  [jvm.dll+0x72fcaa]
V  [jvm.dll+0x623ea6]
C  [ucrtbase.dll+0x21bb2]
C  [KERNEL32.DLL+0x17034]
C  [ntdll.dll+0x52651]


siginfo: EXCEPTION_ACCESS_VIOLATION (0xc0000005), reading address 0x00007dff8a95ac00


Register to memory mapping:

RIP=0x00007fff8a240aa0 jvm.dll
RAX=0x0 is NULL
RBX=0x0000000000000023 is an unknown value
RCX=0x0 is NULL
RDX=0x0000000000000008 is an unknown value
RSP=0x0000007b0fefbc20 is pointing into the stack for thread: 0x00000199ad20f800
RBP=0x0000000000000008 is an unknown value
RSI=0x00007fff8a95ac00 jvm.dll
RDI=0x000001998d2a30e0 points into unknown readable memory: c0 a6 20 ad 99 01 00 00
R8 =0x00007dff8a95ac00 is an unknown value
R9 =0x0000007b0fefbc70 is pointing into the stack for thread: 0x00000199ad20f800
R10=0x0000000000000023 is an unknown value
R11=0x0000007b0fefbac0 is pointing into the stack for thread: 0x00000199ad20f800
R12=0x00000199b1272338 points into unknown readable memory: 51 00 57 7b 00 17 00 80
R13=0x00000000000003d8 is an unknown value
R14=0x0000000000000006 is an unknown value
R15=0x00007fff8a95ac00 jvm.dll


Registers:
RAX=0x0000000000000000, RBX=0x0000000000000023, RCX=0x0000000000000000, RDX=0x0000000000000008
RSP=0x0000007b0fefbc20, RBP=0x0000000000000008, RSI=0x00007fff8a95ac00, RDI=0x000001998d2a30e0
R8 =0x00007dff8a95ac00, R9 =0x0000007b0fefbc70, R10=0x0000000000000023, R11=0x0000007b0fefbac0
R12=0x00000199b1272338, R13=0x00000000000003d8, R14=0x0000000000000006, R15=0x00007fff8a95ac00
RIP=0x00007fff8a240aa0, EFLAGS=0x0000000000010246

Top of Stack: (sp=0x0000007b0fefbc20)
0x0000007b0fefbc20:   0000007b0fef0000 0000000000000000
0x0000007b0fefbc30:   00000000000005d8 00000199ad209200
0x0000007b0fefbc40:   0000000000000f26 00007fff8a23a421
0x0000007b0fefbc50:   00000199b8a85770 0000007b0fefbd90
0x0000007b0fefbc60:   0000000000000f26 00007fff8a765e30
0x0000007b0fefbc70:   00000f2500000000 0000019900000002
0x0000007b0fefbc80:   00007dff8a95ac00 0000000000000010
0x0000007b0fefbc90:   00000199b3753a60 0000000000000031
0x0000007b0fefbca0:   00000199b8a85810 0000000000000000
0x0000007b0fefbcb0:   00000199b1271f50 0000000000000000
0x0000007b0fefbcc0:   0000007b0fefbdd0 00007fff8a07f32d
0x0000007b0fefbcd0:   0000007b0fefc130 0000007b0fefc210
0x0000007b0fefbce0:   00000199b1271f60 0000019900000000
0x0000007b0fefbcf0:   000000000000f200 0000000000000000
0x0000007b0fefbd00:   0000007b00000006 00000199b1271f50
0x0000007b0fefbd10:   00000199af513d00 00000199af518580 

Instructions: (pc=0x00007fff8a240aa0)
0x00007fff8a2409a0:   58 4c 8b 64 24 50 48 8b c3 48 83 c4 20 41 5f 5f
0x00007fff8a2409b0:   5e 5d 5b c3 cc cc cc cc cc cc cc cc cc cc cc cc
0x00007fff8a2409c0:   8b 02 45 33 c0 44 89 01 c7 41 08 08 00 00 00 85
0x00007fff8a2409d0:   c0 75 12 c7 41 18 01 00 00 00 48 8b c1 c7 41 28
0x00007fff8a2409e0:   01 00 00 00 c3 44 89 41 04 44 89 41 18 8b 82 90
0x00007fff8a2409f0:   00 00 00 89 41 28 4c 89 41 10 48 8b 42 08 48 89
0x00007fff8a240a00:   41 20 48 8b c1 48 89 51 30 c3 cc cc cc cc cc cc
0x00007fff8a240a10:   48 83 ec 28 4c 8b c9 8b 49 08 83 f9 08 73 1c 4d
0x00007fff8a240a20:   8b 51 10 44 8b c1 8d 51 01 43 83 3c 82 00 0f 85
0x00007fff8a240a30:   0d 01 00 00 8b ca 83 fa 08 72 e8 45 8b 51 18 41
0x00007fff8a240a40:   8b 41 28 48 89 5c 24 30 48 89 6c 24 38 48 89 74
0x00007fff8a240a50:   24 40 48 89 7c 24 20 44 3b d0 0f 83 ba 00 00 00
0x00007fff8a240a60:   8b 0d 2e 4d 76 00 48 8d 35 93 a1 71 00 65 48 8b
0x00007fff8a240a70:   04 25 58 00 00 00 bd 08 00 00 00 48 8d 3c c8 90
0x00007fff8a240a80:   49 8b 41 20 41 8b da 4c 8b 04 d8 4c 3b c6 74 7a
0x00007fff8a240a90:   33 c0 4d 89 41 10 33 c9 0f 1f 84 00 00 00 00 00
0x00007fff8a240aa0:   42 83 3c 01 00 8d 50 01 0f 85 be 00 00 00 48 83
0x00007fff8a240ab0:   c1 04 8b c2 83 fa 08 72 e7 4d 8b 59 30 4d 85 db
0x00007fff8a240ac0:   74 48 49 8b 43 08 8b d5 48 03 17 4c 8b 04 d8 48
0x00007fff8a240ad0:   8b 02 48 8b 88 a8 04 00 00 48 8b 81 88 00 00 00
0x00007fff8a240ae0:   48 8b 88 a0 08 00 00 49 89 08 48 8b 02 48 8b 88
0x00007fff8a240af0:   a8 04 00 00 48 8b 81 88 00 00 00 4c 89 80 a0 08
0x00007fff8a240b00:   00 00 49 8b 43 08 48 89 34 d8 41 8b 41 28 41 ff
0x00007fff8a240b10:   c2 44 3b d0 0f 82 66 ff ff ff 41 89 41 18 33 c0
0x00007fff8a240b20:   41 c7 41 08 08 00 00 00 48 8b 74 24 40 48 8b 6c
0x00007fff8a240b30:   24 38 48 8b 5c 24 30 48 8b 7c 24 20 48 83 c4 28
0x00007fff8a240b40:   c3 41 8b 41 18 8d 0c c1 c1 e1 05 81 e9 00 01 00
0x00007fff8a240b50:   00 41 89 49 04 49 8b c9 43 8b 04 82 41 89 01 41
0x00007fff8a240b60:   89 51 08 48 83 c4 28 e9 04 13 e4 ff 42 8d 0c d0
0x00007fff8a240b70:   c1 e1 05 41 89 49 04 8b c8 41 8d 42 01 41 8b 0c
0x00007fff8a240b80:   88 41 89 09 49 8b c9 41 89 41 18 41 89 51 08 e8
0x00007fff8a240b90:   dc 12 e4 ff eb 92 cc cc cc cc cc cc cc cc cc cc 


Stack slot to memory mapping:
stack at sp + 0 slots: 0x0000007b0fef0000 is pointing into the stack for thread: 0x00000199ad20f800
stack at sp + 1 slots: 0x0 is NULL
stack at sp + 2 slots: 0x00000000000005d8 is an unknown value
stack at sp + 3 slots: 0x00000199ad209200 points into unknown readable memory: c8 ea 9f ac 99 01 00 00
stack at sp + 4 slots: 0x0000000000000f26 is an unknown value
stack at sp + 5 slots: 0x00007fff8a23a421 jvm.dll
stack at sp + 6 slots: 0x00000199b8a85770 points into unknown readable memory: 03 00 00 00 00 00 00 00
stack at sp + 7 slots: 0x0000007b0fefbd90 is pointing into the stack for thread: 0x00000199ad20f800


---------------  P R O C E S S  ---------------

Threads class SMR info:
_java_thread_list=0x00000199af30eec0, length=123, elements={
0x000001998d22b000, 0x00000199ac9ef000, 0x00000199ac9f5000, 0x00000199ad20c000,
0x00000199ad20d000, 0x00000199ad20f800, 0x00000199ad211000, 0x00000199ad215800,
0x00000199ad36b000, 0x00000199ad372800, 0x00000199ae99f800, 0x00000199af456800,
0x00000199aea04800, 0x00000199ad52b000, 0x00000199ae412800, 0x00000199aebc2000,
0x00000199ad28a000, 0x00000199aeb07000, 0x00000199aeb07800, 0x00000199ae02b800,
0x00000199aef9f800, 0x00000199aefa6000, 0x00000199aefa1800, 0x00000199aefa3800,
0x00000199aefa2800, 0x00000199aefa0000, 0x00000199aefa4000, 0x00000199aefa5000,
0x00000199aefa1000, 0x00000199b2428800, 0x00000199b2426000, 0x00000199b2429800,
0x00000199b2427000, 0x00000199b2424800, 0x00000199b2425000, 0x00000199b242b000,
0x00000199b242b800, 0x00000199b242c800, 0x00000199b242d800, 0x00000199b2427800,
0x00000199b242f000, 0x00000199b242e000, 0x00000199b2430000, 0x00000199b2430800,
0x00000199b2433000, 0x00000199b2431800, 0x00000199b2432000, 0x00000199b2a5b000,
0x00000199b2a5a000, 0x00000199b2a5c800, 0x00000199b2a5b800, 0x00000199b2a57000,
0x00000199b2a5d800, 0x00000199b2a58800, 0x00000199b2a57800, 0x00000199b2a5e000,
0x00000199b2a5f000, 0x00000199b2a59800, 0x00000199b2a61800, 0x00000199b2a64800,
0x00000199b2a62800, 0x00000199b2a63000, 0x00000199b2a64000, 0x00000199b2a60000,
0x00000199b2a60800, 0x00000199b2a65800, 0x00000199b23cb000, 0x00000199b23d0000,
0x00000199b23cc000, 0x00000199b23cc800, 0x00000199b23ce800, 0x00000199b23ca800,
0x00000199b23d2800, 0x00000199b23cf000, 0x00000199b23d1800, 0x00000199b23d3800,
0x00000199b23d1000, 0x00000199b23cd800, 0x00000199b23d5000, 0x00000199b23d9000,
0x00000199b23d4000, 0x00000199b23d5800, 0x00000199b23d6800, 0x00000199b23d7800,
0x00000199b23d8000, 0x00000199afa06800, 0x00000199afa09800, 0x00000199afa07000,
0x00000199afa08000, 0x00000199afa09000, 0x00000199afa05800, 0x00000199afa10000,
0x00000199afa0f800, 0x00000199afa0a800, 0x00000199afa0d000, 0x00000199afa11000,
0x00000199afa0c000, 0x00000199afa0d800, 0x00000199afa0e800, 0x00000199afa0b800,
0x00000199afa13800, 0x00000199afa14000, 0x00000199afa12000, 0x00000199afa12800,
0x00000199b2234800, 0x00000199b2232800, 0x00000199b2235000, 0x00000199b2232000,
0x00000199b2231000, 0x00000199b2233800, 0x00000199b2230000, 0x00000199b223a000,
0x00000199b2237800, 0x00000199b223b000, 0x00000199b2236000, 0x00000199b223b800,
0x00000199b223c800, 0x00000199b2238800, 0x00000199b2236800, 0x00000199b223d000,
0x00000199b223e000, 0x00000199b223f000, 0x00000199ad78f800
}

Java Threads: ( => current thread )
  0x000001998d22b000 JavaThread "main" [_thread_blocked, id=22984, stack(0x0000007b0f300000,0x0000007b0f400000)]
  0x00000199ac9ef000 JavaThread "Reference Handler" daemon [_thread_blocked, id=11628, stack(0x0000007b0fa00000,0x0000007b0fb00000)]
  0x00000199ac9f5000 JavaThread "Finalizer" daemon [_thread_blocked, id=18260, stack(0x0000007b0fb00000,0x0000007b0fc00000)]
  0x00000199ad20c000 JavaThread "Signal Dispatcher" daemon [_thread_blocked, id=7720, stack(0x0000007b0fc00000,0x0000007b0fd00000)]
  0x00000199ad20d000 JavaThread "Attach Listener" daemon [_thread_blocked, id=16592, stack(0x0000007b0fd00000,0x0000007b0fe00000)]
=>0x00000199ad20f800 JavaThread "C2 CompilerThread0" daemon [_thread_in_native, id=21888, stack(0x0000007b0fe00000,0x0000007b0ff00000)]
  0x00000199ad211000 JavaThread "C1 CompilerThread0" daemon [_thread_blocked, id=22336, stack(0x0000007b0ff00000,0x0000007b10000000)]
  0x00000199ad215800 JavaThread "Sweeper thread" daemon [_thread_blocked, id=19952, stack(0x0000007b10000000,0x0000007b10100000)]
  0x00000199ad36b000 JavaThread "Common-Cleaner" daemon [_thread_blocked, id=19380, stack(0x0000007b10100000,0x0000007b10200000)]
  0x00000199ad372800 JavaThread "Service Thread" daemon [_thread_blocked, id=17596, stack(0x0000007b10200000,0x0000007b10300000)]
  0x00000199ae99f800 JavaThread "Daemon health stats" [_thread_blocked, id=13124, stack(0x0000007b10900000,0x0000007b10a00000)]
  0x00000199af456800 JavaThread "Incoming local TCP Connector on port 61771" [_thread_in_native, id=4712, stack(0x0000007b10400000,0x0000007b10500000)]
  0x00000199aea04800 JavaThread "Daemon periodic checks" [_thread_blocked, id=10084, stack(0x0000007b10a00000,0x0000007b10b00000)]
  0x00000199ad52b000 JavaThread "Daemon" [_thread_blocked, id=18048, stack(0x0000007b10b00000,0x0000007b10c00000)]
  0x00000199ae412800 JavaThread "Handler for socket connection from /127.0.0.1:61771 to /127.0.0.1:61772" [_thread_in_native, id=15456, stack(0x0000007b10c00000,0x0000007b10d00000)]
  0x00000199aebc2000 JavaThread "Cancel handler" [_thread_blocked, id=12708, stack(0x0000007b10d00000,0x0000007b10e00000)]
  0x00000199ad28a000 JavaThread "Daemon worker" [_thread_in_native, id=17680, stack(0x0000007b10e00000,0x0000007b10f00000)]
  0x00000199aeb07000 JavaThread "Asynchronous log dispatcher for DefaultDaemonConnection: socket connection from /127.0.0.1:61771 to /127.0.0.1:61772" [_thread_blocked, id=17888, stack(0x0000007b10f00000,0x0000007b11000000)]
  0x00000199aeb07800 JavaThread "Stdin handler" [_thread_blocked, id=4940, stack(0x0000007b11000000,0x0000007b11100000)]
  0x00000199ae02b800 JavaThread "Daemon client event forwarder" [_thread_blocked, id=13100, stack(0x0000007b11100000,0x0000007b11200000)]
  0x00000199aef9f800 JavaThread "Cache worker for journal cache (C:\Users\jeffe\.gradle\caches\journal-1)" [_thread_blocked, id=16344, stack(0x0000007b11200000,0x0000007b11300000)]
  0x00000199aefa6000 JavaThread "File lock request listener" [_thread_in_native, id=14624, stack(0x0000007b11300000,0x0000007b11400000)]
  0x00000199aefa1800 JavaThread "Cache worker for file hash cache (C:\Users\jeffe\.gradle\caches\7.3.2\fileHashes)" [_thread_blocked, id=9616, stack(0x0000007b11400000,0x0000007b11500000)]
  0x00000199aefa3800 JavaThread "Cache worker for file hash cache (C:\Users\jeffe\AndroidStudioProjects\FirstAidKit3\.gradle\7.3.2\fileHashes)" [_thread_blocked, id=11764, stack(0x0000007b11900000,0x0000007b11a00000)]
  0x00000199aefa2800 JavaThread "File watcher server" daemon [_thread_in_native, id=696, stack(0x0000007b11a00000,0x0000007b11b00000)]
  0x00000199aefa0000 JavaThread "File watcher consumer" daemon [_thread_blocked, id=9380, stack(0x0000007b11b00000,0x0000007b11c00000)]
  0x00000199aefa4000 JavaThread "Cache worker for checksums cache (C:\Users\jeffe\AndroidStudioProjects\FirstAidKit3\.gradle\7.3.2\checksums)" [_thread_blocked, id=11188, stack(0x0000007b11c00000,0x0000007b11d00000)]
  0x00000199aefa5000 JavaThread "Cache worker for cache directory md-supplier (C:\Users\jeffe\.gradle\caches\7.3.2\md-supplier)" [_thread_blocked, id=3564, stack(0x0000007b11d00000,0x0000007b11e00000)]
  0x00000199aefa1000 JavaThread "Cache worker for cache directory md-rule (C:\Users\jeffe\.gradle\caches\7.3.2\md-rule)" [_thread_blocked, id=14500, stack(0x0000007b12000000,0x0000007b12100000)]
  0x00000199b2428800 JavaThread "Cache worker for execution history cache (C:\Users\jeffe\.gradle\caches\7.3.2\executionHistory)" [_thread_blocked, id=7232, stack(0x0000007b12100000,0x0000007b12200000)]
  0x00000199b2426000 JavaThread "jar transforms" [_thread_blocked, id=15448, stack(0x0000007b12200000,0x0000007b12300000)]
  0x00000199b2429800 JavaThread "jar transforms Thread 2" [_thread_blocked, id=18920, stack(0x0000007b12300000,0x0000007b12400000)]
  0x00000199b2427000 JavaThread "Cache worker for file content cache (C:\Users\jeffe\.gradle\caches\7.3.2\fileContent)" [_thread_blocked, id=14852, stack(0x0000007b12400000,0x0000007b12500000)]
  0x00000199b2424800 JavaThread "Cache worker for dependencies-accessors (C:\Users\jeffe\AndroidStudioProjects\FirstAidKit3\.gradle\7.3.2\dependencies-accessors)" [_thread_blocked, id=15076, stack(0x0000007b12500000,0x0000007b12600000)]
  0x00000199b2425000 JavaThread "jar transforms Thread 3" [_thread_blocked, id=4756, stack(0x0000007b11800000,0x0000007b11900000)]
  0x00000199b242b000 JavaThread "Cache worker for Build Output Cleanup Cache (C:\Users\jeffe\AndroidStudioProjects\FirstAidKit3\.gradle\buildOutputCleanup)" [_thread_blocked, id=20288, stack(0x0000007b12600000,0x0000007b12700000)]
  0x00000199b242b800 JavaThread "Unconstrained build operations" [_thread_blocked, id=14024, stack(0x0000007b11e00000,0x0000007b11f00000)]
  0x00000199b242c800 JavaThread "Unconstrained build operations Thread 2" [_thread_blocked, id=8224, stack(0x0000007b12700000,0x0000007b12800000)]
  0x00000199b242d800 JavaThread "Unconstrained build operations Thread 3" [_thread_blocked, id=22376, stack(0x0000007b12800000,0x0000007b12900000)]
  0x00000199b2427800 JavaThread "Unconstrained build operations Thread 4" [_thread_blocked, id=9628, stack(0x0000007b12900000,0x0000007b12a00000)]
  0x00000199b242f000 JavaThread "Unconstrained build operations Thread 5" [_thread_blocked, id=19036, stack(0x0000007b12a00000,0x0000007b12b00000)]
  0x00000199b242e000 JavaThread "Unconstrained build operations Thread 6" [_thread_blocked, id=3608, stack(0x0000007b12b00000,0x0000007b12c00000)]
  0x00000199b2430000 JavaThread "Unconstrained build operations Thread 7" [_thread_blocked, id=17640, stack(0x0000007b12c00000,0x0000007b12d00000)]
  0x00000199b2430800 JavaThread "Unconstrained build operations Thread 8" [_thread_blocked, id=18192, stack(0x0000007b12d00000,0x0000007b12e00000)]
  0x00000199b2433000 JavaThread "Unconstrained build operations Thread 9" [_thread_blocked, id=13520, stack(0x0000007b12e00000,0x0000007b12f00000)]
  0x00000199b2431800 JavaThread "Unconstrained build operations Thread 10" [_thread_blocked, id=19692, stack(0x0000007b12f00000,0x0000007b13000000)]
  0x00000199b2432000 JavaThread "Unconstrained build operations Thread 11" [_thread_blocked, id=17672, stack(0x0000007b13000000,0x0000007b13100000)]
  0x00000199b2a5b000 JavaThread "Unconstrained build operations Thread 12" [_thread_blocked, id=15208, stack(0x0000007b13100000,0x0000007b13200000)]
  0x00000199b2a5a000 JavaThread "Unconstrained build operations Thread 13" [_thread_blocked, id=14972, stack(0x0000007b13200000,0x0000007b13300000)]
  0x00000199b2a5c800 JavaThread "Unconstrained build operations Thread 14" [_thread_blocked, id=18016, stack(0x0000007b13300000,0x0000007b13400000)]
  0x00000199b2a5b800 JavaThread "Unconstrained build operations Thread 15" [_thread_blocked, id=23500, stack(0x0000007b13400000,0x0000007b13500000)]
  0x00000199b2a57000 JavaThread "Unconstrained build operations Thread 16" [_thread_blocked, id=12260, stack(0x0000007b13500000,0x0000007b13600000)]
  0x00000199b2a5d800 JavaThread "Unconstrained build operations Thread 17" [_thread_blocked, id=21784, stack(0x0000007b13600000,0x0000007b13700000)]
  0x00000199b2a58800 JavaThread "Unconstrained build operations Thread 18" [_thread_blocked, id=13240, stack(0x0000007b13700000,0x0000007b13800000)]
  0x00000199b2a57800 JavaThread "Unconstrained build operations Thread 19" [_thread_blocked, id=13104, stack(0x0000007b13800000,0x0000007b13900000)]
  0x00000199b2a5e000 JavaThread "Unconstrained build operations Thread 20" [_thread_blocked, id=14664, stack(0x0000007b13900000,0x0000007b13a00000)]
  0x00000199b2a5f000 JavaThread "Unconstrained build operations Thread 21" [_thread_blocked, id=5468, stack(0x0000007b13a00000,0x0000007b13b00000)]
  0x00000199b2a59800 JavaThread "Unconstrained build operations Thread 22" [_thread_blocked, id=2368, stack(0x0000007b13b00000,0x0000007b13c00000)]
  0x00000199b2a61800 JavaThread "Unconstrained build operations Thread 23" [_thread_blocked, id=19092, stack(0x0000007b13c00000,0x0000007b13d00000)]
  0x00000199b2a64800 JavaThread "Unconstrained build operations Thread 24" [_thread_blocked, id=13976, stack(0x0000007b13d00000,0x0000007b13e00000)]
  0x00000199b2a62800 JavaThread "Unconstrained build operations Thread 25" [_thread_blocked, id=15480, stack(0x0000007b13e00000,0x0000007b13f00000)]
  0x00000199b2a63000 JavaThread "Unconstrained build operations Thread 26" [_thread_blocked, id=2156, stack(0x0000007b13f00000,0x0000007b14000000)]
  0x00000199b2a64000 JavaThread "Unconstrained build operations Thread 27" [_thread_blocked, id=14656, stack(0x0000007b14000000,0x0000007b14100000)]
  0x00000199b2a60000 JavaThread "Unconstrained build operations Thread 28" [_thread_blocked, id=14148, stack(0x0000007b14100000,0x0000007b14200000)]
  0x00000199b2a60800 JavaThread "Unconstrained build operations Thread 29" [_thread_blocked, id=21720, stack(0x0000007b14200000,0x0000007b14300000)]
  0x00000199b2a65800 JavaThread "Unconstrained build operations Thread 30" [_thread_blocked, id=2968, stack(0x0000007b14300000,0x0000007b14400000)]
  0x00000199b23cb000 JavaThread "Unconstrained build operations Thread 31" [_thread_blocked, id=860, stack(0x0000007b14400000,0x0000007b14500000)]
  0x00000199b23d0000 JavaThread "Unconstrained build operations Thread 32" [_thread_blocked, id=5616, stack(0x0000007b14500000,0x0000007b14600000)]
  0x00000199b23cc000 JavaThread "Unconstrained build operations Thread 33" [_thread_blocked, id=22412, stack(0x0000007b14600000,0x0000007b14700000)]
  0x00000199b23cc800 JavaThread "Unconstrained build operations Thread 34" [_thread_blocked, id=19528, stack(0x0000007b14700000,0x0000007b14800000)]
  0x00000199b23ce800 JavaThread "Unconstrained build operations Thread 35" [_thread_blocked, id=4768, stack(0x0000007b14800000,0x0000007b14900000)]
  0x00000199b23ca800 JavaThread "Unconstrained build operations Thread 36" [_thread_blocked, id=19388, stack(0x0000007b14900000,0x0000007b14a00000)]
  0x00000199b23d2800 JavaThread "Unconstrained build operations Thread 37" [_thread_blocked, id=8508, stack(0x0000007b14a00000,0x0000007b14b00000)]
  0x00000199b23cf000 JavaThread "Unconstrained build operations Thread 38" [_thread_blocked, id=22872, stack(0x0000007b14c00000,0x0000007b14d00000)]
  0x00000199b23d1800 JavaThread "Unconstrained build operations Thread 39" [_thread_blocked, id=11044, stack(0x0000007b14d00000,0x0000007b14e00000)]
  0x00000199b23d3800 JavaThread "Unconstrained build operations Thread 40" [_thread_blocked, id=12040, stack(0x0000007b14e00000,0x0000007b14f00000)]
  0x00000199b23d1000 JavaThread "Unconstrained build operations Thread 41" [_thread_blocked, id=21184, stack(0x0000007b14f00000,0x0000007b15000000)]
  0x00000199b23cd800 JavaThread "Unconstrained build operations Thread 42" [_thread_blocked, id=15820, stack(0x0000007b15000000,0x0000007b15100000)]
  0x00000199b23d5000 JavaThread "Unconstrained build operations Thread 43" [_thread_blocked, id=9892, stack(0x0000007b15100000,0x0000007b15200000)]
  0x00000199b23d9000 JavaThread "Unconstrained build operations Thread 44" [_thread_blocked, id=19612, stack(0x0000007b15200000,0x0000007b15300000)]
  0x00000199b23d4000 JavaThread "Unconstrained build operations Thread 45" [_thread_blocked, id=22372, stack(0x0000007b15300000,0x0000007b15400000)]
  0x00000199b23d5800 JavaThread "Unconstrained build operations Thread 46" [_thread_blocked, id=22972, stack(0x0000007b15400000,0x0000007b15500000)]
  0x00000199b23d6800 JavaThread "Unconstrained build operations Thread 47" [_thread_blocked, id=22516, stack(0x0000007b15500000,0x0000007b15600000)]
  0x00000199b23d7800 JavaThread "Unconstrained build operations Thread 48" [_thread_blocked, id=21100, stack(0x0000007b15600000,0x0000007b15700000)]
  0x00000199b23d8000 JavaThread "Unconstrained build operations Thread 49" [_thread_blocked, id=22264, stack(0x0000007b15700000,0x0000007b15800000)]
  0x00000199afa06800 JavaThread "Unconstrained build operations Thread 50" [_thread_blocked, id=20640, stack(0x0000007b15800000,0x0000007b15900000)]
  0x00000199afa09800 JavaThread "Unconstrained build operations Thread 51" [_thread_blocked, id=6592, stack(0x0000007b15900000,0x0000007b15a00000)]
  0x00000199afa07000 JavaThread "Unconstrained build operations Thread 52" [_thread_blocked, id=23524, stack(0x0000007b15a00000,0x0000007b15b00000)]
  0x00000199afa08000 JavaThread "Unconstrained build operations Thread 53" [_thread_blocked, id=8584, stack(0x0000007b15b00000,0x0000007b15c00000)]
  0x00000199afa09000 JavaThread "Unconstrained build operations Thread 54" [_thread_blocked, id=15128, stack(0x0000007b15c00000,0x0000007b15d00000)]
  0x00000199afa05800 JavaThread "Unconstrained build operations Thread 55" [_thread_blocked, id=20716, stack(0x0000007b15d00000,0x0000007b15e00000)]
  0x00000199afa10000 JavaThread "Unconstrained build operations Thread 56" [_thread_blocked, id=11700, stack(0x0000007b15e00000,0x0000007b15f00000)]
  0x00000199afa0f800 JavaThread "Unconstrained build operations Thread 57" [_thread_blocked, id=1808, stack(0x0000007b15f00000,0x0000007b16000000)]
  0x00000199afa0a800 JavaThread "Unconstrained build operations Thread 58" [_thread_blocked, id=20592, stack(0x0000007b16000000,0x0000007b16100000)]
  0x00000199afa0d000 JavaThread "Unconstrained build operations Thread 59" [_thread_blocked, id=21476, stack(0x0000007b16100000,0x0000007b16200000)]
  0x00000199afa11000 JavaThread "Unconstrained build operations Thread 60" [_thread_blocked, id=14904, stack(0x0000007b16200000,0x0000007b16300000)]
  0x00000199afa0c000 JavaThread "Unconstrained build operations Thread 61" [_thread_blocked, id=18168, stack(0x0000007b16300000,0x0000007b16400000)]
  0x00000199afa0d800 JavaThread "Unconstrained build operations Thread 62" [_thread_blocked, id=9940, stack(0x0000007b16400000,0x0000007b16500000)]
  0x00000199afa0e800 JavaThread "Unconstrained build operations Thread 63" [_thread_blocked, id=10672, stack(0x0000007b16500000,0x0000007b16600000)]
  0x00000199afa0b800 JavaThread "Unconstrained build operations Thread 64" [_thread_blocked, id=15196, stack(0x0000007b16600000,0x0000007b16700000)]
  0x00000199afa13800 JavaThread "Unconstrained build operations Thread 65" [_thread_blocked, id=6300, stack(0x0000007b16700000,0x0000007b16800000)]
  0x00000199afa14000 JavaThread "Unconstrained build operations Thread 66" [_thread_blocked, id=4272, stack(0x0000007b16800000,0x0000007b16900000)]
  0x00000199afa12000 JavaThread "Unconstrained build operations Thread 67" [_thread_blocked, id=3420, stack(0x0000007b16900000,0x0000007b16a00000)]
  0x00000199afa12800 JavaThread "Unconstrained build operations Thread 68" [_thread_blocked, id=20324, stack(0x0000007b16a00000,0x0000007b16b00000)]
  0x00000199b2234800 JavaThread "Unconstrained build operations Thread 69" [_thread_blocked, id=7792, stack(0x0000007b16b00000,0x0000007b16c00000)]
  0x00000199b2232800 JavaThread "Unconstrained build operations Thread 70" [_thread_blocked, id=23420, stack(0x0000007b16c00000,0x0000007b16d00000)]
  0x00000199b2235000 JavaThread "Unconstrained build operations Thread 71" [_thread_blocked, id=3136, stack(0x0000007b16d00000,0x0000007b16e00000)]
  0x00000199b2232000 JavaThread "Unconstrained build operations Thread 72" [_thread_blocked, id=17200, stack(0x0000007b16e00000,0x0000007b16f00000)]
  0x00000199b2231000 JavaThread "Unconstrained build operations Thread 73" [_thread_blocked, id=15012, stack(0x0000007b16f00000,0x0000007b17000000)]
  0x00000199b2233800 JavaThread "Unconstrained build operations Thread 74" [_thread_blocked, id=9464, stack(0x0000007b17000000,0x0000007b17100000)]
  0x00000199b2230000 JavaThread "Unconstrained build operations Thread 75" [_thread_blocked, id=23104, stack(0x0000007b17100000,0x0000007b17200000)]
  0x00000199b223a000 JavaThread "Unconstrained build operations Thread 76" [_thread_blocked, id=11168, stack(0x0000007b17200000,0x0000007b17300000)]
  0x00000199b2237800 JavaThread "Unconstrained build operations Thread 77" [_thread_blocked, id=13460, stack(0x0000007b17300000,0x0000007b17400000)]
  0x00000199b223b000 JavaThread "Unconstrained build operations Thread 78" [_thread_blocked, id=11892, stack(0x0000007b17400000,0x0000007b17500000)]
  0x00000199b2236000 JavaThread "Unconstrained build operations Thread 79" [_thread_blocked, id=23316, stack(0x0000007b17500000,0x0000007b17600000)]
  0x00000199b223b800 JavaThread "Unconstrained build operations Thread 80" [_thread_blocked, id=17220, stack(0x0000007b17600000,0x0000007b17700000)]
  0x00000199b223c800 JavaThread "jar transforms Thread 4" [_thread_blocked, id=21316, stack(0x0000007b17700000,0x0000007b17800000)]
  0x00000199b2238800 JavaThread "jar transforms Thread 5" [_thread_blocked, id=6412, stack(0x0000007b17800000,0x0000007b17900000)]
  0x00000199b2236800 JavaThread "jar transforms Thread 6" [_thread_blocked, id=13148, stack(0x0000007b17900000,0x0000007b17a00000)]
  0x00000199b223d000 JavaThread "jar transforms Thread 7" [_thread_blocked, id=22688, stack(0x0000007b17a00000,0x0000007b17b00000)]
  0x00000199b223e000 JavaThread "jar transforms Thread 8" [_thread_blocked, id=13968, stack(0x0000007b17b00000,0x0000007b17c00000)]
  0x00000199b223f000 JavaThread "Memory manager" [_thread_blocked, id=6848, stack(0x0000007b17c00000,0x0000007b17d00000)]
  0x00000199ad78f800 JavaThread "C2 CompilerThread1" daemon [_thread_blocked, id=15464, stack(0x0000007b14b00000,0x0000007b14c00000)]

Other Threads:
  0x00000199ac9eb800 VMThread "VM Thread" [stack: 0x0000007b0f900000,0x0000007b0fa00000] [id=16964]
  0x00000199ad380800 WatcherThread [stack: 0x0000007b10300000,0x0000007b10400000] [id=11568]
  0x000001998d270000 GCTaskThread "GC Thread#0" [stack: 0x0000007b0f400000,0x0000007b0f500000] [id=11552]
  0x00000199ae4d5000 GCTaskThread "GC Thread#1" [stack: 0x0000007b10500000,0x0000007b10600000] [id=13320]
  0x00000199ae02e000 GCTaskThread "GC Thread#2" [stack: 0x0000007b10600000,0x0000007b10700000] [id=9764]
  0x00000199ae016000 GCTaskThread "GC Thread#3" [stack: 0x0000007b10700000,0x0000007b10800000] [id=22348]
  0x00000199ae393800 GCTaskThread "GC Thread#4" [stack: 0x0000007b10800000,0x0000007b10900000] [id=11524]
  0x00000199ad5e1800 GCTaskThread "GC Thread#5" [stack: 0x0000007b11500000,0x0000007b11600000] [id=20172]
  0x00000199af536800 GCTaskThread "GC Thread#6" [stack: 0x0000007b11600000,0x0000007b11700000] [id=5548]
  0x00000199ad4ae800 GCTaskThread "GC Thread#7" [stack: 0x0000007b11700000,0x0000007b11800000] [id=15168]
  0x000001998d281800 ConcurrentGCThread "G1 Main Marker" [stack: 0x0000007b0f500000,0x0000007b0f600000] [id=20352]
  0x000001998d284800 ConcurrentGCThread "G1 Conc#0" [stack: 0x0000007b0f600000,0x0000007b0f700000] [id=13196]
  0x00000199af68f000 ConcurrentGCThread "G1 Conc#1" [stack: 0x0000007b11f00000,0x0000007b12000000] [id=2140]
  0x00000199ac860800 ConcurrentGCThread "G1 Refine#0" [stack: 0x0000007b0f700000,0x0000007b0f800000] [id=3568]
  0x00000199ac861800 ConcurrentGCThread "G1 Young RemSet Sampling" [stack: 0x0000007b0f800000,0x0000007b0f900000] [id=16656]

Threads with active compile tasks:
C2 CompilerThread0    31668 7179       4       org.gradle.internal.instantiation.generator.AbstractClassGenerator::inspectType (560 bytes)

VM state:not at safepoint (normal execution)

VM Mutex/Monitor currently owned by a thread: None

Heap address: 0x0000000080000000, size: 2048 MB, Compressed Oops mode: 32-bit
Narrow klass base: 0x0000000800000000, Narrow klass shift: 3
Compressed class space size: 1073741824 Address: 0x0000000800b40000

Heap:
 garbage-first heap   total 132096K, used 90642K [0x0000000080000000, 0x0000000100000000)
  region size 1024K, 32 young (32768K), 3 survivors (3072K)
 Metaspace       used 65620K, capacity 67361K, committed 67456K, reserved 1107968K
  class space    used 8936K, capacity 9575K, committed 9600K, reserved 1048576K
Heap Regions: E=young(eden), S=young(survivor), O=old, HS=humongous(starts), HC=humongous(continues), CS=collection set, F=free, A=archive, TAMS=top-at-mark-start (previous, next)
|   0|0x0000000080000000, 0x0000000080100000, 0x0000000080100000|100%| O|  |TAMS 0x0000000080100000, 0x0000000080000000| Untracked 
|   1|0x0000000080100000, 0x0000000080200000, 0x0000000080200000|100%| O|  |TAMS 0x0000000080200000, 0x0000000080100000| Untracked 
|   2|0x0000000080200000, 0x0000000080300000, 0x0000000080300000|100%| O|  |TAMS 0x0000000080300000, 0x0000000080200000| Untracked 
|   3|0x0000000080300000, 0x0000000080400000, 0x0000000080400000|100%|HS|  |TAMS 0x0000000080400000, 0x0000000080300000| Complete 
|   4|0x0000000080400000, 0x0000000080500000, 0x0000000080500000|100%|HC|  |TAMS 0x0000000080500000, 0x0000000080400000| Complete 
|   5|0x0000000080500000, 0x0000000080600000, 0x0000000080600000|100%|HC|  |TAMS 0x0000000080600000, 0x0000000080500000| Complete 
|   6|0x0000000080600000, 0x0000000080700000, 0x0000000080700000|100%| O|  |TAMS 0x0000000080700000, 0x0000000080600000| Untracked 
|   7|0x0000000080700000, 0x0000000080800000, 0x0000000080800000|100%| O|  |TAMS 0x0000000080800000, 0x0000000080700000| Untracked 
|   8|0x0000000080800000, 0x0000000080900000, 0x0000000080900000|100%| O|  |TAMS 0x0000000080900000, 0x0000000080800000| Untracked 
|   9|0x0000000080900000, 0x0000000080a00000, 0x0000000080a00000|100%| O|  |TAMS 0x0000000080a00000, 0x0000000080900000| Untracked 
|  10|0x0000000080a00000, 0x0000000080b00000, 0x0000000080b00000|100%| O|  |TAMS 0x0000000080b00000, 0x0000000080a00000| Untracked 
|  11|0x0000000080b00000, 0x0000000080c00000, 0x0000000080c00000|100%| O|  |TAMS 0x0000000080c00000, 0x0000000080b00000| Untracked 
|  12|0x0000000080c00000, 0x0000000080d00000, 0x0000000080d00000|100%| O|  |TAMS 0x0000000080d00000, 0x0000000080c00000| Untracked 
|  13|0x0000000080d00000, 0x0000000080e00000, 0x0000000080e00000|100%| O|  |TAMS 0x0000000080e00000, 0x0000000080d00000| Untracked 
|  14|0x0000000080e00000, 0x0000000080f00000, 0x0000000080f00000|100%| O|  |TAMS 0x0000000080f00000, 0x0000000080e00000| Untracked 
|  15|0x0000000080f00000, 0x0000000081000000, 0x0000000081000000|100%| O|  |TAMS 0x0000000081000000, 0x0000000080f00000| Untracked 
|  16|0x0000000081000000, 0x0000000081100000, 0x0000000081100000|100%| O|  |TAMS 0x0000000081100000, 0x0000000081000000| Untracked 
|  17|0x0000000081100000, 0x000000008110ca00, 0x0000000081200000|  4%| O|  |TAMS 0x000000008110ca00, 0x0000000081100000| Untracked 
|  18|0x0000000081200000, 0x0000000081300000, 0x0000000081300000|100%| O|  |TAMS 0x0000000081300000, 0x0000000081200000| Untracked 
|  19|0x0000000081300000, 0x0000000081400000, 0x0000000081400000|100%| O|  |TAMS 0x0000000081400000, 0x0000000081300000| Untracked 
|  20|0x0000000081400000, 0x0000000081500000, 0x0000000081500000|100%| O|  |TAMS 0x0000000081500000, 0x0000000081400000| Untracked 
|  21|0x0000000081500000, 0x0000000081600000, 0x0000000081600000|100%| O|  |TAMS 0x0000000081600000, 0x0000000081500000| Untracked 
|  22|0x0000000081600000, 0x0000000081700000, 0x0000000081700000|100%| O|  |TAMS 0x0000000081700000, 0x0000000081600000| Untracked 
|  23|0x0000000081700000, 0x0000000081800000, 0x0000000081800000|100%|HS|  |TAMS 0x0000000081800000, 0x0000000081700000| Complete 
|  24|0x0000000081800000, 0x0000000081900000, 0x0000000081900000|100%| O|  |TAMS 0x0000000081900000, 0x0000000081800000| Untracked 
|  25|0x0000000081900000, 0x0000000081a00000, 0x0000000081a00000|100%| O|  |TAMS 0x0000000081a00000, 0x0000000081900000| Untracked 
|  26|0x0000000081a00000, 0x0000000081b00000, 0x0000000081b00000|100%| O|  |TAMS 0x0000000081b00000, 0x0000000081a00000| Untracked 
|  27|0x0000000081b00000, 0x0000000081c00000, 0x0000000081c00000|100%| O|  |TAMS 0x0000000081c00000, 0x0000000081b00000| Untracked 
|  28|0x0000000081c00000, 0x0000000081d00000, 0x0000000081d00000|100%| O|  |TAMS 0x0000000081d00000, 0x0000000081c00000| Untracked 
|  29|0x0000000081d00000, 0x0000000081e00000, 0x0000000081e00000|100%| O|  |TAMS 0x0000000081e00000, 0x0000000081d00000| Untracked 
|  30|0x0000000081e00000, 0x0000000081f00000, 0x0000000081f00000|100%| O|  |TAMS 0x0000000081f00000, 0x0000000081e00000| Untracked 
|  31|0x0000000081f00000, 0x0000000082000000, 0x0000000082000000|100%| O|  |TAMS 0x0000000082000000, 0x0000000081f00000| Untracked 
|  32|0x0000000082000000, 0x0000000082100000, 0x0000000082100000|100%|HS|  |TAMS 0x0000000082100000, 0x0000000082000000| Complete 
|  33|0x0000000082100000, 0x0000000082200000, 0x0000000082200000|100%| O|  |TAMS 0x0000000082200000, 0x0000000082100000| Untracked 
|  34|0x0000000082200000, 0x0000000082300000, 0x0000000082300000|100%| O|  |TAMS 0x0000000082300000, 0x0000000082200000| Untracked 
|  35|0x0000000082300000, 0x0000000082400000, 0x0000000082400000|100%| O|  |TAMS 0x0000000082400000, 0x0000000082300000| Untracked 
|  36|0x0000000082400000, 0x0000000082500000, 0x0000000082500000|100%|HS|  |TAMS 0x0000000082500000, 0x0000000082400000| Complete 
|  37|0x0000000082500000, 0x0000000082600000, 0x0000000082600000|100%|HC|  |TAMS 0x0000000082600000, 0x0000000082500000| Complete 
|  38|0x0000000082600000, 0x0000000082700000, 0x0000000082700000|100%| O|  |TAMS 0x0000000082700000, 0x0000000082600000| Untracked 
|  39|0x0000000082700000, 0x0000000082800000, 0x0000000082800000|100%| O|  |TAMS 0x0000000082800000, 0x0000000082700000| Untracked 
|  40|0x0000000082800000, 0x0000000082900000, 0x0000000082900000|100%| O|  |TAMS 0x0000000082900000, 0x0000000082800000| Untracked 
|  41|0x0000000082900000, 0x0000000082a00000, 0x0000000082a00000|100%| O|  |TAMS 0x0000000082a00000, 0x0000000082900000| Untracked 
|  42|0x0000000082a00000, 0x0000000082b00000, 0x0000000082b00000|100%| O|  |TAMS 0x0000000082b00000, 0x0000000082a00000| Untracked 
|  43|0x0000000082b00000, 0x0000000082c00000, 0x0000000082c00000|100%| O|  |TAMS 0x0000000082c00000, 0x0000000082b00000| Untracked 
|  44|0x0000000082c00000, 0x0000000082d00000, 0x0000000082d00000|100%| O|  |TAMS 0x0000000082d00000, 0x0000000082c00000| Untracked 
|  45|0x0000000082d00000, 0x0000000082e00000, 0x0000000082e00000|100%| O|  |TAMS 0x0000000082e00000, 0x0000000082d00000| Untracked 
|  46|0x0000000082e00000, 0x0000000082f00000, 0x0000000082f00000|100%| O|  |TAMS 0x0000000082f00000, 0x0000000082e00000| Untracked 
|  47|0x0000000082f00000, 0x0000000083000000, 0x0000000083000000|100%| O|  |TAMS 0x0000000083000000, 0x0000000082f00000| Untracked 
|  48|0x0000000083000000, 0x0000000083100000, 0x0000000083100000|100%| O|  |TAMS 0x0000000083100000, 0x0000000083000000| Untracked 
|  49|0x0000000083100000, 0x0000000083200000, 0x0000000083200000|100%| O|  |TAMS 0x0000000083200000, 0x0000000083100000| Untracked 
|  50|0x0000000083200000, 0x0000000083300000, 0x0000000083300000|100%| O|  |TAMS 0x0000000083300000, 0x0000000083200000| Untracked 
|  51|0x0000000083300000, 0x0000000083400000, 0x0000000083400000|100%| O|  |TAMS 0x0000000083400000, 0x0000000083300000| Untracked 
|  52|0x0000000083400000, 0x0000000083500000, 0x0000000083500000|100%| O|  |TAMS 0x0000000083500000, 0x0000000083400000| Untracked 
|  53|0x0000000083500000, 0x0000000083600000, 0x0000000083600000|100%| O|  |TAMS 0x0000000083600000, 0x0000000083500000| Untracked 
|  54|0x0000000083600000, 0x0000000083700000, 0x0000000083700000|100%| O|  |TAMS 0x0000000083700000, 0x0000000083600000| Untracked 
|  55|0x0000000083700000, 0x0000000083800000, 0x0000000083800000|100%| O|  |TAMS 0x00000000837bf200, 0x0000000083700000| Untracked 
|  56|0x0000000083800000, 0x0000000083900000, 0x0000000083900000|100%| O|  |TAMS 0x0000000083800000, 0x0000000083800000| Untracked 
|  57|0x0000000083900000, 0x0000000083a00000, 0x0000000083a00000|100%| O|  |TAMS 0x0000000083900000, 0x0000000083900000| Untracked 
|  58|0x0000000083a00000, 0x0000000083a77e00, 0x0000000083b00000| 46%| O|  |TAMS 0x0000000083a00000, 0x0000000083a00000| Untracked 
|  59|0x0000000083b00000, 0x0000000083b00000, 0x0000000083c00000|  0%| F|  |TAMS 0x0000000083b00000, 0x0000000083b00000| Untracked 
|  60|0x0000000083c00000, 0x0000000083c00000, 0x0000000083d00000|  0%| F|  |TAMS 0x0000000083c00000, 0x0000000083c00000| Untracked 
|  61|0x0000000083d00000, 0x0000000083d00000, 0x0000000083e00000|  0%| F|  |TAMS 0x0000000083d00000, 0x0000000083d00000| Untracked 
|  62|0x0000000083e00000, 0x0000000083e00000, 0x0000000083f00000|  0%| F|  |TAMS 0x0000000083e00000, 0x0000000083e00000| Untracked 
|  63|0x0000000083f00000, 0x0000000083f00000, 0x0000000084000000|  0%| F|  |TAMS 0x0000000083f00000, 0x0000000083f00000| Untracked 
|  64|0x0000000084000000, 0x0000000084000000, 0x0000000084100000|  0%| F|  |TAMS 0x0000000084000000, 0x0000000084000000| Untracked 
|  65|0x0000000084100000, 0x0000000084100000, 0x0000000084200000|  0%| F|  |TAMS 0x0000000084100000, 0x0000000084100000| Untracked 
|  66|0x0000000084200000, 0x0000000084200000, 0x0000000084300000|  0%| F|  |TAMS 0x0000000084200000, 0x0000000084200000| Untracked 
|  67|0x0000000084300000, 0x0000000084300000, 0x0000000084400000|  0%| F|  |TAMS 0x0000000084300000, 0x0000000084300000| Untracked 
|  68|0x0000000084400000, 0x0000000084400000, 0x0000000084500000|  0%| F|  |TAMS 0x0000000084400000, 0x0000000084400000| Untracked 
|  69|0x0000000084500000, 0x0000000084500000, 0x0000000084600000|  0%| F|  |TAMS 0x0000000084500000, 0x0000000084500000| Untracked 
|  70|0x0000000084600000, 0x0000000084600000, 0x0000000084700000|  0%| F|  |TAMS 0x0000000084600000, 0x0000000084600000| Untracked 
|  71|0x0000000084700000, 0x0000000084700000, 0x0000000084800000|  0%| F|  |TAMS 0x0000000084700000, 0x0000000084700000| Untracked 
|  72|0x0000000084800000, 0x0000000084800000, 0x0000000084900000|  0%| F|  |TAMS 0x0000000084800000, 0x0000000084800000| Untracked 
|  73|0x0000000084900000, 0x0000000084900000, 0x0000000084a00000|  0%| F|  |TAMS 0x0000000084900000, 0x0000000084900000| Untracked 
|  74|0x0000000084a00000, 0x0000000084a00000, 0x0000000084b00000|  0%| F|  |TAMS 0x0000000084a00000, 0x0000000084a00000| Untracked 
|  75|0x0000000084b00000, 0x0000000084b00000, 0x0000000084c00000|  0%| F|  |TAMS 0x0000000084b00000, 0x0000000084b00000| Untracked 
|  76|0x0000000084c00000, 0x0000000084c00000, 0x0000000084d00000|  0%| F|  |TAMS 0x0000000084c00000, 0x0000000084c00000| Untracked 
|  77|0x0000000084d00000, 0x0000000084d00000, 0x0000000084e00000|  0%| F|  |TAMS 0x0000000084d00000, 0x0000000084d00000| Untracked 
|  78|0x0000000084e00000, 0x0000000084e00000, 0x0000000084f00000|  0%| F|  |TAMS 0x0000000084e00000, 0x0000000084e00000| Untracked 
|  79|0x0000000084f00000, 0x0000000084f00000, 0x0000000085000000|  0%| F|  |TAMS 0x0000000084f00000, 0x0000000084f00000| Untracked 
|  80|0x0000000085000000, 0x0000000085000000, 0x0000000085100000|  0%| F|  |TAMS 0x0000000085000000, 0x0000000085000000| Untracked 
|  81|0x0000000085100000, 0x0000000085100000, 0x0000000085200000|  0%| F|  |TAMS 0x0000000085100000, 0x0000000085100000| Untracked 
|  82|0x0000000085200000, 0x0000000085200000, 0x0000000085300000|  0%| F|  |TAMS 0x0000000085200000, 0x0000000085200000| Untracked 
|  83|0x0000000085300000, 0x0000000085400000, 0x0000000085400000|100%| S|CS|TAMS 0x0000000085300000, 0x0000000085300000| Complete 
|  84|0x0000000085400000, 0x0000000085500000, 0x0000000085500000|100%| S|CS|TAMS 0x0000000085400000, 0x0000000085400000| Complete 
|  85|0x0000000085500000, 0x0000000085600000, 0x0000000085600000|100%| S|CS|TAMS 0x0000000085500000, 0x0000000085500000| Complete 
|  86|0x0000000085600000, 0x0000000085600000, 0x0000000085700000|  0%| F|  |TAMS 0x0000000085600000, 0x0000000085600000| Untracked 
|  87|0x0000000085700000, 0x0000000085700000, 0x0000000085800000|  0%| F|  |TAMS 0x0000000085700000, 0x0000000085700000| Untracked 
|  88|0x0000000085800000, 0x0000000085800000, 0x0000000085900000|  0%| F|  |TAMS 0x0000000085800000, 0x0000000085800000| Untracked 
|  89|0x0000000085900000, 0x0000000085900000, 0x0000000085a00000|  0%| F|  |TAMS 0x0000000085900000, 0x0000000085900000| Untracked 
|  90|0x0000000085a00000, 0x0000000085a00000, 0x0000000085b00000|  0%| F|  |TAMS 0x0000000085a00000, 0x0000000085a00000| Untracked 
|  91|0x0000000085b00000, 0x0000000085b00000, 0x0000000085c00000|  0%| F|  |TAMS 0x0000000085b00000, 0x0000000085b00000| Untracked 
|  92|0x0000000085c00000, 0x0000000085c00000, 0x0000000085d00000|  0%| F|  |TAMS 0x0000000085c00000, 0x0000000085c00000| Untracked 
|  93|0x0000000085d00000, 0x0000000085d00000, 0x0000000085e00000|  0%| F|  |TAMS 0x0000000085d00000, 0x0000000085d00000| Untracked 
|  94|0x0000000085e00000, 0x0000000085e00000, 0x0000000085f00000|  0%| F|  |TAMS 0x0000000085e00000, 0x0000000085e00000| Untracked 
|  95|0x0000000085f00000, 0x0000000085f00000, 0x0000000086000000|  0%| F|  |TAMS 0x0000000085f00000, 0x0000000085f00000| Untracked 
|  96|0x0000000086000000, 0x0000000086000000, 0x0000000086100000|  0%| F|  |TAMS 0x0000000086000000, 0x0000000086000000| Untracked 
|  97|0x0000000086100000, 0x0000000086100000, 0x0000000086200000|  0%| F|  |TAMS 0x0000000086100000, 0x0000000086100000| Untracked 
|  98|0x0000000086200000, 0x0000000086200000, 0x0000000086300000|  0%| F|  |TAMS 0x0000000086200000, 0x0000000086200000| Untracked 
|  99|0x0000000086300000, 0x0000000086300000, 0x0000000086400000|  0%| F|  |TAMS 0x0000000086300000, 0x0000000086300000| Untracked 
| 100|0x0000000086400000, 0x0000000086500000, 0x0000000086500000|100%| E|  |TAMS 0x0000000086400000, 0x0000000086400000| Complete 
| 101|0x0000000086500000, 0x0000000086600000, 0x0000000086600000|100%| E|CS|TAMS 0x0000000086500000, 0x0000000086500000| Complete 
| 102|0x0000000086600000, 0x0000000086700000, 0x0000000086700000|100%| E|CS|TAMS 0x0000000086600000, 0x0000000086600000| Complete 
| 103|0x0000000086700000, 0x0000000086800000, 0x0000000086800000|100%| E|CS|TAMS 0x0000000086700000, 0x0000000086700000| Complete 
| 104|0x0000000086800000, 0x0000000086900000, 0x0000000086900000|100%| E|CS|TAMS 0x0000000086800000, 0x0000000086800000| Complete 
| 105|0x0000000086900000, 0x0000000086a00000, 0x0000000086a00000|100%| E|CS|TAMS 0x0000000086900000, 0x0000000086900000| Complete 
| 106|0x0000000086a00000, 0x0000000086b00000, 0x0000000086b00000|100%| E|CS|TAMS 0x0000000086a00000, 0x0000000086a00000| Complete 
| 107|0x0000000086b00000, 0x0000000086c00000, 0x0000000086c00000|100%| E|CS|TAMS 0x0000000086b00000, 0x0000000086b00000| Complete 
| 108|0x0000000086c00000, 0x0000000086d00000, 0x0000000086d00000|100%| E|CS|TAMS 0x0000000086c00000, 0x0000000086c00000| Complete 
| 109|0x0000000086d00000, 0x0000000086e00000, 0x0000000086e00000|100%| E|CS|TAMS 0x0000000086d00000, 0x0000000086d00000| Complete 
| 110|0x0000000086e00000, 0x0000000086f00000, 0x0000000086f00000|100%| E|CS|TAMS 0x0000000086e00000, 0x0000000086e00000| Complete 
| 111|0x0000000086f00000, 0x0000000087000000, 0x0000000087000000|100%| E|CS|TAMS 0x0000000086f00000, 0x0000000086f00000| Complete 
| 112|0x0000000087000000, 0x0000000087100000, 0x0000000087100000|100%| E|CS|TAMS 0x0000000087000000, 0x0000000087000000| Complete 
| 113|0x0000000087100000, 0x0000000087200000, 0x0000000087200000|100%| E|CS|TAMS 0x0000000087100000, 0x0000000087100000| Complete 
| 114|0x0000000087200000, 0x0000000087300000, 0x0000000087300000|100%| E|CS|TAMS 0x0000000087200000, 0x0000000087200000| Complete 
| 115|0x0000000087300000, 0x0000000087400000, 0x0000000087400000|100%| E|CS|TAMS 0x0000000087300000, 0x0000000087300000| Complete 
| 116|0x0000000087400000, 0x0000000087500000, 0x0000000087500000|100%| E|CS|TAMS 0x0000000087400000, 0x0000000087400000| Complete 
| 117|0x0000000087500000, 0x0000000087600000, 0x0000000087600000|100%| E|CS|TAMS 0x0000000087500000, 0x0000000087500000| Complete 
| 118|0x0000000087600000, 0x0000000087700000, 0x0000000087700000|100%| E|CS|TAMS 0x0000000087600000, 0x0000000087600000| Complete 
| 119|0x0000000087700000, 0x0000000087800000, 0x0000000087800000|100%| E|CS|TAMS 0x0000000087700000, 0x0000000087700000| Complete 
| 120|0x0000000087800000, 0x0000000087900000, 0x0000000087900000|100%| E|CS|TAMS 0x0000000087800000, 0x0000000087800000| Complete 
| 121|0x0000000087900000, 0x0000000087a00000, 0x0000000087a00000|100%| E|CS|TAMS 0x0000000087900000, 0x0000000087900000| Complete 
| 122|0x0000000087a00000, 0x0000000087b00000, 0x0000000087b00000|100%| E|CS|TAMS 0x0000000087a00000, 0x0000000087a00000| Complete 
| 123|0x0000000087b00000, 0x0000000087c00000, 0x0000000087c00000|100%| E|CS|TAMS 0x0000000087b00000, 0x0000000087b00000| Complete 
| 124|0x0000000087c00000, 0x0000000087d00000, 0x0000000087d00000|100%| E|CS|TAMS 0x0000000087c00000, 0x0000000087c00000| Complete 
| 172|0x000000008ac00000, 0x000000008ad00000, 0x000000008ad00000|100%| E|CS|TAMS 0x000000008ac00000, 0x000000008ac00000| Complete 
| 173|0x000000008ad00000, 0x000000008ae00000, 0x000000008ae00000|100%| E|CS|TAMS 0x000000008ad00000, 0x000000008ad00000| Complete 
| 174|0x000000008ae00000, 0x000000008af00000, 0x000000008af00000|100%| E|CS|TAMS 0x000000008ae00000, 0x000000008ae00000| Complete 
| 223|0x000000008df00000, 0x000000008e000000, 0x000000008e000000|100%| E|CS|TAMS 0x000000008df00000, 0x000000008df00000| Complete 

Card table byte_map: [0x00000199a56e0000,0x00000199a5ae0000] _byte_map_base: 0x00000199a52e0000

Marking Bits (Prev, Next): (CMBitMap*) 0x000001998d270d48, (CMBitMap*) 0x000001998d270d88
 Prev Bits: [0x00000199a5ee0000, 0x00000199a7ee0000)
 Next Bits: [0x00000199a7ee0000, 0x00000199a9ee0000)

Polling page: 0x000001998b8f0000

Metaspace:

Usage:
  Non-class:     56.43 MB capacity,    55.37 MB ( 98%) used,   909.49 KB (  2%) free+waste,   173.25 KB ( <1%) overhead. 
      Class:      9.35 MB capacity,     8.73 MB ( 93%) used,   549.47 KB (  6%) free+waste,    82.56 KB ( <1%) overhead. 
       Both:     65.78 MB capacity,    64.11 MB ( 97%) used,     1.42 MB (  2%) free+waste,   255.81 KB ( <1%) overhead. 

Virtual space:
  Non-class space:       58.00 MB reserved,      56.50 MB ( 97%) committed 
      Class space:        1.00 GB reserved,       9.38 MB ( <1%) committed 
             Both:        1.06 GB reserved,      65.88 MB (  6%) committed 

Chunk freelists:
   Non-Class:  6.00 KB
       Class:  25.00 KB
        Both:  31.00 KB

MaxMetaspaceSize: 17179869184.00 GB
CompressedClassSpaceSize: 1.00 GB

CodeHeap 'non-profiled nmethods': size=120000Kb used=4371Kb max_used=4371Kb free=115628Kb
 bounds [0x000001999d210000, 0x000001999d660000, 0x00000199a4740000]
CodeHeap 'profiled nmethods': size=120000Kb used=15211Kb max_used=15211Kb free=104788Kb
 bounds [0x0000019995ce0000, 0x0000019996bc0000, 0x000001999d210000]
CodeHeap 'non-nmethods': size=5760Kb used=2385Kb max_used=2445Kb free=3374Kb
 bounds [0x0000019995740000, 0x00000199959b0000, 0x0000019995ce0000]
 total_blobs=10295 nmethods=6704 adapters=774
 compilation: enabled
              stopped_count=0, restarted_count=0
 full_count=0

Compilation events (20 events):
Event: 31.252 Thread 0x00000199ad78f800 nmethod 7186 0x000001999d643590 code [0x000001999d6437a0, 0x000001999d643e70]
Event: 31.252 Thread 0x00000199ad78f800 7243       4       org.objectweb.asm.Type::getType (122 bytes)
Event: 31.263 Thread 0x00000199ad211000 7264   !   3       jdk.internal.loader.BuiltinClassLoader$2::run (114 bytes)
Event: 31.265 Thread 0x00000199ad211000 nmethod 7264 0x0000019996bb1810 code [0x0000019996bb1ac0, 0x0000019996bb29c0]
Event: 31.265 Thread 0x00000199ad211000 7265       3       java.util.StringTokenizer::scanToken (179 bytes)
Event: 31.268 Thread 0x00000199ad211000 nmethod 7265 0x0000019996bb2e90 code [0x0000019996bb3200, 0x0000019996bb4960]
Event: 31.268 Thread 0x00000199ad211000 7267       3       java.lang.StackTraceElement::<init> (10 bytes)
Event: 31.268 Thread 0x00000199ad211000 nmethod 7267 0x0000019996bb5190 code [0x0000019996bb5340, 0x0000019996bb5518]
Event: 31.268 Thread 0x00000199ad211000 7268  s!   3       java.lang.StackTraceElement::computeFormat (71 bytes)
Event: 31.269 Thread 0x00000199ad211000 nmethod 7268 0x0000019996bb5610 code [0x0000019996bb5820, 0x0000019996bb6240]
Event: 31.269 Thread 0x00000199ad211000 7269       3       java.lang.StackTraceElement::isHashedInJavaBase (31 bytes)
Event: 31.270 Thread 0x00000199ad211000 nmethod 7269 0x0000019996bb6510 code [0x0000019996bb6700, 0x0000019996bb6c60]
Event: 31.270 Thread 0x00000199ad211000 7270       3       java.lang.Module::getLayer (43 bytes)
Event: 31.270 Thread 0x00000199ad211000 nmethod 7270 0x0000019996bb6e10 code [0x0000019996bb6fe0, 0x0000019996bb73f0]
Event: 31.270 Thread 0x00000199ad211000 7266   !   3       java.lang.String::replace (255 bytes)
Event: 31.273 Thread 0x00000199ad211000 nmethod 7266 0x0000019996bb7510 code [0x0000019996bb7a00, 0x0000019996bba1f0]
Event: 31.344 Thread 0x00000199ad78f800 nmethod 7243 0x000001999d644410 code [0x000001999d6446c0, 0x000001999d646920]
Event: 31.462 Thread 0x00000199b1667800 nmethod 6844 0x000001999d647890 code [0x000001999d647e20, 0x000001999d650188]
Event: 31.565 Thread 0x00000199ad211000 7271   !   3       java.util.zip.ZipFile::getMetaInfEntryNames (106 bytes)
Event: 31.567 Thread 0x00000199ad211000 nmethod 7271 0x0000019996bbb310 code [0x0000019996bbb520, 0x0000019996bbbec0]

GC Heap History (20 events):
Event: 25.631 GC heap before
{Heap before GC invocations=21 (full 0):
 garbage-first heap   total 80896K, used 62185K [0x0000000080000000, 0x0000000100000000)
  region size 1024K, 19 young (19456K), 2 survivors (2048K)
 Metaspace       used 51463K, capacity 52887K, committed 53120K, reserved 1095680K
  class space    used 6877K, capacity 7430K, committed 7552K, reserved 1048576K
}
Event: 25.644 GC heap after
{Heap after GC invocations=22 (full 0):
 garbage-first heap   total 80896K, used 49489K [0x0000000080000000, 0x0000000100000000)
  region size 1024K, 3 young (3072K), 3 survivors (3072K)
 Metaspace       used 51463K, capacity 52887K, committed 53120K, reserved 1095680K
  class space    used 6877K, capacity 7430K, committed 7552K, reserved 1048576K
}
Event: 26.113 GC heap before
{Heap before GC invocations=23 (full 0):
 garbage-first heap   total 91136K, used 63825K [0x0000000080000000, 0x0000000100000000)
  region size 1024K, 17 young (17408K), 3 survivors (3072K)
 Metaspace       used 52898K, capacity 54289K, committed 54528K, reserved 1095680K
  class space    used 7055K, capacity 7594K, committed 7680K, reserved 1048576K
}
Event: 26.121 GC heap after
{Heap after GC invocations=24 (full 0):
 garbage-first heap   total 91136K, used 50339K [0x0000000080000000, 0x0000000100000000)
  region size 1024K, 2 young (2048K), 2 survivors (2048K)
 Metaspace       used 52898K, capacity 54289K, committed 54528K, reserved 1095680K
  class space    used 7055K, capacity 7594K, committed 7680K, reserved 1048576K
}
Event: 26.959 GC heap before
{Heap before GC invocations=24 (full 0):
 garbage-first heap   total 91136K, used 65699K [0x0000000080000000, 0x0000000100000000)
  region size 1024K, 18 young (18432K), 2 survivors (2048K)
 Metaspace       used 54425K, capacity 55778K, committed 55936K, reserved 1097728K
  class space    used 7220K, capacity 7767K, committed 7808K, reserved 1048576K
}
Event: 26.964 GC heap after
{Heap after GC invocations=25 (full 0):
 garbage-first heap   total 91136K, used 51710K [0x0000000080000000, 0x0000000100000000)
  region size 1024K, 3 young (3072K), 3 survivors (3072K)
 Metaspace       used 54425K, capacity 55778K, committed 55936K, reserved 1097728K
  class space    used 7220K, capacity 7767K, committed 7808K, reserved 1048576K
}
Event: 27.347 GC heap before
{Heap before GC invocations=26 (full 0):
 garbage-first heap   total 96256K, used 71166K [0x0000000080000000, 0x0000000100000000)
  region size 1024K, 21 young (21504K), 3 survivors (3072K)
 Metaspace       used 55230K, capacity 56627K, committed 56832K, reserved 1097728K
  class space    used 7339K, capacity 7875K, committed 7936K, reserved 1048576K
}
Event: 27.352 GC heap after
{Heap after GC invocations=27 (full 0):
 garbage-first heap   total 96256K, used 52514K [0x0000000080000000, 0x0000000100000000)
  region size 1024K, 3 young (3072K), 3 survivors (3072K)
 Metaspace       used 55230K, capacity 56627K, committed 56832K, reserved 1097728K
  class space    used 7339K, capacity 7875K, committed 7936K, reserved 1048576K
}
Event: 27.657 GC heap before
{Heap before GC invocations=27 (full 0):
 garbage-first heap   total 96256K, used 72994K [0x0000000080000000, 0x0000000100000000)
  region size 1024K, 23 young (23552K), 3 survivors (3072K)
 Metaspace       used 55418K, capacity 56916K, committed 57216K, reserved 1097728K
  class space    used 7378K, capacity 7950K, committed 8064K, reserved 1048576K
}
Event: 27.667 GC heap after
{Heap after GC invocations=28 (full 0):
 garbage-first heap   total 96256K, used 54588K [0x0000000080000000, 0x0000000100000000)
  region size 1024K, 3 young (3072K), 3 survivors (3072K)
 Metaspace       used 55418K, capacity 56916K, committed 57216K, reserved 1097728K
  class space    used 7378K, capacity 7950K, committed 8064K, reserved 1048576K
}
Event: 28.294 GC heap before
{Heap before GC invocations=29 (full 0):
 garbage-first heap   total 101376K, used 74044K [0x0000000080000000, 0x0000000100000000)
  region size 1024K, 22 young (22528K), 3 survivors (3072K)
 Metaspace       used 57088K, capacity 58654K, committed 59008K, reserved 1099776K
  class space    used 7614K, capacity 8209K, committed 8320K, reserved 1048576K
}
Event: 28.304 GC heap after
{Heap after GC invocations=30 (full 0):
 garbage-first heap   total 101376K, used 56122K [0x0000000080000000, 0x0000000100000000)
  region size 1024K, 2 young (2048K), 2 survivors (2048K)
 Metaspace       used 57088K, capacity 58654K, committed 59008K, reserved 1099776K
  class space    used 7614K, capacity 8209K, committed 8320K, reserved 1048576K
}
Event: 29.072 GC heap before
{Heap before GC invocations=30 (full 0):
 garbage-first heap   total 101376K, used 77626K [0x0000000080000000, 0x0000000100000000)
  region size 1024K, 23 young (23552K), 2 survivors (2048K)
 Metaspace       used 60117K, capacity 61728K, committed 61824K, reserved 1101824K
  class space    used 8156K, capacity 8739K, committed 8832K, reserved 1048576K
}
Event: 29.079 GC heap after
{Heap after GC invocations=31 (full 0):
 garbage-first heap   total 101376K, used 57276K [0x0000000080000000, 0x0000000100000000)
  region size 1024K, 3 young (3072K), 3 survivors (3072K)
 Metaspace       used 60117K, capacity 61728K, committed 61824K, reserved 1101824K
  class space    used 8156K, capacity 8739K, committed 8832K, reserved 1048576K
}
Event: 29.406 GC heap before
{Heap before GC invocations=32 (full 0):
 garbage-first heap   total 104448K, used 77756K [0x0000000080000000, 0x0000000100000000)
  region size 1024K, 23 young (23552K), 3 survivors (3072K)
 Metaspace       used 60856K, capacity 62416K, committed 62592K, reserved 1103872K
  class space    used 8246K, capacity 8816K, committed 8832K, reserved 1048576K
}
Event: 29.413 GC heap after
{Heap after GC invocations=33 (full 0):
 garbage-first heap   total 104448K, used 58894K [0x0000000080000000, 0x0000000100000000)
  region size 1024K, 3 young (3072K), 3 survivors (3072K)
 Metaspace       used 60856K, capacity 62416K, committed 62592K, reserved 1103872K
  class space    used 8246K, capacity 8816K, committed 8832K, reserved 1048576K
}
Event: 29.677 GC heap before
{Heap before GC invocations=33 (full 0):
 garbage-first heap   total 104448K, used 81422K [0x0000000080000000, 0x0000000100000000)
  region size 1024K, 25 young (25600K), 3 survivors (3072K)
 Metaspace       used 61229K, capacity 62849K, committed 62976K, reserved 1103872K
  class space    used 8301K, capacity 8895K, committed 8960K, reserved 1048576K
}
Event: 29.684 GC heap after
{Heap after GC invocations=34 (full 0):
 garbage-first heap   total 104448K, used 60398K [0x0000000080000000, 0x0000000100000000)
  region size 1024K, 4 young (4096K), 4 survivors (4096K)
 Metaspace       used 61229K, capacity 62849K, committed 62976K, reserved 1103872K
  class space    used 8301K, capacity 8895K, committed 8960K, reserved 1048576K
}
Event: 30.276 GC heap before
{Heap before GC invocations=35 (full 0):
 garbage-first heap   total 109568K, used 81902K [0x0000000080000000, 0x0000000100000000)
  region size 1024K, 25 young (25600K), 4 survivors (4096K)
 Metaspace       used 62764K, capacity 64515K, committed 64768K, reserved 1105920K
  class space    used 8538K, capacity 9143K, committed 9216K, reserved 1048576K
}
Event: 30.286 GC heap after
{Heap after GC invocations=36 (full 0):
 garbage-first heap   total 132096K, used 61970K [0x0000000080000000, 0x0000000100000000)
  region size 1024K, 3 young (3072K), 3 survivors (3072K)
 Metaspace       used 62764K, capacity 64515K, committed 64768K, reserved 1105920K
  class space    used 8538K, capacity 9143K, committed 9216K, reserved 1048576K
}

Deoptimization events (20 events):
Event: 30.504 Thread 0x00000199ad28a000 DEOPT PACKING pc=0x00000199968b6c96 sp=0x0000007b10ef6600
Event: 30.504 Thread 0x00000199ad28a000 DEOPT UNPACKING pc=0x000001999578964e sp=0x0000007b10ef5ba0 mode 0
Event: 30.587 Thread 0x00000199ad28a000 DEOPT PACKING pc=0x0000019996b34e48 sp=0x0000007b10ef79b0
Event: 30.587 Thread 0x00000199ad28a000 DEOPT UNPACKING pc=0x000001999578964e sp=0x0000007b10ef6eb8 mode 0
Event: 30.639 Thread 0x00000199ad28a000 DEOPT PACKING pc=0x00000199968b6c96 sp=0x0000007b10ef7f80
Event: 30.639 Thread 0x00000199ad28a000 DEOPT UNPACKING pc=0x000001999578964e sp=0x0000007b10ef7520 mode 0
Event: 30.765 Thread 0x00000199ad28a000 DEOPT PACKING pc=0x0000019996b34e48 sp=0x0000007b10ef8210
Event: 30.765 Thread 0x00000199ad28a000 DEOPT UNPACKING pc=0x000001999578964e sp=0x0000007b10ef7718 mode 0
Event: 31.128 Thread 0x00000199ad28a000 Uncommon trap: trap_request=0xffffff45 fr.pc=0x000001999d4f745c relative=0x0000000000001b5c
Event: 31.128 Thread 0x00000199ad28a000 Uncommon trap: reason=unstable_if action=reinterpret pc=0x000001999d4f745c method=sun.nio.fs.WindowsPathParser.normalize(Ljava/lang/StringBuilder;Ljava/lang/String;I)Ljava/lang/String; @ 172 c2
Event: 31.128 Thread 0x00000199ad28a000 DEOPT PACKING pc=0x000001999d4f745c sp=0x0000007b10ef93a0
Event: 31.129 Thread 0x00000199ad28a000 DEOPT UNPACKING pc=0x000001999578912f sp=0x0000007b10ef9390 mode 2
Event: 31.189 Thread 0x00000199ad28a000 Uncommon trap: trap_request=0xffffff45 fr.pc=0x000001999d2f5650 relative=0x0000000000000970
Event: 31.189 Thread 0x00000199ad28a000 Uncommon trap: reason=unstable_if action=reinterpret pc=0x000001999d2f5650 method=java.util.jar.JarFile.getVersionedEntry(Ljava/lang/String;Ljava/util/jar/JarEntry;)Ljava/util/jar/JarEntry; @ 67 c2
Event: 31.189 Thread 0x00000199ad28a000 DEOPT PACKING pc=0x000001999d2f5650 sp=0x0000007b10ef8cf0
Event: 31.189 Thread 0x00000199ad28a000 DEOPT UNPACKING pc=0x000001999578912f sp=0x0000007b10ef8cd8 mode 2
Event: 31.261 Thread 0x00000199ad28a000 Uncommon trap: trap_request=0xffffff45 fr.pc=0x000001999d346284 relative=0x0000000000000264
Event: 31.261 Thread 0x00000199ad28a000 Uncommon trap: reason=unstable_if action=reinterpret pc=0x000001999d346284 method=java.util.StringTokenizer.scanToken(I)I @ 42 c2
Event: 31.261 Thread 0x00000199ad28a000 DEOPT PACKING pc=0x000001999d346284 sp=0x0000007b10ef9510
Event: 31.261 Thread 0x00000199ad28a000 DEOPT UNPACKING pc=0x000001999578912f sp=0x0000007b10ef94a0 mode 2

Classes unloaded (20 events):
Event: 22.292 Thread 0x00000199ac9eb800 Unloading class 0x00000008010e1040 'org/gradle/api/internal/artifacts/ivyservice/ivyresolve/ErrorHandlingModuleComponentRepository$ErrorHandlingModuleComponentRepositoryAccess$$Lambda$569'
Event: 22.292 Thread 0x00000199ac9eb800 Unloading class 0x00000008010e1c40 'org/gradle/internal/resource/cached/AbstractCachedIndex$$Lambda$568'
Event: 22.292 Thread 0x00000199ac9eb800 Unloading class 0x00000008010e1840 'org/gradle/internal/resource/cached/AbstractCachedIndex$$Lambda$567'
Event: 22.292 Thread 0x00000199ac9eb800 Unloading class 0x00000008010e2040 'org/gradle/api/internal/artifacts/ivyservice/ivyresolve/ErrorHandlingModuleComponentRepository$ErrorHandlingModuleComponentRepositoryAccess$$Lambda$565'
Event: 22.292 Thread 0x00000199ac9eb800 Unloading class 0x00000008010e2c40 'org/gradle/api/internal/artifacts/ivyservice/ivyresolve/ErrorHandlingModuleComponentRepository$ErrorHandlingModuleComponentRepositoryAccess$$Lambda$564'
Event: 22.292 Thread 0x00000199ac9eb800 Unloading class 0x00000008010e2840 'org/gradle/api/internal/artifacts/ivyservice/ivyresolve/ErrorHandlingModuleComponentRepository$ErrorHandlingModuleComponentRepositoryAccess$$Lambda$562'
Event: 22.292 Thread 0x00000199ac9eb800 Unloading class 0x00000008010e3040 'org/gradle/api/internal/artifacts/ivyservice/ivyresolve/ErrorHandlingModuleComponentRepository$ErrorHandlingModuleComponentRepositoryAccess$$Lambda$561'
Event: 22.292 Thread 0x00000199ac9eb800 Unloading class 0x00000008010e3c40 'org/gradle/api/internal/artifacts/ivyservice/ivyresolve/ErrorHandlingModuleComponentRepository$ErrorHandlingModuleComponentRepositoryAccess$$Lambda$559'
Event: 22.292 Thread 0x00000199ac9eb800 Unloading class 0x00000008010e4440 'org/gradle/api/internal/artifacts/ivyservice/ivyresolve/ErrorHandlingModuleComponentRepository$ErrorHandlingModuleComponentRepositoryAccess$$Lambda$558'
Event: 22.292 Thread 0x00000199ac9eb800 Unloading class 0x00000008010e4c40 'org/gradle/api/internal/artifacts/ivyservice/ivyresolve/ErrorHandlingModuleComponentRepository$ErrorHandlingModuleComponentRepositoryAccess$$Lambda$556'
Event: 22.292 Thread 0x00000199ac9eb800 Unloading class 0x00000008010e4840 'org/gradle/internal/model/CalculatedValueContainer$CalculationState$$Lambda$555'
Event: 22.292 Thread 0x00000199ac9eb800 Unloading class 0x00000008010e5440 'org/gradle/internal/model/CalculatedValueContainer$CalculationState$$Lambda$554'
Event: 22.292 Thread 0x00000199ac9eb800 Unloading class 0x00000008010e5040 'org/gradle/internal/model/CalculatedValueContainer$CalculationState$$Lambda$553'
Event: 22.292 Thread 0x00000199ac9eb800 Unloading class 0x00000008010e5840 'org/gradle/internal/operations/DefaultBuildOperationQueue$WorkerRunnable$$Lambda$548'
Event: 22.292 Thread 0x00000199ac9eb800 Unloading class 0x00000008010e6440 'org/gradle/internal/operations/DefaultBuildOperationQueue$WorkerRunnable$$Lambda$549'
Event: 22.292 Thread 0x00000199ac9eb800 Unloading class 0x00000008010e6040 'org/gradle/internal/operations/DefaultBuildOperationQueue$WorkerRunnable$$Lambda$551'
Event: 22.292 Thread 0x00000199ac9eb800 Unloading class 0x00000008010e6840 'org/gradle/internal/operations/DefaultBuildOperationQueue$WorkerRunnable$$Lambda$547'
Event: 22.292 Thread 0x00000199ac9eb800 Unloading class 0x00000008010e7440 'org/gradle/internal/operations/DefaultBuildOperationQueue$WorkerRunnable$$Lambda$546'
Event: 22.292 Thread 0x00000199ac9eb800 Unloading class 0x00000008010e7040 'org/gradle/internal/operations/DefaultBuildOperationQueue$WorkerRunnable$$Lambda$545'
Event: 22.292 Thread 0x00000199ac9eb800 Unloading class 0x00000008010e7c40 'org/gradle/internal/operations/DefaultBuildOperationQueue$WorkerRunnable$$Lambda$544'

Classes redefined (0 events):
No events

Internal exceptions (20 events):
Event: 29.609 Thread 0x00000199ad28a000 Exception <a 'java/lang/ClassNotFoundException'{0x0000000085822c88}: org/gradle/api/internal/AbstractValidatingNamedDomainObjectContainerCustomizer> (0x0000000085822c88) 
thrown [t:/workspace/open/src/hotspot/share/classfile/systemDictionary.cpp, line 232]
Event: 29.611 Thread 0x00000199ad28a000 Exception <a 'java/lang/ClassNotFoundException'{0x000000008585c8d8}: org/gradle/api/internal/artifacts/configurations/DefaultConfigurationContainerCustomizer> (0x000000008585c8d8) 
thrown [t:/workspace/open/src/hotspot/share/classfile/systemDictionary.cpp, line 232]
Event: 29.615 Thread 0x00000199ad28a000 Exception <a 'java/lang/ClassNotFoundException'{0x00000000858a2648}: org/gradle/api/internal/artifacts/configurations/DefaultConfigurationContainer_DecoratedCustomizer> (0x00000000858a2648) 
thrown [t:/workspace/open/src/hotspot/share/classfile/systemDictionary.cpp, line 232]
Event: 29.634 Thread 0x00000199ad28a000 Exception <a 'java/lang/ClassNotFoundException'{0x000000008552e190}: org/gradle/api/internal/artifacts/configurations/DefaultConfiguration_DecoratedBeanInfo> (0x000000008552e190) 
thrown [t:/workspace/open/src/hotspot/share/classfile/systemDictionary.cpp, line 232]
Event: 29.635 Thread 0x00000199ad28a000 Exception <a 'java/lang/ClassNotFoundException'{0x000000008555ba00}: org/gradle/api/internal/artifacts/configurations/DefaultConfigurationBeanInfo> (0x000000008555ba00) 
thrown [t:/workspace/open/src/hotspot/share/classfile/systemDictionary.cpp, line 232]
Event: 29.636 Thread 0x00000199ad28a000 Exception <a 'java/lang/ClassNotFoundException'{0x00000000855769a8}: org/gradle/api/internal/file/AbstractFileCollectionBeanInfo> (0x00000000855769a8) 
thrown [t:/workspace/open/src/hotspot/share/classfile/systemDictionary.cpp, line 232]
Event: 29.637 Thread 0x00000199ad28a000 Exception <a 'java/lang/ClassNotFoundException'{0x00000000855917d8}: org/gradle/api/internal/file/AbstractFileCollectionCustomizer> (0x00000000855917d8) 
thrown [t:/workspace/open/src/hotspot/share/classfile/systemDictionary.cpp, line 232]
Event: 29.639 Thread 0x00000199ad28a000 Exception <a 'java/lang/ClassNotFoundException'{0x00000000855d1518}: org/gradle/api/internal/artifacts/configurations/DefaultConfigurationCustomizer> (0x00000000855d1518) 
thrown [t:/workspace/open/src/hotspot/share/classfile/systemDictionary.cpp, line 232]
Event: 29.645 Thread 0x00000199ad28a000 Exception <a 'java/lang/ClassNotFoundException'{0x0000000085459530}: org/gradle/api/internal/artifacts/configurations/DefaultConfiguration_DecoratedCustomizer> (0x0000000085459530) 
thrown [t:/workspace/open/src/hotspot/share/classfile/systemDictionary.cpp, line 232]
Event: 29.663 Thread 0x00000199ad28a000 Exception <a 'java/lang/ClassNotFoundException'{0x00000000852d6d08}: org/codehaus/groovy/runtime/MethodClosureBeanInfo> (0x00000000852d6d08) 
thrown [t:/workspace/open/src/hotspot/share/classfile/systemDictionary.cpp, line 232]
Event: 29.671 Thread 0x00000199ad28a000 Exception <a 'java/lang/ClassNotFoundException'{0x0000000084da4b38}: org/codehaus/groovy/runtime/MethodClosureCustomizer> (0x0000000084da4b38) 
thrown [t:/workspace/open/src/hotspot/share/classfile/systemDictionary.cpp, line 232]
Event: 29.685 Thread 0x00000199ad28a000 Exception <a 'java/lang/ClassNotFoundException'{0x000000008df14530}: org/gradle/api/internal/artifacts/configurations/DefaultConfiguration$ConfigurationResolvableDependencies_DecoratedBeanInfo> (0x000000008df14530) 
thrown [t:/workspace/open/src/hotspot/share/classfile/systemDictionary.cpp, line 232]
Event: 29.687 Thread 0x00000199ad28a000 Exception <a 'java/lang/ClassNotFoundException'{0x000000008df4b1e0}: org/gradle/api/internal/artifacts/configurations/DefaultConfiguration$ConfigurationResolvableDependenciesBeanInfo> (0x000000008df4b1e0) 
thrown [t:/workspace/open/src/hotspot/share/classfile/systemDictionary.cpp, line 232]
Event: 29.688 Thread 0x00000199ad28a000 Exception <a 'java/lang/ClassNotFoundException'{0x000000008df83a58}: org/gradle/api/internal/artifacts/configurations/DefaultConfiguration$ConfigurationResolvableDependenciesCustomizer> (0x000000008df83a58) 
thrown [t:/workspace/open/src/hotspot/share/classfile/systemDictionary.cpp, line 232]
Event: 29.689 Thread 0x00000199ad28a000 Exception <a 'java/lang/ClassNotFoundException'{0x000000008dfcdae0}: org/gradle/api/internal/artifacts/configurations/DefaultConfiguration$ConfigurationResolvableDependencies_DecoratedCustomizer> (0x000000008dfcdae0) 
thrown [t:/workspace/open/src/hotspot/share/classfile/systemDictionary.cpp, line 232]
Event: 29.772 Thread 0x00000199ad28a000 Implicit null exception at 0x000001999d4b2a21 to 0x000001999d4b31a6
Event: 29.772 Thread 0x00000199ad28a000 Implicit null exception at 0x000001999d4b3da4 to 0x000001999d4b44ee
Event: 31.011 Thread 0x00000199ad28a000 Exception <a 'sun/nio/fs/WindowsException'{0x00000000872eb338}> (0x00000000872eb338) 
thrown [t:/workspace/open/src/hotspot/share/prims/jni.cpp, line 598]
Event: 31.012 Thread 0x00000199ad28a000 Exception <a 'sun/nio/fs/WindowsException'{0x00000000872eba38}> (0x00000000872eba38) 
thrown [t:/workspace/open/src/hotspot/share/prims/jni.cpp, line 598]
Event: 31.469 Thread 0x00000199ad28a000 Exception <a 'java/lang/NullPointerException'{0x000000008682aeb8}> (0x000000008682aeb8) 
thrown [t:/workspace/open/src/hotspot/share/interpreter/linkResolver.cpp, line 1431]

Events (20 events):
Event: 31.510 loading class com/sun/xml/bind/v2/runtime/output/Pcdata
Event: 31.510 loading class com/sun/xml/bind/v2/runtime/output/Pcdata done
Event: 31.510 loading class com/sun/xml/bind/v2/runtime/unmarshaller/Base64Data
Event: 31.510 loading class com/sun/xml/bind/v2/runtime/unmarshaller/Base64Data done
Event: 31.540 loading class java/awt/image/BufferedImage
Event: 31.547 loading class java/awt/image/WritableRenderedImage
Event: 31.548 loading class java/awt/image/WritableRenderedImage done
Event: 31.548 loading class java/awt/image/BufferedImage done
Event: 31.548 loading class com/sun/xml/bind/v2/model/impl/RuntimeBuiltinLeafInfoImpl$10$1
Event: 31.548 loading class com/sun/xml/bind/v2/model/impl/RuntimeBuiltinLeafInfoImpl$10$1 done
Event: 31.549 loading class java/awt/Graphics2D
Event: 31.564 loading class java/awt/Graphics2D done
Event: 31.564 loading class com/sun/xml/bind/v2/model/impl/RuntimeBuiltinLeafInfoImpl$11
Event: 31.564 loading class com/sun/xml/bind/v2/model/impl/RuntimeBuiltinLeafInfoImpl$11 done
Event: 31.565 loading class javax/activation/DataSource
Event: 31.565 loading class javax/activation/DataSource done
Event: 31.566 Thread 0x00000199b1667800 Thread exited: 0x00000199b1667800
Event: 31.566 loading class javax/activation/DataHandler
Event: 31.566 loading class javax/activation/DataHandler done
Event: 31.568 loading class java/awt/datatransfer/Transferable


Dynamic libraries:
0x00007ff7f5d90000 - 0x00007ff7f5d9f000 	C:\Program Files\Java\jdk-13.0.2\bin\java.exe
0x00007fffd64f0000 - 0x00007fffd66e5000 	C:\WINDOWS\SYSTEM32\ntdll.dll
0x00007fffd61a0000 - 0x00007fffd625e000 	C:\WINDOWS\System32\KERNEL32.DLL
0x00007fffd3d70000 - 0x00007fffd4038000 	C:\WINDOWS\System32\KERNELBASE.dll
0x00007fffd40d0000 - 0x00007fffd41d0000 	C:\WINDOWS\System32\ucrtbase.dll
0x00007fffc6dc0000 - 0x00007fffc6dd5000 	C:\Program Files\Java\jdk-13.0.2\bin\VCRUNTIME140.dll
0x00007fffc3be0000 - 0x00007fffc3bf8000 	C:\Program Files\Java\jdk-13.0.2\bin\jli.dll
0x00007fffd4700000 - 0x00007fffd47ac000 	C:\WINDOWS\System32\ADVAPI32.dll
0x00007fffd5a70000 - 0x00007fffd5b0e000 	C:\WINDOWS\System32\msvcrt.dll
0x00007fffd6410000 - 0x00007fffd64ab000 	C:\WINDOWS\System32\sechost.dll
0x00007fffd5100000 - 0x00007fffd522a000 	C:\WINDOWS\System32\RPCRT4.dll
0x00007fffd2300000 - 0x00007fffd259a000 	C:\WINDOWS\WinSxS\amd64_microsoft.windows.common-controls_6595b64144ccf1df_6.0.19041.1110_none_60b5254171f9507e\COMCTL32.dll
0x00007fffd5ff0000 - 0x00007fffd6191000 	C:\WINDOWS\System32\USER32.dll
0x00007fffd5b10000 - 0x00007fffd5b3b000 	C:\WINDOWS\System32\GDI32.dll
0x00007fffd43d0000 - 0x00007fffd43f2000 	C:\WINDOWS\System32\win32u.dll
0x00007fffd3c60000 - 0x00007fffd3d6d000 	C:\WINDOWS\System32\gdi32full.dll
0x00007fffd41d0000 - 0x00007fffd426d000 	C:\WINDOWS\System32\msvcp_win.dll
0x00007fffca250000 - 0x00007fffca25a000 	C:\WINDOWS\SYSTEM32\VERSION.dll
0x00007fffd5240000 - 0x00007fffd5270000 	C:\WINDOWS\System32\IMM32.DLL
0x00007fffbb620000 - 0x00007fffbb6bb000 	C:\Program Files\Java\jdk-13.0.2\bin\msvcp140.dll
0x00007fff89ee0000 - 0x00007fff8aa3d000 	C:\Program Files\Java\jdk-13.0.2\bin\server\jvm.dll
0x00007fffd3400000 - 0x00007fffd3409000 	C:\WINDOWS\SYSTEM32\WSOCK32.dll
0x00007fffd5230000 - 0x00007fffd5238000 	C:\WINDOWS\System32\PSAPI.DLL
0x00007fffca260000 - 0x00007fffca287000 	C:\WINDOWS\SYSTEM32\WINMM.dll
0x00007fffd5b40000 - 0x00007fffd5bab000 	C:\WINDOWS\System32\WS2_32.dll
0x00007fffd14a0000 - 0x00007fffd14b2000 	C:\WINDOWS\SYSTEM32\kernel.appcore.dll
0x00007fffc6d80000 - 0x00007fffc6d90000 	C:\Program Files\Java\jdk-13.0.2\bin\verify.dll
0x00007fffd3620000 - 0x00007fffd3804000 	C:\WINDOWS\SYSTEM32\DBGHELP.DLL
0x00007fffd33b0000 - 0x00007fffd33dc000 	C:\WINDOWS\SYSTEM32\dbgcore.DLL
0x00007fffd4040000 - 0x00007fffd40c2000 	C:\WINDOWS\System32\bcryptPrimitives.dll
0x00007fffbb8d0000 - 0x00007fffbb8f6000 	C:\Program Files\Java\jdk-13.0.2\bin\java.dll
0x00007fffc3bc0000 - 0x00007fffc3bd7000 	C:\Program Files\Java\jdk-13.0.2\bin\zip.dll
0x00007fffc6870000 - 0x00007fffc687a000 	C:\Program Files\Java\jdk-13.0.2\bin\jimage.dll
0x00007fffd5320000 - 0x00007fffd5a64000 	C:\WINDOWS\System32\SHELL32.dll
0x00007fffd16a0000 - 0x00007fffd1e34000 	C:\WINDOWS\SYSTEM32\windows.storage.dll
0x00007fffd5c90000 - 0x00007fffd5fe5000 	C:\WINDOWS\System32\combase.dll
0x00007fffd3200000 - 0x00007fffd322e000 	C:\WINDOWS\SYSTEM32\Wldp.dll
0x00007fffd4a90000 - 0x00007fffd4b3d000 	C:\WINDOWS\System32\SHCORE.dll
0x00007fffd5c10000 - 0x00007fffd5c65000 	C:\WINDOWS\System32\shlwapi.dll
0x00007fffd3b40000 - 0x00007fffd3b5f000 	C:\WINDOWS\SYSTEM32\profapi.dll
0x00007fffbced0000 - 0x00007fffbcee9000 	C:\Program Files\Java\jdk-13.0.2\bin\net.dll
0x00007fffc45f0000 - 0x00007fffc46fc000 	C:\WINDOWS\SYSTEM32\WINHTTP.dll
0x00007fffd2f80000 - 0x00007fffd2fea000 	C:\WINDOWS\system32\mswsock.dll
0x00007fffbca50000 - 0x00007fffbca63000 	C:\Program Files\Java\jdk-13.0.2\bin\nio.dll
0x00007fffc3c00000 - 0x00007fffc3c27000 	C:\Users\jeffe\.gradle\native\e1d6ef7f7dcc3fd88c89a11ec53ec762bb8ba0a96d01ffa2cd45eb1d1d8dd5c5\windows-amd64\native-platform.dll
0x00007fff9c5b0000 - 0x00007fff9c6f4000 	C:\Users\jeffe\.gradle\native\5664cfc778a61ccfe75a443a1ab52a65af34e5dc3c78e0209fed803814484fcb\windows-amd64\native-platform-file-events.dll
0x00007fffc6740000 - 0x00007fffc6749000 	C:\Program Files\Java\jdk-13.0.2\bin\management.dll
0x00007fffc5590000 - 0x00007fffc559b000 	C:\Program Files\Java\jdk-13.0.2\bin\management_ext.dll
0x00007fffd3980000 - 0x00007fffd3998000 	C:\WINDOWS\SYSTEM32\CRYPTSP.dll
0x00007fffd28a0000 - 0x00007fffd28d4000 	C:\WINDOWS\system32\rsaenh.dll
0x00007fffd4400000 - 0x00007fffd4427000 	C:\WINDOWS\System32\bcrypt.dll
0x00007fffd3b00000 - 0x00007fffd3b2e000 	C:\WINDOWS\SYSTEM32\USERENV.dll
0x00007fffd3170000 - 0x00007fffd317c000 	C:\WINDOWS\SYSTEM32\CRYPTBASE.dll
0x00007fffd2c70000 - 0x00007fffd2cab000 	C:\WINDOWS\SYSTEM32\IPHLPAPI.DLL
0x00007fffd5310000 - 0x00007fffd5318000 	C:\WINDOWS\System32\NSI.dll
0x00007fffcb910000 - 0x00007fffcb927000 	C:\WINDOWS\SYSTEM32\dhcpcsvc6.DLL
0x00007fffcae60000 - 0x00007fffcae7d000 	C:\WINDOWS\SYSTEM32\dhcpcsvc.DLL
0x00007fffd2cb0000 - 0x00007fffd2d7b000 	C:\WINDOWS\SYSTEM32\DNSAPI.dll

dbghelp: loaded successfully - version: 4.0.5 - missing functions: none
symbol engine: initialized successfully - sym options: 0x614 - pdb path: .;C:\Program Files\Java\jdk-13.0.2\bin;C:\WINDOWS\SYSTEM32;C:\WINDOWS\WinSxS\amd64_microsoft.windows.common-controls_6595b64144ccf1df_6.0.19041.1110_none_60b5254171f9507e;C:\Program Files\Java\jdk-13.0.2\bin\server;C:\Users\jeffe\.gradle\native\e1d6ef7f7dcc3fd88c89a11ec53ec762bb8ba0a96d01ffa2cd45eb1d1d8dd5c5\windows-amd64;C:\Users\jeffe\.gradle\native\5664cfc778a61ccfe75a443a1ab52a65af34e5dc3c78e0209fed803814484fcb\windows-amd64

VM Arguments:
jvm_args: --add-opens=java.base/java.util=ALL-UNNAMED --add-opens=java.base/java.lang=ALL-UNNAMED --add-opens=java.base/java.lang.invoke=ALL-UNNAMED --add-opens=java.base/java.util=ALL-UNNAMED --add-opens=java.prefs/java.util.prefs=ALL-UNNAMED --add-opens=java.prefs/java.util.prefs=ALL-UNNAMED --add-opens=java.base/java.nio.charset=ALL-UNNAMED --add-opens=java.base/java.net=ALL-UNNAMED --add-opens=java.base/java.util.concurrent.atomic=ALL-UNNAMED -Xmx2048m -Dfile.encoding=UTF-8 -Duser.country=PH -Duser.language=en -Duser.variant 
java_command: org.gradle.launcher.daemon.bootstrap.GradleDaemon 7.3.2
java_class_path (initial): C:\Users\jeffe\.gradle\wrapper\dists\gradle-7.3.2-bin\4k4cn06q0rruwh9dpndf9gmi8\gradle-7.3.2\lib\gradle-launcher-7.3.2.jar
Launcher Type: SUN_STANDARD

[Global flags]
     intx CICompilerCount                          = 4                                         {product} {ergonomic}
     uint ConcGCThreads                            = 2                                         {product} {ergonomic}
     uint G1ConcRefinementThreads                  = 8                                         {product} {ergonomic}
   size_t G1HeapRegionSize                         = 1048576                                   {product} {ergonomic}
    uintx GCDrainStackTargetSize                   = 64                                        {product} {ergonomic}
   size_t InitialHeapSize                          = 234881024                                 {product} {ergonomic}
   size_t MarkStackSize                            = 4194304                                   {product} {ergonomic}
   size_t MaxHeapSize                              = 2147483648                                {product} {command line}
   size_t MaxNewSize                               = 1287651328                                {product} {ergonomic}
   size_t MinHeapDeltaBytes                        = 1048576                                   {product} {ergonomic}
   size_t MinHeapSize                              = 8388608                                   {product} {ergonomic}
    uintx NonNMethodCodeHeapSize                   = 5839372                                {pd product} {ergonomic}
    uintx NonProfiledCodeHeapSize                  = 122909434                              {pd product} {ergonomic}
    uintx ProfiledCodeHeapSize                     = 122909434                              {pd product} {ergonomic}
    uintx ReservedCodeCacheSize                    = 251658240                              {pd product} {ergonomic}
     bool SegmentedCodeCache                       = true                                      {product} {ergonomic}
   size_t SoftMaxHeapSize                          = 2147483648                             {manageable} {ergonomic}
     bool UseCompressedClassPointers               = true                                 {lp64_product} {ergonomic}
     bool UseCompressedOops                        = true                                 {lp64_product} {ergonomic}
     bool UseG1GC                                  = true                                      {product} {ergonomic}
     bool UseLargePagesIndividualAllocation        = false                                  {pd product} {ergonomic}

Logging:
Log output configuration:
 #0: stdout all=warning uptime,level,tags
 #1: stderr all=off uptime,level,tags

Environment Variables:
JAVA_HOME=C:\Program Files\Java\jdk-13.0.2
PATH=C:\Program Files (x86)\Razer Chroma SDK\bin;C:\Program Files\Razer Chroma SDK\bin;C:\Program Files (x86)\Razer\ChromaBroadcast\bin;C:\Program Files\Razer\ChromaBroadcast\bin;C:\WINDOWS\system32;C:\WINDOWS;C:\WINDOWS\System32\Wbem;C:\WINDOWS\System32\WindowsPowerShell\v1.0\;C:\WINDOWS\System32\OpenSSH\;C:\Program Files\Java\jdk-13.0.2\bin;C:\Program Files\MySQL\MySQL Server 5.5\bin;C:\WINDOWS\system32\config\systemprofile\AppData\Local\Microsoft\WindowsApps;C:\Users\jeffe\AppData\Local\Microsoft\WindowsApps;C:\xampp\php;C:\ProgramData\ComposerSetup\bin;C:\Program Files\Git\cmd;C:\Program Files\MySQL\MySQL Shell 8.0\bin\;C:\Users\jeffe\AppData\Local\Microsoft\WindowsApps;C:\Users\jeffe\AppData\Roaming\Composer\vendor\bin
USERNAME=jeffe
OS=Windows_NT
PROCESSOR_IDENTIFIER=AMD64 Family 23 Model 24 Stepping 1, AuthenticAMD



---------------  S Y S T E M  ---------------

OS: Windows 10 , 64 bit Build 19041 (10.0.19041.1348)

CPU:total 8 (initial active 8) (8 cores per cpu, 2 threads per core) family 23 model 24 stepping 1, cmov, cx8, fxsr, mmx, sse, sse2, sse3, ssse3, sse4.1, sse4.2, popcnt, avx, avx2, aes, clmul, mmxext, 3dnowpref, lzcnt, sse4a, ht, tsc, tscinvbit, tscinv, bmi1, bmi2, adx, sha, fma

Memory: 4k page, system-wide physical 14274M (7988M free)
TotalPageFile size 16450M (AvailPageFile size 8235M)
current process WorkingSet (physical memory assigned to process): 370M, peak: 370M
current process commit charge ("private bytes"): 417M, peak: 421M

vm_info: Java HotSpot(TM) 64-Bit Server VM (13.0.2+8) for windows-amd64 JRE (13.0.2+8), built on Dec 11 2019 09:20:33 by "mach5one" with unknown MS VC++:1916

END.
