#
# A fatal error has been detected by the Java Runtime Environment:
#
#  EXCEPTION_ACCESS_VIOLATION (0xc0000005) at pc=0x00007ff87b761d63, pid=2368, tid=10972
#
# JRE version: OpenJDK Runtime Environment (11.0.10) (build 11.0.10+0-b96-7249189)
# Java VM: OpenJDK 64-Bit Server VM (11.0.10+0-b96-7249189, mixed mode, tiered, compressed oops, g1 gc, windows-amd64)
# Problematic frame:
# V  [jvm.dll+0x201d63]
#
# No core dump will be written. Minidumps are not enabled by default on client versions of Windows
#
# If you would like to submit a bug report, please visit:
#   https://bugreport.java.com/bugreport/crash.jsp
#

---------------  S U M M A R Y ------------

Command Line: --add-opens=java.base/java.util=ALL-UNNAMED --add-opens=java.base/java.lang=ALL-UNNAMED --add-opens=java.base/java.lang.invoke=ALL-UNNAMED --add-opens=java.base/java.util=ALL-UNNAMED --add-opens=java.prefs/java.util.prefs=ALL-UNNAMED --add-opens=java.prefs/java.util.prefs=ALL-UNNAMED --add-opens=java.base/java.nio.charset=ALL-UNNAMED --add-opens=java.base/java.net=ALL-UNNAMED --add-opens=java.base/java.util.concurrent.atomic=ALL-UNNAMED -Xmx2048m -Dfile.encoding=UTF-8 -Duser.country=PH -Duser.language=en -Duser.variant org.gradle.launcher.daemon.bootstrap.GradleDaemon 7.0.2

Host: AMD Ryzen 5 3550H with Radeon Vega Mobile Gfx  , 8 cores, 13G,  Windows 10 , 64 bit Build 19041 (10.0.19041.1320)
Time: Tue Nov  9 13:42:15 2021 Malay Peninsula Standard Time elapsed time: 33.926502 seconds (0d 0h 0m 33s)

---------------  T H R E A D  ---------------

Current thread (0x00000287209dc800):  JavaThread "C2 CompilerThread2" daemon [_thread_in_native, id=10972, stack(0x000000f712700000,0x000000f712800000)]


Current CompileTask:
C2:  33926 11145       4       org.gradle.internal.logging.sink.OutputEventTransformer::onOutput (399 bytes)

Stack: [0x000000f712700000,0x000000f712800000],  sp=0x000000f7127fd9c0,  free space=1014k
Native frames: (J=compiled Java code, j=interpreted, Vv=VM code, C=native code)
V  [jvm.dll+0x201d63]
V  [jvm.dll+0x617564]
V  [jvm.dll+0x1fa6b4]
V  [jvm.dll+0x18354c]
V  [jvm.dll+0x208ee7]
V  [jvm.dll+0x207731]
V  [jvm.dll+0x6eb1cf]
V  [jvm.dll+0x6e3d45]
V  [jvm.dll+0x5ebe96]
C  [ucrtbase.dll+0x21bb2]
C  [KERNEL32.DLL+0x17034]
C  [ntdll.dll+0x52651]


siginfo: EXCEPTION_ACCESS_VIOLATION (0xc0000005), reading address 0x000000871e66c5c0


Register to memory mapping:

RIP=0x00007ff87b761d63 jvm.dll
RAX=0x000002872039d470 points into unknown readable memory: 0x0000000000000000 | 00 00 00 00 00 00 00 00
RBX=0x000000f7127fdc30 is pointing into the stack for thread: 0x00000287209dc800
RCX=0x00000000100fa903 is an unknown value
RDX=0x00000287238149b0 points into unknown readable memory: 0x9a79af87100fa903 | 03 a9 0f 10 87 af 79 9a
RSP=0x000000f7127fd9c0 is pointing into the stack for thread: 0x00000287209dc800
RBP=0x000000000000001f is an unknown value
RSI=0x000000000000079e is an unknown value
RDI=0x000000871e66c5c0 is an unknown value
R8 =0x0000000000000001 is an unknown value
R9 =0x0 is NULL
R10=0x00000287224607f0 points into unknown readable memory: 0x0000008000000003 | 03 00 00 00 80 00 00 00
R11=0x0000028723814a60 points into unknown readable memory: 0x0000000000000000 | 00 00 00 00 00 00 00 00
R12=0x000000000000064b is an unknown value
R13=0x0000000000000008 is an unknown value
R14=0x0000000000000108 is an unknown value
R15=0x000002872039d438 points into unknown readable memory: 0x00007ff87bdbaad8 | d8 aa db 7b f8 7f 00 00


Registers:
RAX=0x000002872039d470, RBX=0x000000f7127fdc30, RCX=0x00000000100fa903, RDX=0x00000287238149b0
RSP=0x000000f7127fd9c0, RBP=0x000000000000001f, RSI=0x000000000000079e, RDI=0x000000871e66c5c0
R8 =0x0000000000000001, R9 =0x0000000000000000, R10=0x00000287224607f0, R11=0x0000028723814a60
R12=0x000000000000064b, R13=0x0000000000000008, R14=0x0000000000000108, R15=0x000002872039d438
RIP=0x00007ff87b761d63, EFLAGS=0x0000000000010246

Top of Stack: (sp=0x000000f7127fd9c0)
0x000000f7127fd9c0:   000000f7127fdc30 0000000000000045
0x000000f7127fd9d0:   000000f7127fe6e0 000002871c34d558
0x000000f7127fd9e0:   00007ff87bd47918 0000028720404910
0x000000f7127fd9f0:   000000f7127fdc80 00007ff87bb77564
0x000000f7127fda00:   000000f7127fdb00 000000f7127fdc20
0x000000f7127fda10:   000000f7127fe6e0 0000028720404910
0x000000f7127fda20:   00000287224615f8 00007ff87b75a6b4
0x000000f7127fda30:   0000028722459610 000000f7127fdb30
0x000000f7127fda40:   00000287224607d0 0000028720404910
0x000000f7127fda50:   0000000000000000 000000f7127fef88
0x000000f7127fda60:   000000000000000a 0000028720c242d0
0x000000f7127fda70:   000000f7127ff138 000000f7127ff150
0x000000f7127fda80:   000002871a4699b0 0000000000000000
0x000000f7127fda90:   0000000000000000 0000000000000002
0x000000f7127fdaa0:   0000000000000000 0000000000000000
0x000000f7127fdab0:   0000000000000000 0000000000000000 

Instructions: (pc=0x00007ff87b761d63)
0x00007ff87b761c63:   8b d5 48 8b ce e8 53 a7 3c 00 48 8b 46 10 48 89
0x00007ff87b761c73:   1c e8 41 8b c6 48 f7 d8 4d 8d 3c c7 4c 3b 7c 24
0x00007ff87b761c83:   58 0f 83 a6 fe ff ff 4c 8b 74 24 20 48 8b 74 24
0x00007ff87b761c93:   68 48 8b 6c 24 60 48 8b 5c 24 50 48 83 c4 28 41
0x00007ff87b761ca3:   5f 41 5d 41 5c 5f c3 cc cc cc cc cc cc 48 89 5c
0x00007ff87b761cb3:   24 20 56 57 41 54 48 83 ec 20 8b b9 a8 01 00 00
0x00007ff87b761cc3:   48 8b da 2b b9 d0 01 00 00 48 8b f1 3b 7a 08 72
0x00007ff87b761cd3:   0a 8b d7 48 8b cb e8 e2 a6 3c 00 48 8b 43 10 48
0x00007ff87b761ce3:   c7 04 f8 00 00 00 00 48 8b 96 38 02 00 00 48 85
0x00007ff87b761cf3:   d2 74 08 48 8b cb e8 72 f1 ea ff 48 8b 96 40 02
0x00007ff87b761d03:   00 00 48 85 d2 74 08 48 8b cb e8 5e f1 ea ff 45
0x00007ff87b761d13:   33 e4 44 39 63 18 0f 86 d5 00 00 00 48 89 6c 24
0x00007ff87b761d23:   40 4c 89 74 24 48 4c 89 7c 24 50 66 90 48 8b 43
0x00007ff87b761d33:   10 4e 8b 3c e0 41 8b 47 1c 85 c0 0f 84 94 00 00
0x00007ff87b761d43:   00 45 33 f6 8b e8 0f 1f 80 00 00 00 00 49 8b 47
0x00007ff87b761d53:   08 49 8b 3c 06 48 85 ff 74 6d 40 f6 c7 01 75 67
0x00007ff87b761d63:   48 83 3f fe 74 61 8b 4f 28 8b c1 c1 e8 05 3b 43
0x00007ff87b761d73:   30 72 0f 48 8b 43 20 8b d1 48 8d 4b 20 ff 50 18
0x00007ff87b761d83:   eb 25 83 e1 1f 41 b8 01 00 00 00 41 d3 e0 8b c8
0x00007ff87b761d93:   48 8b 43 38 48 8d 14 88 8b 0c 88 8b c1 41 0b c8
0x00007ff87b761da3:   89 0a 41 23 c0 75 20 8b 73 18 8d 46 01 89 43 18
0x00007ff87b761db3:   3b 73 08 72 0a 8b d6 48 8b cb e8 fe a5 3c 00 48
0x00007ff87b761dc3:   8b 43 10 48 89 3c f0 49 83 c6 08 48 83 ed 01 0f
0x00007ff87b761dd3:   85 78 ff ff ff 41 ff c4 44 3b 63 18 0f 82 4b ff
0x00007ff87b761de3:   ff ff 4c 8b 7c 24 50 4c 8b 74 24 48 48 8b 6c 24
0x00007ff87b761df3:   40 48 8b 5c 24 58 48 83 c4 20 41 5c 5f 5e c3 cc
0x00007ff87b761e03:   cc cc cc cc cc cc cc cc cc cc cc cc cc 40 53 48
0x00007ff87b761e13:   83 ec 20 48 8b 81 48 02 00 00 48 8b d9 48 85 c0
0x00007ff87b761e23:   75 27 e8 56 30 00 00 48 8b d0 48 8b 48 10 48 8b
0x00007ff87b761e33:   01 48 3b c2 74 06 83 78 38 02 74 06 48 83 c1 08
0x00007ff87b761e43:   eb ec 48 89 83 48 02 00 00 48 83 c4 20 5b c3 cc
0x00007ff87b761e53:   cc cc cc cc cc cc cc cc cc cc cc cc cc 48 89 5c 


Stack slot to memory mapping:
stack at sp + 0 slots: 0x000000f7127fdc30 is pointing into the stack for thread: 0x00000287209dc800
stack at sp + 1 slots: 0x0000000000000045 is an unknown value
stack at sp + 2 slots: 0x000000f7127fe6e0 is pointing into the stack for thread: 0x00000287209dc800
stack at sp + 3 slots: 0x000002871c34d558 points into unknown readable memory: 0x00007ff87bd439d0 | d0 39 d4 7b f8 7f 00 00
stack at sp + 4 slots: 0x00007ff87bd47918 jvm.dll
stack at sp + 5 slots: 0x0000028720404910 points into unknown readable memory: 0x0000000000000006 | 06 00 00 00 00 00 00 00
stack at sp + 6 slots: 0x000000f7127fdc80 is pointing into the stack for thread: 0x00000287209dc800
stack at sp + 7 slots: 0x00007ff87bb77564 jvm.dll


---------------  P R O C E S S  ---------------

Threads class SMR info:
_java_thread_list=0x00000287223c23c0, length=64, elements={
0x000002877dfdd000, 0x000002871a45c800, 0x000002871a467800, 0x000002871ace4000,
0x000002871ace5000, 0x000002871ace7000, 0x000002871acf5800, 0x000002871acf6800,
0x000002871ad02000, 0x000002871ae60800, 0x000002871c89c800, 0x000002871b178800,
0x000002871cfc4000, 0x000002871e00f800, 0x000002871c78c000, 0x000002871cf2b000,
0x000002871c8e9800, 0x000002871cf0d800, 0x000002871de1d800, 0x000002871b4e3800,
0x000002871b4e8800, 0x000002871b4e9000, 0x000002871b4ea000, 0x000002871b4e4000,
0x000002871b4e6000, 0x000002871b4e5000, 0x000002871b4e6800, 0x000002871b4e7800,
0x000002871b6c6800, 0x000002871b6c7000, 0x000002871b6c1800, 0x000002871b6c3000,
0x000002871b6c5800, 0x000002871b6c9800, 0x000002871b6c9000, 0x000002871b6c4000,
0x000002871b6cd000, 0x000002871b6ce000, 0x000002871b6d0000, 0x000002871b6ca800,
0x000002871b6ce800, 0x000002871b6cf800, 0x000002871b6cb800, 0x000002871b6cc000,
0x000002871d8f4800, 0x000002871d8f5000, 0x000002871d8f3800, 0x000002871d8f6000,
0x000002871d8f1000, 0x000002871d8f0000, 0x000002871d8f8800, 0x000002871d8f2800,
0x000002871d8fc800, 0x000002871d8fd800, 0x000002871d8fb000, 0x000002871d8fe000,
0x000002871d8fb800, 0x000002871d8ff000, 0x000002871d8f9000, 0x00000287209df000,
0x00000287209de800, 0x00000287209e0000, 0x00000287209dc000, 0x00000287209dc800
}

Java Threads: ( => current thread )
  0x000002877dfdd000 JavaThread "main" [_thread_blocked, id=2112, stack(0x000000f70d900000,0x000000f70da00000)]
  0x000002871a45c800 JavaThread "Reference Handler" daemon [_thread_blocked, id=8692, stack(0x000000f70e000000,0x000000f70e100000)]
  0x000002871a467800 JavaThread "Finalizer" daemon [_thread_blocked, id=5080, stack(0x000000f70e100000,0x000000f70e200000)]
  0x000002871ace4000 JavaThread "Signal Dispatcher" daemon [_thread_blocked, id=8304, stack(0x000000f70e200000,0x000000f70e300000)]
  0x000002871ace5000 JavaThread "Attach Listener" daemon [_thread_blocked, id=7772, stack(0x000000f70e300000,0x000000f70e400000)]
  0x000002871ace7000 JavaThread "Service Thread" daemon [_thread_blocked, id=9348, stack(0x000000f70e400000,0x000000f70e500000)]
  0x000002871acf5800 JavaThread "C2 CompilerThread0" daemon [_thread_in_native, id=9136, stack(0x000000f70e500000,0x000000f70e600000)]
  0x000002871acf6800 JavaThread "C1 CompilerThread0" daemon [_thread_blocked, id=3728, stack(0x000000f70e600000,0x000000f70e700000)]
  0x000002871ad02000 JavaThread "Sweeper thread" daemon [_thread_blocked, id=12868, stack(0x000000f70e700000,0x000000f70e800000)]
  0x000002871ae60800 JavaThread "Common-Cleaner" daemon [_thread_blocked, id=9284, stack(0x000000f70e800000,0x000000f70e900000)]
  0x000002871c89c800 JavaThread "Daemon health stats" [_thread_blocked, id=7688, stack(0x000000f70f000000,0x000000f70f100000)]
  0x000002871b178800 JavaThread "Incoming local TCP Connector on port 49795" [_thread_in_native, id=11680, stack(0x000000f70ea00000,0x000000f70eb00000)]
  0x000002871cfc4000 JavaThread "Daemon periodic checks" [_thread_blocked, id=3256, stack(0x000000f70eb00000,0x000000f70ec00000)]
  0x000002871e00f800 JavaThread "Daemon" [_thread_blocked, id=9876, stack(0x000000f70f100000,0x000000f70f200000)]
  0x000002871c78c000 JavaThread "Handler for socket connection from /127.0.0.1:49795 to /127.0.0.1:49796" [_thread_in_native, id=3676, stack(0x000000f70f200000,0x000000f70f300000)]
  0x000002871cf2b000 JavaThread "Cancel handler" [_thread_blocked, id=2772, stack(0x000000f70f300000,0x000000f70f400000)]
  0x000002871c8e9800 JavaThread "Daemon worker" [_thread_blocked, id=11020, stack(0x000000f70f400000,0x000000f70f500000)]
  0x000002871cf0d800 JavaThread "Asynchronous log dispatcher for DefaultDaemonConnection: socket connection from /127.0.0.1:49795 to /127.0.0.1:49796" [_thread_blocked, id=10176, stack(0x000000f70f500000,0x000000f70f600000)]
  0x000002871de1d800 JavaThread "Stdin handler" [_thread_blocked, id=11776, stack(0x000000f70f600000,0x000000f70f700000)]
  0x000002871b4e3800 JavaThread "Daemon client event forwarder" [_thread_blocked, id=9416, stack(0x000000f70f700000,0x000000f70f800000)]
  0x000002871b4e8800 JavaThread "Cache worker for file hash cache (C:\Users\jeffe\.gradle\caches\7.0.2\fileHashes)" [_thread_blocked, id=7924, stack(0x000000f70fb00000,0x000000f70fc00000)]
  0x000002871b4e9000 JavaThread "File lock request listener" [_thread_in_native, id=7488, stack(0x000000f70fc00000,0x000000f70fd00000)]
  0x000002871b4ea000 JavaThread "Cache worker for journal cache (C:\Users\jeffe\.gradle\caches\journal-1)" [_thread_blocked, id=10788, stack(0x000000f70fe00000,0x000000f70ff00000)]
  0x000002871b4e4000 JavaThread "Cache worker for file hash cache (C:\Users\jeffe\AndroidStudioProjects\FirstAidKit3\.gradle\7.0.2\fileHashes)" [_thread_blocked, id=13252, stack(0x000000f710100000,0x000000f710200000)]
  0x000002871b4e6000 JavaThread "File watcher server" daemon [_thread_in_native, id=6572, stack(0x000000f710200000,0x000000f710300000)]
  0x000002871b4e5000 JavaThread "File watcher consumer" daemon [_thread_blocked, id=12612, stack(0x000000f710300000,0x000000f710400000)]
  0x000002871b4e6800 JavaThread "Cache worker for checksums cache (C:\Users\jeffe\AndroidStudioProjects\FirstAidKit3\.gradle\checksums)" [_thread_blocked, id=9408, stack(0x000000f710400000,0x000000f710500000)]
  0x000002871b4e7800 JavaThread "Cache worker for cache directory md-supplier (C:\Users\jeffe\.gradle\caches\7.0.2\md-supplier)" [_thread_blocked, id=4448, stack(0x000000f710500000,0x000000f710600000)]
  0x000002871b6c6800 JavaThread "Cache worker for cache directory md-rule (C:\Users\jeffe\.gradle\caches\7.0.2\md-rule)" [_thread_blocked, id=712, stack(0x000000f710600000,0x000000f710700000)]
  0x000002871b6c7000 JavaThread "Cache worker for execution history cache (C:\Users\jeffe\.gradle\caches\7.0.2\executionHistory)" [_thread_blocked, id=7544, stack(0x000000f710700000,0x000000f710800000)]
  0x000002871b6c1800 JavaThread "jar transforms" [_thread_blocked, id=4724, stack(0x000000f70ff00000,0x000000f710000000)]
  0x000002871b6c3000 JavaThread "jar transforms Thread 2" [_thread_blocked, id=3668, stack(0x000000f710800000,0x000000f710900000)]
  0x000002871b6c5800 JavaThread "Cache worker for file content cache (C:\Users\jeffe\.gradle\caches\7.0.2\fileContent)" [_thread_blocked, id=9076, stack(0x000000f710900000,0x000000f710a00000)]
  0x000002871b6c9800 JavaThread "Cache worker for dependencies-accessors (C:\Users\jeffe\AndroidStudioProjects\FirstAidKit3\.gradle\7.0.2\dependencies-accessors)" [_thread_blocked, id=9844, stack(0x000000f710a00000,0x000000f710b00000)]
  0x000002871b6c9000 JavaThread "jar transforms Thread 3" [_thread_blocked, id=7436, stack(0x000000f710c00000,0x000000f710d00000)]
  0x000002871b6c4000 JavaThread "Cache worker for Build Output Cleanup Cache (C:\Users\jeffe\AndroidStudioProjects\FirstAidKit3\.gradle\buildOutputCleanup)" [_thread_blocked, id=10408, stack(0x000000f710d00000,0x000000f710e00000)]
  0x000002871b6cd000 JavaThread "Build operations" [_thread_blocked, id=7748, stack(0x000000f710e00000,0x000000f710f00000)]
  0x000002871b6ce000 JavaThread "Build operations Thread 2" [_thread_blocked, id=10112, stack(0x000000f710f00000,0x000000f711000000)]
  0x000002871b6d0000 JavaThread "Build operations Thread 3" [_thread_in_native, id=4100, stack(0x000000f711000000,0x000000f711100000)]
  0x000002871b6ca800 JavaThread "Build operations Thread 4" [_thread_blocked, id=700, stack(0x000000f711100000,0x000000f711200000)]
  0x000002871b6ce800 JavaThread "Build operations Thread 5" [_thread_blocked, id=9180, stack(0x000000f711200000,0x000000f711300000)]
  0x000002871b6cf800 JavaThread "Build operations Thread 6" [_thread_blocked, id=2848, stack(0x000000f711300000,0x000000f711400000)]
  0x000002871b6cb800 JavaThread "Build operations Thread 7" [_thread_in_native, id=6116, stack(0x000000f711400000,0x000000f711500000)]
  0x000002871b6cc000 JavaThread "Build operations Thread 8" [_thread_blocked, id=7512, stack(0x000000f711500000,0x000000f711600000)]
  0x000002871d8f4800 JavaThread "jar transforms Thread 4" [_thread_blocked, id=10448, stack(0x000000f711600000,0x000000f711700000)]
  0x000002871d8f5000 JavaThread "jar transforms Thread 5" [_thread_blocked, id=4892, stack(0x000000f711700000,0x000000f711800000)]
  0x000002871d8f3800 JavaThread "jar transforms Thread 6" [_thread_blocked, id=11804, stack(0x000000f711800000,0x000000f711900000)]
  0x000002871d8f6000 JavaThread "jar transforms Thread 7" [_thread_blocked, id=12784, stack(0x000000f711900000,0x000000f711a00000)]
  0x000002871d8f1000 JavaThread "jar transforms Thread 8" [_thread_blocked, id=640, stack(0x000000f711a00000,0x000000f711b00000)]
  0x000002871d8f0000 JavaThread "Memory manager" [_thread_blocked, id=8472, stack(0x000000f711b00000,0x000000f711c00000)]
  0x000002871d8f8800 JavaThread "build event listener" [_thread_blocked, id=3732, stack(0x000000f711c00000,0x000000f711d00000)]
  0x000002871d8f2800 JavaThread "Execution worker for ':'" [_thread_blocked, id=6092, stack(0x000000f711d00000,0x000000f711e00000)]
  0x000002871d8fc800 JavaThread "Execution worker for ':' Thread 2" [_thread_blocked, id=9000, stack(0x000000f711e00000,0x000000f711f00000)]
  0x000002871d8fd800 JavaThread "Execution worker for ':' Thread 3" [_thread_blocked, id=6808, stack(0x000000f711f00000,0x000000f712000000)]
  0x000002871d8fb000 JavaThread "Execution worker for ':' Thread 4" [_thread_blocked, id=7848, stack(0x000000f712000000,0x000000f712100000)]
  0x000002871d8fe000 JavaThread "Execution worker for ':' Thread 5" [_thread_blocked, id=7780, stack(0x000000f712100000,0x000000f712200000)]
  0x000002871d8fb800 JavaThread "Execution worker for ':' Thread 6" [_thread_blocked, id=10344, stack(0x000000f712200000,0x000000f712300000)]
  0x000002871d8ff000 JavaThread "Execution worker for ':' Thread 7" [_thread_blocked, id=13232, stack(0x000000f712300000,0x000000f712400000)]
  0x000002871d8f9000 JavaThread "Cache worker for execution history cache (C:\Users\jeffe\AndroidStudioProjects\FirstAidKit3\.gradle\7.0.2\executionHistory)" [_thread_blocked, id=8936, stack(0x000000f712400000,0x000000f712500000)]
  0x00000287209df000 JavaThread "WorkerExecutor Queue" [_thread_blocked, id=10556, stack(0x000000f712500000,0x000000f712600000)]
  0x00000287209de800 JavaThread "WorkerExecutor Queue Thread 2" [_thread_blocked, id=6824, stack(0x000000f712600000,0x000000f712700000)]
  0x00000287209e0000 JavaThread "C2 CompilerThread1" daemon [_thread_blocked, id=12524, stack(0x000000f710000000,0x000000f710100000)]
  0x00000287209dc000 JavaThread "WorkerExecutor Queue Thread 3" [_thread_blocked, id=2592, stack(0x000000f710b00000,0x000000f710c00000)]
=>0x00000287209dc800 JavaThread "C2 CompilerThread2" daemon [_thread_in_native, id=10972, stack(0x000000f712700000,0x000000f712800000)]

Other Threads:
  0x000002871ac96800 VMThread "VM Thread" [stack: 0x000000f70df00000,0x000000f70e000000] [id=2968]
  0x000002871ae65000 WatcherThread [stack: 0x000000f70e900000,0x000000f70ea00000] [id=7264]
  0x000002877dff6800 GCTaskThread "GC Thread#0" [stack: 0x000000f70da00000,0x000000f70db00000] [id=7588]
  0x000002871bb98800 GCTaskThread "GC Thread#1" [stack: 0x000000f70ec00000,0x000000f70ed00000] [id=11168]
  0x000002871b7ea800 GCTaskThread "GC Thread#2" [stack: 0x000000f70ed00000,0x000000f70ee00000] [id=12824]
  0x000002871be22800 GCTaskThread "GC Thread#3" [stack: 0x000000f70ee00000,0x000000f70ef00000] [id=7668]
  0x000002871be29800 GCTaskThread "GC Thread#4" [stack: 0x000000f70ef00000,0x000000f70f000000] [id=5224]
  0x000002871c002800 GCTaskThread "GC Thread#5" [stack: 0x000000f70f800000,0x000000f70f900000] [id=2736]
  0x000002871d5ed800 GCTaskThread "GC Thread#6" [stack: 0x000000f70f900000,0x000000f70fa00000] [id=4404]
  0x000002871baf2800 GCTaskThread "GC Thread#7" [stack: 0x000000f70fa00000,0x000000f70fb00000] [id=3444]
  0x000002877e028800 ConcurrentGCThread "G1 Main Marker" [stack: 0x000000f70db00000,0x000000f70dc00000] [id=4840]
  0x000002877e02a800 ConcurrentGCThread "G1 Conc#0" [stack: 0x000000f70dc00000,0x000000f70dd00000] [id=3140]
  0x000002871be1c800 ConcurrentGCThread "G1 Conc#1" [stack: 0x000000f70fd00000,0x000000f70fe00000] [id=11748]
  0x000002871a2d2800 ConcurrentGCThread "G1 Refine#0" [stack: 0x000000f70dd00000,0x000000f70de00000] [id=8364]
  0x000002871a2d3800 ConcurrentGCThread "G1 Young RemSet Sampling" [stack: 0x000000f70de00000,0x000000f70df00000] [id=11488]

Threads with active compile tasks:
C2 CompilerThread0  34152 11155   !   4       java.nio.file.FileTreeWalker::next (144 bytes)
C2 CompilerThread2  34152 11145       4       org.gradle.internal.logging.sink.OutputEventTransformer::onOutput (399 bytes)

VM state:not at safepoint (normal execution)

VM Mutex/Monitor currently owned by a thread: None

Heap address: 0x0000000080000000, size: 2048 MB, Compressed Oops mode: 32-bit
Narrow klass base: 0x0000000000000000, Narrow klass shift: 3
Compressed class space size: 1073741824 Address: 0x0000000100000000

Heap:
 garbage-first heap   total 229376K, used 111479K [0x0000000080000000, 0x0000000100000000)
  region size 1024K, 48 young (49152K), 8 survivors (8192K)
 Metaspace       used 88648K, capacity 90925K, committed 91084K, reserved 1128448K
  class space    used 11401K, capacity 12220K, committed 12236K, reserved 1048576K
Heap Regions: E=young(eden), S=young(survivor), O=old, HS=humongous(starts), HC=humongous(continues), CS=collection set, F=free, A=archive, TAMS=top-at-mark-start (previous, next)
|   0|0x0000000080000000, 0x0000000080100000, 0x0000000080100000|100%| O|  |TAMS 0x0000000080100000, 0x0000000080000000| Untracked 
|   1|0x0000000080100000, 0x0000000080200000, 0x0000000080200000|100%| O|  |TAMS 0x0000000080200000, 0x0000000080100000| Untracked 
|   2|0x0000000080200000, 0x0000000080300000, 0x0000000080300000|100%| O|  |TAMS 0x0000000080300000, 0x0000000080200000| Untracked 
|   3|0x0000000080300000, 0x0000000080400000, 0x0000000080400000|100%|HS|  |TAMS 0x0000000080400000, 0x0000000080300000| Complete 
|   4|0x0000000080400000, 0x0000000080500000, 0x0000000080500000|100%|HC|  |TAMS 0x0000000080500000, 0x0000000080400000| Complete 
|   5|0x0000000080500000, 0x0000000080600000, 0x0000000080600000|100%|HC|  |TAMS 0x0000000080600000, 0x0000000080500000| Complete 
|   6|0x0000000080600000, 0x0000000080700000, 0x0000000080700000|100%| O|  |TAMS 0x0000000080700000, 0x0000000080600000| Untracked 
|   7|0x0000000080700000, 0x0000000080800000, 0x0000000080800000|100%| O|  |TAMS 0x0000000080800000, 0x0000000080700000| Untracked 
|   8|0x0000000080800000, 0x0000000080900000, 0x0000000080900000|100%| O|  |TAMS 0x0000000080900000, 0x0000000080800000| Untracked 
|   9|0x0000000080900000, 0x0000000080a00000, 0x0000000080a00000|100%| O|  |TAMS 0x0000000080a00000, 0x0000000080900000| Untracked 
|  10|0x0000000080a00000, 0x0000000080b00000, 0x0000000080b00000|100%| O|  |TAMS 0x0000000080b00000, 0x0000000080a00000| Untracked 
|  11|0x0000000080b00000, 0x0000000080c00000, 0x0000000080c00000|100%| O|  |TAMS 0x0000000080c00000, 0x0000000080b00000| Untracked 
|  12|0x0000000080c00000, 0x0000000080d00000, 0x0000000080d00000|100%| O|  |TAMS 0x0000000080d00000, 0x0000000080c00000| Untracked 
|  13|0x0000000080d00000, 0x0000000080e00000, 0x0000000080e00000|100%| O|  |TAMS 0x0000000080e00000, 0x0000000080d00000| Untracked 
|  14|0x0000000080e00000, 0x0000000080f00000, 0x0000000080f00000|100%| O|  |TAMS 0x0000000080f00000, 0x0000000080e00000| Untracked 
|  15|0x0000000080f00000, 0x0000000081000000, 0x0000000081000000|100%| O|  |TAMS 0x0000000081000000, 0x0000000080f00000| Untracked 
|  16|0x0000000081000000, 0x0000000081100000, 0x0000000081100000|100%| O|  |TAMS 0x0000000081100000, 0x0000000081000000| Untracked 
|  17|0x0000000081100000, 0x0000000081200000, 0x0000000081200000|100%|HS|  |TAMS 0x0000000081200000, 0x0000000081100000| Complete 
|  18|0x0000000081200000, 0x0000000081300000, 0x0000000081300000|100%|HS|  |TAMS 0x0000000081300000, 0x0000000081200000| Complete 
|  19|0x0000000081300000, 0x0000000081400000, 0x0000000081400000|100%|HS|  |TAMS 0x0000000081400000, 0x0000000081300000| Complete 
|  20|0x0000000081400000, 0x0000000081500000, 0x0000000081500000|100%|HC|  |TAMS 0x0000000081500000, 0x0000000081400000| Complete 
|  21|0x0000000081500000, 0x0000000081600000, 0x0000000081600000|100%| O|  |TAMS 0x0000000081600000, 0x0000000081500000| Untracked 
|  22|0x0000000081600000, 0x0000000081700000, 0x0000000081700000|100%| O|  |TAMS 0x0000000081700000, 0x0000000081600000| Untracked 
|  23|0x0000000081700000, 0x0000000081800000, 0x0000000081800000|100%| O|  |TAMS 0x0000000081800000, 0x0000000081700000| Untracked 
|  24|0x0000000081800000, 0x0000000081900000, 0x0000000081900000|100%| O|  |TAMS 0x0000000081900000, 0x0000000081800000| Untracked 
|  25|0x0000000081900000, 0x0000000081a00000, 0x0000000081a00000|100%| O|  |TAMS 0x0000000081a00000, 0x0000000081900000| Untracked 
|  26|0x0000000081a00000, 0x0000000081b00000, 0x0000000081b00000|100%| O|  |TAMS 0x0000000081b00000, 0x0000000081a00000| Untracked 
|  27|0x0000000081b00000, 0x0000000081c00000, 0x0000000081c00000|100%| O|  |TAMS 0x0000000081c00000, 0x0000000081b00000| Untracked 
|  28|0x0000000081c00000, 0x0000000081d00000, 0x0000000081d00000|100%| O|  |TAMS 0x0000000081d00000, 0x0000000081c00000| Untracked 
|  29|0x0000000081d00000, 0x0000000081e00000, 0x0000000081e00000|100%| O|  |TAMS 0x0000000081e00000, 0x0000000081d00000| Untracked 
|  30|0x0000000081e00000, 0x0000000081f00000, 0x0000000081f00000|100%| O|  |TAMS 0x0000000081f00000, 0x0000000081e00000| Untracked 
|  31|0x0000000081f00000, 0x0000000082000000, 0x0000000082000000|100%| O|  |TAMS 0x0000000082000000, 0x0000000081f00000| Untracked 
|  32|0x0000000082000000, 0x0000000082100000, 0x0000000082100000|100%| O|  |TAMS 0x0000000082100000, 0x0000000082000000| Untracked 
|  33|0x0000000082100000, 0x0000000082200000, 0x0000000082200000|100%| O|  |TAMS 0x0000000082200000, 0x0000000082100000| Untracked 
|  34|0x0000000082200000, 0x0000000082300000, 0x0000000082300000|100%| O|  |TAMS 0x0000000082300000, 0x0000000082200000| Untracked 
|  35|0x0000000082300000, 0x0000000082400000, 0x0000000082400000|100%| O|  |TAMS 0x0000000082400000, 0x0000000082300000| Untracked 
|  36|0x0000000082400000, 0x0000000082500000, 0x0000000082500000|100%| O|  |TAMS 0x0000000082500000, 0x0000000082400000| Untracked 
|  37|0x0000000082500000, 0x0000000082600000, 0x0000000082600000|100%| O|  |TAMS 0x0000000082600000, 0x0000000082500000| Untracked 
|  38|0x0000000082600000, 0x0000000082700000, 0x0000000082700000|100%| O|  |TAMS 0x0000000082700000, 0x0000000082600000| Untracked 
|  39|0x0000000082700000, 0x0000000082800000, 0x0000000082800000|100%| O|  |TAMS 0x0000000082800000, 0x0000000082700000| Untracked 
|  40|0x0000000082800000, 0x0000000082900000, 0x0000000082900000|100%| O|  |TAMS 0x0000000082832a00, 0x0000000082800000| Untracked 
|  41|0x0000000082900000, 0x0000000082a00000, 0x0000000082a00000|100%| O|  |TAMS 0x0000000082900000, 0x0000000082900000| Untracked 
|  42|0x0000000082a00000, 0x0000000082b00000, 0x0000000082b00000|100%| O|  |TAMS 0x0000000082a00000, 0x0000000082a00000| Untracked 
|  43|0x0000000082b00000, 0x0000000082c00000, 0x0000000082c00000|100%| O|  |TAMS 0x0000000082b00000, 0x0000000082b00000| Untracked 
|  44|0x0000000082c00000, 0x0000000082d00000, 0x0000000082d00000|100%| O|  |TAMS 0x0000000082c00000, 0x0000000082c00000| Untracked 
|  45|0x0000000082d00000, 0x0000000082e00000, 0x0000000082e00000|100%| O|  |TAMS 0x0000000082d00000, 0x0000000082d00000| Untracked 
|  46|0x0000000082e00000, 0x0000000082f00000, 0x0000000082f00000|100%| O|  |TAMS 0x0000000082e00000, 0x0000000082e00000| Untracked 
|  47|0x0000000082f00000, 0x0000000083000000, 0x0000000083000000|100%| O|  |TAMS 0x0000000082f00000, 0x0000000082f00000| Untracked 
|  48|0x0000000083000000, 0x0000000083100000, 0x0000000083100000|100%| O|  |TAMS 0x0000000083000000, 0x0000000083000000| Untracked 
|  49|0x0000000083100000, 0x0000000083200000, 0x0000000083200000|100%| O|  |TAMS 0x0000000083100000, 0x0000000083100000| Untracked 
|  50|0x0000000083200000, 0x0000000083300000, 0x0000000083300000|100%| O|  |TAMS 0x0000000083200000, 0x0000000083200000| Untracked 
|  51|0x0000000083300000, 0x0000000083400000, 0x0000000083400000|100%| O|  |TAMS 0x0000000083300000, 0x0000000083300000| Untracked 
|  52|0x0000000083400000, 0x0000000083500000, 0x0000000083500000|100%| O|  |TAMS 0x0000000083400000, 0x0000000083400000| Untracked 
|  53|0x0000000083500000, 0x0000000083600000, 0x0000000083600000|100%| O|  |TAMS 0x0000000083500000, 0x0000000083500000| Untracked 
|  54|0x0000000083600000, 0x0000000083700000, 0x0000000083700000|100%| O|  |TAMS 0x0000000083600000, 0x0000000083600000| Untracked 
|  55|0x0000000083700000, 0x0000000083800000, 0x0000000083800000|100%| O|  |TAMS 0x0000000083700000, 0x0000000083700000| Untracked 
|  56|0x0000000083800000, 0x0000000083900000, 0x0000000083900000|100%| O|  |TAMS 0x0000000083800000, 0x0000000083800000| Untracked 
|  57|0x0000000083900000, 0x000000008391d600, 0x0000000083a00000| 11%| O|  |TAMS 0x0000000083900000, 0x0000000083900000| Untracked 
|  58|0x0000000083a00000, 0x0000000083a00000, 0x0000000083b00000|  0%| F|  |TAMS 0x0000000083a00000, 0x0000000083a00000| Untracked 
|  59|0x0000000083b00000, 0x0000000083b00000, 0x0000000083c00000|  0%| F|  |TAMS 0x0000000083b00000, 0x0000000083b00000| Untracked 
|  60|0x0000000083c00000, 0x0000000083c00000, 0x0000000083d00000|  0%| F|  |TAMS 0x0000000083c00000, 0x0000000083c00000| Untracked 
|  61|0x0000000083d00000, 0x0000000083d00000, 0x0000000083e00000|  0%| F|  |TAMS 0x0000000083d00000, 0x0000000083d00000| Untracked 
|  62|0x0000000083e00000, 0x0000000083e00000, 0x0000000083f00000|  0%| F|  |TAMS 0x0000000083e00000, 0x0000000083e00000| Untracked 
|  63|0x0000000083f00000, 0x0000000083f00000, 0x0000000084000000|  0%| F|  |TAMS 0x0000000083f00000, 0x0000000083f00000| Untracked 
|  64|0x0000000084000000, 0x0000000084000000, 0x0000000084100000|  0%| F|  |TAMS 0x0000000084000000, 0x0000000084000000| Untracked 
|  65|0x0000000084100000, 0x0000000084100000, 0x0000000084200000|  0%| F|  |TAMS 0x0000000084100000, 0x0000000084100000| Untracked 
|  66|0x0000000084200000, 0x0000000084200000, 0x0000000084300000|  0%| F|  |TAMS 0x0000000084200000, 0x0000000084200000| Untracked 
|  67|0x0000000084300000, 0x0000000084300000, 0x0000000084400000|  0%| F|  |TAMS 0x0000000084300000, 0x0000000084300000| Untracked 
|  68|0x0000000084400000, 0x0000000084500000, 0x0000000084500000|100%| O|  |TAMS 0x0000000084400000, 0x0000000084400000| Untracked 
|  69|0x0000000084500000, 0x0000000084600000, 0x0000000084600000|100%| O|  |TAMS 0x0000000084500000, 0x0000000084500000| Untracked 
|  70|0x0000000084600000, 0x0000000084700000, 0x0000000084700000|100%| O|  |TAMS 0x0000000084600000, 0x0000000084600000| Untracked 
|  71|0x0000000084700000, 0x0000000084800000, 0x0000000084800000|100%| O|  |TAMS 0x0000000084700000, 0x0000000084700000| Untracked 
|  72|0x0000000084800000, 0x0000000084900000, 0x0000000084900000|100%| O|  |TAMS 0x0000000084800000, 0x0000000084800000| Untracked 
|  73|0x0000000084900000, 0x0000000084a00000, 0x0000000084a00000|100%| O|  |TAMS 0x0000000084900000, 0x0000000084900000| Untracked 
|  74|0x0000000084a00000, 0x0000000084a00000, 0x0000000084b00000|  0%| F|  |TAMS 0x0000000084a00000, 0x0000000084a00000| Untracked 
|  75|0x0000000084b00000, 0x0000000084b00000, 0x0000000084c00000|  0%| F|  |TAMS 0x0000000084b00000, 0x0000000084b00000| Untracked 
|  76|0x0000000084c00000, 0x0000000084c00000, 0x0000000084d00000|  0%| F|  |TAMS 0x0000000084c00000, 0x0000000084c00000| Untracked 
|  77|0x0000000084d00000, 0x0000000084d00000, 0x0000000084e00000|  0%| F|  |TAMS 0x0000000084d00000, 0x0000000084d00000| Untracked 
|  78|0x0000000084e00000, 0x0000000084e00000, 0x0000000084f00000|  0%| F|  |TAMS 0x0000000084e00000, 0x0000000084e00000| Untracked 
|  79|0x0000000084f00000, 0x0000000084f00000, 0x0000000085000000|  0%| F|  |TAMS 0x0000000084f00000, 0x0000000084f00000| Untracked 
|  80|0x0000000085000000, 0x0000000085000000, 0x0000000085100000|  0%| F|  |TAMS 0x0000000085000000, 0x0000000085000000| Untracked 
|  81|0x0000000085100000, 0x0000000085100000, 0x0000000085200000|  0%| F|  |TAMS 0x0000000085100000, 0x0000000085100000| Untracked 
|  82|0x0000000085200000, 0x0000000085200000, 0x0000000085300000|  0%| F|  |TAMS 0x0000000085200000, 0x0000000085200000| Untracked 
|  83|0x0000000085300000, 0x0000000085300000, 0x0000000085400000|  0%| F|  |TAMS 0x0000000085300000, 0x0000000085300000| Untracked 
|  84|0x0000000085400000, 0x0000000085400000, 0x0000000085500000|  0%| F|  |TAMS 0x0000000085400000, 0x0000000085400000| Untracked 
|  85|0x0000000085500000, 0x0000000085500000, 0x0000000085600000|  0%| F|  |TAMS 0x0000000085500000, 0x0000000085500000| Untracked 
|  86|0x0000000085600000, 0x0000000085600000, 0x0000000085700000|  0%| F|  |TAMS 0x0000000085600000, 0x0000000085600000| Untracked 
|  87|0x0000000085700000, 0x0000000085700000, 0x0000000085800000|  0%| F|  |TAMS 0x0000000085700000, 0x0000000085700000| Untracked 
|  88|0x0000000085800000, 0x0000000085800000, 0x0000000085900000|  0%| F|  |TAMS 0x0000000085800000, 0x0000000085800000| Untracked 
|  89|0x0000000085900000, 0x0000000085900000, 0x0000000085a00000|  0%| F|  |TAMS 0x0000000085900000, 0x0000000085900000| Untracked 
|  90|0x0000000085a00000, 0x0000000085a00000, 0x0000000085b00000|  0%| F|  |TAMS 0x0000000085a00000, 0x0000000085a00000| Untracked 
|  91|0x0000000085b00000, 0x0000000085b00000, 0x0000000085c00000|  0%| F|  |TAMS 0x0000000085b00000, 0x0000000085b00000| Untracked 
|  92|0x0000000085c00000, 0x0000000085c00000, 0x0000000085d00000|  0%| F|  |TAMS 0x0000000085c00000, 0x0000000085c00000| Untracked 
|  93|0x0000000085d00000, 0x0000000085d00000, 0x0000000085e00000|  0%| F|  |TAMS 0x0000000085d00000, 0x0000000085d00000| Untracked 
|  94|0x0000000085e00000, 0x0000000085e00000, 0x0000000085f00000|  0%| F|  |TAMS 0x0000000085e00000, 0x0000000085e00000| Untracked 
|  95|0x0000000085f00000, 0x0000000085f00000, 0x0000000086000000|  0%| F|  |TAMS 0x0000000085f00000, 0x0000000085f00000| Untracked 
|  96|0x0000000086000000, 0x0000000086000000, 0x0000000086100000|  0%| F|  |TAMS 0x0000000086000000, 0x0000000086000000| Untracked 
|  97|0x0000000086100000, 0x0000000086100000, 0x0000000086200000|  0%| F|  |TAMS 0x0000000086100000, 0x0000000086100000| Untracked 
|  98|0x0000000086200000, 0x0000000086200000, 0x0000000086300000|  0%| F|  |TAMS 0x0000000086200000, 0x0000000086200000| Untracked 
|  99|0x0000000086300000, 0x0000000086300000, 0x0000000086400000|  0%| F|  |TAMS 0x0000000086300000, 0x0000000086300000| Untracked 
| 100|0x0000000086400000, 0x0000000086400000, 0x0000000086500000|  0%| F|  |TAMS 0x0000000086400000, 0x0000000086400000| Untracked 
| 101|0x0000000086500000, 0x0000000086500000, 0x0000000086600000|  0%| F|  |TAMS 0x0000000086500000, 0x0000000086500000| Untracked 
| 102|0x0000000086600000, 0x0000000086600000, 0x0000000086700000|  0%| F|  |TAMS 0x0000000086600000, 0x0000000086600000| Untracked 
| 103|0x0000000086700000, 0x0000000086700000, 0x0000000086800000|  0%| F|  |TAMS 0x0000000086700000, 0x0000000086700000| Untracked 
| 104|0x0000000086800000, 0x0000000086800000, 0x0000000086900000|  0%| F|  |TAMS 0x0000000086800000, 0x0000000086800000| Untracked 
| 105|0x0000000086900000, 0x0000000086900000, 0x0000000086a00000|  0%| F|  |TAMS 0x0000000086900000, 0x0000000086900000| Untracked 
| 106|0x0000000086a00000, 0x0000000086a00000, 0x0000000086b00000|  0%| F|  |TAMS 0x0000000086a00000, 0x0000000086a00000| Untracked 
| 107|0x0000000086b00000, 0x0000000086b00000, 0x0000000086c00000|  0%| F|  |TAMS 0x0000000086b00000, 0x0000000086b00000| Untracked 
| 108|0x0000000086c00000, 0x0000000086c00000, 0x0000000086d00000|  0%| F|  |TAMS 0x0000000086c00000, 0x0000000086c00000| Untracked 
| 109|0x0000000086d00000, 0x0000000086d00000, 0x0000000086e00000|  0%| F|  |TAMS 0x0000000086d00000, 0x0000000086d00000| Untracked 
| 110|0x0000000086e00000, 0x0000000086e00000, 0x0000000086f00000|  0%| F|  |TAMS 0x0000000086e00000, 0x0000000086e00000| Untracked 
| 111|0x0000000086f00000, 0x0000000086f00000, 0x0000000087000000|  0%| F|  |TAMS 0x0000000086f00000, 0x0000000086f00000| Untracked 
| 112|0x0000000087000000, 0x0000000087000000, 0x0000000087100000|  0%| F|  |TAMS 0x0000000087000000, 0x0000000087000000| Untracked 
| 113|0x0000000087100000, 0x0000000087100000, 0x0000000087200000|  0%| F|  |TAMS 0x0000000087100000, 0x0000000087100000| Untracked 
| 114|0x0000000087200000, 0x0000000087200000, 0x0000000087300000|  0%| F|  |TAMS 0x0000000087200000, 0x0000000087200000| Untracked 
| 115|0x0000000087300000, 0x0000000087300000, 0x0000000087400000|  0%| F|  |TAMS 0x0000000087300000, 0x0000000087300000| Untracked 
| 116|0x0000000087400000, 0x0000000087400000, 0x0000000087500000|  0%| F|  |TAMS 0x0000000087400000, 0x0000000087400000| Untracked 
| 117|0x0000000087500000, 0x00000000875c0690, 0x0000000087600000| 75%| S|CS|TAMS 0x0000000087500000, 0x0000000087500000| Complete 
| 118|0x0000000087600000, 0x0000000087700000, 0x0000000087700000|100%| S|CS|TAMS 0x0000000087600000, 0x0000000087600000| Complete 
| 119|0x0000000087700000, 0x0000000087800000, 0x0000000087800000|100%| S|CS|TAMS 0x0000000087700000, 0x0000000087700000| Complete 
| 120|0x0000000087800000, 0x0000000087900000, 0x0000000087900000|100%| S|CS|TAMS 0x0000000087800000, 0x0000000087800000| Complete 
| 121|0x0000000087900000, 0x0000000087a00000, 0x0000000087a00000|100%| S|CS|TAMS 0x0000000087900000, 0x0000000087900000| Complete 
| 122|0x0000000087a00000, 0x0000000087b00000, 0x0000000087b00000|100%| S|CS|TAMS 0x0000000087a00000, 0x0000000087a00000| Complete 
| 123|0x0000000087b00000, 0x0000000087c00000, 0x0000000087c00000|100%| S|CS|TAMS 0x0000000087b00000, 0x0000000087b00000| Complete 
| 124|0x0000000087c00000, 0x0000000087d00000, 0x0000000087d00000|100%| S|CS|TAMS 0x0000000087c00000, 0x0000000087c00000| Complete 
| 125|0x0000000087d00000, 0x0000000087d00000, 0x0000000087e00000|  0%| F|  |TAMS 0x0000000087d00000, 0x0000000087d00000| Untracked 
| 126|0x0000000087e00000, 0x0000000087e00000, 0x0000000087f00000|  0%| F|  |TAMS 0x0000000087e00000, 0x0000000087e00000| Untracked 
| 127|0x0000000087f00000, 0x0000000087f00000, 0x0000000088000000|  0%| F|  |TAMS 0x0000000087f00000, 0x0000000087f00000| Untracked 
| 128|0x0000000088000000, 0x0000000088000000, 0x0000000088100000|  0%| F|  |TAMS 0x0000000088000000, 0x0000000088000000| Untracked 
| 129|0x0000000088100000, 0x0000000088100000, 0x0000000088200000|  0%| F|  |TAMS 0x0000000088100000, 0x0000000088100000| Untracked 
| 130|0x0000000088200000, 0x0000000088200000, 0x0000000088300000|  0%| F|  |TAMS 0x0000000088200000, 0x0000000088200000| Untracked 
| 131|0x0000000088300000, 0x0000000088300000, 0x0000000088400000|  0%| F|  |TAMS 0x0000000088300000, 0x0000000088300000| Untracked 
| 132|0x0000000088400000, 0x0000000088400000, 0x0000000088500000|  0%| F|  |TAMS 0x0000000088400000, 0x0000000088400000| Untracked 
| 133|0x0000000088500000, 0x0000000088500000, 0x0000000088600000|  0%| F|  |TAMS 0x0000000088500000, 0x0000000088500000| Untracked 
| 134|0x0000000088600000, 0x0000000088600000, 0x0000000088700000|  0%| F|  |TAMS 0x0000000088600000, 0x0000000088600000| Untracked 
| 135|0x0000000088700000, 0x0000000088700000, 0x0000000088800000|  0%| F|  |TAMS 0x0000000088700000, 0x0000000088700000| Untracked 
| 136|0x0000000088800000, 0x0000000088800000, 0x0000000088900000|  0%| F|  |TAMS 0x0000000088800000, 0x0000000088800000| Untracked 
| 137|0x0000000088900000, 0x0000000088900000, 0x0000000088a00000|  0%| F|  |TAMS 0x0000000088900000, 0x0000000088900000| Untracked 
| 138|0x0000000088a00000, 0x0000000088a00000, 0x0000000088b00000|  0%| F|  |TAMS 0x0000000088a00000, 0x0000000088a00000| Untracked 
| 139|0x0000000088b00000, 0x0000000088b00000, 0x0000000088c00000|  0%| F|  |TAMS 0x0000000088b00000, 0x0000000088b00000| Untracked 
| 140|0x0000000088c00000, 0x0000000088c00000, 0x0000000088d00000|  0%| F|  |TAMS 0x0000000088c00000, 0x0000000088c00000| Untracked 
| 141|0x0000000088d00000, 0x0000000088d00000, 0x0000000088e00000|  0%| F|  |TAMS 0x0000000088d00000, 0x0000000088d00000| Untracked 
| 142|0x0000000088e00000, 0x0000000088e00000, 0x0000000088f00000|  0%| F|  |TAMS 0x0000000088e00000, 0x0000000088e00000| Untracked 
| 143|0x0000000088f00000, 0x0000000088f00000, 0x0000000089000000|  0%| F|  |TAMS 0x0000000088f00000, 0x0000000088f00000| Untracked 
| 144|0x0000000089000000, 0x0000000089000000, 0x0000000089100000|  0%| F|  |TAMS 0x0000000089000000, 0x0000000089000000| Untracked 
| 145|0x0000000089100000, 0x0000000089100000, 0x0000000089200000|  0%| F|  |TAMS 0x0000000089100000, 0x0000000089100000| Untracked 
| 146|0x0000000089200000, 0x0000000089200000, 0x0000000089300000|  0%| F|  |TAMS 0x0000000089200000, 0x0000000089200000| Untracked 
| 147|0x0000000089300000, 0x0000000089300000, 0x0000000089400000|  0%| F|  |TAMS 0x0000000089300000, 0x0000000089300000| Untracked 
| 148|0x0000000089400000, 0x0000000089400000, 0x0000000089500000|  0%| F|  |TAMS 0x0000000089400000, 0x0000000089400000| Untracked 
| 149|0x0000000089500000, 0x0000000089500000, 0x0000000089600000|  0%| F|  |TAMS 0x0000000089500000, 0x0000000089500000| Untracked 
| 150|0x0000000089600000, 0x0000000089600000, 0x0000000089700000|  0%| F|  |TAMS 0x0000000089600000, 0x0000000089600000| Untracked 
| 151|0x0000000089700000, 0x0000000089700000, 0x0000000089800000|  0%| F|  |TAMS 0x0000000089700000, 0x0000000089700000| Untracked 
| 152|0x0000000089800000, 0x0000000089800000, 0x0000000089900000|  0%| F|  |TAMS 0x0000000089800000, 0x0000000089800000| Untracked 
| 153|0x0000000089900000, 0x0000000089900000, 0x0000000089a00000|  0%| F|  |TAMS 0x0000000089900000, 0x0000000089900000| Untracked 
| 154|0x0000000089a00000, 0x0000000089a00000, 0x0000000089b00000|  0%| F|  |TAMS 0x0000000089a00000, 0x0000000089a00000| Untracked 
| 155|0x0000000089b00000, 0x0000000089b00000, 0x0000000089c00000|  0%| F|  |TAMS 0x0000000089b00000, 0x0000000089b00000| Untracked 
| 156|0x0000000089c00000, 0x0000000089c00000, 0x0000000089d00000|  0%| F|  |TAMS 0x0000000089c00000, 0x0000000089c00000| Untracked 
| 157|0x0000000089d00000, 0x0000000089d00000, 0x0000000089e00000|  0%| F|  |TAMS 0x0000000089d00000, 0x0000000089d00000| Untracked 
| 158|0x0000000089e00000, 0x0000000089e00000, 0x0000000089f00000|  0%| F|  |TAMS 0x0000000089e00000, 0x0000000089e00000| Untracked 
| 159|0x0000000089f00000, 0x0000000089f00000, 0x000000008a000000|  0%| F|  |TAMS 0x0000000089f00000, 0x0000000089f00000| Untracked 
| 160|0x000000008a000000, 0x000000008a000000, 0x000000008a100000|  0%| F|  |TAMS 0x000000008a000000, 0x000000008a000000| Untracked 
| 161|0x000000008a100000, 0x000000008a100000, 0x000000008a200000|  0%| F|  |TAMS 0x000000008a100000, 0x000000008a100000| Untracked 
| 162|0x000000008a200000, 0x000000008a200000, 0x000000008a300000|  0%| F|  |TAMS 0x000000008a200000, 0x000000008a200000| Untracked 
| 163|0x000000008a300000, 0x000000008a300000, 0x000000008a400000|  0%| F|  |TAMS 0x000000008a300000, 0x000000008a300000| Untracked 
| 164|0x000000008a400000, 0x000000008a400000, 0x000000008a500000|  0%| F|  |TAMS 0x000000008a400000, 0x000000008a400000| Untracked 
| 165|0x000000008a500000, 0x000000008a500000, 0x000000008a600000|  0%| F|  |TAMS 0x000000008a500000, 0x000000008a500000| Untracked 
| 166|0x000000008a600000, 0x000000008a600000, 0x000000008a700000|  0%| F|  |TAMS 0x000000008a600000, 0x000000008a600000| Untracked 
| 167|0x000000008a700000, 0x000000008a700000, 0x000000008a800000|  0%| F|  |TAMS 0x000000008a700000, 0x000000008a700000| Untracked 
| 168|0x000000008a800000, 0x000000008a800000, 0x000000008a900000|  0%| F|  |TAMS 0x000000008a800000, 0x000000008a800000| Untracked 
| 169|0x000000008a900000, 0x000000008a900000, 0x000000008aa00000|  0%| F|  |TAMS 0x000000008a900000, 0x000000008a900000| Untracked 
| 170|0x000000008aa00000, 0x000000008aa00000, 0x000000008ab00000|  0%| F|  |TAMS 0x000000008aa00000, 0x000000008aa00000| Untracked 
| 171|0x000000008ab00000, 0x000000008ab00000, 0x000000008ac00000|  0%| F|  |TAMS 0x000000008ab00000, 0x000000008ab00000| Untracked 
| 172|0x000000008ac00000, 0x000000008ac00000, 0x000000008ad00000|  0%| F|  |TAMS 0x000000008ac00000, 0x000000008ac00000| Untracked 
| 173|0x000000008ad00000, 0x000000008ad00000, 0x000000008ae00000|  0%| F|  |TAMS 0x000000008ad00000, 0x000000008ad00000| Untracked 
| 174|0x000000008ae00000, 0x000000008ae00000, 0x000000008af00000|  0%| F|  |TAMS 0x000000008ae00000, 0x000000008ae00000| Untracked 
| 175|0x000000008af00000, 0x000000008af00000, 0x000000008b000000|  0%| F|  |TAMS 0x000000008af00000, 0x000000008af00000| Untracked 
| 176|0x000000008b000000, 0x000000008b000000, 0x000000008b100000|  0%| F|  |TAMS 0x000000008b000000, 0x000000008b000000| Untracked 
| 177|0x000000008b100000, 0x000000008b100000, 0x000000008b200000|  0%| F|  |TAMS 0x000000008b100000, 0x000000008b100000| Untracked 
| 178|0x000000008b200000, 0x000000008b200000, 0x000000008b300000|  0%| F|  |TAMS 0x000000008b200000, 0x000000008b200000| Untracked 
| 179|0x000000008b300000, 0x000000008b300000, 0x000000008b400000|  0%| F|  |TAMS 0x000000008b300000, 0x000000008b300000| Untracked 
| 180|0x000000008b400000, 0x000000008b400000, 0x000000008b500000|  0%| F|  |TAMS 0x000000008b400000, 0x000000008b400000| Untracked 
| 181|0x000000008b500000, 0x000000008b500000, 0x000000008b600000|  0%| F|  |TAMS 0x000000008b500000, 0x000000008b500000| Untracked 
| 182|0x000000008b600000, 0x000000008b600000, 0x000000008b700000|  0%| F|  |TAMS 0x000000008b600000, 0x000000008b600000| Untracked 
| 183|0x000000008b700000, 0x000000008b700000, 0x000000008b800000|  0%| F|  |TAMS 0x000000008b700000, 0x000000008b700000| Untracked 
| 184|0x000000008b800000, 0x000000008b8ccdf8, 0x000000008b900000| 80%| E|  |TAMS 0x000000008b800000, 0x000000008b800000| Complete 
| 185|0x000000008b900000, 0x000000008ba00000, 0x000000008ba00000|100%| E|CS|TAMS 0x000000008b900000, 0x000000008b900000| Complete 
| 186|0x000000008ba00000, 0x000000008bb00000, 0x000000008bb00000|100%| E|CS|TAMS 0x000000008ba00000, 0x000000008ba00000| Complete 
| 187|0x000000008bb00000, 0x000000008bc00000, 0x000000008bc00000|100%| E|CS|TAMS 0x000000008bb00000, 0x000000008bb00000| Complete 
| 188|0x000000008bc00000, 0x000000008bd00000, 0x000000008bd00000|100%| E|CS|TAMS 0x000000008bc00000, 0x000000008bc00000| Complete 
| 189|0x000000008bd00000, 0x000000008be00000, 0x000000008be00000|100%| E|CS|TAMS 0x000000008bd00000, 0x000000008bd00000| Complete 
| 190|0x000000008be00000, 0x000000008bf00000, 0x000000008bf00000|100%| E|CS|TAMS 0x000000008be00000, 0x000000008be00000| Complete 
| 191|0x000000008bf00000, 0x000000008c000000, 0x000000008c000000|100%| E|CS|TAMS 0x000000008bf00000, 0x000000008bf00000| Complete 
| 192|0x000000008c000000, 0x000000008c100000, 0x000000008c100000|100%| E|CS|TAMS 0x000000008c000000, 0x000000008c000000| Complete 
| 193|0x000000008c100000, 0x000000008c200000, 0x000000008c200000|100%| E|CS|TAMS 0x000000008c100000, 0x000000008c100000| Complete 
| 194|0x000000008c200000, 0x000000008c300000, 0x000000008c300000|100%| E|CS|TAMS 0x000000008c200000, 0x000000008c200000| Complete 
| 195|0x000000008c300000, 0x000000008c400000, 0x000000008c400000|100%| E|CS|TAMS 0x000000008c300000, 0x000000008c300000| Complete 
| 196|0x000000008c400000, 0x000000008c500000, 0x000000008c500000|100%| E|  |TAMS 0x000000008c400000, 0x000000008c400000| Complete 
| 197|0x000000008c500000, 0x000000008c600000, 0x000000008c600000|100%| E|CS|TAMS 0x000000008c500000, 0x000000008c500000| Complete 
| 198|0x000000008c600000, 0x000000008c700000, 0x000000008c700000|100%| E|CS|TAMS 0x000000008c600000, 0x000000008c600000| Complete 
| 199|0x000000008c700000, 0x000000008c800000, 0x000000008c800000|100%| E|CS|TAMS 0x000000008c700000, 0x000000008c700000| Complete 
| 200|0x000000008c800000, 0x000000008c900000, 0x000000008c900000|100%| E|CS|TAMS 0x000000008c800000, 0x000000008c800000| Complete 
| 201|0x000000008c900000, 0x000000008ca00000, 0x000000008ca00000|100%| E|CS|TAMS 0x000000008c900000, 0x000000008c900000| Complete 
| 202|0x000000008ca00000, 0x000000008cb00000, 0x000000008cb00000|100%| E|CS|TAMS 0x000000008ca00000, 0x000000008ca00000| Complete 
| 203|0x000000008cb00000, 0x000000008cc00000, 0x000000008cc00000|100%| E|CS|TAMS 0x000000008cb00000, 0x000000008cb00000| Complete 
| 204|0x000000008cc00000, 0x000000008cd00000, 0x000000008cd00000|100%| E|CS|TAMS 0x000000008cc00000, 0x000000008cc00000| Complete 
| 205|0x000000008cd00000, 0x000000008ce00000, 0x000000008ce00000|100%| E|CS|TAMS 0x000000008cd00000, 0x000000008cd00000| Complete 
| 206|0x000000008ce00000, 0x000000008cf00000, 0x000000008cf00000|100%| E|CS|TAMS 0x000000008ce00000, 0x000000008ce00000| Complete 
| 207|0x000000008cf00000, 0x000000008d000000, 0x000000008d000000|100%| E|CS|TAMS 0x000000008cf00000, 0x000000008cf00000| Complete 
| 208|0x000000008d000000, 0x000000008d100000, 0x000000008d100000|100%| E|CS|TAMS 0x000000008d000000, 0x000000008d000000| Complete 
| 209|0x000000008d100000, 0x000000008d200000, 0x000000008d200000|100%| E|CS|TAMS 0x000000008d100000, 0x000000008d100000| Complete 
| 210|0x000000008d200000, 0x000000008d300000, 0x000000008d300000|100%| E|CS|TAMS 0x000000008d200000, 0x000000008d200000| Complete 
| 211|0x000000008d300000, 0x000000008d400000, 0x000000008d400000|100%| E|CS|TAMS 0x000000008d300000, 0x000000008d300000| Complete 
| 212|0x000000008d400000, 0x000000008d500000, 0x000000008d500000|100%| E|CS|TAMS 0x000000008d400000, 0x000000008d400000| Complete 
| 213|0x000000008d500000, 0x000000008d600000, 0x000000008d600000|100%| E|CS|TAMS 0x000000008d500000, 0x000000008d500000| Complete 
| 214|0x000000008d600000, 0x000000008d700000, 0x000000008d700000|100%| E|CS|TAMS 0x000000008d600000, 0x000000008d600000| Complete 
| 215|0x000000008d700000, 0x000000008d800000, 0x000000008d800000|100%| E|CS|TAMS 0x000000008d700000, 0x000000008d700000| Complete 
| 216|0x000000008d800000, 0x000000008d900000, 0x000000008d900000|100%| E|CS|TAMS 0x000000008d800000, 0x000000008d800000| Complete 
| 217|0x000000008d900000, 0x000000008da00000, 0x000000008da00000|100%| E|CS|TAMS 0x000000008d900000, 0x000000008d900000| Complete 
| 218|0x000000008da00000, 0x000000008db00000, 0x000000008db00000|100%| E|CS|TAMS 0x000000008da00000, 0x000000008da00000| Complete 
| 219|0x000000008db00000, 0x000000008dc00000, 0x000000008dc00000|100%| E|CS|TAMS 0x000000008db00000, 0x000000008db00000| Complete 
| 220|0x000000008dc00000, 0x000000008dd00000, 0x000000008dd00000|100%| E|CS|TAMS 0x000000008dc00000, 0x000000008dc00000| Complete 
| 221|0x000000008dd00000, 0x000000008de00000, 0x000000008de00000|100%| E|CS|TAMS 0x000000008dd00000, 0x000000008dd00000| Complete 
| 222|0x000000008de00000, 0x000000008df00000, 0x000000008df00000|100%| E|CS|TAMS 0x000000008de00000, 0x000000008de00000| Complete 
| 223|0x000000008df00000, 0x000000008e000000, 0x000000008e000000|100%| E|CS|TAMS 0x000000008df00000, 0x000000008df00000| Complete 

Card table byte_map: [0x0000028713140000,0x0000028713540000] _byte_map_base: 0x0000028712d40000

Marking Bits (Prev, Next): (CMBitMap*) 0x000002877e01f998, (CMBitMap*) 0x000002877e01f9d0
 Prev Bits: [0x0000028713940000, 0x0000028715940000)
 Next Bits: [0x0000028715940000, 0x0000028717940000)

Polling page: 0x000002877f870000

Metaspace:

Usage:
  Non-class:     76.86 MB capacity,    75.44 MB ( 98%) used,     1.18 MB (  2%) free+waste,   248.63 KB ( <1%) overhead. 
      Class:     11.93 MB capacity,    11.13 MB ( 93%) used,   706.59 KB (  6%) free+waste,   112.00 KB ( <1%) overhead. 
       Both:     88.79 MB capacity,    86.57 MB ( 97%) used,     1.87 MB (  2%) free+waste,   360.63 KB ( <1%) overhead. 

Virtual space:
  Non-class space:       78.00 MB reserved,      77.00 MB ( 99%) committed 
      Class space:        1.00 GB reserved,      11.95 MB (  1%) committed 
             Both:        1.08 GB reserved,      88.95 MB (  8%) committed 

Chunk freelists:
   Non-Class:  15.00 KB
       Class:  4.00 KB
        Both:  19.00 KB

MaxMetaspaceSize: 17179869184.00 GB
CompressedClassSpaceSize: 1.00 GB

CodeHeap 'non-profiled nmethods': size=120000Kb used=7208Kb max_used=7208Kb free=112791Kb
 bounds [0x000002870b4e0000, 0x000002870bbf0000, 0x0000028712a10000]
CodeHeap 'profiled nmethods': size=120000Kb used=24078Kb max_used=24078Kb free=95921Kb
 bounds [0x0000028703fb0000, 0x0000028705740000, 0x000002870b4e0000]
CodeHeap 'non-nmethods': size=5760Kb used=2290Kb max_used=2344Kb free=3470Kb
 bounds [0x0000028703a10000, 0x0000028703c80000, 0x0000028703fb0000]
 total_blobs=11938 nmethods=11044 adapters=805
 compilation: enabled
              stopped_count=0, restarted_count=0
 full_count=0

Compilation events (20 events):
Event: 33.824 Thread 0x00000287209e0000 11138       4       com.google.common.collect.ImmutableSortedMap$Builder::<init> (32 bytes)
Event: 33.840 Thread 0x000002871acf6800 11142       2       com.google.common.collect.CompactHashMap$Itr::<init> (6 bytes)
Event: 33.841 Thread 0x000002871acf6800 nmethod 11142 0x0000028705721490 code [0x0000028705721640, 0x0000028705721748]
Event: 33.842 Thread 0x00000287209e0000 nmethod 11138 0x000002870bbdb910 code [0x000002870bbdbac0, 0x000002870bbdc138]
Event: 33.842 Thread 0x00000287209e0000 11140       4       com.google.common.collect.ImmutableSortedMap$Builder::build (229 bytes)
Event: 33.850 Thread 0x000002871acf5800 nmethod 11127 0x000002870bbdc310 code [0x000002870bbdc5a0, 0x000002870bbde040]
Event: 33.850 Thread 0x000002871acf5800 11141   !   4       org.gradle.cache.internal.LockOnDemandCrossProcessCacheAccess::incrementLockCount (193 bytes)
Event: 33.874 Thread 0x00000287209dc800 nmethod 11137 0x000002870bbdef10 code [0x000002870bbdf100, 0x000002870bbdfa48]
Event: 33.874 Thread 0x00000287209dc800 11143       4       java.lang.invoke.DirectMethodHandle$Holder::invokeStatic (20 bytes)
Event: 33.877 Thread 0x00000287209dc800 nmethod 11143 0x000002870bbdfe90 code [0x000002870bbe0040, 0x000002870bbe0108]
Event: 33.877 Thread 0x00000287209dc800 11139       4       org.gradle.internal.operations.DefaultBuildOperationAncestryTracker::finished (15 bytes)
Event: 33.880 Thread 0x00000287209dc800 nmethod 11139 0x000002870bbe0210 code [0x000002870bbe03c0, 0x000002870bbe0488]
Event: 33.880 Thread 0x00000287209dc800 11144       4       com.google.common.collect.RegularImmutableMap::get (101 bytes)
Event: 33.893 Thread 0x00000287209dc800 nmethod 11144 0x000002870bbe0590 code [0x000002870bbe0740, 0x000002870bbe0a78]
Event: 33.893 Thread 0x00000287209dc800 11145       4       org.gradle.internal.logging.sink.OutputEventTransformer::onOutput (399 bytes)
Event: 33.914 Thread 0x000002871acf6800 11148   !   3       org.gradle.internal.resources.DefaultResourceLockCoordinationService$DefaultResourceLockState::releaseLocks (76 bytes)
Event: 33.915 Thread 0x000002871acf6800 nmethod 11148 0x0000028705721810 code [0x0000028705721a20, 0x0000028705722108]
Event: 33.918 Thread 0x000002871acf6800 11149   !   3       org.gradle.execution.plan.DefaultPlanExecutor$ExecutorWorker::lambda$executeNextNode$1 (111 bytes)
Event: 33.920 Thread 0x000002871acf6800 nmethod 11149 0x0000028705722410 code [0x00000287057226a0, 0x0000028705723258]
Event: 33.920 Thread 0x000002871acf6800 11154       3       org.gradle.execution.plan.DefaultExecutionPlan::allProjectsLocked (61 bytes)

GC Heap History (20 events):
Event: 8.316 GC heap before
{Heap before GC invocations=5 (full 0):
 garbage-first heap   total 229376K, used 88992K [0x0000000080000000, 0x0000000100000000)
  region size 1024K, 71 young (72704K), 1 survivors (1024K)
 Metaspace       used 27455K, capacity 28103K, committed 28288K, reserved 1073152K
  class space    used 3641K, capacity 3862K, committed 3968K, reserved 1048576K
}
Event: 8.324 GC heap after
{Heap after GC invocations=6 (full 0):
 garbage-first heap   total 229376K, used 19599K [0x0000000080000000, 0x0000000100000000)
  region size 1024K, 3 young (3072K), 3 survivors (3072K)
 Metaspace       used 27455K, capacity 28103K, committed 28288K, reserved 1073152K
  class space    used 3641K, capacity 3862K, committed 3968K, reserved 1048576K
}
Event: 9.663 GC heap before
{Heap before GC invocations=6 (full 0):
 garbage-first heap   total 229376K, used 58511K [0x0000000080000000, 0x0000000100000000)
  region size 1024K, 43 young (44032K), 3 survivors (3072K)
 Metaspace       used 35051K, capacity 35830K, committed 35840K, reserved 1081344K
  class space    used 4541K, capacity 4864K, committed 4864K, reserved 1048576K
}
Event: 9.679 GC heap after
{Heap after GC invocations=7 (full 0):
 garbage-first heap   total 229376K, used 22604K [0x0000000080000000, 0x0000000100000000)
  region size 1024K, 6 young (6144K), 6 survivors (6144K)
 Metaspace       used 35051K, capacity 35830K, committed 35840K, reserved 1081344K
  class space    used 4541K, capacity 4864K, committed 4864K, reserved 1048576K
}
Event: 11.863 GC heap before
{Heap before GC invocations=8 (full 0):
 garbage-first heap   total 229376K, used 113740K [0x0000000080000000, 0x0000000100000000)
  region size 1024K, 92 young (94208K), 6 survivors (6144K)
 Metaspace       used 42388K, capacity 43356K, committed 43468K, reserved 1087488K
  class space    used 5385K, capacity 5741K, committed 5836K, reserved 1048576K
}
Event: 11.882 GC heap after
{Heap after GC invocations=9 (full 0):
 garbage-first heap   total 229376K, used 28315K [0x0000000080000000, 0x0000000100000000)
  region size 1024K, 12 young (12288K), 12 survivors (12288K)
 Metaspace       used 42388K, capacity 43356K, committed 43468K, reserved 1087488K
  class space    used 5385K, capacity 5741K, committed 5836K, reserved 1048576K
}
Event: 14.640 GC heap before
{Heap before GC invocations=9 (full 0):
 garbage-first heap   total 229376K, used 130715K [0x0000000080000000, 0x0000000100000000)
  region size 1024K, 108 young (110592K), 12 survivors (12288K)
 Metaspace       used 48105K, capacity 49438K, committed 49740K, reserved 1091584K
  class space    used 6158K, capacity 6618K, committed 6732K, reserved 1048576K
}
Event: 14.664 GC heap after
{Heap after GC invocations=10 (full 0):
 garbage-first heap   total 229376K, used 40765K [0x0000000080000000, 0x0000000100000000)
  region size 1024K, 14 young (14336K), 14 survivors (14336K)
 Metaspace       used 48105K, capacity 49438K, committed 49740K, reserved 1091584K
  class space    used 6158K, capacity 6618K, committed 6732K, reserved 1048576K
}
Event: 16.888 GC heap before
{Heap before GC invocations=10 (full 0):
 garbage-first heap   total 229376K, used 109373K [0x0000000080000000, 0x0000000100000000)
  region size 1024K, 82 young (83968K), 14 survivors (14336K)
 Metaspace       used 58642K, capacity 60159K, committed 60236K, reserved 1101824K
  class space    used 7442K, capacity 7992K, committed 8012K, reserved 1048576K
}
Event: 16.918 GC heap after
{Heap after GC invocations=11 (full 0):
 garbage-first heap   total 229376K, used 45258K [0x0000000080000000, 0x0000000100000000)
  region size 1024K, 4 young (4096K), 4 survivors (4096K)
 Metaspace       used 58642K, capacity 60159K, committed 60236K, reserved 1101824K
  class space    used 7442K, capacity 7992K, committed 8012K, reserved 1048576K
}
Event: 19.314 GC heap before
{Heap before GC invocations=12 (full 0):
 garbage-first heap   total 229376K, used 140490K [0x0000000080000000, 0x0000000100000000)
  region size 1024K, 97 young (99328K), 4 survivors (4096K)
 Metaspace       used 64809K, capacity 66486K, committed 66764K, reserved 1107968K
  class space    used 8264K, capacity 8869K, committed 8908K, reserved 1048576K
}
Event: 19.350 GC heap after
{Heap after GC invocations=13 (full 0):
 garbage-first heap   total 229376K, used 52395K [0x0000000080000000, 0x0000000100000000)
  region size 1024K, 11 young (11264K), 11 survivors (11264K)
 Metaspace       used 64809K, capacity 66486K, committed 66764K, reserved 1107968K
  class space    used 8264K, capacity 8869K, committed 8908K, reserved 1048576K
}
Event: 22.024 GC heap before
{Heap before GC invocations=14 (full 0):
 garbage-first heap   total 229376K, used 149675K [0x0000000080000000, 0x0000000100000000)
  region size 1024K, 106 young (108544K), 11 survivors (11264K)
 Metaspace       used 72237K, capacity 73966K, committed 74188K, reserved 1114112K
  class space    used 9451K, capacity 10064K, committed 10188K, reserved 1048576K
}
Event: 22.048 GC heap after
{Heap after GC invocations=15 (full 0):
 garbage-first heap   total 229376K, used 58020K [0x0000000080000000, 0x0000000100000000)
  region size 1024K, 6 young (6144K), 6 survivors (6144K)
 Metaspace       used 72237K, capacity 73966K, committed 74188K, reserved 1114112K
  class space    used 9451K, capacity 10064K, committed 10188K, reserved 1048576K
}
Event: 25.279 GC heap before
{Heap before GC invocations=15 (full 0):
 garbage-first heap   total 229376K, used 156324K [0x0000000080000000, 0x0000000100000000)
  region size 1024K, 102 young (104448K), 6 survivors (6144K)
 Metaspace       used 79020K, capacity 81092K, committed 81356K, reserved 1120256K
  class space    used 10382K, capacity 11125K, committed 11212K, reserved 1048576K
}
Event: 25.304 GC heap after
{Heap after GC invocations=16 (full 0):
 garbage-first heap   total 229376K, used 64988K [0x0000000080000000, 0x0000000100000000)
  region size 1024K, 13 young (13312K), 13 survivors (13312K)
 Metaspace       used 79020K, capacity 81092K, committed 81356K, reserved 1120256K
  class space    used 10382K, capacity 11125K, committed 11212K, reserved 1048576K
}
Event: 28.973 GC heap before
{Heap before GC invocations=16 (full 0):
 garbage-first heap   total 229376K, used 179676K [0x0000000080000000, 0x0000000100000000)
  region size 1024K, 109 young (111616K), 13 survivors (13312K)
 Metaspace       used 82468K, capacity 84623K, committed 84812K, reserved 1122304K
  class space    used 10689K, capacity 11509K, committed 11596K, reserved 1048576K
}
Event: 28.998 GC heap after
{Heap after GC invocations=17 (full 0):
 garbage-first heap   total 229376K, used 68688K [0x0000000080000000, 0x0000000100000000)
  region size 1024K, 11 young (11264K), 11 survivors (11264K)
 Metaspace       used 82468K, capacity 84623K, committed 84812K, reserved 1122304K
  class space    used 10689K, capacity 11509K, committed 11596K, reserved 1048576K
}
Event: 33.161 GC heap before
{Heap before GC invocations=17 (full 0):
 garbage-first heap   total 229376K, used 166992K [0x0000000080000000, 0x0000000100000000)
  region size 1024K, 108 young (110592K), 11 survivors (11264K)
 Metaspace       used 88439K, capacity 90632K, committed 90828K, reserved 1128448K
  class space    used 11390K, capacity 12215K, committed 12236K, reserved 1048576K
}
Event: 33.183 GC heap after
{Heap after GC invocations=18 (full 0):
 garbage-first heap   total 229376K, used 72567K [0x0000000080000000, 0x0000000100000000)
  region size 1024K, 8 young (8192K), 8 survivors (8192K)
 Metaspace       used 88439K, capacity 90632K, committed 90828K, reserved 1128448K
  class space    used 11390K, capacity 12215K, committed 12236K, reserved 1048576K
}

Deoptimization events (20 events):
Event: 33.284 Thread 0x000002871b6cf800 Uncommon trap: trap_request=0xfffffff4 fr.pc=0x000002870bbb5144 relative=0x0000000000000aa4
Event: 33.284 Thread 0x000002871b6cf800 Uncommon trap: reason=null_check action=make_not_entrant pc=0x000002870bbb5144 method=org.gradle.tooling.internal.provider.runner.SubtreeFilteringBuildOperationListener.started(Lorg/gradle/internal/operations/BuildOperationDescriptor;Lorg/gradle/internal/
Event: 33.284 Thread 0x000002871b6cf800 DEOPT PACKING pc=0x000002870bbb5144 sp=0x000000f7113fe050
Event: 33.284 Thread 0x000002871b6cf800 DEOPT UNPACKING pc=0x0000028703a378af sp=0x000000f7113fe000 mode 2
Event: 33.399 Thread 0x000002871d8ff000 Uncommon trap: trap_request=0xffffff4d fr.pc=0x000002870bbb1460 relative=0x0000000000000de0
Event: 33.399 Thread 0x000002871d8ff000 Uncommon trap: reason=unstable_if action=reinterpret pc=0x000002870bbb1460 method=org.gradle.internal.fingerprint.classpath.impl.ClasspathFingerprintingStrategy$ClasspathFingerprintingVisitor$1.visitRegularFile(Lorg/gradle/internal/snapshot/RegularFileSna
Event: 33.399 Thread 0x000002871d8ff000 DEOPT PACKING pc=0x000002870bbb1460 sp=0x000000f7123fc5b0
Event: 33.399 Thread 0x000002871d8ff000 DEOPT UNPACKING pc=0x0000028703a378af sp=0x000000f7123fc4a8 mode 2
Event: 33.450 Thread 0x000002871d8ff000 Uncommon trap: trap_request=0xffffffbe fr.pc=0x000002870ba4f938 relative=0x0000000000000918
Event: 33.450 Thread 0x000002871d8ff000 Uncommon trap: reason=profile_predicate action=maybe_recompile pc=0x000002870ba4f938 method=com.google.common.collect.RegularImmutableMap.createHashTable([Ljava/lang/Object;III)[I @ 99 c2
Event: 33.450 Thread 0x000002871d8ff000 DEOPT PACKING pc=0x000002870ba4f938 sp=0x000000f7123fb9d0
Event: 33.450 Thread 0x000002871d8ff000 DEOPT UNPACKING pc=0x0000028703a378af sp=0x000000f7123fb950 mode 2
Event: 33.450 Thread 0x000002871d8ff000 Uncommon trap: trap_request=0xffffffbe fr.pc=0x000002870ba4f938 relative=0x0000000000000918
Event: 33.450 Thread 0x000002871d8ff000 Uncommon trap: reason=profile_predicate action=maybe_recompile pc=0x000002870ba4f938 method=com.google.common.collect.RegularImmutableMap.createHashTable([Ljava/lang/Object;III)[I @ 99 c2
Event: 33.450 Thread 0x000002871d8ff000 DEOPT PACKING pc=0x000002870ba4f938 sp=0x000000f7123fb9d0
Event: 33.450 Thread 0x000002871d8ff000 DEOPT UNPACKING pc=0x0000028703a378af sp=0x000000f7123fb950 mode 2
Event: 33.450 Thread 0x000002871d8ff000 Uncommon trap: trap_request=0xffffffbe fr.pc=0x000002870ba4f938 relative=0x0000000000000918
Event: 33.450 Thread 0x000002871d8ff000 Uncommon trap: reason=profile_predicate action=maybe_recompile pc=0x000002870ba4f938 method=com.google.common.collect.RegularImmutableMap.createHashTable([Ljava/lang/Object;III)[I @ 99 c2
Event: 33.450 Thread 0x000002871d8ff000 DEOPT PACKING pc=0x000002870ba4f938 sp=0x000000f7123fbd90
Event: 33.450 Thread 0x000002871d8ff000 DEOPT UNPACKING pc=0x0000028703a378af sp=0x000000f7123fbd10 mode 2

Classes redefined (0 events):
No events

Internal exceptions (20 events):
Event: 23.886 Thread 0x000002871d8f8800 Exception <a 'java/lang/NoSuchMethodError'{0x000000008a8eac58}: <clinit>> (0x000000008a8eac58) thrown at [./src/hotspot/share/prims/jni.cpp, line 1362]
Event: 24.029 Thread 0x000002871b4e3800 Exception <a 'java/lang/NoSuchMethodError'{0x000000008a505a98}: <clinit>> (0x000000008a505a98) thrown at [./src/hotspot/share/prims/jni.cpp, line 1362]
Event: 24.116 Thread 0x000002871d8fb000 Exception <a 'java/lang/NoSuchMethodError'{0x000000008a5d2f18}: 'java.lang.Object java.lang.invoke.Invokers$Holder.linkToTargetMethod(java.lang.Object, java.lang.Object, java.lang.Object, int, java.lang.Object, java.lang.Object)'> (0x000000008a5d2f18) thrown at [./src/hotspot/share/interpreter/linkResolver.cpp, line 773]
Event: 24.146 Thread 0x000002871d8fb000 Exception <a 'java/lang/IncompatibleClassChangeError'{0x000000008a432db8}: Found class java.lang.Object, but interface was expected> (0x000000008a432db8) thrown at [./src/hotspot/share/interpreter/linkResolver.cpp, line 839]
Event: 24.193 Thread 0x000002871d8fb000 Exception <a 'java/lang/NoSuchMethodError'{0x000000008a2104c0}: 'int java.lang.invoke.DirectMethodHandle$Holder.invokeStaticInit(java.lang.Object, java.lang.Object, java.lang.Object, java.lang.Object, java.lang.Object)'> (0x000000008a2104c0) thrown at [./src/hotspot/share/interpreter/linkResolver.cpp, line 773]
Event: 24.793 Thread 0x000002871b6ca800 Exception <a 'java/lang/NoSuchMethodError'{0x00000000896b0490}: 'java.lang.Object java.lang.invoke.DirectMethodHandle$Holder.invokeSpecialIFC(java.lang.Object, java.lang.Object, java.lang.Object)'> (0x00000000896b0490) thrown at [./src/hotspot/share/interpreter/linkResolver.cpp, line 773]
Event: 24.793 Thread 0x000002871b6ce800 Exception <a 'java/lang/NoSuchMethodError'{0x0000000089580098}: 'java.lang.Object java.lang.invoke.DirectMethodHandle$Holder.invokeSpecialIFC(java.lang.Object, java.lang.Object, java.lang.Object)'> (0x0000000089580098) thrown at [./src/hotspot/share/interpreter/linkResolver.cpp, line 773]
Event: 24.793 Thread 0x000002871b6cf800 Exception <a 'java/lang/NoSuchMethodError'{0x0000000089554800}: 'java.lang.Object java.lang.invoke.DirectMethodHandle$Holder.invokeSpecialIFC(java.lang.Object, java.lang.Object, java.lang.Object)'> (0x0000000089554800) thrown at [./src/hotspot/share/interpreter/linkResolver.cpp, line 773]
Event: 24.793 Thread 0x000002871b6ce000 Exception <a 'java/lang/NoSuchMethodError'{0x0000000089537880}: 'java.lang.Object java.lang.invoke.DirectMethodHandle$Holder.invokeSpecialIFC(java.lang.Object, java.lang.Object, java.lang.Object)'> (0x0000000089537880) thrown at [./src/hotspot/share/interpreter/linkResolver.cpp, line 773]
Event: 24.793 Thread 0x000002871b6cc000 Exception <a 'java/lang/NoSuchMethodError'{0x0000000089410090}: 'java.lang.Object java.lang.invoke.DirectMethodHandle$Holder.invokeSpecialIFC(java.lang.Object, java.lang.Object, java.lang.Object)'> (0x0000000089410090) thrown at [./src/hotspot/share/interpreter/linkResolver.cpp, line 773]
Event: 25.179 Thread 0x000002871b6cb800 Exception <a 'java/lang/NoSuchMethodError'{0x00000000890f1140}: 'void java.lang.invoke.DirectMethodHandle$Holder.invokeVirtual(java.lang.Object, java.lang.Object)'> (0x00000000890f1140) thrown at [./src/hotspot/share/interpreter/linkResolver.cpp, line 773]
Event: 28.739 Thread 0x000002871d8ff000 Exception <a 'java/lang/NoSuchMethodError'{0x000000008875ded0}: <clinit>> (0x000000008875ded0) thrown at [./src/hotspot/share/prims/jni.cpp, line 1362]
Event: 28.746 Thread 0x000002871d8ff000 Exception <a 'java/lang/NoSuchMethodError'{0x0000000088786db8}: <clinit>> (0x0000000088786db8) thrown at [./src/hotspot/share/prims/jni.cpp, line 1362]
Event: 29.599 Thread 0x000002871d8ff000 Exception <a 'java/lang/NoSuchMethodError'{0x000000008d2eb620}: 'void java.lang.invoke.DirectMethodHandle$Holder.invokeStatic(java.lang.Object, java.lang.Object, java.lang.Object, java.lang.Object, java.lang.Object, java.lang.Object, java.lang.Object)'> (0x000000008d2eb620) thrown at [./src/hotspot/share/interpreter/linkResolver.cpp, line 773]
Event: 30.763 Thread 0x000002871d8fc800 Implicit null exception at 0x000002870bb380f6 to 0x000002870bb38908
Event: 30.766 Thread 0x000002871d8fc800 Implicit null exception at 0x000002870b8a9174 to 0x000002870b8a9808
Event: 30.964 Thread 0x000002871d8fc800 Implicit null exception at 0x000002870bb39c3b to 0x000002870bb39cc4
Event: 33.276 Thread 0x000002871b6ce800 Implicit null exception at 0x000002870bbb39d2 to 0x000002870bbb3dd8
Event: 33.284 Thread 0x000002871b6cf800 Implicit null exception at 0x000002870bbb48a9 to 0x000002870bbb5124
Event: 33.420 Thread 0x000002871d8ff000 Exception <a 'java/lang/NoSuchMethodError'{0x000000008d254280}: 'int java.lang.invoke.DirectMethodHandle$Holder.invokeSpecial(java.lang.Object, java.lang.Object, java.lang.Object, java.lang.Object, java.lang.Object)'> (0x000000008d254280) thrown at [./src/hotspot/share/interpreter/linkResolver.cpp, line 773]

Events (20 events):
Event: 33.419 loading class org/gradle/internal/snapshot/FileSystemLocationSnapshot
Event: 33.419 loading class org/gradle/internal/snapshot/FileSystemLocationSnapshot done
Event: 33.420 loading class org/gradle/api/specs/Spec
Event: 33.420 loading class org/gradle/api/specs/Spec done
Event: 33.421 loading class org/gradle/internal/fingerprint/impl/PatternSetSnapshottingFilter
Event: 33.421 loading class org/gradle/internal/fingerprint/impl/PatternSetSnapshottingFilter done
Event: 33.421 loading class org/gradle/internal/snapshot/SnapshottingFilter$FileSystemSnapshotPredicate
Event: 33.421 loading class org/gradle/internal/snapshot/SnapshottingFilter$FileSystemSnapshotPredicate done
Event: 33.424 loading class org/gradle/internal/snapshot/impl/FileSystemSnapshotFilter
Event: 33.424 loading class org/gradle/internal/snapshot/impl/FileSystemSnapshotFilter done
Event: 33.425 loading class org/gradle/internal/snapshot/impl/FileSystemSnapshotFilter$FilteringVisitor
Event: 33.425 loading class org/gradle/internal/snapshot/impl/FileSystemSnapshotFilter$FilteringVisitor done
Event: 33.427 loading class org/gradle/internal/snapshot/FileSystemLocationSnapshot$FileSystemLocationSnapshotTransformer
Event: 33.427 loading class org/gradle/internal/snapshot/FileSystemLocationSnapshot$FileSystemLocationSnapshotTransformer done
Event: 33.428 loading class org/gradle/internal/snapshot/impl/FileSystemSnapshotFilter$FilteringVisitor$1
Event: 33.428 loading class org/gradle/internal/snapshot/impl/FileSystemSnapshotFilter$FilteringVisitor$1 done
Event: 33.429 loading class org/gradle/internal/fingerprint/impl/PatternSetSnapshottingFilter$LogicalFileTreeElement
Event: 33.429 loading class org/gradle/internal/fingerprint/impl/PatternSetSnapshottingFilter$LogicalFileTreeElement done
Event: 33.432 loading class org/gradle/api/tasks/util/internal/CachingPatternSpecFactory$CachingSpec$1
Event: 33.432 loading class org/gradle/api/tasks/util/internal/CachingPatternSpecFactory$CachingSpec$1 done


Dynamic libraries:
0x00007ff6731a0000 - 0x00007ff6731aa000 	C:\Program Files\Android\Android Studio\jre\bin\java.exe
0x00007ff8c7fb0000 - 0x00007ff8c81a5000 	C:\WINDOWS\SYSTEM32\ntdll.dll
0x00007ff8c6590000 - 0x00007ff8c664e000 	C:\WINDOWS\System32\KERNEL32.DLL
0x00007ff8c58a0000 - 0x00007ff8c5b68000 	C:\WINDOWS\System32\KERNELBASE.dll
0x00007ff8c5ba0000 - 0x00007ff8c5ca0000 	C:\WINDOWS\System32\ucrtbase.dll
0x00007ff8a9d50000 - 0x00007ff8a9d67000 	C:\Program Files\Android\Android Studio\jre\bin\VCRUNTIME140.dll
0x00007ff8a69a0000 - 0x00007ff8a69b9000 	C:\Program Files\Android\Android Studio\jre\bin\jli.dll
0x00007ff8c7130000 - 0x00007ff8c72d1000 	C:\WINDOWS\System32\USER32.dll
0x00007ff8b1dd0000 - 0x00007ff8b206a000 	C:\WINDOWS\WinSxS\amd64_microsoft.windows.common-controls_6595b64144ccf1df_6.0.19041.1110_none_60b5254171f9507e\COMCTL32.dll
0x00007ff8c5b70000 - 0x00007ff8c5b92000 	C:\WINDOWS\System32\win32u.dll
0x00007ff8c7bf0000 - 0x00007ff8c7c8e000 	C:\WINDOWS\System32\msvcrt.dll
0x00007ff8c6790000 - 0x00007ff8c67bb000 	C:\WINDOWS\System32\GDI32.dll
0x00007ff8c56d0000 - 0x00007ff8c57db000 	C:\WINDOWS\System32\gdi32full.dll
0x00007ff8c5f60000 - 0x00007ff8c5ffd000 	C:\WINDOWS\System32\msvcp_win.dll
0x00007ff8c78d0000 - 0x00007ff8c7900000 	C:\WINDOWS\System32\IMM32.DLL
0x00007ff8805b0000 - 0x00007ff88064d000 	C:\Program Files\Android\Android Studio\jre\bin\msvcp140.dll
0x00007ff87b560000 - 0x00007ff87c02f000 	C:\Program Files\Android\Android Studio\jre\bin\server\jvm.dll
0x00007ff8c72e0000 - 0x00007ff8c738c000 	C:\WINDOWS\System32\ADVAPI32.dll
0x00007ff8c7c90000 - 0x00007ff8c7d2b000 	C:\WINDOWS\System32\sechost.dll
0x00007ff8c6650000 - 0x00007ff8c677a000 	C:\WINDOWS\System32\RPCRT4.dll
0x00007ff8c6780000 - 0x00007ff8c6788000 	C:\WINDOWS\System32\PSAPI.DLL
0x00007ff8c1380000 - 0x00007ff8c1389000 	C:\WINDOWS\SYSTEM32\WSOCK32.dll
0x00007ff8baa60000 - 0x00007ff8baa87000 	C:\WINDOWS\SYSTEM32\WINMM.dll
0x00007ff8bc580000 - 0x00007ff8bc58a000 	C:\WINDOWS\SYSTEM32\VERSION.dll
0x00007ff8c6ff0000 - 0x00007ff8c705b000 	C:\WINDOWS\System32\WS2_32.dll
0x00007ff8c35d0000 - 0x00007ff8c35e2000 	C:\WINDOWS\SYSTEM32\kernel.appcore.dll
0x00007ff8c03b0000 - 0x00007ff8c03c1000 	C:\Program Files\Android\Android Studio\jre\bin\verify.dll
0x00007ff8b6690000 - 0x00007ff8b6874000 	C:\WINDOWS\SYSTEM32\DBGHELP.DLL
0x00007ff8b3ca0000 - 0x00007ff8b3ccc000 	C:\WINDOWS\SYSTEM32\dbgcore.DLL
0x00007ff8c57e0000 - 0x00007ff8c5863000 	C:\WINDOWS\System32\bcryptPrimitives.dll
0x00007ff8aed60000 - 0x00007ff8aed89000 	C:\Program Files\Android\Android Studio\jre\bin\java.dll
0x00007ff8c1370000 - 0x00007ff8c137b000 	C:\Program Files\Android\Android Studio\jre\bin\jimage.dll
0x00007ff8afce0000 - 0x00007ff8afcf8000 	C:\Program Files\Android\Android Studio\jre\bin\zip.dll
0x00007ff8c67c0000 - 0x00007ff8c6eff000 	C:\WINDOWS\System32\SHELL32.dll
0x00007ff8c37d0000 - 0x00007ff8c3f60000 	C:\WINDOWS\SYSTEM32\windows.storage.dll
0x00007ff8c7390000 - 0x00007ff8c76e5000 	C:\WINDOWS\System32\combase.dll
0x00007ff8c5050000 - 0x00007ff8c507e000 	C:\WINDOWS\SYSTEM32\Wldp.dll
0x00007ff8c64e0000 - 0x00007ff8c658d000 	C:\WINDOWS\System32\SHCORE.dll
0x00007ff8c7a20000 - 0x00007ff8c7a75000 	C:\WINDOWS\System32\shlwapi.dll
0x00007ff8c5610000 - 0x00007ff8c562f000 	C:\WINDOWS\SYSTEM32\profapi.dll
0x00007ff8adaa0000 - 0x00007ff8adaba000 	C:\Program Files\Android\Android Studio\jre\bin\net.dll
0x00007ff8bbba0000 - 0x00007ff8bbcac000 	C:\WINDOWS\SYSTEM32\WINHTTP.dll
0x00007ff8c4db0000 - 0x00007ff8c4e1a000 	C:\WINDOWS\system32\mswsock.dll
0x00007ff8aaa80000 - 0x00007ff8aaa94000 	C:\Program Files\Android\Android Studio\jre\bin\nio.dll
0x00007ff8a0aa0000 - 0x00007ff8a0ac7000 	C:\Users\jeffe\.gradle\native\8bec1ad78214c89d9ad589b4d07fe93259594b29d510b10fafb7a158f7737e5d\windows-amd64\native-platform.dll
0x00007ff886b40000 - 0x00007ff886c7d000 	C:\Users\jeffe\.gradle\native\53dbd7edfb1c66fb8903c78663c9afc45aea4f116125fa6feffd364cf09443e8\windows-amd64\native-platform-file-events.dll
0x00007ff8beaf0000 - 0x00007ff8beafa000 	C:\Program Files\Android\Android Studio\jre\bin\management.dll
0x00007ff8bda20000 - 0x00007ff8bda2c000 	C:\Program Files\Android\Android Studio\jre\bin\management_ext.dll
0x00007ff8c4fb0000 - 0x00007ff8c4fc8000 	C:\WINDOWS\SYSTEM32\CRYPTSP.dll
0x00007ff8c4730000 - 0x00007ff8c4764000 	C:\WINDOWS\system32\rsaenh.dll
0x00007ff8c5870000 - 0x00007ff8c5897000 	C:\WINDOWS\System32\bcrypt.dll
0x00007ff8c55d0000 - 0x00007ff8c55fe000 	C:\WINDOWS\SYSTEM32\USERENV.dll
0x00007ff8c4fa0000 - 0x00007ff8c4fac000 	C:\WINDOWS\SYSTEM32\CRYPTBASE.dll
0x00007ff8c4aa0000 - 0x00007ff8c4adb000 	C:\WINDOWS\SYSTEM32\IPHLPAPI.DLL
0x00007ff8c78c0000 - 0x00007ff8c78c8000 	C:\WINDOWS\System32\NSI.dll
0x00007ff8baeb0000 - 0x00007ff8baec7000 	C:\WINDOWS\SYSTEM32\dhcpcsvc6.DLL
0x00007ff8bae90000 - 0x00007ff8baead000 	C:\WINDOWS\SYSTEM32\dhcpcsvc.DLL
0x00007ff8c4ae0000 - 0x00007ff8c4bab000 	C:\WINDOWS\SYSTEM32\DNSAPI.dll

dbghelp: loaded successfully - version: 4.0.5 - missing functions: none
symbol engine: initialized successfully - sym options: 0x614 - pdb path: .;C:\Program Files\Android\Android Studio\jre\bin;C:\WINDOWS\SYSTEM32;C:\WINDOWS\WinSxS\amd64_microsoft.windows.common-controls_6595b64144ccf1df_6.0.19041.1110_none_60b5254171f9507e;C:\Program Files\Android\Android Studio\jre\bin\server;C:\Users\jeffe\.gradle\native\8bec1ad78214c89d9ad589b4d07fe93259594b29d510b10fafb7a158f7737e5d\windows-amd64;C:\Users\jeffe\.gradle\native\53dbd7edfb1c66fb8903c78663c9afc45aea4f116125fa6feffd364cf09443e8\windows-amd64

VM Arguments:
jvm_args: --add-opens=java.base/java.util=ALL-UNNAMED --add-opens=java.base/java.lang=ALL-UNNAMED --add-opens=java.base/java.lang.invoke=ALL-UNNAMED --add-opens=java.base/java.util=ALL-UNNAMED --add-opens=java.prefs/java.util.prefs=ALL-UNNAMED --add-opens=java.prefs/java.util.prefs=ALL-UNNAMED --add-opens=java.base/java.nio.charset=ALL-UNNAMED --add-opens=java.base/java.net=ALL-UNNAMED --add-opens=java.base/java.util.concurrent.atomic=ALL-UNNAMED -Xmx2048m -Dfile.encoding=UTF-8 -Duser.country=PH -Duser.language=en -Duser.variant 
java_command: org.gradle.launcher.daemon.bootstrap.GradleDaemon 7.0.2
java_class_path (initial): C:\Users\jeffe\.gradle\wrapper\dists\gradle-7.0.2-bin\857tjihv64xamwrf0h14cai3r\gradle-7.0.2\lib\gradle-launcher-7.0.2.jar
Launcher Type: SUN_STANDARD

[Global flags]
     intx CICompilerCount                          = 4                                         {product} {ergonomic}
     uint ConcGCThreads                            = 2                                         {product} {ergonomic}
     uint G1ConcRefinementThreads                  = 8                                         {product} {ergonomic}
   size_t G1HeapRegionSize                         = 1048576                                   {product} {ergonomic}
    uintx GCDrainStackTargetSize                   = 64                                        {product} {ergonomic}
   size_t InitialHeapSize                          = 234881024                                 {product} {ergonomic}
   size_t MarkStackSize                            = 4194304                                   {product} {ergonomic}
   size_t MaxHeapSize                              = 2147483648                                {product} {command line}
   size_t MaxNewSize                               = 1287651328                                {product} {ergonomic}
   size_t MinHeapDeltaBytes                        = 1048576                                   {product} {ergonomic}
    uintx NonNMethodCodeHeapSize                   = 5836300                                {pd product} {ergonomic}
    uintx NonProfiledCodeHeapSize                  = 122910970                              {pd product} {ergonomic}
    uintx ProfiledCodeHeapSize                     = 122910970                              {pd product} {ergonomic}
    uintx ReservedCodeCacheSize                    = 251658240                              {pd product} {ergonomic}
     bool SegmentedCodeCache                       = true                                      {product} {ergonomic}
     bool UseCompressedClassPointers               = true                                 {lp64_product} {ergonomic}
     bool UseCompressedOops                        = true                                 {lp64_product} {ergonomic}
     bool UseG1GC                                  = true                                      {product} {ergonomic}
     bool UseLargePagesIndividualAllocation        = false                                  {pd product} {ergonomic}

Logging:
Log output configuration:
 #0: stdout all=warning uptime,level,tags
 #1: stderr all=off uptime,level,tags

Environment Variables:
JAVA_HOME=C:\Program Files\Java\jdk-13.0.2
PATH=C:\Program Files (x86)\Razer Chroma SDK\bin;C:\Program Files\Razer Chroma SDK\bin;C:\Program Files (x86)\Razer\ChromaBroadcast\bin;C:\Program Files\Razer\ChromaBroadcast\bin;C:\WINDOWS\system32;C:\WINDOWS;C:\WINDOWS\System32\Wbem;C:\WINDOWS\System32\WindowsPowerShell\v1.0\;C:\WINDOWS\System32\OpenSSH\;C:\Program Files\Java\jdk-13.0.2\bin;C:\Program Files\MySQL\MySQL Server 5.5\bin;C:\WINDOWS\system32\config\systemprofile\AppData\Local\Microsoft\WindowsApps;C:\Users\jeffe\AppData\Local\Microsoft\WindowsApps;C:\Program Files\MySQL\MySQL Shell 8.0\bin\;C:\Users\jeffe\AppData\Local\Microsoft\WindowsApps;
USERNAME=jeffe
OS=Windows_NT
PROCESSOR_IDENTIFIER=AMD64 Family 23 Model 24 Stepping 1, AuthenticAMD



---------------  S Y S T E M  ---------------

OS: Windows 10 , 64 bit Build 19041 (10.0.19041.1320)
OS uptime: 0 days 22:27 hours

CPU:total 8 (initial active 8) (8 cores per cpu, 2 threads per core) family 23 model 24 stepping 1 microcode 0x0, cmov, cx8, fxsr, mmx, sse, sse2, sse3, ssse3, sse4.1, sse4.2, popcnt, avx, avx2, aes, clmul, mmxext, 3dnowpref, lzcnt, sse4a, ht, tsc, tscinvbit, tscinv, bmi1, bmi2, adx, s

Memory: 4k page, system-wide physical 14274M (7118M free)
TotalPageFile size 16450M (AvailPageFile size 6591M)
current process WorkingSet (physical memory assigned to process): 463M, peak: 470M
current process commit charge ("private bytes"): 529M, peak: 536M

vm_info: OpenJDK 64-Bit Server VM (11.0.10+0-b96-7249189) for windows-amd64 JRE (11.0.10+0-b96-7249189), built on Mar 31 2021 21:44:00 by "builder" with MS VC++ 14.0 (VS2015)

END.
