#
# A fatal error has been detected by the Java Runtime Environment:
#
#  EXCEPTION_ACCESS_VIOLATION (0xc0000005) at pc=0x00007fff88e7260a, pid=9324, tid=3396
#
# JRE version: Java(TM) SE Runtime Environment (13.0.2+8) (build 13.0.2+8)
# Java VM: Java HotSpot(TM) 64-Bit Server VM (13.0.2+8, mixed mode, sharing, tiered, compressed oops, g1 gc, windows-amd64)
# Problematic frame:
# V  [jvm.dll+0x2e260a]
#
# No core dump will be written. Minidumps are not enabled by default on client versions of Windows
#
# If you would like to submit a bug report, please visit:
#   http://bugreport.java.com/bugreport/crash.jsp
#

---------------  S U M M A R Y ------------

Command Line: --add-opens=java.base/java.util=ALL-UNNAMED --add-opens=java.base/java.lang=ALL-UNNAMED --add-opens=java.base/java.lang.invoke=ALL-UNNAMED --add-opens=java.base/java.util=ALL-UNNAMED --add-opens=java.prefs/java.util.prefs=ALL-UNNAMED --add-opens=java.prefs/java.util.prefs=ALL-UNNAMED --add-opens=java.base/java.nio.charset=ALL-UNNAMED --add-opens=java.base/java.net=ALL-UNNAMED --add-opens=java.base/java.util.concurrent.atomic=ALL-UNNAMED -Xmx2048m -Dfile.encoding=UTF-8 -Duser.country=PH -Duser.language=en -Duser.variant org.gradle.launcher.daemon.bootstrap.GradleDaemon 7.3.2

Host: AMD Ryzen 5 3550H with Radeon Vega Mobile Gfx  , 8 cores, 13G,  Windows 10 , 64 bit Build 19041 (10.0.19041.1348)
Time: Sun Jan  2 19:56:27 2022 Malay Peninsula Standard Time elapsed time: 69 seconds (0d 0h 1m 9s)

---------------  T H R E A D  ---------------

Current thread (0x00000297bc04e800):  GCTaskThread "GC Thread#5" [stack: 0x000000a546d00000,0x000000a546e00000] [id=3396]

Stack: [0x000000a546d00000,0x000000a546e00000],  sp=0x000000a546dff720,  free space=1021k
Native frames: (J=compiled Java code, j=interpreted, Vv=VM code, C=native code)
V  [jvm.dll+0x2e260a]
V  [jvm.dll+0x30a0ab]
V  [jvm.dll+0x31647a]
V  [jvm.dll+0x2f5820]
V  [jvm.dll+0x2f5791]
V  [jvm.dll+0x2e6df5]
V  [jvm.dll+0x317d80]
V  [jvm.dll+0x2e95a7]
V  [jvm.dll+0x2e9ef7]
V  [jvm.dll+0x79d800]
V  [jvm.dll+0x72fcaa]
V  [jvm.dll+0x623ea6]
C  [ucrtbase.dll+0x21bb2]
C  [KERNEL32.DLL+0x17034]
C  [ntdll.dll+0x52651]


siginfo: EXCEPTION_ACCESS_VIOLATION (0xc0000005), reading address 0x0000000000000200


Register to memory mapping:

RIP=0x00007fff88e7260a jvm.dll
RAX=0x0 is NULL
RBX=0x00000000859fa97c is pointing into object: [Ljava.util.HashMap$Node; 
{0x00000000859fa948} - klass: 'java/util/HashMap$Node'[]
 - length: 32
RCX=0x0000000000000014 is an unknown value
RDX=0x0 is NULL
RSP=0x000000a546dff720 points into unknown readable memory: 80 70 26 c2 97 02 00 00
RBP=0x000000a546dff968 points into unknown readable memory: 90 c4 40 89 ff 7f 00 00
RSI=0x00000297c2267080 points into unknown readable memory: 68 b5 40 89 ff 7f 00 00
RDI=0x00000297c2267080 points into unknown readable memory: 68 b5 40 89 ff 7f 00 00
R8 =0x0000000000000200 is an unknown value
R9 =0x0000000088750e98 is an oop: java.util.HashMap$Values 
{0x0000000088750e98} - klass: 'java/util/HashMap$Values'
R10=0x000000080029de48 is pointing into metadata
R11=0x0000000088750d88 is an oop: [B 
{0x0000000088750d88} - klass: {type array byte}
 - length: 59
R12=0x0 is NULL
R13=0x00007fff8940c5f0 jvm.dll
R14=0x0000029797be6c18 points into unknown readable memory: e6 13 00 00 77 10 00 00
R15=0x0000000000000040 is an unknown value


Registers:
RAX=0x0000000000000000, RBX=0x00000000859fa97c, RCX=0x0000000000000014, RDX=0x0000000000000000
RSP=0x000000a546dff720, RBP=0x000000a546dff968, RSI=0x00000297c2267080, RDI=0x00000297c2267080
R8 =0x0000000000000200, R9 =0x0000000088750e98, R10=0x000000080029de48, R11=0x0000000088750d88
R12=0x0000000000000000, R13=0x00007fff8940c5f0, R14=0x0000029797be6c18, R15=0x0000000000000040
RIP=0x00007fff88e7260a, EFLAGS=0x0000000000010246

Top of Stack: (sp=0x000000a546dff720)
0x000000a546dff720:   00000297c2267080 0000000085bf0001
0x000000a546dff730:   0000000085bf07e4 00000297c2267080
0x000000a546dff740:   0000029797be6c10 00007fff88e9a0ab
0x000000a546dff750:   00000000000013e6 000000a546dff968
0x000000a546dff760:   0000000085bf07e8 0000029797c9a4c0
0x000000a546dff770:   0000000085bf0600 00007fff88ea5d6e
0x000000a546dff780:   0000000085bf0838 0000000029462e7b
0x000000a546dff790:   0000000000000000 0000000029462e7b
0x000000a546dff7a0:   0000000000000000 0000029797be7de8
0x000000a546dff7b0:   0000000085bf0600 0000000000000040
0x000000a546dff7c0:   00000000000002d8 0000029797c01f90
0x000000a546dff7d0:   0000000085bf0600 000000a546dff968
0x000000a546dff7e0:   000000a546dff940 0000000000000002
0x000000a546dff7f0:   0000000085c00000 00007fff88ea647a
0x000000a546dff800:   0000000085bf0600 000000a546dff820
0x000000a546dff810:   000000a546dff968 00000000859fa97d 

Instructions: (pc=0x00007fff88e7260a)
0x00007fff88e7250a:   00 00 00 e8 4e dd 02 00 48 8b 4c 24 38 4c 8b cf
0x00007fff88e7251a:   48 89 4c 24 28 4c 8b c5 48 8b 4c 24 30 48 8b d6
0x00007fff88e7252a:   48 89 4c 24 20 48 8b d8 49 8b ce e8 56 7f 33 00
0x00007fff88e7253a:   4c 8d 9c 24 90 00 00 00 48 8b c3 49 8b 5b 10 49
0x00007fff88e7254a:   8b 6b 18 49 8b 73 20 49 8b 7b 28 49 8b e3 41 5e
0x00007fff88e7255a:   c3 cc cc cc cc cc 48 8b 81 10 01 00 00 48 2b c2
0x00007fff88e7256a:   48 89 81 10 01 00 00 c3 cc cc cc cc cc cc cc cc
0x00007fff88e7257a:   cc cc cc cc cc cc 80 3d 91 27 7b 00 00 74 08 48
0x00007fff88e7258a:   8b ca e9 8f 0d 3d 00 c3 cc cc cc cc cc cc cc cc
0x00007fff88e7259a:   cc cc cc cc cc cc 66 c7 02 00 ff 48 8b c2 c3 cc
0x00007fff88e725aa:   cc cc cc cc cc cc 48 89 5c 24 08 57 48 83 ec 20
0x00007fff88e725ba:   48 8b da 48 8b f9 f6 c2 01 0f 84 00 01 00 00 8b
0x00007fff88e725ca:   0d 01 24 71 00 48 83 e3 fe 48 8b 47 08 44 8b 03
0x00007fff88e725da:   49 d3 e0 8b 88 60 04 00 00 48 8b 80 50 04 00 00
0x00007fff88e725ea:   4c 03 05 d7 23 71 00 49 8b d0 48 d3 ea 0f b7 14
0x00007fff88e725fa:   50 0f b7 c2 66 c1 e8 08 84 c0 0f 88 a3 01 00 00
0x00007fff88e7260a:   4d 8b 08 41 0f b6 c1 24 03 3c 03 75 1e 80 3d 3c
0x00007fff88e7261a:   39 71 00 00 74 0f 41 0f b6 c1 24 07 3c 05 75 05
0x00007fff88e7262a:   45 33 c9 eb 11 49 83 e1 fc eb 0b 48 8b cf e8 33
0x00007fff88e7263a:   96 02 00 4c 8b c8 8b 0d 8a 23 71 00 49 8b c1 48
0x00007fff88e7264a:   2b 05 78 23 71 00 48 d3 e8 89 03 49 8b c1 8b 0d
0x00007fff88e7265a:   2a 85 79 00 48 33 c3 48 d3 e8 48 85 c0 0f 84 40
0x00007fff88e7266a:   01 00 00 48 8b 47 08 48 8b d3 48 8b 80 f8 00 00
0x00007fff88e7267a:   00 8b 48 68 48 8b 40 58 48 d3 ea 48 8b 0c d0 8b
0x00007fff88e7268a:   81 04 01 00 00 d1 e8 a8 01 0f 85 14 01 00 00 48
0x00007fff88e7269a:   8b 47 08 49 8b d1 4c 8b c3 8b 88 60 04 00 00 48
0x00007fff88e726aa:   8b 80 50 04 00 00 48 d3 ea 48 8b cf 0f b7 14 50
0x00007fff88e726ba:   48 8b 5c 24 30 48 83 c4 20 5f e9 67 b7 ff ff 0f
0x00007fff88e726ca:   b6 c3 d0 e8 a8 01 0f 85 d2 00 00 00 4c 8b 02 48
0x00007fff88e726da:   8b 41 08 49 8b d0 8b 88 60 04 00 00 48 8b 80 50
0x00007fff88e726ea:   04 00 00 48 d3 ea 0f b7 14 50 0f b7 c2 66 c1 e8
0x00007fff88e726fa:   08 84 c0 0f 88 aa 00 00 00 4d 8b 08 41 0f b6 c1 


Stack slot to memory mapping:
stack at sp + 0 slots: 0x00000297c2267080 points into unknown readable memory: 68 b5 40 89 ff 7f 00 00
stack at sp + 1 slots: 0x0000000085bf0001 is pointing into object: [I 
{0x0000000085beff98} - klass: {type array int}
 - length: 32
stack at sp + 2 slots: 0x0000000085bf07e4 is pointing into object: java.util.HashMap 
{0x0000000085bf07b8} - klass: 'java/util/HashMap'
stack at sp + 3 slots: 0x00000297c2267080 points into unknown readable memory: 68 b5 40 89 ff 7f 00 00
stack at sp + 4 slots: 0x0000029797be6c10 points into unknown readable memory: e6 13 00 00 00 00 00 00
stack at sp + 5 slots: 0x00007fff88e9a0ab jvm.dll
stack at sp + 6 slots: 0x00000000000013e6 is an unknown value
stack at sp + 7 slots: 0x000000a546dff968 points into unknown readable memory: 90 c4 40 89 ff 7f 00 00


---------------  P R O C E S S  ---------------

Threads class SMR info:
_java_thread_list=0x00000297c16beb90, length=141, elements={
0x0000029797bce800, 0x00000297b8ba5000, 0x00000297b8ba7000, 0x00000297b93bc000,
0x00000297b93bd800, 0x00000297b93c0800, 0x00000297b93c2800, 0x00000297b93cf800,
0x00000297b9504000, 0x00000297b950b000, 0x00000297baa42000, 0x00000297bac86800,
0x00000297bb270000, 0x00000297bb1fc800, 0x00000297bb06b800, 0x00000297bae6c800,
0x00000297bb117800, 0x00000297ba814800, 0x00000297ba0c7000, 0x00000297b9f5b800,
0x00000297b9f5a800, 0x00000297b9f59000, 0x00000297b9f57800, 0x00000297b9f56800,
0x00000297b9f55800, 0x00000297b9f5c000, 0x00000297b9f58000, 0x00000297b9f5a000,
0x00000297bb938000, 0x00000297bb93a800, 0x00000297bb93d000, 0x00000297bb939800,
0x00000297bb937800, 0x00000297bb93f800, 0x00000297bb93e000, 0x00000297bb940800,
0x00000297bb941000, 0x00000297bb93e800, 0x00000297bb93b800, 0x00000297bb942000,
0x00000297bb942800, 0x00000297bb946000, 0x00000297bb943800, 0x00000297bb944800,
0x00000297bb945000, 0x00000297bbfda800, 0x00000297bbfd9800, 0x00000297bbfd6000,
0x00000297bbfd4800, 0x00000297bbfd7000, 0x00000297bbfdb000, 0x00000297bbfd5800,
0x00000297bbfd8000, 0x00000297bbfdc000, 0x00000297bbfdd000, 0x00000297bbfdd800,
0x00000297bbfde800, 0x00000297bbfd8800, 0x00000297bbfe3800, 0x00000297bbfe0000,
0x00000297bbfe2800, 0x00000297bbfe1800, 0x00000297bbfdf000, 0x00000297bbfe1000,
0x00000297bbff8800, 0x00000297bbff9800, 0x00000297bbff4800, 0x00000297bbff5800,
0x00000297bbffc000, 0x00000297bbff6800, 0x00000297bbffb000, 0x00000297bbffa800,
0x00000297bbffd000, 0x00000297bbff7000, 0x00000297bbffd800, 0x00000297bbff8000,
0x00000297bc001000, 0x00000297bc000000, 0x00000297bc001800, 0x00000297bbffe800,
0x00000297bc003800, 0x00000297bc002800, 0x00000297bbfff000, 0x00000297be780000,
0x00000297be77d800, 0x00000297be77c000, 0x00000297be77d000, 0x00000297be77e800,
0x00000297be781000, 0x00000297be77f000, 0x00000297be77b000, 0x00000297be781800,
0x00000297be784000, 0x00000297be785000, 0x00000297be785800, 0x00000297be786800,
0x00000297be787800, 0x00000297be788000, 0x00000297be782800, 0x00000297be783800,
0x00000297be789000, 0x00000297be78a000, 0x00000297bd55a800, 0x00000297bd557000,
0x00000297bd55c000, 0x00000297bd558800, 0x00000297bd55d000, 0x00000297bd55d800,
0x00000297bd558000, 0x00000297bd55b000, 0x00000297bd55e800, 0x00000297bd55f800,
0x00000297bd559800, 0x00000297bd561800, 0x00000297bd565000, 0x00000297bd563800,
0x00000297bd564000, 0x00000297bd566000, 0x00000297bd560000, 0x00000297bd561000,
0x00000297ba294800, 0x00000297ba295000, 0x00000297ba296000, 0x00000297ba292800,
0x00000297ba293800, 0x00000297ba296800, 0x00000297ba291000, 0x00000297ba298800,
0x00000297ba29b000, 0x00000297ba29b800, 0x00000297ba299000, 0x00000297ba297800,
0x00000297ba29c800, 0x00000297ba29f000, 0x00000297ba29d000, 0x00000297ba29a000,
0x00000297ba29e000, 0x00000297bbd5b000, 0x00000297bbd5a000, 0x00000297bbe9e800,
0x00000297bf11a800
}

Java Threads: ( => current thread )
  0x0000029797bce800 JavaThread "main" [_thread_blocked, id=4936, stack(0x000000a544b00000,0x000000a544c00000)]
  0x00000297b8ba5000 JavaThread "Reference Handler" daemon [_thread_blocked, id=8500, stack(0x000000a545200000,0x000000a545300000)]
  0x00000297b8ba7000 JavaThread "Finalizer" daemon [_thread_blocked, id=6288, stack(0x000000a545300000,0x000000a545400000)]
  0x00000297b93bc000 JavaThread "Signal Dispatcher" daemon [_thread_blocked, id=2896, stack(0x000000a545400000,0x000000a545500000)]
  0x00000297b93bd800 JavaThread "Attach Listener" daemon [_thread_blocked, id=9352, stack(0x000000a545500000,0x000000a545600000)]
  0x00000297b93c0800 JavaThread "C2 CompilerThread0" daemon [_thread_blocked, id=4216, stack(0x000000a545600000,0x000000a545700000)]
  0x00000297b93c2800 JavaThread "C1 CompilerThread0" daemon [_thread_blocked, id=14072, stack(0x000000a545700000,0x000000a545800000)]
  0x00000297b93cf800 JavaThread "Sweeper thread" daemon [_thread_blocked, id=3392, stack(0x000000a545800000,0x000000a545900000)]
  0x00000297b9504000 JavaThread "Common-Cleaner" daemon [_thread_blocked, id=10724, stack(0x000000a545900000,0x000000a545a00000)]
  0x00000297b950b000 JavaThread "Service Thread" daemon [_thread_blocked, id=13388, stack(0x000000a545a00000,0x000000a545b00000)]
  0x00000297baa42000 JavaThread "Daemon health stats" [_thread_blocked, id=13324, stack(0x000000a545c00000,0x000000a545d00000)]
  0x00000297bac86800 JavaThread "Incoming local TCP Connector on port 60844" [_thread_in_native, id=5968, stack(0x000000a546100000,0x000000a546200000)]
  0x00000297bb270000 JavaThread "Daemon periodic checks" [_thread_blocked, id=10268, stack(0x000000a546200000,0x000000a546300000)]
  0x00000297bb1fc800 JavaThread "Daemon" [_thread_blocked, id=480, stack(0x000000a546300000,0x000000a546400000)]
  0x00000297bb06b800 JavaThread "Handler for socket connection from /127.0.0.1:60844 to /127.0.0.1:60845" [_thread_in_native, id=7532, stack(0x000000a546400000,0x000000a546500000)]
  0x00000297bae6c800 JavaThread "Cancel handler" [_thread_blocked, id=9720, stack(0x000000a546500000,0x000000a546600000)]
  0x00000297bb117800 JavaThread "Daemon worker" [_thread_blocked, id=1928, stack(0x000000a546600000,0x000000a546700000)]
  0x00000297ba814800 JavaThread "Asynchronous log dispatcher for DefaultDaemonConnection: socket connection from /127.0.0.1:60844 to /127.0.0.1:60845" [_thread_blocked, id=2184, stack(0x000000a546700000,0x000000a546800000)]
  0x00000297ba0c7000 JavaThread "Daemon client event forwarder" [_thread_blocked, id=11088, stack(0x000000a546900000,0x000000a546a00000)]
  0x00000297b9f5b800 JavaThread "Cache worker for journal cache (C:\Users\jeffe\.gradle\caches\journal-1)" [_thread_blocked, id=13376, stack(0x000000a546a00000,0x000000a546b00000)]
  0x00000297b9f5a800 JavaThread "File lock request listener" [_thread_in_native, id=13596, stack(0x000000a546b00000,0x000000a546c00000)]
  0x00000297b9f59000 JavaThread "Cache worker for file hash cache (C:\Users\jeffe\.gradle\caches\7.3.2\fileHashes)" [_thread_blocked, id=8280, stack(0x000000a546c00000,0x000000a546d00000)]
  0x00000297b9f57800 JavaThread "Cache worker for file hash cache (C:\Users\jeffe\AndroidStudioProjects\FirstAidKit3\.gradle\7.3.2\fileHashes)" [_thread_blocked, id=13712, stack(0x000000a547000000,0x000000a547100000)]
  0x00000297b9f56800 JavaThread "File watcher server" daemon [_thread_blocked, id=13484, stack(0x000000a547200000,0x000000a547300000)]
  0x00000297b9f55800 JavaThread "File watcher consumer" daemon [_thread_blocked, id=12676, stack(0x000000a547300000,0x000000a547400000)]
  0x00000297b9f5c000 JavaThread "Cache worker for checksums cache (C:\Users\jeffe\AndroidStudioProjects\FirstAidKit3\.gradle\7.3.2\checksums)" [_thread_blocked, id=13316, stack(0x000000a547500000,0x000000a547600000)]
  0x00000297b9f58000 JavaThread "Cache worker for cache directory md-supplier (C:\Users\jeffe\.gradle\caches\7.3.2\md-supplier)" [_thread_blocked, id=12384, stack(0x000000a547400000,0x000000a547500000)]
  0x00000297b9f5a000 JavaThread "Cache worker for cache directory md-rule (C:\Users\jeffe\.gradle\caches\7.3.2\md-rule)" [_thread_blocked, id=448, stack(0x000000a547600000,0x000000a547700000)]
  0x00000297bb938000 JavaThread "Cache worker for execution history cache (C:\Users\jeffe\.gradle\caches\7.3.2\executionHistory)" [_thread_blocked, id=10880, stack(0x000000a547800000,0x000000a547900000)]
  0x00000297bb93a800 JavaThread "jar transforms" [_thread_blocked, id=6440, stack(0x000000a547a00000,0x000000a547b00000)]
  0x00000297bb93d000 JavaThread "jar transforms Thread 2" [_thread_blocked, id=10628, stack(0x000000a547b00000,0x000000a547c00000)]
  0x00000297bb939800 JavaThread "Cache worker for file content cache (C:\Users\jeffe\.gradle\caches\7.3.2\fileContent)" [_thread_blocked, id=11776, stack(0x000000a547c00000,0x000000a547d00000)]
  0x00000297bb937800 JavaThread "Cache worker for dependencies-accessors (C:\Users\jeffe\AndroidStudioProjects\FirstAidKit3\.gradle\7.3.2\dependencies-accessors)" [_thread_blocked, id=12248, stack(0x000000a547d00000,0x000000a547e00000)]
  0x00000297bb93f800 JavaThread "jar transforms Thread 3" [_thread_blocked, id=2892, stack(0x000000a547900000,0x000000a547a00000)]
  0x00000297bb93e000 JavaThread "Cache worker for Build Output Cleanup Cache (C:\Users\jeffe\AndroidStudioProjects\FirstAidKit3\.gradle\buildOutputCleanup)" [_thread_blocked, id=6776, stack(0x000000a547e00000,0x000000a547f00000)]
  0x00000297bb940800 JavaThread "Unconstrained build operations" [_thread_blocked, id=7112, stack(0x000000a547100000,0x000000a547200000)]
  0x00000297bb941000 JavaThread "Unconstrained build operations Thread 2" [_thread_blocked, id=408, stack(0x000000a547f00000,0x000000a548000000)]
  0x00000297bb93e800 JavaThread "Unconstrained build operations Thread 3" [_thread_blocked, id=8968, stack(0x000000a548000000,0x000000a548100000)]
  0x00000297bb93b800 JavaThread "Unconstrained build operations Thread 4" [_thread_blocked, id=6464, stack(0x000000a548100000,0x000000a548200000)]
  0x00000297bb942000 JavaThread "Unconstrained build operations Thread 5" [_thread_blocked, id=3836, stack(0x000000a548200000,0x000000a548300000)]
  0x00000297bb942800 JavaThread "Unconstrained build operations Thread 6" [_thread_blocked, id=7412, stack(0x000000a548300000,0x000000a548400000)]
  0x00000297bb946000 JavaThread "Unconstrained build operations Thread 7" [_thread_blocked, id=10848, stack(0x000000a548400000,0x000000a548500000)]
  0x00000297bb943800 JavaThread "Unconstrained build operations Thread 8" [_thread_blocked, id=9580, stack(0x000000a548500000,0x000000a548600000)]
  0x00000297bb944800 JavaThread "Unconstrained build operations Thread 9" [_thread_blocked, id=13896, stack(0x000000a548600000,0x000000a548700000)]
  0x00000297bb945000 JavaThread "Unconstrained build operations Thread 10" [_thread_blocked, id=9380, stack(0x000000a548700000,0x000000a548800000)]
  0x00000297bbfda800 JavaThread "Unconstrained build operations Thread 11" [_thread_blocked, id=9488, stack(0x000000a548800000,0x000000a548900000)]
  0x00000297bbfd9800 JavaThread "Unconstrained build operations Thread 12" [_thread_blocked, id=11920, stack(0x000000a548900000,0x000000a548a00000)]
  0x00000297bbfd6000 JavaThread "Unconstrained build operations Thread 13" [_thread_blocked, id=13940, stack(0x000000a548a00000,0x000000a548b00000)]
  0x00000297bbfd4800 JavaThread "Unconstrained build operations Thread 14" [_thread_blocked, id=12432, stack(0x000000a548b00000,0x000000a548c00000)]
  0x00000297bbfd7000 JavaThread "Unconstrained build operations Thread 15" [_thread_blocked, id=6156, stack(0x000000a548c00000,0x000000a548d00000)]
  0x00000297bbfdb000 JavaThread "Unconstrained build operations Thread 16" [_thread_blocked, id=8040, stack(0x000000a548d00000,0x000000a548e00000)]
  0x00000297bbfd5800 JavaThread "Unconstrained build operations Thread 17" [_thread_blocked, id=12772, stack(0x000000a548e00000,0x000000a548f00000)]
  0x00000297bbfd8000 JavaThread "Unconstrained build operations Thread 18" [_thread_blocked, id=1168, stack(0x000000a548f00000,0x000000a549000000)]
  0x00000297bbfdc000 JavaThread "Unconstrained build operations Thread 19" [_thread_blocked, id=7248, stack(0x000000a549000000,0x000000a549100000)]
  0x00000297bbfdd000 JavaThread "Unconstrained build operations Thread 20" [_thread_blocked, id=4672, stack(0x000000a549100000,0x000000a549200000)]
  0x00000297bbfdd800 JavaThread "Unconstrained build operations Thread 21" [_thread_blocked, id=6704, stack(0x000000a549200000,0x000000a549300000)]
  0x00000297bbfde800 JavaThread "Unconstrained build operations Thread 22" [_thread_blocked, id=11860, stack(0x000000a549300000,0x000000a549400000)]
  0x00000297bbfd8800 JavaThread "Unconstrained build operations Thread 23" [_thread_blocked, id=8900, stack(0x000000a549400000,0x000000a549500000)]
  0x00000297bbfe3800 JavaThread "Unconstrained build operations Thread 24" [_thread_blocked, id=11148, stack(0x000000a549500000,0x000000a549600000)]
  0x00000297bbfe0000 JavaThread "Unconstrained build operations Thread 25" [_thread_blocked, id=9856, stack(0x000000a549600000,0x000000a549700000)]
  0x00000297bbfe2800 JavaThread "Unconstrained build operations Thread 26" [_thread_blocked, id=10556, stack(0x000000a549700000,0x000000a549800000)]
  0x00000297bbfe1800 JavaThread "Unconstrained build operations Thread 27" [_thread_blocked, id=7876, stack(0x000000a549800000,0x000000a549900000)]
  0x00000297bbfdf000 JavaThread "Unconstrained build operations Thread 28" [_thread_blocked, id=12040, stack(0x000000a549900000,0x000000a549a00000)]
  0x00000297bbfe1000 JavaThread "Unconstrained build operations Thread 29" [_thread_blocked, id=4340, stack(0x000000a549a00000,0x000000a549b00000)]
  0x00000297bbff8800 JavaThread "Unconstrained build operations Thread 30" [_thread_blocked, id=10952, stack(0x000000a549b00000,0x000000a549c00000)]
  0x00000297bbff9800 JavaThread "Unconstrained build operations Thread 31" [_thread_blocked, id=224, stack(0x000000a549c00000,0x000000a549d00000)]
  0x00000297bbff4800 JavaThread "Unconstrained build operations Thread 32" [_thread_blocked, id=6472, stack(0x000000a549d00000,0x000000a549e00000)]
  0x00000297bbff5800 JavaThread "Unconstrained build operations Thread 33" [_thread_blocked, id=8460, stack(0x000000a549e00000,0x000000a549f00000)]
  0x00000297bbffc000 JavaThread "Unconstrained build operations Thread 34" [_thread_blocked, id=13352, stack(0x000000a549f00000,0x000000a54a000000)]
  0x00000297bbff6800 JavaThread "Unconstrained build operations Thread 35" [_thread_blocked, id=1780, stack(0x000000a54a000000,0x000000a54a100000)]
  0x00000297bbffb000 JavaThread "Unconstrained build operations Thread 36" [_thread_blocked, id=7768, stack(0x000000a54a100000,0x000000a54a200000)]
  0x00000297bbffa800 JavaThread "Unconstrained build operations Thread 37" [_thread_blocked, id=13460, stack(0x000000a54a200000,0x000000a54a300000)]
  0x00000297bbffd000 JavaThread "Unconstrained build operations Thread 38" [_thread_blocked, id=784, stack(0x000000a54a300000,0x000000a54a400000)]
  0x00000297bbff7000 JavaThread "Unconstrained build operations Thread 39" [_thread_blocked, id=8424, stack(0x000000a54a400000,0x000000a54a500000)]
  0x00000297bbffd800 JavaThread "Unconstrained build operations Thread 40" [_thread_blocked, id=10232, stack(0x000000a54a500000,0x000000a54a600000)]
  0x00000297bbff8000 JavaThread "Unconstrained build operations Thread 41" [_thread_blocked, id=9616, stack(0x000000a54a600000,0x000000a54a700000)]
  0x00000297bc001000 JavaThread "Unconstrained build operations Thread 42" [_thread_blocked, id=1376, stack(0x000000a54a700000,0x000000a54a800000)]
  0x00000297bc000000 JavaThread "Unconstrained build operations Thread 43" [_thread_blocked, id=13364, stack(0x000000a54a800000,0x000000a54a900000)]
  0x00000297bc001800 JavaThread "Unconstrained build operations Thread 44" [_thread_blocked, id=12124, stack(0x000000a54a900000,0x000000a54aa00000)]
  0x00000297bbffe800 JavaThread "Unconstrained build operations Thread 45" [_thread_blocked, id=5444, stack(0x000000a54aa00000,0x000000a54ab00000)]
  0x00000297bc003800 JavaThread "Unconstrained build operations Thread 46" [_thread_blocked, id=6792, stack(0x000000a54ab00000,0x000000a54ac00000)]
  0x00000297bc002800 JavaThread "Unconstrained build operations Thread 47" [_thread_blocked, id=6828, stack(0x000000a54ac00000,0x000000a54ad00000)]
  0x00000297bbfff000 JavaThread "Unconstrained build operations Thread 48" [_thread_blocked, id=12476, stack(0x000000a54ad00000,0x000000a54ae00000)]
  0x00000297be780000 JavaThread "Unconstrained build operations Thread 49" [_thread_blocked, id=8528, stack(0x000000a54ae00000,0x000000a54af00000)]
  0x00000297be77d800 JavaThread "Unconstrained build operations Thread 50" [_thread_blocked, id=2556, stack(0x000000a54af00000,0x000000a54b000000)]
  0x00000297be77c000 JavaThread "Unconstrained build operations Thread 51" [_thread_blocked, id=1580, stack(0x000000a54b000000,0x000000a54b100000)]
  0x00000297be77d000 JavaThread "Unconstrained build operations Thread 52" [_thread_blocked, id=9312, stack(0x000000a54b100000,0x000000a54b200000)]
  0x00000297be77e800 JavaThread "Unconstrained build operations Thread 53" [_thread_blocked, id=9952, stack(0x000000a54b200000,0x000000a54b300000)]
  0x00000297be781000 JavaThread "Unconstrained build operations Thread 54" [_thread_blocked, id=13344, stack(0x000000a54b300000,0x000000a54b400000)]
  0x00000297be77f000 JavaThread "Unconstrained build operations Thread 55" [_thread_blocked, id=7012, stack(0x000000a54b400000,0x000000a54b500000)]
  0x00000297be77b000 JavaThread "Unconstrained build operations Thread 56" [_thread_blocked, id=5476, stack(0x000000a54b500000,0x000000a54b600000)]
  0x00000297be781800 JavaThread "Unconstrained build operations Thread 57" [_thread_blocked, id=14276, stack(0x000000a54b600000,0x000000a54b700000)]
  0x00000297be784000 JavaThread "Unconstrained build operations Thread 58" [_thread_blocked, id=12568, stack(0x000000a54b700000,0x000000a54b800000)]
  0x00000297be785000 JavaThread "Unconstrained build operations Thread 59" [_thread_blocked, id=7348, stack(0x000000a54b800000,0x000000a54b900000)]
  0x00000297be785800 JavaThread "Unconstrained build operations Thread 60" [_thread_blocked, id=10252, stack(0x000000a54b900000,0x000000a54ba00000)]
  0x00000297be786800 JavaThread "Unconstrained build operations Thread 61" [_thread_blocked, id=9628, stack(0x000000a54ba00000,0x000000a54bb00000)]
  0x00000297be787800 JavaThread "Unconstrained build operations Thread 62" [_thread_blocked, id=3188, stack(0x000000a54bb00000,0x000000a54bc00000)]
  0x00000297be788000 JavaThread "Unconstrained build operations Thread 63" [_thread_blocked, id=6064, stack(0x000000a54bc00000,0x000000a54bd00000)]
  0x00000297be782800 JavaThread "Unconstrained build operations Thread 64" [_thread_blocked, id=4100, stack(0x000000a54bd00000,0x000000a54be00000)]
  0x00000297be783800 JavaThread "Unconstrained build operations Thread 65" [_thread_blocked, id=2956, stack(0x000000a54be00000,0x000000a54bf00000)]
  0x00000297be789000 JavaThread "Unconstrained build operations Thread 66" [_thread_blocked, id=984, stack(0x000000a54bf00000,0x000000a54c000000)]
  0x00000297be78a000 JavaThread "Unconstrained build operations Thread 67" [_thread_blocked, id=13248, stack(0x000000a54c000000,0x000000a54c100000)]
  0x00000297bd55a800 JavaThread "Unconstrained build operations Thread 68" [_thread_blocked, id=10924, stack(0x000000a54c100000,0x000000a54c200000)]
  0x00000297bd557000 JavaThread "Unconstrained build operations Thread 69" [_thread_blocked, id=4588, stack(0x000000a54c200000,0x000000a54c300000)]
  0x00000297bd55c000 JavaThread "Unconstrained build operations Thread 70" [_thread_blocked, id=12972, stack(0x000000a54c300000,0x000000a54c400000)]
  0x00000297bd558800 JavaThread "Unconstrained build operations Thread 71" [_thread_blocked, id=2144, stack(0x000000a54c400000,0x000000a54c500000)]
  0x00000297bd55d000 JavaThread "Unconstrained build operations Thread 72" [_thread_blocked, id=11752, stack(0x000000a54c500000,0x000000a54c600000)]
  0x00000297bd55d800 JavaThread "Unconstrained build operations Thread 73" [_thread_blocked, id=6252, stack(0x000000a54c600000,0x000000a54c700000)]
  0x00000297bd558000 JavaThread "Unconstrained build operations Thread 74" [_thread_blocked, id=7212, stack(0x000000a54c700000,0x000000a54c800000)]
  0x00000297bd55b000 JavaThread "Unconstrained build operations Thread 75" [_thread_blocked, id=6556, stack(0x000000a54c800000,0x000000a54c900000)]
  0x00000297bd55e800 JavaThread "Unconstrained build operations Thread 76" [_thread_blocked, id=6108, stack(0x000000a54c900000,0x000000a54ca00000)]
  0x00000297bd55f800 JavaThread "Unconstrained build operations Thread 77" [_thread_blocked, id=12836, stack(0x000000a54ca00000,0x000000a54cb00000)]
  0x00000297bd559800 JavaThread "Unconstrained build operations Thread 78" [_thread_blocked, id=13976, stack(0x000000a54cb00000,0x000000a54cc00000)]
  0x00000297bd561800 JavaThread "Unconstrained build operations Thread 79" [_thread_blocked, id=9248, stack(0x000000a54cc00000,0x000000a54cd00000)]
  0x00000297bd565000 JavaThread "Unconstrained build operations Thread 80" [_thread_blocked, id=3432, stack(0x000000a54cd00000,0x000000a54ce00000)]
  0x00000297bd563800 JavaThread "jar transforms Thread 4" [_thread_blocked, id=8104, stack(0x000000a54ce00000,0x000000a54cf00000)]
  0x00000297bd564000 JavaThread "jar transforms Thread 5" [_thread_blocked, id=8700, stack(0x000000a54cf00000,0x000000a54d000000)]
  0x00000297bd566000 JavaThread "jar transforms Thread 6" [_thread_blocked, id=14132, stack(0x000000a54d000000,0x000000a54d100000)]
  0x00000297bd560000 JavaThread "jar transforms Thread 7" [_thread_blocked, id=3592, stack(0x000000a54d100000,0x000000a54d200000)]
  0x00000297bd561000 JavaThread "jar transforms Thread 8" [_thread_blocked, id=2276, stack(0x000000a54d200000,0x000000a54d300000)]
  0x00000297ba294800 JavaThread "Memory manager" [_thread_blocked, id=5616, stack(0x000000a54d600000,0x000000a54d700000)]
  0x00000297ba295000 JavaThread "build event listener" [_thread_blocked, id=12200, stack(0x000000a54d800000,0x000000a54d900000)]
  0x00000297ba296000 JavaThread "Execution worker for ':'" [_thread_blocked, id=7728, stack(0x000000a54d900000,0x000000a54da00000)]
  0x00000297ba292800 JavaThread "Execution worker for ':' Thread 2" [_thread_blocked, id=12652, stack(0x000000a54da00000,0x000000a54db00000)]
  0x00000297ba293800 JavaThread "Execution worker for ':' Thread 3" [_thread_blocked, id=5440, stack(0x000000a54db00000,0x000000a54dc00000)]
  0x00000297ba296800 JavaThread "Execution worker for ':' Thread 4" [_thread_blocked, id=6604, stack(0x000000a54dc00000,0x000000a54dd00000)]
  0x00000297ba291000 JavaThread "Execution worker for ':' Thread 5" [_thread_blocked, id=1844, stack(0x000000a54dd00000,0x000000a54de00000)]
  0x00000297ba298800 JavaThread "Execution worker for ':' Thread 6" [_thread_blocked, id=8572, stack(0x000000a54de00000,0x000000a54df00000)]
  0x00000297ba29b000 JavaThread "Execution worker for ':' Thread 7" [_thread_blocked, id=11352, stack(0x000000a54df00000,0x000000a54e000000)]
  0x00000297ba29b800 JavaThread "Cache worker for execution history cache (C:\Users\jeffe\AndroidStudioProjects\FirstAidKit3\.gradle\7.3.2\executionHistory)" [_thread_blocked, id=13144, stack(0x000000a54e000000,0x000000a54e100000)]
  0x00000297ba299000 JavaThread "Cache worker for Java compile cache (C:\Users\jeffe\.gradle\caches\7.3.2\javaCompile)" [_thread_blocked, id=6412, stack(0x000000a54d300000,0x000000a54d400000)]
  0x00000297ba297800 JavaThread "Build operations" [_thread_blocked, id=7764, stack(0x000000a54e100000,0x000000a54e200000)]
  0x00000297ba29c800 JavaThread "Build operations Thread 2" [_thread_blocked, id=10276, stack(0x000000a54e200000,0x000000a54e300000)]
  0x00000297ba29f000 JavaThread "Build operations Thread 3" [_thread_blocked, id=3912, stack(0x000000a54e300000,0x000000a54e400000)]
  0x00000297ba29d000 JavaThread "Build operations Thread 4" [_thread_blocked, id=2972, stack(0x000000a54e400000,0x000000a54e500000)]
  0x00000297ba29a000 JavaThread "Build operations Thread 5" [_thread_blocked, id=12148, stack(0x000000a54e500000,0x000000a54e600000)]
  0x00000297ba29e000 JavaThread "Build operations Thread 6" [_thread_blocked, id=5472, stack(0x000000a54e600000,0x000000a54e700000)]
  0x00000297bbd5b000 JavaThread "Build operations Thread 7" [_thread_blocked, id=12540, stack(0x000000a54e700000,0x000000a54e800000)]
  0x00000297bbd5a000 JavaThread "Build operations Thread 8" [_thread_blocked, id=12708, stack(0x000000a54e800000,0x000000a54e900000)]
  0x00000297bbe9e800 JavaThread "C2 CompilerThread1" daemon [_thread_blocked, id=9552, stack(0x000000a544800000,0x000000a544900000)]
  0x00000297bf11a800 JavaThread "C2 CompilerThread2" daemon [_thread_blocked, id=9788, stack(0x000000a544900000,0x000000a544a00000)]

Other Threads:
  0x00000297b8ba3800 VMThread "VM Thread" [stack: 0x000000a545100000,0x000000a545200000] [id=10000]
  0x00000297b9510000 WatcherThread [stack: 0x000000a545b00000,0x000000a545c00000] [id=10072]
  0x0000029797c10800 GCTaskThread "GC Thread#0" [stack: 0x000000a544c00000,0x000000a544d00000] [id=7660]
  0x00000297ba029000 GCTaskThread "GC Thread#1" [stack: 0x000000a545d00000,0x000000a545e00000] [id=7416]
  0x00000297b9fc0000 GCTaskThread "GC Thread#2" [stack: 0x000000a545e00000,0x000000a545f00000] [id=4532]
  0x00000297ba0ae800 GCTaskThread "GC Thread#3" [stack: 0x000000a545f00000,0x000000a546000000] [id=7028]
  0x00000297ba126000 GCTaskThread "GC Thread#4" [stack: 0x000000a546000000,0x000000a546100000] [id=6520]
=>0x00000297bc04e800 GCTaskThread "GC Thread#5" [stack: 0x000000a546d00000,0x000000a546e00000] [id=3396]
  0x00000297bb42c800 GCTaskThread "GC Thread#6" [stack: 0x000000a546e00000,0x000000a546f00000] [id=2008]
  0x00000297ba091800 GCTaskThread "GC Thread#7" [stack: 0x000000a546f00000,0x000000a547000000] [id=7940]
  0x0000029797c23800 ConcurrentGCThread "G1 Main Marker" [stack: 0x000000a544d00000,0x000000a544e00000] [id=12808]
  0x0000029797c29800 ConcurrentGCThread "G1 Conc#0" [stack: 0x000000a544e00000,0x000000a544f00000] [id=5960]
  0x00000297bad4b000 ConcurrentGCThread "G1 Conc#1" [stack: 0x000000a547700000,0x000000a547800000] [id=13216]
  0x00000297b8a1a800 ConcurrentGCThread "G1 Refine#0" [stack: 0x000000a544f00000,0x000000a545000000] [id=8288]
  0x00000297b8a1b800 ConcurrentGCThread "G1 Young RemSet Sampling" [stack: 0x000000a545000000,0x000000a545100000] [id=6744]

Threads with active compile tasks:
C2 CompilerThread0    69474 12299       4       com.sun.tools.javac.code.Types$15::visitClassType (130 bytes)
C2 CompilerThread1    69474 12298       4       com.sun.tools.javac.code.Types$15::visitClassType (10 bytes)
C2 CompilerThread2    69474 12363       4       com.sun.tools.javac.code.Scope$ScopeImpl$$Lambda$1247/0x00000008016a7840::iterator (20 bytes)

VM state:at safepoint (normal execution)

VM Mutex/Monitor currently owned by a thread:  ([mutex/lock_event])
[0x0000029797bca640] Threads_lock - owner thread: 0x00000297b8ba3800
[0x0000029797bca490] Heap_lock - owner thread: 0x00000297ba292800

Heap address: 0x0000000080000000, size: 2048 MB, Compressed Oops mode: 32-bit
Narrow klass base: 0x0000000800000000, Narrow klass shift: 3
Compressed class space size: 1073741824 Address: 0x0000000800b40000

Heap:
 garbage-first heap   total 171008K, used 131940K [0x0000000080000000, 0x0000000100000000)
  region size 1024K, 34 young (34816K), 4 survivors (4096K)
 Metaspace       used 83464K, capacity 85842K, committed 86092K, reserved 1124352K
  class space    used 11038K, capacity 11901K, committed 11904K, reserved 1048576K
Heap Regions: E=young(eden), S=young(survivor), O=old, HS=humongous(starts), HC=humongous(continues), CS=collection set, F=free, A=archive, TAMS=top-at-mark-start (previous, next)
|   0|0x0000000080000000, 0x0000000080100000, 0x0000000080100000|100%| O|  |TAMS 0x0000000080100000, 0x0000000080100000| Untracked 
|   1|0x0000000080100000, 0x0000000080200000, 0x0000000080200000|100%| O|  |TAMS 0x0000000080200000, 0x0000000080200000| Untracked 
|   2|0x0000000080200000, 0x0000000080300000, 0x0000000080300000|100%| O|  |TAMS 0x0000000080300000, 0x0000000080300000| Untracked 
|   3|0x0000000080300000, 0x0000000080400000, 0x0000000080400000|100%|HS|  |TAMS 0x0000000080400000, 0x0000000080400000| Complete 
|   4|0x0000000080400000, 0x0000000080500000, 0x0000000080500000|100%|HC|  |TAMS 0x0000000080500000, 0x0000000080500000| Complete 
|   5|0x0000000080500000, 0x0000000080600000, 0x0000000080600000|100%|HC|  |TAMS 0x0000000080600000, 0x0000000080600000| Complete 
|   6|0x0000000080600000, 0x0000000080700000, 0x0000000080700000|100%| O|  |TAMS 0x0000000080700000, 0x0000000080700000| Untracked 
|   7|0x0000000080700000, 0x0000000080800000, 0x0000000080800000|100%| O|  |TAMS 0x0000000080800000, 0x0000000080800000| Untracked 
|   8|0x0000000080800000, 0x0000000080900000, 0x0000000080900000|100%| O|  |TAMS 0x0000000080900000, 0x0000000080900000| Untracked 
|   9|0x0000000080900000, 0x0000000080a00000, 0x0000000080a00000|100%| O|  |TAMS 0x0000000080a00000, 0x0000000080a00000| Untracked 
|  10|0x0000000080a00000, 0x0000000080b00000, 0x0000000080b00000|100%| O|  |TAMS 0x0000000080b00000, 0x0000000080b00000| Untracked 
|  11|0x0000000080b00000, 0x0000000080c00000, 0x0000000080c00000|100%| O|  |TAMS 0x0000000080c00000, 0x0000000080c00000| Untracked 
|  12|0x0000000080c00000, 0x0000000080d00000, 0x0000000080d00000|100%| O|  |TAMS 0x0000000080d00000, 0x0000000080d00000| Untracked 
|  13|0x0000000080d00000, 0x0000000080e00000, 0x0000000080e00000|100%| O|  |TAMS 0x0000000080e00000, 0x0000000080e00000| Untracked 
|  14|0x0000000080e00000, 0x0000000080f00000, 0x0000000080f00000|100%| O|  |TAMS 0x0000000080f00000, 0x0000000080f00000| Untracked 
|  15|0x0000000080f00000, 0x0000000081000000, 0x0000000081000000|100%| O|  |TAMS 0x0000000081000000, 0x0000000081000000| Untracked 
|  16|0x0000000081000000, 0x00000000810d9000, 0x0000000081100000| 84%| O|  |TAMS 0x00000000810d9000, 0x00000000810d9000| Untracked 
|  17|0x0000000081100000, 0x0000000081200000, 0x0000000081200000|100%| O|  |TAMS 0x0000000081200000, 0x0000000081200000| Untracked 
|  18|0x0000000081200000, 0x0000000081300000, 0x0000000081300000|100%| O|  |TAMS 0x0000000081300000, 0x0000000081300000| Untracked 
|  19|0x0000000081300000, 0x0000000081400000, 0x0000000081400000|100%| O|  |TAMS 0x0000000081400000, 0x0000000081400000| Untracked 
|  20|0x0000000081400000, 0x0000000081500000, 0x0000000081500000|100%| O|  |TAMS 0x0000000081500000, 0x0000000081500000| Untracked 
|  21|0x0000000081500000, 0x0000000081600000, 0x0000000081600000|100%| O|  |TAMS 0x0000000081600000, 0x0000000081600000| Untracked 
|  22|0x0000000081600000, 0x0000000081700000, 0x0000000081700000|100%| O|  |TAMS 0x0000000081700000, 0x0000000081700000| Untracked 
|  23|0x0000000081700000, 0x0000000081800000, 0x0000000081800000|100%| O|  |TAMS 0x0000000081800000, 0x0000000081800000| Untracked 
|  24|0x0000000081800000, 0x0000000081900000, 0x0000000081900000|100%| O|  |TAMS 0x0000000081900000, 0x0000000081900000| Untracked 
|  25|0x0000000081900000, 0x0000000081a00000, 0x0000000081a00000|100%| O|  |TAMS 0x0000000081a00000, 0x0000000081a00000| Untracked 
|  26|0x0000000081a00000, 0x0000000081b00000, 0x0000000081b00000|100%| O|  |TAMS 0x0000000081b00000, 0x0000000081b00000| Untracked 
|  27|0x0000000081b00000, 0x0000000081c00000, 0x0000000081c00000|100%| O|  |TAMS 0x0000000081c00000, 0x0000000081c00000| Untracked 
|  28|0x0000000081c00000, 0x0000000081d00000, 0x0000000081d00000|100%| O|  |TAMS 0x0000000081d00000, 0x0000000081d00000| Untracked 
|  29|0x0000000081d00000, 0x0000000081e00000, 0x0000000081e00000|100%|HS|  |TAMS 0x0000000081e00000, 0x0000000081e00000| Complete 
|  30|0x0000000081e00000, 0x0000000081f00000, 0x0000000081f00000|100%|HS|  |TAMS 0x0000000081f00000, 0x0000000081f00000| Complete 
|  31|0x0000000081f00000, 0x0000000082000000, 0x0000000082000000|100%| O|  |TAMS 0x0000000082000000, 0x0000000082000000| Untracked 
|  32|0x0000000082000000, 0x0000000082100000, 0x0000000082100000|100%| O|  |TAMS 0x0000000082100000, 0x0000000082100000| Untracked 
|  33|0x0000000082100000, 0x0000000082200000, 0x0000000082200000|100%| O|  |TAMS 0x0000000082200000, 0x0000000082200000| Untracked 
|  34|0x0000000082200000, 0x0000000082300000, 0x0000000082300000|100%| O|  |TAMS 0x0000000082300000, 0x0000000082300000| Untracked 
|  35|0x0000000082300000, 0x0000000082400000, 0x0000000082400000|100%|HS|  |TAMS 0x0000000082400000, 0x0000000082400000| Complete 
|  36|0x0000000082400000, 0x0000000082500000, 0x0000000082500000|100%|HC|  |TAMS 0x0000000082500000, 0x0000000082500000| Complete 
|  37|0x0000000082500000, 0x0000000082600000, 0x0000000082600000|100%| O|  |TAMS 0x0000000082600000, 0x0000000082600000| Untracked 
|  38|0x0000000082600000, 0x0000000082700000, 0x0000000082700000|100%| O|  |TAMS 0x0000000082700000, 0x0000000082700000| Untracked 
|  39|0x0000000082700000, 0x0000000082800000, 0x0000000082800000|100%| O|  |TAMS 0x0000000082800000, 0x0000000082800000| Untracked 
|  40|0x0000000082800000, 0x0000000082900000, 0x0000000082900000|100%| O|  |TAMS 0x0000000082900000, 0x0000000082900000| Untracked 
|  41|0x0000000082900000, 0x0000000082a00000, 0x0000000082a00000|100%| O|  |TAMS 0x0000000082a00000, 0x0000000082a00000| Untracked 
|  42|0x0000000082a00000, 0x0000000082b00000, 0x0000000082b00000|100%| O|  |TAMS 0x0000000082b00000, 0x0000000082b00000| Untracked 
|  43|0x0000000082b00000, 0x0000000082c00000, 0x0000000082c00000|100%| O|  |TAMS 0x0000000082c00000, 0x0000000082c00000| Untracked 
|  44|0x0000000082c00000, 0x0000000082d00000, 0x0000000082d00000|100%| O|  |TAMS 0x0000000082d00000, 0x0000000082d00000| Untracked 
|  45|0x0000000082d00000, 0x0000000082e00000, 0x0000000082e00000|100%| O|  |TAMS 0x0000000082e00000, 0x0000000082e00000| Untracked 
|  46|0x0000000082e00000, 0x0000000082f00000, 0x0000000082f00000|100%| O|  |TAMS 0x0000000082f00000, 0x0000000082f00000| Untracked 
|  47|0x0000000082f00000, 0x0000000083000000, 0x0000000083000000|100%| O|  |TAMS 0x0000000083000000, 0x0000000083000000| Untracked 
|  48|0x0000000083000000, 0x0000000083100000, 0x0000000083100000|100%| O|  |TAMS 0x0000000083100000, 0x0000000083100000| Untracked 
|  49|0x0000000083100000, 0x0000000083200000, 0x0000000083200000|100%| O|  |TAMS 0x0000000083200000, 0x0000000083200000| Untracked 
|  50|0x0000000083200000, 0x0000000083300000, 0x0000000083300000|100%| O|  |TAMS 0x0000000083300000, 0x0000000083300000| Untracked 
|  51|0x0000000083300000, 0x0000000083400000, 0x0000000083400000|100%| O|  |TAMS 0x0000000083400000, 0x0000000083400000| Untracked 
|  52|0x0000000083400000, 0x0000000083500000, 0x0000000083500000|100%| O|  |TAMS 0x0000000083500000, 0x0000000083500000| Untracked 
|  53|0x0000000083500000, 0x0000000083600000, 0x0000000083600000|100%| O|  |TAMS 0x0000000083600000, 0x0000000083600000| Untracked 
|  54|0x0000000083600000, 0x0000000083700000, 0x0000000083700000|100%| O|  |TAMS 0x0000000083700000, 0x0000000083700000| Untracked 
|  55|0x0000000083700000, 0x0000000083800000, 0x0000000083800000|100%| O|  |TAMS 0x0000000083800000, 0x0000000083800000| Untracked 
|  56|0x0000000083800000, 0x0000000083900000, 0x0000000083900000|100%| O|  |TAMS 0x0000000083900000, 0x0000000083900000| Untracked 
|  57|0x0000000083900000, 0x0000000083a00000, 0x0000000083a00000|100%| O|  |TAMS 0x0000000083a00000, 0x0000000083a00000| Untracked 
|  58|0x0000000083a00000, 0x0000000083b00000, 0x0000000083b00000|100%| O|  |TAMS 0x0000000083b00000, 0x0000000083b00000| Untracked 
|  59|0x0000000083b00000, 0x0000000083c00000, 0x0000000083c00000|100%| O|  |TAMS 0x0000000083c00000, 0x0000000083c00000| Untracked 
|  60|0x0000000083c00000, 0x0000000083d00000, 0x0000000083d00000|100%| O|  |TAMS 0x0000000083d00000, 0x0000000083d00000| Untracked 
|  61|0x0000000083d00000, 0x0000000083e00000, 0x0000000083e00000|100%| O|  |TAMS 0x0000000083e00000, 0x0000000083e00000| Untracked 
|  62|0x0000000083e00000, 0x0000000083f00000, 0x0000000083f00000|100%| O|  |TAMS 0x0000000083f00000, 0x0000000083f00000| Untracked 
|  63|0x0000000083f00000, 0x0000000084000000, 0x0000000084000000|100%| O|  |TAMS 0x0000000084000000, 0x0000000084000000| Untracked 
|  64|0x0000000084000000, 0x0000000084100000, 0x0000000084100000|100%| O|  |TAMS 0x0000000084100000, 0x0000000084100000| Untracked 
|  65|0x0000000084100000, 0x0000000084200000, 0x0000000084200000|100%| O|  |TAMS 0x0000000084200000, 0x0000000084200000| Untracked 
|  66|0x0000000084200000, 0x0000000084300000, 0x0000000084300000|100%| O|  |TAMS 0x0000000084300000, 0x0000000084300000| Untracked 
|  67|0x0000000084300000, 0x0000000084400000, 0x0000000084400000|100%| O|  |TAMS 0x0000000084400000, 0x0000000084400000| Untracked 
|  68|0x0000000084400000, 0x0000000084500000, 0x0000000084500000|100%| O|  |TAMS 0x0000000084500000, 0x0000000084500000| Untracked 
|  69|0x0000000084500000, 0x0000000084600000, 0x0000000084600000|100%| O|  |TAMS 0x0000000084600000, 0x0000000084600000| Untracked 
|  70|0x0000000084600000, 0x0000000084700000, 0x0000000084700000|100%| O|  |TAMS 0x0000000084700000, 0x0000000084700000| Untracked 
|  71|0x0000000084700000, 0x0000000084800000, 0x0000000084800000|100%| O|  |TAMS 0x0000000084800000, 0x0000000084800000| Untracked 
|  72|0x0000000084800000, 0x0000000084900000, 0x0000000084900000|100%| O|  |TAMS 0x0000000084900000, 0x0000000084900000| Untracked 
|  73|0x0000000084900000, 0x0000000084a00000, 0x0000000084a00000|100%| O|  |TAMS 0x0000000084a00000, 0x0000000084a00000| Untracked 
|  74|0x0000000084a00000, 0x0000000084b00000, 0x0000000084b00000|100%| O|  |TAMS 0x0000000084b00000, 0x0000000084b00000| Untracked 
|  75|0x0000000084b00000, 0x0000000084c00000, 0x0000000084c00000|100%| O|  |TAMS 0x0000000084c00000, 0x0000000084c00000| Untracked 
|  76|0x0000000084c00000, 0x0000000084d00000, 0x0000000084d00000|100%| O|  |TAMS 0x0000000084cf6600, 0x0000000084d00000| Untracked 
|  77|0x0000000084d00000, 0x0000000084e00000, 0x0000000084e00000|100%| O|  |TAMS 0x0000000084d00000, 0x0000000084e00000| Untracked 
|  78|0x0000000084e00000, 0x0000000084f00000, 0x0000000084f00000|100%| O|  |TAMS 0x0000000084e00000, 0x0000000084f00000| Untracked 
|  79|0x0000000084f00000, 0x0000000085000000, 0x0000000085000000|100%| O|  |TAMS 0x0000000084f00000, 0x0000000085000000| Untracked 
|  80|0x0000000085000000, 0x0000000085100000, 0x0000000085100000|100%| O|  |TAMS 0x0000000085000000, 0x0000000085100000| Untracked 
|  81|0x0000000085100000, 0x0000000085200000, 0x0000000085200000|100%| O|  |TAMS 0x0000000085100000, 0x0000000085200000| Untracked 
|  82|0x0000000085200000, 0x0000000085300000, 0x0000000085300000|100%| O|  |TAMS 0x0000000085200000, 0x0000000085300000| Untracked 
|  83|0x0000000085300000, 0x0000000085400000, 0x0000000085400000|100%| O|  |TAMS 0x0000000085300000, 0x0000000085400000| Untracked 
|  84|0x0000000085400000, 0x0000000085500000, 0x0000000085500000|100%| O|  |TAMS 0x0000000085400000, 0x0000000085500000| Untracked 
|  85|0x0000000085500000, 0x0000000085600000, 0x0000000085600000|100%|HS|  |TAMS 0x0000000085500000, 0x0000000085600000| Complete 
|  86|0x0000000085600000, 0x0000000085700000, 0x0000000085700000|100%|HC|  |TAMS 0x0000000085600000, 0x0000000085700000| Complete 
|  87|0x0000000085700000, 0x0000000085800000, 0x0000000085800000|100%| O|  |TAMS 0x0000000085700000, 0x0000000085800000| Untracked 
|  88|0x0000000085800000, 0x0000000085900000, 0x0000000085900000|100%| O|  |TAMS 0x0000000085800000, 0x0000000085900000| Untracked 
|  89|0x0000000085900000, 0x0000000085a00000, 0x0000000085a00000|100%| O|  |TAMS 0x0000000085900000, 0x0000000085a00000| Untracked 
|  90|0x0000000085a00000, 0x0000000085b00000, 0x0000000085b00000|100%| O|  |TAMS 0x0000000085a00000, 0x0000000085b00000| Untracked 
|  91|0x0000000085b00000, 0x0000000085c00000, 0x0000000085c00000|100%| O|  |TAMS 0x0000000085b00000, 0x0000000085c00000| Untracked 
|  92|0x0000000085c00000, 0x0000000085d00000, 0x0000000085d00000|100%| O|  |TAMS 0x0000000085c00000, 0x0000000085d00000| Untracked 
|  93|0x0000000085d00000, 0x0000000085e00000, 0x0000000085e00000|100%| O|  |TAMS 0x0000000085d00000, 0x0000000085e00000| Untracked 
|  94|0x0000000085e00000, 0x0000000085f00000, 0x0000000085f00000|100%| O|  |TAMS 0x0000000085e00000, 0x0000000085e00000| Untracked 
|  95|0x0000000085f00000, 0x0000000086000000, 0x0000000086000000|100%| O|  |TAMS 0x0000000085f00000, 0x0000000085f00000| Untracked 
|  96|0x0000000086000000, 0x0000000086100000, 0x0000000086100000|100%| O|  |TAMS 0x0000000086000000, 0x0000000086000000| Untracked 
|  97|0x0000000086100000, 0x0000000086200000, 0x0000000086200000|100%| O|  |TAMS 0x0000000086100000, 0x0000000086100000| Untracked 
|  98|0x0000000086200000, 0x0000000086300000, 0x0000000086300000|100%| O|  |TAMS 0x0000000086200000, 0x0000000086200000| Untracked 
|  99|0x0000000086300000, 0x0000000086399bd0, 0x0000000086400000| 60%| O|  |TAMS 0x0000000086300000, 0x0000000086300000| Untracked 
| 100|0x0000000086400000, 0x0000000086400000, 0x0000000086500000|  0%| F|  |TAMS 0x0000000086400000, 0x0000000086400000| Untracked 
| 101|0x0000000086500000, 0x0000000086500000, 0x0000000086600000|  0%| F|  |TAMS 0x0000000086500000, 0x0000000086500000| Untracked 
| 102|0x0000000086600000, 0x0000000086600000, 0x0000000086700000|  0%| F|  |TAMS 0x0000000086600000, 0x0000000086600000| Untracked 
| 103|0x0000000086700000, 0x0000000086700000, 0x0000000086800000|  0%| F|  |TAMS 0x0000000086700000, 0x0000000086700000| Untracked 
| 104|0x0000000086800000, 0x0000000086800000, 0x0000000086900000|  0%| F|  |TAMS 0x0000000086800000, 0x0000000086800000| Untracked 
| 105|0x0000000086900000, 0x0000000086900000, 0x0000000086a00000|  0%| F|  |TAMS 0x0000000086900000, 0x0000000086900000| Untracked 
| 106|0x0000000086a00000, 0x0000000086a00000, 0x0000000086b00000|  0%| F|  |TAMS 0x0000000086a00000, 0x0000000086a00000| Untracked 
| 107|0x0000000086b00000, 0x0000000086b00000, 0x0000000086c00000|  0%| F|  |TAMS 0x0000000086b00000, 0x0000000086b00000| Untracked 
| 108|0x0000000086c00000, 0x0000000086c00000, 0x0000000086d00000|  0%| F|  |TAMS 0x0000000086c00000, 0x0000000086c00000| Untracked 
| 109|0x0000000086d00000, 0x0000000086d00000, 0x0000000086e00000|  0%| F|  |TAMS 0x0000000086d00000, 0x0000000086d00000| Untracked 
| 110|0x0000000086e00000, 0x0000000086e00000, 0x0000000086f00000|  0%| F|  |TAMS 0x0000000086e00000, 0x0000000086e00000| Untracked 
| 111|0x0000000086f00000, 0x0000000086f00000, 0x0000000087000000|  0%| F|  |TAMS 0x0000000086f00000, 0x0000000086f00000| Untracked 
| 112|0x0000000087000000, 0x0000000087000000, 0x0000000087100000|  0%| F|  |TAMS 0x0000000087000000, 0x0000000087000000| Untracked 
| 113|0x0000000087100000, 0x0000000087100000, 0x0000000087200000|  0%| F|  |TAMS 0x0000000087100000, 0x0000000087100000| Untracked 
| 114|0x0000000087200000, 0x0000000087200000, 0x0000000087300000|  0%| F|  |TAMS 0x0000000087200000, 0x0000000087200000| Untracked 
| 115|0x0000000087300000, 0x0000000087300000, 0x0000000087400000|  0%| F|  |TAMS 0x0000000087300000, 0x0000000087300000| Untracked 
| 116|0x0000000087400000, 0x0000000087400000, 0x0000000087500000|  0%| F|  |TAMS 0x0000000087400000, 0x0000000087400000| Untracked 
| 117|0x0000000087500000, 0x0000000087500000, 0x0000000087600000|  0%| F|  |TAMS 0x0000000087500000, 0x0000000087500000| Untracked 
| 118|0x0000000087600000, 0x0000000087600000, 0x0000000087700000|  0%| F|  |TAMS 0x0000000087600000, 0x0000000087600000| Untracked 
| 119|0x0000000087700000, 0x0000000087700000, 0x0000000087800000|  0%| F|  |TAMS 0x0000000087700000, 0x0000000087700000| Untracked 
| 120|0x0000000087800000, 0x0000000087800000, 0x0000000087900000|  0%| F|  |TAMS 0x0000000087800000, 0x0000000087800000| Untracked 
| 121|0x0000000087900000, 0x0000000087900000, 0x0000000087a00000|  0%| F|  |TAMS 0x0000000087900000, 0x0000000087900000| Untracked 
| 122|0x0000000087a00000, 0x0000000087a00000, 0x0000000087b00000|  0%| F|  |TAMS 0x0000000087a00000, 0x0000000087a00000| Untracked 
| 123|0x0000000087b00000, 0x0000000087b00000, 0x0000000087c00000|  0%| F|  |TAMS 0x0000000087b00000, 0x0000000087b00000| Untracked 
| 124|0x0000000087c00000, 0x0000000087d00000, 0x0000000087d00000|100%| E|CS|TAMS 0x0000000087c00000, 0x0000000087d00000| Complete 
| 125|0x0000000087d00000, 0x0000000087e00000, 0x0000000087e00000|100%| E|CS|TAMS 0x0000000087d00000, 0x0000000087e00000| Complete 
| 126|0x0000000087e00000, 0x0000000087f00000, 0x0000000087f00000|100%| E|CS|TAMS 0x0000000087e00000, 0x0000000087f00000| Complete 
| 127|0x0000000087f00000, 0x0000000088000000, 0x0000000088000000|100%| E|CS|TAMS 0x0000000087f00000, 0x0000000088000000| Complete 
| 128|0x0000000088000000, 0x0000000088100000, 0x0000000088100000|100%| E|CS|TAMS 0x0000000088000000, 0x0000000088100000| Complete 
| 129|0x0000000088100000, 0x0000000088100000, 0x0000000088200000|  0%| F|  |TAMS 0x0000000088100000, 0x0000000088100000| Untracked 
| 130|0x0000000088200000, 0x0000000088200000, 0x0000000088300000|  0%| F|  |TAMS 0x0000000088200000, 0x0000000088200000| Untracked 
| 131|0x0000000088300000, 0x0000000088300000, 0x0000000088400000|  0%| F|  |TAMS 0x0000000088300000, 0x0000000088300000| Untracked 
| 132|0x0000000088400000, 0x0000000088400000, 0x0000000088500000|  0%| F|  |TAMS 0x0000000088400000, 0x0000000088400000| Untracked 
| 133|0x0000000088500000, 0x00000000885e1880, 0x0000000088600000| 88%| S|  |TAMS 0x0000000088500000, 0x0000000088500000| Complete 
| 134|0x0000000088600000, 0x0000000088700000, 0x0000000088700000|100%| S|  |TAMS 0x0000000088600000, 0x0000000088600000| Complete 
| 135|0x0000000088700000, 0x0000000088800000, 0x0000000088800000|100%| S|  |TAMS 0x0000000088700000, 0x0000000088700000| Complete 
| 136|0x0000000088800000, 0x0000000088900000, 0x0000000088900000|100%| S|  |TAMS 0x0000000088800000, 0x0000000088800000| Complete 
| 137|0x0000000088900000, 0x0000000088a00000, 0x0000000088a00000|100%| E|CS|TAMS 0x0000000088900000, 0x0000000088a00000| Complete 
| 138|0x0000000088a00000, 0x0000000088b00000, 0x0000000088b00000|100%| E|CS|TAMS 0x0000000088a00000, 0x0000000088b00000| Complete 
| 139|0x0000000088b00000, 0x0000000088c00000, 0x0000000088c00000|100%| E|CS|TAMS 0x0000000088b00000, 0x0000000088c00000| Complete 
| 140|0x0000000088c00000, 0x0000000088d00000, 0x0000000088d00000|100%| E|CS|TAMS 0x0000000088c00000, 0x0000000088d00000| Complete 
| 141|0x0000000088d00000, 0x0000000088e00000, 0x0000000088e00000|100%| E|CS|TAMS 0x0000000088d00000, 0x0000000088e00000| Complete 
| 142|0x0000000088e00000, 0x0000000088f00000, 0x0000000088f00000|100%| E|CS|TAMS 0x0000000088e00000, 0x0000000088f00000| Complete 
| 143|0x0000000088f00000, 0x0000000089000000, 0x0000000089000000|100%| E|CS|TAMS 0x0000000088f00000, 0x0000000089000000| Complete 
| 144|0x0000000089000000, 0x0000000089100000, 0x0000000089100000|100%| E|CS|TAMS 0x0000000089000000, 0x0000000089100000| Complete 
| 145|0x0000000089100000, 0x0000000089200000, 0x0000000089200000|100%| E|CS|TAMS 0x0000000089100000, 0x0000000089200000| Complete 
| 146|0x0000000089200000, 0x0000000089300000, 0x0000000089300000|100%| E|CS|TAMS 0x0000000089200000, 0x0000000089300000| Complete 
| 147|0x0000000089300000, 0x0000000089400000, 0x0000000089400000|100%| E|CS|TAMS 0x0000000089300000, 0x0000000089400000| Complete 
| 148|0x0000000089400000, 0x0000000089500000, 0x0000000089500000|100%| E|CS|TAMS 0x0000000089400000, 0x0000000089500000| Complete 
| 149|0x0000000089500000, 0x0000000089600000, 0x0000000089600000|100%| E|CS|TAMS 0x0000000089500000, 0x0000000089600000| Complete 
| 150|0x0000000089600000, 0x0000000089700000, 0x0000000089700000|100%| E|CS|TAMS 0x0000000089600000, 0x0000000089700000| Complete 
| 151|0x0000000089700000, 0x0000000089800000, 0x0000000089800000|100%| E|CS|TAMS 0x0000000089700000, 0x0000000089800000| Complete 
| 152|0x0000000089800000, 0x0000000089900000, 0x0000000089900000|100%| E|CS|TAMS 0x0000000089800000, 0x0000000089900000| Complete 
| 153|0x0000000089900000, 0x0000000089a00000, 0x0000000089a00000|100%| E|CS|TAMS 0x0000000089900000, 0x0000000089a00000| Complete 
| 154|0x0000000089a00000, 0x0000000089b00000, 0x0000000089b00000|100%| E|CS|TAMS 0x0000000089a00000, 0x0000000089b00000| Complete 
| 155|0x0000000089b00000, 0x0000000089c00000, 0x0000000089c00000|100%| E|CS|TAMS 0x0000000089b00000, 0x0000000089c00000| Complete 
| 156|0x0000000089c00000, 0x0000000089d00000, 0x0000000089d00000|100%| E|CS|TAMS 0x0000000089c00000, 0x0000000089d00000| Complete 
| 157|0x0000000089d00000, 0x0000000089e00000, 0x0000000089e00000|100%| E|CS|TAMS 0x0000000089d00000, 0x0000000089e00000| Complete 
| 158|0x0000000089e00000, 0x0000000089f00000, 0x0000000089f00000|100%| E|CS|TAMS 0x0000000089e00000, 0x0000000089f00000| Complete 
| 159|0x0000000089f00000, 0x000000008a000000, 0x000000008a000000|100%| E|CS|TAMS 0x0000000089f00000, 0x000000008a000000| Complete 
| 160|0x000000008a000000, 0x000000008a100000, 0x000000008a100000|100%| E|CS|TAMS 0x000000008a000000, 0x000000008a100000| Complete 
| 161|0x000000008a100000, 0x000000008a200000, 0x000000008a200000|100%| E|CS|TAMS 0x000000008a100000, 0x000000008a200000| Complete 
| 162|0x000000008a200000, 0x000000008a300000, 0x000000008a300000|100%| E|CS|TAMS 0x000000008a200000, 0x000000008a300000| Complete 
| 171|0x000000008ab00000, 0x000000008ac00000, 0x000000008ac00000|100%| E|CS|TAMS 0x000000008ab00000, 0x000000008ac00000| Complete 
| 172|0x000000008ac00000, 0x000000008ad00000, 0x000000008ad00000|100%| E|CS|TAMS 0x000000008ac00000, 0x000000008ad00000| Complete 
| 173|0x000000008ad00000, 0x000000008ae00000, 0x000000008ae00000|100%| E|CS|TAMS 0x000000008ad00000, 0x000000008ae00000| Complete 
| 223|0x000000008df00000, 0x000000008e000000, 0x000000008e000000|100%| E|CS|TAMS 0x000000008df00000, 0x000000008e000000| Complete 

Card table byte_map: [0x00000297b1890000,0x00000297b1c90000] _byte_map_base: 0x00000297b1490000

Marking Bits (Prev, Next): (CMBitMap*) 0x0000029797c10e58, (CMBitMap*) 0x0000029797c10e18
 Prev Bits: [0x00000297b4090000, 0x00000297b6090000)
 Next Bits: [0x00000297b2090000, 0x00000297b4090000)

Polling page: 0x0000029797cb0000

Metaspace:

Usage:
  Non-class:     72.21 MB capacity,    70.73 MB ( 98%) used,     1.22 MB (  2%) free+waste,   267.19 KB ( <1%) overhead. 
      Class:     11.62 MB capacity,    10.78 MB ( 93%) used,   741.98 KB (  6%) free+waste,   120.88 KB (  1%) overhead. 
       Both:     83.83 MB capacity,    81.51 MB ( 97%) used,     1.94 MB (  2%) free+waste,   388.06 KB ( <1%) overhead. 

Virtual space:
  Non-class space:       74.00 MB reserved,      72.45 MB ( 98%) committed 
      Class space:        1.00 GB reserved,      11.63 MB (  1%) committed 
             Both:        1.07 GB reserved,      84.07 MB (  8%) committed 

Chunk freelists:
   Non-Class:  55.00 KB
       Class:  3.00 KB
        Both:  58.00 KB

MaxMetaspaceSize: 17179869184.00 GB
CompressedClassSpaceSize: 1.00 GB

CodeHeap 'non-profiled nmethods': size=120000Kb used=8149Kb max_used=8149Kb free=111850Kb
 bounds [0x00000297a93b0000, 0x00000297a9bb0000, 0x00000297b08e0000]
CodeHeap 'profiled nmethods': size=120000Kb used=23996Kb max_used=23996Kb free=96003Kb
 bounds [0x00000297a1e80000, 0x00000297a3600000, 0x00000297a93b0000]
CodeHeap 'non-nmethods': size=5760Kb used=2410Kb max_used=2489Kb free=3349Kb
 bounds [0x00000297a18e0000, 0x00000297a1b60000, 0x00000297a1e80000]
 total_blobs=17189 nmethods=10743 adapters=804
 compilation: enabled
              stopped_count=0, restarted_count=0
 full_count=0

Compilation events (20 events):
Event: 69.109 Thread 0x00000297b93c2800 12409       2       org.gradle.internal.logging.text.AbstractLineChoppingStyledTextOutput$StateContext::next (11 bytes)
Event: 69.109 Thread 0x00000297b93c2800 nmethod 12409 0x00000297a35f2090 code [0x00000297a35f2220, 0x00000297a35f2398]
Event: 69.122 Thread 0x00000297b93c2800 12412   !   2       java.security.AccessController::doPrivileged (22 bytes)
Event: 69.122 Thread 0x00000297b93c2800 nmethod 12412 0x00000297a35f2410 code [0x00000297a35f25e0, 0x00000297a35f2850]
Event: 69.136 Thread 0x00000297b93c2800 12413       2       jdk.nio.zipfs.ZipFileSystem::beginWrite (15 bytes)
Event: 69.137 Thread 0x00000297bbe9e800 nmethod 12226 0x00000297a9b90610 code [0x00000297a9b90800, 0x00000297a9b91358]
Event: 69.137 Thread 0x00000297bbe9e800 12291       4       com.sun.tools.javac.util.Convert::utf2chars (135 bytes)
Event: 69.137 Thread 0x00000297b93c2800 nmethod 12413 0x00000297a35f2990 code [0x00000297a35f2b60, 0x00000297a35f2e00]
Event: 69.148 Thread 0x00000297bbe9e800 nmethod 12291 0x00000297a9b91990 code [0x00000297a9b91b20, 0x00000297a9b91e38]
Event: 69.148 Thread 0x00000297bbe9e800 12298       4       com.sun.tools.javac.code.Types$15::visitClassType (10 bytes)
Event: 69.201 Thread 0x00000297b93c0800 nmethod 12206 0x00000297a9b91f90 code [0x00000297a9b925c0, 0x00000297a9b987a8]
Event: 69.202 Thread 0x00000297b93c0800 12299       4       com.sun.tools.javac.code.Types$15::visitClassType (130 bytes)
Event: 69.216 Thread 0x00000297bf11a800 nmethod 12202 0x00000297a9b9b090 code [0x00000297a9b9b6c0, 0x00000297a9ba1ec8]
Event: 69.216 Thread 0x00000297bf11a800 12302       4       com.sun.tools.javac.code.Scope$ScopeImpl$2::hasNext (92 bytes)
Event: 69.217 Thread 0x00000297bf11a800 nmethod 12302 0x00000297a9ba4790 code [0x00000297a9ba4920, 0x00000297a9ba49f8]
Event: 69.217 Thread 0x00000297bf11a800 12356       4       com.sun.tools.javac.code.Scope$ScopeImpl::getSymbolsByName (10 bytes)
Event: 69.219 Thread 0x00000297bf11a800 nmethod 12356 0x00000297a9ba4b10 code [0x00000297a9ba4ca0, 0x00000297a9ba4db8]
Event: 69.219 Thread 0x00000297bf11a800 12357       4       com.sun.tools.javac.code.Scope$ScopeImpl$$Lambda$1247/0x00000008016a7840::<init> (26 bytes)
Event: 69.225 Thread 0x00000297bf11a800 nmethod 12357 0x00000297a9ba4f10 code [0x00000297a9ba50a0, 0x00000297a9ba5438]
Event: 69.225 Thread 0x00000297bf11a800 12363       4       com.sun.tools.javac.code.Scope$ScopeImpl$$Lambda$1247/0x00000008016a7840::iterator (20 bytes)

GC Heap History (20 events):
Event: 47.746 GC heap after
{Heap after GC invocations=42 (full 0):
 garbage-first heap   total 138240K, used 63182K [0x0000000080000000, 0x0000000100000000)
  region size 1024K, 5 young (5120K), 5 survivors (5120K)
 Metaspace       used 68785K, capacity 70522K, committed 70604K, reserved 1110016K
  class space    used 9333K, capacity 9955K, committed 9984K, reserved 1048576K
}
Event: 50.240 GC heap before
{Heap before GC invocations=42 (full 0):
 garbage-first heap   total 138240K, used 101070K [0x0000000080000000, 0x0000000100000000)
  region size 1024K, 42 young (43008K), 5 survivors (5120K)
 Metaspace       used 71417K, capacity 73468K, committed 73676K, reserved 1112064K
  class space    used 9755K, capacity 10464K, committed 10496K, reserved 1048576K
}
Event: 50.254 GC heap after
{Heap after GC invocations=43 (full 0):
 garbage-first heap   total 138240K, used 66397K [0x0000000080000000, 0x0000000100000000)
  region size 1024K, 6 young (6144K), 6 survivors (6144K)
 Metaspace       used 71417K, capacity 73468K, committed 73676K, reserved 1112064K
  class space    used 9755K, capacity 10464K, committed 10496K, reserved 1048576K
}
Event: 52.283 GC heap before
{Heap before GC invocations=43 (full 0):
 garbage-first heap   total 138240K, used 103261K [0x0000000080000000, 0x0000000100000000)
  region size 1024K, 43 young (44032K), 6 survivors (6144K)
 Metaspace       used 71902K, capacity 74034K, committed 74316K, reserved 1114112K
  class space    used 9821K, capacity 10583K, committed 10624K, reserved 1048576K
}
Event: 52.304 GC heap after
{Heap after GC invocations=44 (full 0):
 garbage-first heap   total 165888K, used 68717K [0x0000000080000000, 0x0000000100000000)
  region size 1024K, 3 young (3072K), 3 survivors (3072K)
 Metaspace       used 71902K, capacity 74034K, committed 74316K, reserved 1114112K
  class space    used 9821K, capacity 10583K, committed 10624K, reserved 1048576K
}
Event: 54.131 GC heap before
{Heap before GC invocations=44 (full 0):
 garbage-first heap   total 165888K, used 114797K [0x0000000080000000, 0x0000000100000000)
  region size 1024K, 49 young (50176K), 3 survivors (3072K)
 Metaspace       used 72528K, capacity 74626K, committed 74956K, reserved 1114112K
  class space    used 9856K, capacity 10630K, committed 10752K, reserved 1048576K
}
Event: 54.142 GC heap after
{Heap after GC invocations=45 (full 0):
 garbage-first heap   total 165888K, used 71396K [0x0000000080000000, 0x0000000100000000)
  region size 1024K, 5 young (5120K), 5 survivors (5120K)
 Metaspace       used 72528K, capacity 74626K, committed 74956K, reserved 1114112K
  class space    used 9856K, capacity 10630K, committed 10752K, reserved 1048576K
}
Event: 55.742 GC heap before
{Heap before GC invocations=45 (full 0):
 garbage-first heap   total 165888K, used 118500K [0x0000000080000000, 0x0000000100000000)
  region size 1024K, 52 young (53248K), 5 survivors (5120K)
 Metaspace       used 73070K, capacity 75226K, committed 75468K, reserved 1114112K
  class space    used 9881K, capacity 10640K, committed 10752K, reserved 1048576K
}
Event: 55.754 GC heap after
{Heap after GC invocations=46 (full 0):
 garbage-first heap   total 165888K, used 74621K [0x0000000080000000, 0x0000000100000000)
  region size 1024K, 7 young (7168K), 7 survivors (7168K)
 Metaspace       used 73070K, capacity 75226K, committed 75468K, reserved 1114112K
  class space    used 9881K, capacity 10640K, committed 10752K, reserved 1048576K
}
Event: 56.747 GC heap before
{Heap before GC invocations=46 (full 0):
 garbage-first heap   total 165888K, used 121725K [0x0000000080000000, 0x0000000100000000)
  region size 1024K, 54 young (55296K), 7 survivors (7168K)
 Metaspace       used 73191K, capacity 75311K, committed 75468K, reserved 1114112K
  class space    used 9888K, capacity 10644K, committed 10752K, reserved 1048576K
}
Event: 56.756 GC heap after
{Heap after GC invocations=47 (full 0):
 garbage-first heap   total 165888K, used 77326K [0x0000000080000000, 0x0000000100000000)
  region size 1024K, 6 young (6144K), 6 survivors (6144K)
 Metaspace       used 73191K, capacity 75311K, committed 75468K, reserved 1114112K
  class space    used 9888K, capacity 10644K, committed 10752K, reserved 1048576K
}
Event: 58.249 GC heap before
{Heap before GC invocations=47 (full 0):
 garbage-first heap   total 165888K, used 125454K [0x0000000080000000, 0x0000000100000000)
  region size 1024K, 54 young (55296K), 6 survivors (6144K)
 Metaspace       used 73316K, capacity 75431K, committed 75724K, reserved 1114112K
  class space    used 9894K, capacity 10655K, committed 10752K, reserved 1048576K
}
Event: 58.262 GC heap after
{Heap after GC invocations=48 (full 0):
 garbage-first heap   total 165888K, used 80034K [0x0000000080000000, 0x0000000100000000)
  region size 1024K, 6 young (6144K), 6 survivors (6144K)
 Metaspace       used 73316K, capacity 75431K, committed 75724K, reserved 1114112K
  class space    used 9894K, capacity 10655K, committed 10752K, reserved 1048576K
}
Event: 59.839 GC heap before
{Heap before GC invocations=48 (full 0):
 garbage-first heap   total 165888K, used 128162K [0x0000000080000000, 0x0000000100000000)
  region size 1024K, 54 young (55296K), 6 survivors (6144K)
 Metaspace       used 74527K, capacity 76793K, committed 76876K, reserved 1116160K
  class space    used 10018K, capacity 10833K, committed 10880K, reserved 1048576K
}
Event: 59.872 GC heap after
{Heap after GC invocations=49 (full 0):
 garbage-first heap   total 165888K, used 85821K [0x0000000080000000, 0x0000000100000000)
  region size 1024K, 7 young (7168K), 7 survivors (7168K)
 Metaspace       used 74527K, capacity 76793K, committed 76876K, reserved 1116160K
  class space    used 10018K, capacity 10833K, committed 10880K, reserved 1048576K
}
Event: 64.100 GC heap before
{Heap before GC invocations=50 (full 0):
 garbage-first heap   total 165888K, used 104253K [0x0000000080000000, 0x0000000100000000)
  region size 1024K, 26 young (26624K), 7 survivors (7168K)
 Metaspace       used 80911K, capacity 83159K, committed 83276K, reserved 1120256K
  class space    used 10798K, capacity 11634K, committed 11648K, reserved 1048576K
}
Event: 64.152 GC heap after
{Heap after GC invocations=51 (full 0):
 garbage-first heap   total 165888K, used 90208K [0x0000000080000000, 0x0000000100000000)
  region size 1024K, 5 young (5120K), 5 survivors (5120K)
 Metaspace       used 80911K, capacity 83159K, committed 83276K, reserved 1120256K
  class space    used 10798K, capacity 11634K, committed 11648K, reserved 1048576K
}
Event: 67.663 GC heap before
{Heap before GC invocations=52 (full 0):
 garbage-first heap   total 171008K, used 125024K [0x0000000080000000, 0x0000000100000000)
  region size 1024K, 38 young (38912K), 5 survivors (5120K)
 Metaspace       used 81519K, capacity 83831K, committed 83916K, reserved 1122304K
  class space    used 10858K, capacity 11707K, committed 11776K, reserved 1048576K
}
Event: 67.681 GC heap after
{Heap after GC invocations=53 (full 0):
 garbage-first heap   total 171008K, used 101220K [0x0000000080000000, 0x0000000100000000)
  region size 1024K, 5 young (5120K), 5 survivors (5120K)
 Metaspace       used 81519K, capacity 83831K, committed 83916K, reserved 1122304K
  class space    used 10858K, capacity 11707K, committed 11776K, reserved 1048576K
}
Event: 69.234 GC heap before
{Heap before GC invocations=53 (full 0):
 garbage-first heap   total 171008K, used 131940K [0x0000000080000000, 0x0000000100000000)
  region size 1024K, 35 young (35840K), 5 survivors (5120K)
 Metaspace       used 83464K, capacity 85842K, committed 86092K, reserved 1124352K
  class space    used 11038K, capacity 11901K, committed 11904K, reserved 1048576K
}

Deoptimization events (20 events):
Event: 69.105 Thread 0x00000297ba292800 Uncommon trap: trap_request=0xffffffc6 fr.pc=0x00000297a9a08810 relative=0x0000000000000090
Event: 69.105 Thread 0x00000297ba292800 Uncommon trap: reason=bimorphic_or_optimized_type_check action=maybe_recompile pc=0x00000297a9a08810 method=org.gradle.internal.logging.sink.OutputEventRenderer.onOutput(Lorg/gradle/internal/logging/events/OutputEvent;)V @ 1 c2
Event: 69.105 Thread 0x00000297ba292800 DEOPT PACKING pc=0x00000297a9a08810 sp=0x000000a54daf90b0
Event: 69.105 Thread 0x00000297ba292800 DEOPT UNPACKING pc=0x00000297a192912f sp=0x000000a54daf9008 mode 2
Event: 69.106 Thread 0x00000297ba292800 Uncommon trap: trap_request=0xffffffde fr.pc=0x00000297a9a14fb8 relative=0x0000000000000898
Event: 69.106 Thread 0x00000297ba292800 Uncommon trap: reason=class_check action=maybe_recompile pc=0x00000297a9a14fb8 method=org.gradle.internal.logging.sink.OutputEventTransformer.onOutput(Lorg/gradle/internal/logging/events/OutputEvent;)V @ 225 c2
Event: 69.106 Thread 0x00000297ba292800 DEOPT PACKING pc=0x00000297a9a14fb8 sp=0x000000a54daf8fd0
Event: 69.106 Thread 0x00000297ba292800 DEOPT UNPACKING pc=0x00000297a192912f sp=0x000000a54daf8f68 mode 2
Event: 69.106 Thread 0x00000297ba292800 Uncommon trap: trap_request=0xffffff45 fr.pc=0x00000297a9a1645c relative=0x00000000000000bc
Event: 69.106 Thread 0x00000297ba292800 Uncommon trap: reason=unstable_if action=reinterpret pc=0x00000297a9a1645c method=org.gradle.internal.operations.logging.LoggingBuildOperationProgressBroadcaster.onOutput(Lorg/gradle/internal/logging/events/OutputEvent;)V @ 4 c2
Event: 69.107 Thread 0x00000297ba292800 DEOPT PACKING pc=0x00000297a9a1645c sp=0x000000a54daf9070
Event: 69.107 Thread 0x00000297ba292800 DEOPT UNPACKING pc=0x00000297a192912f sp=0x000000a54daf9000 mode 2
Event: 69.107 Thread 0x00000297ba292800 Uncommon trap: trap_request=0xffffffc6 fr.pc=0x00000297a9a08810 relative=0x0000000000000090
Event: 69.107 Thread 0x00000297ba292800 Uncommon trap: reason=bimorphic_or_optimized_type_check action=maybe_recompile pc=0x00000297a9a08810 method=org.gradle.internal.logging.sink.OutputEventRenderer.onOutput(Lorg/gradle/internal/logging/events/OutputEvent;)V @ 1 c2
Event: 69.107 Thread 0x00000297ba292800 DEOPT PACKING pc=0x00000297a9a08810 sp=0x000000a54daf90b0
Event: 69.107 Thread 0x00000297ba292800 DEOPT UNPACKING pc=0x00000297a192912f sp=0x000000a54daf9008 mode 2
Event: 69.107 Thread 0x00000297ba292800 Uncommon trap: trap_request=0xffffffde fr.pc=0x00000297a9a14fb8 relative=0x0000000000000898
Event: 69.107 Thread 0x00000297ba292800 Uncommon trap: reason=class_check action=maybe_recompile pc=0x00000297a9a14fb8 method=org.gradle.internal.logging.sink.OutputEventTransformer.onOutput(Lorg/gradle/internal/logging/events/OutputEvent;)V @ 225 c2
Event: 69.107 Thread 0x00000297ba292800 DEOPT PACKING pc=0x00000297a9a14fb8 sp=0x000000a54daf8fd0
Event: 69.107 Thread 0x00000297ba292800 DEOPT UNPACKING pc=0x00000297a192912f sp=0x000000a54daf8f68 mode 2

Classes unloaded (20 events):
Event: 60.117 Thread 0x00000297b8ba3800 Unloading class 0x000000080157d840 'org/gradle/api/internal/artifacts/transform/DefaultTransformerInvocationFactory$AbstractTransformerExecution$$Lambda$989'
Event: 60.117 Thread 0x00000297b8ba3800 Unloading class 0x000000080157e440 'org/gradle/api/internal/artifacts/transform/DefaultTransformerInvocationFactory$AbstractTransformerExecution$$Lambda$990'
Event: 60.117 Thread 0x00000297b8ba3800 Unloading class 0x000000080157e040 'org/gradle/api/internal/artifacts/transform/DefaultTransformerInvocationFactory$AbstractTransformerExecution$$Lambda$988'
Event: 60.117 Thread 0x00000297b8ba3800 Unloading class 0x000000080157e840 'org/gradle/api/internal/artifacts/transform/DefaultTransformerInvocationFactory$AbstractTransformerExecution$$Lambda$985'
Event: 60.117 Thread 0x00000297b8ba3800 Unloading class 0x000000080157f440 'org/gradle/api/internal/artifacts/transform/DefaultTransformerInvocationFactory$AbstractTransformerExecution$$Lambda$984'
Event: 60.117 Thread 0x00000297b8ba3800 Unloading class 0x000000080157fc40 'org/gradle/api/internal/artifacts/transform/DefaultTransformerInvocationFactory$AbstractTransformerExecution$$Lambda$986'
Event: 60.117 Thread 0x00000297b8ba3800 Unloading class 0x0000000801578c40 'org/gradle/api/internal/artifacts/transform/TransformationStep$$Lambda$980'
Event: 60.117 Thread 0x00000297b8ba3800 Unloading class 0x0000000801578840 'org/gradle/api/internal/artifacts/transform/TransformationStep$$Lambda$981'
Event: 60.117 Thread 0x00000297b8ba3800 Unloading class 0x0000000801578040 'org/gradle/api/internal/artifacts/transform/TransformationStep$$Lambda$978'
Event: 60.117 Thread 0x00000297b8ba3800 Unloading class 0x00000008014f9c40 'org/gradle/execution/plan/DefaultPlanExecutor$ExecutorWorker$$Lambda$843'
Event: 60.117 Thread 0x00000297b8ba3800 Unloading class 0x00000008014f9840 'org/gradle/execution/plan/DefaultPlanExecutor$ExecutorWorker$$Lambda$842'
Event: 60.117 Thread 0x00000297b8ba3800 Unloading class 0x00000008014fa440 'org/gradle/execution/plan/DefaultPlanExecutor$ExecutorWorker$$Lambda$841'
Event: 60.117 Thread 0x00000297b8ba3800 Unloading class 0x00000008014fac40 'org/gradle/execution/plan/DefaultPlanExecutor$ExecutorWorker$$Lambda$840'
Event: 60.117 Thread 0x00000297b8ba3800 Unloading class 0x00000008014fa840 'org/gradle/execution/plan/DefaultPlanExecutor$ExecutorWorker$$Lambda$838'
Event: 60.117 Thread 0x00000297b8ba3800 Unloading class 0x00000008014fb440 'org/gradle/execution/plan/DefaultPlanExecutor$ExecutorWorker$$Lambda$839'
Event: 60.117 Thread 0x00000297b8ba3800 Unloading class 0x00000008014fb040 'org/gradle/execution/plan/DefaultPlanExecutor$ExecutorWorker$$Lambda$836'
Event: 60.117 Thread 0x00000297b8ba3800 Unloading class 0x00000008014fb840 'org/gradle/execution/plan/DefaultPlanExecutor$ExecutorWorker$$Lambda$833'
Event: 60.117 Thread 0x00000297b8ba3800 Unloading class 0x00000008014fc440 'org/gradle/execution/plan/DefaultPlanExecutor$ExecutorWorker$$Lambda$834'
Event: 60.117 Thread 0x00000297b8ba3800 Unloading class 0x00000008014fcc40 'org/gradle/execution/plan/DefaultPlanExecutor$ExecutorWorker$$Lambda$832'
Event: 60.117 Thread 0x00000297b8ba3800 Unloading class 0x00000008014fc040 'org/gradle/execution/plan/DefaultPlanExecutor$ExecutorWorker$$Lambda$831'

Classes redefined (0 events):
No events

Internal exceptions (20 events):
Event: 68.508 Thread 0x00000297ba292800 Exception <a 'sun/nio/fs/WindowsException'{0x00000000894bdfd8}> (0x00000000894bdfd8) 
thrown [t:/workspace/open/src/hotspot/share/prims/jni.cpp, line 598]
Event: 68.549 Thread 0x00000297ba292800 Exception <a 'sun/nio/fs/WindowsException'{0x0000000089366138}> (0x0000000089366138) 
thrown [t:/workspace/open/src/hotspot/share/prims/jni.cpp, line 598]
Event: 68.549 Thread 0x00000297ba292800 Exception <a 'sun/nio/fs/WindowsException'{0x0000000089366568}> (0x0000000089366568) 
thrown [t:/workspace/open/src/hotspot/share/prims/jni.cpp, line 598]
Event: 68.551 Thread 0x00000297ba292800 Exception <a 'sun/nio/fs/WindowsException'{0x0000000089392518}> (0x0000000089392518) 
thrown [t:/workspace/open/src/hotspot/share/prims/jni.cpp, line 598]
Event: 68.551 Thread 0x00000297ba292800 Exception <a 'sun/nio/fs/WindowsException'{0x0000000089392928}> (0x0000000089392928) 
thrown [t:/workspace/open/src/hotspot/share/prims/jni.cpp, line 598]
Event: 68.625 Thread 0x00000297ba292800 Exception <a 'sun/nio/fs/WindowsException'{0x00000000890586f8}> (0x00000000890586f8) 
thrown [t:/workspace/open/src/hotspot/share/prims/jni.cpp, line 598]
Event: 68.652 Thread 0x00000297ba292800 Exception <a 'sun/nio/fs/WindowsException'{0x00000000890d4bf0}> (0x00000000890d4bf0) 
thrown [t:/workspace/open/src/hotspot/share/prims/jni.cpp, line 598]
Event: 68.652 Thread 0x00000297ba292800 Exception <a 'sun/nio/fs/WindowsException'{0x00000000890d5030}> (0x00000000890d5030) 
thrown [t:/workspace/open/src/hotspot/share/prims/jni.cpp, line 598]
Event: 68.875 Thread 0x00000297ba292800 Exception <a 'sun/nio/fs/WindowsException'{0x0000000088d01920}> (0x0000000088d01920) 
thrown [t:/workspace/open/src/hotspot/share/prims/jni.cpp, line 598]
Event: 68.875 Thread 0x00000297ba292800 Exception <a 'sun/nio/fs/WindowsException'{0x0000000088d01d00}> (0x0000000088d01d00) 
thrown [t:/workspace/open/src/hotspot/share/prims/jni.cpp, line 598]
Event: 68.884 Thread 0x00000297ba292800 Exception <a 'sun/nio/fs/WindowsException'{0x0000000088d28c28}> (0x0000000088d28c28) 
thrown [t:/workspace/open/src/hotspot/share/prims/jni.cpp, line 598]
Event: 68.884 Thread 0x00000297ba292800 Exception <a 'sun/nio/fs/WindowsException'{0x0000000088d29068}> (0x0000000088d29068) 
thrown [t:/workspace/open/src/hotspot/share/prims/jni.cpp, line 598]
Event: 68.915 Thread 0x00000297ba292800 Exception <a 'sun/nio/fs/WindowsException'{0x0000000088c6f6d8}> (0x0000000088c6f6d8) 
thrown [t:/workspace/open/src/hotspot/share/prims/jni.cpp, line 598]
Event: 69.009 Thread 0x00000297ba292800 Exception <a 'sun/nio/fs/WindowsException'{0x0000000088bd50b0}> (0x0000000088bd50b0) 
thrown [t:/workspace/open/src/hotspot/share/prims/jni.cpp, line 598]
Event: 69.009 Thread 0x00000297ba292800 Exception <a 'sun/nio/fs/WindowsException'{0x0000000088bd5540}> (0x0000000088bd5540) 
thrown [t:/workspace/open/src/hotspot/share/prims/jni.cpp, line 598]
Event: 69.030 Thread 0x00000297ba292800 Exception <a 'sun/nio/fs/WindowsException'{0x000000008890bfc8}> (0x000000008890bfc8) 
thrown [t:/workspace/open/src/hotspot/share/prims/jni.cpp, line 598]
Event: 69.038 Thread 0x00000297ba292800 Exception <a 'sun/nio/fs/WindowsException'{0x0000000088915ed0}> (0x0000000088915ed0) 
thrown [t:/workspace/open/src/hotspot/share/prims/jni.cpp, line 598]
Event: 69.046 Thread 0x00000297ba292800 Exception <a 'sun/nio/fs/WindowsException'{0x0000000088920c50}> (0x0000000088920c50) 
thrown [t:/workspace/open/src/hotspot/share/prims/jni.cpp, line 598]
Event: 69.083 Thread 0x00000297ba292800 Exception <a 'sun/nio/fs/WindowsException'{0x000000008892ad18}> (0x000000008892ad18) 
thrown [t:/workspace/open/src/hotspot/share/prims/jni.cpp, line 598]
Event: 69.091 Thread 0x00000297ba292800 Exception <a 'sun/nio/fs/WindowsException'{0x0000000088934b40}> (0x0000000088934b40) 
thrown [t:/workspace/open/src/hotspot/share/prims/jni.cpp, line 598]

Events (20 events):
Event: 68.669 loading class com/sun/tools/javac/tree/JCTree$JCCase done
Event: 68.757 Executing VM operation: ICBufferFull
Event: 68.758 Executing VM operation: ICBufferFull done
Event: 68.877 loading class com/sun/tools/javac/comp/Check
Event: 68.877 loading class com/sun/tools/javac/comp/Check done
Event: 69.018 loading class org/gradle/internal/compiler/java/listeners/constants/ConstantDependentsConsumer
Event: 69.018 loading class org/gradle/internal/compiler/java/listeners/constants/ConstantDependentsConsumer done
Event: 69.089 Executing VM operation: ICBufferFull
Event: 69.090 Executing VM operation: ICBufferFull done
Event: 69.108 loading class java/util/EnumMap$Values
Event: 69.119 loading class java/util/EnumMap$Values done
Event: 69.119 loading class java/util/EnumMap$ValueIterator
Event: 69.120 loading class java/util/EnumMap$ValueIterator done
Event: 69.120 loading class com/sun/tools/javac/util/ListBuffer
Event: 69.120 loading class com/sun/tools/javac/util/ListBuffer done
Event: 69.120 loading class com/sun/tools/javac/util/ListBuffer
Event: 69.120 loading class com/sun/tools/javac/util/ListBuffer done
Event: 69.121 Executing VM operation: RevokeBias
Event: 69.122 Executing VM operation: RevokeBias done
Event: 69.234 Executing VM operation: G1CollectForAllocation


Dynamic libraries:
0x00007ff6c7a30000 - 0x00007ff6c7a3f000 	C:\Program Files\Java\jdk-13.0.2\bin\java.exe
0x00007fffd64f0000 - 0x00007fffd66e5000 	C:\WINDOWS\SYSTEM32\ntdll.dll
0x00007fffd61a0000 - 0x00007fffd625e000 	C:\WINDOWS\System32\KERNEL32.DLL
0x00007fffd3d70000 - 0x00007fffd4038000 	C:\WINDOWS\System32\KERNELBASE.dll
0x00007fffd40d0000 - 0x00007fffd41d0000 	C:\WINDOWS\System32\ucrtbase.dll
0x00007fffc6a40000 - 0x00007fffc6a55000 	C:\Program Files\Java\jdk-13.0.2\bin\VCRUNTIME140.dll
0x00007fffc6a60000 - 0x00007fffc6a78000 	C:\Program Files\Java\jdk-13.0.2\bin\jli.dll
0x00007fffd4700000 - 0x00007fffd47ac000 	C:\WINDOWS\System32\ADVAPI32.dll
0x00007fffd5a70000 - 0x00007fffd5b0e000 	C:\WINDOWS\System32\msvcrt.dll
0x00007fffd6410000 - 0x00007fffd64ab000 	C:\WINDOWS\System32\sechost.dll
0x00007fffd5100000 - 0x00007fffd522a000 	C:\WINDOWS\System32\RPCRT4.dll
0x00007fffd5ff0000 - 0x00007fffd6191000 	C:\WINDOWS\System32\USER32.dll
0x00007fffd2300000 - 0x00007fffd259a000 	C:\WINDOWS\WinSxS\amd64_microsoft.windows.common-controls_6595b64144ccf1df_6.0.19041.1110_none_60b5254171f9507e\COMCTL32.dll
0x00007fffd5b10000 - 0x00007fffd5b3b000 	C:\WINDOWS\System32\GDI32.dll
0x00007fffd43d0000 - 0x00007fffd43f2000 	C:\WINDOWS\System32\win32u.dll
0x00007fffd3c60000 - 0x00007fffd3d6d000 	C:\WINDOWS\System32\gdi32full.dll
0x00007fffca250000 - 0x00007fffca25a000 	C:\WINDOWS\SYSTEM32\VERSION.dll
0x00007fffd41d0000 - 0x00007fffd426d000 	C:\WINDOWS\System32\msvcp_win.dll
0x00007fffd5240000 - 0x00007fffd5270000 	C:\WINDOWS\System32\IMM32.DLL
0x00007fffa7d20000 - 0x00007fffa7dbb000 	C:\Program Files\Java\jdk-13.0.2\bin\msvcp140.dll
0x00007fff88b90000 - 0x00007fff896ed000 	C:\Program Files\Java\jdk-13.0.2\bin\server\jvm.dll
0x00007fffd5230000 - 0x00007fffd5238000 	C:\WINDOWS\System32\PSAPI.DLL
0x00007fffc7a70000 - 0x00007fffc7a79000 	C:\WINDOWS\SYSTEM32\WSOCK32.dll
0x00007fffca260000 - 0x00007fffca287000 	C:\WINDOWS\SYSTEM32\WINMM.dll
0x00007fffd5b40000 - 0x00007fffd5bab000 	C:\WINDOWS\System32\WS2_32.dll
0x00007fffd14a0000 - 0x00007fffd14b2000 	C:\WINDOWS\SYSTEM32\kernel.appcore.dll
0x00007fffc7fd0000 - 0x00007fffc7fe0000 	C:\Program Files\Java\jdk-13.0.2\bin\verify.dll
0x00007fffd3620000 - 0x00007fffd3804000 	C:\WINDOWS\SYSTEM32\DBGHELP.DLL
0x00007fffd33b0000 - 0x00007fffd33dc000 	C:\WINDOWS\SYSTEM32\dbgcore.DLL
0x00007fffd4040000 - 0x00007fffd40c2000 	C:\WINDOWS\System32\bcryptPrimitives.dll
0x00007fffc6970000 - 0x00007fffc6996000 	C:\Program Files\Java\jdk-13.0.2\bin\java.dll
0x00007fffc6950000 - 0x00007fffc6967000 	C:\Program Files\Java\jdk-13.0.2\bin\zip.dll
0x00007fffc7e60000 - 0x00007fffc7e6a000 	C:\Program Files\Java\jdk-13.0.2\bin\jimage.dll
0x00007fffd5320000 - 0x00007fffd5a64000 	C:\WINDOWS\System32\SHELL32.dll
0x00007fffd16a0000 - 0x00007fffd1e34000 	C:\WINDOWS\SYSTEM32\windows.storage.dll
0x00007fffd5c90000 - 0x00007fffd5fe5000 	C:\WINDOWS\System32\combase.dll
0x00007fffd3200000 - 0x00007fffd322e000 	C:\WINDOWS\SYSTEM32\Wldp.dll
0x00007fffd4a90000 - 0x00007fffd4b3d000 	C:\WINDOWS\System32\SHCORE.dll
0x00007fffd5c10000 - 0x00007fffd5c65000 	C:\WINDOWS\System32\shlwapi.dll
0x00007fffd3b40000 - 0x00007fffd3b5f000 	C:\WINDOWS\SYSTEM32\profapi.dll
0x00007fffc6930000 - 0x00007fffc6949000 	C:\Program Files\Java\jdk-13.0.2\bin\net.dll
0x00007fffc45f0000 - 0x00007fffc46fc000 	C:\WINDOWS\SYSTEM32\WINHTTP.dll
0x00007fffd2f80000 - 0x00007fffd2fea000 	C:\WINDOWS\system32\mswsock.dll
0x00007fffc6910000 - 0x00007fffc6923000 	C:\Program Files\Java\jdk-13.0.2\bin\nio.dll
0x00007fffc6b20000 - 0x00007fffc6b47000 	C:\Users\jeffe\.gradle\native\e1d6ef7f7dcc3fd88c89a11ec53ec762bb8ba0a96d01ffa2cd45eb1d1d8dd5c5\windows-amd64\native-platform.dll
0x00007fffa7bd0000 - 0x00007fffa7d14000 	C:\Users\jeffe\.gradle\native\5664cfc778a61ccfe75a443a1ab52a65af34e5dc3c78e0209fed803814484fcb\windows-amd64\native-platform-file-events.dll
0x00007fffc7da0000 - 0x00007fffc7da9000 	C:\Program Files\Java\jdk-13.0.2\bin\management.dll
0x00007fffc7a80000 - 0x00007fffc7a8b000 	C:\Program Files\Java\jdk-13.0.2\bin\management_ext.dll
0x00007fffd3980000 - 0x00007fffd3998000 	C:\WINDOWS\SYSTEM32\CRYPTSP.dll
0x00007fffd28a0000 - 0x00007fffd28d4000 	C:\WINDOWS\system32\rsaenh.dll
0x00007fffd4400000 - 0x00007fffd4427000 	C:\WINDOWS\System32\bcrypt.dll
0x00007fffd3b00000 - 0x00007fffd3b2e000 	C:\WINDOWS\SYSTEM32\USERENV.dll
0x00007fffd3170000 - 0x00007fffd317c000 	C:\WINDOWS\SYSTEM32\CRYPTBASE.dll
0x00007fffd2c70000 - 0x00007fffd2cab000 	C:\WINDOWS\SYSTEM32\IPHLPAPI.DLL
0x00007fffd5310000 - 0x00007fffd5318000 	C:\WINDOWS\System32\NSI.dll
0x00007fffcb910000 - 0x00007fffcb927000 	C:\WINDOWS\SYSTEM32\dhcpcsvc6.DLL
0x00007fffcae60000 - 0x00007fffcae7d000 	C:\WINDOWS\SYSTEM32\dhcpcsvc.DLL
0x00007fffd2cb0000 - 0x00007fffd2d7b000 	C:\WINDOWS\SYSTEM32\DNSAPI.dll

dbghelp: loaded successfully - version: 4.0.5 - missing functions: none
symbol engine: initialized successfully - sym options: 0x614 - pdb path: .;C:\Program Files\Java\jdk-13.0.2\bin;C:\WINDOWS\SYSTEM32;C:\WINDOWS\WinSxS\amd64_microsoft.windows.common-controls_6595b64144ccf1df_6.0.19041.1110_none_60b5254171f9507e;C:\Program Files\Java\jdk-13.0.2\bin\server;C:\Users\jeffe\.gradle\native\e1d6ef7f7dcc3fd88c89a11ec53ec762bb8ba0a96d01ffa2cd45eb1d1d8dd5c5\windows-amd64;C:\Users\jeffe\.gradle\native\5664cfc778a61ccfe75a443a1ab52a65af34e5dc3c78e0209fed803814484fcb\windows-amd64

VM Arguments:
jvm_args: --add-opens=java.base/java.util=ALL-UNNAMED --add-opens=java.base/java.lang=ALL-UNNAMED --add-opens=java.base/java.lang.invoke=ALL-UNNAMED --add-opens=java.base/java.util=ALL-UNNAMED --add-opens=java.prefs/java.util.prefs=ALL-UNNAMED --add-opens=java.prefs/java.util.prefs=ALL-UNNAMED --add-opens=java.base/java.nio.charset=ALL-UNNAMED --add-opens=java.base/java.net=ALL-UNNAMED --add-opens=java.base/java.util.concurrent.atomic=ALL-UNNAMED -Xmx2048m -Dfile.encoding=UTF-8 -Duser.country=PH -Duser.language=en -Duser.variant 
java_command: org.gradle.launcher.daemon.bootstrap.GradleDaemon 7.3.2
java_class_path (initial): C:\Users\jeffe\.gradle\wrapper\dists\gradle-7.3.2-bin\4k4cn06q0rruwh9dpndf9gmi8\gradle-7.3.2\lib\gradle-launcher-7.3.2.jar
Launcher Type: SUN_STANDARD

[Global flags]
     intx CICompilerCount                          = 4                                         {product} {ergonomic}
     uint ConcGCThreads                            = 2                                         {product} {ergonomic}
     uint G1ConcRefinementThreads                  = 8                                         {product} {ergonomic}
   size_t G1HeapRegionSize                         = 1048576                                   {product} {ergonomic}
    uintx GCDrainStackTargetSize                   = 64                                        {product} {ergonomic}
   size_t InitialHeapSize                          = 234881024                                 {product} {ergonomic}
   size_t MarkStackSize                            = 4194304                                   {product} {ergonomic}
   size_t MaxHeapSize                              = 2147483648                                {product} {command line}
   size_t MaxNewSize                               = 1287651328                                {product} {ergonomic}
   size_t MinHeapDeltaBytes                        = 1048576                                   {product} {ergonomic}
   size_t MinHeapSize                              = 8388608                                   {product} {ergonomic}
    uintx NonNMethodCodeHeapSize                   = 5839372                                {pd product} {ergonomic}
    uintx NonProfiledCodeHeapSize                  = 122909434                              {pd product} {ergonomic}
    uintx ProfiledCodeHeapSize                     = 122909434                              {pd product} {ergonomic}
    uintx ReservedCodeCacheSize                    = 251658240                              {pd product} {ergonomic}
     bool SegmentedCodeCache                       = true                                      {product} {ergonomic}
   size_t SoftMaxHeapSize                          = 2147483648                             {manageable} {ergonomic}
     bool UseCompressedClassPointers               = true                                 {lp64_product} {ergonomic}
     bool UseCompressedOops                        = true                                 {lp64_product} {ergonomic}
     bool UseG1GC                                  = true                                      {product} {ergonomic}
     bool UseLargePagesIndividualAllocation        = false                                  {pd product} {ergonomic}

Logging:
Log output configuration:
 #0: stdout all=warning uptime,level,tags
 #1: stderr all=off uptime,level,tags

Environment Variables:
JAVA_HOME=C:\Program Files\Java\jdk-13.0.2
PATH=C:\Program Files (x86)\Razer Chroma SDK\bin;C:\Program Files\Razer Chroma SDK\bin;C:\Program Files (x86)\Razer\ChromaBroadcast\bin;C:\Program Files\Razer\ChromaBroadcast\bin;C:\WINDOWS\system32;C:\WINDOWS;C:\WINDOWS\System32\Wbem;C:\WINDOWS\System32\WindowsPowerShell\v1.0\;C:\WINDOWS\System32\OpenSSH\;C:\Program Files\Java\jdk-13.0.2\bin;C:\Program Files\MySQL\MySQL Server 5.5\bin;C:\WINDOWS\system32\config\systemprofile\AppData\Local\Microsoft\WindowsApps;C:\Users\jeffe\AppData\Local\Microsoft\WindowsApps;C:\xampp\php;C:\ProgramData\ComposerSetup\bin;C:\Program Files\Git\cmd;C:\Program Files\MySQL\MySQL Shell 8.0\bin\;C:\Users\jeffe\AppData\Local\Microsoft\WindowsApps;C:\Users\jeffe\AppData\Roaming\Composer\vendor\bin
USERNAME=jeffe
OS=Windows_NT
PROCESSOR_IDENTIFIER=AMD64 Family 23 Model 24 Stepping 1, AuthenticAMD



---------------  S Y S T E M  ---------------

OS: Windows 10 , 64 bit Build 19041 (10.0.19041.1348)

CPU:total 8 (initial active 8) (8 cores per cpu, 2 threads per core) family 23 model 24 stepping 1, cmov, cx8, fxsr, mmx, sse, sse2, sse3, ssse3, sse4.1, sse4.2, popcnt, avx, avx2, aes, clmul, mmxext, 3dnowpref, lzcnt, sse4a, ht, tsc, tscinvbit, tscinv, bmi1, bmi2, adx, sha, fma

Memory: 4k page, system-wide physical 14274M (7844M free)
TotalPageFile size 16450M (AvailPageFile size 7611M)
current process WorkingSet (physical memory assigned to process): 458M, peak: 465M
current process commit charge ("private bytes"): 497M, peak: 505M

vm_info: Java HotSpot(TM) 64-Bit Server VM (13.0.2+8) for windows-amd64 JRE (13.0.2+8), built on Dec 11 2019 09:20:33 by "mach5one" with unknown MS VC++:1916

END.
