#
# A fatal error has been detected by the Java Runtime Environment:
#
#  EXCEPTION_ACCESS_VIOLATION (0xc0000005) at pc=0x00007ff8110f14f8, pid=11420, tid=10836
#
# JRE version: Java(TM) SE Runtime Environment (13.0.2+8) (build 13.0.2+8)
# Java VM: Java HotSpot(TM) 64-Bit Server VM (13.0.2+8, mixed mode, sharing, tiered, compressed oops, g1 gc, windows-amd64)
# Problematic frame:
# V  [jvm.dll+0x1a14f8]
#
# No core dump will be written. Minidumps are not enabled by default on client versions of Windows
#
# If you would like to submit a bug report, please visit:
#   http://bugreport.java.com/bugreport/crash.jsp
#

---------------  S U M M A R Y ------------

Command Line: --add-opens=java.base/java.util=ALL-UNNAMED --add-opens=java.base/java.lang=ALL-UNNAMED --add-opens=java.base/java.lang.invoke=ALL-UNNAMED --add-opens=java.base/java.util=ALL-UNNAMED --add-opens=java.prefs/java.util.prefs=ALL-UNNAMED --add-opens=java.prefs/java.util.prefs=ALL-UNNAMED --add-opens=java.base/java.nio.charset=ALL-UNNAMED --add-opens=java.base/java.net=ALL-UNNAMED --add-opens=java.base/java.util.concurrent.atomic=ALL-UNNAMED -Xmx2048m -Dfile.encoding=UTF-8 -Duser.country=PH -Duser.language=en -Duser.variant org.gradle.launcher.daemon.bootstrap.GradleDaemon 7.3.2

Host: AMD Ryzen 5 3550H with Radeon Vega Mobile Gfx  , 8 cores, 13G,  Windows 10 , 64 bit Build 19041 (10.0.19041.1348)
Time: Thu Dec 16 21:38:04 2021 Malay Peninsula Standard Time elapsed time: 8 seconds (0d 0h 0m 8s)

---------------  T H R E A D  ---------------

Current thread (0x0000011ca43cd000):  JavaThread "C2 CompilerThread2" daemon [_thread_in_native, id=10836, stack(0x00000004d7f00000,0x00000004d8000000)]


Current CompileTask:
C2:   8652 6703       4       org.codehaus.groovy.runtime.metaclass.MetaMethodIndex::copyNonPrivateNonNewMetaMethods (171 bytes)

Stack: [0x00000004d7f00000,0x00000004d8000000],  sp=0x00000004d7ffb990,  free space=1006k
Native frames: (J=compiled Java code, j=interpreted, Vv=VM code, C=native code)
V  [jvm.dll+0x1a14f8]
V  [jvm.dll+0x19efb5]
V  [jvm.dll+0x205d36]
V  [jvm.dll+0x204e3f]
V  [jvm.dll+0x189c2c]
V  [jvm.dll+0x213e6d]
V  [jvm.dll+0x2120bb]
V  [jvm.dll+0x736bb6]
V  [jvm.dll+0x72fcaa]
V  [jvm.dll+0x623ea6]
C  [ucrtbase.dll+0x21bb2]
C  [KERNEL32.DLL+0x17034]
C  [ntdll.dll+0x52651]


siginfo: EXCEPTION_ACCESS_VIOLATION (0xc0000005), reading address 0x00007df81171b2e0


Register to memory mapping:

RIP=0x00007ff8110f14f8 jvm.dll
RAX=0x00007df81171b220 is an unknown value
RBX=0x0 is NULL
RCX=0x0000011ca079fb78 points into unknown readable memory: 20 b2 71 11 f8 7d 00 00
RDX=0x00000000000000bc is an unknown value
RSP=0x00000004d7ffb990 is pointing into the stack for thread: 0x0000011ca43cd000
RBP=0x0000011ca95dd520 points into unknown readable memory: 40 e7 78 11 f8 7f 00 00
RSI=0x00000004d7ffbe90 is pointing into the stack for thread: 0x0000011ca43cd000
RDI=0xffffffffffffffff is an unknown value
R8 =
[error occurred during error reporting (printing register info), id 0xc0000005, EXCEPTION_ACCESS_VIOLATION (0xc0000005) at pc=0x00007ff8112369bf]

Registers:
RAX=0x00007df81171b220, RBX=0x0000000000000000, RCX=0x0000011ca079fb78, RDX=0x00000000000000bc
RSP=0x00000004d7ffb990, RBP=0x0000011ca95dd520, RSI=0x00000004d7ffbe90, RDI=0xffffffffffffffff
R8 =0x00000000ffffffff, R9 =0x0000000000000001, R10=0x000000000000021d, R11=0x0000011ca60418a0
R12=0x0000000000000001, R13=0x0000000000000001, R14=0x0000011ca079fb78, R15=0x0000011ca0222c88
RIP=0x00007ff8110f14f8, EFLAGS=0x0000000000010246

Top of Stack: (sp=0x00000004d7ffb990)
0x00000004d7ffb990:   0000011ca970f0d0 0000011ca60418a0
0x00000004d7ffb9a0:   00000000000003e7 0000011ca95db440
0x00000004d7ffb9b0:   000002dc00000003 00007ff800000003
0x00000004d7ffb9c0:   0000011ca95dd520 00000004d7ffba60
0x00000004d7ffb9d0:   0000000000000000 0000000000000000
0x00000004d7ffb9e0:   00000004d7ffbaf0 0000011ca274f2f0
0x00000004d7ffb9f0:   0000011ca274f300 00000000000003d8
0x00000004d7ffba00:   0000011ca274f6d8 00000004d7ffbb30
0x00000004d7ffba10:   0000000000000000 00000004d7ffbf70
0x00000004d7ffba20:   00000004d7ffbe90 00007ff8110eefb5
0x00000004d7ffba30:   00000004d7ffbe90 00000004d7ffbb01
0x00000004d7ffba40:   00000004d7ffbf01 00000000ffffffff
0x00000004d7ffba50:   0000011ca3cdca00 00000004d7ffbbb0
0x00000004d7ffba60:   0000000400000006 0000011ca274f2f0
0x00000004d7ffba70:   0000011ca96e0200 0000011ca9720ef0
0x00000004d7ffba80:   0000011ca9720ef0 000000000007ec38 

Instructions: (pc=0x00007ff8110f14f8)
0x00007ff8110f13f8:   5f 41 5e c3 cc cc cc cc 88 54 24 10 48 89 4c 24
0x00007ff8110f1408:   08 53 56 57 48 81 ec 80 00 00 00 48 8b 41 48 48
0x00007ff8110f1418:   8b f1 4c 8b 40 10 49 8b 40 08 4c 8b 40 08 49 8b
0x00007ff8110f1428:   40 08 4c 8b 40 18 48 8b 81 20 01 00 00 4d 63 48
0x00007ff8110f1438:   28 46 8b 04 88 48 8b 41 70 49 69 d0 a8 00 00 00
0x00007ff8110f1448:   48 8b 48 20 f2 0f 10 04 0a f2 0f 58 05 e7 1e 6b
0x00007ff8110f1458:   00 f2 0f 11 04 0a 33 c9 48 8b 46 48 89 4c 24 24
0x00007ff8110f1468:   39 48 40 0f 86 fc 05 00 00 48 89 6c 24 78 48 8d
0x00007ff8110f1478:   79 ff 4c 89 64 24 70 4c 89 6c 24 68 44 8d 69 01
0x00007ff8110f1488:   4c 89 74 24 60 4c 89 7c 24 58 0f 29 74 24 40 f2
0x00007ff8110f1498:   0f 10 35 b1 16 69 00 90 48 8b 40 30 48 8b 2c c8
0x00007ff8110f14a8:   41 8b c5 48 89 6c 24 30 89 44 24 20 83 7d 28 01
0x00007ff8110f14b8:   0f 86 7a 05 00 00 66 90 3b 45 18 73 0c 8b c8 48
0x00007ff8110f14c8:   8b 45 20 4c 8b 34 c8 eb 03 45 33 f6 41 0f b6 46
0x00007ff8110f14d8:   2c 45 8b e5 24 03 c6 84 24 b0 00 00 00 00 3c 02
0x00007ff8110f14e8:   75 17 49 8b 06 49 8b ce c6 84 24 b0 00 00 00 01
0x00007ff8110f14f8:   ff 90 c0 00 00 00 44 8b e0 48 8b 86 20 01 00 00
0x00007ff8110f1508:   49 63 4e 28 8b 14 88 48 8b 46 70 48 69 da a8 00
0x00007ff8110f1518:   00 00 48 03 58 20 85 d2 0f 84 80 02 00 00 49 8b
0x00007ff8110f1528:   06 49 8b ce ff 50 28 4c 8b f8 8b 50 10 8d 4a e5
0x00007ff8110f1538:   83 f9 01 76 08 8d 4a e2 83 f9 01 77 07 83 8b a0
0x00007ff8110f1548:   00 00 00 02 41 8b 4e 28 8b c1 c1 e8 05 3b 86 88
0x00007ff8110f1558:   00 00 00 73 62 44 8b c0 83 e1 1f 48 8b 86 90 00
0x00007ff8110f1568:   00 00 41 8b d5 d3 e2 42 8b 04 80 23 c2 74 48 44
0x00007ff8110f1578:   8b 8b a0 00 00 00 41 83 c9 08 44 89 8b a0 00 00
0x00007ff8110f1588:   00 41 8b 4e 28 8b c1 c1 e8 05 3b 86 a8 00 00 00
0x00007ff8110f1598:   73 25 44 8b c0 83 e1 1f 48 8b 86 b0 00 00 00 41
0x00007ff8110f15a8:   8b d5 d3 e2 42 8b 04 80 23 c2 74 0b 41 83 c9 10
0x00007ff8110f15b8:   44 89 8b a0 00 00 00 48 83 7b 18 00 49 8b c6 49
0x00007ff8110f15c8:   8b ce 48 0f 45 c7 48 89 43 18 49 8b 06 ff 50 78
0x00007ff8110f15d8:   48 8d 7b 38 48 8b e8 4c 63 47 58 8b 4f 5c 44 3b
0x00007ff8110f15e8:   c1 7f 2e 4c 8b c8 4a 8d 14 87 4c 2b cf 66 66 66 


Stack slot to memory mapping:
stack at sp + 0 slots: 0x0000011ca970f0d0 points into unknown readable memory: 00 00 00 00 00 00 00 00
stack at sp + 1 slots: 0x0000011ca60418a0 points into unknown readable memory: ff ff 3f 3f ff ff ff ff
stack at sp + 2 slots: 0x00000000000003e7 is an unknown value
stack at sp + 3 slots: 0x0000011ca95db440 points into unknown readable memory: 40 e7 78 11 f8 7f 00 00
stack at sp + 4 slots: 0x000002dc00000003 is an unknown value
stack at sp + 5 slots: 0x00007ff800000003 is an unknown value
stack at sp + 6 slots: 0x0000011ca95dd520 points into unknown readable memory: 40 e7 78 11 f8 7f 00 00
stack at sp + 7 slots: 0x00000004d7ffba60 is pointing into the stack for thread: 0x0000011ca43cd000


---------------  P R O C E S S  ---------------

Threads class SMR info:
_java_thread_list=0x0000011ca63ffed0, length=124, elements={
0x0000011cfedbe000, 0x0000011c9f9c0800, 0x0000011c9f9c4000, 0x0000011ca01df800,
0x0000011ca01e0800, 0x0000011ca01e2000, 0x0000011ca01e3800, 0x0000011ca01e8800,
0x0000011ca0320800, 0x0000011ca033a000, 0x0000011ca258d800, 0x0000011ca07ce800,
0x0000011ca207f000, 0x0000011ca0745800, 0x0000011ca13a8800, 0x0000011ca13a9800,
0x0000011ca24e9800, 0x0000011ca24ea000, 0x0000011ca2050000, 0x0000011ca2050800,
0x0000011ca08e4800, 0x0000011ca2399000, 0x0000011ca239b000, 0x0000011ca239a000,
0x0000011ca2398800, 0x0000011ca43cd000, 0x0000011ca239c800, 0x0000011ca239d800,
0x0000011ca239b800, 0x0000011ca239e000, 0x0000011ca239f000, 0x0000011ca508a000,
0x0000011ca5089000, 0x0000011ca508b800, 0x0000011ca508d000, 0x0000011ca5090800,
0x0000011ca508b000, 0x0000011ca5095800, 0x0000011ca5094000, 0x0000011ca5096000,
0x0000011ca5092000, 0x0000011ca5097000, 0x0000011ca5091800, 0x0000011ca5093000,
0x0000011ca5098000, 0x0000011ca5094800, 0x0000011ca279e000, 0x0000011ca279c800,
0x0000011ca279d800, 0x0000011ca279f800, 0x0000011ca279f000, 0x0000011ca27a0800,
0x0000011ca27a1800, 0x0000011ca279b800, 0x0000011ca27a8000, 0x0000011ca27a5800,
0x0000011ca27a4800, 0x0000011ca27a3000, 0x0000011ca27a4000, 0x0000011ca27a6000,
0x0000011ca27a7000, 0x0000011ca27a2000, 0x0000011ca27a8800, 0x0000011ca27a9800,
0x0000011ca27aa800, 0x0000011ca577c800, 0x0000011ca5777800, 0x0000011ca577a000,
0x0000011ca5779800, 0x0000011ca5777000, 0x0000011ca577b000, 0x0000011ca5778800,
0x0000011ca5781800, 0x0000011ca5780000, 0x0000011ca577c000, 0x0000011ca5783000,
0x0000011ca5782800, 0x0000011ca5780800, 0x0000011ca577f000, 0x0000011ca577d800,
0x0000011ca5784000, 0x0000011ca577e000, 0x0000011ca5785000, 0x0000011ca5785800,
0x0000011ca8495000, 0x0000011ca8497800, 0x0000011ca8496000, 0x0000011ca8496800,
0x0000011ca8491800, 0x0000011ca8494000, 0x0000011ca8493800, 0x0000011ca8498000,
0x0000011ca8492800, 0x0000011ca849f000, 0x0000011ca8499000, 0x0000011ca849c800,
0x0000011ca849f800, 0x0000011ca849a000, 0x0000011ca849b800, 0x0000011ca849d000,
0x0000011ca849e000, 0x0000011ca84a0800, 0x0000011ca849a800, 0x0000011ca5183800,
0x0000011ca5181000, 0x0000011ca5181800, 0x0000011ca5182800, 0x0000011ca5184000,
0x0000011ca5186000, 0x0000011ca5185000, 0x0000011ca5180000, 0x0000011ca518c800,
0x0000011ca5187800, 0x0000011ca5186800, 0x0000011ca518a800, 0x0000011ca5188000,
0x0000011ca5189000, 0x0000011ca518f000, 0x0000011ca518e000, 0x0000011ca518d000,
0x0000011ca518a000, 0x0000011ca518b800, 0x0000011ca6d44000, 0x0000011ca6d46800
}

Java Threads: ( => current thread )
  0x0000011cfedbe000 JavaThread "main" [_thread_blocked, id=6392, stack(0x00000004d5800000,0x00000004d5900000)]
  0x0000011c9f9c0800 JavaThread "Reference Handler" daemon [_thread_blocked, id=11232, stack(0x00000004d5f00000,0x00000004d6000000)]
  0x0000011c9f9c4000 JavaThread "Finalizer" daemon [_thread_blocked, id=11772, stack(0x00000004d6000000,0x00000004d6100000)]
  0x0000011ca01df800 JavaThread "Signal Dispatcher" daemon [_thread_blocked, id=6456, stack(0x00000004d6100000,0x00000004d6200000)]
  0x0000011ca01e0800 JavaThread "Attach Listener" daemon [_thread_blocked, id=7372, stack(0x00000004d6200000,0x00000004d6300000)]
  0x0000011ca01e2000 JavaThread "C2 CompilerThread0" daemon [_thread_in_native, id=11456, stack(0x00000004d6300000,0x00000004d6400000)]
  0x0000011ca01e3800 JavaThread "C1 CompilerThread0" daemon [_thread_blocked, id=8716, stack(0x00000004d6400000,0x00000004d6500000)]
  0x0000011ca01e8800 JavaThread "Sweeper thread" daemon [_thread_blocked, id=12212, stack(0x00000004d6500000,0x00000004d6600000)]
  0x0000011ca0320800 JavaThread "Common-Cleaner" daemon [_thread_blocked, id=6000, stack(0x00000004d6600000,0x00000004d6700000)]
  0x0000011ca033a000 JavaThread "Service Thread" daemon [_thread_blocked, id=10204, stack(0x00000004d6700000,0x00000004d6800000)]
  0x0000011ca258d800 JavaThread "Daemon health stats" [_thread_blocked, id=10088, stack(0x00000004d6f00000,0x00000004d7000000)]
  0x0000011ca07ce800 JavaThread "Incoming local TCP Connector on port 51860" [_thread_in_native, id=8360, stack(0x00000004d6900000,0x00000004d6a00000)]
  0x0000011ca207f000 JavaThread "Daemon periodic checks" [_thread_blocked, id=9624, stack(0x00000004d6a00000,0x00000004d6b00000)]
  0x0000011ca0745800 JavaThread "Daemon" [_thread_blocked, id=11496, stack(0x00000004d7000000,0x00000004d7100000)]
  0x0000011ca13a8800 JavaThread "Handler for socket connection from /127.0.0.1:51860 to /127.0.0.1:51861" [_thread_in_native, id=1696, stack(0x00000004d7100000,0x00000004d7200000)]
  0x0000011ca13a9800 JavaThread "Cancel handler" [_thread_blocked, id=4484, stack(0x00000004d7200000,0x00000004d7300000)]
  0x0000011ca24e9800 JavaThread "Daemon worker" [_thread_in_vm, id=11716, stack(0x00000004d7300000,0x00000004d7400000)]
  0x0000011ca24ea000 JavaThread "C2 CompilerThread1" daemon [_thread_in_native, id=5912, stack(0x00000004d7400000,0x00000004d7500000)]
  0x0000011ca2050000 JavaThread "Asynchronous log dispatcher for DefaultDaemonConnection: socket connection from /127.0.0.1:51860 to /127.0.0.1:51861" [_thread_blocked, id=12336, stack(0x00000004d7500000,0x00000004d7600000)]
  0x0000011ca2050800 JavaThread "Stdin handler" [_thread_blocked, id=4412, stack(0x00000004d7600000,0x00000004d7700000)]
  0x0000011ca08e4800 JavaThread "Daemon client event forwarder" [_thread_blocked, id=5152, stack(0x00000004d7700000,0x00000004d7800000)]
  0x0000011ca2399000 JavaThread "Cache worker for journal cache (C:\Users\jeffe\.gradle\caches\journal-1)" [_thread_blocked, id=9528, stack(0x00000004d7800000,0x00000004d7900000)]
  0x0000011ca239b000 JavaThread "File lock request listener" [_thread_in_native, id=9380, stack(0x00000004d7900000,0x00000004d7a00000)]
  0x0000011ca239a000 JavaThread "Cache worker for file hash cache (C:\Users\jeffe\.gradle\caches\7.3.2\fileHashes)" [_thread_blocked, id=11848, stack(0x00000004d7a00000,0x00000004d7b00000)]
  0x0000011ca2398800 JavaThread "Cache worker for file hash cache (C:\Users\jeffe\AndroidStudioProjects\FirstAidKit3\.gradle\7.3.2\fileHashes)" [_thread_blocked, id=8948, stack(0x00000004d7e00000,0x00000004d7f00000)]
=>0x0000011ca43cd000 JavaThread "C2 CompilerThread2" daemon [_thread_in_native, id=10836, stack(0x00000004d7f00000,0x00000004d8000000)]
  0x0000011ca239c800 JavaThread "File watcher server" daemon [_thread_in_native, id=11360, stack(0x00000004d8000000,0x00000004d8100000)]
  0x0000011ca239d800 JavaThread "File watcher consumer" daemon [_thread_blocked, id=9600, stack(0x00000004d8100000,0x00000004d8200000)]
  0x0000011ca239b800 JavaThread "Cache worker for checksums cache (C:\Users\jeffe\AndroidStudioProjects\FirstAidKit3\.gradle\7.3.2\checksums)" [_thread_blocked, id=10812, stack(0x00000004d8200000,0x00000004d8300000)]
  0x0000011ca239e000 JavaThread "Cache worker for cache directory md-supplier (C:\Users\jeffe\.gradle\caches\7.3.2\md-supplier)" [_thread_blocked, id=13220, stack(0x00000004d8300000,0x00000004d8400000)]
  0x0000011ca239f000 JavaThread "Cache worker for cache directory md-rule (C:\Users\jeffe\.gradle\caches\7.3.2\md-rule)" [_thread_blocked, id=5140, stack(0x00000004d8500000,0x00000004d8600000)]
  0x0000011ca508a000 JavaThread "Cache worker for execution history cache (C:\Users\jeffe\.gradle\caches\7.3.2\executionHistory)" [_thread_blocked, id=7384, stack(0x00000004d8600000,0x00000004d8700000)]
  0x0000011ca5089000 JavaThread "jar transforms" [_thread_blocked, id=8384, stack(0x00000004d8700000,0x00000004d8800000)]
  0x0000011ca508b800 JavaThread "jar transforms Thread 2" [_thread_blocked, id=5276, stack(0x00000004d8800000,0x00000004d8900000)]
  0x0000011ca508d000 JavaThread "Cache worker for file content cache (C:\Users\jeffe\.gradle\caches\7.3.2\fileContent)" [_thread_blocked, id=7240, stack(0x00000004d8900000,0x00000004d8a00000)]
  0x0000011ca5090800 JavaThread "Cache worker for dependencies-accessors (C:\Users\jeffe\AndroidStudioProjects\FirstAidKit3\.gradle\7.3.2\dependencies-accessors)" [_thread_blocked, id=5892, stack(0x00000004d8a00000,0x00000004d8b00000)]
  0x0000011ca508b000 JavaThread "jar transforms Thread 3" [_thread_blocked, id=11480, stack(0x00000004d8b00000,0x00000004d8c00000)]
  0x0000011ca5095800 JavaThread "Cache worker for Build Output Cleanup Cache (C:\Users\jeffe\AndroidStudioProjects\FirstAidKit3\.gradle\buildOutputCleanup)" [_thread_blocked, id=1832, stack(0x00000004d8c00000,0x00000004d8d00000)]
  0x0000011ca5094000 JavaThread "Unconstrained build operations" [_thread_blocked, id=11940, stack(0x00000004d8d00000,0x00000004d8e00000)]
  0x0000011ca5096000 JavaThread "Unconstrained build operations Thread 2" [_thread_blocked, id=8796, stack(0x00000004d8e00000,0x00000004d8f00000)]
  0x0000011ca5092000 JavaThread "Unconstrained build operations Thread 3" [_thread_blocked, id=13080, stack(0x00000004d8f00000,0x00000004d9000000)]
  0x0000011ca5097000 JavaThread "Unconstrained build operations Thread 4" [_thread_blocked, id=1152, stack(0x00000004d9000000,0x00000004d9100000)]
  0x0000011ca5091800 JavaThread "Unconstrained build operations Thread 5" [_thread_blocked, id=11308, stack(0x00000004d9100000,0x00000004d9200000)]
  0x0000011ca5093000 JavaThread "Unconstrained build operations Thread 6" [_thread_blocked, id=10112, stack(0x00000004d9200000,0x00000004d9300000)]
  0x0000011ca5098000 JavaThread "Unconstrained build operations Thread 7" [_thread_blocked, id=8596, stack(0x00000004d9300000,0x00000004d9400000)]
  0x0000011ca5094800 JavaThread "Unconstrained build operations Thread 8" [_thread_blocked, id=10312, stack(0x00000004d9400000,0x00000004d9500000)]
  0x0000011ca279e000 JavaThread "Unconstrained build operations Thread 9" [_thread_blocked, id=8284, stack(0x00000004d9500000,0x00000004d9600000)]
  0x0000011ca279c800 JavaThread "Unconstrained build operations Thread 10" [_thread_blocked, id=10828, stack(0x00000004d9600000,0x00000004d9700000)]
  0x0000011ca279d800 JavaThread "Unconstrained build operations Thread 11" [_thread_blocked, id=9904, stack(0x00000004d9700000,0x00000004d9800000)]
  0x0000011ca279f800 JavaThread "Unconstrained build operations Thread 12" [_thread_blocked, id=2240, stack(0x00000004d9800000,0x00000004d9900000)]
  0x0000011ca279f000 JavaThread "Unconstrained build operations Thread 13" [_thread_blocked, id=1496, stack(0x00000004d9900000,0x00000004d9a00000)]
  0x0000011ca27a0800 JavaThread "Unconstrained build operations Thread 14" [_thread_blocked, id=12932, stack(0x00000004d9a00000,0x00000004d9b00000)]
  0x0000011ca27a1800 JavaThread "Unconstrained build operations Thread 15" [_thread_blocked, id=11320, stack(0x00000004d9b00000,0x00000004d9c00000)]
  0x0000011ca279b800 JavaThread "Unconstrained build operations Thread 16" [_thread_blocked, id=5556, stack(0x00000004d9c00000,0x00000004d9d00000)]
  0x0000011ca27a8000 JavaThread "Unconstrained build operations Thread 17" [_thread_blocked, id=12136, stack(0x00000004d9d00000,0x00000004d9e00000)]
  0x0000011ca27a5800 JavaThread "Unconstrained build operations Thread 18" [_thread_blocked, id=12920, stack(0x00000004d9e00000,0x00000004d9f00000)]
  0x0000011ca27a4800 JavaThread "Unconstrained build operations Thread 19" [_thread_blocked, id=3852, stack(0x00000004d9f00000,0x00000004da000000)]
  0x0000011ca27a3000 JavaThread "Unconstrained build operations Thread 20" [_thread_blocked, id=6116, stack(0x00000004da000000,0x00000004da100000)]
  0x0000011ca27a4000 JavaThread "Unconstrained build operations Thread 21" [_thread_blocked, id=11332, stack(0x00000004da100000,0x00000004da200000)]
  0x0000011ca27a6000 JavaThread "Unconstrained build operations Thread 22" [_thread_blocked, id=8412, stack(0x00000004da200000,0x00000004da300000)]
  0x0000011ca27a7000 JavaThread "Unconstrained build operations Thread 23" [_thread_blocked, id=9396, stack(0x00000004da300000,0x00000004da400000)]
  0x0000011ca27a2000 JavaThread "Unconstrained build operations Thread 24" [_thread_blocked, id=8120, stack(0x00000004da400000,0x00000004da500000)]
  0x0000011ca27a8800 JavaThread "Unconstrained build operations Thread 25" [_thread_blocked, id=4092, stack(0x00000004da500000,0x00000004da600000)]
  0x0000011ca27a9800 JavaThread "Unconstrained build operations Thread 26" [_thread_blocked, id=4608, stack(0x00000004da600000,0x00000004da700000)]
  0x0000011ca27aa800 JavaThread "Unconstrained build operations Thread 27" [_thread_blocked, id=12104, stack(0x00000004da700000,0x00000004da800000)]
  0x0000011ca577c800 JavaThread "Unconstrained build operations Thread 28" [_thread_blocked, id=11996, stack(0x00000004da800000,0x00000004da900000)]
  0x0000011ca5777800 JavaThread "Unconstrained build operations Thread 29" [_thread_blocked, id=6620, stack(0x00000004da900000,0x00000004daa00000)]
  0x0000011ca577a000 JavaThread "Unconstrained build operations Thread 30" [_thread_blocked, id=7272, stack(0x00000004daa00000,0x00000004dab00000)]
  0x0000011ca5779800 JavaThread "Unconstrained build operations Thread 31" [_thread_blocked, id=12324, stack(0x00000004dab00000,0x00000004dac00000)]
  0x0000011ca5777000 JavaThread "Unconstrained build operations Thread 32" [_thread_blocked, id=7208, stack(0x00000004dac00000,0x00000004dad00000)]
  0x0000011ca577b000 JavaThread "Unconstrained build operations Thread 33" [_thread_blocked, id=13040, stack(0x00000004dad00000,0x00000004dae00000)]
  0x0000011ca5778800 JavaThread "Unconstrained build operations Thread 34" [_thread_blocked, id=9140, stack(0x00000004dae00000,0x00000004daf00000)]
  0x0000011ca5781800 JavaThread "Unconstrained build operations Thread 35" [_thread_blocked, id=1940, stack(0x00000004daf00000,0x00000004db000000)]
  0x0000011ca5780000 JavaThread "Unconstrained build operations Thread 36" [_thread_blocked, id=3544, stack(0x00000004db000000,0x00000004db100000)]
  0x0000011ca577c000 JavaThread "Unconstrained build operations Thread 37" [_thread_blocked, id=11672, stack(0x00000004db100000,0x00000004db200000)]
  0x0000011ca5783000 JavaThread "Unconstrained build operations Thread 38" [_thread_blocked, id=3268, stack(0x00000004db200000,0x00000004db300000)]
  0x0000011ca5782800 JavaThread "Unconstrained build operations Thread 39" [_thread_blocked, id=10516, stack(0x00000004db300000,0x00000004db400000)]
  0x0000011ca5780800 JavaThread "Unconstrained build operations Thread 40" [_thread_blocked, id=11916, stack(0x00000004db400000,0x00000004db500000)]
  0x0000011ca577f000 JavaThread "Unconstrained build operations Thread 41" [_thread_blocked, id=7172, stack(0x00000004db500000,0x00000004db600000)]
  0x0000011ca577d800 JavaThread "Unconstrained build operations Thread 42" [_thread_blocked, id=8388, stack(0x00000004db600000,0x00000004db700000)]
  0x0000011ca5784000 JavaThread "Unconstrained build operations Thread 43" [_thread_blocked, id=3580, stack(0x00000004db700000,0x00000004db800000)]
  0x0000011ca577e000 JavaThread "Unconstrained build operations Thread 44" [_thread_blocked, id=2164, stack(0x00000004db800000,0x00000004db900000)]
  0x0000011ca5785000 JavaThread "Unconstrained build operations Thread 45" [_thread_blocked, id=10292, stack(0x00000004db900000,0x00000004dba00000)]
  0x0000011ca5785800 JavaThread "Unconstrained build operations Thread 46" [_thread_blocked, id=6608, stack(0x00000004dba00000,0x00000004dbb00000)]
  0x0000011ca8495000 JavaThread "Unconstrained build operations Thread 47" [_thread_blocked, id=12588, stack(0x00000004dbb00000,0x00000004dbc00000)]
  0x0000011ca8497800 JavaThread "Unconstrained build operations Thread 48" [_thread_blocked, id=12148, stack(0x00000004dbc00000,0x00000004dbd00000)]
  0x0000011ca8496000 JavaThread "Unconstrained build operations Thread 49" [_thread_blocked, id=10224, stack(0x00000004dbd00000,0x00000004dbe00000)]
  0x0000011ca8496800 JavaThread "Unconstrained build operations Thread 50" [_thread_blocked, id=7856, stack(0x00000004dbe00000,0x00000004dbf00000)]
  0x0000011ca8491800 JavaThread "Unconstrained build operations Thread 51" [_thread_blocked, id=4276, stack(0x00000004dbf00000,0x00000004dc000000)]
  0x0000011ca8494000 JavaThread "Unconstrained build operations Thread 52" [_thread_blocked, id=13048, stack(0x00000004dc000000,0x00000004dc100000)]
  0x0000011ca8493800 JavaThread "Unconstrained build operations Thread 53" [_thread_blocked, id=9584, stack(0x00000004dc100000,0x00000004dc200000)]
  0x0000011ca8498000 JavaThread "Unconstrained build operations Thread 54" [_thread_blocked, id=10428, stack(0x00000004dc200000,0x00000004dc300000)]
  0x0000011ca8492800 JavaThread "Unconstrained build operations Thread 55" [_thread_blocked, id=8, stack(0x00000004dc300000,0x00000004dc400000)]
  0x0000011ca849f000 JavaThread "Unconstrained build operations Thread 56" [_thread_blocked, id=7556, stack(0x00000004dc400000,0x00000004dc500000)]
  0x0000011ca8499000 JavaThread "Unconstrained build operations Thread 57" [_thread_blocked, id=8764, stack(0x00000004dc500000,0x00000004dc600000)]
  0x0000011ca849c800 JavaThread "Unconstrained build operations Thread 58" [_thread_blocked, id=11932, stack(0x00000004dc600000,0x00000004dc700000)]
  0x0000011ca849f800 JavaThread "Unconstrained build operations Thread 59" [_thread_blocked, id=2136, stack(0x00000004dc700000,0x00000004dc800000)]
  0x0000011ca849a000 JavaThread "Unconstrained build operations Thread 60" [_thread_blocked, id=7068, stack(0x00000004dc800000,0x00000004dc900000)]
  0x0000011ca849b800 JavaThread "Unconstrained build operations Thread 61" [_thread_blocked, id=7852, stack(0x00000004dc900000,0x00000004dca00000)]
  0x0000011ca849d000 JavaThread "Unconstrained build operations Thread 62" [_thread_blocked, id=12056, stack(0x00000004dca00000,0x00000004dcb00000)]
  0x0000011ca849e000 JavaThread "Unconstrained build operations Thread 63" [_thread_blocked, id=11744, stack(0x00000004dcb00000,0x00000004dcc00000)]
  0x0000011ca84a0800 JavaThread "Unconstrained build operations Thread 64" [_thread_blocked, id=11404, stack(0x00000004dcc00000,0x00000004dcd00000)]
  0x0000011ca849a800 JavaThread "Unconstrained build operations Thread 65" [_thread_blocked, id=6444, stack(0x00000004dcd00000,0x00000004dce00000)]
  0x0000011ca5183800 JavaThread "Unconstrained build operations Thread 66" [_thread_blocked, id=3148, stack(0x00000004dce00000,0x00000004dcf00000)]
  0x0000011ca5181000 JavaThread "Unconstrained build operations Thread 67" [_thread_blocked, id=13144, stack(0x00000004dcf00000,0x00000004dd000000)]
  0x0000011ca5181800 JavaThread "Unconstrained build operations Thread 68" [_thread_blocked, id=11180, stack(0x00000004dd000000,0x00000004dd100000)]
  0x0000011ca5182800 JavaThread "Unconstrained build operations Thread 69" [_thread_blocked, id=972, stack(0x00000004dd100000,0x00000004dd200000)]
  0x0000011ca5184000 JavaThread "Unconstrained build operations Thread 70" [_thread_blocked, id=7020, stack(0x00000004dd200000,0x00000004dd300000)]
  0x0000011ca5186000 JavaThread "Unconstrained build operations Thread 71" [_thread_blocked, id=984, stack(0x00000004dd300000,0x00000004dd400000)]
  0x0000011ca5185000 JavaThread "Unconstrained build operations Thread 72" [_thread_blocked, id=10300, stack(0x00000004dd400000,0x00000004dd500000)]
  0x0000011ca5180000 JavaThread "Unconstrained build operations Thread 73" [_thread_blocked, id=9272, stack(0x00000004dd500000,0x00000004dd600000)]
  0x0000011ca518c800 JavaThread "Unconstrained build operations Thread 74" [_thread_blocked, id=12208, stack(0x00000004dd600000,0x00000004dd700000)]
  0x0000011ca5187800 JavaThread "Unconstrained build operations Thread 75" [_thread_blocked, id=11684, stack(0x00000004dd700000,0x00000004dd800000)]
  0x0000011ca5186800 JavaThread "Unconstrained build operations Thread 76" [_thread_blocked, id=8688, stack(0x00000004dd800000,0x00000004dd900000)]
  0x0000011ca518a800 JavaThread "Unconstrained build operations Thread 77" [_thread_blocked, id=9692, stack(0x00000004dd900000,0x00000004dda00000)]
  0x0000011ca5188000 JavaThread "Unconstrained build operations Thread 78" [_thread_blocked, id=7912, stack(0x00000004dda00000,0x00000004ddb00000)]
  0x0000011ca5189000 JavaThread "Unconstrained build operations Thread 79" [_thread_blocked, id=8828, stack(0x00000004ddb00000,0x00000004ddc00000)]
  0x0000011ca518f000 JavaThread "Unconstrained build operations Thread 80" [_thread_blocked, id=6872, stack(0x00000004ddc00000,0x00000004ddd00000)]
  0x0000011ca518e000 JavaThread "jar transforms Thread 4" [_thread_blocked, id=12900, stack(0x00000004ddd00000,0x00000004dde00000)]
  0x0000011ca518d000 JavaThread "jar transforms Thread 5" [_thread_blocked, id=6568, stack(0x00000004dde00000,0x00000004ddf00000)]
  0x0000011ca518a000 JavaThread "jar transforms Thread 6" [_thread_blocked, id=1536, stack(0x00000004ddf00000,0x00000004de000000)]
  0x0000011ca518b800 JavaThread "jar transforms Thread 7" [_thread_blocked, id=12316, stack(0x00000004de000000,0x00000004de100000)]
  0x0000011ca6d44000 JavaThread "jar transforms Thread 8" [_thread_blocked, id=9448, stack(0x00000004de100000,0x00000004de200000)]
  0x0000011ca6d46800 JavaThread "Memory manager" [_thread_blocked, id=3120, stack(0x00000004de700000,0x00000004de800000)]

Other Threads:
  0x0000011c9f9be800 VMThread "VM Thread" [stack: 0x00000004d5e00000,0x00000004d5f00000] [id=1452]
  0x0000011ca034c000 WatcherThread [stack: 0x00000004d6800000,0x00000004d6900000] [id=8472]
  0x0000011cfee01800 GCTaskThread "GC Thread#0" [stack: 0x00000004d5900000,0x00000004d5a00000] [id=8908]
  0x0000011ca050d800 GCTaskThread "GC Thread#1" [stack: 0x00000004d6b00000,0x00000004d6c00000] [id=4500]
  0x0000011ca05b1800 GCTaskThread "GC Thread#2" [stack: 0x00000004d6c00000,0x00000004d6d00000] [id=10132]
  0x0000011ca09cf000 GCTaskThread "GC Thread#3" [stack: 0x00000004d6d00000,0x00000004d6e00000] [id=5976]
  0x0000011ca07d7000 GCTaskThread "GC Thread#4" [stack: 0x00000004d6e00000,0x00000004d6f00000] [id=8856]
  0x0000011ca274a800 GCTaskThread "GC Thread#5" [stack: 0x00000004d7b00000,0x00000004d7c00000] [id=4520]
  0x0000011ca25dd800 GCTaskThread "GC Thread#6" [stack: 0x00000004d7c00000,0x00000004d7d00000] [id=13168]
  0x0000011ca28cd000 GCTaskThread "GC Thread#7" [stack: 0x00000004d7d00000,0x00000004d7e00000] [id=10308]
  0x0000011cfee15000 ConcurrentGCThread "G1 Main Marker" [stack: 0x00000004d5a00000,0x00000004d5b00000] [id=9636]
  0x0000011cfee17000 ConcurrentGCThread "G1 Conc#0" [stack: 0x00000004d5b00000,0x00000004d5c00000] [id=9716]
  0x0000011ca50e9800 ConcurrentGCThread "G1 Conc#1" [stack: 0x00000004d8400000,0x00000004d8500000] [id=12420]
  0x0000011cfee9e800 ConcurrentGCThread "G1 Refine#0" [stack: 0x00000004d5c00000,0x00000004d5d00000] [id=10544]
  0x0000011ca7f23000 ConcurrentGCThread "G1 Refine#1" [stack: 0x00000004de200000,0x00000004de300000] [id=4072]
  0x0000011ca08ee800 ConcurrentGCThread "G1 Refine#2" [stack: 0x00000004de300000,0x00000004de400000] [id=13268]
  0x0000011ca08ef800 ConcurrentGCThread "G1 Refine#3" [stack: 0x00000004de400000,0x00000004de500000] [id=5520]
  0x0000011ca08f1000 ConcurrentGCThread "G1 Refine#4" [stack: 0x00000004de500000,0x00000004de600000] [id=12200]
  0x0000011ca08f2000 ConcurrentGCThread "G1 Refine#5" [stack: 0x00000004de600000,0x00000004de700000] [id=12484]
  0x0000011c9f835800 ConcurrentGCThread "G1 Young RemSet Sampling" [stack: 0x00000004d5d00000,0x00000004d5e00000] [id=12020]

Threads with active compile tasks:
C2 CompilerThread0     8713 6614       4       java.lang.Class::privateGetPublicMethods (224 bytes)
C2 CompilerThread1     8713 6380 %     4       org.gradle.internal.instantiation.generator.AbstractClassGenerator::inspectType @ 207 (560 bytes)
C2 CompilerThread2     8713 6703       4       org.codehaus.groovy.runtime.metaclass.MetaMethodIndex::copyNonPrivateNonNewMetaMethods (171 bytes)

VM state:not at safepoint (normal execution)

VM Mutex/Monitor currently owned by a thread: None

Heap address: 0x0000000080000000, size: 2048 MB, Compressed Oops mode: 32-bit
Narrow klass base: 0x0000000800000000, Narrow klass shift: 3
Compressed class space size: 1073741824 Address: 0x0000000800b40000

Heap:
 garbage-first heap   total 109568K, used 79420K [0x0000000080000000, 0x0000000100000000)
  region size 1024K, 28 young (28672K), 3 survivors (3072K)
 Metaspace       used 61136K, capacity 62753K, committed 62976K, reserved 1103872K
  class space    used 8292K, capacity 8889K, committed 8960K, reserved 1048576K
Heap Regions: E=young(eden), S=young(survivor), O=old, HS=humongous(starts), HC=humongous(continues), CS=collection set, F=free, A=archive, TAMS=top-at-mark-start (previous, next)
|   0|0x0000000080000000, 0x0000000080100000, 0x0000000080100000|100%| O|  |TAMS 0x0000000080100000, 0x0000000080000000| Untracked 
|   1|0x0000000080100000, 0x0000000080200000, 0x0000000080200000|100%| O|  |TAMS 0x0000000080200000, 0x0000000080100000| Untracked 
|   2|0x0000000080200000, 0x0000000080300000, 0x0000000080300000|100%| O|  |TAMS 0x0000000080200000, 0x0000000080200000| Untracked 
|   3|0x0000000080300000, 0x0000000080400000, 0x0000000080400000|100%|HS|  |TAMS 0x0000000080400000, 0x0000000080300000| Complete 
|   4|0x0000000080400000, 0x0000000080500000, 0x0000000080500000|100%|HC|  |TAMS 0x0000000080500000, 0x0000000080400000| Complete 
|   5|0x0000000080500000, 0x0000000080600000, 0x0000000080600000|100%|HC|  |TAMS 0x0000000080600000, 0x0000000080500000| Complete 
|   6|0x0000000080600000, 0x0000000080700000, 0x0000000080700000|100%| O|  |TAMS 0x0000000080700000, 0x0000000080600000| Untracked 
|   7|0x0000000080700000, 0x0000000080800000, 0x0000000080800000|100%| O|  |TAMS 0x0000000080800000, 0x0000000080700000| Untracked 
|   8|0x0000000080800000, 0x0000000080900000, 0x0000000080900000|100%| O|  |TAMS 0x0000000080900000, 0x0000000080800000| Untracked 
|   9|0x0000000080900000, 0x0000000080a00000, 0x0000000080a00000|100%| O|  |TAMS 0x0000000080a00000, 0x0000000080900000| Untracked 
|  10|0x0000000080a00000, 0x0000000080b00000, 0x0000000080b00000|100%| O|  |TAMS 0x0000000080b00000, 0x0000000080a00000| Untracked 
|  11|0x0000000080b00000, 0x0000000080c00000, 0x0000000080c00000|100%| O|  |TAMS 0x0000000080c00000, 0x0000000080b00000| Untracked 
|  12|0x0000000080c00000, 0x0000000080d00000, 0x0000000080d00000|100%| O|  |TAMS 0x0000000080c00000, 0x0000000080c00000| Untracked 
|  13|0x0000000080d00000, 0x0000000080e00000, 0x0000000080e00000|100%| O|  |TAMS 0x0000000080e00000, 0x0000000080d00000| Untracked 
|  14|0x0000000080e00000, 0x0000000080f00000, 0x0000000080f00000|100%| O|  |TAMS 0x0000000080f00000, 0x0000000080e00000| Untracked 
|  15|0x0000000080f00000, 0x0000000081000000, 0x0000000081000000|100%| O|  |TAMS 0x0000000081000000, 0x0000000080f00000| Untracked 
|  16|0x0000000081000000, 0x0000000081100000, 0x0000000081100000|100%| O|  |TAMS 0x0000000081100000, 0x0000000081000000| Untracked 
|  17|0x0000000081100000, 0x0000000081200000, 0x0000000081200000|100%| O|  |TAMS 0x0000000081200000, 0x0000000081100000| Untracked 
|  18|0x0000000081200000, 0x0000000081300000, 0x0000000081300000|100%| O|  |TAMS 0x0000000081300000, 0x0000000081200000| Untracked 
|  19|0x0000000081300000, 0x0000000081400000, 0x0000000081400000|100%| O|  |TAMS 0x0000000081300000, 0x0000000081300000| Untracked 
|  20|0x0000000081400000, 0x0000000081500000, 0x0000000081500000|100%| O|  |TAMS 0x0000000081400000, 0x0000000081400000| Untracked 
|  21|0x0000000081500000, 0x0000000081600000, 0x0000000081600000|100%| O|  |TAMS 0x0000000081500000, 0x0000000081500000| Untracked 
|  22|0x0000000081600000, 0x0000000081700000, 0x0000000081700000|100%| O|  |TAMS 0x0000000081700000, 0x0000000081600000| Untracked 
|  23|0x0000000081700000, 0x0000000081800000, 0x0000000081800000|100%| O|  |TAMS 0x0000000081700000, 0x0000000081700000| Untracked 
|  24|0x0000000081800000, 0x0000000081900000, 0x0000000081900000|100%| O|  |TAMS 0x0000000081900000, 0x0000000081800000| Untracked 
|  25|0x0000000081900000, 0x0000000081a00000, 0x0000000081a00000|100%| O|  |TAMS 0x0000000081900000, 0x0000000081900000| Untracked 
|  26|0x0000000081a00000, 0x0000000081b00000, 0x0000000081b00000|100%| O|  |TAMS 0x0000000081b00000, 0x0000000081a00000| Untracked 
|  27|0x0000000081b00000, 0x0000000081c00000, 0x0000000081c00000|100%| O|  |TAMS 0x0000000081c00000, 0x0000000081b00000| Untracked 
|  28|0x0000000081c00000, 0x0000000081d00000, 0x0000000081d00000|100%| O|  |TAMS 0x0000000081d00000, 0x0000000081c00000| Untracked 
|  29|0x0000000081d00000, 0x0000000081e00000, 0x0000000081e00000|100%| O|  |TAMS 0x0000000081d00000, 0x0000000081d00000| Untracked 
|  30|0x0000000081e00000, 0x0000000081f00000, 0x0000000081f00000|100%| O|  |TAMS 0x0000000081f00000, 0x0000000081e00000| Untracked 
|  31|0x0000000081f00000, 0x0000000082000000, 0x0000000082000000|100%| O|  |TAMS 0x0000000082000000, 0x0000000081f00000| Untracked 
|  32|0x0000000082000000, 0x0000000082100000, 0x0000000082100000|100%|HS|  |TAMS 0x0000000082100000, 0x0000000082000000| Complete 
|  33|0x0000000082100000, 0x0000000082200000, 0x0000000082200000|100%| O|  |TAMS 0x0000000082200000, 0x0000000082100000| Untracked 
|  34|0x0000000082200000, 0x0000000082300000, 0x0000000082300000|100%|HS|  |TAMS 0x0000000082300000, 0x0000000082200000| Complete 
|  35|0x0000000082300000, 0x0000000082400000, 0x0000000082400000|100%|HS|  |TAMS 0x0000000082400000, 0x0000000082300000| Complete 
|  36|0x0000000082400000, 0x0000000082500000, 0x0000000082500000|100%|HC|  |TAMS 0x0000000082500000, 0x0000000082400000| Complete 
|  37|0x0000000082500000, 0x0000000082600000, 0x0000000082600000|100%| O|  |TAMS 0x0000000082600000, 0x0000000082500000| Untracked 
|  38|0x0000000082600000, 0x0000000082700000, 0x0000000082700000|100%| O|  |TAMS 0x0000000082700000, 0x0000000082600000| Untracked 
|  39|0x0000000082700000, 0x0000000082800000, 0x0000000082800000|100%| O|  |TAMS 0x0000000082800000, 0x0000000082700000| Untracked 
|  40|0x0000000082800000, 0x0000000082900000, 0x0000000082900000|100%| O|  |TAMS 0x0000000082900000, 0x0000000082800000| Untracked 
|  41|0x0000000082900000, 0x0000000082a00000, 0x0000000082a00000|100%| O|  |TAMS 0x0000000082a00000, 0x0000000082900000| Untracked 
|  42|0x0000000082a00000, 0x0000000082b00000, 0x0000000082b00000|100%| O|  |TAMS 0x0000000082b00000, 0x0000000082a00000| Untracked 
|  43|0x0000000082b00000, 0x0000000082c00000, 0x0000000082c00000|100%| O|  |TAMS 0x0000000082c00000, 0x0000000082b00000| Untracked 
|  44|0x0000000082c00000, 0x0000000082d00000, 0x0000000082d00000|100%| O|  |TAMS 0x0000000082d00000, 0x0000000082c00000| Untracked 
|  45|0x0000000082d00000, 0x0000000082e00000, 0x0000000082e00000|100%| O|  |TAMS 0x0000000082e00000, 0x0000000082d00000| Untracked 
|  46|0x0000000082e00000, 0x0000000082f00000, 0x0000000082f00000|100%| O|  |TAMS 0x0000000082f00000, 0x0000000082e00000| Untracked 
|  47|0x0000000082f00000, 0x0000000083000000, 0x0000000083000000|100%| O|  |TAMS 0x0000000083000000, 0x0000000082f00000| Untracked 
|  48|0x0000000083000000, 0x0000000083100000, 0x0000000083100000|100%| O|  |TAMS 0x0000000083000000, 0x0000000083000000| Untracked 
|  49|0x0000000083100000, 0x0000000083200000, 0x0000000083200000|100%| O|  |TAMS 0x0000000083100000, 0x0000000083100000| Untracked 
|  50|0x0000000083200000, 0x0000000083271e00, 0x0000000083300000| 44%| O|  |TAMS 0x0000000083200000, 0x0000000083200000| Untracked 
|  51|0x0000000083300000, 0x0000000083400000, 0x0000000083400000|100%| O|  |TAMS 0x00000000833e4e00, 0x0000000083300000| Untracked 
|  52|0x0000000083400000, 0x0000000083400000, 0x0000000083500000|  0%| F|  |TAMS 0x0000000083400000, 0x0000000083400000| Untracked 
|  53|0x0000000083500000, 0x0000000083500000, 0x0000000083600000|  0%| F|  |TAMS 0x0000000083500000, 0x0000000083500000| Untracked 
|  54|0x0000000083600000, 0x0000000083600000, 0x0000000083700000|  0%| F|  |TAMS 0x0000000083600000, 0x0000000083600000| Untracked 
|  55|0x0000000083700000, 0x0000000083700000, 0x0000000083800000|  0%| F|  |TAMS 0x0000000083700000, 0x0000000083700000| Untracked 
|  56|0x0000000083800000, 0x0000000083800000, 0x0000000083900000|  0%| F|  |TAMS 0x0000000083800000, 0x0000000083800000| Untracked 
|  57|0x0000000083900000, 0x0000000083900000, 0x0000000083a00000|  0%| F|  |TAMS 0x0000000083900000, 0x0000000083900000| Untracked 
|  58|0x0000000083a00000, 0x0000000083a00000, 0x0000000083b00000|  0%| F|  |TAMS 0x0000000083a00000, 0x0000000083a00000| Untracked 
|  59|0x0000000083b00000, 0x0000000083b00000, 0x0000000083c00000|  0%| F|  |TAMS 0x0000000083b00000, 0x0000000083b00000| Untracked 
|  60|0x0000000083c00000, 0x0000000083c00000, 0x0000000083d00000|  0%| F|  |TAMS 0x0000000083c00000, 0x0000000083c00000| Untracked 
|  61|0x0000000083d00000, 0x0000000083d00000, 0x0000000083e00000|  0%| F|  |TAMS 0x0000000083d00000, 0x0000000083d00000| Untracked 
|  62|0x0000000083e00000, 0x0000000083e00000, 0x0000000083f00000|  0%| F|  |TAMS 0x0000000083e00000, 0x0000000083e00000| Untracked 
|  63|0x0000000083f00000, 0x0000000083f00000, 0x0000000084000000|  0%| F|  |TAMS 0x0000000083f00000, 0x0000000083f00000| Untracked 
|  64|0x0000000084000000, 0x0000000084000000, 0x0000000084100000|  0%| F|  |TAMS 0x0000000084000000, 0x0000000084000000| Untracked 
|  65|0x0000000084100000, 0x0000000084100000, 0x0000000084200000|  0%| F|  |TAMS 0x0000000084100000, 0x0000000084100000| Untracked 
|  66|0x0000000084200000, 0x0000000084200000, 0x0000000084300000|  0%| F|  |TAMS 0x0000000084200000, 0x0000000084200000| Untracked 
|  67|0x0000000084300000, 0x0000000084300000, 0x0000000084400000|  0%| F|  |TAMS 0x0000000084300000, 0x0000000084300000| Untracked 
|  68|0x0000000084400000, 0x0000000084400000, 0x0000000084500000|  0%| F|  |TAMS 0x0000000084400000, 0x0000000084400000| Untracked 
|  69|0x0000000084500000, 0x0000000084500000, 0x0000000084600000|  0%| F|  |TAMS 0x0000000084500000, 0x0000000084500000| Untracked 
|  70|0x0000000084600000, 0x0000000084600000, 0x0000000084700000|  0%| F|  |TAMS 0x0000000084600000, 0x0000000084600000| Untracked 
|  71|0x0000000084700000, 0x0000000084700000, 0x0000000084800000|  0%| F|  |TAMS 0x0000000084700000, 0x0000000084700000| Untracked 
|  72|0x0000000084800000, 0x0000000084800000, 0x0000000084900000|  0%| F|  |TAMS 0x0000000084800000, 0x0000000084800000| Untracked 
|  73|0x0000000084900000, 0x000000008491d4a0, 0x0000000084a00000| 11%| S|CS|TAMS 0x0000000084900000, 0x0000000084900000| Complete 
|  74|0x0000000084a00000, 0x0000000084b00000, 0x0000000084b00000|100%| S|CS|TAMS 0x0000000084a00000, 0x0000000084a00000| Complete 
|  75|0x0000000084b00000, 0x0000000084c00000, 0x0000000084c00000|100%| S|CS|TAMS 0x0000000084b00000, 0x0000000084b00000| Complete 
|  76|0x0000000084c00000, 0x0000000084c00000, 0x0000000084d00000|  0%| F|  |TAMS 0x0000000084c00000, 0x0000000084c00000| Untracked 
|  77|0x0000000084d00000, 0x0000000084d00000, 0x0000000084e00000|  0%| F|  |TAMS 0x0000000084d00000, 0x0000000084d00000| Untracked 
|  78|0x0000000084e00000, 0x0000000084e00000, 0x0000000084f00000|  0%| F|  |TAMS 0x0000000084e00000, 0x0000000084e00000| Untracked 
|  79|0x0000000084f00000, 0x0000000084f00000, 0x0000000085000000|  0%| F|  |TAMS 0x0000000084f00000, 0x0000000084f00000| Untracked 
|  80|0x0000000085000000, 0x0000000085080800, 0x0000000085100000| 50%| E|  |TAMS 0x0000000085000000, 0x0000000085000000| Complete 
|  81|0x0000000085100000, 0x0000000085200000, 0x0000000085200000|100%| E|CS|TAMS 0x0000000085100000, 0x0000000085100000| Complete 
|  82|0x0000000085200000, 0x0000000085300000, 0x0000000085300000|100%| E|CS|TAMS 0x0000000085200000, 0x0000000085200000| Complete 
|  83|0x0000000085300000, 0x0000000085400000, 0x0000000085400000|100%| E|CS|TAMS 0x0000000085300000, 0x0000000085300000| Complete 
|  84|0x0000000085400000, 0x0000000085500000, 0x0000000085500000|100%| E|CS|TAMS 0x0000000085400000, 0x0000000085400000| Complete 
|  85|0x0000000085500000, 0x0000000085600000, 0x0000000085600000|100%| E|CS|TAMS 0x0000000085500000, 0x0000000085500000| Complete 
|  86|0x0000000085600000, 0x0000000085700000, 0x0000000085700000|100%| E|CS|TAMS 0x0000000085600000, 0x0000000085600000| Complete 
|  87|0x0000000085700000, 0x0000000085800000, 0x0000000085800000|100%| E|CS|TAMS 0x0000000085700000, 0x0000000085700000| Complete 
|  88|0x0000000085800000, 0x0000000085900000, 0x0000000085900000|100%| E|CS|TAMS 0x0000000085800000, 0x0000000085800000| Complete 
|  89|0x0000000085900000, 0x0000000085a00000, 0x0000000085a00000|100%| E|CS|TAMS 0x0000000085900000, 0x0000000085900000| Complete 
|  90|0x0000000085a00000, 0x0000000085b00000, 0x0000000085b00000|100%| E|CS|TAMS 0x0000000085a00000, 0x0000000085a00000| Complete 
|  91|0x0000000085b00000, 0x0000000085c00000, 0x0000000085c00000|100%| E|CS|TAMS 0x0000000085b00000, 0x0000000085b00000| Complete 
|  92|0x0000000085c00000, 0x0000000085d00000, 0x0000000085d00000|100%| E|CS|TAMS 0x0000000085c00000, 0x0000000085c00000| Complete 
|  93|0x0000000085d00000, 0x0000000085e00000, 0x0000000085e00000|100%| E|CS|TAMS 0x0000000085d00000, 0x0000000085d00000| Complete 
|  94|0x0000000085e00000, 0x0000000085f00000, 0x0000000085f00000|100%| E|CS|TAMS 0x0000000085e00000, 0x0000000085e00000| Complete 
| 163|0x000000008a300000, 0x000000008a400000, 0x000000008a400000|100%| E|CS|TAMS 0x000000008a300000, 0x000000008a300000| Complete 
| 164|0x000000008a400000, 0x000000008a500000, 0x000000008a500000|100%| E|CS|TAMS 0x000000008a400000, 0x000000008a400000| Complete 
| 165|0x000000008a500000, 0x000000008a600000, 0x000000008a600000|100%| E|CS|TAMS 0x000000008a500000, 0x000000008a500000| Complete 
| 166|0x000000008a600000, 0x000000008a700000, 0x000000008a700000|100%| E|CS|TAMS 0x000000008a600000, 0x000000008a600000| Complete 
| 167|0x000000008a700000, 0x000000008a800000, 0x000000008a800000|100%| E|CS|TAMS 0x000000008a700000, 0x000000008a700000| Complete 
| 168|0x000000008a800000, 0x000000008a900000, 0x000000008a900000|100%| E|CS|TAMS 0x000000008a800000, 0x000000008a800000| Complete 
| 169|0x000000008a900000, 0x000000008aa00000, 0x000000008aa00000|100%| E|CS|TAMS 0x000000008a900000, 0x000000008a900000| Complete 
| 170|0x000000008aa00000, 0x000000008ab00000, 0x000000008ab00000|100%| E|CS|TAMS 0x000000008aa00000, 0x000000008aa00000| Complete 
| 171|0x000000008ab00000, 0x000000008ac00000, 0x000000008ac00000|100%| E|CS|TAMS 0x000000008ab00000, 0x000000008ab00000| Complete 
| 172|0x000000008ac00000, 0x000000008ad00000, 0x000000008ad00000|100%| E|CS|TAMS 0x000000008ac00000, 0x000000008ac00000| Complete 
| 173|0x000000008ad00000, 0x000000008ae00000, 0x000000008ae00000|100%| E|CS|TAMS 0x000000008ad00000, 0x000000008ad00000| Complete 
| 223|0x000000008df00000, 0x000000008e000000, 0x000000008e000000|100%| E|CS|TAMS 0x000000008df00000, 0x000000008df00000| Complete 

Card table byte_map: [0x0000011c98840000,0x0000011c98c40000] _byte_map_base: 0x0000011c98440000

Marking Bits (Prev, Next): (CMBitMap*) 0x0000011cfee04378, (CMBitMap*) 0x0000011cfee04338
 Prev Bits: [0x0000011c9b040000, 0x0000011c9d040000)
 Next Bits: [0x0000011c99040000, 0x0000011c9b040000)

Polling page: 0x0000011cfe9f0000

Metaspace:

Usage:
  Non-class:     52.60 MB capacity,    51.61 MB ( 98%) used,   860.38 KB (  2%) free+waste,   159.88 KB ( <1%) overhead. 
      Class:      8.68 MB capacity,     8.10 MB ( 93%) used,   519.70 KB (  6%) free+waste,    76.75 KB ( <1%) overhead. 
       Both:     61.28 MB capacity,    59.70 MB ( 97%) used,     1.35 MB (  2%) free+waste,   236.63 KB ( <1%) overhead. 

Virtual space:
  Non-class space:       54.00 MB reserved,      52.75 MB ( 98%) committed 
      Class space:        1.00 GB reserved,       8.75 MB ( <1%) committed 
             Both:        1.05 GB reserved,      61.50 MB (  6%) committed 

Chunk freelists:
   Non-Class:  24.00 KB
       Class:  7.00 KB
        Both:  31.00 KB

MaxMetaspaceSize: 17179869184.00 GB
CompressedClassSpaceSize: 1.00 GB

CodeHeap 'non-profiled nmethods': size=120000Kb used=3924Kb max_used=3930Kb free=116076Kb
 bounds [0x0000011c91310000, 0x0000011c916f0000, 0x0000011c98840000]
CodeHeap 'profiled nmethods': size=120000Kb used=14009Kb max_used=14009Kb free=105990Kb
 bounds [0x0000011c89de0000, 0x0000011c8ab90000, 0x0000011c91310000]
CodeHeap 'non-nmethods': size=5760Kb used=2378Kb max_used=2440Kb free=3381Kb
 bounds [0x0000011c89840000, 0x0000011c89ab0000, 0x0000011c89de0000]
 total_blobs=9635 nmethods=6220 adapters=769
 compilation: enabled
              stopped_count=0, restarted_count=0
 full_count=0

Compilation events (20 events):
Event: 8.607 Thread 0x0000011ca01e3800 6715       3       org.codehaus.groovy.reflection.CachedClass$3$$Lambda$275/0x0000000800ef8440::get$Lambda (9 bytes)
Event: 8.607 Thread 0x0000011ca01e3800 nmethod 6715 0x0000011c8ab63d10 code [0x0000011c8ab63ec0, 0x0000011c8ab64178]
Event: 8.621 Thread 0x0000011ca01e3800 6717       3       java.beans.Introspector::processPropertyDescriptors (960 bytes)
Event: 8.629 Thread 0x0000011ca01e3800 nmethod 6717 0x0000011c8ab64290 code [0x0000011c8ab65020, 0x0000011c8ab70720]
Event: 8.629 Thread 0x0000011ca01e3800 6718       3       org.codehaus.groovy.util.ComplexKeyHashMap::resize (103 bytes)
Event: 8.629 Thread 0x0000011ca01e3800 nmethod 6718 0x0000011c8ab73590 code [0x0000011c8ab73760, 0x0000011c8ab73db8]
Event: 8.630 Thread 0x0000011ca01e3800 6721       3       jdk.internal.loader.URLClassPath$JarLoader::validIndex (94 bytes)
Event: 8.631 Thread 0x0000011ca01e3800 nmethod 6721 0x0000011c8ab73f90 code [0x0000011c8ab742c0, 0x0000011c8ab756d0]
Event: 8.636 Thread 0x0000011ca01e3800 6727       3       groovyjarjarasm.asm.SymbolTable::addType (81 bytes)
Event: 8.636 Thread 0x0000011ca01e3800 nmethod 6727 0x0000011c8ab75d90 code [0x0000011c8ab75fa0, 0x0000011c8ab76600]
Event: 8.636 Thread 0x0000011ca01e3800 6728       3       groovyjarjarasm.asm.SymbolTable::put (150 bytes)
Event: 8.637 Thread 0x0000011ca01e3800 nmethod 6728 0x0000011c8ab76910 code [0x0000011c8ab76b00, 0x0000011c8ab77438]
Event: 8.637 Thread 0x0000011ca01e3800 6729       1       groovyjarjarasm.asm.SymbolTable::getMajorVersion (5 bytes)
Event: 8.637 Thread 0x0000011ca01e3800 nmethod 6729 0x0000011c91477690 code [0x0000011c91477820, 0x0000011c91477958]
Event: 8.637 Thread 0x0000011ca01e3800 6730       3       org.codehaus.groovy.vmplugin.v9.Java9::checkAccessible (190 bytes)
Event: 8.640 Thread 0x0000011ca01e3800 nmethod 6730 0x0000011c8ab77710 code [0x0000011c8ab77b80, 0x0000011c8ab7a070]
Event: 8.640 Thread 0x0000011ca01e3800 6732       2       java.beans.WeakIdentityMap::getIndex (7 bytes)
Event: 8.640 Thread 0x0000011ca01e3800 nmethod 6732 0x0000011c8a312290 code [0x0000011c8a312420, 0x0000011c8a312558]
Event: 8.640 Thread 0x0000011ca01e3800 6733       2       java.beans.ThreadGroupContext::getContext (16 bytes)
Event: 8.640 Thread 0x0000011ca01e3800 nmethod 6733 0x0000011c8ab7ab10 code [0x0000011c8ab7acc0, 0x0000011c8ab7ae70]

GC Heap History (20 events):
Event: 5.957 GC heap before
{Heap before GC invocations=13 (full 0):
 garbage-first heap   total 75776K, used 35842K [0x0000000080000000, 0x0000000100000000)
  region size 1024K, 5 young (5120K), 3 survivors (3072K)
 Metaspace       used 39611K, capacity 40841K, committed 40960K, reserved 1085440K
  class space    used 5407K, capacity 5846K, committed 5888K, reserved 1048576K
}
Event: 5.960 GC heap after
{Heap after GC invocations=14 (full 0):
 garbage-first heap   total 75776K, used 36065K [0x0000000080000000, 0x0000000100000000)
  region size 1024K, 3 young (3072K), 3 survivors (3072K)
 Metaspace       used 39611K, capacity 40841K, committed 40960K, reserved 1085440K
  class space    used 5407K, capacity 5846K, committed 5888K, reserved 1048576K
}
Event: 6.205 GC heap before
{Heap before GC invocations=15 (full 0):
 garbage-first heap   total 75776K, used 58593K [0x0000000080000000, 0x0000000100000000)
  region size 1024K, 23 young (23552K), 3 survivors (3072K)
 Metaspace       used 40605K, capacity 41954K, committed 42240K, reserved 1085440K
  class space    used 5541K, capacity 6055K, committed 6144K, reserved 1048576K
}
Event: 6.209 GC heap after
{Heap after GC invocations=16 (full 0):
 garbage-first heap   total 75776K, used 44064K [0x0000000080000000, 0x0000000100000000)
  region size 1024K, 3 young (3072K), 3 survivors (3072K)
 Metaspace       used 40605K, capacity 41954K, committed 42240K, reserved 1085440K
  class space    used 5541K, capacity 6055K, committed 6144K, reserved 1048576K
}
Event: 6.218 GC heap before
{Heap before GC invocations=16 (full 0):
 garbage-first heap   total 75776K, used 45088K [0x0000000080000000, 0x0000000100000000)
  region size 1024K, 4 young (4096K), 3 survivors (3072K)
 Metaspace       used 40704K, capacity 42018K, committed 42240K, reserved 1085440K
  class space    used 5565K, capacity 6055K, committed 6144K, reserved 1048576K
}
Event: 6.225 GC heap after
{Heap after GC invocations=17 (full 0):
 garbage-first heap   total 91136K, used 42096K [0x0000000080000000, 0x0000000100000000)
  region size 1024K, 1 young (1024K), 1 survivors (1024K)
 Metaspace       used 40704K, capacity 42018K, committed 42240K, reserved 1085440K
  class space    used 5565K, capacity 6055K, committed 6144K, reserved 1048576K
}
Event: 6.494 GC heap before
{Heap before GC invocations=17 (full 0):
 garbage-first heap   total 91136K, used 65648K [0x0000000080000000, 0x0000000100000000)
  region size 1024K, 24 young (24576K), 1 survivors (1024K)
 Metaspace       used 43845K, capacity 45149K, committed 45312K, reserved 1087488K
  class space    used 5934K, capacity 6393K, committed 6400K, reserved 1048576K
}
Event: 6.498 GC heap after
{Heap after GC invocations=18 (full 0):
 garbage-first heap   total 91136K, used 42646K [0x0000000080000000, 0x0000000100000000)
  region size 1024K, 1 young (1024K), 1 survivors (1024K)
 Metaspace       used 43845K, capacity 45149K, committed 45312K, reserved 1087488K
  class space    used 5934K, capacity 6393K, committed 6400K, reserved 1048576K
}
Event: 6.808 GC heap before
{Heap before GC invocations=19 (full 0):
 garbage-first heap   total 91136K, used 68246K [0x0000000080000000, 0x0000000100000000)
  region size 1024K, 26 young (26624K), 1 survivors (1024K)
 Metaspace       used 47607K, capacity 48882K, committed 49152K, reserved 1091584K
  class space    used 6383K, capacity 6849K, committed 6912K, reserved 1048576K
}
Event: 6.810 GC heap after
{Heap after GC invocations=20 (full 0):
 garbage-first heap   total 91136K, used 43443K [0x0000000080000000, 0x0000000100000000)
  region size 1024K, 2 young (2048K), 2 survivors (2048K)
 Metaspace       used 47607K, capacity 48882K, committed 49152K, reserved 1091584K
  class space    used 6383K, capacity 6849K, committed 6912K, reserved 1048576K
}
Event: 7.179 GC heap before
{Heap before GC invocations=20 (full 0):
 garbage-first heap   total 91136K, used 68019K [0x0000000080000000, 0x0000000100000000)
  region size 1024K, 27 young (27648K), 2 survivors (2048K)
 Metaspace       used 51377K, capacity 52712K, committed 52992K, reserved 1095680K
  class space    used 6873K, capacity 7398K, committed 7424K, reserved 1048576K
}
Event: 7.184 GC heap after
{Heap after GC invocations=21 (full 0):
 garbage-first heap   total 91136K, used 45611K [0x0000000080000000, 0x0000000100000000)
  region size 1024K, 4 young (4096K), 4 survivors (4096K)
 Metaspace       used 51377K, capacity 52712K, committed 52992K, reserved 1095680K
  class space    used 6873K, capacity 7398K, committed 7424K, reserved 1048576K
}
Event: 7.477 GC heap before
{Heap before GC invocations=22 (full 0):
 garbage-first heap   total 91136K, used 70187K [0x0000000080000000, 0x0000000100000000)
  region size 1024K, 29 young (29696K), 4 survivors (4096K)
 Metaspace       used 53447K, capacity 54868K, committed 55040K, reserved 1097728K
  class space    used 7130K, capacity 7661K, committed 7680K, reserved 1048576K
}
Event: 7.482 GC heap after
{Heap after GC invocations=23 (full 0):
 garbage-first heap   total 109568K, used 47672K [0x0000000080000000, 0x0000000100000000)
  region size 1024K, 3 young (3072K), 3 survivors (3072K)
 Metaspace       used 53447K, capacity 54868K, committed 55040K, reserved 1097728K
  class space    used 7130K, capacity 7661K, committed 7680K, reserved 1048576K
}
Event: 7.812 GC heap before
{Heap before GC invocations=23 (full 0):
 garbage-first heap   total 109568K, used 79416K [0x0000000080000000, 0x0000000100000000)
  region size 1024K, 34 young (34816K), 3 survivors (3072K)
 Metaspace       used 55264K, capacity 56645K, committed 56832K, reserved 1097728K
  class space    used 7362K, capacity 7907K, committed 7936K, reserved 1048576K
}
Event: 7.815 GC heap after
{Heap after GC invocations=24 (full 0):
 garbage-first heap   total 109568K, used 49912K [0x0000000080000000, 0x0000000100000000)
  region size 1024K, 5 young (5120K), 5 survivors (5120K)
 Metaspace       used 55264K, capacity 56645K, committed 56832K, reserved 1097728K
  class space    used 7362K, capacity 7907K, committed 7936K, reserved 1048576K
}
Event: 8.075 GC heap before
{Heap before GC invocations=24 (full 0):
 garbage-first heap   total 109568K, used 81656K [0x0000000080000000, 0x0000000100000000)
  region size 1024K, 36 young (36864K), 5 survivors (5120K)
 Metaspace       used 56672K, capacity 58159K, committed 58368K, reserved 1099776K
  class space    used 7559K, capacity 8113K, committed 8192K, reserved 1048576K
}
Event: 8.079 GC heap after
{Heap after GC invocations=25 (full 0):
 garbage-first heap   total 109568K, used 52656K [0x0000000080000000, 0x0000000100000000)
  region size 1024K, 5 young (5120K), 5 survivors (5120K)
 Metaspace       used 56672K, capacity 58159K, committed 58368K, reserved 1099776K
  class space    used 7559K, capacity 8113K, committed 8192K, reserved 1048576K
}
Event: 8.581 GC heap before
{Heap before GC invocations=25 (full 0):
 garbage-first heap   total 109568K, used 84400K [0x0000000080000000, 0x0000000100000000)
  region size 1024K, 36 young (36864K), 5 survivors (5120K)
 Metaspace       used 60663K, capacity 62194K, committed 62336K, reserved 1103872K
  class space    used 8232K, capacity 8812K, committed 8832K, reserved 1048576K
}
Event: 8.585 GC heap after
{Heap after GC invocations=26 (full 0):
 garbage-first heap   total 109568K, used 54844K [0x0000000080000000, 0x0000000100000000)
  region size 1024K, 3 young (3072K), 3 survivors (3072K)
 Metaspace       used 60663K, capacity 62194K, committed 62336K, reserved 1103872K
  class space    used 8232K, capacity 8812K, committed 8832K, reserved 1048576K
}

Deoptimization events (20 events):
Event: 7.902 Thread 0x0000011ca24e9800 Uncommon trap: trap_request=0xfffffff4 fr.pc=0x0000011c914f46b0 relative=0x00000000000009b0
Event: 7.902 Thread 0x0000011ca24e9800 Uncommon trap: reason=null_check action=make_not_entrant pc=0x0000011c914f46b0 method=com.sun.beans.introspect.MethodInfo$MethodOrder.compare(Ljava/lang/reflect/Method;Ljava/lang/reflect/Method;)I @ 133 c2
Event: 7.902 Thread 0x0000011ca24e9800 DEOPT PACKING pc=0x0000011c914f46b0 sp=0x00000004d73f3cb0
Event: 7.902 Thread 0x0000011ca24e9800 DEOPT UNPACKING pc=0x0000011c8988912f sp=0x00000004d73f3c60 mode 2
Event: 8.529 Thread 0x0000011ca24e9800 Uncommon trap: trap_request=0xffffffde fr.pc=0x0000011c9165c01c relative=0x00000000000013fc
Event: 8.529 Thread 0x0000011ca24e9800 Uncommon trap: reason=class_check action=maybe_recompile pc=0x0000011c9165c01c method=org.gradle.internal.instantiation.generator.AbstractClassGenerator$InjectionAnnotationValidator.validateMethod(Ljava/lang/reflect/Method;Lorg/gradle/internal/reflect/Pro
Event: 8.529 Thread 0x0000011ca24e9800 DEOPT PACKING pc=0x0000011c9165c01c sp=0x00000004d73f8900
Event: 8.529 Thread 0x0000011ca24e9800 DEOPT UNPACKING pc=0x0000011c8988912f sp=0x00000004d73f88d8 mode 2
Event: 8.546 Thread 0x0000011ca24e9800 Uncommon trap: trap_request=0xffffffde fr.pc=0x0000011c9165c01c relative=0x00000000000013fc
Event: 8.546 Thread 0x0000011ca24e9800 Uncommon trap: reason=class_check action=maybe_recompile pc=0x0000011c9165c01c method=org.gradle.internal.instantiation.generator.AbstractClassGenerator$InjectionAnnotationValidator.validateMethod(Ljava/lang/reflect/Method;Lorg/gradle/internal/reflect/Pro
Event: 8.546 Thread 0x0000011ca24e9800 DEOPT PACKING pc=0x0000011c9165c01c sp=0x00000004d73f8970
Event: 8.546 Thread 0x0000011ca24e9800 DEOPT UNPACKING pc=0x0000011c8988912f sp=0x00000004d73f8948 mode 2
Event: 8.562 Thread 0x0000011ca24e9800 DEOPT PACKING pc=0x0000011c8a9b8996 sp=0x00000004d73f8db0
Event: 8.562 Thread 0x0000011ca24e9800 DEOPT UNPACKING pc=0x0000011c8988964e sp=0x00000004d73f8350 mode 0
Event: 8.623 Thread 0x0000011ca24e9800 DEOPT PACKING pc=0x0000011c8a3ad93a sp=0x00000004d73f6f70
Event: 8.623 Thread 0x0000011ca24e9800 DEOPT UNPACKING pc=0x0000011c8988964e sp=0x00000004d73f6470 mode 0
Event: 8.638 Thread 0x0000011ca24e9800 DEOPT PACKING pc=0x0000011c8a3ad93a sp=0x00000004d73f6e30
Event: 8.638 Thread 0x0000011ca24e9800 DEOPT UNPACKING pc=0x0000011c8988964e sp=0x00000004d73f6330 mode 0
Event: 8.639 Thread 0x0000011ca24e9800 DEOPT PACKING pc=0x0000011c89e1c796 sp=0x00000004d73f6d90
Event: 8.639 Thread 0x0000011ca24e9800 DEOPT UNPACKING pc=0x0000011c8988964e sp=0x00000004d73f6330 mode 0

Classes unloaded (20 events):
Event: 6.526 Thread 0x0000011c9f9be800 Unloading class 0x00000008010e6c40 'org/gradle/api/internal/artifacts/ivyservice/ivyresolve/ErrorHandlingModuleComponentRepository$ErrorHandlingModuleComponentRepositoryAccess$$Lambda$566'
Event: 6.526 Thread 0x0000011c9f9be800 Unloading class 0x00000008010e6840 'org/gradle/api/internal/artifacts/ivyservice/ivyresolve/ErrorHandlingModuleComponentRepository$ErrorHandlingModuleComponentRepositoryAccess$$Lambda$565'
Event: 6.526 Thread 0x0000011c9f9be800 Unloading class 0x00000008010e6440 'org/gradle/api/internal/artifacts/ivyservice/ivyresolve/ErrorHandlingModuleComponentRepository$ErrorHandlingModuleComponentRepositoryAccess$$Lambda$564'
Event: 6.526 Thread 0x0000011c9f9be800 Unloading class 0x00000008010e6040 'org/gradle/api/internal/artifacts/ivyservice/ivyresolve/ErrorHandlingModuleComponentRepository$ErrorHandlingModuleComponentRepositoryAccess$$Lambda$563'
Event: 6.526 Thread 0x0000011c9f9be800 Unloading class 0x00000008010e5840 'org/gradle/api/internal/artifacts/ivyservice/ivyresolve/ErrorHandlingModuleComponentRepository$ErrorHandlingModuleComponentRepositoryAccess$$Lambda$562'
Event: 6.526 Thread 0x0000011c9f9be800 Unloading class 0x00000008010e5440 'org/gradle/internal/model/CalculatedValueContainer$CalculationState$$Lambda$560'
Event: 6.526 Thread 0x0000011c9f9be800 Unloading class 0x00000008010e5040 'org/gradle/internal/model/CalculatedValueContainer$CalculationState$$Lambda$559'
Event: 6.526 Thread 0x0000011c9f9be800 Unloading class 0x00000008010e4c40 'org/gradle/internal/model/CalculatedValueContainer$CalculationState$$Lambda$558'
Event: 6.526 Thread 0x0000011c9f9be800 Unloading class 0x00000008010e4840 'org/gradle/internal/model/CalculatedValueContainer$CalculationState$$Lambda$557'
Event: 6.526 Thread 0x0000011c9f9be800 Unloading class 0x00000008010e4040 'org/gradle/internal/model/CalculatedValueContainer$CalculationState$$Lambda$556'
Event: 6.526 Thread 0x0000011c9f9be800 Unloading class 0x00000008010e3c40 'org/gradle/internal/operations/DefaultBuildOperationQueue$WorkerRunnable$$Lambda$554'
Event: 6.526 Thread 0x0000011c9f9be800 Unloading class 0x00000008010e3840 'org/gradle/internal/operations/DefaultBuildOperationQueue$WorkerRunnable$$Lambda$553'
Event: 6.526 Thread 0x0000011c9f9be800 Unloading class 0x00000008010e3040 'org/gradle/internal/operations/DefaultBuildOperationQueue$WorkerRunnable$$Lambda$550'
Event: 6.526 Thread 0x0000011c9f9be800 Unloading class 0x00000008010e2c40 'org/gradle/internal/operations/DefaultBuildOperationQueue$WorkerRunnable$$Lambda$552'
Event: 6.526 Thread 0x0000011c9f9be800 Unloading class 0x00000008010e2840 'org/gradle/internal/operations/DefaultBuildOperationQueue$WorkerRunnable$$Lambda$549'
Event: 6.526 Thread 0x0000011c9f9be800 Unloading class 0x00000008010e2440 'org/gradle/internal/operations/DefaultBuildOperationQueue$WorkerRunnable$$Lambda$548'
Event: 6.526 Thread 0x0000011c9f9be800 Unloading class 0x00000008010e2040 'org/gradle/internal/operations/DefaultBuildOperationQueue$WorkerRunnable$$Lambda$547'
Event: 6.526 Thread 0x0000011c9f9be800 Unloading class 0x00000008010e1c40 'org/gradle/internal/operations/DefaultBuildOperationQueue$WorkerRunnable$$Lambda$546'
Event: 6.526 Thread 0x0000011c9f9be800 Unloading class 0x00000008010e1440 'org/gradle/internal/operations/DefaultBuildOperationQueue$WorkerRunnable$$Lambda$543'
Event: 6.526 Thread 0x0000011c9f9be800 Unloading class 0x00000008010e1040 'org/gradle/internal/operations/DefaultBuildOperationQueue$WorkerRunnable$$Lambda$544'

Classes redefined (0 events):
No events

Internal exceptions (20 events):
Event: 8.599 Thread 0x0000011ca24e9800 Exception <a 'java/lang/ClassNotFoundException'{0x000000008ac4e9f8}: groovy/lang/GString$1BeanInfo> (0x000000008ac4e9f8) 
thrown [t:/workspace/open/src/hotspot/share/classfile/systemDictionary.cpp, line 232]
Event: 8.600 Thread 0x0000011ca24e9800 Exception <a 'java/lang/ClassNotFoundException'{0x000000008ac71840}: groovy/lang/GStringBeanInfo> (0x000000008ac71840) 
thrown [t:/workspace/open/src/hotspot/share/classfile/systemDictionary.cpp, line 232]
Event: 8.600 Thread 0x0000011ca24e9800 Exception <a 'java/lang/ClassNotFoundException'{0x000000008ac949d0}: groovy/lang/GStringCustomizer> (0x000000008ac949d0) 
thrown [t:/workspace/open/src/hotspot/share/classfile/systemDictionary.cpp, line 232]
Event: 8.602 Thread 0x0000011ca24e9800 Exception <a 'java/lang/ClassNotFoundException'{0x000000008acc2048}: groovy/lang/GString$1Customizer> (0x000000008acc2048) 
thrown [t:/workspace/open/src/hotspot/share/classfile/systemDictionary.cpp, line 232]
Event: 8.610 Thread 0x0000011ca24e9800 Exception <a 'java/lang/ClassNotFoundException'{0x000000008aa15510}: com/android/build/gradle/internal/api/ApplicationVariantImpl_DecoratedBeanInfo> (0x000000008aa15510) 
thrown [t:/workspace/open/src/hotspot/share/classfile/systemDictionary.cpp, line 232]
Event: 8.610 Thread 0x0000011ca24e9800 Exception <a 'java/lang/ClassNotFoundException'{0x000000008aa32910}: com/android/build/gradle/internal/api/ApplicationVariantImplBeanInfo> (0x000000008aa32910) 
thrown [t:/workspace/open/src/hotspot/share/classfile/systemDictionary.cpp, line 232]
Event: 8.611 Thread 0x0000011ca24e9800 Exception <a 'java/lang/ClassNotFoundException'{0x000000008aa4e8b0}: com/android/build/gradle/internal/api/ApkVariantImplBeanInfo> (0x000000008aa4e8b0) 
thrown [t:/workspace/open/src/hotspot/share/classfile/systemDictionary.cpp, line 232]
Event: 8.612 Thread 0x0000011ca24e9800 Exception <a 'java/lang/ClassNotFoundException'{0x000000008aa6bca0}: com/android/build/gradle/internal/api/InstallableVariantImplBeanInfo> (0x000000008aa6bca0) 
thrown [t:/workspace/open/src/hotspot/share/classfile/systemDictionary.cpp, line 232]
Event: 8.612 Thread 0x0000011ca24e9800 Exception <a 'java/lang/ClassNotFoundException'{0x000000008aa8a498}: com/android/build/gradle/internal/api/AndroidArtifactVariantImplBeanInfo> (0x000000008aa8a498) 
thrown [t:/workspace/open/src/hotspot/share/classfile/systemDictionary.cpp, line 232]
Event: 8.613 Thread 0x0000011ca24e9800 Exception <a 'java/lang/ClassNotFoundException'{0x000000008aaa77f8}: com/android/build/gradle/internal/api/BaseVariantImplBeanInfo> (0x000000008aaa77f8) 
thrown [t:/workspace/open/src/hotspot/share/classfile/systemDictionary.cpp, line 232]
Event: 8.613 Thread 0x0000011ca24e9800 Exception <a 'java/lang/ClassNotFoundException'{0x000000008aac4b90}: com/android/build/gradle/internal/api/BaseVariantImplCustomizer> (0x000000008aac4b90) 
thrown [t:/workspace/open/src/hotspot/share/classfile/systemDictionary.cpp, line 232]
Event: 8.615 Thread 0x0000011ca24e9800 Exception <a 'java/lang/ClassNotFoundException'{0x000000008a926150}: com/android/build/gradle/internal/api/AndroidArtifactVariantImplCustomizer> (0x000000008a926150) 
thrown [t:/workspace/open/src/hotspot/share/classfile/systemDictionary.cpp, line 232]
Event: 8.616 Thread 0x0000011ca24e9800 Exception <a 'java/lang/ClassNotFoundException'{0x000000008a958d48}: com/android/build/gradle/internal/api/InstallableVariantImplCustomizer> (0x000000008a958d48) 
thrown [t:/workspace/open/src/hotspot/share/classfile/systemDictionary.cpp, line 232]
Event: 8.617 Thread 0x0000011ca24e9800 Exception <a 'java/lang/ClassNotFoundException'{0x000000008a98f410}: com/android/build/gradle/internal/api/ApkVariantImplCustomizer> (0x000000008a98f410) 
thrown [t:/workspace/open/src/hotspot/share/classfile/systemDictionary.cpp, line 232]
Event: 8.618 Thread 0x0000011ca24e9800 Exception <a 'java/lang/ClassNotFoundException'{0x000000008a9cfd30}: com/android/build/gradle/internal/api/ApplicationVariantImplCustomizer> (0x000000008a9cfd30) 
thrown [t:/workspace/open/src/hotspot/share/classfile/systemDictionary.cpp, line 232]
Event: 8.619 Thread 0x0000011ca24e9800 Exception <a 'java/lang/ClassNotFoundException'{0x000000008a8098f8}: com/android/build/gradle/internal/api/ApplicationVariantImpl_DecoratedCustomizer> (0x000000008a8098f8) 
thrown [t:/workspace/open/src/hotspot/share/classfile/systemDictionary.cpp, line 232]
Event: 8.630 Thread 0x0000011ca24e9800 Exception <a 'java/lang/ClassNotFoundException'{0x000000008a5594d8}: org/codehaus/groovy/runtime/GStringImplBeanInfo> (0x000000008a5594d8) 
thrown [t:/workspace/open/src/hotspot/share/classfile/systemDictionary.cpp, line 232]
Event: 8.634 Thread 0x0000011ca24e9800 Exception <a 'java/lang/ClassNotFoundException'{0x000000008a325bc8}: org/codehaus/groovy/runtime/GStringImplCustomizer> (0x000000008a325bc8) 
thrown [t:/workspace/open/src/hotspot/share/classfile/systemDictionary.cpp, line 232]
Event: 8.639 Thread 0x0000011ca24e9800 Exception <a 'java/lang/ClassNotFoundException'{0x0000000085e5ba00}: java/lang/StringBeanInfo> (0x0000000085e5ba00) 
thrown [t:/workspace/open/src/hotspot/share/classfile/systemDictionary.cpp, line 232]
Event: 8.639 Thread 0x0000011ca24e9800 Exception <a 'java/lang/ClassNotFoundException'{0x0000000085e66e00}: java/lang/StringCustomizer> (0x0000000085e66e00) 
thrown [t:/workspace/open/src/hotspot/share/classfile/systemDictionary.cpp, line 232]

Events (20 events):
Event: 8.637 loading class groovy/runtime/metaclass/java/lang/StringMetaClass
Event: 8.637 loading class groovy/runtime/metaclass/java/lang/StringMetaClass done
Event: 8.639 loading class java/lang/StringBeanInfo
Event: 8.639 loading class java/lang/StringBeanInfo done
Event: 8.639 loading class java/lang/StringBeanInfo
Event: 8.639 loading class java/lang/StringBeanInfo done
Event: 8.639 loading class java/lang/StringCustomizer
Event: 8.639 loading class java/lang/StringCustomizer done
Event: 8.639 loading class java/lang/StringCustomizer
Event: 8.639 loading class java/lang/StringCustomizer done
Event: 8.641 loading class org/codehaus/groovy/runtime/dgm$1160
Event: 8.641 loading class org/codehaus/groovy/runtime/dgm$1160 done
Event: 8.642 loading class com/google/gms/googleservices/GoogleServicesTask
Event: 8.642 loading class com/google/gms/googleservices/GoogleServicesTask done
Event: 8.643 loading class com/google/gms/googleservices/GoogleServicesPlugin$_handleVariant_closure10
Event: 8.643 loading class com/google/gms/googleservices/GoogleServicesPlugin$_handleVariant_closure10 done
Event: 8.644 loading class groovy/runtime/metaclass/com/google/gms/googleservices/GoogleServicesPlugin$_handleVariant_closure10MetaClass
Event: 8.644 loading class groovy/runtime/metaclass/com/google/gms/googleservices/GoogleServicesPlugin$_handleVariant_closure10MetaClass done
Event: 8.644 loading class groovy/runtime/metaclass/org/gradle/api/internal/tasks/DefaultTaskContainer_DecoratedMetaClass
Event: 8.644 loading class groovy/runtime/metaclass/org/gradle/api/internal/tasks/DefaultTaskContainer_DecoratedMetaClass done


Dynamic libraries:
0x00007ff6b9560000 - 0x00007ff6b956f000 	C:\Program Files\Java\jdk-13.0.2\bin\java.exe
0x00007ff86dcb0000 - 0x00007ff86dea5000 	C:\WINDOWS\SYSTEM32\ntdll.dll
0x00007ff86cc40000 - 0x00007ff86ccfe000 	C:\WINDOWS\System32\KERNEL32.DLL
0x00007ff86b470000 - 0x00007ff86b738000 	C:\WINDOWS\System32\KERNELBASE.dll
0x00007ff86b7a0000 - 0x00007ff86b8a0000 	C:\WINDOWS\System32\ucrtbase.dll
0x00007ff863a80000 - 0x00007ff863a98000 	C:\Program Files\Java\jdk-13.0.2\bin\jli.dll
0x00007ff8668c0000 - 0x00007ff8668d5000 	C:\Program Files\Java\jdk-13.0.2\bin\VCRUNTIME140.dll
0x00007ff86c6e0000 - 0x00007ff86c78c000 	C:\WINDOWS\System32\ADVAPI32.dll
0x00007ff86d7c0000 - 0x00007ff86d85e000 	C:\WINDOWS\System32\msvcrt.dll
0x00007ff86d710000 - 0x00007ff86d7ab000 	C:\WINDOWS\System32\sechost.dll
0x00007ff86bdd0000 - 0x00007ff86befa000 	C:\WINDOWS\System32\RPCRT4.dll
0x00007ff86c790000 - 0x00007ff86c931000 	C:\WINDOWS\System32\USER32.dll
0x00007ff86a770000 - 0x00007ff86aa0a000 	C:\WINDOWS\WinSxS\amd64_microsoft.windows.common-controls_6595b64144ccf1df_6.0.19041.1110_none_60b5254171f9507e\COMCTL32.dll
0x00007ff86b740000 - 0x00007ff86b762000 	C:\WINDOWS\System32\win32u.dll
0x00007ff86d4c0000 - 0x00007ff86d4eb000 	C:\WINDOWS\System32\GDI32.dll
0x00007ff86baf0000 - 0x00007ff86bbfb000 	C:\WINDOWS\System32\gdi32full.dll
0x00007ff85f2e0000 - 0x00007ff85f2ea000 	C:\WINDOWS\SYSTEM32\VERSION.dll
0x00007ff86b3d0000 - 0x00007ff86b46d000 	C:\WINDOWS\System32\msvcp_win.dll
0x00007ff86d680000 - 0x00007ff86d6b0000 	C:\WINDOWS\System32\IMM32.DLL
0x00007ff84c950000 - 0x00007ff84c9eb000 	C:\Program Files\Java\jdk-13.0.2\bin\msvcp140.dll
0x00007ff810f50000 - 0x00007ff811aad000 	C:\Program Files\Java\jdk-13.0.2\bin\server\jvm.dll
0x00007ff86c6d0000 - 0x00007ff86c6d8000 	C:\WINDOWS\System32\PSAPI.DLL
0x00007ff85f2b0000 - 0x00007ff85f2d7000 	C:\WINDOWS\SYSTEM32\WINMM.dll
0x00007ff863b20000 - 0x00007ff863b29000 	C:\WINDOWS\SYSTEM32\WSOCK32.dll
0x00007ff86d610000 - 0x00007ff86d67b000 	C:\WINDOWS\System32\WS2_32.dll
0x00007ff868ba0000 - 0x00007ff868bb2000 	C:\WINDOWS\SYSTEM32\kernel.appcore.dll
0x00007ff866820000 - 0x00007ff866830000 	C:\Program Files\Java\jdk-13.0.2\bin\verify.dll
0x00007ff86abd0000 - 0x00007ff86adb4000 	C:\WINDOWS\SYSTEM32\DBGHELP.DLL
0x00007ff86ab00000 - 0x00007ff86ab2c000 	C:\WINDOWS\SYSTEM32\dbgcore.DLL
0x00007ff86b8a0000 - 0x00007ff86b923000 	C:\WINDOWS\System32\bcryptPrimitives.dll
0x00007ff859be0000 - 0x00007ff859c06000 	C:\Program Files\Java\jdk-13.0.2\bin\java.dll
0x00007ff859c20000 - 0x00007ff859c37000 	C:\Program Files\Java\jdk-13.0.2\bin\zip.dll
0x00007ff865d80000 - 0x00007ff865d8a000 	C:\Program Files\Java\jdk-13.0.2\bin\jimage.dll
0x00007ff86cd80000 - 0x00007ff86d4bf000 	C:\WINDOWS\System32\SHELL32.dll
0x00007ff868e80000 - 0x00007ff869610000 	C:\WINDOWS\SYSTEM32\windows.storage.dll
0x00007ff86d910000 - 0x00007ff86dc65000 	C:\WINDOWS\System32\combase.dll
0x00007ff86a6d0000 - 0x00007ff86a6fe000 	C:\WINDOWS\SYSTEM32\Wldp.dll
0x00007ff86d860000 - 0x00007ff86d90d000 	C:\WINDOWS\System32\SHCORE.dll
0x00007ff86d6b0000 - 0x00007ff86d705000 	C:\WINDOWS\System32\shlwapi.dll
0x00007ff86b310000 - 0x00007ff86b32f000 	C:\WINDOWS\SYSTEM32\profapi.dll
0x00007ff859bc0000 - 0x00007ff859bd9000 	C:\Program Files\Java\jdk-13.0.2\bin\net.dll
0x00007ff865c20000 - 0x00007ff865d2c000 	C:\WINDOWS\SYSTEM32\WINHTTP.dll
0x00007ff86a430000 - 0x00007ff86a49a000 	C:\WINDOWS\system32\mswsock.dll
0x00007ff859ba0000 - 0x00007ff859bb3000 	C:\Program Files\Java\jdk-13.0.2\bin\nio.dll
0x00007ff8655e0000 - 0x00007ff865607000 	C:\Users\jeffe\.gradle\native\e1d6ef7f7dcc3fd88c89a11ec53ec762bb8ba0a96d01ffa2cd45eb1d1d8dd5c5\windows-amd64\native-platform.dll
0x00007ff84c580000 - 0x00007ff84c6c4000 	C:\Users\jeffe\.gradle\native\5664cfc778a61ccfe75a443a1ab52a65af34e5dc3c78e0209fed803814484fcb\windows-amd64\native-platform-file-events.dll
0x00007ff8655d0000 - 0x00007ff8655d9000 	C:\Program Files\Java\jdk-13.0.2\bin\management.dll
0x00007ff8653a0000 - 0x00007ff8653ab000 	C:\Program Files\Java\jdk-13.0.2\bin\management_ext.dll
0x00007ff86b080000 - 0x00007ff86b098000 	C:\WINDOWS\SYSTEM32\CRYPTSP.dll
0x00007ff869dd0000 - 0x00007ff869e04000 	C:\WINDOWS\system32\rsaenh.dll
0x00007ff86b770000 - 0x00007ff86b797000 	C:\WINDOWS\System32\bcrypt.dll
0x00007ff86b290000 - 0x00007ff86b2be000 	C:\WINDOWS\SYSTEM32\USERENV.dll
0x00007ff86a620000 - 0x00007ff86a62c000 	C:\WINDOWS\SYSTEM32\CRYPTBASE.dll
0x00007ff86a120000 - 0x00007ff86a15b000 	C:\WINDOWS\SYSTEM32\IPHLPAPI.DLL
0x00007ff86d7b0000 - 0x00007ff86d7b8000 	C:\WINDOWS\System32\NSI.dll
0x00007ff8645b0000 - 0x00007ff8645c7000 	C:\WINDOWS\SYSTEM32\dhcpcsvc6.DLL
0x00007ff864550000 - 0x00007ff86456d000 	C:\WINDOWS\SYSTEM32\dhcpcsvc.DLL
0x00007ff86a160000 - 0x00007ff86a22b000 	C:\WINDOWS\SYSTEM32\DNSAPI.dll

dbghelp: loaded successfully - version: 4.0.5 - missing functions: none
symbol engine: initialized successfully - sym options: 0x614 - pdb path: .;C:\Program Files\Java\jdk-13.0.2\bin;C:\WINDOWS\SYSTEM32;C:\WINDOWS\WinSxS\amd64_microsoft.windows.common-controls_6595b64144ccf1df_6.0.19041.1110_none_60b5254171f9507e;C:\Program Files\Java\jdk-13.0.2\bin\server;C:\Users\jeffe\.gradle\native\e1d6ef7f7dcc3fd88c89a11ec53ec762bb8ba0a96d01ffa2cd45eb1d1d8dd5c5\windows-amd64;C:\Users\jeffe\.gradle\native\5664cfc778a61ccfe75a443a1ab52a65af34e5dc3c78e0209fed803814484fcb\windows-amd64

VM Arguments:
jvm_args: --add-opens=java.base/java.util=ALL-UNNAMED --add-opens=java.base/java.lang=ALL-UNNAMED --add-opens=java.base/java.lang.invoke=ALL-UNNAMED --add-opens=java.base/java.util=ALL-UNNAMED --add-opens=java.prefs/java.util.prefs=ALL-UNNAMED --add-opens=java.prefs/java.util.prefs=ALL-UNNAMED --add-opens=java.base/java.nio.charset=ALL-UNNAMED --add-opens=java.base/java.net=ALL-UNNAMED --add-opens=java.base/java.util.concurrent.atomic=ALL-UNNAMED -Xmx2048m -Dfile.encoding=UTF-8 -Duser.country=PH -Duser.language=en -Duser.variant 
java_command: org.gradle.launcher.daemon.bootstrap.GradleDaemon 7.3.2
java_class_path (initial): C:\Users\jeffe\.gradle\wrapper\dists\gradle-7.3.2-bin\4k4cn06q0rruwh9dpndf9gmi8\gradle-7.3.2\lib\gradle-launcher-7.3.2.jar
Launcher Type: SUN_STANDARD

[Global flags]
     intx CICompilerCount                          = 4                                         {product} {ergonomic}
     uint ConcGCThreads                            = 2                                         {product} {ergonomic}
     uint G1ConcRefinementThreads                  = 8                                         {product} {ergonomic}
   size_t G1HeapRegionSize                         = 1048576                                   {product} {ergonomic}
    uintx GCDrainStackTargetSize                   = 64                                        {product} {ergonomic}
   size_t InitialHeapSize                          = 234881024                                 {product} {ergonomic}
   size_t MarkStackSize                            = 4194304                                   {product} {ergonomic}
   size_t MaxHeapSize                              = 2147483648                                {product} {command line}
   size_t MaxNewSize                               = 1287651328                                {product} {ergonomic}
   size_t MinHeapDeltaBytes                        = 1048576                                   {product} {ergonomic}
   size_t MinHeapSize                              = 8388608                                   {product} {ergonomic}
    uintx NonNMethodCodeHeapSize                   = 5839372                                {pd product} {ergonomic}
    uintx NonProfiledCodeHeapSize                  = 122909434                              {pd product} {ergonomic}
    uintx ProfiledCodeHeapSize                     = 122909434                              {pd product} {ergonomic}
    uintx ReservedCodeCacheSize                    = 251658240                              {pd product} {ergonomic}
     bool SegmentedCodeCache                       = true                                      {product} {ergonomic}
   size_t SoftMaxHeapSize                          = 2147483648                             {manageable} {ergonomic}
     bool UseCompressedClassPointers               = true                                 {lp64_product} {ergonomic}
     bool UseCompressedOops                        = true                                 {lp64_product} {ergonomic}
     bool UseG1GC                                  = true                                      {product} {ergonomic}
     bool UseLargePagesIndividualAllocation        = false                                  {pd product} {ergonomic}

Logging:
Log output configuration:
 #0: stdout all=warning uptime,level,tags
 #1: stderr all=off uptime,level,tags

Environment Variables:
JAVA_HOME=C:\Program Files\Java\jdk-13.0.2
PATH=C:\Program Files (x86)\Razer Chroma SDK\bin;C:\Program Files\Razer Chroma SDK\bin;C:\Program Files (x86)\Razer\ChromaBroadcast\bin;C:\Program Files\Razer\ChromaBroadcast\bin;C:\WINDOWS\system32;C:\WINDOWS;C:\WINDOWS\System32\Wbem;C:\WINDOWS\System32\WindowsPowerShell\v1.0\;C:\WINDOWS\System32\OpenSSH\;C:\Program Files\Java\jdk-13.0.2\bin;C:\Program Files\MySQL\MySQL Server 5.5\bin;C:\WINDOWS\system32\config\systemprofile\AppData\Local\Microsoft\WindowsApps;C:\Users\jeffe\AppData\Local\Microsoft\WindowsApps;C:\xampp\php;C:\ProgramData\ComposerSetup\bin;C:\Program Files\Git\cmd;C:\Program Files\MySQL\MySQL Shell 8.0\bin\;C:\Users\jeffe\AppData\Local\Microsoft\WindowsApps;C:\Users\jeffe\AppData\Roaming\Composer\vendor\bin
USERNAME=jeffe
OS=Windows_NT
PROCESSOR_IDENTIFIER=AMD64 Family 23 Model 24 Stepping 1, AuthenticAMD



---------------  S Y S T E M  ---------------

OS: Windows 10 , 64 bit Build 19041 (10.0.19041.1348)

CPU:total 8 (initial active 8) (8 cores per cpu, 2 threads per core) family 23 model 24 stepping 1, cmov, cx8, fxsr, mmx, sse, sse2, sse3, ssse3, sse4.1, sse4.2, popcnt, avx, avx2, aes, clmul, mmxext, 3dnowpref, lzcnt, sse4a, ht, tsc, tscinvbit, tscinv, bmi1, bmi2, adx, sha, fma

Memory: 4k page, system-wide physical 14274M (7600M free)
TotalPageFile size 16450M (AvailPageFile size 6737M)
current process WorkingSet (physical memory assigned to process): 345M, peak: 350M
current process commit charge ("private bytes"): 390M, peak: 464M

vm_info: Java HotSpot(TM) 64-Bit Server VM (13.0.2+8) for windows-amd64 JRE (13.0.2+8), built on Dec 11 2019 09:20:33 by "mach5one" with unknown MS VC++:1916

END.
