#
# A fatal error has been detected by the Java Runtime Environment:
#
#  EXCEPTION_ACCESS_VIOLATION (0xc0000005) at pc=0x00007ff87b8b3011, pid=9748, tid=10980
#
# JRE version: OpenJDK Runtime Environment (11.0.10) (build 11.0.10+0-b96-7249189)
# Java VM: OpenJDK 64-Bit Server VM (11.0.10+0-b96-7249189, mixed mode, tiered, compressed oops, g1 gc, windows-amd64)
# Problematic frame:
# V  [jvm.dll+0x353011]
#
# No core dump will be written. Minidumps are not enabled by default on client versions of Windows
#
# If you would like to submit a bug report, please visit:
#   https://bugreport.java.com/bugreport/crash.jsp
#

---------------  S U M M A R Y ------------

Command Line: --add-opens=java.base/java.util=ALL-UNNAMED --add-opens=java.base/java.lang=ALL-UNNAMED --add-opens=java.base/java.lang.invoke=ALL-UNNAMED --add-opens=java.base/java.util=ALL-UNNAMED --add-opens=java.prefs/java.util.prefs=ALL-UNNAMED --add-opens=java.prefs/java.util.prefs=ALL-UNNAMED --add-opens=java.base/java.nio.charset=ALL-UNNAMED --add-opens=java.base/java.net=ALL-UNNAMED --add-opens=java.base/java.util.concurrent.atomic=ALL-UNNAMED -Xmx2048m -Dfile.encoding=UTF-8 -Duser.country=PH -Duser.language=en -Duser.variant org.gradle.launcher.daemon.bootstrap.GradleDaemon 7.0.2

Host: AMD Ryzen 5 3550H with Radeon Vega Mobile Gfx  , 8 cores, 13G,  Windows 10 , 64 bit Build 19041 (10.0.19041.1320)
Time: Tue Nov  9 15:45:50 2021 Malay Peninsula Standard Time elapsed time: 7322.268360 seconds (0d 2h 2m 2s)

---------------  T H R E A D  ---------------

Current thread (0x00000278e4ad4000):  JavaThread "C2 CompilerThread2" daemon [_thread_in_native, id=10980, stack(0x000000eb84100000,0x000000eb84200000)]


Current CompileTask:
C2:7322268 34477       4       com.android.tools.r8.internal.F7::r (464 bytes)

Stack: [0x000000eb84100000,0x000000eb84200000],  sp=0x000000eb841fbd80,  free space=1007k
Native frames: (J=compiled Java code, j=interpreted, Vv=VM code, C=native code)
V  [jvm.dll+0x353011]
V  [jvm.dll+0x351ae3]
V  [jvm.dll+0x198040]
V  [jvm.dll+0x1fb70e]
V  [jvm.dll+0x1fa7f4]
V  [jvm.dll+0x18354c]
V  [jvm.dll+0x208ee7]
V  [jvm.dll+0x207731]
V  [jvm.dll+0x6eb1cf]
V  [jvm.dll+0x6e3d45]
V  [jvm.dll+0x5ebe96]
C  [ucrtbase.dll+0x21bb2]
C  [KERNEL32.DLL+0x17034]
C  [ntdll.dll+0x52651]


siginfo: EXCEPTION_ACCESS_VIOLATION (0xc0000005), reading address 0x00007df87bf57c4c


Register to memory mapping:

RIP=0x00007ff87b8b3011 jvm.dll
RAX=0x00000278e245b720 points into unknown readable memory: 0x00007ff87bf57c38 | 38 7c f5 7b f8 7f 00 00
RBX=0x000000000000000c is an unknown value
RCX=0x000000000000000c is an unknown value
RDX=0x0000000000001000 is an unknown value
RSP=0x000000eb841fbd80 is pointing into the stack for thread: 0x00000278e4ad4000
RBP=0x0000000000000bb0 is an unknown value
RSI=0x0000000000000005 is an unknown value
RDI=0x00000278f1bb2cd0 points into unknown readable memory: 0x0000000000000000 | 00 00 00 00 00 00 00 00
R8 =0x00007df87bf57c38 is an unknown value
R9 =0x000000eb841fbda0 is pointing into the stack for thread: 0x00000278e4ad4000
R10=0x00007ff87b560000 jvm.dll
R11=0x000000eb841fbea0 is pointing into the stack for thread: 0x00000278e4ad4000
R12=0x00007ff87b560000 jvm.dll
R13=0x00007ff87bf57c38 jvm.dll
R14=0x00000278f0b8cc60 points into unknown readable memory: 0x3f9aa77af575bafe | fe ba 75 f5 7a a7 9a 3f
R15=0x000000eb841fc450 is pointing into the stack for thread: 0x00000278e4ad4000


Registers:
RAX=0x00000278e245b720, RBX=0x000000000000000c, RCX=0x000000000000000c, RDX=0x0000000000001000
RSP=0x000000eb841fbd80, RBP=0x0000000000000bb0, RSI=0x0000000000000005, RDI=0x00000278f1bb2cd0
R8 =0x00007df87bf57c38, R9 =0x000000eb841fbda0, R10=0x00007ff87b560000, R11=0x000000eb841fbea0
R12=0x00007ff87b560000, R13=0x00007ff87bf57c38, R14=0x00000278f0b8cc60, R15=0x000000eb841fc450
RIP=0x00007ff87b8b3011, EFLAGS=0x0000000000010216

Top of Stack: (sp=0x000000eb841fbd80)
0x000000eb841fbd80:   0000000000000ac2 0000000000000bb0
0x000000eb841fbd90:   000000eb841fc450 0000000000000000
0x000000eb841fbda0:   00000baf00000000 00007ff800000006
0x000000eb841fbdb0:   00000278eb6856a0 000000000000000c
0x000000eb841fbdc0:   00000278eb685928 0000000000000015
0x000000eb841fbdd0:   000000eb841fbea0 00007ff87bba30b0
0x000000eb841fbde0:   0000000000000005 00000278e74d55b0
0x000000eb841fbdf0:   0000000000000000 000000eb841fbf10
0x000000eb841fbe00:   00000278f0b8cc60 00007ff87b8b1ae3
0x000000eb841fbe10:   000000eb841fc450 0000000000000000
0x000000eb841fbe20:   00000278e52a8e30 0000000000000001
0x000000eb841fbe30:   000000eb841fbe68 3f9aa77af575bafe
0x000000eb841fbe40:   000000eb00000bb0 0000000500000000
0x000000eb841fbe50:   0000000d00000002 0000000000000000
0x000000eb841fbe60:   0000000200000000 0000000500000000
0x000000eb841fbe70:   0000000e00000000 00007ff800000000 

Instructions: (pc=0x00007ff87b8b3011)
0x00007ff87b8b2f11:   00 00 41 23 86 80 00 00 00 0b c8 8b 42 7c 41 23
0x00007ff87b8b2f21:   46 7c 0b c8 8b 42 78 41 23 46 78 0b c8 8b 42 74
0x00007ff87b8b2f31:   41 23 46 74 0b c8 8b 42 70 41 23 46 70 0b c8 8b
0x00007ff87b8b2f41:   42 6c 41 23 46 6c 0b c8 8b 42 68 41 23 46 68 0b
0x00007ff87b8b2f51:   c8 8b 42 64 41 23 46 64 0b c8 8b 42 60 41 23 46
0x00007ff87b8b2f61:   60 0b c8 8b 42 5c 41 23 46 5c 0b c8 8b 42 58 41
0x00007ff87b8b2f71:   23 46 58 0b c8 8b 42 54 41 23 46 54 0b c8 8b 42
0x00007ff87b8b2f81:   50 41 23 46 50 0b c8 8b 42 4c 41 23 46 4c 0b c8
0x00007ff87b8b2f91:   8b 42 48 41 23 46 48 0b c8 8b 42 44 41 23 46 44
0x00007ff87b8b2fa1:   0b c8 8b 42 40 41 23 46 40 0b c8 8b 42 3c 41 23
0x00007ff87b8b2fb1:   46 3c 0b c8 41 8b 46 38 23 42 38 0b c8 74 63 48
0x00007ff87b8b2fc1:   8b c5 3b eb 73 04 8b c3 8b dd 48 8d 3c 80 48 c1
0x00007ff87b8b2fd1:   e7 05 49 03 78 10 85 db 74 48 48 8b 47 08 8b cb
0x00007ff87b8b2fe1:   48 c1 e9 08 8b f3 4c 8b 04 c8 4d 3b c5 75 0d 8b
0x00007ff87b8b2ff1:   d3 48 8b cf e8 26 4f 00 00 4c 8b c0 48 c1 ee 05
0x00007ff87b8b3001:   83 e3 1f 83 e6 07 0f b6 cb ba 01 00 00 00 d3 e2
0x00007ff87b8b3011:   41 8b 0c b0 8b c1 0b c2 41 89 04 b0 85 ca 75 02
0x00007ff87b8b3021:   ff 07 8b 44 24 20 85 c0 74 3e 44 8b 44 24 24 a8
0x00007ff87b8b3031:   1f 75 0b c1 e8 05 41 83 c0 05 a8 1f 74 f5 8b d0
0x00007ff87b8b3041:   83 e2 1f 42 0f b6 8c 22 40 cd 82 00 42 0f b6 9c
0x00007ff87b8b3051:   22 20 cd 82 00 d3 e8 89 44 24 20 41 03 d8 42 8d
0x00007ff87b8b3061:   04 01 89 44 24 24 eb 0c 48 8d 4c 24 20 e8 ad 4c
0x00007ff87b8b3071:   00 00 8b d8 85 db 0f 85 53 fe ff ff 4c 8b ac 24
0x00007ff87b8b3081:   a0 00 00 00 48 8b bc 24 98 00 00 00 48 8b b4 24
0x00007ff87b8b3091:   90 00 00 00 48 83 c4 60 41 5f 41 5e 41 5c 5d 5b
0x00007ff87b8b30a1:   c3 cc cc cc cc cc cc cc cc cc cc cc cc cc cc 48
0x00007ff87b8b30b1:   89 5c 24 08 48 89 74 24 10 57 48 83 ec 20 49 8d
0x00007ff87b8b30c1:   49 38 49 8b d9 41 8b f8 e8 c2 ff 2e 00 84 c0 74
0x00007ff87b8b30d1:   45 83 bb 90 00 00 00 00 74 3c f6 83 98 00 00 00
0x00007ff87b8b30e1:   06 74 07 48 8b 4c 24 60 eb 19 48 8b 15 c6 ac 6a
0x00007ff87b8b30f1:   00 48 8d 4b 38 e8 75 4c e8 ff 85 c0 74 18 48 8b
0x00007ff87b8b3101:   4c 24 58 0f b7 83 96 00 00 00 29 01 8b 01 3b 41 


Stack slot to memory mapping:
stack at sp + 0 slots: 0x0000000000000ac2 is an unknown value
stack at sp + 1 slots: 0x0000000000000bb0 is an unknown value
stack at sp + 2 slots: 0x000000eb841fc450 is pointing into the stack for thread: 0x00000278e4ad4000
stack at sp + 3 slots: 0x0 is NULL
stack at sp + 4 slots: 0x00000baf00000000 is an unknown value
stack at sp + 5 slots: 0x00007ff800000006 is an unknown value
stack at sp + 6 slots: 0x00000278eb6856a0 points into unknown readable memory: 0x0000000000000000 | 00 00 00 00 00 00 00 00
stack at sp + 7 slots: 0x000000000000000c is an unknown value


---------------  P R O C E S S  ---------------

Threads class SMR info:
_java_thread_list=0x00000278e53e60a0, length=78, elements={
0x00000278c701b000, 0x00000278e14ab800, 0x00000278e14b7800, 0x00000278e1d32800,
0x00000278e1d33800, 0x00000278e1d35000, 0x00000278e1d37800, 0x00000278e1d41000,
0x00000278e1d4b800, 0x00000278e1eda800, 0x00000278e3e23800, 0x00000278e208d000,
0x00000278e354a000, 0x00000278e2b4f000, 0x00000278e2b50000, 0x00000278e2b4e800,
0x00000278e4ad1800, 0x00000278e4ad2000, 0x00000278e4ad4800, 0x00000278e4acf800,
0x00000278e4ad6000, 0x00000278e4ad8000, 0x00000278e4ada800, 0x00000278e5f16800,
0x00000278e5f1f800, 0x00000278e5f20800, 0x00000278e5f1f000, 0x00000278e5f22000,
0x00000278e5f21000, 0x00000278e40fa000, 0x00000278e8c16000, 0x00000278e4ad7000,
0x00000278e4adb000, 0x00000278e5f1a000, 0x00000278e5f18000, 0x00000278e5f1c800,
0x00000278e5f19000, 0x00000278e5f17800, 0x00000278e5f1a800, 0x00000278e5f1b800,
0x00000278e5f1d000, 0x00000278e5f23800, 0x00000278e5f24800, 0x00000278e5f25800,
0x00000278e8c0b800, 0x00000278e8c0b000, 0x00000278e8c0c800, 0x00000278e8c0f000,
0x00000278e8c0d800, 0x00000278e8c0e000, 0x00000278e8c09000, 0x00000278e8c0f800,
0x00000278e8c0a000, 0x00000278e8c14800, 0x00000278e8c17000, 0x00000278e8c11800,
0x00000278e8c12000, 0x00000278e8c14000, 0x00000278e40f3000, 0x00000278e40f0800,
0x00000278e40f1800, 0x00000278e40f2000, 0x00000278e40f3800, 0x00000278e40ef000,
0x00000278e40f5800, 0x00000278e40f8000, 0x00000278e40f9800, 0x00000278e40f8800,
0x00000278e40fb000, 0x00000278e40f7000, 0x00000278e40fc000, 0x00000278e40f6000,
0x00000278e40fc800, 0x00000278e40fd800, 0x00000278e4ad0800, 0x00000278e4ad3000,
0x00000278e4ad4000, 0x00000278e4ace000
}

Java Threads: ( => current thread )
  0x00000278c701b000 JavaThread "main" [_thread_blocked, id=9704, stack(0x000000ebfe100000,0x000000ebfe200000)]
  0x00000278e14ab800 JavaThread "Reference Handler" daemon [_thread_blocked, id=1572, stack(0x000000ebfe800000,0x000000ebfe900000)]
  0x00000278e14b7800 JavaThread "Finalizer" daemon [_thread_blocked, id=3076, stack(0x000000ebfe900000,0x000000ebfea00000)]
  0x00000278e1d32800 JavaThread "Signal Dispatcher" daemon [_thread_blocked, id=8600, stack(0x000000ebfea00000,0x000000ebfeb00000)]
  0x00000278e1d33800 JavaThread "Attach Listener" daemon [_thread_blocked, id=9140, stack(0x000000ebfeb00000,0x000000ebfec00000)]
  0x00000278e1d35000 JavaThread "Service Thread" daemon [_thread_blocked, id=3152, stack(0x000000ebfec00000,0x000000ebfed00000)]
  0x00000278e1d37800 JavaThread "C2 CompilerThread0" daemon [_thread_in_native, id=8468, stack(0x000000ebfed00000,0x000000ebfee00000)]
  0x00000278e1d41000 JavaThread "C1 CompilerThread0" daemon [_thread_blocked, id=10768, stack(0x000000ebfee00000,0x000000ebfef00000)]
  0x00000278e1d4b800 JavaThread "Sweeper thread" daemon [_thread_blocked, id=11620, stack(0x000000ebfef00000,0x000000ebff000000)]
  0x00000278e1eda800 JavaThread "Common-Cleaner" daemon [_thread_blocked, id=6920, stack(0x000000ebff000000,0x000000ebff100000)]
  0x00000278e3e23800 JavaThread "Daemon health stats" [_thread_blocked, id=6916, stack(0x000000ebff700000,0x000000ebff800000)]
  0x00000278e208d000 JavaThread "Incoming local TCP Connector on port 49809" [_thread_in_native, id=9036, stack(0x000000ebff200000,0x000000ebff300000)]
  0x00000278e354a000 JavaThread "Daemon periodic checks" [_thread_blocked, id=6188, stack(0x000000ebff800000,0x000000ebff900000)]
  0x00000278e2b4f000 JavaThread "Cache worker for file hash cache (C:\Users\jeffe\.gradle\caches\7.0.2\fileHashes)" [_thread_blocked, id=4820, stack(0x000000eb80000000,0x000000eb80100000)]
  0x00000278e2b50000 JavaThread "File lock request listener" [_thread_in_native, id=248, stack(0x000000eb80100000,0x000000eb80200000)]
  0x00000278e2b4e800 JavaThread "Cache worker for journal cache (C:\Users\jeffe\.gradle\caches\journal-1)" [_thread_blocked, id=7272, stack(0x000000eb80600000,0x000000eb80700000)]
  0x00000278e4ad1800 JavaThread "File watcher server" daemon [_thread_in_native, id=8716, stack(0x000000eb80900000,0x000000eb80a00000)]
  0x00000278e4ad2000 JavaThread "File watcher consumer" daemon [_thread_blocked, id=8172, stack(0x000000eb80a00000,0x000000eb80b00000)]
  0x00000278e4ad4800 JavaThread "Cache worker for execution history cache (C:\Users\jeffe\.gradle\caches\7.0.2\executionHistory)" [_thread_blocked, id=2016, stack(0x000000eb80f00000,0x000000eb81000000)]
  0x00000278e4acf800 JavaThread "jar transforms" [_thread_blocked, id=9896, stack(0x000000eb81000000,0x000000eb81100000)]
  0x00000278e4ad6000 JavaThread "jar transforms Thread 2" [_thread_blocked, id=8104, stack(0x000000eb81100000,0x000000eb81200000)]
  0x00000278e4ad8000 JavaThread "Cache worker for file content cache (C:\Users\jeffe\.gradle\caches\7.0.2\fileContent)" [_thread_blocked, id=4600, stack(0x000000eb81200000,0x000000eb81300000)]
  0x00000278e4ada800 JavaThread "jar transforms Thread 3" [_thread_blocked, id=3228, stack(0x000000eb81400000,0x000000eb81500000)]
  0x00000278e5f16800 JavaThread "jar transforms Thread 4" [_thread_blocked, id=10028, stack(0x000000eb81d00000,0x000000eb81e00000)]
  0x00000278e5f1f800 JavaThread "jar transforms Thread 5" [_thread_blocked, id=8308, stack(0x000000eb81e00000,0x000000eb81f00000)]
  0x00000278e5f20800 JavaThread "jar transforms Thread 6" [_thread_blocked, id=480, stack(0x000000eb81f00000,0x000000eb82000000)]
  0x00000278e5f1f000 JavaThread "jar transforms Thread 7" [_thread_blocked, id=3604, stack(0x000000eb82000000,0x000000eb82100000)]
  0x00000278e5f22000 JavaThread "jar transforms Thread 8" [_thread_blocked, id=12052, stack(0x000000eb82100000,0x000000eb82200000)]
  0x00000278e5f21000 JavaThread "Memory manager" [_thread_blocked, id=6496, stack(0x000000eb82400000,0x000000eb82500000)]
  0x00000278e40fa000 JavaThread "Cache worker for Java compile cache (C:\Users\jeffe\.gradle\caches\7.0.2\javaCompile)" [_thread_blocked, id=7120, stack(0x000000eb83600000,0x000000eb83700000)]
  0x00000278e8c16000 JavaThread "ForkJoinPool.commonPool-worker-3" daemon [_thread_blocked, id=7532, stack(0x000000eb84900000,0x000000eb84a00000)]
  0x00000278e4ad7000 JavaThread "ForkJoinPool.commonPool-worker-9" daemon [_thread_blocked, id=12528, stack(0x000000eb84300000,0x000000eb84400000)]
  0x00000278e4adb000 JavaThread "ForkJoinPool.commonPool-worker-13" daemon [_thread_blocked, id=5772, stack(0x000000eb84500000,0x000000eb84600000)]
  0x00000278e5f1a000 JavaThread "Daemon Thread 21" [_thread_blocked, id=12540, stack(0x000000eb80700000,0x000000eb80800000)]
  0x00000278e5f18000 JavaThread "Handler for socket connection from /127.0.0.1:49809 to /127.0.0.1:50865" [_thread_in_native, id=10860, stack(0x000000eb80800000,0x000000eb80900000)]
  0x00000278e5f1c800 JavaThread "Cancel handler" [_thread_blocked, id=7684, stack(0x000000eb80b00000,0x000000eb80c00000)]
  0x00000278e5f19000 JavaThread "Daemon worker Thread 21" [_thread_blocked, id=9604, stack(0x000000eb80c00000,0x000000eb80d00000)]
  0x00000278e5f17800 JavaThread "Asynchronous log dispatcher for DefaultDaemonConnection: socket connection from /127.0.0.1:49809 to /127.0.0.1:50865" [_thread_blocked, id=4060, stack(0x000000eb80d00000,0x000000eb80e00000)]
  0x00000278e5f1a800 JavaThread "Stdin handler" [_thread_blocked, id=8524, stack(0x000000eb80e00000,0x000000eb80f00000)]
  0x00000278e5f1b800 JavaThread "Daemon client event forwarder" [_thread_blocked, id=6904, stack(0x000000eb81300000,0x000000eb81400000)]
  0x00000278e5f1d000 JavaThread "Cache worker for file hash cache (C:\Users\jeffe\AndroidStudioProjects\FirstAidKit3\.gradle\7.0.2\fileHashes)" [_thread_blocked, id=4036, stack(0x000000eb81500000,0x000000eb81600000)]
  0x00000278e5f23800 JavaThread "Cache worker for checksums cache (C:\Users\jeffe\AndroidStudioProjects\FirstAidKit3\.gradle\checksums)" [_thread_blocked, id=8092, stack(0x000000eb81600000,0x000000eb81700000)]
  0x00000278e5f24800 JavaThread "Cache worker for cache directory md-supplier (C:\Users\jeffe\.gradle\caches\7.0.2\md-supplier)" [_thread_blocked, id=5620, stack(0x000000eb81700000,0x000000eb81800000)]
  0x00000278e5f25800 JavaThread "Cache worker for cache directory md-rule (C:\Users\jeffe\.gradle\caches\7.0.2\md-rule)" [_thread_blocked, id=9576, stack(0x000000eb81800000,0x000000eb81900000)]
  0x00000278e8c0b800 JavaThread "Cache worker for dependencies-accessors (C:\Users\jeffe\AndroidStudioProjects\FirstAidKit3\.gradle\7.0.2\dependencies-accessors)" [_thread_blocked, id=3788, stack(0x000000eb81900000,0x000000eb81a00000)]
  0x00000278e8c0b000 JavaThread "Cache worker for Build Output Cleanup Cache (C:\Users\jeffe\AndroidStudioProjects\FirstAidKit3\.gradle\buildOutputCleanup)" [_thread_blocked, id=2044, stack(0x000000eb81a00000,0x000000eb81b00000)]
  0x00000278e8c0c800 JavaThread "Build operations" [_thread_blocked, id=11916, stack(0x000000eb81b00000,0x000000eb81c00000)]
  0x00000278e8c0f000 JavaThread "Build operations Thread 2" [_thread_blocked, id=5128, stack(0x000000eb81c00000,0x000000eb81d00000)]
  0x00000278e8c0d800 JavaThread "Build operations Thread 3" [_thread_blocked, id=10632, stack(0x000000eb82200000,0x000000eb82300000)]
  0x00000278e8c0e000 JavaThread "Build operations Thread 4" [_thread_blocked, id=10720, stack(0x000000eb82500000,0x000000eb82600000)]
  0x00000278e8c09000 JavaThread "Build operations Thread 5" [_thread_blocked, id=1472, stack(0x000000eb82600000,0x000000eb82700000)]
  0x00000278e8c0f800 JavaThread "Build operations Thread 6" [_thread_blocked, id=688, stack(0x000000eb82700000,0x000000eb82800000)]
  0x00000278e8c0a000 JavaThread "Build operations Thread 7" [_thread_blocked, id=10872, stack(0x000000eb82800000,0x000000eb82900000)]
  0x00000278e8c14800 JavaThread "Build operations Thread 8" [_thread_blocked, id=6868, stack(0x000000eb82900000,0x000000eb82a00000)]
  0x00000278e8c17000 JavaThread "build event listener" [_thread_blocked, id=12804, stack(0x000000eb82c00000,0x000000eb82d00000)]
  0x00000278e8c11800 JavaThread "Execution worker for ':'" [_thread_blocked, id=13252, stack(0x000000eb82d00000,0x000000eb82e00000)]
  0x00000278e8c12000 JavaThread "Execution worker for ':' Thread 2" [_thread_blocked, id=10000, stack(0x000000eb82e00000,0x000000eb82f00000)]
  0x00000278e8c14000 JavaThread "Execution worker for ':' Thread 3" [_thread_blocked, id=5260, stack(0x000000eb82f00000,0x000000eb83000000)]
  0x00000278e40f3000 JavaThread "Execution worker for ':' Thread 4" [_thread_blocked, id=7660, stack(0x000000eb83000000,0x000000eb83100000)]
  0x00000278e40f0800 JavaThread "Execution worker for ':' Thread 5" [_thread_blocked, id=9088, stack(0x000000eb83100000,0x000000eb83200000)]
  0x00000278e40f1800 JavaThread "Execution worker for ':' Thread 6" [_thread_blocked, id=6528, stack(0x000000eb83200000,0x000000eb83300000)]
  0x00000278e40f2000 JavaThread "Execution worker for ':' Thread 7" [_thread_blocked, id=1208, stack(0x000000eb83300000,0x000000eb83400000)]
  0x00000278e40f3800 JavaThread "Cache worker for execution history cache (C:\Users\jeffe\AndroidStudioProjects\FirstAidKit3\.gradle\7.0.2\executionHistory)" [_thread_blocked, id=7008, stack(0x000000eb83400000,0x000000eb83500000)]
  0x00000278e40ef000 JavaThread "WorkerExecutor Queue" [_thread_in_Java, id=11384, stack(0x000000eb82b00000,0x000000eb82c00000)]
  0x00000278e40f5800 JavaThread "WorkerExecutor Queue Thread 2" [_thread_blocked, id=8560, stack(0x000000eb83500000,0x000000eb83600000)]
  0x00000278e40f8000 JavaThread "pool-122-thread-1" [_thread_blocked, id=11852, stack(0x000000eb83700000,0x000000eb83800000)]
  0x00000278e40f9800 JavaThread "stderr" [_thread_in_native, id=3296, stack(0x000000eb83800000,0x000000eb83900000)]
  0x00000278e40f8800 JavaThread "stdout" [_thread_in_native, id=7776, stack(0x000000eb83900000,0x000000eb83a00000)]
  0x00000278e40fb000 JavaThread "Cache worker for Java compile cache (C:\Users\jeffe\AndroidStudioProjects\FirstAidKit3\.gradle\7.0.2\javaCompile)" [_thread_blocked, id=1744, stack(0x000000eb83a00000,0x000000eb83b00000)]
  0x00000278e40f7000 JavaThread "WorkerExecutor Queue Thread 3" [_thread_blocked, id=10900, stack(0x000000eb82a00000,0x000000eb82b00000)]
  0x00000278e40fc000 JavaThread "WorkerExecutor Queue Thread 4" [_thread_blocked, id=5860, stack(0x000000eb83b00000,0x000000eb83c00000)]
  0x00000278e40f6000 JavaThread "WorkerExecutor Queue Thread 5" [_thread_blocked, id=4848, stack(0x000000eb83c00000,0x000000eb83d00000)]
  0x00000278e40fc800 JavaThread "WorkerExecutor Queue Thread 6" [_thread_blocked, id=11776, stack(0x000000eb83d00000,0x000000eb83e00000)]
  0x00000278e40fd800 JavaThread "WorkerExecutor Queue Thread 7" [_thread_blocked, id=12020, stack(0x000000eb83e00000,0x000000eb83f00000)]
  0x00000278e4ad0800 JavaThread "WorkerExecutor Queue Thread 8" [_thread_blocked, id=7188, stack(0x000000eb83f00000,0x000000eb84000000)]
  0x00000278e4ad3000 JavaThread "C2 CompilerThread1" daemon [_thread_in_native, id=8116, stack(0x000000eb84000000,0x000000eb84100000)]
=>0x00000278e4ad4000 JavaThread "C2 CompilerThread2" daemon [_thread_in_native, id=10980, stack(0x000000eb84100000,0x000000eb84200000)]
  0x00000278e4ace000 JavaThread "WorkerExecutor Queue Thread 9" [_thread_blocked, id=11220, stack(0x000000eb84200000,0x000000eb84300000)]

Other Threads:
  0x00000278e1ce6000 VMThread "VM Thread" [stack: 0x000000ebfe700000,0x000000ebfe800000] [id=10160]
  0x00000278e1ef4000 WatcherThread [stack: 0x000000ebff100000,0x000000ebff200000] [id=4832]
  0x00000278c7032800 GCTaskThread "GC Thread#0" [stack: 0x000000ebfe200000,0x000000ebfe300000] [id=11080]
  0x00000278e2be7800 GCTaskThread "GC Thread#1" [stack: 0x000000ebff300000,0x000000ebff400000] [id=2092]
  0x00000278e2e47800 GCTaskThread "GC Thread#2" [stack: 0x000000ebff400000,0x000000ebff500000] [id=4536]
  0x00000278e2df1000 GCTaskThread "GC Thread#3" [stack: 0x000000ebff500000,0x000000ebff600000] [id=9908]
  0x00000278e2732800 GCTaskThread "GC Thread#4" [stack: 0x000000ebff600000,0x000000ebff700000] [id=11164]
  0x00000278e350f000 GCTaskThread "GC Thread#5" [stack: 0x000000eb80200000,0x000000eb80300000] [id=10280]
  0x00000278e3362800 GCTaskThread "GC Thread#6" [stack: 0x000000eb80300000,0x000000eb80400000] [id=9868]
  0x00000278e423b800 GCTaskThread "GC Thread#7" [stack: 0x000000eb80400000,0x000000eb80500000] [id=12532]
  0x00000278c7065000 ConcurrentGCThread "G1 Main Marker" [stack: 0x000000ebfe300000,0x000000ebfe400000] [id=13012]
  0x00000278c7067000 ConcurrentGCThread "G1 Conc#0" [stack: 0x000000ebfe400000,0x000000ebfe500000] [id=7576]
  0x00000278e3027000 ConcurrentGCThread "G1 Conc#1" [stack: 0x000000eb80500000,0x000000eb80600000] [id=11408]
  0x00000278c70fe000 ConcurrentGCThread "G1 Refine#0" [stack: 0x000000ebfe500000,0x000000ebfe600000] [id=7704]
  0x00000278e55c3800 ConcurrentGCThread "G1 Refine#1" [stack: 0x000000eb82300000,0x000000eb82400000] [id=5760]
  0x00000278e1320800 ConcurrentGCThread "G1 Young RemSet Sampling" [stack: 0x000000ebfe600000,0x000000ebfe700000] [id=7672]

Threads with active compile tasks:
C2 CompilerThread07322325 34557       4       com.android.tools.r8.graph.E::R (36 bytes)
C2 CompilerThread17322325 34476       4       com.android.tools.r8.internal.Mg::f (30 bytes)
C2 CompilerThread27322325 34477       4       com.android.tools.r8.internal.F7::r (464 bytes)

VM state:not at safepoint (normal execution)

VM Mutex/Monitor currently owned by a thread: None

Heap address: 0x0000000080000000, size: 2048 MB, Compressed Oops mode: 32-bit
Narrow klass base: 0x0000000000000000, Narrow klass shift: 3
Compressed class space size: 1073741824 Address: 0x0000000100000000

Heap:
 garbage-first heap   total 256000K, used 149238K [0x0000000080000000, 0x0000000100000000)
  region size 1024K, 40 young (40960K), 3 survivors (3072K)
 Metaspace       used 127460K, capacity 132108K, committed 132420K, reserved 1165312K
  class space    used 15506K, capacity 17159K, committed 17304K, reserved 1048576K
Heap Regions: E=young(eden), S=young(survivor), O=old, HS=humongous(starts), HC=humongous(continues), CS=collection set, F=free, A=archive, TAMS=top-at-mark-start (previous, next)
|   0|0x0000000080000000, 0x0000000080100000, 0x0000000080100000|100%| O|  |TAMS 0x0000000080100000, 0x0000000080000000| Untracked 
|   1|0x0000000080100000, 0x0000000080200000, 0x0000000080200000|100%| O|  |TAMS 0x0000000080200000, 0x0000000080100000| Untracked 
|   2|0x0000000080200000, 0x0000000080300000, 0x0000000080300000|100%| O|  |TAMS 0x0000000080300000, 0x0000000080200000| Untracked 
|   3|0x0000000080300000, 0x0000000080400000, 0x0000000080400000|100%|HS|  |TAMS 0x0000000080400000, 0x0000000080300000| Complete 
|   4|0x0000000080400000, 0x0000000080500000, 0x0000000080500000|100%|HC|  |TAMS 0x0000000080500000, 0x0000000080400000| Complete 
|   5|0x0000000080500000, 0x0000000080600000, 0x0000000080600000|100%|HC|  |TAMS 0x0000000080600000, 0x0000000080500000| Complete 
|   6|0x0000000080600000, 0x0000000080700000, 0x0000000080700000|100%| O|  |TAMS 0x0000000080700000, 0x0000000080600000| Untracked 
|   7|0x0000000080700000, 0x0000000080800000, 0x0000000080800000|100%| O|  |TAMS 0x0000000080800000, 0x0000000080700000| Untracked 
|   8|0x0000000080800000, 0x0000000080900000, 0x0000000080900000|100%| O|  |TAMS 0x0000000080900000, 0x0000000080800000| Complete 
|   9|0x0000000080900000, 0x0000000080a00000, 0x0000000080a00000|100%| O|  |TAMS 0x0000000080a00000, 0x0000000080900000| Untracked 
|  10|0x0000000080a00000, 0x0000000080b00000, 0x0000000080b00000|100%| O|  |TAMS 0x0000000080b00000, 0x0000000080a00000| Complete 
|  11|0x0000000080b00000, 0x0000000080c00000, 0x0000000080c00000|100%| O|  |TAMS 0x0000000080c00000, 0x0000000080b00000| Untracked 
|  12|0x0000000080c00000, 0x0000000080d00000, 0x0000000080d00000|100%| O|  |TAMS 0x0000000080d00000, 0x0000000080c00000| Untracked 
|  13|0x0000000080d00000, 0x0000000080e00000, 0x0000000080e00000|100%| O|  |TAMS 0x0000000080e00000, 0x0000000080d00000| Untracked 
|  14|0x0000000080e00000, 0x0000000080f00000, 0x0000000080f00000|100%| O|  |TAMS 0x0000000080f00000, 0x0000000080e00000| Untracked 
|  15|0x0000000080f00000, 0x0000000081000000, 0x0000000081000000|100%| O|  |TAMS 0x0000000081000000, 0x0000000080f00000| Complete 
|  16|0x0000000081000000, 0x0000000081100000, 0x0000000081100000|100%|HS|  |TAMS 0x0000000081100000, 0x0000000081000000| Complete 
|  17|0x0000000081100000, 0x0000000081200000, 0x0000000081200000|100%|HS|  |TAMS 0x0000000081200000, 0x0000000081100000| Complete 
|  18|0x0000000081200000, 0x0000000081300000, 0x0000000081300000|100%|HS|  |TAMS 0x0000000081300000, 0x0000000081200000| Complete 
|  19|0x0000000081300000, 0x0000000081400000, 0x0000000081400000|100%|HC|  |TAMS 0x0000000081400000, 0x0000000081300000| Complete 
|  20|0x0000000081400000, 0x0000000081500000, 0x0000000081500000|100%| O|  |TAMS 0x0000000081500000, 0x0000000081400000| Untracked 
|  21|0x0000000081500000, 0x0000000081600000, 0x0000000081600000|100%| O|  |TAMS 0x0000000081600000, 0x0000000081500000| Complete 
|  22|0x0000000081600000, 0x0000000081700000, 0x0000000081700000|100%| O|  |TAMS 0x0000000081700000, 0x0000000081600000| Complete 
|  23|0x0000000081700000, 0x0000000081800000, 0x0000000081800000|100%| O|  |TAMS 0x0000000081800000, 0x0000000081700000| Complete 
|  24|0x0000000081800000, 0x0000000081900000, 0x0000000081900000|100%| O|  |TAMS 0x0000000081900000, 0x0000000081800000| Complete 
|  25|0x0000000081900000, 0x0000000081a00000, 0x0000000081a00000|100%| O|  |TAMS 0x0000000081a00000, 0x0000000081900000| Untracked 
|  26|0x0000000081a00000, 0x0000000081b00000, 0x0000000081b00000|100%| O|  |TAMS 0x0000000081b00000, 0x0000000081a00000| Untracked 
|  27|0x0000000081b00000, 0x0000000081c00000, 0x0000000081c00000|100%| O|  |TAMS 0x0000000081c00000, 0x0000000081b00000| Untracked 
|  28|0x0000000081c00000, 0x0000000081d00000, 0x0000000081d00000|100%| O|  |TAMS 0x0000000081d00000, 0x0000000081c00000| Untracked 
|  29|0x0000000081d00000, 0x0000000081e00000, 0x0000000081e00000|100%| O|  |TAMS 0x0000000081e00000, 0x0000000081d00000| Untracked 
|  30|0x0000000081e00000, 0x0000000081f00000, 0x0000000081f00000|100%| O|  |TAMS 0x0000000081f00000, 0x0000000081e00000| Untracked 
|  31|0x0000000081f00000, 0x0000000082000000, 0x0000000082000000|100%| O|  |TAMS 0x0000000082000000, 0x0000000081f00000| Untracked 
|  32|0x0000000082000000, 0x0000000082100000, 0x0000000082100000|100%| O|  |TAMS 0x0000000082100000, 0x0000000082000000| Complete 
|  33|0x0000000082100000, 0x0000000082200000, 0x0000000082200000|100%| O|  |TAMS 0x0000000082200000, 0x0000000082100000| Complete 
|  34|0x0000000082200000, 0x0000000082300000, 0x0000000082300000|100%| O|  |TAMS 0x0000000082300000, 0x0000000082200000| Complete 
|  35|0x0000000082300000, 0x0000000082400000, 0x0000000082400000|100%|HS|  |TAMS 0x0000000082300000, 0x0000000082300000| Complete 
|  36|0x0000000082400000, 0x0000000082500000, 0x0000000082500000|100%| O|  |TAMS 0x0000000082500000, 0x0000000082400000| Complete 
|  37|0x0000000082500000, 0x0000000082600000, 0x0000000082600000|100%| O|  |TAMS 0x0000000082600000, 0x0000000082500000| Untracked 
|  38|0x0000000082600000, 0x0000000082700000, 0x0000000082700000|100%| O|  |TAMS 0x0000000082700000, 0x0000000082600000| Complete 
|  39|0x0000000082700000, 0x0000000082800000, 0x0000000082800000|100%| O|  |TAMS 0x0000000082800000, 0x0000000082700000| Complete 
|  40|0x0000000082800000, 0x0000000082900000, 0x0000000082900000|100%| O|  |TAMS 0x0000000082900000, 0x0000000082800000| Complete 
|  41|0x0000000082900000, 0x0000000082a00000, 0x0000000082a00000|100%| O|  |TAMS 0x0000000082a00000, 0x0000000082900000| Complete 
|  42|0x0000000082a00000, 0x0000000082b00000, 0x0000000082b00000|100%|HS|  |TAMS 0x0000000082a00000, 0x0000000082a00000| Complete 
|  43|0x0000000082b00000, 0x0000000082c00000, 0x0000000082c00000|100%| O|  |TAMS 0x0000000082c00000, 0x0000000082b00000| Complete 
|  44|0x0000000082c00000, 0x0000000082d00000, 0x0000000082d00000|100%| O|  |TAMS 0x0000000082d00000, 0x0000000082c00000| Complete 
|  45|0x0000000082d00000, 0x0000000082e00000, 0x0000000082e00000|100%| O|  |TAMS 0x0000000082e00000, 0x0000000082d00000| Untracked 
|  46|0x0000000082e00000, 0x0000000082f00000, 0x0000000082f00000|100%| O|  |TAMS 0x0000000082f00000, 0x0000000082e00000| Complete 
|  47|0x0000000082f00000, 0x0000000083000000, 0x0000000083000000|100%| O|  |TAMS 0x0000000083000000, 0x0000000082f00000| Complete 
|  48|0x0000000083000000, 0x0000000083100000, 0x0000000083100000|100%| O|  |TAMS 0x0000000083100000, 0x0000000083000000| Complete 
|  49|0x0000000083100000, 0x0000000083200000, 0x0000000083200000|100%|HS|  |TAMS 0x0000000083100000, 0x0000000083100000| Complete 
|  50|0x0000000083200000, 0x0000000083300000, 0x0000000083300000|100%| O|  |TAMS 0x0000000083300000, 0x0000000083200000| Complete 
|  51|0x0000000083300000, 0x0000000083300000, 0x0000000083400000|  0%| F|  |TAMS 0x0000000083300000, 0x0000000083300000| Untracked 
|  52|0x0000000083400000, 0x0000000083500000, 0x0000000083500000|100%| O|  |TAMS 0x0000000083500000, 0x0000000083400000| Complete 
|  53|0x0000000083500000, 0x0000000083600000, 0x0000000083600000|100%| O|  |TAMS 0x0000000083600000, 0x0000000083500000| Complete 
|  54|0x0000000083600000, 0x0000000083600000, 0x0000000083700000|  0%| F|  |TAMS 0x0000000083600000, 0x0000000083600000| Untracked 
|  55|0x0000000083700000, 0x0000000083800000, 0x0000000083800000|100%| O|  |TAMS 0x0000000083800000, 0x0000000083700000| Complete 
|  56|0x0000000083800000, 0x0000000083900000, 0x0000000083900000|100%| O|  |TAMS 0x0000000083900000, 0x0000000083800000| Complete 
|  57|0x0000000083900000, 0x0000000083a00000, 0x0000000083a00000|100%| O|  |TAMS 0x0000000083a00000, 0x0000000083900000| Complete 
|  58|0x0000000083a00000, 0x0000000083b00000, 0x0000000083b00000|100%| O|  |TAMS 0x0000000083b00000, 0x0000000083a00000| Complete 
|  59|0x0000000083b00000, 0x0000000083c00000, 0x0000000083c00000|100%| O|  |TAMS 0x0000000083c00000, 0x0000000083b00000| Complete 
|  60|0x0000000083c00000, 0x0000000083d00000, 0x0000000083d00000|100%| O|  |TAMS 0x0000000083d00000, 0x0000000083c00000| Untracked 
|  61|0x0000000083d00000, 0x0000000083e00000, 0x0000000083e00000|100%| O|  |TAMS 0x0000000083e00000, 0x0000000083d00000| Complete 
|  62|0x0000000083e00000, 0x0000000083f00000, 0x0000000083f00000|100%| O|  |TAMS 0x0000000083f00000, 0x0000000083e00000| Untracked 
|  63|0x0000000083f00000, 0x0000000084000000, 0x0000000084000000|100%| O|  |TAMS 0x0000000084000000, 0x0000000083f00000| Complete 
|  64|0x0000000084000000, 0x0000000084100000, 0x0000000084100000|100%| O|  |TAMS 0x0000000084100000, 0x0000000084000000| Complete 
|  65|0x0000000084100000, 0x0000000084200000, 0x0000000084200000|100%| O|  |TAMS 0x0000000084200000, 0x0000000084100000| Complete 
|  66|0x0000000084200000, 0x0000000084300000, 0x0000000084300000|100%| O|  |TAMS 0x0000000084300000, 0x0000000084200000| Complete 
|  67|0x0000000084300000, 0x0000000084400000, 0x0000000084400000|100%| O|  |TAMS 0x0000000084400000, 0x0000000084300000| Untracked 
|  68|0x0000000084400000, 0x0000000084500000, 0x0000000084500000|100%|HS|  |TAMS 0x0000000084400000, 0x0000000084400000| Complete 
|  69|0x0000000084500000, 0x0000000084600000, 0x0000000084600000|100%|HC|  |TAMS 0x0000000084500000, 0x0000000084500000| Complete 
|  70|0x0000000084600000, 0x0000000084700000, 0x0000000084700000|100%| O|  |TAMS 0x0000000084700000, 0x0000000084600000| Untracked 
|  71|0x0000000084700000, 0x0000000084800000, 0x0000000084800000|100%| O|  |TAMS 0x0000000084800000, 0x0000000084700000| Untracked 
|  72|0x0000000084800000, 0x0000000084900000, 0x0000000084900000|100%| O|  |TAMS 0x0000000084900000, 0x0000000084800000| Complete 
|  73|0x0000000084900000, 0x0000000084a00000, 0x0000000084a00000|100%| O|  |TAMS 0x0000000084a00000, 0x0000000084900000| Untracked 
|  74|0x0000000084a00000, 0x0000000084b00000, 0x0000000084b00000|100%| O|  |TAMS 0x0000000084b00000, 0x0000000084a00000| Untracked 
|  75|0x0000000084b00000, 0x0000000084c00000, 0x0000000084c00000|100%| O|  |TAMS 0x0000000084c00000, 0x0000000084b00000| Complete 
|  76|0x0000000084c00000, 0x0000000084d00000, 0x0000000084d00000|100%| O|  |TAMS 0x0000000084d00000, 0x0000000084c00000| Untracked 
|  77|0x0000000084d00000, 0x0000000084e00000, 0x0000000084e00000|100%| O|  |TAMS 0x0000000084e00000, 0x0000000084d00000| Untracked 
|  78|0x0000000084e00000, 0x0000000084f00000, 0x0000000084f00000|100%| O|  |TAMS 0x0000000084f00000, 0x0000000084e00000| Untracked 
|  79|0x0000000084f00000, 0x0000000085000000, 0x0000000085000000|100%| O|  |TAMS 0x0000000085000000, 0x0000000084f00000| Complete 
|  80|0x0000000085000000, 0x0000000085100000, 0x0000000085100000|100%| O|  |TAMS 0x0000000085100000, 0x0000000085000000| Complete 
|  81|0x0000000085100000, 0x0000000085200000, 0x0000000085200000|100%| O|  |TAMS 0x0000000085200000, 0x0000000085100000| Complete 
|  82|0x0000000085200000, 0x0000000085300000, 0x0000000085300000|100%| O|  |TAMS 0x0000000085300000, 0x0000000085200000| Untracked 
|  83|0x0000000085300000, 0x0000000085400000, 0x0000000085400000|100%| O|  |TAMS 0x0000000085400000, 0x0000000085300000| Untracked 
|  84|0x0000000085400000, 0x0000000085500000, 0x0000000085500000|100%| O|  |TAMS 0x0000000085500000, 0x0000000085400000| Untracked 
|  85|0x0000000085500000, 0x0000000085600000, 0x0000000085600000|100%| O|  |TAMS 0x0000000085600000, 0x0000000085500000| Untracked 
|  86|0x0000000085600000, 0x0000000085700000, 0x0000000085700000|100%| O|  |TAMS 0x0000000085700000, 0x0000000085600000| Untracked 
|  87|0x0000000085700000, 0x0000000085700000, 0x0000000085800000|  0%| F|  |TAMS 0x0000000085700000, 0x0000000085700000| Untracked 
|  88|0x0000000085800000, 0x0000000085900000, 0x0000000085900000|100%| O|  |TAMS 0x0000000085900000, 0x0000000085800000| Complete 
|  89|0x0000000085900000, 0x0000000085900000, 0x0000000085a00000|  0%| F|  |TAMS 0x0000000085900000, 0x0000000085900000| Untracked 
|  90|0x0000000085a00000, 0x0000000085b00000, 0x0000000085b00000|100%| O|  |TAMS 0x0000000085b00000, 0x0000000085a00000| Complete 
|  91|0x0000000085b00000, 0x0000000085c00000, 0x0000000085c00000|100%| O|  |TAMS 0x0000000085c00000, 0x0000000085b00000| Complete 
|  92|0x0000000085c00000, 0x0000000085c00000, 0x0000000085d00000|  0%| F|  |TAMS 0x0000000085c00000, 0x0000000085c00000| Untracked 
|  93|0x0000000085d00000, 0x0000000085e00000, 0x0000000085e00000|100%| O|  |TAMS 0x0000000085e00000, 0x0000000085d00000| Untracked 
|  94|0x0000000085e00000, 0x0000000085f00000, 0x0000000085f00000|100%| O|  |TAMS 0x0000000085f00000, 0x0000000085e00000| Untracked 
|  95|0x0000000085f00000, 0x0000000085f00000, 0x0000000086000000|  0%| F|  |TAMS 0x0000000085f00000, 0x0000000085f00000| Untracked 
|  96|0x0000000086000000, 0x0000000086100000, 0x0000000086100000|100%| O|  |TAMS 0x0000000086100000, 0x0000000086000000| Complete 
|  97|0x0000000086100000, 0x0000000086200000, 0x0000000086200000|100%| O|  |TAMS 0x0000000086200000, 0x0000000086100000| Untracked 
|  98|0x0000000086200000, 0x0000000086300000, 0x0000000086300000|100%| O|  |TAMS 0x0000000086300000, 0x0000000086200000| Complete 
|  99|0x0000000086300000, 0x0000000086400000, 0x0000000086400000|100%| O|  |TAMS 0x0000000086400000, 0x0000000086300000| Untracked 
| 100|0x0000000086400000, 0x0000000086500000, 0x0000000086500000|100%| O|  |TAMS 0x0000000086500000, 0x0000000086400000| Untracked 
| 101|0x0000000086500000, 0x0000000086600000, 0x0000000086600000|100%| O|  |TAMS 0x0000000086600000, 0x0000000086500000| Complete 
| 102|0x0000000086600000, 0x0000000086700000, 0x0000000086700000|100%| O|  |TAMS 0x0000000086700000, 0x0000000086600000| Complete 
| 103|0x0000000086700000, 0x0000000086800000, 0x0000000086800000|100%| O|  |TAMS 0x0000000086800000, 0x0000000086700000| Complete 
| 104|0x0000000086800000, 0x0000000086900000, 0x0000000086900000|100%| O|  |TAMS 0x0000000086900000, 0x0000000086800000| Complete 
| 105|0x0000000086900000, 0x000000008697d400, 0x0000000086a00000| 48%| O|  |TAMS 0x000000008697d400, 0x0000000086900000| Untracked 
| 106|0x0000000086a00000, 0x0000000086b00000, 0x0000000086b00000|100%| O|  |TAMS 0x0000000086b00000, 0x0000000086a00000| Complete 
| 107|0x0000000086b00000, 0x0000000086b00000, 0x0000000086c00000|  0%| F|  |TAMS 0x0000000086b00000, 0x0000000086b00000| Untracked 
| 108|0x0000000086c00000, 0x0000000086c00000, 0x0000000086d00000|  0%| F|  |TAMS 0x0000000086c00000, 0x0000000086c00000| Untracked 
| 109|0x0000000086d00000, 0x0000000086e00000, 0x0000000086e00000|100%| O|  |TAMS 0x0000000086e00000, 0x0000000086d00000| Complete 
| 110|0x0000000086e00000, 0x0000000086f00000, 0x0000000086f00000|100%| O|  |TAMS 0x0000000086f00000, 0x0000000086e00000| Complete 
| 111|0x0000000086f00000, 0x0000000086f00000, 0x0000000087000000|  0%| F|  |TAMS 0x0000000086f00000, 0x0000000086f00000| Untracked 
| 112|0x0000000087000000, 0x0000000087100000, 0x0000000087100000|100%| O|  |TAMS 0x0000000087100000, 0x0000000087000000| Complete 
| 113|0x0000000087100000, 0x0000000087100000, 0x0000000087200000|  0%| F|  |TAMS 0x0000000087100000, 0x0000000087100000| Untracked 
| 114|0x0000000087200000, 0x0000000087200000, 0x0000000087300000|  0%| F|  |TAMS 0x0000000087200000, 0x0000000087200000| Untracked 
| 115|0x0000000087300000, 0x0000000087400000, 0x0000000087400000|100%| O|  |TAMS 0x0000000087400000, 0x0000000087300000| Untracked 
| 116|0x0000000087400000, 0x0000000087500000, 0x0000000087500000|100%| O|  |TAMS 0x0000000087500000, 0x0000000087400000| Untracked 
| 117|0x0000000087500000, 0x0000000087600000, 0x0000000087600000|100%| O|  |TAMS 0x0000000087600000, 0x0000000087500000| Complete 
| 118|0x0000000087600000, 0x0000000087600000, 0x0000000087700000|  0%| F|  |TAMS 0x0000000087600000, 0x0000000087600000| Untracked 
| 119|0x0000000087700000, 0x0000000087800000, 0x0000000087800000|100%| O|  |TAMS 0x0000000087800000, 0x0000000087700000| Complete 
| 120|0x0000000087800000, 0x0000000087900000, 0x0000000087900000|100%| O|  |TAMS 0x0000000087900000, 0x0000000087800000| Complete 
| 121|0x0000000087900000, 0x0000000087900000, 0x0000000087a00000|  0%| F|  |TAMS 0x0000000087900000, 0x0000000087900000| Untracked 
| 122|0x0000000087a00000, 0x0000000087a00000, 0x0000000087b00000|  0%| F|  |TAMS 0x0000000087a00000, 0x0000000087a00000| Untracked 
| 123|0x0000000087b00000, 0x0000000087b00000, 0x0000000087c00000|  0%| F|  |TAMS 0x0000000087b00000, 0x0000000087b00000| Untracked 
| 124|0x0000000087c00000, 0x0000000087c00000, 0x0000000087d00000|  0%| F|  |TAMS 0x0000000087c00000, 0x0000000087c00000| Untracked 
| 125|0x0000000087d00000, 0x0000000087d00000, 0x0000000087e00000|  0%| F|  |TAMS 0x0000000087d00000, 0x0000000087d00000| Untracked 
| 126|0x0000000087e00000, 0x0000000087e00000, 0x0000000087f00000|  0%| F|  |TAMS 0x0000000087e00000, 0x0000000087e00000| Untracked 
| 127|0x0000000087f00000, 0x0000000087f00000, 0x0000000088000000|  0%| F|  |TAMS 0x0000000087f00000, 0x0000000087f00000| Untracked 
| 128|0x0000000088000000, 0x0000000088000000, 0x0000000088100000|  0%| F|  |TAMS 0x0000000088000000, 0x0000000088000000| Untracked 
| 129|0x0000000088100000, 0x0000000088100000, 0x0000000088200000|  0%| F|  |TAMS 0x0000000088100000, 0x0000000088100000| Untracked 
| 130|0x0000000088200000, 0x0000000088200000, 0x0000000088300000|  0%| F|  |TAMS 0x0000000088200000, 0x0000000088200000| Untracked 
| 131|0x0000000088300000, 0x0000000088300000, 0x0000000088400000|  0%| F|  |TAMS 0x0000000088300000, 0x0000000088300000| Untracked 
| 132|0x0000000088400000, 0x0000000088400000, 0x0000000088500000|  0%| F|  |TAMS 0x0000000088400000, 0x0000000088400000| Untracked 
| 133|0x0000000088500000, 0x0000000088500000, 0x0000000088600000|  0%| F|  |TAMS 0x0000000088500000, 0x0000000088500000| Untracked 
| 134|0x0000000088600000, 0x0000000088600000, 0x0000000088700000|  0%| F|  |TAMS 0x0000000088600000, 0x0000000088600000| Untracked 
| 135|0x0000000088700000, 0x0000000088700000, 0x0000000088800000|  0%| F|  |TAMS 0x0000000088700000, 0x0000000088700000| Untracked 
| 136|0x0000000088800000, 0x0000000088800000, 0x0000000088900000|  0%| F|  |TAMS 0x0000000088800000, 0x0000000088800000| Untracked 
| 137|0x0000000088900000, 0x0000000088900000, 0x0000000088a00000|  0%| F|  |TAMS 0x0000000088900000, 0x0000000088900000| Untracked 
| 138|0x0000000088a00000, 0x0000000088a00000, 0x0000000088b00000|  0%| F|  |TAMS 0x0000000088a00000, 0x0000000088a00000| Untracked 
| 139|0x0000000088b00000, 0x0000000088b00000, 0x0000000088c00000|  0%| F|  |TAMS 0x0000000088b00000, 0x0000000088b00000| Untracked 
| 140|0x0000000088c00000, 0x0000000088c00000, 0x0000000088d00000|  0%| F|  |TAMS 0x0000000088c00000, 0x0000000088c00000| Untracked 
| 141|0x0000000088d00000, 0x0000000088d00000, 0x0000000088e00000|  0%| F|  |TAMS 0x0000000088d00000, 0x0000000088d00000| Untracked 
| 142|0x0000000088e00000, 0x0000000088e00000, 0x0000000088f00000|  0%| F|  |TAMS 0x0000000088e00000, 0x0000000088e00000| Untracked 
| 143|0x0000000088f00000, 0x0000000088f00000, 0x0000000089000000|  0%| F|  |TAMS 0x0000000088f00000, 0x0000000088f00000| Untracked 
| 144|0x0000000089000000, 0x0000000089000000, 0x0000000089100000|  0%| F|  |TAMS 0x0000000089000000, 0x0000000089000000| Untracked 
| 145|0x0000000089100000, 0x0000000089100000, 0x0000000089200000|  0%| F|  |TAMS 0x0000000089100000, 0x0000000089100000| Untracked 
| 146|0x0000000089200000, 0x0000000089200000, 0x0000000089300000|  0%| F|  |TAMS 0x0000000089200000, 0x0000000089200000| Untracked 
| 147|0x0000000089300000, 0x0000000089300000, 0x0000000089400000|  0%| F|  |TAMS 0x0000000089300000, 0x0000000089300000| Untracked 
| 148|0x0000000089400000, 0x0000000089400000, 0x0000000089500000|  0%| F|  |TAMS 0x0000000089400000, 0x0000000089400000| Untracked 
| 149|0x0000000089500000, 0x0000000089500000, 0x0000000089600000|  0%| F|  |TAMS 0x0000000089500000, 0x0000000089500000| Untracked 
| 150|0x0000000089600000, 0x0000000089600000, 0x0000000089700000|  0%| F|  |TAMS 0x0000000089600000, 0x0000000089600000| Untracked 
| 151|0x0000000089700000, 0x0000000089700000, 0x0000000089800000|  0%| F|  |TAMS 0x0000000089700000, 0x0000000089700000| Untracked 
| 152|0x0000000089800000, 0x0000000089800000, 0x0000000089900000|  0%| F|  |TAMS 0x0000000089800000, 0x0000000089800000| Untracked 
| 153|0x0000000089900000, 0x0000000089900000, 0x0000000089a00000|  0%| F|  |TAMS 0x0000000089900000, 0x0000000089900000| Untracked 
| 154|0x0000000089a00000, 0x0000000089a00000, 0x0000000089b00000|  0%| F|  |TAMS 0x0000000089a00000, 0x0000000089a00000| Untracked 
| 155|0x0000000089b00000, 0x0000000089b00000, 0x0000000089c00000|  0%| F|  |TAMS 0x0000000089b00000, 0x0000000089b00000| Untracked 
| 156|0x0000000089c00000, 0x0000000089c00000, 0x0000000089d00000|  0%| F|  |TAMS 0x0000000089c00000, 0x0000000089c00000| Untracked 
| 157|0x0000000089d00000, 0x0000000089d00000, 0x0000000089e00000|  0%| F|  |TAMS 0x0000000089d00000, 0x0000000089d00000| Untracked 
| 158|0x0000000089e00000, 0x0000000089e00000, 0x0000000089f00000|  0%| F|  |TAMS 0x0000000089e00000, 0x0000000089e00000| Untracked 
| 159|0x0000000089f00000, 0x0000000089f00000, 0x000000008a000000|  0%| F|  |TAMS 0x0000000089f00000, 0x0000000089f00000| Untracked 
| 160|0x000000008a000000, 0x000000008a000000, 0x000000008a100000|  0%| F|  |TAMS 0x000000008a000000, 0x000000008a000000| Untracked 
| 161|0x000000008a100000, 0x000000008a100000, 0x000000008a200000|  0%| F|  |TAMS 0x000000008a100000, 0x000000008a100000| Untracked 
| 162|0x000000008a200000, 0x000000008a200000, 0x000000008a300000|  0%| F|  |TAMS 0x000000008a200000, 0x000000008a200000| Untracked 
| 163|0x000000008a300000, 0x000000008a300000, 0x000000008a400000|  0%| F|  |TAMS 0x000000008a300000, 0x000000008a300000| Untracked 
| 164|0x000000008a400000, 0x000000008a400000, 0x000000008a500000|  0%| F|  |TAMS 0x000000008a400000, 0x000000008a400000| Untracked 
| 165|0x000000008a500000, 0x000000008a500000, 0x000000008a600000|  0%| F|  |TAMS 0x000000008a500000, 0x000000008a500000| Untracked 
| 166|0x000000008a600000, 0x000000008a600000, 0x000000008a700000|  0%| F|  |TAMS 0x000000008a600000, 0x000000008a600000| Untracked 
| 167|0x000000008a700000, 0x000000008a700000, 0x000000008a800000|  0%| F|  |TAMS 0x000000008a700000, 0x000000008a700000| Untracked 
| 168|0x000000008a800000, 0x000000008a800000, 0x000000008a900000|  0%| F|  |TAMS 0x000000008a800000, 0x000000008a800000| Untracked 
| 169|0x000000008a900000, 0x000000008a900000, 0x000000008aa00000|  0%| F|  |TAMS 0x000000008a900000, 0x000000008a900000| Untracked 
| 170|0x000000008aa00000, 0x000000008aa00000, 0x000000008ab00000|  0%| F|  |TAMS 0x000000008aa00000, 0x000000008aa00000| Untracked 
| 171|0x000000008ab00000, 0x000000008ab00000, 0x000000008ac00000|  0%| F|  |TAMS 0x000000008ab00000, 0x000000008ab00000| Untracked 
| 172|0x000000008ac00000, 0x000000008ac00000, 0x000000008ad00000|  0%| F|  |TAMS 0x000000008ac00000, 0x000000008ac00000| Untracked 
| 173|0x000000008ad00000, 0x000000008ad00000, 0x000000008ae00000|  0%| F|  |TAMS 0x000000008ad00000, 0x000000008ad00000| Untracked 
| 174|0x000000008ae00000, 0x000000008ae00000, 0x000000008af00000|  0%| F|  |TAMS 0x000000008ae00000, 0x000000008ae00000| Untracked 
| 175|0x000000008af00000, 0x000000008af00000, 0x000000008b000000|  0%| F|  |TAMS 0x000000008af00000, 0x000000008af00000| Untracked 
| 176|0x000000008b000000, 0x000000008b000000, 0x000000008b100000|  0%| F|  |TAMS 0x000000008b000000, 0x000000008b000000| Untracked 
| 177|0x000000008b100000, 0x000000008b100000, 0x000000008b200000|  0%| F|  |TAMS 0x000000008b100000, 0x000000008b100000| Untracked 
| 178|0x000000008b200000, 0x000000008b200000, 0x000000008b300000|  0%| F|  |TAMS 0x000000008b200000, 0x000000008b200000| Untracked 
| 179|0x000000008b300000, 0x000000008b300000, 0x000000008b400000|  0%| F|  |TAMS 0x000000008b300000, 0x000000008b300000| Untracked 
| 180|0x000000008b400000, 0x000000008b400000, 0x000000008b500000|  0%| F|  |TAMS 0x000000008b400000, 0x000000008b400000| Untracked 
| 181|0x000000008b500000, 0x000000008b500000, 0x000000008b600000|  0%| F|  |TAMS 0x000000008b500000, 0x000000008b500000| Untracked 
| 182|0x000000008b600000, 0x000000008b600000, 0x000000008b700000|  0%| F|  |TAMS 0x000000008b600000, 0x000000008b600000| Untracked 
| 183|0x000000008b700000, 0x000000008b700000, 0x000000008b800000|  0%| F|  |TAMS 0x000000008b700000, 0x000000008b700000| Untracked 
| 184|0x000000008b800000, 0x000000008b800000, 0x000000008b900000|  0%| F|  |TAMS 0x000000008b800000, 0x000000008b800000| Untracked 
| 185|0x000000008b900000, 0x000000008b900000, 0x000000008ba00000|  0%| F|  |TAMS 0x000000008b900000, 0x000000008b900000| Untracked 
| 186|0x000000008ba00000, 0x000000008ba00000, 0x000000008bb00000|  0%| F|  |TAMS 0x000000008ba00000, 0x000000008ba00000| Untracked 
| 187|0x000000008bb00000, 0x000000008bb00000, 0x000000008bc00000|  0%| F|  |TAMS 0x000000008bb00000, 0x000000008bb00000| Untracked 
| 188|0x000000008bc00000, 0x000000008bc00000, 0x000000008bd00000|  0%| F|  |TAMS 0x000000008bc00000, 0x000000008bc00000| Untracked 
| 189|0x000000008bd00000, 0x000000008bd00000, 0x000000008be00000|  0%| F|  |TAMS 0x000000008bd00000, 0x000000008bd00000| Untracked 
| 190|0x000000008be00000, 0x000000008be00000, 0x000000008bf00000|  0%| F|  |TAMS 0x000000008be00000, 0x000000008be00000| Untracked 
| 191|0x000000008bf00000, 0x000000008bf00000, 0x000000008c000000|  0%| F|  |TAMS 0x000000008bf00000, 0x000000008bf00000| Untracked 
| 192|0x000000008c000000, 0x000000008c000000, 0x000000008c100000|  0%| F|  |TAMS 0x000000008c000000, 0x000000008c000000| Untracked 
| 193|0x000000008c100000, 0x000000008c100000, 0x000000008c200000|  0%| F|  |TAMS 0x000000008c100000, 0x000000008c100000| Untracked 
| 194|0x000000008c200000, 0x000000008c200000, 0x000000008c300000|  0%| F|  |TAMS 0x000000008c200000, 0x000000008c200000| Untracked 
| 195|0x000000008c300000, 0x000000008c300000, 0x000000008c400000|  0%| F|  |TAMS 0x000000008c300000, 0x000000008c300000| Untracked 
| 196|0x000000008c400000, 0x000000008c400000, 0x000000008c500000|  0%| F|  |TAMS 0x000000008c400000, 0x000000008c400000| Untracked 
| 197|0x000000008c500000, 0x000000008c500000, 0x000000008c600000|  0%| F|  |TAMS 0x000000008c500000, 0x000000008c500000| Untracked 
| 198|0x000000008c600000, 0x000000008c600000, 0x000000008c700000|  0%| F|  |TAMS 0x000000008c600000, 0x000000008c600000| Untracked 
| 199|0x000000008c700000, 0x000000008c700000, 0x000000008c800000|  0%| F|  |TAMS 0x000000008c700000, 0x000000008c700000| Untracked 
| 200|0x000000008c800000, 0x000000008c800000, 0x000000008c900000|  0%| F|  |TAMS 0x000000008c800000, 0x000000008c800000| Untracked 
| 201|0x000000008c900000, 0x000000008c900000, 0x000000008ca00000|  0%| F|  |TAMS 0x000000008c900000, 0x000000008c900000| Untracked 
| 202|0x000000008ca00000, 0x000000008ca00000, 0x000000008cb00000|  0%| F|  |TAMS 0x000000008ca00000, 0x000000008ca00000| Untracked 
| 203|0x000000008cb00000, 0x000000008cb40448, 0x000000008cc00000| 25%| S|CS|TAMS 0x000000008cb00000, 0x000000008cb00000| Complete 
| 204|0x000000008cc00000, 0x000000008cd00000, 0x000000008cd00000|100%| S|CS|TAMS 0x000000008cc00000, 0x000000008cc00000| Complete 
| 205|0x000000008cd00000, 0x000000008ce00000, 0x000000008ce00000|100%| S|CS|TAMS 0x000000008cd00000, 0x000000008cd00000| Complete 
| 206|0x000000008ce00000, 0x000000008ce00000, 0x000000008cf00000|  0%| F|  |TAMS 0x000000008ce00000, 0x000000008ce00000| Untracked 
| 207|0x000000008cf00000, 0x000000008cf00000, 0x000000008d000000|  0%| F|  |TAMS 0x000000008cf00000, 0x000000008cf00000| Untracked 
| 208|0x000000008d000000, 0x000000008d000000, 0x000000008d100000|  0%| F|  |TAMS 0x000000008d000000, 0x000000008d000000| Untracked 
| 209|0x000000008d100000, 0x000000008d100000, 0x000000008d200000|  0%| F|  |TAMS 0x000000008d100000, 0x000000008d100000| Untracked 
| 210|0x000000008d200000, 0x000000008d200000, 0x000000008d300000|  0%| F|  |TAMS 0x000000008d200000, 0x000000008d200000| Untracked 
| 211|0x000000008d300000, 0x000000008d3e9b10, 0x000000008d400000| 91%| E|  |TAMS 0x000000008d300000, 0x000000008d300000| Complete 
| 212|0x000000008d400000, 0x000000008d500000, 0x000000008d500000|100%| E|CS|TAMS 0x000000008d400000, 0x000000008d400000| Complete 
| 213|0x000000008d500000, 0x000000008d600000, 0x000000008d600000|100%| E|CS|TAMS 0x000000008d500000, 0x000000008d500000| Complete 
| 214|0x000000008d600000, 0x000000008d700000, 0x000000008d700000|100%| E|CS|TAMS 0x000000008d600000, 0x000000008d600000| Complete 
| 215|0x000000008d700000, 0x000000008d800000, 0x000000008d800000|100%| E|CS|TAMS 0x000000008d700000, 0x000000008d700000| Complete 
| 216|0x000000008d800000, 0x000000008d900000, 0x000000008d900000|100%| E|CS|TAMS 0x000000008d800000, 0x000000008d800000| Complete 
| 217|0x000000008d900000, 0x000000008da00000, 0x000000008da00000|100%| E|CS|TAMS 0x000000008d900000, 0x000000008d900000| Complete 
| 218|0x000000008da00000, 0x000000008db00000, 0x000000008db00000|100%| E|CS|TAMS 0x000000008da00000, 0x000000008da00000| Complete 
| 219|0x000000008db00000, 0x000000008dc00000, 0x000000008dc00000|100%| E|CS|TAMS 0x000000008db00000, 0x000000008db00000| Complete 
| 220|0x000000008dc00000, 0x000000008dd00000, 0x000000008dd00000|100%| E|CS|TAMS 0x000000008dc00000, 0x000000008dc00000| Complete 
| 221|0x000000008dd00000, 0x000000008de00000, 0x000000008de00000|100%| E|CS|TAMS 0x000000008dd00000, 0x000000008dd00000| Complete 
| 222|0x000000008de00000, 0x000000008df00000, 0x000000008df00000|100%| E|  |TAMS 0x000000008de00000, 0x000000008de00000| Complete 
| 223|0x000000008df00000, 0x000000008e000000, 0x000000008e000000|100%| E|CS|TAMS 0x000000008df00000, 0x000000008df00000| Complete 
| 224|0x000000008e000000, 0x000000008e100000, 0x000000008e100000|100%| E|CS|TAMS 0x000000008e000000, 0x000000008e000000| Complete 
| 225|0x000000008e100000, 0x000000008e200000, 0x000000008e200000|100%| E|CS|TAMS 0x000000008e100000, 0x000000008e100000| Complete 
| 226|0x000000008e200000, 0x000000008e300000, 0x000000008e300000|100%| E|CS|TAMS 0x000000008e200000, 0x000000008e200000| Complete 
| 227|0x000000008e300000, 0x000000008e400000, 0x000000008e400000|100%| E|CS|TAMS 0x000000008e300000, 0x000000008e300000| Complete 
| 228|0x000000008e400000, 0x000000008e500000, 0x000000008e500000|100%| E|CS|TAMS 0x000000008e400000, 0x000000008e400000| Complete 
| 229|0x000000008e500000, 0x000000008e600000, 0x000000008e600000|100%| E|CS|TAMS 0x000000008e500000, 0x000000008e500000| Complete 
| 230|0x000000008e600000, 0x000000008e700000, 0x000000008e700000|100%| E|CS|TAMS 0x000000008e600000, 0x000000008e600000| Complete 
| 231|0x000000008e700000, 0x000000008e800000, 0x000000008e800000|100%| E|CS|TAMS 0x000000008e700000, 0x000000008e700000| Complete 
| 232|0x000000008e800000, 0x000000008e900000, 0x000000008e900000|100%| E|CS|TAMS 0x000000008e800000, 0x000000008e800000| Complete 
| 233|0x000000008e900000, 0x000000008ea00000, 0x000000008ea00000|100%| E|CS|TAMS 0x000000008e900000, 0x000000008e900000| Complete 
| 234|0x000000008ea00000, 0x000000008eb00000, 0x000000008eb00000|100%| E|CS|TAMS 0x000000008ea00000, 0x000000008ea00000| Complete 
| 235|0x000000008eb00000, 0x000000008ec00000, 0x000000008ec00000|100%| E|CS|TAMS 0x000000008eb00000, 0x000000008eb00000| Complete 
| 236|0x000000008ec00000, 0x000000008ed00000, 0x000000008ed00000|100%| E|CS|TAMS 0x000000008ec00000, 0x000000008ec00000| Complete 
| 237|0x000000008ed00000, 0x000000008ee00000, 0x000000008ee00000|100%| E|CS|TAMS 0x000000008ed00000, 0x000000008ed00000| Complete 
| 238|0x000000008ee00000, 0x000000008ef00000, 0x000000008ef00000|100%| E|CS|TAMS 0x000000008ee00000, 0x000000008ee00000| Complete 
| 239|0x000000008ef00000, 0x000000008f000000, 0x000000008f000000|100%| E|CS|TAMS 0x000000008ef00000, 0x000000008ef00000| Complete 
| 240|0x000000008f000000, 0x000000008f100000, 0x000000008f100000|100%| E|CS|TAMS 0x000000008f000000, 0x000000008f000000| Complete 
| 241|0x000000008f100000, 0x000000008f200000, 0x000000008f200000|100%| E|CS|TAMS 0x000000008f100000, 0x000000008f100000| Complete 
| 242|0x000000008f200000, 0x000000008f300000, 0x000000008f300000|100%| E|CS|TAMS 0x000000008f200000, 0x000000008f200000| Complete 
| 243|0x000000008f300000, 0x000000008f400000, 0x000000008f400000|100%| E|CS|TAMS 0x000000008f300000, 0x000000008f300000| Complete 
| 244|0x000000008f400000, 0x000000008f500000, 0x000000008f500000|100%| E|CS|TAMS 0x000000008f400000, 0x000000008f400000| Complete 
| 245|0x000000008f500000, 0x000000008f600000, 0x000000008f600000|100%| E|CS|TAMS 0x000000008f500000, 0x000000008f500000| Complete 
| 246|0x000000008f600000, 0x000000008f700000, 0x000000008f700000|100%| E|CS|TAMS 0x000000008f600000, 0x000000008f600000| Complete 
| 247|0x000000008f700000, 0x000000008f800000, 0x000000008f800000|100%| E|CS|TAMS 0x000000008f700000, 0x000000008f700000| Complete 
| 248|0x000000008f800000, 0x000000008f900000, 0x000000008f900000|100%| E|CS|TAMS 0x000000008f800000, 0x000000008f800000| Complete 
| 249|0x000000008f900000, 0x000000008fa00000, 0x000000008fa00000|100%| E|CS|TAMS 0x000000008f900000, 0x000000008f900000| Complete 

Card table byte_map: [0x00000278da240000,0x00000278da640000] _byte_map_base: 0x00000278d9e40000

Marking Bits (Prev, Next): (CMBitMap*) 0x00000278c705c360, (CMBitMap*) 0x00000278c705c328
 Prev Bits: [0x00000278dca40000, 0x00000278dea40000)
 Next Bits: [0x00000278daa40000, 0x00000278dca40000)

Polling page: 0x00000278c6800000

Metaspace:

Usage:
  Non-class:    112.25 MB capacity,   109.33 MB ( 97%) used,     2.40 MB (  2%) free+waste,   540.69 KB ( <1%) overhead. 
      Class:     16.76 MB capacity,    15.14 MB ( 90%) used,     1.39 MB (  8%) free+waste,   232.69 KB (  1%) overhead. 
       Both:    129.01 MB capacity,   124.47 MB ( 96%) used,     3.78 MB (  3%) free+waste,   773.38 KB ( <1%) overhead. 

Virtual space:
  Non-class space:      114.00 MB reserved,     112.42 MB ( 99%) committed 
      Class space:        1.00 GB reserved,      16.90 MB (  2%) committed 
             Both:        1.11 GB reserved,     129.32 MB ( 11%) committed 

Chunk freelists:
   Non-Class:  39.00 KB
       Class:  25.00 KB
        Both:  64.00 KB

MaxMetaspaceSize: 17179869184.00 GB
CompressedClassSpaceSize: 1.00 GB

CodeHeap 'non-profiled nmethods': size=120000Kb used=28354Kb max_used=28543Kb free=91645Kb
 bounds [0x00000278d25e0000, 0x00000278d41d0000, 0x00000278d9b10000]
CodeHeap 'profiled nmethods': size=120000Kb used=57755Kb max_used=60533Kb free=62244Kb
 bounds [0x00000278cb0b0000, 0x00000278cec30000, 0x00000278d25e0000]
CodeHeap 'non-nmethods': size=5760Kb used=2354Kb max_used=2465Kb free=3405Kb
 bounds [0x00000278cab10000, 0x00000278cad90000, 0x00000278cb0b0000]
 total_blobs=27990 nmethods=27017 adapters=882
 compilation: enabled
              stopped_count=0, restarted_count=0
 full_count=0

Compilation events (20 events):
Event: 7322.176 Thread 0x00000278e1d41000 34524       1       com.android.tools.r8.graph.O::c (5 bytes)
Event: 7322.176 Thread 0x00000278e1d41000 nmethod 34524 0x00000278d2b8ff90 code [0x00000278d2b90140, 0x00000278d2b901d8]
Event: 7322.176 Thread 0x00000278e1d41000 34525       1       com.android.tools.r8.graph.u::a (5 bytes)
Event: 7322.176 Thread 0x00000278e1d41000 nmethod 34525 0x00000278d2b8fc90 code [0x00000278d2b8fe40, 0x00000278d2b8fed8]
Event: 7322.178 Thread 0x00000278e1d41000 34530       3       java.util.stream.SpinedBuffer::increaseCapacity (11 bytes)
Event: 7322.179 Thread 0x00000278e1d41000 nmethod 34530 0x00000278cb116a90 code [0x00000278cb116c60, 0x00000278cb116e58]
Event: 7322.192 Thread 0x00000278e1d41000 34540       2       com.android.tools.r8.dex.a$a::a (150 bytes)
Event: 7322.193 Thread 0x00000278e1d41000 nmethod 34540 0x00000278cb115d90 code [0x00000278cb115fe0, 0x00000278cb116658]
Event: 7322.193 Thread 0x00000278e1d41000 34541       2       com.android.tools.r8.internal.vf::isEmpty (15 bytes)
Event: 7322.194 Thread 0x00000278e1d41000 nmethod 34541 0x00000278cb142790 code [0x00000278cb142940, 0x00000278cb142a68]
Event: 7322.196 Thread 0x00000278e1d41000 34543       2       com.android.tools.r8.internal.S8::a (85 bytes)
Event: 7322.198 Thread 0x00000278e1d41000 nmethod 34543 0x00000278cb14fa10 code [0x00000278cb14fc80, 0x00000278cb1505d8]
Event: 7322.201 Thread 0x00000278e1d37800 nmethod 34512 0x00000278d31cda90 code [0x00000278d31cdd40, 0x00000278d31cead8]
Event: 7322.201 Thread 0x00000278e1d37800 34535       4       com.android.tools.r8.dex.j$d::<init> (7 bytes)
Event: 7322.204 Thread 0x00000278e1d41000 34545   !   2       com.android.tools.r8.D8::d (880 bytes)
Event: 7322.204 Thread 0x00000278e1d37800 nmethod 34535 0x00000278d2b8f710 code [0x00000278d2b8f8a0, 0x00000278d2b8fa98]
Event: 7322.204 Thread 0x00000278e1d37800 34544   !   4       java.util.concurrent.ConcurrentHashMap::merge (545 bytes)
Event: 7322.211 Thread 0x00000278e4ad3000 nmethod 34502 0x00000278d35eee10 code [0x00000278d35ef0a0, 0x00000278d35f0f08]
Event: 7322.211 Thread 0x00000278e4ad3000 34546  s    4       com.android.tools.r8.graph.T::f (60 bytes)
Event: 7322.213 Thread 0x00000278e1d41000 nmethod 34545 0x00000278cbff8010 code [0x00000278cbff8780, 0x00000278cbffb2f8]

GC Heap History (20 events):
Event: 7034.972 GC heap before
{Heap before GC invocations=275 (full 0):
 garbage-first heap   total 243712K, used 160375K [0x0000000080000000, 0x0000000100000000)
  region size 1024K, 60 young (61440K), 2 survivors (2048K)
 Metaspace       used 127270K, capacity 131846K, committed 132164K, reserved 1165312K
  class space    used 15505K, capacity 17159K, committed 17304K, reserved 1048576K
}
Event: 7034.979 GC heap after
{Heap after GC invocations=276 (full 0):
 garbage-first heap   total 243712K, used 105002K [0x0000000080000000, 0x0000000100000000)
  region size 1024K, 4 young (4096K), 4 survivors (4096K)
 Metaspace       used 127270K, capacity 131846K, committed 132164K, reserved 1165312K
  class space    used 15505K, capacity 17159K, committed 17304K, reserved 1048576K
}
Event: 7056.758 GC heap before
{Heap before GC invocations=277 (full 0):
 garbage-first heap   total 243712K, used 241194K [0x0000000080000000, 0x0000000100000000)
  region size 1024K, 93 young (95232K), 4 survivors (4096K)
 Metaspace       used 127324K, capacity 131977K, committed 132164K, reserved 1165312K
  class space    used 15506K, capacity 17159K, committed 17304K, reserved 1048576K
}
Event: 7056.768 GC heap after
{Heap after GC invocations=278 (full 0):
 garbage-first heap   total 250880K, used 108531K [0x0000000080000000, 0x0000000100000000)
  region size 1024K, 7 young (7168K), 7 survivors (7168K)
 Metaspace       used 127324K, capacity 131977K, committed 132164K, reserved 1165312K
  class space    used 15506K, capacity 17159K, committed 17304K, reserved 1048576K
}
Event: 7058.096 GC heap before
{Heap before GC invocations=278 (full 0):
 garbage-first heap   total 250880K, used 113651K [0x0000000080000000, 0x0000000100000000)
  region size 1024K, 12 young (12288K), 7 survivors (7168K)
 Metaspace       used 127324K, capacity 131977K, committed 132164K, reserved 1165312K
  class space    used 15506K, capacity 17159K, committed 17304K, reserved 1048576K
}
Event: 7058.106 GC heap after
{Heap after GC invocations=279 (full 0):
 garbage-first heap   total 250880K, used 100826K [0x0000000080000000, 0x0000000100000000)
  region size 1024K, 2 young (2048K), 2 survivors (2048K)
 Metaspace       used 127324K, capacity 131977K, committed 132164K, reserved 1165312K
  class space    used 15506K, capacity 17159K, committed 17304K, reserved 1048576K
}
Event: 7058.284 GC heap before
{Heap before GC invocations=279 (full 0):
 garbage-first heap   total 250880K, used 158170K [0x0000000080000000, 0x0000000100000000)
  region size 1024K, 60 young (61440K), 2 survivors (2048K)
 Metaspace       used 127336K, capacity 131977K, committed 132164K, reserved 1165312K
  class space    used 15506K, capacity 17159K, committed 17304K, reserved 1048576K
}
Event: 7058.291 GC heap after
{Heap after GC invocations=280 (full 0):
 garbage-first heap   total 250880K, used 102209K [0x0000000080000000, 0x0000000100000000)
  region size 1024K, 3 young (3072K), 3 survivors (3072K)
 Metaspace       used 127336K, capacity 131977K, committed 132164K, reserved 1165312K
  class space    used 15506K, capacity 17159K, committed 17304K, reserved 1048576K
}
Event: 7320.899 GC heap before
{Heap before GC invocations=281 (full 0):
 garbage-first heap   total 250880K, used 245569K [0x0000000080000000, 0x0000000100000000)
  region size 1024K, 102 young (104448K), 3 survivors (3072K)
 Metaspace       used 127368K, capacity 132043K, committed 132420K, reserved 1165312K
  class space    used 15506K, capacity 17159K, committed 17304K, reserved 1048576K
}
Event: 7320.908 GC heap after
{Heap after GC invocations=282 (full 0):
 garbage-first heap   total 256000K, used 104583K [0x0000000080000000, 0x0000000100000000)
  region size 1024K, 9 young (9216K), 9 survivors (9216K)
 Metaspace       used 127368K, capacity 132043K, committed 132420K, reserved 1165312K
  class space    used 15506K, capacity 17159K, committed 17304K, reserved 1048576K
}
Event: 7320.911 GC heap before
{Heap before GC invocations=282 (full 0):
 garbage-first heap   total 256000K, used 107655K [0x0000000080000000, 0x0000000100000000)
  region size 1024K, 12 young (12288K), 9 survivors (9216K)
 Metaspace       used 127368K, capacity 132043K, committed 132420K, reserved 1165312K
  class space    used 15506K, capacity 17159K, committed 17304K, reserved 1048576K
}
Event: 7320.917 GC heap after
{Heap after GC invocations=283 (full 0):
 garbage-first heap   total 256000K, used 101866K [0x0000000080000000, 0x0000000100000000)
  region size 1024K, 2 young (2048K), 2 survivors (2048K)
 Metaspace       used 127368K, capacity 132043K, committed 132420K, reserved 1165312K
  class space    used 15506K, capacity 17159K, committed 17304K, reserved 1048576K
}
Event: 7321.244 GC heap before
{Heap before GC invocations=283 (full 0):
 garbage-first heap   total 256000K, used 163306K [0x0000000080000000, 0x0000000100000000)
  region size 1024K, 64 young (65536K), 2 survivors (2048K)
 Metaspace       used 127372K, capacity 132043K, committed 132420K, reserved 1165312K
  class space    used 15506K, capacity 17159K, committed 17304K, reserved 1048576K
}
Event: 7321.252 GC heap after
{Heap after GC invocations=284 (full 0):
 garbage-first heap   total 256000K, used 104657K [0x0000000080000000, 0x0000000100000000)
  region size 1024K, 5 young (5120K), 5 survivors (5120K)
 Metaspace       used 127372K, capacity 132043K, committed 132420K, reserved 1165312K
  class space    used 15506K, capacity 17159K, committed 17304K, reserved 1048576K
}
Event: 7321.872 GC heap before
{Heap before GC invocations=285 (full 0):
 garbage-first heap   total 256000K, used 210129K [0x0000000080000000, 0x0000000100000000)
  region size 1024K, 103 young (105472K), 5 survivors (5120K)
 Metaspace       used 127390K, capacity 132043K, committed 132420K, reserved 1165312K
  class space    used 15506K, capacity 17159K, committed 17304K, reserved 1048576K
}
Event: 7321.883 GC heap after
{Heap after GC invocations=286 (full 0):
 garbage-first heap   total 256000K, used 115634K [0x0000000080000000, 0x0000000100000000)
  region size 1024K, 13 young (13312K), 13 survivors (13312K)
 Metaspace       used 127390K, capacity 132043K, committed 132420K, reserved 1165312K
  class space    used 15506K, capacity 17159K, committed 17304K, reserved 1048576K
}
Event: 7321.885 GC heap before
{Heap before GC invocations=286 (full 0):
 garbage-first heap   total 256000K, used 116658K [0x0000000080000000, 0x0000000100000000)
  region size 1024K, 14 young (14336K), 13 survivors (13312K)
 Metaspace       used 127390K, capacity 132043K, committed 132420K, reserved 1165312K
  class space    used 15506K, capacity 17159K, committed 17304K, reserved 1048576K
}
Event: 7321.897 GC heap after
{Heap after GC invocations=287 (full 0):
 garbage-first heap   total 256000K, used 107236K [0x0000000080000000, 0x0000000100000000)
  region size 1024K, 2 young (2048K), 2 survivors (2048K)
 Metaspace       used 127390K, capacity 132043K, committed 132420K, reserved 1165312K
  class space    used 15506K, capacity 17159K, committed 17304K, reserved 1048576K
}
Event: 7321.991 GC heap before
{Heap before GC invocations=287 (full 0):
 garbage-first heap   total 256000K, used 149220K [0x0000000080000000, 0x0000000100000000)
  region size 1024K, 44 young (45056K), 2 survivors (2048K)
 Metaspace       used 127390K, capacity 132043K, committed 132420K, reserved 1165312K
  class space    used 15506K, capacity 17159K, committed 17304K, reserved 1048576K
}
Event: 7321.996 GC heap after
{Heap after GC invocations=288 (full 0):
 garbage-first heap   total 256000K, used 108278K [0x0000000080000000, 0x0000000100000000)
  region size 1024K, 3 young (3072K), 3 survivors (3072K)
 Metaspace       used 127390K, capacity 132043K, committed 132420K, reserved 1165312K
  class space    used 15506K, capacity 17159K, committed 17304K, reserved 1048576K
}

Deoptimization events (20 events):
Event: 7321.899 Thread 0x00000278e40fc000 DEOPT PACKING pc=0x00000278cca26ff1 sp=0x000000eb83bfc8c0
Event: 7321.899 Thread 0x00000278e40fc000 DEOPT UNPACKING pc=0x00000278cab376ce sp=0x000000eb83bfbe10 mode 0
Event: 7321.900 Thread 0x00000278e40f7000 DEOPT PACKING pc=0x00000278ce2df042 sp=0x000000eb82afd270
Event: 7321.900 Thread 0x00000278e40f7000 DEOPT UNPACKING pc=0x00000278cab376ce sp=0x000000eb82afc820 mode 0
Event: 7321.911 Thread 0x00000278e40fc000 DEOPT PACKING pc=0x00000278ce2d8f36 sp=0x000000eb83bfca60
Event: 7321.911 Thread 0x00000278e40fc000 DEOPT UNPACKING pc=0x00000278cab376ce sp=0x000000eb83bfc030 mode 0
Event: 7321.918 Thread 0x00000278e40f6000 DEOPT PACKING pc=0x00000278cca26ff1 sp=0x000000eb83cfc900
Event: 7321.918 Thread 0x00000278e40f6000 DEOPT UNPACKING pc=0x00000278cab376ce sp=0x000000eb83cfbe50 mode 0
Event: 7321.922 Thread 0x00000278e40f7000 DEOPT PACKING pc=0x00000278ce2d8f36 sp=0x000000eb82afd230
Event: 7321.922 Thread 0x00000278e40f7000 DEOPT UNPACKING pc=0x00000278cab376ce sp=0x000000eb82afc800 mode 0
Event: 7321.942 Thread 0x00000278e40f7000 DEOPT PACKING pc=0x00000278ce2df042 sp=0x000000eb82afd270
Event: 7321.942 Thread 0x00000278e40f7000 DEOPT UNPACKING pc=0x00000278cab376ce sp=0x000000eb82afc820 mode 0
Event: 7321.963 Thread 0x00000278e40f6000 DEOPT PACKING pc=0x00000278cca26ff1 sp=0x000000eb83cfc900
Event: 7321.963 Thread 0x00000278e40f6000 DEOPT UNPACKING pc=0x00000278cab376ce sp=0x000000eb83cfbe50 mode 0
Event: 7321.964 Thread 0x00000278e40f7000 DEOPT PACKING pc=0x00000278ce36f6d6 sp=0x000000eb82afe330
Event: 7321.964 Thread 0x00000278e40f7000 DEOPT UNPACKING pc=0x00000278cab376ce sp=0x000000eb82afd890 mode 0
Event: 7321.987 Thread 0x00000278e40f7000 DEOPT PACKING pc=0x00000278cd2ce26b sp=0x000000eb82afdb90
Event: 7321.987 Thread 0x00000278e40f7000 DEOPT UNPACKING pc=0x00000278cab376ce sp=0x000000eb82afd168 mode 0
Event: 7322.206 Thread 0x00000278e40fc800 DEOPT PACKING pc=0x00000278ce36f6d6 sp=0x000000eb83dfe040
Event: 7322.206 Thread 0x00000278e40fc800 DEOPT UNPACKING pc=0x00000278cab376ce sp=0x000000eb83dfd5a0 mode 0

Classes redefined (0 events):
No events

Internal exceptions (20 events):
Event: 7321.697 Thread 0x00000278e8c14000 Exception <a 'sun/nio/fs/WindowsException'{0x000000008cb6f6c0}> (0x000000008cb6f6c0) thrown at [./src/hotspot/share/prims/jni.cpp, line 615]
Event: 7321.699 Thread 0x00000278e8c14000 Exception <a 'sun/nio/fs/WindowsException'{0x000000008cb74728}> (0x000000008cb74728) thrown at [./src/hotspot/share/prims/jni.cpp, line 615]
Event: 7321.700 Thread 0x00000278e8c14000 Exception <a 'sun/nio/fs/WindowsException'{0x000000008cb79790}> (0x000000008cb79790) thrown at [./src/hotspot/share/prims/jni.cpp, line 615]
Event: 7321.702 Thread 0x00000278e8c14000 Exception <a 'sun/nio/fs/WindowsException'{0x000000008cb7e868}> (0x000000008cb7e868) thrown at [./src/hotspot/share/prims/jni.cpp, line 615]
Event: 7321.703 Thread 0x00000278e8c14000 Exception <a 'sun/nio/fs/WindowsException'{0x000000008cb83958}> (0x000000008cb83958) thrown at [./src/hotspot/share/prims/jni.cpp, line 615]
Event: 7321.705 Thread 0x00000278e8c14000 Exception <a 'sun/nio/fs/WindowsException'{0x000000008cb889c0}> (0x000000008cb889c0) thrown at [./src/hotspot/share/prims/jni.cpp, line 615]
Event: 7321.706 Thread 0x00000278e8c14000 Exception <a 'sun/nio/fs/WindowsException'{0x000000008cb8da28}> (0x000000008cb8da28) thrown at [./src/hotspot/share/prims/jni.cpp, line 615]
Event: 7321.708 Thread 0x00000278e8c14000 Exception <a 'sun/nio/fs/WindowsException'{0x000000008cb96d90}> (0x000000008cb96d90) thrown at [./src/hotspot/share/prims/jni.cpp, line 615]
Event: 7321.712 Thread 0x00000278e8c14000 Exception <a 'sun/nio/fs/WindowsException'{0x000000008ca953b0}> (0x000000008ca953b0) thrown at [./src/hotspot/share/prims/jni.cpp, line 615]
Event: 7321.717 Thread 0x00000278e8c14000 Exception <a 'sun/nio/fs/WindowsException'{0x000000008c9884f8}> (0x000000008c9884f8) thrown at [./src/hotspot/share/prims/jni.cpp, line 615]
Event: 7321.729 Thread 0x00000278e8c14000 Exception <a 'sun/nio/fs/WindowsException'{0x000000008c78b4c0}> (0x000000008c78b4c0) thrown at [./src/hotspot/share/prims/jni.cpp, line 615]
Event: 7321.730 Thread 0x00000278e8c14000 Exception <a 'sun/nio/fs/WindowsException'{0x000000008c792498}> (0x000000008c792498) thrown at [./src/hotspot/share/prims/jni.cpp, line 615]
Event: 7321.733 Thread 0x00000278e8c14000 Exception <a 'sun/nio/fs/WindowsException'{0x000000008c7a1438}> (0x000000008c7a1438) thrown at [./src/hotspot/share/prims/jni.cpp, line 615]
Event: 7321.735 Thread 0x00000278e8c14000 Exception <a 'sun/nio/fs/WindowsException'{0x000000008c7b2620}> (0x000000008c7b2620) thrown at [./src/hotspot/share/prims/jni.cpp, line 615]
Event: 7321.739 Thread 0x00000278e8c14000 Exception <a 'sun/nio/fs/WindowsException'{0x000000008c6bc318}> (0x000000008c6bc318) thrown at [./src/hotspot/share/prims/jni.cpp, line 615]
Event: 7321.743 Thread 0x00000278e8c14000 Exception <a 'sun/nio/fs/WindowsException'{0x000000008c5afca8}> (0x000000008c5afca8) thrown at [./src/hotspot/share/prims/jni.cpp, line 615]
Event: 7321.818 Thread 0x00000278e8c14000 Exception <a 'sun/nio/fs/WindowsException'{0x000000008be541e0}> (0x000000008be541e0) thrown at [./src/hotspot/share/prims/jni.cpp, line 615]
Event: 7322.153 Thread 0x00000278e40fc800 Exception <a 'sun/nio/fs/WindowsException'{0x000000008f2cd6f8}> (0x000000008f2cd6f8) thrown at [./src/hotspot/share/prims/jni.cpp, line 615]
Event: 7322.163 Thread 0x00000278e4ad0800 Exception <a 'sun/nio/fs/WindowsException'{0x000000008ee6f240}> (0x000000008ee6f240) thrown at [./src/hotspot/share/prims/jni.cpp, line 615]
Event: 7322.185 Thread 0x00000278e4ad0800 Exception <a 'sun/nio/fs/WindowsException'{0x000000008e536890}> (0x000000008e536890) thrown at [./src/hotspot/share/prims/jni.cpp, line 615]

Events (20 events):
Event: 7322.207 Thread 0x00000278e1d4b800 flushing nmethod 0x00000278cdf8fb10
Event: 7322.208 Thread 0x00000278e1d4b800 flushing nmethod 0x00000278cdf9e810
Event: 7322.208 Thread 0x00000278e1d4b800 flushing nmethod 0x00000278ce05fb10
Event: 7322.208 Thread 0x00000278e1d4b800 flushing nmethod 0x00000278ce06c910
Event: 7322.208 Thread 0x00000278e1d4b800 flushing nmethod 0x00000278ce071f90
Event: 7322.208 Thread 0x00000278e1d4b800 flushing nmethod 0x00000278ce075710
Event: 7322.208 Thread 0x00000278e1d4b800 flushing nmethod 0x00000278ce07d010
Event: 7322.208 Executing VM operation: CGC_Operation
Event: 7322.209 Executing VM operation: CGC_Operation done
Event: 7322.209 Thread 0x00000278e1d4b800 flushing nmethod 0x00000278ce0ad590
Event: 7322.209 Thread 0x00000278e1d4b800 flushing nmethod 0x00000278ce0b4610
Event: 7322.210 Thread 0x00000278e1d4b800 flushing nmethod 0x00000278ce128b10
Event: 7322.210 Thread 0x00000278e1d4b800 flushing nmethod 0x00000278ce197510
Event: 7322.211 Thread 0x00000278e1d4b800 flushing nmethod 0x00000278ce2b3c10
Event: 7322.212 Thread 0x00000278e1d4b800 flushing nmethod 0x00000278ce2c6e90
Event: 7322.212 Thread 0x00000278e1d4b800 flushing nmethod 0x00000278ce418410
Event: 7322.213 Thread 0x00000278e1d4b800 flushing nmethod 0x00000278ce42a310
Event: 7322.213 Thread 0x00000278e1d4b800 flushing nmethod 0x00000278ce458890
Event: 7322.213 Thread 0x00000278e1d4b800 flushing nmethod 0x00000278ce4d3690
Event: 7322.215 Thread 0x00000278e1d4b800 flushing nmethod 0x00000278ce60e890


Dynamic libraries:
0x00007ff6731a0000 - 0x00007ff6731aa000 	C:\Program Files\Android\Android Studio\jre\bin\java.exe
0x00007ff8c7fb0000 - 0x00007ff8c81a5000 	C:\WINDOWS\SYSTEM32\ntdll.dll
0x00007ff8c6590000 - 0x00007ff8c664e000 	C:\WINDOWS\System32\KERNEL32.DLL
0x00007ff8c58a0000 - 0x00007ff8c5b68000 	C:\WINDOWS\System32\KERNELBASE.dll
0x00007ff8c5ba0000 - 0x00007ff8c5ca0000 	C:\WINDOWS\System32\ucrtbase.dll
0x00007ff8a9d50000 - 0x00007ff8a9d69000 	C:\Program Files\Android\Android Studio\jre\bin\jli.dll
0x00007ff8a69a0000 - 0x00007ff8a69b7000 	C:\Program Files\Android\Android Studio\jre\bin\VCRUNTIME140.dll
0x00007ff8c7130000 - 0x00007ff8c72d1000 	C:\WINDOWS\System32\USER32.dll
0x00007ff8b1dd0000 - 0x00007ff8b206a000 	C:\WINDOWS\WinSxS\amd64_microsoft.windows.common-controls_6595b64144ccf1df_6.0.19041.1110_none_60b5254171f9507e\COMCTL32.dll
0x00007ff8c5b70000 - 0x00007ff8c5b92000 	C:\WINDOWS\System32\win32u.dll
0x00007ff8c7bf0000 - 0x00007ff8c7c8e000 	C:\WINDOWS\System32\msvcrt.dll
0x00007ff8c6790000 - 0x00007ff8c67bb000 	C:\WINDOWS\System32\GDI32.dll
0x00007ff8c56d0000 - 0x00007ff8c57db000 	C:\WINDOWS\System32\gdi32full.dll
0x00007ff8c5f60000 - 0x00007ff8c5ffd000 	C:\WINDOWS\System32\msvcp_win.dll
0x00007ff8c78d0000 - 0x00007ff8c7900000 	C:\WINDOWS\System32\IMM32.DLL
0x00007ff8805b0000 - 0x00007ff88064d000 	C:\Program Files\Android\Android Studio\jre\bin\msvcp140.dll
0x00007ff87b560000 - 0x00007ff87c02f000 	C:\Program Files\Android\Android Studio\jre\bin\server\jvm.dll
0x00007ff8c72e0000 - 0x00007ff8c738c000 	C:\WINDOWS\System32\ADVAPI32.dll
0x00007ff8c7c90000 - 0x00007ff8c7d2b000 	C:\WINDOWS\System32\sechost.dll
0x00007ff8c6650000 - 0x00007ff8c677a000 	C:\WINDOWS\System32\RPCRT4.dll
0x00007ff8c6780000 - 0x00007ff8c6788000 	C:\WINDOWS\System32\PSAPI.DLL
0x00007ff8bc580000 - 0x00007ff8bc58a000 	C:\WINDOWS\SYSTEM32\VERSION.dll
0x00007ff8baa60000 - 0x00007ff8baa87000 	C:\WINDOWS\SYSTEM32\WINMM.dll
0x00007ff8c1380000 - 0x00007ff8c1389000 	C:\WINDOWS\SYSTEM32\WSOCK32.dll
0x00007ff8c6ff0000 - 0x00007ff8c705b000 	C:\WINDOWS\System32\WS2_32.dll
0x00007ff8c35d0000 - 0x00007ff8c35e2000 	C:\WINDOWS\SYSTEM32\kernel.appcore.dll
0x00007ff8c03b0000 - 0x00007ff8c03c1000 	C:\Program Files\Android\Android Studio\jre\bin\verify.dll
0x00007ff8b6690000 - 0x00007ff8b6874000 	C:\WINDOWS\SYSTEM32\DBGHELP.DLL
0x00007ff8b3ca0000 - 0x00007ff8b3ccc000 	C:\WINDOWS\SYSTEM32\dbgcore.DLL
0x00007ff8c57e0000 - 0x00007ff8c5863000 	C:\WINDOWS\System32\bcryptPrimitives.dll
0x00007ff8aed60000 - 0x00007ff8aed89000 	C:\Program Files\Android\Android Studio\jre\bin\java.dll
0x00007ff8c1370000 - 0x00007ff8c137b000 	C:\Program Files\Android\Android Studio\jre\bin\jimage.dll
0x00007ff8afce0000 - 0x00007ff8afcf8000 	C:\Program Files\Android\Android Studio\jre\bin\zip.dll
0x00007ff8c67c0000 - 0x00007ff8c6eff000 	C:\WINDOWS\System32\SHELL32.dll
0x00007ff8c37d0000 - 0x00007ff8c3f60000 	C:\WINDOWS\SYSTEM32\windows.storage.dll
0x00007ff8c7390000 - 0x00007ff8c76e5000 	C:\WINDOWS\System32\combase.dll
0x00007ff8c5050000 - 0x00007ff8c507e000 	C:\WINDOWS\SYSTEM32\Wldp.dll
0x00007ff8c64e0000 - 0x00007ff8c658d000 	C:\WINDOWS\System32\SHCORE.dll
0x00007ff8c7a20000 - 0x00007ff8c7a75000 	C:\WINDOWS\System32\shlwapi.dll
0x00007ff8c5610000 - 0x00007ff8c562f000 	C:\WINDOWS\SYSTEM32\profapi.dll
0x00007ff8adaa0000 - 0x00007ff8adaba000 	C:\Program Files\Android\Android Studio\jre\bin\net.dll
0x00007ff8bbba0000 - 0x00007ff8bbcac000 	C:\WINDOWS\SYSTEM32\WINHTTP.dll
0x00007ff8c4db0000 - 0x00007ff8c4e1a000 	C:\WINDOWS\system32\mswsock.dll
0x00007ff8aaa80000 - 0x00007ff8aaa94000 	C:\Program Files\Android\Android Studio\jre\bin\nio.dll
0x00007ff8a0aa0000 - 0x00007ff8a0ac7000 	C:\Users\jeffe\.gradle\native\8bec1ad78214c89d9ad589b4d07fe93259594b29d510b10fafb7a158f7737e5d\windows-amd64\native-platform.dll
0x00007ff886b40000 - 0x00007ff886c7d000 	C:\Users\jeffe\.gradle\native\53dbd7edfb1c66fb8903c78663c9afc45aea4f116125fa6feffd364cf09443e8\windows-amd64\native-platform-file-events.dll
0x00007ff8beaf0000 - 0x00007ff8beafa000 	C:\Program Files\Android\Android Studio\jre\bin\management.dll
0x00007ff8bda20000 - 0x00007ff8bda2c000 	C:\Program Files\Android\Android Studio\jre\bin\management_ext.dll
0x00007ff8c4fb0000 - 0x00007ff8c4fc8000 	C:\WINDOWS\SYSTEM32\CRYPTSP.dll
0x00007ff8c4730000 - 0x00007ff8c4764000 	C:\WINDOWS\system32\rsaenh.dll
0x00007ff8c5870000 - 0x00007ff8c5897000 	C:\WINDOWS\System32\bcrypt.dll
0x00007ff8c55d0000 - 0x00007ff8c55fe000 	C:\WINDOWS\SYSTEM32\USERENV.dll
0x00007ff8c4fa0000 - 0x00007ff8c4fac000 	C:\WINDOWS\SYSTEM32\CRYPTBASE.dll
0x00007ff8c4aa0000 - 0x00007ff8c4adb000 	C:\WINDOWS\SYSTEM32\IPHLPAPI.DLL
0x00007ff8c78c0000 - 0x00007ff8c78c8000 	C:\WINDOWS\System32\NSI.dll
0x00007ff8baeb0000 - 0x00007ff8baec7000 	C:\WINDOWS\SYSTEM32\dhcpcsvc6.DLL
0x00007ff8bae90000 - 0x00007ff8baead000 	C:\WINDOWS\SYSTEM32\dhcpcsvc.DLL
0x00007ff8c4ae0000 - 0x00007ff8c4bab000 	C:\WINDOWS\SYSTEM32\DNSAPI.dll
0x00007ff89f800000 - 0x00007ff89f827000 	C:\Program Files\Android\Android Studio\jre\bin\sunec.dll

dbghelp: loaded successfully - version: 4.0.5 - missing functions: none
symbol engine: initialized successfully - sym options: 0x614 - pdb path: .;C:\Program Files\Android\Android Studio\jre\bin;C:\WINDOWS\SYSTEM32;C:\WINDOWS\WinSxS\amd64_microsoft.windows.common-controls_6595b64144ccf1df_6.0.19041.1110_none_60b5254171f9507e;C:\Program Files\Android\Android Studio\jre\bin\server;C:\Users\jeffe\.gradle\native\8bec1ad78214c89d9ad589b4d07fe93259594b29d510b10fafb7a158f7737e5d\windows-amd64;C:\Users\jeffe\.gradle\native\53dbd7edfb1c66fb8903c78663c9afc45aea4f116125fa6feffd364cf09443e8\windows-amd64

VM Arguments:
jvm_args: --add-opens=java.base/java.util=ALL-UNNAMED --add-opens=java.base/java.lang=ALL-UNNAMED --add-opens=java.base/java.lang.invoke=ALL-UNNAMED --add-opens=java.base/java.util=ALL-UNNAMED --add-opens=java.prefs/java.util.prefs=ALL-UNNAMED --add-opens=java.prefs/java.util.prefs=ALL-UNNAMED --add-opens=java.base/java.nio.charset=ALL-UNNAMED --add-opens=java.base/java.net=ALL-UNNAMED --add-opens=java.base/java.util.concurrent.atomic=ALL-UNNAMED -Xmx2048m -Dfile.encoding=UTF-8 -Duser.country=PH -Duser.language=en -Duser.variant 
java_command: org.gradle.launcher.daemon.bootstrap.GradleDaemon 7.0.2
java_class_path (initial): C:\Users\jeffe\.gradle\wrapper\dists\gradle-7.0.2-bin\857tjihv64xamwrf0h14cai3r\gradle-7.0.2\lib\gradle-launcher-7.0.2.jar
Launcher Type: SUN_STANDARD

[Global flags]
     intx CICompilerCount                          = 4                                         {product} {ergonomic}
     uint ConcGCThreads                            = 2                                         {product} {ergonomic}
     uint G1ConcRefinementThreads                  = 8                                         {product} {ergonomic}
   size_t G1HeapRegionSize                         = 1048576                                   {product} {ergonomic}
    uintx GCDrainStackTargetSize                   = 64                                        {product} {ergonomic}
   size_t InitialHeapSize                          = 234881024                                 {product} {ergonomic}
   size_t MarkStackSize                            = 4194304                                   {product} {ergonomic}
   size_t MaxHeapSize                              = 2147483648                                {product} {command line}
   size_t MaxNewSize                               = 1287651328                                {product} {ergonomic}
   size_t MinHeapDeltaBytes                        = 1048576                                   {product} {ergonomic}
    uintx NonNMethodCodeHeapSize                   = 5836300                                {pd product} {ergonomic}
    uintx NonProfiledCodeHeapSize                  = 122910970                              {pd product} {ergonomic}
    uintx ProfiledCodeHeapSize                     = 122910970                              {pd product} {ergonomic}
    uintx ReservedCodeCacheSize                    = 251658240                              {pd product} {ergonomic}
     bool SegmentedCodeCache                       = true                                      {product} {ergonomic}
     bool UseCompressedClassPointers               = true                                 {lp64_product} {ergonomic}
     bool UseCompressedOops                        = true                                 {lp64_product} {ergonomic}
     bool UseG1GC                                  = true                                      {product} {ergonomic}
     bool UseLargePagesIndividualAllocation        = false                                  {pd product} {ergonomic}

Logging:
Log output configuration:
 #0: stdout all=warning uptime,level,tags
 #1: stderr all=off uptime,level,tags

Environment Variables:
JAVA_HOME=C:\Program Files\Java\jdk-13.0.2
PATH=C:\Program Files (x86)\Razer Chroma SDK\bin;C:\Program Files\Razer Chroma SDK\bin;C:\Program Files (x86)\Razer\ChromaBroadcast\bin;C:\Program Files\Razer\ChromaBroadcast\bin;C:\WINDOWS\system32;C:\WINDOWS;C:\WINDOWS\System32\Wbem;C:\WINDOWS\System32\WindowsPowerShell\v1.0\;C:\WINDOWS\System32\OpenSSH\;C:\Program Files\Java\jdk-13.0.2\bin;C:\Program Files\MySQL\MySQL Server 5.5\bin;C:\WINDOWS\system32\config\systemprofile\AppData\Local\Microsoft\WindowsApps;C:\Users\jeffe\AppData\Local\Microsoft\WindowsApps;C:\Program Files\MySQL\MySQL Shell 8.0\bin\;C:\Users\jeffe\AppData\Local\Microsoft\WindowsApps;
USERNAME=jeffe
OS=Windows_NT
PROCESSOR_IDENTIFIER=AMD64 Family 23 Model 24 Stepping 1, AuthenticAMD



---------------  S Y S T E M  ---------------

OS: Windows 10 , 64 bit Build 19041 (10.0.19041.1320)
OS uptime: 1 days 0:30 hours

CPU:total 8 (initial active 8) (8 cores per cpu, 2 threads per core) family 23 model 24 stepping 1 microcode 0x0, cmov, cx8, fxsr, mmx, sse, sse2, sse3, ssse3, sse4.1, sse4.2, popcnt, avx, avx2, aes, clmul, mmxext, 3dnowpref, lzcnt, sse4a, ht, tsc, tscinvbit, tscinv, bmi1, bmi2, adx, s

Memory: 4k page, system-wide physical 14274M (7284M free)
TotalPageFile size 16450M (AvailPageFile size 5905M)
current process WorkingSet (physical memory assigned to process): 600M, peak: 622M
current process commit charge ("private bytes"): 683M, peak: 698M

vm_info: OpenJDK 64-Bit Server VM (11.0.10+0-b96-7249189) for windows-amd64 JRE (11.0.10+0-b96-7249189), built on Mar 31 2021 21:44:00 by "builder" with MS VC++ 14.0 (VS2015)

END.
