#
# A fatal error has been detected by the Java Runtime Environment:
#
#  EXCEPTION_ACCESS_VIOLATION (0xc0000005) at pc=0x00007ff871c94686, pid=11280, tid=4080
#
# JRE version: OpenJDK Runtime Environment (11.0.10) (build 11.0.10+0-b96-7249189)
# Java VM: OpenJDK 64-Bit Server VM (11.0.10+0-b96-7249189, mixed mode, tiered, compressed oops, g1 gc, windows-amd64)
# Problematic frame:
# V  [jvm.dll+0x84686]
#
# No core dump will be written. Minidumps are not enabled by default on client versions of Windows
#
# If you would like to submit a bug report, please visit:
#   https://bugreport.java.com/bugreport/crash.jsp
#

---------------  S U M M A R Y ------------

Command Line: --add-opens=java.base/java.util=ALL-UNNAMED --add-opens=java.base/java.lang=ALL-UNNAMED --add-opens=java.base/java.lang.invoke=ALL-UNNAMED --add-opens=java.base/java.util=ALL-UNNAMED --add-opens=java.prefs/java.util.prefs=ALL-UNNAMED --add-opens=java.prefs/java.util.prefs=ALL-UNNAMED --add-opens=java.base/java.nio.charset=ALL-UNNAMED --add-opens=java.base/java.net=ALL-UNNAMED --add-opens=java.base/java.util.concurrent.atomic=ALL-UNNAMED -Xmx2048m -Dfile.encoding=UTF-8 -Duser.country=PH -Duser.language=en -Duser.variant org.gradle.launcher.daemon.bootstrap.GradleDaemon 7.0.2

Host: AMD Ryzen 5 3550H with Radeon Vega Mobile Gfx  , 8 cores, 13G,  Windows 10 , 64 bit Build 19041 (10.0.19041.1348)
Time: Wed Dec 15 21:44:30 2021 Malay Peninsula Standard Time elapsed time: 8411.402464 seconds (0d 2h 20m 11s)

---------------  T H R E A D  ---------------

Current thread (0x000002ce34a0b800):  JavaThread "C2 CompilerThread2" daemon [_thread_in_native, id=4080, stack(0x000000f069800000,0x000000f069900000)]


Current CompileTask:
C2:8411402 40265       4       org.gradle.tooling.internal.adapter.ProtocolToModelAdapter$SafeMethodInvoker::invoke (118 bytes)

Stack: [0x000000f069800000,0x000000f069900000],  sp=0x000000f0698fbc80,  free space=1007k
Native frames: (J=compiled Java code, j=interpreted, Vv=VM code, C=native code)
V  [jvm.dll+0x84686]
V  [jvm.dll+0x6414df]
V  [jvm.dll+0x197d38]
V  [jvm.dll+0x1fb70e]
V  [jvm.dll+0x1fa7f4]
V  [jvm.dll+0x18354c]
V  [jvm.dll+0x208ee7]
V  [jvm.dll+0x207731]
V  [jvm.dll+0x6eb1cf]
V  [jvm.dll+0x6e3d45]
V  [jvm.dll+0x5ebe96]
C  [ucrtbase.dll+0x21bb2]
C  [KERNEL32.DLL+0x17034]
C  [ntdll.dll+0x52651]


siginfo: EXCEPTION_ACCESS_VIOLATION (0xc0000005), reading address 0x000000ce3e8613d0


Register to memory mapping:

RIP=0x00007ff871c94686 jvm.dll
RAX=0x000000ce3e8613c8 is an unknown value
RBX=0x000002ce3e85e9e8 points into unknown readable memory: 0x00007ff8723f3ea0 | a0 3e 3f 72 f8 7f 00 00
RCX=0x000002ce3e861370 points into unknown readable memory: 0x00007ff8723f3ea0 | a0 3e 3f 72 f8 7f 00 00
RDX=0x0000000000000001 is an unknown value
RSP=0x000000f0698fbc80 is pointing into the stack for thread: 0x000002ce34a0b800
RBP=0x000000f0698fbdb0 is pointing into the stack for thread: 0x000002ce34a0b800
RSI=0x000002ce3e861370 points into unknown readable memory: 0x00007ff8723f3ea0 | a0 3e 3f 72 f8 7f 00 00
RDI=0x000002ce3e861370 points into unknown readable memory: 0x00007ff8723f3ea0 | a0 3e 3f 72 f8 7f 00 00
R8 =0x000002ce3e85e9e8 points into unknown readable memory: 0x00007ff8723f3ea0 | a0 3e 3f 72 f8 7f 00 00
R9 =0x000002ce3e861268 points into unknown readable memory: 0x000002ce337c7e30 | 30 7e 7c 33 ce 02 00 00
R10=0x000002ce3defab60 points into unknown readable memory: 0x000002ce3dea2648 | 48 26 ea 3d ce 02 00 00
R11=0x000002ce327f69f8 points into unknown readable memory: 0x000002ce3dea2648 | 48 26 ea 3d ce 02 00 00
R12=0x0000000000000001 is an unknown value
R13=0x000002ce40c70b70 points into unknown readable memory: 0x00007ff8723f8568 | 68 85 3f 72 f8 7f 00 00
R14=0x00000000000003ff is an unknown value
R15=0x000002ce3e85e9e8 points into unknown readable memory: 0x00007ff8723f3ea0 | a0 3e 3f 72 f8 7f 00 00


Registers:
RAX=0x000000ce3e8613c8, RBX=0x000002ce3e85e9e8, RCX=0x000002ce3e861370, RDX=0x0000000000000001
RSP=0x000000f0698fbc80, RBP=0x000000f0698fbdb0, RSI=0x000002ce3e861370, RDI=0x000002ce3e861370
R8 =0x000002ce3e85e9e8, R9 =0x000002ce3e861268, R10=0x000002ce3defab60, R11=0x000002ce327f69f8
R12=0x0000000000000001, R13=0x000002ce40c70b70, R14=0x00000000000003ff, R15=0x000002ce3e85e9e8
RIP=0x00007ff871c94686, EFLAGS=0x0000000000010202

Top of Stack: (sp=0x000000f0698fbc80)
0x000000f0698fbc80:   000000f0698fc618 000002ce3e861370
0x000000f0698fbc90:   000000000000001d 000002ce40c71ae8
0x000000f0698fbca0:   000000000000002f 00007ff8722514df
0x000000f0698fbcb0:   000002ce40c71118 000002ce3e861370
0x000000f0698fbcc0:   000002ce40c71d40 000000f00000001d
0x000000f0698fbcd0:   000000f0698fc0d8 000000f0698fbe60
0x000000f0698fbce0:   000002ce0000008a 000002ce328419b0
0x000000f0698fbcf0:   000002ce40840760 000000f0698fbe00
0x000000f0698fbd00:   000002ce0000008a 00007ff871ccc69c
0x000000f0698fbd10:   000002ce00000005 000002ce3c5d4ca8
0x000000f0698fbd20:   0000000100000005 00007ff87260c960
0x000000f0698fbd30:   00000000000000da 000002ce3e861370
0x000000f0698fbd40:   0000000000000710 000002ce33871960
0x000000f0698fbd50:   000002ce432579a0 0000000000000001
0x000000f0698fbd60:   000002ce3c5d4cb8 000002ce00000001
0x000000f0698fbd70:   000002ce3c54d690 0000106900000000 

Instructions: (pc=0x00007ff871c94686)
0x00007ff871c94586:   cc cc cc cc cc cc cc cc cc cc b8 07 03 00 00 c3
0x00007ff871c94596:   cc cc cc cc cc cc cc cc cc cc b8 08 03 00 00 c3
0x00007ff871c945a6:   cc cc cc cc cc cc cc cc cc cc b8 1f 03 00 00 c3
0x00007ff871c945b6:   cc cc cc cc cc cc cc cc cc cc b8 1d 03 00 00 c3
0x00007ff871c945c6:   cc cc cc cc cc cc cc cc cc cc b8 1e 03 00 00 c3
0x00007ff871c945d6:   cc cc cc cc cc cc cc cc cc cc b8 14 03 00 00 c3
0x00007ff871c945e6:   cc cc cc cc cc cc cc cc cc cc b8 12 03 00 00 c3
0x00007ff871c945f6:   cc cc cc cc cc cc cc cc cc cc b8 13 03 00 00 c3
0x00007ff871c94606:   cc cc cc cc cc cc cc cc cc cc b8 2a 03 00 00 c3
0x00007ff871c94616:   cc cc cc cc cc cc cc cc cc cc b8 28 03 00 00 c3
0x00007ff871c94626:   cc cc cc cc cc cc cc cc cc cc b8 29 03 00 00 c3
0x00007ff871c94636:   cc cc cc cc cc cc cc cc cc cc b8 dd 02 00 00 c3
0x00007ff871c94646:   cc cc cc cc cc cc cc cc cc cc b8 dc 02 00 00 c3
0x00007ff871c94656:   cc cc cc cc cc cc cc cc cc cc b8 c1 02 00 00 c3
0x00007ff871c94666:   cc cc cc cc cc cc cc cc cc cc 48 89 5c 24 08 57
0x00007ff871c94676:   48 83 ec 20 48 8b 41 08 48 8b f9 8b d2 49 8b d8
0x00007ff871c94686:   48 8b 0c d0 4c 8d 0c d0 48 85 c9 74 26 4c 8b 41
0x00007ff871c94696:   10 4d 85 c0 74 1d 8b 41 20 49 8d 14 c0 48 39 7a
0x00007ff871c946a6:   f8 48 8d 52 f8 75 f6 ff c8 89 41 20 49 8b 0c c0
0x00007ff871c946b6:   48 89 0a 49 89 19 48 85 db 74 25 48 83 7b 10 00
0x00007ff871c946c6:   74 1e 8b 53 20 3b 53 24 75 08 48 8b cb e8 58 8b
0x00007ff871c946d6:   54 00 8b 4b 20 48 8b 43 10 48 89 3c c8 ff 43 20
0x00007ff871c946e6:   48 8b 5c 24 30 48 83 c4 20 5f c3 cc cc cc cc cc
0x00007ff871c946f6:   cc cc cc cc cc cc cc cc cc cc 40 53 48 83 ec 20
0x00007ff871c94706:   33 d2 48 8b d9 e8 30 62 54 00 33 c9 c7 43 2c 06
0x00007ff871c94716:   00 00 00 48 8d 05 38 e4 6e 00 89 4b 38 48 89 03
0x00007ff871c94726:   48 89 4b 40 48 8b 05 ff 6c 9a 00 48 89 43 58 48
0x00007ff871c94736:   8d 05 d4 de 71 00 48 89 03 48 8d 83 b0 00 00 00
0x00007ff871c94746:   48 89 43 40 48 8b c3 48 89 4b 60 48 89 4b 68 89
0x00007ff871c94756:   4b 70 88 8b 98 00 00 00 c7 43 2c be 00 00 00 c7
0x00007ff871c94766:   43 38 02 00 00 00 48 83 c4 20 5b c3 cc cc cc cc
0x00007ff871c94776:   cc cc cc cc cc cc cc cc cc cc 40 53 48 83 ec 20 


Stack slot to memory mapping:
stack at sp + 0 slots: 0x000000f0698fc618 is pointing into the stack for thread: 0x000002ce34a0b800
stack at sp + 1 slots: 0x000002ce3e861370 points into unknown readable memory: 0x00007ff8723f3ea0 | a0 3e 3f 72 f8 7f 00 00
stack at sp + 2 slots: 0x000000000000001d is an unknown value
stack at sp + 3 slots: 0x000002ce40c71ae8 points into unknown readable memory: 0x00007ff8723b0888 | 88 08 3b 72 f8 7f 00 00
stack at sp + 4 slots: 0x000000000000002f is an unknown value
stack at sp + 5 slots: 0x00007ff8722514df jvm.dll
stack at sp + 6 slots: 0x000002ce40c71118 points into unknown readable memory: 0x00007ff8723f8568 | 68 85 3f 72 f8 7f 00 00
stack at sp + 7 slots: 0x000002ce3e861370 points into unknown readable memory: 0x00007ff8723f3ea0 | a0 3e 3f 72 f8 7f 00 00


---------------  P R O C E S S  ---------------

Threads class SMR info:
_java_thread_list=0x000002ce3559a500, length=54, elements={
0x000002ce115ce000, 0x000002ce2e232800, 0x000002ce2e23d000, 0x000002ce2e28e800,
0x000002ce2e290000, 0x000002ce2e292000, 0x000002ce2e296000, 0x000002ce2e297000,
0x000002ce2da07800, 0x000002ce2e420000, 0x000002ce2f4aa800, 0x000002ce2e7ce800,
0x000002ce3068d800, 0x000002ce30ab4800, 0x000002ce30ab8800, 0x000002ce30ab7000,
0x000002ce30ab2800, 0x000002ce30ab5000, 0x000002ce32802800, 0x000002ce32806800,
0x000002ce32804800, 0x000002ce32807800, 0x000002ce3280b800, 0x000002ce2e7e4000,
0x000002ce2e7e7800, 0x000002ce2e7e6800, 0x000002ce2e7e5000, 0x000002ce2e7e6000,
0x000002ce2e7e3800, 0x000002ce31ce6800, 0x000002ce34a03800, 0x000002ce35349000,
0x000002ce35344000, 0x000002ce35349800, 0x000002ce3534a800, 0x000002ce35344800,
0x000002ce3534d000, 0x000002ce35347000, 0x000002ce35348000, 0x000002ce3534e800,
0x000002ce3534f800, 0x000002ce35351000, 0x000002ce34a05000, 0x000002ce34a01800,
0x000002ce34a02800, 0x000002ce34a04000, 0x000002ce34a06000, 0x000002ce34a00000,
0x000002ce34a06800, 0x000002ce34a01000, 0x000002ce34a09000, 0x000002ce34a0a000,
0x000002ce34a0d000, 0x000002ce34a0b800
}

Java Threads: ( => current thread )
  0x000002ce115ce000 JavaThread "main" [_thread_blocked, id=4688, stack(0x000000f065d00000,0x000000f065e00000)]
  0x000002ce2e232800 JavaThread "Reference Handler" daemon [_thread_blocked, id=2824, stack(0x000000f066400000,0x000000f066500000)]
  0x000002ce2e23d000 JavaThread "Finalizer" daemon [_thread_blocked, id=10980, stack(0x000000f066500000,0x000000f066600000)]
  0x000002ce2e28e800 JavaThread "Signal Dispatcher" daemon [_thread_blocked, id=6268, stack(0x000000f066600000,0x000000f066700000)]
  0x000002ce2e290000 JavaThread "Attach Listener" daemon [_thread_blocked, id=8456, stack(0x000000f066700000,0x000000f066800000)]
  0x000002ce2e292000 JavaThread "Service Thread" daemon [_thread_blocked, id=12136, stack(0x000000f066800000,0x000000f066900000)]
  0x000002ce2e296000 JavaThread "C2 CompilerThread0" daemon [_thread_blocked, id=9904, stack(0x000000f066900000,0x000000f066a00000)]
  0x000002ce2e297000 JavaThread "C1 CompilerThread0" daemon [_thread_blocked, id=6016, stack(0x000000f066a00000,0x000000f066b00000)]
  0x000002ce2da07800 JavaThread "Sweeper thread" daemon [_thread_blocked, id=4184, stack(0x000000f066b00000,0x000000f066c00000)]
  0x000002ce2e420000 JavaThread "Common-Cleaner" daemon [_thread_blocked, id=1932, stack(0x000000f066c00000,0x000000f066d00000)]
  0x000002ce2f4aa800 JavaThread "Daemon health stats" [_thread_blocked, id=1584, stack(0x000000f067300000,0x000000f067400000)]
  0x000002ce2e7ce800 JavaThread "Incoming local TCP Connector on port 52920" [_thread_in_native, id=6860, stack(0x000000f066e00000,0x000000f066f00000)]
  0x000002ce3068d800 JavaThread "Daemon periodic checks" [_thread_blocked, id=11924, stack(0x000000f067400000,0x000000f067500000)]
  0x000002ce30ab4800 JavaThread "Cache worker for file hash cache (C:\Users\jeffe\.gradle\caches\7.0.2\fileHashes)" [_thread_blocked, id=5792, stack(0x000000f067c00000,0x000000f067d00000)]
  0x000002ce30ab8800 JavaThread "File lock request listener" [_thread_in_native, id=6924, stack(0x000000f067d00000,0x000000f067e00000)]
  0x000002ce30ab7000 JavaThread "Cache worker for journal cache (C:\Users\jeffe\.gradle\caches\journal-1)" [_thread_blocked, id=7664, stack(0x000000f068200000,0x000000f068300000)]
  0x000002ce30ab2800 JavaThread "File watcher server" daemon [_thread_in_native, id=8796, stack(0x000000f068600000,0x000000f068700000)]
  0x000002ce30ab5000 JavaThread "File watcher consumer" daemon [_thread_blocked, id=11288, stack(0x000000f068700000,0x000000f068800000)]
  0x000002ce32802800 JavaThread "Cache worker for execution history cache (C:\Users\jeffe\.gradle\caches\7.0.2\executionHistory)" [_thread_blocked, id=708, stack(0x000000f068a00000,0x000000f068b00000)]
  0x000002ce32806800 JavaThread "jar transforms" [_thread_blocked, id=1368, stack(0x000000f068c00000,0x000000f068d00000)]
  0x000002ce32804800 JavaThread "jar transforms Thread 2" [_thread_blocked, id=2464, stack(0x000000f068d00000,0x000000f068e00000)]
  0x000002ce32807800 JavaThread "Cache worker for file content cache (C:\Users\jeffe\.gradle\caches\7.0.2\fileContent)" [_thread_blocked, id=11468, stack(0x000000f068e00000,0x000000f068f00000)]
  0x000002ce3280b800 JavaThread "jar transforms Thread 3" [_thread_blocked, id=12036, stack(0x000000f069000000,0x000000f069100000)]
  0x000002ce2e7e4000 JavaThread "jar transforms Thread 4" [_thread_blocked, id=10396, stack(0x000000f068300000,0x000000f068400000)]
  0x000002ce2e7e7800 JavaThread "jar transforms Thread 5" [_thread_blocked, id=4768, stack(0x000000f068b00000,0x000000f068c00000)]
  0x000002ce2e7e6800 JavaThread "jar transforms Thread 6" [_thread_blocked, id=8328, stack(0x000000f069a00000,0x000000f069b00000)]
  0x000002ce2e7e5000 JavaThread "jar transforms Thread 7" [_thread_blocked, id=11900, stack(0x000000f069b00000,0x000000f069c00000)]
  0x000002ce2e7e6000 JavaThread "jar transforms Thread 8" [_thread_blocked, id=10260, stack(0x000000f069c00000,0x000000f069d00000)]
  0x000002ce2e7e3800 JavaThread "Memory manager" [_thread_blocked, id=9368, stack(0x000000f069d00000,0x000000f069e00000)]
  0x000002ce31ce6800 JavaThread "Cache worker for Java compile cache (C:\Users\jeffe\.gradle\caches\7.0.2\javaCompile)" [_thread_blocked, id=1128, stack(0x000000f06b100000,0x000000f06b200000)]
  0x000002ce34a03800 JavaThread "ForkJoinPool.commonPool-worker-3" daemon [_thread_blocked, id=3092, stack(0x000000f06c000000,0x000000f06c100000)]
  0x000002ce35349000 JavaThread "Daemon Thread 25" [_thread_blocked, id=9956, stack(0x000000f065a00000,0x000000f065b00000)]
  0x000002ce35344000 JavaThread "Handler for socket connection from /127.0.0.1:52920 to /127.0.0.1:54385" [_thread_in_native, id=5084, stack(0x000000f065b00000,0x000000f065c00000)]
  0x000002ce35349800 JavaThread "Cancel handler" [_thread_blocked, id=8004, stack(0x000000f065c00000,0x000000f065d00000)]
  0x000002ce3534a800 JavaThread "Daemon worker Thread 25" [_thread_in_native, id=256, stack(0x000000f067500000,0x000000f067600000)]
  0x000002ce35344800 JavaThread "Asynchronous log dispatcher for DefaultDaemonConnection: socket connection from /127.0.0.1:52920 to /127.0.0.1:54385" [_thread_blocked, id=4616, stack(0x000000f067600000,0x000000f067700000)]
  0x000002ce3534d000 JavaThread "Stdin handler" [_thread_blocked, id=148, stack(0x000000f067700000,0x000000f067800000)]
  0x000002ce35347000 JavaThread "Daemon client event forwarder" [_thread_blocked, id=10504, stack(0x000000f067800000,0x000000f067900000)]
  0x000002ce35348000 JavaThread "Cache worker for file hash cache (C:\Users\jeffe\AndroidStudioProjects\FirstAidKit3\.gradle\7.0.2\fileHashes)" [_thread_blocked, id=9124, stack(0x000000f067900000,0x000000f067a00000)]
  0x000002ce3534e800 JavaThread "Cache worker for checksums cache (C:\Users\jeffe\AndroidStudioProjects\FirstAidKit3\.gradle\checksums)" [_thread_blocked, id=8420, stack(0x000000f067a00000,0x000000f067b00000)]
  0x000002ce3534f800 JavaThread "Cache worker for cache directory md-supplier (C:\Users\jeffe\.gradle\caches\7.0.2\md-supplier)" [_thread_blocked, id=3860, stack(0x000000f067b00000,0x000000f067c00000)]
  0x000002ce35351000 JavaThread "Cache worker for cache directory md-rule (C:\Users\jeffe\.gradle\caches\7.0.2\md-rule)" [_thread_blocked, id=10752, stack(0x000000f068400000,0x000000f068500000)]
  0x000002ce34a05000 JavaThread "Cache worker for dependencies-accessors (C:\Users\jeffe\AndroidStudioProjects\FirstAidKit3\.gradle\7.0.2\dependencies-accessors)" [_thread_blocked, id=3420, stack(0x000000f068800000,0x000000f068900000)]
  0x000002ce34a01800 JavaThread "Cache worker for Build Output Cleanup Cache (C:\Users\jeffe\AndroidStudioProjects\FirstAidKit3\.gradle\buildOutputCleanup)" [_thread_blocked, id=8100, stack(0x000000f068900000,0x000000f068a00000)]
  0x000002ce34a02800 JavaThread "Build operations" [_thread_blocked, id=1172, stack(0x000000f068f00000,0x000000f069000000)]
  0x000002ce34a04000 JavaThread "Build operations Thread 2" [_thread_blocked, id=4084, stack(0x000000f069100000,0x000000f069200000)]
  0x000002ce34a06000 JavaThread "Build operations Thread 3" [_thread_blocked, id=764, stack(0x000000f069200000,0x000000f069300000)]
  0x000002ce34a00000 JavaThread "Build operations Thread 4" [_thread_blocked, id=10864, stack(0x000000f069300000,0x000000f069400000)]
  0x000002ce34a06800 JavaThread "Build operations Thread 5" [_thread_blocked, id=8804, stack(0x000000f069400000,0x000000f069500000)]
  0x000002ce34a01000 JavaThread "Build operations Thread 6" [_thread_blocked, id=11360, stack(0x000000f069500000,0x000000f069600000)]
  0x000002ce34a09000 JavaThread "Build operations Thread 7" [_thread_blocked, id=7584, stack(0x000000f069600000,0x000000f069700000)]
  0x000002ce34a0a000 JavaThread "Build operations Thread 8" [_thread_blocked, id=12004, stack(0x000000f069700000,0x000000f069800000)]
  0x000002ce34a0d000 JavaThread "C2 CompilerThread1" daemon [_thread_blocked, id=7728, stack(0x000000f068500000,0x000000f068600000)]
=>0x000002ce34a0b800 JavaThread "C2 CompilerThread2" daemon [_thread_in_native, id=4080, stack(0x000000f069800000,0x000000f069900000)]

Other Threads:
  0x000002ce2da00800 VMThread "VM Thread" [stack: 0x000000f066300000,0x000000f066400000] [id=5812]
  0x000002ce2e44c000 WatcherThread [stack: 0x000000f066d00000,0x000000f066e00000] [id=9520]
  0x000002ce115e7800 GCTaskThread "GC Thread#0" [stack: 0x000000f065e00000,0x000000f065f00000] [id=800]
  0x000002ce2f252800 GCTaskThread "GC Thread#1" [stack: 0x000000f066f00000,0x000000f067000000] [id=11824]
  0x000002ce2f609000 GCTaskThread "GC Thread#2" [stack: 0x000000f067000000,0x000000f067100000] [id=12064]
  0x000002ce2f0cb800 GCTaskThread "GC Thread#3" [stack: 0x000000f067100000,0x000000f067200000] [id=10992]
  0x000002ce2eee9000 GCTaskThread "GC Thread#4" [stack: 0x000000f067200000,0x000000f067300000] [id=5836]
  0x000002ce2e5ed000 GCTaskThread "GC Thread#5" [stack: 0x000000f067e00000,0x000000f067f00000] [id=10312]
  0x000002ce2f3e3800 GCTaskThread "GC Thread#6" [stack: 0x000000f067f00000,0x000000f068000000] [id=1760]
  0x000002ce2e4f0800 GCTaskThread "GC Thread#7" [stack: 0x000000f068000000,0x000000f068100000] [id=8848]
  0x000002ce11617800 ConcurrentGCThread "G1 Main Marker" [stack: 0x000000f065f00000,0x000000f066000000] [id=3528]
  0x000002ce1161a000 ConcurrentGCThread "G1 Conc#0" [stack: 0x000000f066000000,0x000000f066100000] [id=2180]
  0x000002ce2e5bf800 ConcurrentGCThread "G1 Conc#1" [stack: 0x000000f068100000,0x000000f068200000] [id=7632]
  0x000002ce2d86e800 ConcurrentGCThread "G1 Refine#0" [stack: 0x000000f066100000,0x000000f066200000] [id=4992]
  0x000002ce32a02000 ConcurrentGCThread "G1 Refine#1" [stack: 0x000000f06a600000,0x000000f06a700000] [id=8096]
  0x000002ce37458800 ConcurrentGCThread "G1 Refine#2" [stack: 0x000000f06a700000,0x000000f06a800000] [id=1548]
  0x000002ce36aa2800 ConcurrentGCThread "G1 Refine#3" [stack: 0x000000f06a800000,0x000000f06a900000] [id=8200]
  0x000002ce306c0000 ConcurrentGCThread "G1 Refine#4" [stack: 0x000000f06a900000,0x000000f06aa00000] [id=10356]
  0x000002ce38d05800 ConcurrentGCThread "G1 Refine#5" [stack: 0x000000f06aa00000,0x000000f06ab00000] [id=7292]
  0x000002ce3755c800 ConcurrentGCThread "G1 Refine#6" [stack: 0x000000f06ac00000,0x000000f06ad00000] [id=4684]
  0x000002ce2d86f000 ConcurrentGCThread "G1 Young RemSet Sampling" [stack: 0x000000f066200000,0x000000f066300000] [id=7544]

Threads with active compile tasks:
C2 CompilerThread28411451 40265       4       org.gradle.tooling.internal.adapter.ProtocolToModelAdapter$SafeMethodInvoker::invoke (118 bytes)

VM state:not at safepoint (normal execution)

VM Mutex/Monitor currently owned by a thread: None

Heap address: 0x0000000080000000, size: 2048 MB, Compressed Oops mode: 32-bit
Narrow klass base: 0x0000000000000000, Narrow klass shift: 3
Compressed class space size: 1073741824 Address: 0x0000000100000000

Heap:
 garbage-first heap   total 332800K, used 172238K [0x0000000080000000, 0x0000000100000000)
  region size 1024K, 34 young (34816K), 3 survivors (3072K)
 Metaspace       used 150241K, capacity 155678K, committed 155724K, reserved 1185792K
  class space    used 18114K, capacity 20017K, committed 20044K, reserved 1048576K
Heap Regions: E=young(eden), S=young(survivor), O=old, HS=humongous(starts), HC=humongous(continues), CS=collection set, F=free, A=archive, TAMS=top-at-mark-start (previous, next)
|   0|0x0000000080000000, 0x0000000080100000, 0x0000000080100000|100%| O|  |TAMS 0x0000000080100000, 0x0000000080000000| Untracked 
|   1|0x0000000080100000, 0x0000000080200000, 0x0000000080200000|100%| O|  |TAMS 0x0000000080200000, 0x0000000080100000| Untracked 
|   2|0x0000000080200000, 0x0000000080300000, 0x0000000080300000|100%| O|  |TAMS 0x0000000080300000, 0x0000000080200000| Untracked 
|   3|0x0000000080300000, 0x0000000080400000, 0x0000000080400000|100%|HS|  |TAMS 0x0000000080400000, 0x0000000080300000| Complete 
|   4|0x0000000080400000, 0x0000000080500000, 0x0000000080500000|100%|HC|  |TAMS 0x0000000080500000, 0x0000000080400000| Complete 
|   5|0x0000000080500000, 0x0000000080600000, 0x0000000080600000|100%|HC|  |TAMS 0x0000000080600000, 0x0000000080500000| Complete 
|   6|0x0000000080600000, 0x0000000080700000, 0x0000000080700000|100%| O|  |TAMS 0x0000000080700000, 0x0000000080600000| Untracked 
|   7|0x0000000080700000, 0x0000000080800000, 0x0000000080800000|100%| O|  |TAMS 0x0000000080800000, 0x0000000080700000| Untracked 
|   8|0x0000000080800000, 0x0000000080900000, 0x0000000080900000|100%| O|  |TAMS 0x0000000080900000, 0x0000000080800000| Untracked 
|   9|0x0000000080900000, 0x0000000080a00000, 0x0000000080a00000|100%| O|  |TAMS 0x0000000080a00000, 0x0000000080900000| Untracked 
|  10|0x0000000080a00000, 0x0000000080b00000, 0x0000000080b00000|100%| O|  |TAMS 0x0000000080b00000, 0x0000000080a00000| Untracked 
|  11|0x0000000080b00000, 0x0000000080c00000, 0x0000000080c00000|100%| O|  |TAMS 0x0000000080c00000, 0x0000000080b00000| Untracked 
|  12|0x0000000080c00000, 0x0000000080d00000, 0x0000000080d00000|100%| O|  |TAMS 0x0000000080d00000, 0x0000000080c00000| Untracked 
|  13|0x0000000080d00000, 0x0000000080e00000, 0x0000000080e00000|100%| O|  |TAMS 0x0000000080e00000, 0x0000000080d00000| Untracked 
|  14|0x0000000080e00000, 0x0000000080f00000, 0x0000000080f00000|100%| O|  |TAMS 0x0000000080f00000, 0x0000000080e00000| Untracked 
|  15|0x0000000080f00000, 0x0000000081000000, 0x0000000081000000|100%| O|  |TAMS 0x0000000081000000, 0x0000000080f00000| Untracked 
|  16|0x0000000081000000, 0x0000000081100000, 0x0000000081100000|100%|HS|  |TAMS 0x0000000081100000, 0x0000000081000000| Complete 
|  17|0x0000000081100000, 0x0000000081200000, 0x0000000081200000|100%|HS|  |TAMS 0x0000000081200000, 0x0000000081100000| Complete 
|  18|0x0000000081200000, 0x0000000081300000, 0x0000000081300000|100%|HS|  |TAMS 0x0000000081300000, 0x0000000081200000| Complete 
|  19|0x0000000081300000, 0x0000000081400000, 0x0000000081400000|100%|HC|  |TAMS 0x0000000081400000, 0x0000000081300000| Complete 
|  20|0x0000000081400000, 0x0000000081500000, 0x0000000081500000|100%| O|  |TAMS 0x0000000081500000, 0x0000000081400000| Untracked 
|  21|0x0000000081500000, 0x0000000081600000, 0x0000000081600000|100%| O|  |TAMS 0x0000000081600000, 0x0000000081500000| Untracked 
|  22|0x0000000081600000, 0x0000000081700000, 0x0000000081700000|100%| O|  |TAMS 0x0000000081700000, 0x0000000081600000| Untracked 
|  23|0x0000000081700000, 0x0000000081800000, 0x0000000081800000|100%| O|  |TAMS 0x0000000081800000, 0x0000000081700000| Untracked 
|  24|0x0000000081800000, 0x0000000081900000, 0x0000000081900000|100%| O|  |TAMS 0x0000000081900000, 0x0000000081800000| Untracked 
|  25|0x0000000081900000, 0x0000000081a00000, 0x0000000081a00000|100%| O|  |TAMS 0x0000000081a00000, 0x0000000081900000| Untracked 
|  26|0x0000000081a00000, 0x0000000081b00000, 0x0000000081b00000|100%| O|  |TAMS 0x0000000081b00000, 0x0000000081a00000| Untracked 
|  27|0x0000000081b00000, 0x0000000081c00000, 0x0000000081c00000|100%| O|  |TAMS 0x0000000081c00000, 0x0000000081b00000| Untracked 
|  28|0x0000000081c00000, 0x0000000081d00000, 0x0000000081d00000|100%| O|  |TAMS 0x0000000081d00000, 0x0000000081c00000| Untracked 
|  29|0x0000000081d00000, 0x0000000081d00000, 0x0000000081e00000|  0%| F|  |TAMS 0x0000000081d00000, 0x0000000081d00000| Untracked 
|  30|0x0000000081e00000, 0x0000000081f00000, 0x0000000081f00000|100%| O|  |TAMS 0x0000000081f00000, 0x0000000081e00000| Untracked 
|  31|0x0000000081f00000, 0x0000000082000000, 0x0000000082000000|100%| O|  |TAMS 0x0000000082000000, 0x0000000081f00000| Untracked 
|  32|0x0000000082000000, 0x0000000082100000, 0x0000000082100000|100%| O|  |TAMS 0x0000000082100000, 0x0000000082000000| Untracked 
|  33|0x0000000082100000, 0x0000000082200000, 0x0000000082200000|100%| O|  |TAMS 0x0000000082200000, 0x0000000082100000| Untracked 
|  34|0x0000000082200000, 0x0000000082300000, 0x0000000082300000|100%| O|  |TAMS 0x0000000082300000, 0x0000000082200000| Untracked 
|  35|0x0000000082300000, 0x0000000082400000, 0x0000000082400000|100%| O|  |TAMS 0x0000000082400000, 0x0000000082300000| Untracked 
|  36|0x0000000082400000, 0x0000000082500000, 0x0000000082500000|100%| O|  |TAMS 0x0000000082500000, 0x0000000082400000| Untracked 
|  37|0x0000000082500000, 0x0000000082500000, 0x0000000082600000|  0%| F|  |TAMS 0x0000000082500000, 0x0000000082500000| Untracked 
|  38|0x0000000082600000, 0x0000000082700000, 0x0000000082700000|100%| O|  |TAMS 0x0000000082600000, 0x0000000082600000| Untracked 
|  39|0x0000000082700000, 0x0000000082800000, 0x0000000082800000|100%| O|  |TAMS 0x0000000082800000, 0x0000000082700000| Untracked 
|  40|0x0000000082800000, 0x0000000082900000, 0x0000000082900000|100%| O|  |TAMS 0x0000000082800000, 0x0000000082800000| Untracked 
|  41|0x0000000082900000, 0x0000000082a00000, 0x0000000082a00000|100%| O|  |TAMS 0x0000000082900000, 0x0000000082900000| Untracked 
|  42|0x0000000082a00000, 0x0000000082b00000, 0x0000000082b00000|100%| O|  |TAMS 0x0000000082b00000, 0x0000000082a00000| Untracked 
|  43|0x0000000082b00000, 0x0000000082c00000, 0x0000000082c00000|100%| O|  |TAMS 0x0000000082c00000, 0x0000000082b00000| Untracked 
|  44|0x0000000082c00000, 0x0000000082d00000, 0x0000000082d00000|100%| O|  |TAMS 0x0000000082d00000, 0x0000000082c00000| Untracked 
|  45|0x0000000082d00000, 0x0000000082e00000, 0x0000000082e00000|100%| O|  |TAMS 0x0000000082e00000, 0x0000000082d00000| Untracked 
|  46|0x0000000082e00000, 0x0000000082f00000, 0x0000000082f00000|100%| O|  |TAMS 0x0000000082f00000, 0x0000000082e00000| Untracked 
|  47|0x0000000082f00000, 0x0000000083000000, 0x0000000083000000|100%| O|  |TAMS 0x0000000083000000, 0x0000000082f00000| Untracked 
|  48|0x0000000083000000, 0x0000000083000000, 0x0000000083100000|  0%| F|  |TAMS 0x0000000083000000, 0x0000000083000000| Untracked 
|  49|0x0000000083100000, 0x0000000083200000, 0x0000000083200000|100%| O|  |TAMS 0x0000000083200000, 0x0000000083100000| Untracked 
|  50|0x0000000083200000, 0x0000000083300000, 0x0000000083300000|100%| O|  |TAMS 0x0000000083300000, 0x0000000083200000| Untracked 
|  51|0x0000000083300000, 0x0000000083400000, 0x0000000083400000|100%| O|  |TAMS 0x0000000083300000, 0x0000000083300000| Untracked 
|  52|0x0000000083400000, 0x0000000083500000, 0x0000000083500000|100%| O|  |TAMS 0x0000000083400000, 0x0000000083400000| Untracked 
|  53|0x0000000083500000, 0x0000000083600000, 0x0000000083600000|100%| O|  |TAMS 0x0000000083600000, 0x0000000083500000| Untracked 
|  54|0x0000000083600000, 0x0000000083700000, 0x0000000083700000|100%| O|  |TAMS 0x0000000083700000, 0x0000000083600000| Untracked 
|  55|0x0000000083700000, 0x0000000083800000, 0x0000000083800000|100%| O|  |TAMS 0x0000000083700000, 0x0000000083700000| Untracked 
|  56|0x0000000083800000, 0x0000000083900000, 0x0000000083900000|100%| O|  |TAMS 0x0000000083800000, 0x0000000083800000| Untracked 
|  57|0x0000000083900000, 0x0000000083a00000, 0x0000000083a00000|100%| O|  |TAMS 0x0000000083a00000, 0x0000000083900000| Untracked 
|  58|0x0000000083a00000, 0x0000000083b00000, 0x0000000083b00000|100%| O|  |TAMS 0x0000000083b00000, 0x0000000083a00000| Untracked 
|  59|0x0000000083b00000, 0x0000000083c00000, 0x0000000083c00000|100%| O|  |TAMS 0x0000000083c00000, 0x0000000083b00000| Untracked 
|  60|0x0000000083c00000, 0x0000000083d00000, 0x0000000083d00000|100%| O|  |TAMS 0x0000000083d00000, 0x0000000083c00000| Untracked 
|  61|0x0000000083d00000, 0x0000000083e00000, 0x0000000083e00000|100%| O|  |TAMS 0x0000000083d00000, 0x0000000083d00000| Untracked 
|  62|0x0000000083e00000, 0x0000000083f00000, 0x0000000083f00000|100%| O|  |TAMS 0x0000000083f00000, 0x0000000083e00000| Untracked 
|  63|0x0000000083f00000, 0x0000000084000000, 0x0000000084000000|100%| O|  |TAMS 0x0000000084000000, 0x0000000083f00000| Untracked 
|  64|0x0000000084000000, 0x0000000084100000, 0x0000000084100000|100%| O|  |TAMS 0x0000000084100000, 0x0000000084000000| Untracked 
|  65|0x0000000084100000, 0x0000000084200000, 0x0000000084200000|100%| O|  |TAMS 0x0000000084200000, 0x0000000084100000| Untracked 
|  66|0x0000000084200000, 0x0000000084300000, 0x0000000084300000|100%| O|  |TAMS 0x0000000084300000, 0x0000000084200000| Untracked 
|  67|0x0000000084300000, 0x0000000084400000, 0x0000000084400000|100%| O|  |TAMS 0x0000000084400000, 0x0000000084300000| Untracked 
|  68|0x0000000084400000, 0x0000000084500000, 0x0000000084500000|100%| O|  |TAMS 0x0000000084500000, 0x0000000084400000| Untracked 
|  69|0x0000000084500000, 0x0000000084600000, 0x0000000084600000|100%| O|  |TAMS 0x0000000084500000, 0x0000000084500000| Untracked 
|  70|0x0000000084600000, 0x0000000084700000, 0x0000000084700000|100%| O|  |TAMS 0x0000000084700000, 0x0000000084600000| Untracked 
|  71|0x0000000084700000, 0x0000000084800000, 0x0000000084800000|100%| O|  |TAMS 0x0000000084700000, 0x0000000084700000| Untracked 
|  72|0x0000000084800000, 0x0000000084900000, 0x0000000084900000|100%| O|  |TAMS 0x0000000084900000, 0x0000000084800000| Untracked 
|  73|0x0000000084900000, 0x0000000084a00000, 0x0000000084a00000|100%| O|  |TAMS 0x0000000084a00000, 0x0000000084900000| Untracked 
|  74|0x0000000084a00000, 0x0000000084b00000, 0x0000000084b00000|100%| O|  |TAMS 0x0000000084b00000, 0x0000000084a00000| Untracked 
|  75|0x0000000084b00000, 0x0000000084c00000, 0x0000000084c00000|100%| O|  |TAMS 0x0000000084c00000, 0x0000000084b00000| Untracked 
|  76|0x0000000084c00000, 0x0000000084d00000, 0x0000000084d00000|100%| O|  |TAMS 0x0000000084d00000, 0x0000000084c00000| Untracked 
|  77|0x0000000084d00000, 0x0000000084e00000, 0x0000000084e00000|100%| O|  |TAMS 0x0000000084e00000, 0x0000000084d00000| Untracked 
|  78|0x0000000084e00000, 0x0000000084f00000, 0x0000000084f00000|100%| O|  |TAMS 0x0000000084f00000, 0x0000000084e00000| Untracked 
|  79|0x0000000084f00000, 0x0000000085000000, 0x0000000085000000|100%| O|  |TAMS 0x0000000085000000, 0x0000000084f00000| Untracked 
|  80|0x0000000085000000, 0x0000000085100000, 0x0000000085100000|100%| O|  |TAMS 0x0000000085100000, 0x0000000085000000| Untracked 
|  81|0x0000000085100000, 0x0000000085200000, 0x0000000085200000|100%| O|  |TAMS 0x0000000085200000, 0x0000000085100000| Untracked 
|  82|0x0000000085200000, 0x0000000085300000, 0x0000000085300000|100%| O|  |TAMS 0x0000000085300000, 0x0000000085200000| Untracked 
|  83|0x0000000085300000, 0x0000000085400000, 0x0000000085400000|100%| O|  |TAMS 0x0000000085400000, 0x0000000085300000| Untracked 
|  84|0x0000000085400000, 0x0000000085500000, 0x0000000085500000|100%| O|  |TAMS 0x0000000085500000, 0x0000000085400000| Untracked 
|  85|0x0000000085500000, 0x0000000085600000, 0x0000000085600000|100%| O|  |TAMS 0x0000000085600000, 0x0000000085500000| Untracked 
|  86|0x0000000085600000, 0x0000000085700000, 0x0000000085700000|100%| O|  |TAMS 0x0000000085700000, 0x0000000085600000| Untracked 
|  87|0x0000000085700000, 0x0000000085800000, 0x0000000085800000|100%| O|  |TAMS 0x0000000085700000, 0x0000000085700000| Untracked 
|  88|0x0000000085800000, 0x0000000085900000, 0x0000000085900000|100%| O|  |TAMS 0x0000000085900000, 0x0000000085800000| Untracked 
|  89|0x0000000085900000, 0x0000000085a00000, 0x0000000085a00000|100%| O|  |TAMS 0x0000000085900000, 0x0000000085900000| Untracked 
|  90|0x0000000085a00000, 0x0000000085b00000, 0x0000000085b00000|100%| O|  |TAMS 0x0000000085b00000, 0x0000000085a00000| Untracked 
|  91|0x0000000085b00000, 0x0000000085b00000, 0x0000000085c00000|  0%| F|  |TAMS 0x0000000085b00000, 0x0000000085b00000| Untracked 
|  92|0x0000000085c00000, 0x0000000085d00000, 0x0000000085d00000|100%| O|  |TAMS 0x0000000085c00000, 0x0000000085c00000| Untracked 
|  93|0x0000000085d00000, 0x0000000085e00000, 0x0000000085e00000|100%| O|  |TAMS 0x0000000085d00000, 0x0000000085d00000| Untracked 
|  94|0x0000000085e00000, 0x0000000085f00000, 0x0000000085f00000|100%|HS|  |TAMS 0x0000000085f00000, 0x0000000085e00000| Complete 
|  95|0x0000000085f00000, 0x0000000086000000, 0x0000000086000000|100%|HC|  |TAMS 0x0000000086000000, 0x0000000085f00000| Complete 
|  96|0x0000000086000000, 0x0000000086100000, 0x0000000086100000|100%| O|  |TAMS 0x0000000086100000, 0x0000000086000000| Untracked 
|  97|0x0000000086100000, 0x0000000086200000, 0x0000000086200000|100%| O|  |TAMS 0x0000000086200000, 0x0000000086100000| Untracked 
|  98|0x0000000086200000, 0x0000000086300000, 0x0000000086300000|100%| O|  |TAMS 0x0000000086300000, 0x0000000086200000| Untracked 
|  99|0x0000000086300000, 0x0000000086400000, 0x0000000086400000|100%| O|  |TAMS 0x0000000086400000, 0x0000000086300000| Untracked 
| 100|0x0000000086400000, 0x0000000086500000, 0x0000000086500000|100%| O|  |TAMS 0x0000000086500000, 0x0000000086400000| Untracked 
| 101|0x0000000086500000, 0x0000000086600000, 0x0000000086600000|100%| O|  |TAMS 0x0000000086600000, 0x0000000086500000| Untracked 
| 102|0x0000000086600000, 0x0000000086700000, 0x0000000086700000|100%| O|  |TAMS 0x0000000086700000, 0x0000000086600000| Untracked 
| 103|0x0000000086700000, 0x0000000086800000, 0x0000000086800000|100%| O|  |TAMS 0x0000000086800000, 0x0000000086700000| Untracked 
| 104|0x0000000086800000, 0x0000000086900000, 0x0000000086900000|100%| O|  |TAMS 0x0000000086900000, 0x0000000086800000| Untracked 
| 105|0x0000000086900000, 0x0000000086a00000, 0x0000000086a00000|100%| O|  |TAMS 0x0000000086a00000, 0x0000000086900000| Untracked 
| 106|0x0000000086a00000, 0x0000000086b00000, 0x0000000086b00000|100%| O|  |TAMS 0x0000000086b00000, 0x0000000086a00000| Untracked 
| 107|0x0000000086b00000, 0x0000000086c00000, 0x0000000086c00000|100%| O|  |TAMS 0x0000000086b00000, 0x0000000086b00000| Untracked 
| 108|0x0000000086c00000, 0x0000000086cddc00, 0x0000000086d00000| 86%| O|  |TAMS 0x0000000086c00000, 0x0000000086c00000| Untracked 
| 109|0x0000000086d00000, 0x0000000086d00000, 0x0000000086e00000|  0%| F|  |TAMS 0x0000000086d00000, 0x0000000086d00000| Untracked 
| 110|0x0000000086e00000, 0x0000000086f00000, 0x0000000086f00000|100%| O|  |TAMS 0x0000000086f00000, 0x0000000086e00000| Untracked 
| 111|0x0000000086f00000, 0x0000000087000000, 0x0000000087000000|100%| O|  |TAMS 0x0000000087000000, 0x0000000086f00000| Untracked 
| 112|0x0000000087000000, 0x0000000087100000, 0x0000000087100000|100%| O|  |TAMS 0x0000000087100000, 0x0000000087000000| Untracked 
| 113|0x0000000087100000, 0x0000000087200000, 0x0000000087200000|100%| O|  |TAMS 0x0000000087200000, 0x0000000087100000| Untracked 
| 114|0x0000000087200000, 0x0000000087300000, 0x0000000087300000|100%| O|  |TAMS 0x0000000087300000, 0x0000000087200000| Untracked 
| 115|0x0000000087300000, 0x0000000087300000, 0x0000000087400000|  0%| F|  |TAMS 0x0000000087300000, 0x0000000087300000| Untracked 
| 116|0x0000000087400000, 0x0000000087500000, 0x0000000087500000|100%| O|  |TAMS 0x0000000087487800, 0x0000000087400000| Untracked 
| 117|0x0000000087500000, 0x0000000087600000, 0x0000000087600000|100%| O|  |TAMS 0x0000000087600000, 0x0000000087500000| Untracked 
| 118|0x0000000087600000, 0x0000000087700000, 0x0000000087700000|100%| O|  |TAMS 0x0000000087700000, 0x0000000087600000| Untracked 
| 119|0x0000000087700000, 0x0000000087800000, 0x0000000087800000|100%| O|  |TAMS 0x0000000087800000, 0x0000000087700000| Untracked 
| 120|0x0000000087800000, 0x0000000087900000, 0x0000000087900000|100%| O|  |TAMS 0x0000000087900000, 0x0000000087800000| Untracked 
| 121|0x0000000087900000, 0x0000000087900000, 0x0000000087a00000|  0%| F|  |TAMS 0x0000000087900000, 0x0000000087900000| Untracked 
| 122|0x0000000087a00000, 0x0000000087b00000, 0x0000000087b00000|100%| O|  |TAMS 0x0000000087b00000, 0x0000000087a00000| Untracked 
| 123|0x0000000087b00000, 0x0000000087b00000, 0x0000000087c00000|  0%| F|  |TAMS 0x0000000087b00000, 0x0000000087b00000| Untracked 
| 124|0x0000000087c00000, 0x0000000087c00000, 0x0000000087d00000|  0%| F|  |TAMS 0x0000000087c00000, 0x0000000087c00000| Untracked 
| 125|0x0000000087d00000, 0x0000000087d00000, 0x0000000087e00000|  0%| F|  |TAMS 0x0000000087d00000, 0x0000000087d00000| Untracked 
| 126|0x0000000087e00000, 0x0000000087e00000, 0x0000000087f00000|  0%| F|  |TAMS 0x0000000087e00000, 0x0000000087e00000| Untracked 
| 127|0x0000000087f00000, 0x0000000087f00000, 0x0000000088000000|  0%| F|  |TAMS 0x0000000087f00000, 0x0000000087f00000| Untracked 
| 128|0x0000000088000000, 0x0000000088000000, 0x0000000088100000|  0%| F|  |TAMS 0x0000000088000000, 0x0000000088000000| Untracked 
| 129|0x0000000088100000, 0x0000000088100000, 0x0000000088200000|  0%| F|  |TAMS 0x0000000088100000, 0x0000000088100000| Untracked 
| 130|0x0000000088200000, 0x0000000088300000, 0x0000000088300000|100%| O|  |TAMS 0x0000000088300000, 0x0000000088200000| Untracked 
| 131|0x0000000088300000, 0x0000000088300000, 0x0000000088400000|  0%| F|  |TAMS 0x0000000088300000, 0x0000000088300000| Untracked 
| 132|0x0000000088400000, 0x0000000088400000, 0x0000000088500000|  0%| F|  |TAMS 0x0000000088400000, 0x0000000088400000| Untracked 
| 133|0x0000000088500000, 0x0000000088500000, 0x0000000088600000|  0%| F|  |TAMS 0x0000000088500000, 0x0000000088500000| Untracked 
| 134|0x0000000088600000, 0x0000000088700000, 0x0000000088700000|100%| O|  |TAMS 0x0000000088700000, 0x0000000088600000| Untracked 
| 135|0x0000000088700000, 0x0000000088700000, 0x0000000088800000|  0%| F|  |TAMS 0x0000000088700000, 0x0000000088700000| Untracked 
| 136|0x0000000088800000, 0x0000000088800000, 0x0000000088900000|  0%| F|  |TAMS 0x0000000088800000, 0x0000000088800000| Untracked 
| 137|0x0000000088900000, 0x0000000088a00000, 0x0000000088a00000|100%| O|  |TAMS 0x0000000088a00000, 0x0000000088900000| Untracked 
| 138|0x0000000088a00000, 0x0000000088a00000, 0x0000000088b00000|  0%| F|  |TAMS 0x0000000088a00000, 0x0000000088a00000| Untracked 
| 139|0x0000000088b00000, 0x0000000088b00000, 0x0000000088c00000|  0%| F|  |TAMS 0x0000000088b00000, 0x0000000088b00000| Untracked 
| 140|0x0000000088c00000, 0x0000000088c00000, 0x0000000088d00000|  0%| F|  |TAMS 0x0000000088c00000, 0x0000000088c00000| Untracked 
| 141|0x0000000088d00000, 0x0000000088d00000, 0x0000000088e00000|  0%| F|  |TAMS 0x0000000088d00000, 0x0000000088d00000| Untracked 
| 142|0x0000000088e00000, 0x0000000088e00000, 0x0000000088f00000|  0%| F|  |TAMS 0x0000000088e00000, 0x0000000088e00000| Untracked 
| 143|0x0000000088f00000, 0x0000000088f00000, 0x0000000089000000|  0%| F|  |TAMS 0x0000000088f00000, 0x0000000088f00000| Untracked 
| 144|0x0000000089000000, 0x0000000089000000, 0x0000000089100000|  0%| F|  |TAMS 0x0000000089000000, 0x0000000089000000| Untracked 
| 145|0x0000000089100000, 0x0000000089100000, 0x0000000089200000|  0%| F|  |TAMS 0x0000000089100000, 0x0000000089100000| Untracked 
| 146|0x0000000089200000, 0x0000000089200000, 0x0000000089300000|  0%| F|  |TAMS 0x0000000089200000, 0x0000000089200000| Untracked 
| 147|0x0000000089300000, 0x0000000089300000, 0x0000000089400000|  0%| F|  |TAMS 0x0000000089300000, 0x0000000089300000| Untracked 
| 148|0x0000000089400000, 0x0000000089400000, 0x0000000089500000|  0%| F|  |TAMS 0x0000000089400000, 0x0000000089400000| Untracked 
| 149|0x0000000089500000, 0x0000000089500000, 0x0000000089600000|  0%| F|  |TAMS 0x0000000089500000, 0x0000000089500000| Untracked 
| 150|0x0000000089600000, 0x0000000089600000, 0x0000000089700000|  0%| F|  |TAMS 0x0000000089600000, 0x0000000089600000| Untracked 
| 151|0x0000000089700000, 0x0000000089700000, 0x0000000089800000|  0%| F|  |TAMS 0x0000000089700000, 0x0000000089700000| Untracked 
| 152|0x0000000089800000, 0x0000000089800000, 0x0000000089900000|  0%| F|  |TAMS 0x0000000089800000, 0x0000000089800000| Untracked 
| 153|0x0000000089900000, 0x0000000089900000, 0x0000000089a00000|  0%| F|  |TAMS 0x0000000089900000, 0x0000000089900000| Untracked 
| 154|0x0000000089a00000, 0x0000000089a00000, 0x0000000089b00000|  0%| F|  |TAMS 0x0000000089a00000, 0x0000000089a00000| Untracked 
| 155|0x0000000089b00000, 0x0000000089b00000, 0x0000000089c00000|  0%| F|  |TAMS 0x0000000089b00000, 0x0000000089b00000| Untracked 
| 156|0x0000000089c00000, 0x0000000089c00000, 0x0000000089d00000|  0%| F|  |TAMS 0x0000000089c00000, 0x0000000089c00000| Untracked 
| 157|0x0000000089d00000, 0x0000000089d00000, 0x0000000089e00000|  0%| F|  |TAMS 0x0000000089d00000, 0x0000000089d00000| Untracked 
| 158|0x0000000089e00000, 0x0000000089e00000, 0x0000000089f00000|  0%| F|  |TAMS 0x0000000089e00000, 0x0000000089e00000| Untracked 
| 159|0x0000000089f00000, 0x0000000089f00000, 0x000000008a000000|  0%| F|  |TAMS 0x0000000089f00000, 0x0000000089f00000| Untracked 
| 160|0x000000008a000000, 0x000000008a000000, 0x000000008a100000|  0%| F|  |TAMS 0x000000008a000000, 0x000000008a000000| Untracked 
| 161|0x000000008a100000, 0x000000008a100000, 0x000000008a200000|  0%| F|  |TAMS 0x000000008a100000, 0x000000008a100000| Untracked 
| 162|0x000000008a200000, 0x000000008a300000, 0x000000008a300000|100%|HS|  |TAMS 0x000000008a300000, 0x000000008a200000| Complete 
| 163|0x000000008a300000, 0x000000008a400000, 0x000000008a400000|100%|HC|  |TAMS 0x000000008a400000, 0x000000008a300000| Complete 
| 164|0x000000008a400000, 0x000000008a500000, 0x000000008a500000|100%|HC|  |TAMS 0x000000008a500000, 0x000000008a400000| Complete 
| 165|0x000000008a500000, 0x000000008a600000, 0x000000008a600000|100%|HS|  |TAMS 0x000000008a600000, 0x000000008a500000| Complete 
| 166|0x000000008a600000, 0x000000008a700000, 0x000000008a700000|100%|HC|  |TAMS 0x000000008a700000, 0x000000008a600000| Complete 
| 167|0x000000008a700000, 0x000000008a800000, 0x000000008a800000|100%|HC|  |TAMS 0x000000008a800000, 0x000000008a700000| Complete 
| 168|0x000000008a800000, 0x000000008a900000, 0x000000008a900000|100%|HC|  |TAMS 0x000000008a900000, 0x000000008a800000| Complete 
| 169|0x000000008a900000, 0x000000008aa00000, 0x000000008aa00000|100%|HC|  |TAMS 0x000000008aa00000, 0x000000008a900000| Complete 
| 170|0x000000008aa00000, 0x000000008aa00000, 0x000000008ab00000|  0%| F|  |TAMS 0x000000008aa00000, 0x000000008aa00000| Untracked 
| 171|0x000000008ab00000, 0x000000008ab00000, 0x000000008ac00000|  0%| F|  |TAMS 0x000000008ab00000, 0x000000008ab00000| Untracked 
| 172|0x000000008ac00000, 0x000000008ad00000, 0x000000008ad00000|100%| O|  |TAMS 0x000000008ad00000, 0x000000008ac00000| Untracked 
| 173|0x000000008ad00000, 0x000000008ae00000, 0x000000008ae00000|100%|HS|  |TAMS 0x000000008ae00000, 0x000000008ad00000| Complete 
| 174|0x000000008ae00000, 0x000000008af00000, 0x000000008af00000|100%|HC|  |TAMS 0x000000008af00000, 0x000000008ae00000| Complete 
| 175|0x000000008af00000, 0x000000008b000000, 0x000000008b000000|100%|HC|  |TAMS 0x000000008b000000, 0x000000008af00000| Complete 
| 176|0x000000008b000000, 0x000000008b100000, 0x000000008b100000|100%|HC|  |TAMS 0x000000008b100000, 0x000000008b000000| Complete 
| 177|0x000000008b100000, 0x000000008b200000, 0x000000008b200000|100%|HC|  |TAMS 0x000000008b200000, 0x000000008b100000| Complete 
| 178|0x000000008b200000, 0x000000008b300000, 0x000000008b300000|100%|HS|  |TAMS 0x000000008b300000, 0x000000008b200000| Complete 
| 179|0x000000008b300000, 0x000000008b400000, 0x000000008b400000|100%|HC|  |TAMS 0x000000008b400000, 0x000000008b300000| Complete 
| 180|0x000000008b400000, 0x000000008b500000, 0x000000008b500000|100%|HC|  |TAMS 0x000000008b500000, 0x000000008b400000| Complete 
| 181|0x000000008b500000, 0x000000008b500000, 0x000000008b600000|  0%| F|  |TAMS 0x000000008b500000, 0x000000008b500000| Untracked 
| 182|0x000000008b600000, 0x000000008b600000, 0x000000008b700000|  0%| F|  |TAMS 0x000000008b600000, 0x000000008b600000| Untracked 
| 183|0x000000008b700000, 0x000000008b700000, 0x000000008b800000|  0%| F|  |TAMS 0x000000008b700000, 0x000000008b700000| Untracked 
| 184|0x000000008b800000, 0x000000008b800000, 0x000000008b900000|  0%| F|  |TAMS 0x000000008b800000, 0x000000008b800000| Untracked 
| 185|0x000000008b900000, 0x000000008b900000, 0x000000008ba00000|  0%| F|  |TAMS 0x000000008b900000, 0x000000008b900000| Untracked 
| 186|0x000000008ba00000, 0x000000008ba00000, 0x000000008bb00000|  0%| F|  |TAMS 0x000000008ba00000, 0x000000008ba00000| Untracked 
| 187|0x000000008bb00000, 0x000000008bb00000, 0x000000008bc00000|  0%| F|  |TAMS 0x000000008bb00000, 0x000000008bb00000| Untracked 
| 188|0x000000008bc00000, 0x000000008bc00000, 0x000000008bd00000|  0%| F|  |TAMS 0x000000008bc00000, 0x000000008bc00000| Untracked 
| 189|0x000000008bd00000, 0x000000008bd00000, 0x000000008be00000|  0%| F|  |TAMS 0x000000008bd00000, 0x000000008bd00000| Untracked 
| 190|0x000000008be00000, 0x000000008be00000, 0x000000008bf00000|  0%| F|  |TAMS 0x000000008be00000, 0x000000008be00000| Untracked 
| 191|0x000000008bf00000, 0x000000008bf00000, 0x000000008c000000|  0%| F|  |TAMS 0x000000008bf00000, 0x000000008bf00000| Untracked 
| 192|0x000000008c000000, 0x000000008c000000, 0x000000008c100000|  0%| F|  |TAMS 0x000000008c000000, 0x000000008c000000| Untracked 
| 193|0x000000008c100000, 0x000000008c100000, 0x000000008c200000|  0%| F|  |TAMS 0x000000008c100000, 0x000000008c100000| Untracked 
| 194|0x000000008c200000, 0x000000008c200000, 0x000000008c300000|  0%| F|  |TAMS 0x000000008c200000, 0x000000008c200000| Untracked 
| 195|0x000000008c300000, 0x000000008c300000, 0x000000008c400000|  0%| F|  |TAMS 0x000000008c300000, 0x000000008c300000| Untracked 
| 196|0x000000008c400000, 0x000000008c400000, 0x000000008c500000|  0%| F|  |TAMS 0x000000008c400000, 0x000000008c400000| Untracked 
| 197|0x000000008c500000, 0x000000008c500000, 0x000000008c600000|  0%| F|  |TAMS 0x000000008c500000, 0x000000008c500000| Untracked 
| 198|0x000000008c600000, 0x000000008c600000, 0x000000008c700000|  0%| F|  |TAMS 0x000000008c600000, 0x000000008c600000| Untracked 
| 199|0x000000008c700000, 0x000000008c700000, 0x000000008c800000|  0%| F|  |TAMS 0x000000008c700000, 0x000000008c700000| Untracked 
| 200|0x000000008c800000, 0x000000008c800000, 0x000000008c900000|  0%| F|  |TAMS 0x000000008c800000, 0x000000008c800000| Untracked 
| 201|0x000000008c900000, 0x000000008c900000, 0x000000008ca00000|  0%| F|  |TAMS 0x000000008c900000, 0x000000008c900000| Untracked 
| 202|0x000000008ca00000, 0x000000008ca00000, 0x000000008cb00000|  0%| F|  |TAMS 0x000000008ca00000, 0x000000008ca00000| Untracked 
| 203|0x000000008cb00000, 0x000000008cb00000, 0x000000008cc00000|  0%| F|  |TAMS 0x000000008cb00000, 0x000000008cb00000| Untracked 
| 204|0x000000008cc00000, 0x000000008cc00000, 0x000000008cd00000|  0%| F|  |TAMS 0x000000008cc00000, 0x000000008cc00000| Untracked 
| 205|0x000000008cd00000, 0x000000008cd00000, 0x000000008ce00000|  0%| F|  |TAMS 0x000000008cd00000, 0x000000008cd00000| Untracked 
| 206|0x000000008ce00000, 0x000000008ce00000, 0x000000008cf00000|  0%| F|  |TAMS 0x000000008ce00000, 0x000000008ce00000| Untracked 
| 207|0x000000008cf00000, 0x000000008cf00000, 0x000000008d000000|  0%| F|  |TAMS 0x000000008cf00000, 0x000000008cf00000| Untracked 
| 208|0x000000008d000000, 0x000000008d000000, 0x000000008d100000|  0%| F|  |TAMS 0x000000008d000000, 0x000000008d000000| Untracked 
| 209|0x000000008d100000, 0x000000008d100000, 0x000000008d200000|  0%| F|  |TAMS 0x000000008d100000, 0x000000008d100000| Untracked 
| 210|0x000000008d200000, 0x000000008d200000, 0x000000008d300000|  0%| F|  |TAMS 0x000000008d200000, 0x000000008d200000| Untracked 
| 211|0x000000008d300000, 0x000000008d300000, 0x000000008d400000|  0%| F|  |TAMS 0x000000008d300000, 0x000000008d300000| Untracked 
| 212|0x000000008d400000, 0x000000008d400000, 0x000000008d500000|  0%| F|  |TAMS 0x000000008d400000, 0x000000008d400000| Untracked 
| 213|0x000000008d500000, 0x000000008d500000, 0x000000008d600000|  0%| F|  |TAMS 0x000000008d500000, 0x000000008d500000| Untracked 
| 214|0x000000008d600000, 0x000000008d600000, 0x000000008d700000|  0%| F|  |TAMS 0x000000008d600000, 0x000000008d600000| Untracked 
| 215|0x000000008d700000, 0x000000008d700000, 0x000000008d800000|  0%| F|  |TAMS 0x000000008d700000, 0x000000008d700000| Untracked 
| 216|0x000000008d800000, 0x000000008d800000, 0x000000008d900000|  0%| F|  |TAMS 0x000000008d800000, 0x000000008d800000| Untracked 
| 217|0x000000008d900000, 0x000000008d900000, 0x000000008da00000|  0%| F|  |TAMS 0x000000008d900000, 0x000000008d900000| Untracked 
| 218|0x000000008da00000, 0x000000008da00000, 0x000000008db00000|  0%| F|  |TAMS 0x000000008da00000, 0x000000008da00000| Untracked 
| 219|0x000000008db00000, 0x000000008db00000, 0x000000008dc00000|  0%| F|  |TAMS 0x000000008db00000, 0x000000008db00000| Untracked 
| 220|0x000000008dc00000, 0x000000008dc00000, 0x000000008dd00000|  0%| F|  |TAMS 0x000000008dc00000, 0x000000008dc00000| Untracked 
| 221|0x000000008dd00000, 0x000000008dd00000, 0x000000008de00000|  0%| F|  |TAMS 0x000000008dd00000, 0x000000008dd00000| Untracked 
| 222|0x000000008de00000, 0x000000008de00000, 0x000000008df00000|  0%| F|  |TAMS 0x000000008de00000, 0x000000008de00000| Untracked 
| 223|0x000000008df00000, 0x000000008df00000, 0x000000008e000000|  0%| F|  |TAMS 0x000000008df00000, 0x000000008df00000| Untracked 
| 224|0x000000008e000000, 0x000000008e000000, 0x000000008e100000|  0%| F|  |TAMS 0x000000008e000000, 0x000000008e000000| Untracked 
| 225|0x000000008e100000, 0x000000008e100000, 0x000000008e200000|  0%| F|  |TAMS 0x000000008e100000, 0x000000008e100000| Untracked 
| 226|0x000000008e200000, 0x000000008e200000, 0x000000008e300000|  0%| F|  |TAMS 0x000000008e200000, 0x000000008e200000| Untracked 
| 227|0x000000008e300000, 0x000000008e300000, 0x000000008e400000|  0%| F|  |TAMS 0x000000008e300000, 0x000000008e300000| Untracked 
| 228|0x000000008e400000, 0x000000008e400000, 0x000000008e500000|  0%| F|  |TAMS 0x000000008e400000, 0x000000008e400000| Untracked 
| 229|0x000000008e500000, 0x000000008e500000, 0x000000008e600000|  0%| F|  |TAMS 0x000000008e500000, 0x000000008e500000| Untracked 
| 230|0x000000008e600000, 0x000000008e600000, 0x000000008e700000|  0%| F|  |TAMS 0x000000008e600000, 0x000000008e600000| Untracked 
| 231|0x000000008e700000, 0x000000008e700000, 0x000000008e800000|  0%| F|  |TAMS 0x000000008e700000, 0x000000008e700000| Untracked 
| 232|0x000000008e800000, 0x000000008e800000, 0x000000008e900000|  0%| F|  |TAMS 0x000000008e800000, 0x000000008e800000| Untracked 
| 233|0x000000008e900000, 0x000000008e900000, 0x000000008ea00000|  0%| F|  |TAMS 0x000000008e900000, 0x000000008e900000| Untracked 
| 234|0x000000008ea00000, 0x000000008ea00000, 0x000000008eb00000|  0%| F|  |TAMS 0x000000008ea00000, 0x000000008ea00000| Untracked 
| 235|0x000000008eb00000, 0x000000008eb00000, 0x000000008ec00000|  0%| F|  |TAMS 0x000000008eb00000, 0x000000008eb00000| Untracked 
| 236|0x000000008ec00000, 0x000000008ec00000, 0x000000008ed00000|  0%| F|  |TAMS 0x000000008ec00000, 0x000000008ec00000| Untracked 
| 237|0x000000008ed00000, 0x000000008ed00000, 0x000000008ee00000|  0%| F|  |TAMS 0x000000008ed00000, 0x000000008ed00000| Untracked 
| 238|0x000000008ee00000, 0x000000008ee00000, 0x000000008ef00000|  0%| F|  |TAMS 0x000000008ee00000, 0x000000008ee00000| Untracked 
| 239|0x000000008ef00000, 0x000000008ef00000, 0x000000008f000000|  0%| F|  |TAMS 0x000000008ef00000, 0x000000008ef00000| Untracked 
| 240|0x000000008f000000, 0x000000008f000000, 0x000000008f100000|  0%| F|  |TAMS 0x000000008f000000, 0x000000008f000000| Untracked 
| 241|0x000000008f100000, 0x000000008f100000, 0x000000008f200000|  0%| F|  |TAMS 0x000000008f100000, 0x000000008f100000| Untracked 
| 242|0x000000008f200000, 0x000000008f200000, 0x000000008f300000|  0%| F|  |TAMS 0x000000008f200000, 0x000000008f200000| Untracked 
| 243|0x000000008f300000, 0x000000008f300000, 0x000000008f400000|  0%| F|  |TAMS 0x000000008f300000, 0x000000008f300000| Untracked 
| 244|0x000000008f400000, 0x000000008f400000, 0x000000008f500000|  0%| F|  |TAMS 0x000000008f400000, 0x000000008f400000| Untracked 
| 245|0x000000008f500000, 0x000000008f500000, 0x000000008f600000|  0%| F|  |TAMS 0x000000008f500000, 0x000000008f500000| Untracked 
| 246|0x000000008f600000, 0x000000008f600000, 0x000000008f700000|  0%| F|  |TAMS 0x000000008f600000, 0x000000008f600000| Untracked 
| 247|0x000000008f700000, 0x000000008f700000, 0x000000008f800000|  0%| F|  |TAMS 0x000000008f700000, 0x000000008f700000| Untracked 
| 248|0x000000008f800000, 0x000000008f800000, 0x000000008f900000|  0%| F|  |TAMS 0x000000008f800000, 0x000000008f800000| Untracked 
| 249|0x000000008f900000, 0x000000008f900000, 0x000000008fa00000|  0%| F|  |TAMS 0x000000008f900000, 0x000000008f900000| Untracked 
| 250|0x000000008fa00000, 0x000000008fa00000, 0x000000008fb00000|  0%| F|  |TAMS 0x000000008fa00000, 0x000000008fa00000| Untracked 
| 251|0x000000008fb00000, 0x000000008fb00000, 0x000000008fc00000|  0%| F|  |TAMS 0x000000008fb00000, 0x000000008fb00000| Untracked 
| 252|0x000000008fc00000, 0x000000008fc00000, 0x000000008fd00000|  0%| F|  |TAMS 0x000000008fc00000, 0x000000008fc00000| Untracked 
| 253|0x000000008fd00000, 0x000000008fd00000, 0x000000008fe00000|  0%| F|  |TAMS 0x000000008fd00000, 0x000000008fd00000| Untracked 
| 254|0x000000008fe00000, 0x000000008fe00000, 0x000000008ff00000|  0%| F|  |TAMS 0x000000008fe00000, 0x000000008fe00000| Untracked 
| 255|0x000000008ff00000, 0x000000008ff00000, 0x0000000090000000|  0%| F|  |TAMS 0x000000008ff00000, 0x000000008ff00000| Untracked 
| 256|0x0000000090000000, 0x0000000090000000, 0x0000000090100000|  0%| F|  |TAMS 0x0000000090000000, 0x0000000090000000| Untracked 
| 257|0x0000000090100000, 0x0000000090100000, 0x0000000090200000|  0%| F|  |TAMS 0x0000000090100000, 0x0000000090100000| Untracked 
| 258|0x0000000090200000, 0x0000000090200000, 0x0000000090300000|  0%| F|  |TAMS 0x0000000090200000, 0x0000000090200000| Untracked 
| 259|0x0000000090300000, 0x0000000090300000, 0x0000000090400000|  0%| F|  |TAMS 0x0000000090300000, 0x0000000090300000| Untracked 
| 260|0x0000000090400000, 0x0000000090400000, 0x0000000090500000|  0%| F|  |TAMS 0x0000000090400000, 0x0000000090400000| Untracked 
| 261|0x0000000090500000, 0x0000000090500000, 0x0000000090600000|  0%| F|  |TAMS 0x0000000090500000, 0x0000000090500000| Untracked 
| 262|0x0000000090600000, 0x0000000090600000, 0x0000000090700000|  0%| F|  |TAMS 0x0000000090600000, 0x0000000090600000| Untracked 
| 263|0x0000000090700000, 0x0000000090700000, 0x0000000090800000|  0%| F|  |TAMS 0x0000000090700000, 0x0000000090700000| Untracked 
| 264|0x0000000090800000, 0x0000000090800000, 0x0000000090900000|  0%| F|  |TAMS 0x0000000090800000, 0x0000000090800000| Untracked 
| 265|0x0000000090900000, 0x0000000090900000, 0x0000000090a00000|  0%| F|  |TAMS 0x0000000090900000, 0x0000000090900000| Untracked 
| 266|0x0000000090a00000, 0x0000000090a00000, 0x0000000090b00000|  0%| F|  |TAMS 0x0000000090a00000, 0x0000000090a00000| Untracked 
| 267|0x0000000090b00000, 0x0000000090b00000, 0x0000000090c00000|  0%| F|  |TAMS 0x0000000090b00000, 0x0000000090b00000| Untracked 
| 268|0x0000000090c00000, 0x0000000090c00000, 0x0000000090d00000|  0%| F|  |TAMS 0x0000000090c00000, 0x0000000090c00000| Untracked 
| 269|0x0000000090d00000, 0x0000000090d00000, 0x0000000090e00000|  0%| F|  |TAMS 0x0000000090d00000, 0x0000000090d00000| Untracked 
| 270|0x0000000090e00000, 0x0000000090e00000, 0x0000000090f00000|  0%| F|  |TAMS 0x0000000090e00000, 0x0000000090e00000| Untracked 
| 271|0x0000000090f00000, 0x0000000090f00000, 0x0000000091000000|  0%| F|  |TAMS 0x0000000090f00000, 0x0000000090f00000| Untracked 
| 272|0x0000000091000000, 0x0000000091000000, 0x0000000091100000|  0%| F|  |TAMS 0x0000000091000000, 0x0000000091000000| Untracked 
| 273|0x0000000091100000, 0x0000000091100000, 0x0000000091200000|  0%| F|  |TAMS 0x0000000091100000, 0x0000000091100000| Untracked 
| 274|0x0000000091200000, 0x0000000091200000, 0x0000000091300000|  0%| F|  |TAMS 0x0000000091200000, 0x0000000091200000| Untracked 
| 275|0x0000000091300000, 0x0000000091300000, 0x0000000091400000|  0%| F|  |TAMS 0x0000000091300000, 0x0000000091300000| Untracked 
| 276|0x0000000091400000, 0x0000000091400000, 0x0000000091500000|  0%| F|  |TAMS 0x0000000091400000, 0x0000000091400000| Untracked 
| 277|0x0000000091500000, 0x0000000091500000, 0x0000000091600000|  0%| F|  |TAMS 0x0000000091500000, 0x0000000091500000| Untracked 
| 278|0x0000000091600000, 0x0000000091600000, 0x0000000091700000|  0%| F|  |TAMS 0x0000000091600000, 0x0000000091600000| Untracked 
| 279|0x0000000091700000, 0x0000000091700000, 0x0000000091800000|  0%| F|  |TAMS 0x0000000091700000, 0x0000000091700000| Untracked 
| 280|0x0000000091800000, 0x0000000091800000, 0x0000000091900000|  0%| F|  |TAMS 0x0000000091800000, 0x0000000091800000| Untracked 
| 281|0x0000000091900000, 0x0000000091900000, 0x0000000091a00000|  0%| F|  |TAMS 0x0000000091900000, 0x0000000091900000| Untracked 
| 282|0x0000000091a00000, 0x0000000091a00000, 0x0000000091b00000|  0%| F|  |TAMS 0x0000000091a00000, 0x0000000091a00000| Untracked 
| 283|0x0000000091b00000, 0x0000000091b00000, 0x0000000091c00000|  0%| F|  |TAMS 0x0000000091b00000, 0x0000000091b00000| Untracked 
| 284|0x0000000091c00000, 0x0000000091c00000, 0x0000000091d00000|  0%| F|  |TAMS 0x0000000091c00000, 0x0000000091c00000| Untracked 
| 285|0x0000000091d00000, 0x0000000091d00000, 0x0000000091e00000|  0%| F|  |TAMS 0x0000000091d00000, 0x0000000091d00000| Untracked 
| 286|0x0000000091e00000, 0x0000000091e00000, 0x0000000091f00000|  0%| F|  |TAMS 0x0000000091e00000, 0x0000000091e00000| Untracked 
| 287|0x0000000091f00000, 0x0000000091f00000, 0x0000000092000000|  0%| F|  |TAMS 0x0000000091f00000, 0x0000000091f00000| Untracked 
| 288|0x0000000092000000, 0x0000000092000000, 0x0000000092100000|  0%| F|  |TAMS 0x0000000092000000, 0x0000000092000000| Untracked 
| 289|0x0000000092100000, 0x0000000092100000, 0x0000000092200000|  0%| F|  |TAMS 0x0000000092100000, 0x0000000092100000| Untracked 
| 290|0x0000000092200000, 0x0000000092200000, 0x0000000092300000|  0%| F|  |TAMS 0x0000000092200000, 0x0000000092200000| Untracked 
| 291|0x0000000092300000, 0x00000000923992e0, 0x0000000092400000| 59%| E|  |TAMS 0x0000000092300000, 0x0000000092300000| Complete 
| 292|0x0000000092400000, 0x0000000092500000, 0x0000000092500000|100%| E|CS|TAMS 0x0000000092400000, 0x0000000092400000| Complete 
| 293|0x0000000092500000, 0x0000000092600000, 0x0000000092600000|100%| E|CS|TAMS 0x0000000092500000, 0x0000000092500000| Complete 
| 294|0x0000000092600000, 0x0000000092700000, 0x0000000092700000|100%| E|CS|TAMS 0x0000000092600000, 0x0000000092600000| Complete 
| 295|0x0000000092700000, 0x0000000092800000, 0x0000000092800000|100%| E|CS|TAMS 0x0000000092700000, 0x0000000092700000| Complete 
| 296|0x0000000092800000, 0x0000000092900000, 0x0000000092900000|100%| E|CS|TAMS 0x0000000092800000, 0x0000000092800000| Complete 
| 297|0x0000000092900000, 0x0000000092a00000, 0x0000000092a00000|100%| E|CS|TAMS 0x0000000092900000, 0x0000000092900000| Complete 
| 298|0x0000000092a00000, 0x0000000092b00000, 0x0000000092b00000|100%| E|CS|TAMS 0x0000000092a00000, 0x0000000092a00000| Complete 
| 299|0x0000000092b00000, 0x0000000092c00000, 0x0000000092c00000|100%| E|CS|TAMS 0x0000000092b00000, 0x0000000092b00000| Complete 
| 300|0x0000000092c00000, 0x0000000092d00000, 0x0000000092d00000|100%| E|CS|TAMS 0x0000000092c00000, 0x0000000092c00000| Complete 
| 301|0x0000000092d00000, 0x0000000092e00000, 0x0000000092e00000|100%| E|CS|TAMS 0x0000000092d00000, 0x0000000092d00000| Complete 
| 302|0x0000000092e00000, 0x0000000092f00000, 0x0000000092f00000|100%| E|CS|TAMS 0x0000000092e00000, 0x0000000092e00000| Complete 
| 303|0x0000000092f00000, 0x0000000093000000, 0x0000000093000000|100%| E|CS|TAMS 0x0000000092f00000, 0x0000000092f00000| Complete 
| 304|0x0000000093000000, 0x0000000093100000, 0x0000000093100000|100%| E|CS|TAMS 0x0000000093000000, 0x0000000093000000| Complete 
| 305|0x0000000093100000, 0x0000000093200000, 0x0000000093200000|100%| E|CS|TAMS 0x0000000093100000, 0x0000000093100000| Complete 
| 306|0x0000000093200000, 0x0000000093300000, 0x0000000093300000|100%| E|CS|TAMS 0x0000000093200000, 0x0000000093200000| Complete 
| 307|0x0000000093300000, 0x0000000093400000, 0x0000000093400000|100%| E|CS|TAMS 0x0000000093300000, 0x0000000093300000| Complete 
| 308|0x0000000093400000, 0x0000000093500000, 0x0000000093500000|100%| E|CS|TAMS 0x0000000093400000, 0x0000000093400000| Complete 
| 309|0x0000000093500000, 0x0000000093600000, 0x0000000093600000|100%| E|CS|TAMS 0x0000000093500000, 0x0000000093500000| Complete 
| 310|0x0000000093600000, 0x0000000093700000, 0x0000000093700000|100%| E|CS|TAMS 0x0000000093600000, 0x0000000093600000| Complete 
| 311|0x0000000093700000, 0x0000000093800000, 0x0000000093800000|100%| E|CS|TAMS 0x0000000093700000, 0x0000000093700000| Complete 
| 312|0x0000000093800000, 0x0000000093900000, 0x0000000093900000|100%| E|CS|TAMS 0x0000000093800000, 0x0000000093800000| Complete 
| 313|0x0000000093900000, 0x0000000093a00000, 0x0000000093a00000|100%| E|CS|TAMS 0x0000000093900000, 0x0000000093900000| Complete 
| 314|0x0000000093a00000, 0x0000000093b00000, 0x0000000093b00000|100%| E|CS|TAMS 0x0000000093a00000, 0x0000000093a00000| Complete 
| 315|0x0000000093b00000, 0x0000000093c00000, 0x0000000093c00000|100%| E|CS|TAMS 0x0000000093b00000, 0x0000000093b00000| Complete 
| 316|0x0000000093c00000, 0x0000000093d00000, 0x0000000093d00000|100%| E|CS|TAMS 0x0000000093c00000, 0x0000000093c00000| Complete 
| 317|0x0000000093d00000, 0x0000000093e00000, 0x0000000093e00000|100%| E|CS|TAMS 0x0000000093d00000, 0x0000000093d00000| Complete 
| 318|0x0000000093e00000, 0x0000000093f00000, 0x0000000093f00000|100%| E|CS|TAMS 0x0000000093e00000, 0x0000000093e00000| Complete 
| 319|0x0000000093f00000, 0x0000000094000000, 0x0000000094000000|100%| E|CS|TAMS 0x0000000093f00000, 0x0000000093f00000| Complete 
| 320|0x0000000094000000, 0x0000000094100000, 0x0000000094100000|100%| E|CS|TAMS 0x0000000094000000, 0x0000000094000000| Complete 
| 321|0x0000000094100000, 0x0000000094155cc0, 0x0000000094200000| 33%| S|CS|TAMS 0x0000000094100000, 0x0000000094100000| Complete 
| 322|0x0000000094200000, 0x0000000094300000, 0x0000000094300000|100%| S|CS|TAMS 0x0000000094200000, 0x0000000094200000| Complete 
| 323|0x0000000094300000, 0x0000000094400000, 0x0000000094400000|100%| S|CS|TAMS 0x0000000094300000, 0x0000000094300000| Complete 
| 324|0x0000000094400000, 0x0000000094500000, 0x0000000094500000|100%| E|CS|TAMS 0x0000000094400000, 0x0000000094400000| Complete 

Card table byte_map: [0x000002ce26700000,0x000002ce26b00000] _byte_map_base: 0x000002ce26300000

Marking Bits (Prev, Next): (CMBitMap*) 0x000002ce1160ee18, (CMBitMap*) 0x000002ce1160ee50
 Prev Bits: [0x000002ce26f00000, 0x000002ce28f00000)
 Next Bits: [0x000002ce28f00000, 0x000002ce2af00000)

Polling page: 0x000002ce116b0000

Metaspace:

Usage:
  Non-class:    132.48 MB capacity,   129.03 MB ( 97%) used,     2.86 MB (  2%) free+waste,   610.25 KB ( <1%) overhead. 
      Class:     19.55 MB capacity,    17.69 MB ( 90%) used,     1.60 MB (  8%) free+waste,   264.94 KB (  1%) overhead. 
       Both:    152.03 MB capacity,   146.72 MB ( 97%) used,     4.45 MB (  3%) free+waste,   875.19 KB ( <1%) overhead. 

Virtual space:
  Non-class space:      134.00 MB reserved,     132.50 MB ( 99%) committed 
      Class space:        1.00 GB reserved,      19.57 MB (  2%) committed 
             Both:        1.13 GB reserved,     152.07 MB ( 13%) committed 

Chunk freelists:
   Non-Class:  19.00 KB
       Class:  15.00 KB
        Both:  34.00 KB

MaxMetaspaceSize: 17179869184.00 GB
CompressedClassSpaceSize: 1.00 GB

CodeHeap 'non-profiled nmethods': size=120000Kb used=34050Kb max_used=34050Kb free=85949Kb
 bounds [0x000002ce1e360000, 0x000002ce204b0000, 0x000002ce25890000]
CodeHeap 'profiled nmethods': size=120000Kb used=64669Kb max_used=66145Kb free=55330Kb
 bounds [0x000002ce16e30000, 0x000002ce1af30000, 0x000002ce1e360000]
CodeHeap 'non-nmethods': size=5760Kb used=2387Kb max_used=2451Kb free=3372Kb
 bounds [0x000002ce16890000, 0x000002ce16b00000, 0x000002ce16e30000]
 total_blobs=31465 nmethods=30451 adapters=923
 compilation: enabled
              stopped_count=0, restarted_count=0
 full_count=0

Compilation events (20 events):
Event: 8411.077 Thread 0x000002ce2e297000 40357       1       org.gradle.tooling.internal.adapter.MethodInvocation::getDelegate (5 bytes)
Event: 8411.077 Thread 0x000002ce2e297000 nmethod 40357 0x000002ce20485990 code [0x000002ce20485b40, 0x000002ce20485bf8]
Event: 8411.077 Thread 0x000002ce2e297000 40359       1       com.google.common.base.Present::orNull (5 bytes)
Event: 8411.077 Thread 0x000002ce2e297000 nmethod 40359 0x000002ce20485c90 code [0x000002ce20485e40, 0x000002ce20485ef8]
Event: 8411.113 Thread 0x000002ce34a0d000 nmethod 40264 0x000002ce20485f90 code [0x000002ce20486960, 0x000002ce2048fb40]
Event: 8411.113 Thread 0x000002ce34a0d000 40296       4       java.util.regex.Pattern$BmpCharPredicate$$Lambda$14/0x0000000100090440::is (13 bytes)
Event: 8411.114 Thread 0x000002ce34a0d000 nmethod 40296 0x000002ce20494c90 code [0x000002ce20494e40, 0x000002ce20494f58]
Event: 8411.114 Thread 0x000002ce34a0d000 40297       4       java.util.regex.Pattern$BmpCharPredicate::lambda$union$2 (26 bytes)
Event: 8411.115 Thread 0x000002ce34a0d000 nmethod 40297 0x000002ce20495090 code [0x000002ce20495220, 0x000002ce204952d8]
Event: 8411.115 Thread 0x000002ce34a0d000 40327       4       java.util.regex.CharPredicates$$Lambda$9/0x0000000100064440::is (5 bytes)
Event: 8411.115 Thread 0x000002ce34a0d000 nmethod 40327 0x000002ce20495390 code [0x000002ce20495520, 0x000002ce204955f8]
Event: 8411.115 Thread 0x000002ce34a0d000 40279       4       kotlin.jvm.internal.Intrinsics::checkExpressionValueIsNotNull (38 bytes)
Event: 8411.116 Thread 0x000002ce34a0d000 nmethod 40279 0x000002ce1ffa7110 code [0x000002ce1ffa72a0, 0x000002ce1ffa72f8]
Event: 8411.199 Thread 0x000002ce2e296000 nmethod 40262 0x000002ce20495710 code [0x000002ce20496020, 0x000002ce204a0340]
Event: 8411.359 Thread 0x000002ce2e297000 40360       1       org.gradle.tooling.internal.adapter.ProtocolToModelAdapter$MethodInvocationCache$MethodInvocationKey::hashCode (5 bytes)
Event: 8411.359 Thread 0x000002ce2e297000 nmethod 40360 0x000002ce204a4e10 code [0x000002ce204a4fc0, 0x000002ce204a5078]
Event: 8411.360 Thread 0x000002ce2e297000 40361       3       org.gradle.tooling.internal.adapter.MethodInvocation::setResult (11 bytes)
Event: 8411.360 Thread 0x000002ce2e297000 nmethod 40361 0x000002ce1813cf90 code [0x000002ce1813d140, 0x000002ce1813d298]
Event: 8411.385 Thread 0x000002ce2e297000 40362       1       org.gradle.api.internal.artifacts.dsl.SpecConfigurableRule::getConfigurableRule (5 bytes)
Event: 8411.385 Thread 0x000002ce2e297000 nmethod 40362 0x000002ce204a5110 code [0x000002ce204a52c0, 0x000002ce204a5378]

GC Heap History (20 events):
Event: 7637.794 GC heap before
{Heap before GC invocations=473 (full 0):
 garbage-first heap   total 327680K, used 128753K [0x0000000080000000, 0x0000000100000000)
  region size 1024K, 16 young (16384K), 10 survivors (10240K)
 Metaspace       used 133186K, capacity 137792K, committed 137932K, reserved 1169408K
  class space    used 15895K, capacity 17527K, committed 17612K, reserved 1048576K
}
Event: 7637.802 GC heap after
{Heap after GC invocations=474 (full 0):
 garbage-first heap   total 327680K, used 114520K [0x0000000080000000, 0x0000000100000000)
  region size 1024K, 2 young (2048K), 2 survivors (2048K)
 Metaspace       used 133186K, capacity 137792K, committed 137932K, reserved 1169408K
  class space    used 15895K, capacity 17527K, committed 17612K, reserved 1048576K
}
Event: 7637.855 GC heap before
{Heap before GC invocations=474 (full 0):
 garbage-first heap   total 327680K, used 129880K [0x0000000080000000, 0x0000000100000000)
  region size 1024K, 19 young (19456K), 2 survivors (2048K)
 Metaspace       used 133187K, capacity 137792K, committed 137932K, reserved 1169408K
  class space    used 15895K, capacity 17527K, committed 17612K, reserved 1048576K
}
Event: 7637.860 GC heap after
{Heap after GC invocations=475 (full 0):
 garbage-first heap   total 327680K, used 113951K [0x0000000080000000, 0x0000000100000000)
  region size 1024K, 1 young (1024K), 1 survivors (1024K)
 Metaspace       used 133187K, capacity 137792K, committed 137932K, reserved 1169408K
  class space    used 15895K, capacity 17527K, committed 17612K, reserved 1048576K
}
Event: 7729.519 GC heap before
{Heap before GC invocations=476 (full 0):
 garbage-first heap   total 327680K, used 313631K [0x0000000080000000, 0x0000000100000000)
  region size 1024K, 141 young (144384K), 1 survivors (1024K)
 Metaspace       used 133241K, capacity 137864K, committed 138188K, reserved 1169408K
  class space    used 15895K, capacity 17527K, committed 17612K, reserved 1048576K
}
Event: 7729.528 GC heap after
{Heap after GC invocations=477 (full 0):
 garbage-first heap   total 327680K, used 119245K [0x0000000080000000, 0x0000000100000000)
  region size 1024K, 9 young (9216K), 9 survivors (9216K)
 Metaspace       used 133241K, capacity 137864K, committed 138188K, reserved 1169408K
  class space    used 15895K, capacity 17527K, committed 17612K, reserved 1048576K
}
Event: 7729.556 GC heap before
{Heap before GC invocations=477 (full 0):
 garbage-first heap   total 327680K, used 126413K [0x0000000080000000, 0x0000000100000000)
  region size 1024K, 16 young (16384K), 9 survivors (9216K)
 Metaspace       used 133241K, capacity 137864K, committed 138188K, reserved 1169408K
  class space    used 15895K, capacity 17527K, committed 17612K, reserved 1048576K
}
Event: 7729.564 GC heap after
{Heap after GC invocations=478 (full 0):
 garbage-first heap   total 327680K, used 114004K [0x0000000080000000, 0x0000000100000000)
  region size 1024K, 2 young (2048K), 2 survivors (2048K)
 Metaspace       used 133241K, capacity 137864K, committed 138188K, reserved 1169408K
  class space    used 15895K, capacity 17527K, committed 17612K, reserved 1048576K
}
Event: 7729.616 GC heap before
{Heap before GC invocations=478 (full 0):
 garbage-first heap   total 327680K, used 129364K [0x0000000080000000, 0x0000000100000000)
  region size 1024K, 19 young (19456K), 2 survivors (2048K)
 Metaspace       used 133241K, capacity 137864K, committed 138188K, reserved 1169408K
  class space    used 15895K, capacity 17527K, committed 17612K, reserved 1048576K
}
Event: 7729.620 GC heap after
{Heap after GC invocations=479 (full 0):
 garbage-first heap   total 327680K, used 113641K [0x0000000080000000, 0x0000000100000000)
  region size 1024K, 1 young (1024K), 1 survivors (1024K)
 Metaspace       used 133241K, capacity 137864K, committed 138188K, reserved 1169408K
  class space    used 15895K, capacity 17527K, committed 17612K, reserved 1048576K
}
Event: 8404.461 GC heap before
{Heap before GC invocations=480 (full 0):
 garbage-first heap   total 327680K, used 320489K [0x0000000080000000, 0x0000000100000000)
  region size 1024K, 145 young (148480K), 1 survivors (1024K)
 Metaspace       used 138648K, capacity 143432K, committed 143564K, reserved 1175552K
  class space    used 16685K, capacity 18374K, committed 18380K, reserved 1048576K
}
Event: 8404.473 GC heap after
{Heap after GC invocations=481 (full 0):
 garbage-first heap   total 332800K, used 140147K [0x0000000080000000, 0x0000000100000000)
  region size 1024K, 10 young (10240K), 10 survivors (10240K)
 Metaspace       used 138648K, capacity 143432K, committed 143564K, reserved 1175552K
  class space    used 16685K, capacity 18374K, committed 18380K, reserved 1048576K
}
Event: 8404.485 GC heap before
{Heap before GC invocations=481 (full 0):
 garbage-first heap   total 332800K, used 146291K [0x0000000080000000, 0x0000000100000000)
  region size 1024K, 16 young (16384K), 10 survivors (10240K)
 Metaspace       used 138649K, capacity 143432K, committed 143564K, reserved 1175552K
  class space    used 16685K, capacity 18374K, committed 18380K, reserved 1048576K
}
Event: 8404.494 GC heap after
{Heap after GC invocations=482 (full 0):
 garbage-first heap   total 332800K, used 132388K [0x0000000080000000, 0x0000000100000000)
  region size 1024K, 1 young (1024K), 1 survivors (1024K)
 Metaspace       used 138649K, capacity 143432K, committed 143564K, reserved 1175552K
  class space    used 16685K, capacity 18374K, committed 18380K, reserved 1048576K
}
Event: 8408.092 GC heap before
{Heap before GC invocations=482 (full 0):
 garbage-first heap   total 332800K, used 268580K [0x0000000080000000, 0x0000000100000000)
  region size 1024K, 134 young (137216K), 1 survivors (1024K)
 Metaspace       used 143624K, capacity 148866K, committed 149068K, reserved 1179648K
  class space    used 17370K, capacity 19195K, committed 19276K, reserved 1048576K
}
Event: 8408.116 GC heap after
{Heap after GC invocations=483 (full 0):
 garbage-first heap   total 332800K, used 139935K [0x0000000080000000, 0x0000000100000000)
  region size 1024K, 9 young (9216K), 9 survivors (9216K)
 Metaspace       used 143624K, capacity 148866K, committed 149068K, reserved 1179648K
  class space    used 17370K, capacity 19195K, committed 19276K, reserved 1048576K
}
Event: 8409.942 GC heap before
{Heap before GC invocations=484 (full 0):
 garbage-first heap   total 332800K, used 265887K [0x0000000080000000, 0x0000000100000000)
  region size 1024K, 136 young (139264K), 9 survivors (9216K)
 Metaspace       used 149166K, capacity 154625K, committed 154828K, reserved 1183744K
  class space    used 17990K, capacity 19885K, committed 19916K, reserved 1048576K
}
Event: 8409.956 GC heap after
{Heap after GC invocations=485 (full 0):
 garbage-first heap   total 332800K, used 144220K [0x0000000080000000, 0x0000000100000000)
  region size 1024K, 17 young (17408K), 17 survivors (17408K)
 Metaspace       used 149166K, capacity 154625K, committed 154828K, reserved 1183744K
  class space    used 17990K, capacity 19885K, committed 19916K, reserved 1048576K
}
Event: 8410.032 GC heap before
{Heap before GC invocations=485 (full 0):
 garbage-first heap   total 332800K, used 145244K [0x0000000080000000, 0x0000000100000000)
  region size 1024K, 18 young (18432K), 17 survivors (17408K)
 Metaspace       used 149224K, capacity 154689K, committed 154828K, reserved 1183744K
  class space    used 17996K, capacity 19885K, committed 19916K, reserved 1048576K
}
Event: 8410.043 GC heap after
{Heap after GC invocations=486 (full 0):
 garbage-first heap   total 332800K, used 141518K [0x0000000080000000, 0x0000000100000000)
  region size 1024K, 3 young (3072K), 3 survivors (3072K)
 Metaspace       used 149224K, capacity 154689K, committed 154828K, reserved 1183744K
  class space    used 17996K, capacity 19885K, committed 19916K, reserved 1048576K
}

Deoptimization events (20 events):
Event: 8411.087 Thread 0x000002ce3534a800 Uncommon trap: trap_request=0xffffffc6 fr.pc=0x000002ce203da604 relative=0x0000000000000ac4
Event: 8411.087 Thread 0x000002ce3534a800 Uncommon trap: reason=bimorphic_or_optimized_type_check action=maybe_recompile pc=0x000002ce203da604 method=org.gradle.api.internal.artifacts.DefaultModuleVersionIdentifier.<init>(Lorg/gradle/api/artifacts/ModuleIdentifier;Ljava/lang/String;)V @ 38 c2
Event: 8411.087 Thread 0x000002ce3534a800 DEOPT PACKING pc=0x000002ce203da604 sp=0x000000f0675fab90
Event: 8411.087 Thread 0x000002ce3534a800 DEOPT UNPACKING pc=0x000002ce168b78af sp=0x000000f0675fa9f8 mode 2
Event: 8411.087 Thread 0x000002ce3534a800 Uncommon trap: trap_request=0xffffffc6 fr.pc=0x000002ce1f779550 relative=0x0000000000005d50
Event: 8411.087 Thread 0x000002ce3534a800 Uncommon trap: reason=bimorphic_or_optimized_type_check action=maybe_recompile pc=0x000002ce1f779550 method=org.gradle.api.internal.artifacts.ivyservice.ivyresolve.CachingModuleComponentRepository$LocateInCacheRepositoryAccess.resolveArtifactFromCache(Lor
Event: 8411.087 Thread 0x000002ce3534a800 DEOPT PACKING pc=0x000002ce1f779550 sp=0x000000f0675fad30
Event: 8411.087 Thread 0x000002ce3534a800 DEOPT UNPACKING pc=0x000002ce168b78af sp=0x000000f0675fab50 mode 2
Event: 8411.089 Thread 0x000002ce3534a800 Uncommon trap: trap_request=0xffffffc6 fr.pc=0x000002ce203da604 relative=0x0000000000000ac4
Event: 8411.089 Thread 0x000002ce3534a800 Uncommon trap: reason=bimorphic_or_optimized_type_check action=maybe_recompile pc=0x000002ce203da604 method=org.gradle.api.internal.artifacts.DefaultModuleVersionIdentifier.<init>(Lorg/gradle/api/artifacts/ModuleIdentifier;Ljava/lang/String;)V @ 38 c2
Event: 8411.089 Thread 0x000002ce3534a800 DEOPT PACKING pc=0x000002ce203da604 sp=0x000000f0675fab90
Event: 8411.089 Thread 0x000002ce3534a800 DEOPT UNPACKING pc=0x000002ce168b78af sp=0x000000f0675fa9f8 mode 2
Event: 8411.089 Thread 0x000002ce3534a800 Uncommon trap: trap_request=0xffffffc6 fr.pc=0x000002ce1f779550 relative=0x0000000000005d50
Event: 8411.089 Thread 0x000002ce3534a800 Uncommon trap: reason=bimorphic_or_optimized_type_check action=maybe_recompile pc=0x000002ce1f779550 method=org.gradle.api.internal.artifacts.ivyservice.ivyresolve.CachingModuleComponentRepository$LocateInCacheRepositoryAccess.resolveArtifactFromCache(Lor
Event: 8411.089 Thread 0x000002ce3534a800 DEOPT PACKING pc=0x000002ce1f779550 sp=0x000000f0675fad30
Event: 8411.089 Thread 0x000002ce3534a800 DEOPT UNPACKING pc=0x000002ce168b78af sp=0x000000f0675fab50 mode 2
Event: 8411.265 Thread 0x000002ce3534a800 Uncommon trap: trap_request=0xffffffc6 fr.pc=0x000002ce203dd7e0 relative=0x0000000000000420
Event: 8411.265 Thread 0x000002ce3534a800 Uncommon trap: reason=bimorphic_or_optimized_type_check action=maybe_recompile pc=0x000002ce203dd7e0 method=org.gradle.api.internal.artifacts.DefaultModuleVersionIdentifier.<init>(Lorg/gradle/api/artifacts/ModuleIdentifier;Ljava/lang/String;)V @ 38 c2
Event: 8411.265 Thread 0x000002ce3534a800 DEOPT PACKING pc=0x000002ce203dd7e0 sp=0x000000f0675faac0
Event: 8411.265 Thread 0x000002ce3534a800 DEOPT UNPACKING pc=0x000002ce168b78af sp=0x000000f0675faa68 mode 2

Classes redefined (0 events):
No events

Internal exceptions (20 events):
Event: 8408.457 Thread 0x000002ce3534a800 Exception <a 'java/lang/ClassNotFoundException'{0x0000000093101730}: java/util/AbstractMapCustomizer> (0x0000000093101730) thrown at [./src/hotspot/share/classfile/systemDictionary.cpp, line 231]
Event: 8408.458 Thread 0x000002ce3534a800 Exception <a 'java/lang/ClassNotFoundException'{0x0000000093114e00}: java/util/HashMapCustomizer> (0x0000000093114e00) thrown at [./src/hotspot/share/classfile/systemDictionary.cpp, line 231]
Event: 8408.458 Thread 0x000002ce3534a800 Exception <a 'java/lang/ClassNotFoundException'{0x00000000931352b8}: java/util/LinkedHashMapCustomizer> (0x00000000931352b8) thrown at [./src/hotspot/share/classfile/systemDictionary.cpp, line 231]
Event: 8408.466 Thread 0x000002ce3534a800 Exception <a 'java/lang/ClassNotFoundException'{0x00000000931a1bc0}: org/gradle/api/plugins/internal/DefaultJavaPluginConventionBeanInfo> (0x00000000931a1bc0) thrown at [./src/hotspot/share/classfile/systemDictionary.cpp, line 231]
Event: 8408.466 Thread 0x000002ce3534a800 Exception <a 'java/lang/ClassNotFoundException'{0x00000000931c2548}: org/gradle/api/plugins/JavaPluginConventionBeanInfo> (0x00000000931c2548) thrown at [./src/hotspot/share/classfile/systemDictionary.cpp, line 231]
Event: 8408.466 Thread 0x000002ce3534a800 Exception <a 'java/lang/ClassNotFoundException'{0x00000000931e2fc8}: org/gradle/api/plugins/JavaPluginConventionCustomizer> (0x00000000931e2fc8) thrown at [./src/hotspot/share/classfile/systemDictionary.cpp, line 231]
Event: 8408.467 Thread 0x000002ce3534a800 Exception <a 'java/lang/ClassNotFoundException'{0x000000009301bc38}: org/gradle/api/plugins/internal/DefaultJavaPluginConventionCustomizer> (0x000000009301bc38) thrown at [./src/hotspot/share/classfile/systemDictionary.cpp, line 231]
Event: 8408.469 Thread 0x000002ce3534a800 Exception <a 'java/lang/ClassNotFoundException'{0x000000009308f038}: org/gradle/api/plugins/internal/DefaultBasePluginConventionBeanInfo> (0x000000009308f038) thrown at [./src/hotspot/share/classfile/systemDictionary.cpp, line 231]
Event: 8408.469 Thread 0x000002ce3534a800 Exception <a 'java/lang/ClassNotFoundException'{0x00000000930af9c0}: org/gradle/api/plugins/BasePluginConventionBeanInfo> (0x00000000930af9c0) thrown at [./src/hotspot/share/classfile/systemDictionary.cpp, line 231]
Event: 8408.470 Thread 0x000002ce3534a800 Exception <a 'java/lang/ClassNotFoundException'{0x00000000930d0440}: org/gradle/api/plugins/BasePluginConventionCustomizer> (0x00000000930d0440) thrown at [./src/hotspot/share/classfile/systemDictionary.cpp, line 231]
Event: 8408.470 Thread 0x000002ce3534a800 Exception <a 'java/lang/ClassNotFoundException'{0x00000000930fef98}: org/gradle/api/plugins/internal/DefaultBasePluginConventionCustomizer> (0x00000000930fef98) thrown at [./src/hotspot/share/classfile/systemDictionary.cpp, line 231]
Event: 8408.999 Thread 0x000002ce3534a800 Exception <a 'sun/nio/fs/WindowsException'{0x00000000923e2dd8}> (0x00000000923e2dd8) thrown at [./src/hotspot/share/prims/jni.cpp, line 615]
Event: 8409.004 Thread 0x000002ce3534a800 Exception <a 'sun/nio/fs/WindowsException'{0x0000000092283b10}> (0x0000000092283b10) thrown at [./src/hotspot/share/prims/jni.cpp, line 615]
Event: 8409.005 Thread 0x000002ce3534a800 Exception <a 'sun/nio/fs/WindowsException'{0x0000000092284d50}> (0x0000000092284d50) thrown at [./src/hotspot/share/prims/jni.cpp, line 615]
Event: 8409.005 Thread 0x000002ce3534a800 Exception <a 'sun/nio/fs/WindowsException'{0x0000000092285fe0}> (0x0000000092285fe0) thrown at [./src/hotspot/share/prims/jni.cpp, line 615]
Event: 8409.005 Thread 0x000002ce3534a800 Exception <a 'sun/nio/fs/WindowsException'{0x0000000092287270}> (0x0000000092287270) thrown at [./src/hotspot/share/prims/jni.cpp, line 615]
Event: 8409.173 Thread 0x000002ce3534a800 Implicit null exception at 0x000002ce1eaccb72 to 0x000002ce1eaccd48
Event: 8409.682 Thread 0x000002ce3534a800 Exception <a 'java/lang/NoSuchMethodError'{0x000000008dfb5b18}: 'java.lang.Object java.lang.invoke.DirectMethodHandle$Holder.invokeStatic(java.lang.Object, int, java.lang.Object, java.lang.Object)'> (0x000000008dfb5b18) thrown at [./src/hotspot/share/interpreter/linkResolver.cpp, line 773]
Event: 8410.541 Thread 0x000002ce3534a800 Implicit null exception at 0x000002ce1ff35dec to 0x000002ce1ff3633d
Event: 8410.568 Thread 0x000002ce3534a800 Implicit null exception at 0x000002ce1e8a1412 to 0x000002ce1e8a1ad0

Events (20 events):
Event: 8410.979 loading class com/android/ide/gradle/model/AdditionalClassifierArtifactsModelParameter
Event: 8410.979 loading class com/android/ide/gradle/model/AdditionalClassifierArtifactsModelParameter done
Event: 8410.997 loading class org/gradle/tooling/internal/adapter/MethodInvocation
Event: 8410.997 loading class org/gradle/tooling/internal/adapter/MethodInvocation done
Event: 8410.998 loading class com/android/ide/gradle/model/ArtifactIdentifier
Event: 8410.998 loading class com/android/ide/gradle/model/ArtifactIdentifier done
Event: 8411.006 loading class org/gradle/tooling/internal/adapter/ProtocolToModelAdapter$MethodInvocationCache$MethodInvocationKey
Event: 8411.006 loading class org/gradle/tooling/internal/adapter/ProtocolToModelAdapter$MethodInvocationCache$MethodInvocationKey done
Event: 8411.010 loading class org/gradle/internal/component/external/model/DefaultModuleComponentIdentifier
Event: 8411.010 loading class org/gradle/internal/component/external/model/DefaultModuleComponentIdentifier done
Event: 8411.010 loading class com/android/ide/gradle/model/artifacts/builder/AdditionalClassifierArtifactsModelBuilder$buildAll$ids$1$1
Event: 8411.010 loading class com/android/ide/gradle/model/artifacts/builder/AdditionalClassifierArtifactsModelBuilder$buildAll$ids$1$1 done
Event: 8411.077 loading class org/gradle/maven/MavenModule
Event: 8411.077 loading class org/gradle/maven/MavenModule done
Event: 8411.077 loading class org/gradle/maven/MavenPomArtifact
Event: 8411.077 loading class org/gradle/maven/MavenPomArtifact done
Event: 8411.080 loading class org/gradle/internal/component/model/DefaultModuleDescriptorArtifactMetadata
Event: 8411.080 loading class org/gradle/internal/component/model/DefaultModuleDescriptorArtifactMetadata done
Event: 8411.080 Executing VM operation: Deoptimize
Event: 8411.084 Executing VM operation: Deoptimize done


Dynamic libraries:
0x00007ff73f3d0000 - 0x00007ff73f3da000 	C:\Program Files\Android\Android Studio\jre\bin\java.exe
0x00007ff8ba870000 - 0x00007ff8baa65000 	C:\WINDOWS\SYSTEM32\ntdll.dll
0x00007ff8b9720000 - 0x00007ff8b97de000 	C:\WINDOWS\System32\KERNEL32.DLL
0x00007ff8b84d0000 - 0x00007ff8b8798000 	C:\WINDOWS\System32\KERNELBASE.dll
0x00007ff8b8250000 - 0x00007ff8b8350000 	C:\WINDOWS\System32\ucrtbase.dll
0x00007ff8a0580000 - 0x00007ff8a0597000 	C:\Program Files\Android\Android Studio\jre\bin\VCRUNTIME140.dll
0x00007ff8a3970000 - 0x00007ff8a3989000 	C:\Program Files\Android\Android Studio\jre\bin\jli.dll
0x00007ff8b9d30000 - 0x00007ff8b9ed1000 	C:\WINDOWS\System32\USER32.dll
0x00007ff8a7f50000 - 0x00007ff8a81ea000 	C:\WINDOWS\WinSxS\amd64_microsoft.windows.common-controls_6595b64144ccf1df_6.0.19041.1110_none_60b5254171f9507e\COMCTL32.dll
0x00007ff8b8400000 - 0x00007ff8b8422000 	C:\WINDOWS\System32\win32u.dll
0x00007ff8b8fa0000 - 0x00007ff8b903e000 	C:\WINDOWS\System32\msvcrt.dll
0x00007ff8b9ca0000 - 0x00007ff8b9ccb000 	C:\WINDOWS\System32\GDI32.dll
0x00007ff8b8140000 - 0x00007ff8b824b000 	C:\WINDOWS\System32\gdi32full.dll
0x00007ff8b8430000 - 0x00007ff8b84cd000 	C:\WINDOWS\System32\msvcp_win.dll
0x00007ff8ba060000 - 0x00007ff8ba090000 	C:\WINDOWS\System32\IMM32.DLL
0x00007ff892dd0000 - 0x00007ff892e6d000 	C:\Program Files\Android\Android Studio\jre\bin\msvcp140.dll
0x00007ff871c10000 - 0x00007ff8726df000 	C:\Program Files\Android\Android Studio\jre\bin\server\jvm.dll
0x00007ff8b91f0000 - 0x00007ff8b929c000 	C:\WINDOWS\System32\ADVAPI32.dll
0x00007ff8b9f50000 - 0x00007ff8b9feb000 	C:\WINDOWS\System32\sechost.dll
0x00007ff8b99b0000 - 0x00007ff8b9ada000 	C:\WINDOWS\System32\RPCRT4.dll
0x00007ff8b8f90000 - 0x00007ff8b8f98000 	C:\WINDOWS\System32\PSAPI.DLL
0x00007ff8b5f30000 - 0x00007ff8b5f39000 	C:\WINDOWS\SYSTEM32\WSOCK32.dll
0x00007ff8af670000 - 0x00007ff8af67a000 	C:\WINDOWS\SYSTEM32\VERSION.dll
0x00007ff8b9ee0000 - 0x00007ff8b9f4b000 	C:\WINDOWS\System32\WS2_32.dll
0x00007ff8ac5c0000 - 0x00007ff8ac5e7000 	C:\WINDOWS\SYSTEM32\WINMM.dll
0x00007ff8b5a60000 - 0x00007ff8b5a72000 	C:\WINDOWS\SYSTEM32\kernel.appcore.dll
0x00007ff8b4cd0000 - 0x00007ff8b4ce1000 	C:\Program Files\Android\Android Studio\jre\bin\verify.dll
0x00007ff8b5d40000 - 0x00007ff8b5f24000 	C:\WINDOWS\SYSTEM32\DBGHELP.DLL
0x00007ff8aca80000 - 0x00007ff8acaac000 	C:\WINDOWS\SYSTEM32\dbgcore.DLL
0x00007ff8b87a0000 - 0x00007ff8b8823000 	C:\WINDOWS\System32\bcryptPrimitives.dll
0x00007ff8a9b10000 - 0x00007ff8a9b39000 	C:\Program Files\Android\Android Studio\jre\bin\java.dll
0x00007ff8b4cc0000 - 0x00007ff8b4ccb000 	C:\Program Files\Android\Android Studio\jre\bin\jimage.dll
0x00007ff8ae5f0000 - 0x00007ff8ae608000 	C:\Program Files\Android\Android Studio\jre\bin\zip.dll
0x00007ff8ba0f0000 - 0x00007ff8ba82f000 	C:\WINDOWS\System32\SHELL32.dll
0x00007ff8b5fb0000 - 0x00007ff8b6740000 	C:\WINDOWS\SYSTEM32\windows.storage.dll
0x00007ff8b8aa0000 - 0x00007ff8b8df5000 	C:\WINDOWS\System32\combase.dll
0x00007ff8b7830000 - 0x00007ff8b785e000 	C:\WINDOWS\SYSTEM32\Wldp.dll
0x00007ff8b89f0000 - 0x00007ff8b8a9d000 	C:\WINDOWS\System32\SHCORE.dll
0x00007ff8b9cd0000 - 0x00007ff8b9d25000 	C:\WINDOWS\System32\shlwapi.dll
0x00007ff8b7ed0000 - 0x00007ff8b7eef000 	C:\WINDOWS\SYSTEM32\profapi.dll
0x00007ff8a86a0000 - 0x00007ff8a86ba000 	C:\Program Files\Android\Android Studio\jre\bin\net.dll
0x00007ff8a9300000 - 0x00007ff8a940c000 	C:\WINDOWS\SYSTEM32\WINHTTP.dll
0x00007ff8b75b0000 - 0x00007ff8b761a000 	C:\WINDOWS\system32\mswsock.dll
0x00007ff8a68d0000 - 0x00007ff8a68e4000 	C:\Program Files\Android\Android Studio\jre\bin\nio.dll
0x00007ff8a4600000 - 0x00007ff8a4627000 	C:\Users\jeffe\.gradle\native\8bec1ad78214c89d9ad589b4d07fe93259594b29d510b10fafb7a158f7737e5d\windows-amd64\native-platform.dll
0x00007ff892170000 - 0x00007ff8922ad000 	C:\Users\jeffe\.gradle\native\53dbd7edfb1c66fb8903c78663c9afc45aea4f116125fa6feffd364cf09443e8\windows-amd64\native-platform-file-events.dll
0x00007ff8a8bf0000 - 0x00007ff8a8bfa000 	C:\Program Files\Android\Android Studio\jre\bin\management.dll
0x00007ff8a7e90000 - 0x00007ff8a7e9c000 	C:\Program Files\Android\Android Studio\jre\bin\management_ext.dll
0x00007ff8b7ca0000 - 0x00007ff8b7cb8000 	C:\WINDOWS\SYSTEM32\CRYPTSP.dll
0x00007ff8b6ed0000 - 0x00007ff8b6f04000 	C:\WINDOWS\system32\rsaenh.dll
0x00007ff8b8830000 - 0x00007ff8b8857000 	C:\WINDOWS\System32\bcrypt.dll
0x00007ff8b7e50000 - 0x00007ff8b7e7e000 	C:\WINDOWS\SYSTEM32\USERENV.dll
0x00007ff8b77a0000 - 0x00007ff8b77ac000 	C:\WINDOWS\SYSTEM32\CRYPTBASE.dll
0x00007ff8b7240000 - 0x00007ff8b727b000 	C:\WINDOWS\SYSTEM32\IPHLPAPI.DLL
0x00007ff8ba050000 - 0x00007ff8ba058000 	C:\WINDOWS\System32\NSI.dll
0x00007ff8b0cd0000 - 0x00007ff8b0ce7000 	C:\WINDOWS\SYSTEM32\dhcpcsvc6.DLL
0x00007ff8b0cb0000 - 0x00007ff8b0ccd000 	C:\WINDOWS\SYSTEM32\dhcpcsvc.DLL
0x00007ff8b7280000 - 0x00007ff8b734b000 	C:\WINDOWS\SYSTEM32\DNSAPI.dll
0x00007ff8a4740000 - 0x00007ff8a4767000 	C:\Program Files\Android\Android Studio\jre\bin\sunec.dll

dbghelp: loaded successfully - version: 4.0.5 - missing functions: none
symbol engine: initialized successfully - sym options: 0x614 - pdb path: .;C:\Program Files\Android\Android Studio\jre\bin;C:\WINDOWS\SYSTEM32;C:\WINDOWS\WinSxS\amd64_microsoft.windows.common-controls_6595b64144ccf1df_6.0.19041.1110_none_60b5254171f9507e;C:\Program Files\Android\Android Studio\jre\bin\server;C:\Users\jeffe\.gradle\native\8bec1ad78214c89d9ad589b4d07fe93259594b29d510b10fafb7a158f7737e5d\windows-amd64;C:\Users\jeffe\.gradle\native\53dbd7edfb1c66fb8903c78663c9afc45aea4f116125fa6feffd364cf09443e8\windows-amd64

VM Arguments:
jvm_args: --add-opens=java.base/java.util=ALL-UNNAMED --add-opens=java.base/java.lang=ALL-UNNAMED --add-opens=java.base/java.lang.invoke=ALL-UNNAMED --add-opens=java.base/java.util=ALL-UNNAMED --add-opens=java.prefs/java.util.prefs=ALL-UNNAMED --add-opens=java.prefs/java.util.prefs=ALL-UNNAMED --add-opens=java.base/java.nio.charset=ALL-UNNAMED --add-opens=java.base/java.net=ALL-UNNAMED --add-opens=java.base/java.util.concurrent.atomic=ALL-UNNAMED -Xmx2048m -Dfile.encoding=UTF-8 -Duser.country=PH -Duser.language=en -Duser.variant 
java_command: org.gradle.launcher.daemon.bootstrap.GradleDaemon 7.0.2
java_class_path (initial): C:\Users\jeffe\.gradle\wrapper\dists\gradle-7.0.2-bin\857tjihv64xamwrf0h14cai3r\gradle-7.0.2\lib\gradle-launcher-7.0.2.jar
Launcher Type: SUN_STANDARD

[Global flags]
     intx CICompilerCount                          = 4                                         {product} {ergonomic}
     uint ConcGCThreads                            = 2                                         {product} {ergonomic}
     uint G1ConcRefinementThreads                  = 8                                         {product} {ergonomic}
   size_t G1HeapRegionSize                         = 1048576                                   {product} {ergonomic}
    uintx GCDrainStackTargetSize                   = 64                                        {product} {ergonomic}
   size_t InitialHeapSize                          = 234881024                                 {product} {ergonomic}
   size_t MarkStackSize                            = 4194304                                   {product} {ergonomic}
   size_t MaxHeapSize                              = 2147483648                                {product} {command line}
   size_t MaxNewSize                               = 1287651328                                {product} {ergonomic}
   size_t MinHeapDeltaBytes                        = 1048576                                   {product} {ergonomic}
    uintx NonNMethodCodeHeapSize                   = 5836300                                {pd product} {ergonomic}
    uintx NonProfiledCodeHeapSize                  = 122910970                              {pd product} {ergonomic}
    uintx ProfiledCodeHeapSize                     = 122910970                              {pd product} {ergonomic}
    uintx ReservedCodeCacheSize                    = 251658240                              {pd product} {ergonomic}
     bool SegmentedCodeCache                       = true                                      {product} {ergonomic}
     bool UseCompressedClassPointers               = true                                 {lp64_product} {ergonomic}
     bool UseCompressedOops                        = true                                 {lp64_product} {ergonomic}
     bool UseG1GC                                  = true                                      {product} {ergonomic}
     bool UseLargePagesIndividualAllocation        = false                                  {pd product} {ergonomic}

Logging:
Log output configuration:
 #0: stdout all=warning uptime,level,tags
 #1: stderr all=off uptime,level,tags

Environment Variables:
JAVA_HOME=C:\Program Files\Java\jdk-13.0.2
PATH=C:\Program Files (x86)\Razer Chroma SDK\bin;C:\Program Files\Razer Chroma SDK\bin;C:\Program Files (x86)\Razer\ChromaBroadcast\bin;C:\Program Files\Razer\ChromaBroadcast\bin;C:\WINDOWS\system32;C:\WINDOWS;C:\WINDOWS\System32\Wbem;C:\WINDOWS\System32\WindowsPowerShell\v1.0\;C:\WINDOWS\System32\OpenSSH\;C:\Program Files\Java\jdk-13.0.2\bin;C:\Program Files\MySQL\MySQL Server 5.5\bin;C:\WINDOWS\system32\config\systemprofile\AppData\Local\Microsoft\WindowsApps;C:\Users\jeffe\AppData\Local\Microsoft\WindowsApps;C:\xampp\php;C:\ProgramData\ComposerSetup\bin;C:\Program Files\Git\cmd;C:\Program Files\MySQL\MySQL Shell 8.0\bin\;C:\Users\jeffe\AppData\Local\Microsoft\WindowsApps;C:\Users\jeffe\AppData\Roaming\Composer\vendor\bin
USERNAME=jeffe
OS=Windows_NT
PROCESSOR_IDENTIFIER=AMD64 Family 23 Model 24 Stepping 1, AuthenticAMD



---------------  S Y S T E M  ---------------

OS: Windows 10 , 64 bit Build 19041 (10.0.19041.1348)
OS uptime: 0 days 8:58 hours

CPU:total 8 (initial active 8) (8 cores per cpu, 2 threads per core) family 23 model 24 stepping 1 microcode 0x0, cmov, cx8, fxsr, mmx, sse, sse2, sse3, ssse3, sse4.1, sse4.2, popcnt, avx, avx2, aes, clmul, mmxext, 3dnowpref, lzcnt, sse4a, ht, tsc, tscinvbit, tscinv, bmi1, bmi2, adx, s

Memory: 4k page, system-wide physical 14274M (7270M free)
TotalPageFile size 16450M (AvailPageFile size 6554M)
current process WorkingSet (physical memory assigned to process): 742M, peak: 750M
current process commit charge ("private bytes"): 831M, peak: 838M

vm_info: OpenJDK 64-Bit Server VM (11.0.10+0-b96-7249189) for windows-amd64 JRE (11.0.10+0-b96-7249189), built on Mar 31 2021 21:44:00 by "builder" with MS VC++ 14.0 (VS2015)

END.
