#
# A fatal error has been detected by the Java Runtime Environment:
#
#  EXCEPTION_ACCESS_VIOLATION (0xc0000005) at pc=0x00007ff87b8b7db0, pid=8628, tid=11808
#
# JRE version: OpenJDK Runtime Environment (11.0.10) (build 11.0.10+0-b96-7249189)
# Java VM: OpenJDK 64-Bit Server VM (11.0.10+0-b96-7249189, mixed mode, tiered, compressed oops, g1 gc, windows-amd64)
# Problematic frame:
# V  [jvm.dll+0x357db0]
#
# No core dump will be written. Minidumps are not enabled by default on client versions of Windows
#
# If you would like to submit a bug report, please visit:
#   https://bugreport.java.com/bugreport/crash.jsp
#

---------------  S U M M A R Y ------------

Command Line: --add-opens=java.base/java.util=ALL-UNNAMED --add-opens=java.base/java.lang=ALL-UNNAMED --add-opens=java.base/java.lang.invoke=ALL-UNNAMED --add-opens=java.base/java.util=ALL-UNNAMED --add-opens=java.prefs/java.util.prefs=ALL-UNNAMED --add-opens=java.prefs/java.util.prefs=ALL-UNNAMED --add-opens=java.base/java.nio.charset=ALL-UNNAMED --add-opens=java.base/java.net=ALL-UNNAMED --add-opens=java.base/java.util.concurrent.atomic=ALL-UNNAMED -Xmx2048m -Dfile.encoding=UTF-8 -Duser.country=PH -Duser.language=en -Duser.variant org.gradle.launcher.daemon.bootstrap.GradleDaemon 7.0.2

Host: AMD Ryzen 5 3550H with Radeon Vega Mobile Gfx  , 8 cores, 13G,  Windows 10 , 64 bit Build 19041 (10.0.19041.1320)
Time: Tue Nov  9 13:42:53 2021 Malay Peninsula Standard Time elapsed time: 24.854457 seconds (0d 0h 0m 24s)

---------------  T H R E A D  ---------------

Current thread (0x00000231ed10c000):  JavaThread "C2 CompilerThread0" daemon [_thread_in_native, id=11808, stack(0x00000082ff100000,0x00000082ff200000)]


Current CompileTask:
C2:  24854 9788       4       java.lang.reflect.Method::invoke (65 bytes)

Stack: [0x00000082ff100000,0x00000082ff200000],  sp=0x00000082ff1fbe30,  free space=1007k
Native frames: (J=compiled Java code, j=interpreted, Vv=VM code, C=native code)
V  [jvm.dll+0x357db0]
V  [jvm.dll+0x351260]
V  [jvm.dll+0x197e49]
V  [jvm.dll+0x1fb70e]
V  [jvm.dll+0x1fa7f4]
V  [jvm.dll+0x18354c]
V  [jvm.dll+0x208ee7]
V  [jvm.dll+0x207731]
V  [jvm.dll+0x6eb1cf]
V  [jvm.dll+0x6e3d45]
V  [jvm.dll+0x5ebe96]
C  [ucrtbase.dll+0x21bb2]
C  [KERNEL32.DLL+0x17034]
C  [ntdll.dll+0x52651]


siginfo: EXCEPTION_ACCESS_VIOLATION (0xc0000005), reading address 0x00007df87bf57c38


Register to memory mapping:

RIP=0x00007ff87b8b7db0 jvm.dll
RAX=0x00007df87bf57c38 is an unknown value
RBX=0x0000000000000080 is an unknown value
RCX=0x0000000000000002 is an unknown value
RDX=0x0 is NULL
RSP=0x00000082ff1fbe30 is pointing into the stack for thread: 0x00000231ed10c000
RBP=0x0000000000000008 is an unknown value
RSI=0x00007ff87bf57c38 jvm.dll
RDI=0x00000231ec866830 points into unknown readable memory: 0x00000231ec87cda0 | a0 cd 87 ec 31 02 00 00
R8 =0x00000231f250ec80 points into unknown readable memory: 0x0000000000000000 | 00 00 00 00 00 00 00 00
R9 =0x00000082ff1fbe80 is pointing into the stack for thread: 0x00000231ed10c000
R10=0x0000000000000010 is an unknown value
R11=0x00000082ff1fbd90 is pointing into the stack for thread: 0x00000231ed10c000
R12=0x00007ff87b560000 jvm.dll
R13=0x0000000000000008 is an unknown value
R14=0x0000000000000003 is an unknown value
R15=0x00007ff87bf57c38 jvm.dll


Registers:
RAX=0x00007df87bf57c38, RBX=0x0000000000000080, RCX=0x0000000000000002, RDX=0x0000000000000000
RSP=0x00000082ff1fbe30, RBP=0x0000000000000008, RSI=0x00007ff87bf57c38, RDI=0x00000231ec866830
R8 =0x00000231f250ec80, R9 =0x00000082ff1fbe80, R10=0x0000000000000010, R11=0x00000082ff1fbd90
R12=0x00007ff87b560000, R13=0x0000000000000008, R14=0x0000000000000003, R15=0x00007ff87bf57c38
RIP=0x00007ff87b8b7db0, EFLAGS=0x0000000000010246

Top of Stack: (sp=0x00000082ff1fbe30)
0x00000082ff1fbe30:   0000000000000000 0000000000000000
0x00000082ff1fbe40:   00000231ec87cda8 00000231ec87fc00
0x00000082ff1fbe50:   0000000000000583 00007ff87b8b1260
0x00000082ff1fbe60:   00000231f749df60 00000082ff1fbfa0
0x00000082ff1fbe70:   0000000000000583 00007ff87bd8cb70
0x00000082ff1fbe80:   0000058500000000 0000023100000005
0x00000082ff1fbe90:   00007df87bf57c38 0000000000000006
0x00000082ff1fbea0:   00000231ed89e4f8 0000023100000019
0x00000082ff1fbeb0:   00000231f749e000 00000082ff1fc428
0x00000082ff1fbec0:   00000231efa5d710 0000000000000000
0x00000082ff1fbed0:   00000082ff1fbfe0 00007ff87b6f7e49
0x00000082ff1fbee0:   00000082ff1fc340 00000082ff1fc428
0x00000082ff1fbef0:   00000000000003d8 00000231efa5d720
0x00000082ff1fbf00:   00000082ff1fc000 0000000000000001
0x00000082ff1fbf10:   00007ff800000006 00000231efa5d710
0x00000082ff1fbf20:   00000231f4cb3c10 00000231f4cb5ee0 

Instructions: (pc=0x00007ff87b8b7db0)
0x00007ff87b8b7cb0:   58 4c 8b 64 24 50 48 8b c3 48 83 c4 20 41 5f 5f
0x00007ff87b8b7cc0:   5e 5d 5b c3 cc cc cc cc cc cc cc cc cc cc cc cc
0x00007ff87b8b7cd0:   83 3a 00 4c 8b c2 c7 41 08 08 00 00 00 75 16 33
0x00007ff87b8b7ce0:   d2 c7 41 18 01 00 00 00 89 11 48 8b c1 c7 41 28
0x00007ff87b8b7cf0:   01 00 00 00 c3 33 d2 48 89 11 89 51 18 41 8b 80
0x00007ff87b8b7d00:   90 00 00 00 89 41 28 48 89 51 10 49 8b 40 08 48
0x00007ff87b8b7d10:   89 41 20 48 8b c1 4c 89 41 30 c3 cc cc cc cc cc
0x00007ff87b8b7d20:   48 83 ec 28 8b 51 08 4c 8b c9 83 fa 08 73 18 4c
0x00007ff87b8b7d30:   8b 41 10 8b c2 41 83 3c 80 00 0f 85 0d 01 00 00
0x00007ff87b8b7d40:   ff c2 83 fa 08 72 ec 44 8b 51 18 48 89 5c 24 30
0x00007ff87b8b7d50:   48 89 6c 24 38 48 89 74 24 40 48 89 7c 24 20 44
0x00007ff87b8b7d60:   3b 51 28 0f 83 b9 00 00 00 8b 0d 0d ba 6d 00 48
0x00007ff87b8b7d70:   8d 35 c2 fe 69 00 65 48 8b 04 25 58 00 00 00 bd
0x00007ff87b8b7d80:   08 00 00 00 48 8d 3c c8 0f 1f 84 00 00 00 00 00
0x00007ff87b8b7d90:   41 8b c2 48 8d 1c c5 00 00 00 00 49 8b 41 20 48
0x00007ff87b8b7da0:   8b 04 03 48 3b c6 74 6d 49 89 41 10 33 d2 66 90
0x00007ff87b8b7db0:   83 38 00 0f 85 c3 00 00 00 ff c2 48 83 c0 04 83
0x00007ff87b8b7dc0:   fa 08 72 ec 4d 8b 59 30 4d 85 db 74 48 49 8b 43
0x00007ff87b8b7dd0:   08 8b d5 48 03 17 4c 8b 04 03 48 8b 02 48 8b 88
0x00007ff87b8b7de0:   d0 04 00 00 48 8b 81 88 00 00 00 48 8b 88 88 08
0x00007ff87b8b7df0:   00 00 49 89 08 48 8b 02 48 8b 88 d0 04 00 00 48
0x00007ff87b8b7e00:   8b 81 88 00 00 00 4c 89 80 88 08 00 00 49 8b 43
0x00007ff87b8b7e10:   08 48 89 34 03 41 ff c2 45 3b 51 28 0f 82 6e ff
0x00007ff87b8b7e20:   ff ff 41 8b 41 28 41 89 41 18 33 c0 41 c7 41 08
0x00007ff87b8b7e30:   08 00 00 00 48 8b 74 24 40 48 8b 6c 24 38 48 8b
0x00007ff87b8b7e40:   5c 24 30 48 8b 7c 24 20 48 83 c4 28 c3 8b 41 18
0x00007ff87b8b7e50:   8d 0c c2 8b c2 c1 e1 05 81 e9 00 01 00 00 41 89
0x00007ff87b8b7e60:   49 04 41 8b 0c 80 8d 42 01 41 89 09 49 8b c9 41
0x00007ff87b8b7e70:   89 41 08 48 83 c4 28 e9 a4 33 e4 ff 42 8d 04 d2
0x00007ff87b8b7e80:   c1 e0 05 41 89 41 04 49 8b 41 10 8b 0c 90 41 8d
0x00007ff87b8b7e90:   42 01 41 89 41 18 8d 42 01 41 89 09 49 8b c9 41
0x00007ff87b8b7ea0:   89 41 08 e8 78 33 e4 ff eb 8a cc cc cc cc cc cc 


Stack slot to memory mapping:
stack at sp + 0 slots: 0x0 is NULL
stack at sp + 1 slots: 0x0 is NULL
stack at sp + 2 slots: 0x00000231ec87cda8 points into unknown readable memory: 0x00000231ed10c000 | 00 c0 10 ed 31 02 00 00
stack at sp + 3 slots: 0x00000231ec87fc00 points into unknown readable memory: 0x0000000000000006 | 06 00 00 00 00 00 00 00
stack at sp + 4 slots: 0x0000000000000583 is an unknown value
stack at sp + 5 slots: 0x00007ff87b8b1260 jvm.dll
stack at sp + 6 slots: 0x00000231f749df60 points into unknown readable memory: 0x0000000000000001 | 01 00 00 00 00 00 00 00
stack at sp + 7 slots: 0x00000082ff1fbfa0 is pointing into the stack for thread: 0x00000231ed10c000


---------------  P R O C E S S  ---------------

Threads class SMR info:
_java_thread_list=0x00000231efe8e0d0, length=63, elements={
0x00000231d23ee000, 0x00000231ec879000, 0x00000231ec889000, 0x00000231ed105800,
0x00000231ed106800, 0x00000231ed109800, 0x00000231ed10c000, 0x00000231ed113000,
0x00000231ed117000, 0x00000231ed279800, 0x00000231eff18000, 0x00000231edb0e000,
0x00000231ed40a800, 0x00000231eec9d800, 0x00000231ef7f0800, 0x00000231ef17e000,
0x00000231ef17c800, 0x00000231ef17d800, 0x00000231ef180000, 0x00000231ef180800,
0x00000231ef181800, 0x00000231ef17b800, 0x00000231ef182800, 0x00000231ef17f000,
0x00000231ef9a1000, 0x00000231ef9a2000, 0x00000231ef9a3000, 0x00000231ef9a0800,
0x00000231ef9a4800, 0x00000231ef99f000, 0x00000231ef99f800, 0x00000231ef9a6000,
0x00000231ef9aa000, 0x00000231ef9ab000, 0x00000231ef9ac800, 0x00000231ef9a7000,
0x00000231ef9ad800, 0x00000231efd67000, 0x00000231efd65000, 0x00000231efd67800,
0x00000231efd66000, 0x00000231efd62000, 0x00000231efd62800, 0x00000231efd63800,
0x00000231efd6a000, 0x00000231efd64800, 0x00000231efd69000, 0x00000231efd6e000,
0x00000231efd6d800, 0x00000231efd6b000, 0x00000231efd6b800, 0x00000231efd6c800,
0x00000231efd70000, 0x00000231efd70800, 0x00000231f6ce1800, 0x00000231f6ce3800,
0x00000231f6cdf000, 0x00000231f6ce4000, 0x00000231f6ce6000, 0x00000231f6ce5000,
0x00000231f6ce0000, 0x00000231f6ce2800, 0x00000231f6ce6800
}

Java Threads: ( => current thread )
  0x00000231d23ee000 JavaThread "main" [_thread_blocked, id=10288, stack(0x00000082fe500000,0x00000082fe600000)]
  0x00000231ec879000 JavaThread "Reference Handler" daemon [_thread_blocked, id=1576, stack(0x00000082fec00000,0x00000082fed00000)]
  0x00000231ec889000 JavaThread "Finalizer" daemon [_thread_blocked, id=10080, stack(0x00000082fed00000,0x00000082fee00000)]
  0x00000231ed105800 JavaThread "Signal Dispatcher" daemon [_thread_blocked, id=9956, stack(0x00000082fee00000,0x00000082fef00000)]
  0x00000231ed106800 JavaThread "Attach Listener" daemon [_thread_blocked, id=8048, stack(0x00000082fef00000,0x00000082ff000000)]
  0x00000231ed109800 JavaThread "Service Thread" daemon [_thread_blocked, id=9948, stack(0x00000082ff000000,0x00000082ff100000)]
=>0x00000231ed10c000 JavaThread "C2 CompilerThread0" daemon [_thread_in_native, id=11808, stack(0x00000082ff100000,0x00000082ff200000)]
  0x00000231ed113000 JavaThread "C1 CompilerThread0" daemon [_thread_blocked, id=11068, stack(0x00000082ff200000,0x00000082ff300000)]
  0x00000231ed117000 JavaThread "Sweeper thread" daemon [_thread_blocked, id=10860, stack(0x00000082ff300000,0x00000082ff400000)]
  0x00000231ed279800 JavaThread "Common-Cleaner" daemon [_thread_blocked, id=12380, stack(0x00000082ff400000,0x00000082ff500000)]
  0x00000231eff18000 JavaThread "Daemon health stats" [_thread_blocked, id=2168, stack(0x00000082ffc00000,0x00000082ffd00000)]
  0x00000231edb0e000 JavaThread "Incoming local TCP Connector on port 49803" [_thread_in_native, id=9512, stack(0x00000082ff600000,0x00000082ff700000)]
  0x00000231ed40a800 JavaThread "Daemon periodic checks" [_thread_blocked, id=3084, stack(0x00000082ff700000,0x00000082ff800000)]
  0x00000231eec9d800 JavaThread "Daemon" [_thread_blocked, id=2412, stack(0x00000082ffd00000,0x00000082ffe00000)]
  0x00000231ef7f0800 JavaThread "Handler for socket connection from /127.0.0.1:49803 to /127.0.0.1:49804" [_thread_in_native, id=12508, stack(0x00000082ffe00000,0x00000082fff00000)]
  0x00000231ef17e000 JavaThread "Cancel handler" [_thread_blocked, id=9872, stack(0x00000082fff00000,0x0000008300000000)]
  0x00000231ef17c800 JavaThread "Daemon worker" [_thread_blocked, id=13040, stack(0x0000008280000000,0x0000008280100000)]
  0x00000231ef17d800 JavaThread "Asynchronous log dispatcher for DefaultDaemonConnection: socket connection from /127.0.0.1:49803 to /127.0.0.1:49804" [_thread_blocked, id=7696, stack(0x0000008280100000,0x0000008280200000)]
  0x00000231ef180000 JavaThread "Stdin handler" [_thread_blocked, id=2576, stack(0x0000008280200000,0x0000008280300000)]
  0x00000231ef180800 JavaThread "Daemon client event forwarder" [_thread_blocked, id=11588, stack(0x0000008280300000,0x0000008280400000)]
  0x00000231ef181800 JavaThread "Cache worker for file hash cache (C:\Users\jeffe\.gradle\caches\7.0.2\fileHashes)" [_thread_blocked, id=12348, stack(0x0000008280400000,0x0000008280500000)]
  0x00000231ef17b800 JavaThread "File lock request listener" [_thread_in_native, id=2928, stack(0x0000008280500000,0x0000008280600000)]
  0x00000231ef182800 JavaThread "Cache worker for journal cache (C:\Users\jeffe\.gradle\caches\journal-1)" [_thread_blocked, id=3184, stack(0x0000008280a00000,0x0000008280b00000)]
  0x00000231ef17f000 JavaThread "Cache worker for file hash cache (C:\Users\jeffe\AndroidStudioProjects\FirstAidKit3\.gradle\7.0.2\fileHashes)" [_thread_blocked, id=12960, stack(0x0000008280d00000,0x0000008280e00000)]
  0x00000231ef9a1000 JavaThread "File watcher server" daemon [_thread_in_native, id=4792, stack(0x0000008280e00000,0x0000008280f00000)]
  0x00000231ef9a2000 JavaThread "File watcher consumer" daemon [_thread_blocked, id=11256, stack(0x0000008280f00000,0x0000008281000000)]
  0x00000231ef9a3000 JavaThread "Cache worker for checksums cache (C:\Users\jeffe\AndroidStudioProjects\FirstAidKit3\.gradle\checksums)" [_thread_blocked, id=8152, stack(0x0000008281000000,0x0000008281100000)]
  0x00000231ef9a0800 JavaThread "Cache worker for cache directory md-supplier (C:\Users\jeffe\.gradle\caches\7.0.2\md-supplier)" [_thread_blocked, id=6160, stack(0x0000008281100000,0x0000008281200000)]
  0x00000231ef9a4800 JavaThread "Cache worker for cache directory md-rule (C:\Users\jeffe\.gradle\caches\7.0.2\md-rule)" [_thread_blocked, id=10372, stack(0x0000008281200000,0x0000008281300000)]
  0x00000231ef99f000 JavaThread "Cache worker for execution history cache (C:\Users\jeffe\.gradle\caches\7.0.2\executionHistory)" [_thread_in_Java, id=11292, stack(0x0000008281300000,0x0000008281400000)]
  0x00000231ef99f800 JavaThread "jar transforms" [_thread_blocked, id=11716, stack(0x0000008281400000,0x0000008281500000)]
  0x00000231ef9a6000 JavaThread "jar transforms Thread 2" [_thread_blocked, id=8828, stack(0x0000008281500000,0x0000008281600000)]
  0x00000231ef9aa000 JavaThread "Cache worker for file content cache (C:\Users\jeffe\.gradle\caches\7.0.2\fileContent)" [_thread_blocked, id=12884, stack(0x0000008281600000,0x0000008281700000)]
  0x00000231ef9ab000 JavaThread "Cache worker for dependencies-accessors (C:\Users\jeffe\AndroidStudioProjects\FirstAidKit3\.gradle\7.0.2\dependencies-accessors)" [_thread_blocked, id=8980, stack(0x0000008281700000,0x0000008281800000)]
  0x00000231ef9ac800 JavaThread "jar transforms Thread 3" [_thread_blocked, id=8272, stack(0x0000008281800000,0x0000008281900000)]
  0x00000231ef9a7000 JavaThread "Cache worker for Build Output Cleanup Cache (C:\Users\jeffe\AndroidStudioProjects\FirstAidKit3\.gradle\buildOutputCleanup)" [_thread_blocked, id=6576, stack(0x0000008281900000,0x0000008281a00000)]
  0x00000231ef9ad800 JavaThread "Build operations" [_thread_in_native, id=4320, stack(0x0000008281a00000,0x0000008281b00000)]
  0x00000231efd67000 JavaThread "Build operations Thread 2" [_thread_blocked, id=12308, stack(0x0000008281b00000,0x0000008281c00000)]
  0x00000231efd65000 JavaThread "Build operations Thread 3" [_thread_blocked, id=10000, stack(0x0000008281c00000,0x0000008281d00000)]
  0x00000231efd67800 JavaThread "Build operations Thread 4" [_thread_blocked, id=3460, stack(0x0000008281d00000,0x0000008281e00000)]
  0x00000231efd66000 JavaThread "Build operations Thread 5" [_thread_blocked, id=13188, stack(0x0000008281e00000,0x0000008281f00000)]
  0x00000231efd62000 JavaThread "Build operations Thread 6" [_thread_blocked, id=3820, stack(0x0000008281f00000,0x0000008282000000)]
  0x00000231efd62800 JavaThread "Build operations Thread 7" [_thread_blocked, id=4524, stack(0x0000008282000000,0x0000008282100000)]
  0x00000231efd63800 JavaThread "Build operations Thread 8" [_thread_in_Java, id=8032, stack(0x0000008282100000,0x0000008282200000)]
  0x00000231efd6a000 JavaThread "jar transforms Thread 4" [_thread_blocked, id=1468, stack(0x0000008282200000,0x0000008282300000)]
  0x00000231efd64800 JavaThread "jar transforms Thread 5" [_thread_blocked, id=7340, stack(0x0000008282300000,0x0000008282400000)]
  0x00000231efd69000 JavaThread "jar transforms Thread 6" [_thread_blocked, id=8372, stack(0x0000008282400000,0x0000008282500000)]
  0x00000231efd6e000 JavaThread "jar transforms Thread 7" [_thread_blocked, id=1472, stack(0x0000008282500000,0x0000008282600000)]
  0x00000231efd6d800 JavaThread "jar transforms Thread 8" [_thread_blocked, id=2560, stack(0x0000008282600000,0x0000008282700000)]
  0x00000231efd6b000 JavaThread "C2 CompilerThread1" daemon [_thread_in_native, id=1020, stack(0x0000008280b00000,0x0000008280c00000)]
  0x00000231efd6b800 JavaThread "C2 CompilerThread2" daemon [_thread_in_native, id=4584, stack(0x0000008280c00000,0x0000008280d00000)]
  0x00000231efd6c800 JavaThread "Memory manager" [_thread_blocked, id=10732, stack(0x0000008282700000,0x0000008282800000)]
  0x00000231efd70000 JavaThread "build event listener" [_thread_blocked, id=9040, stack(0x0000008282800000,0x0000008282900000)]
  0x00000231efd70800 JavaThread "Execution worker for ':'" [_thread_blocked, id=9552, stack(0x0000008282900000,0x0000008282a00000)]
  0x00000231f6ce1800 JavaThread "Execution worker for ':' Thread 2" [_thread_blocked, id=2088, stack(0x0000008282a00000,0x0000008282b00000)]
  0x00000231f6ce3800 JavaThread "Execution worker for ':' Thread 3" [_thread_blocked, id=7548, stack(0x0000008282b00000,0x0000008282c00000)]
  0x00000231f6cdf000 JavaThread "Execution worker for ':' Thread 4" [_thread_blocked, id=3172, stack(0x0000008282c00000,0x0000008282d00000)]
  0x00000231f6ce4000 JavaThread "Execution worker for ':' Thread 5" [_thread_blocked, id=8344, stack(0x0000008282d00000,0x0000008282e00000)]
  0x00000231f6ce6000 JavaThread "Execution worker for ':' Thread 6" [_thread_blocked, id=8756, stack(0x0000008282e00000,0x0000008282f00000)]
  0x00000231f6ce5000 JavaThread "Execution worker for ':' Thread 7" [_thread_in_Java, id=11792, stack(0x0000008282f00000,0x0000008283000000)]
  0x00000231f6ce0000 JavaThread "Cache worker for execution history cache (C:\Users\jeffe\AndroidStudioProjects\FirstAidKit3\.gradle\7.0.2\executionHistory)" [_thread_blocked, id=7160, stack(0x0000008283000000,0x0000008283100000)]
  0x00000231f6ce2800 JavaThread "WorkerExecutor Queue" [_thread_blocked, id=3664, stack(0x0000008283200000,0x0000008283300000)]
  0x00000231f6ce6800 JavaThread "WorkerExecutor Queue Thread 2" [_thread_blocked, id=5116, stack(0x0000008283300000,0x0000008283400000)]

Other Threads:
  0x00000231ed0b7000 VMThread "VM Thread" [stack: 0x00000082feb00000,0x00000082fec00000] [id=13052]
  0x00000231ed292800 WatcherThread [stack: 0x00000082ff500000,0x00000082ff600000] [id=8092]
  0x00000231d2406800 GCTaskThread "GC Thread#0" [stack: 0x00000082fe600000,0x00000082fe700000] [id=10392]
  0x00000231ee4f9800 GCTaskThread "GC Thread#1" [stack: 0x00000082ff800000,0x00000082ff900000] [id=10512]
  0x00000231ee37c000 GCTaskThread "GC Thread#2" [stack: 0x00000082ff900000,0x00000082ffa00000] [id=5936]
  0x00000231edf2d000 GCTaskThread "GC Thread#3" [stack: 0x00000082ffa00000,0x00000082ffb00000] [id=5552]
  0x00000231edf34000 GCTaskThread "GC Thread#4" [stack: 0x00000082ffb00000,0x00000082ffc00000] [id=4668]
  0x00000231ef538000 GCTaskThread "GC Thread#5" [stack: 0x0000008280600000,0x0000008280700000] [id=5096]
  0x00000231ee6fd800 GCTaskThread "GC Thread#6" [stack: 0x0000008280700000,0x0000008280800000] [id=7232]
  0x00000231ef4cb000 GCTaskThread "GC Thread#7" [stack: 0x0000008280800000,0x0000008280900000] [id=12004]
  0x00000231d2439000 ConcurrentGCThread "G1 Main Marker" [stack: 0x00000082fe700000,0x00000082fe800000] [id=8040]
  0x00000231d243a000 ConcurrentGCThread "G1 Conc#0" [stack: 0x00000082fe800000,0x00000082fe900000] [id=13184]
  0x00000231ef788000 ConcurrentGCThread "G1 Conc#1" [stack: 0x0000008280900000,0x0000008280a00000] [id=5256]
  0x00000231ec6ee800 ConcurrentGCThread "G1 Refine#0" [stack: 0x00000082fe900000,0x00000082fea00000] [id=5596]
  0x00000231f3144000 ConcurrentGCThread "G1 Refine#1" [stack: 0x0000008283100000,0x0000008283200000] [id=13160]
  0x00000231ec6ef000 ConcurrentGCThread "G1 Young RemSet Sampling" [stack: 0x00000082fea00000,0x00000082feb00000] [id=9672]

Threads with active compile tasks:
C2 CompilerThread0  24982 9788       4       java.lang.reflect.Method::invoke (65 bytes)
C2 CompilerThread1  24982 9945       4       java.util.regex.Pattern::split (290 bytes)
C2 CompilerThread2  24982 10141       4       com.esotericsoftware.kryo.io.Output::writeString (125 bytes)

VM state:not at safepoint (normal execution)

VM Mutex/Monitor currently owned by a thread: None

Heap address: 0x0000000080000000, size: 2048 MB, Compressed Oops mode: 32-bit
Narrow klass base: 0x0000000000000000, Narrow klass shift: 3
Compressed class space size: 1073741824 Address: 0x0000000100000000

Heap:
 garbage-first heap   total 229376K, used 114825K [0x0000000080000000, 0x0000000100000000)
  region size 1024K, 45 young (46080K), 15 survivors (15360K)
 Metaspace       used 87410K, capacity 89671K, committed 89804K, reserved 1126400K
  class space    used 11307K, capacity 12139K, committed 12236K, reserved 1048576K
Heap Regions: E=young(eden), S=young(survivor), O=old, HS=humongous(starts), HC=humongous(continues), CS=collection set, F=free, A=archive, TAMS=top-at-mark-start (previous, next)
|   0|0x0000000080000000, 0x0000000080100000, 0x0000000080100000|100%| O|  |TAMS 0x0000000080100000, 0x0000000080000000| Untracked 
|   1|0x0000000080100000, 0x0000000080200000, 0x0000000080200000|100%| O|  |TAMS 0x0000000080200000, 0x0000000080100000| Untracked 
|   2|0x0000000080200000, 0x0000000080300000, 0x0000000080300000|100%| O|  |TAMS 0x0000000080300000, 0x0000000080200000| Untracked 
|   3|0x0000000080300000, 0x0000000080400000, 0x0000000080400000|100%|HS|  |TAMS 0x0000000080400000, 0x0000000080300000| Complete 
|   4|0x0000000080400000, 0x0000000080500000, 0x0000000080500000|100%|HC|  |TAMS 0x0000000080500000, 0x0000000080400000| Complete 
|   5|0x0000000080500000, 0x0000000080600000, 0x0000000080600000|100%|HC|  |TAMS 0x0000000080600000, 0x0000000080500000| Complete 
|   6|0x0000000080600000, 0x0000000080700000, 0x0000000080700000|100%| O|  |TAMS 0x0000000080700000, 0x0000000080600000| Untracked 
|   7|0x0000000080700000, 0x0000000080800000, 0x0000000080800000|100%| O|  |TAMS 0x0000000080800000, 0x0000000080700000| Untracked 
|   8|0x0000000080800000, 0x0000000080900000, 0x0000000080900000|100%| O|  |TAMS 0x0000000080900000, 0x0000000080800000| Untracked 
|   9|0x0000000080900000, 0x0000000080a00000, 0x0000000080a00000|100%| O|  |TAMS 0x0000000080a00000, 0x0000000080900000| Untracked 
|  10|0x0000000080a00000, 0x0000000080b00000, 0x0000000080b00000|100%| O|  |TAMS 0x0000000080b00000, 0x0000000080a00000| Untracked 
|  11|0x0000000080b00000, 0x0000000080c00000, 0x0000000080c00000|100%| O|  |TAMS 0x0000000080c00000, 0x0000000080b00000| Untracked 
|  12|0x0000000080c00000, 0x0000000080d00000, 0x0000000080d00000|100%| O|  |TAMS 0x0000000080d00000, 0x0000000080c00000| Untracked 
|  13|0x0000000080d00000, 0x0000000080e00000, 0x0000000080e00000|100%| O|  |TAMS 0x0000000080e00000, 0x0000000080d00000| Untracked 
|  14|0x0000000080e00000, 0x0000000080f00000, 0x0000000080f00000|100%| O|  |TAMS 0x0000000080f00000, 0x0000000080e00000| Untracked 
|  15|0x0000000080f00000, 0x0000000081000000, 0x0000000081000000|100%| O|  |TAMS 0x0000000081000000, 0x0000000080f00000| Untracked 
|  16|0x0000000081000000, 0x0000000081100000, 0x0000000081100000|100%| O|  |TAMS 0x0000000081100000, 0x0000000081000000| Untracked 
|  17|0x0000000081100000, 0x0000000081200000, 0x0000000081200000|100%|HS|  |TAMS 0x0000000081200000, 0x0000000081100000| Complete 
|  18|0x0000000081200000, 0x0000000081300000, 0x0000000081300000|100%|HS|  |TAMS 0x0000000081300000, 0x0000000081200000| Complete 
|  19|0x0000000081300000, 0x0000000081400000, 0x0000000081400000|100%|HS|  |TAMS 0x0000000081400000, 0x0000000081300000| Complete 
|  20|0x0000000081400000, 0x0000000081500000, 0x0000000081500000|100%|HC|  |TAMS 0x0000000081500000, 0x0000000081400000| Complete 
|  21|0x0000000081500000, 0x0000000081600000, 0x0000000081600000|100%| O|  |TAMS 0x0000000081600000, 0x0000000081500000| Untracked 
|  22|0x0000000081600000, 0x0000000081700000, 0x0000000081700000|100%| O|  |TAMS 0x0000000081700000, 0x0000000081600000| Untracked 
|  23|0x0000000081700000, 0x0000000081800000, 0x0000000081800000|100%| O|  |TAMS 0x0000000081800000, 0x0000000081700000| Untracked 
|  24|0x0000000081800000, 0x0000000081900000, 0x0000000081900000|100%| O|  |TAMS 0x0000000081900000, 0x0000000081800000| Untracked 
|  25|0x0000000081900000, 0x0000000081a00000, 0x0000000081a00000|100%| O|  |TAMS 0x0000000081a00000, 0x0000000081900000| Untracked 
|  26|0x0000000081a00000, 0x0000000081b00000, 0x0000000081b00000|100%| O|  |TAMS 0x0000000081b00000, 0x0000000081a00000| Untracked 
|  27|0x0000000081b00000, 0x0000000081c00000, 0x0000000081c00000|100%| O|  |TAMS 0x0000000081c00000, 0x0000000081b00000| Untracked 
|  28|0x0000000081c00000, 0x0000000081d00000, 0x0000000081d00000|100%| O|  |TAMS 0x0000000081d00000, 0x0000000081c00000| Untracked 
|  29|0x0000000081d00000, 0x0000000081e00000, 0x0000000081e00000|100%| O|  |TAMS 0x0000000081e00000, 0x0000000081d00000| Untracked 
|  30|0x0000000081e00000, 0x0000000081f00000, 0x0000000081f00000|100%| O|  |TAMS 0x0000000081f00000, 0x0000000081e00000| Untracked 
|  31|0x0000000081f00000, 0x0000000082000000, 0x0000000082000000|100%| O|  |TAMS 0x0000000082000000, 0x0000000081f00000| Untracked 
|  32|0x0000000082000000, 0x0000000082100000, 0x0000000082100000|100%| O|  |TAMS 0x0000000082100000, 0x0000000082000000| Untracked 
|  33|0x0000000082100000, 0x0000000082200000, 0x0000000082200000|100%| O|  |TAMS 0x0000000082200000, 0x0000000082100000| Untracked 
|  34|0x0000000082200000, 0x0000000082300000, 0x0000000082300000|100%| O|  |TAMS 0x0000000082300000, 0x0000000082200000| Untracked 
|  35|0x0000000082300000, 0x0000000082400000, 0x0000000082400000|100%| O|  |TAMS 0x0000000082400000, 0x0000000082300000| Untracked 
|  36|0x0000000082400000, 0x0000000082500000, 0x0000000082500000|100%| O|  |TAMS 0x0000000082500000, 0x0000000082400000| Untracked 
|  37|0x0000000082500000, 0x0000000082600000, 0x0000000082600000|100%| O|  |TAMS 0x0000000082600000, 0x0000000082500000| Untracked 
|  38|0x0000000082600000, 0x0000000082700000, 0x0000000082700000|100%| O|  |TAMS 0x0000000082700000, 0x0000000082600000| Untracked 
|  39|0x0000000082700000, 0x0000000082800000, 0x0000000082800000|100%| O|  |TAMS 0x0000000082800000, 0x0000000082700000| Untracked 
|  40|0x0000000082800000, 0x0000000082900000, 0x0000000082900000|100%| O|  |TAMS 0x0000000082900000, 0x0000000082800000| Untracked 
|  41|0x0000000082900000, 0x0000000082a00000, 0x0000000082a00000|100%| O|  |TAMS 0x0000000082945800, 0x0000000082900000| Untracked 
|  42|0x0000000082a00000, 0x0000000082b00000, 0x0000000082b00000|100%| O|  |TAMS 0x0000000082a00000, 0x0000000082a00000| Untracked 
|  43|0x0000000082b00000, 0x0000000082c00000, 0x0000000082c00000|100%| O|  |TAMS 0x0000000082b00000, 0x0000000082b00000| Untracked 
|  44|0x0000000082c00000, 0x0000000082d00000, 0x0000000082d00000|100%| O|  |TAMS 0x0000000082c00000, 0x0000000082c00000| Untracked 
|  45|0x0000000082d00000, 0x0000000082e00000, 0x0000000082e00000|100%| O|  |TAMS 0x0000000082d00000, 0x0000000082d00000| Untracked 
|  46|0x0000000082e00000, 0x0000000082f00000, 0x0000000082f00000|100%| O|  |TAMS 0x0000000082e00000, 0x0000000082e00000| Untracked 
|  47|0x0000000082f00000, 0x0000000083000000, 0x0000000083000000|100%| O|  |TAMS 0x0000000082f00000, 0x0000000082f00000| Untracked 
|  48|0x0000000083000000, 0x0000000083100000, 0x0000000083100000|100%| O|  |TAMS 0x0000000083000000, 0x0000000083000000| Untracked 
|  49|0x0000000083100000, 0x0000000083200000, 0x0000000083200000|100%| O|  |TAMS 0x0000000083100000, 0x0000000083100000| Untracked 
|  50|0x0000000083200000, 0x0000000083300000, 0x0000000083300000|100%| O|  |TAMS 0x0000000083200000, 0x0000000083200000| Untracked 
|  51|0x0000000083300000, 0x0000000083400000, 0x0000000083400000|100%| O|  |TAMS 0x0000000083300000, 0x0000000083300000| Untracked 
|  52|0x0000000083400000, 0x0000000083400000, 0x0000000083500000|  0%| F|  |TAMS 0x0000000083400000, 0x0000000083400000| Untracked 
|  53|0x0000000083500000, 0x0000000083500000, 0x0000000083600000|  0%| F|  |TAMS 0x0000000083500000, 0x0000000083500000| Untracked 
|  54|0x0000000083600000, 0x0000000083700000, 0x0000000083700000|100%| O|  |TAMS 0x0000000083600000, 0x0000000083600000| Untracked 
|  55|0x0000000083700000, 0x0000000083800000, 0x0000000083800000|100%| O|  |TAMS 0x0000000083700000, 0x0000000083700000| Untracked 
|  56|0x0000000083800000, 0x0000000083800000, 0x0000000083900000|  0%| F|  |TAMS 0x0000000083800000, 0x0000000083800000| Untracked 
|  57|0x0000000083900000, 0x0000000083900000, 0x0000000083a00000|  0%| F|  |TAMS 0x0000000083900000, 0x0000000083900000| Untracked 
|  58|0x0000000083a00000, 0x0000000083a00000, 0x0000000083b00000|  0%| F|  |TAMS 0x0000000083a00000, 0x0000000083a00000| Untracked 
|  59|0x0000000083b00000, 0x0000000083b00000, 0x0000000083c00000|  0%| F|  |TAMS 0x0000000083b00000, 0x0000000083b00000| Untracked 
|  60|0x0000000083c00000, 0x0000000083c00000, 0x0000000083d00000|  0%| F|  |TAMS 0x0000000083c00000, 0x0000000083c00000| Untracked 
|  61|0x0000000083d00000, 0x0000000083d00000, 0x0000000083e00000|  0%| F|  |TAMS 0x0000000083d00000, 0x0000000083d00000| Untracked 
|  62|0x0000000083e00000, 0x0000000083e00000, 0x0000000083f00000|  0%| F|  |TAMS 0x0000000083e00000, 0x0000000083e00000| Untracked 
|  63|0x0000000083f00000, 0x0000000083f00000, 0x0000000084000000|  0%| F|  |TAMS 0x0000000083f00000, 0x0000000083f00000| Untracked 
|  64|0x0000000084000000, 0x0000000084000000, 0x0000000084100000|  0%| F|  |TAMS 0x0000000084000000, 0x0000000084000000| Untracked 
|  65|0x0000000084100000, 0x0000000084100000, 0x0000000084200000|  0%| F|  |TAMS 0x0000000084100000, 0x0000000084100000| Untracked 
|  66|0x0000000084200000, 0x0000000084200000, 0x0000000084300000|  0%| F|  |TAMS 0x0000000084200000, 0x0000000084200000| Untracked 
|  67|0x0000000084300000, 0x0000000084300000, 0x0000000084400000|  0%| F|  |TAMS 0x0000000084300000, 0x0000000084300000| Untracked 
|  68|0x0000000084400000, 0x0000000084400000, 0x0000000084500000|  0%| F|  |TAMS 0x0000000084400000, 0x0000000084400000| Untracked 
|  69|0x0000000084500000, 0x0000000084500000, 0x0000000084600000|  0%| F|  |TAMS 0x0000000084500000, 0x0000000084500000| Untracked 
|  70|0x0000000084600000, 0x0000000084600000, 0x0000000084700000|  0%| F|  |TAMS 0x0000000084600000, 0x0000000084600000| Untracked 
|  71|0x0000000084700000, 0x0000000084800000, 0x0000000084800000|100%| O|  |TAMS 0x0000000084700000, 0x0000000084700000| Untracked 
|  72|0x0000000084800000, 0x0000000084900000, 0x0000000084900000|100%| O|  |TAMS 0x0000000084800000, 0x0000000084800000| Untracked 
|  73|0x0000000084900000, 0x0000000084a00000, 0x0000000084a00000|100%| O|  |TAMS 0x0000000084900000, 0x0000000084900000| Untracked 
|  74|0x0000000084a00000, 0x0000000084b00000, 0x0000000084b00000|100%| O|  |TAMS 0x0000000084a00000, 0x0000000084a00000| Untracked 
|  75|0x0000000084b00000, 0x0000000084c00000, 0x0000000084c00000|100%| O|  |TAMS 0x0000000084b00000, 0x0000000084b00000| Untracked 
|  76|0x0000000084c00000, 0x0000000084d00000, 0x0000000084d00000|100%| O|  |TAMS 0x0000000084c00000, 0x0000000084c00000| Untracked 
|  77|0x0000000084d00000, 0x0000000084e00000, 0x0000000084e00000|100%| O|  |TAMS 0x0000000084d00000, 0x0000000084d00000| Untracked 
|  78|0x0000000084e00000, 0x0000000084f00000, 0x0000000084f00000|100%| O|  |TAMS 0x0000000084e00000, 0x0000000084e00000| Untracked 
|  79|0x0000000084f00000, 0x0000000085000000, 0x0000000085000000|100%| O|  |TAMS 0x0000000084f00000, 0x0000000084f00000| Untracked 
|  80|0x0000000085000000, 0x0000000085100000, 0x0000000085100000|100%| O|  |TAMS 0x0000000085000000, 0x0000000085000000| Untracked 
|  81|0x0000000085100000, 0x0000000085200000, 0x0000000085200000|100%| O|  |TAMS 0x0000000085100000, 0x0000000085100000| Untracked 
|  82|0x0000000085200000, 0x0000000085300000, 0x0000000085300000|100%| O|  |TAMS 0x0000000085200000, 0x0000000085200000| Untracked 
|  83|0x0000000085300000, 0x0000000085400000, 0x0000000085400000|100%| O|  |TAMS 0x0000000085300000, 0x0000000085300000| Untracked 
|  84|0x0000000085400000, 0x0000000085500000, 0x0000000085500000|100%| O|  |TAMS 0x0000000085400000, 0x0000000085400000| Untracked 
|  85|0x0000000085500000, 0x0000000085527e00, 0x0000000085600000| 15%| O|  |TAMS 0x0000000085500000, 0x0000000085500000| Untracked 
|  86|0x0000000085600000, 0x0000000085600000, 0x0000000085700000|  0%| F|  |TAMS 0x0000000085600000, 0x0000000085600000| Untracked 
|  87|0x0000000085700000, 0x0000000085700000, 0x0000000085800000|  0%| F|  |TAMS 0x0000000085700000, 0x0000000085700000| Untracked 
|  88|0x0000000085800000, 0x0000000085800000, 0x0000000085900000|  0%| F|  |TAMS 0x0000000085800000, 0x0000000085800000| Untracked 
|  89|0x0000000085900000, 0x0000000085900000, 0x0000000085a00000|  0%| F|  |TAMS 0x0000000085900000, 0x0000000085900000| Untracked 
|  90|0x0000000085a00000, 0x0000000085a00000, 0x0000000085b00000|  0%| F|  |TAMS 0x0000000085a00000, 0x0000000085a00000| Untracked 
|  91|0x0000000085b00000, 0x0000000085b00000, 0x0000000085c00000|  0%| F|  |TAMS 0x0000000085b00000, 0x0000000085b00000| Untracked 
|  92|0x0000000085c00000, 0x0000000085c00000, 0x0000000085d00000|  0%| F|  |TAMS 0x0000000085c00000, 0x0000000085c00000| Untracked 
|  93|0x0000000085d00000, 0x0000000085d00000, 0x0000000085e00000|  0%| F|  |TAMS 0x0000000085d00000, 0x0000000085d00000| Untracked 
|  94|0x0000000085e00000, 0x0000000085e00000, 0x0000000085f00000|  0%| F|  |TAMS 0x0000000085e00000, 0x0000000085e00000| Untracked 
|  95|0x0000000085f00000, 0x0000000085f00000, 0x0000000086000000|  0%| F|  |TAMS 0x0000000085f00000, 0x0000000085f00000| Untracked 
|  96|0x0000000086000000, 0x00000000860fa9e0, 0x0000000086100000| 97%| S|CS|TAMS 0x0000000086000000, 0x0000000086000000| Complete 
|  97|0x0000000086100000, 0x0000000086200000, 0x0000000086200000|100%| S|CS|TAMS 0x0000000086100000, 0x0000000086100000| Complete 
|  98|0x0000000086200000, 0x0000000086200000, 0x0000000086300000|  0%| F|  |TAMS 0x0000000086200000, 0x0000000086200000| Untracked 
|  99|0x0000000086300000, 0x0000000086300000, 0x0000000086400000|  0%| F|  |TAMS 0x0000000086300000, 0x0000000086300000| Untracked 
| 100|0x0000000086400000, 0x0000000086400000, 0x0000000086500000|  0%| F|  |TAMS 0x0000000086400000, 0x0000000086400000| Untracked 
| 101|0x0000000086500000, 0x0000000086500000, 0x0000000086600000|  0%| F|  |TAMS 0x0000000086500000, 0x0000000086500000| Untracked 
| 102|0x0000000086600000, 0x0000000086600000, 0x0000000086700000|  0%| F|  |TAMS 0x0000000086600000, 0x0000000086600000| Untracked 
| 103|0x0000000086700000, 0x0000000086700000, 0x0000000086800000|  0%| F|  |TAMS 0x0000000086700000, 0x0000000086700000| Untracked 
| 104|0x0000000086800000, 0x0000000086800000, 0x0000000086900000|  0%| F|  |TAMS 0x0000000086800000, 0x0000000086800000| Untracked 
| 105|0x0000000086900000, 0x0000000086900000, 0x0000000086a00000|  0%| F|  |TAMS 0x0000000086900000, 0x0000000086900000| Untracked 
| 106|0x0000000086a00000, 0x0000000086a00000, 0x0000000086b00000|  0%| F|  |TAMS 0x0000000086a00000, 0x0000000086a00000| Untracked 
| 107|0x0000000086b00000, 0x0000000086b00000, 0x0000000086c00000|  0%| F|  |TAMS 0x0000000086b00000, 0x0000000086b00000| Untracked 
| 108|0x0000000086c00000, 0x0000000086c00000, 0x0000000086d00000|  0%| F|  |TAMS 0x0000000086c00000, 0x0000000086c00000| Untracked 
| 109|0x0000000086d00000, 0x0000000086e00000, 0x0000000086e00000|100%| S|CS|TAMS 0x0000000086d00000, 0x0000000086d00000| Complete 
| 110|0x0000000086e00000, 0x0000000086f00000, 0x0000000086f00000|100%| S|CS|TAMS 0x0000000086e00000, 0x0000000086e00000| Complete 
| 111|0x0000000086f00000, 0x0000000087000000, 0x0000000087000000|100%| S|CS|TAMS 0x0000000086f00000, 0x0000000086f00000| Complete 
| 112|0x0000000087000000, 0x0000000087100000, 0x0000000087100000|100%| S|CS|TAMS 0x0000000087000000, 0x0000000087000000| Complete 
| 113|0x0000000087100000, 0x0000000087200000, 0x0000000087200000|100%| S|CS|TAMS 0x0000000087100000, 0x0000000087100000| Complete 
| 114|0x0000000087200000, 0x0000000087200000, 0x0000000087300000|  0%| F|  |TAMS 0x0000000087200000, 0x0000000087200000| Untracked 
| 115|0x0000000087300000, 0x0000000087300000, 0x0000000087400000|  0%| F|  |TAMS 0x0000000087300000, 0x0000000087300000| Untracked 
| 116|0x0000000087400000, 0x0000000087500000, 0x0000000087500000|100%| S|CS|TAMS 0x0000000087400000, 0x0000000087400000| Complete 
| 117|0x0000000087500000, 0x0000000087600000, 0x0000000087600000|100%| S|CS|TAMS 0x0000000087500000, 0x0000000087500000| Complete 
| 118|0x0000000087600000, 0x0000000087700000, 0x0000000087700000|100%| S|CS|TAMS 0x0000000087600000, 0x0000000087600000| Complete 
| 119|0x0000000087700000, 0x0000000087800000, 0x0000000087800000|100%| S|CS|TAMS 0x0000000087700000, 0x0000000087700000| Complete 
| 120|0x0000000087800000, 0x0000000087900000, 0x0000000087900000|100%| S|CS|TAMS 0x0000000087800000, 0x0000000087800000| Complete 
| 121|0x0000000087900000, 0x0000000087a00000, 0x0000000087a00000|100%| S|CS|TAMS 0x0000000087900000, 0x0000000087900000| Complete 
| 122|0x0000000087a00000, 0x0000000087b00000, 0x0000000087b00000|100%| S|CS|TAMS 0x0000000087a00000, 0x0000000087a00000| Complete 
| 123|0x0000000087b00000, 0x0000000087c00000, 0x0000000087c00000|100%| S|CS|TAMS 0x0000000087b00000, 0x0000000087b00000| Complete 
| 124|0x0000000087c00000, 0x0000000087c00000, 0x0000000087d00000|  0%| F|  |TAMS 0x0000000087c00000, 0x0000000087c00000| Untracked 
| 125|0x0000000087d00000, 0x0000000087d00000, 0x0000000087e00000|  0%| F|  |TAMS 0x0000000087d00000, 0x0000000087d00000| Untracked 
| 126|0x0000000087e00000, 0x0000000087e00000, 0x0000000087f00000|  0%| F|  |TAMS 0x0000000087e00000, 0x0000000087e00000| Untracked 
| 127|0x0000000087f00000, 0x0000000087f00000, 0x0000000088000000|  0%| F|  |TAMS 0x0000000087f00000, 0x0000000087f00000| Untracked 
| 128|0x0000000088000000, 0x0000000088000000, 0x0000000088100000|  0%| F|  |TAMS 0x0000000088000000, 0x0000000088000000| Untracked 
| 129|0x0000000088100000, 0x0000000088100000, 0x0000000088200000|  0%| F|  |TAMS 0x0000000088100000, 0x0000000088100000| Untracked 
| 130|0x0000000088200000, 0x0000000088200000, 0x0000000088300000|  0%| F|  |TAMS 0x0000000088200000, 0x0000000088200000| Untracked 
| 131|0x0000000088300000, 0x0000000088300000, 0x0000000088400000|  0%| F|  |TAMS 0x0000000088300000, 0x0000000088300000| Untracked 
| 132|0x0000000088400000, 0x0000000088400000, 0x0000000088500000|  0%| F|  |TAMS 0x0000000088400000, 0x0000000088400000| Untracked 
| 133|0x0000000088500000, 0x0000000088500000, 0x0000000088600000|  0%| F|  |TAMS 0x0000000088500000, 0x0000000088500000| Untracked 
| 134|0x0000000088600000, 0x0000000088600000, 0x0000000088700000|  0%| F|  |TAMS 0x0000000088600000, 0x0000000088600000| Untracked 
| 135|0x0000000088700000, 0x0000000088700000, 0x0000000088800000|  0%| F|  |TAMS 0x0000000088700000, 0x0000000088700000| Untracked 
| 136|0x0000000088800000, 0x0000000088800000, 0x0000000088900000|  0%| F|  |TAMS 0x0000000088800000, 0x0000000088800000| Untracked 
| 137|0x0000000088900000, 0x0000000088900000, 0x0000000088a00000|  0%| F|  |TAMS 0x0000000088900000, 0x0000000088900000| Untracked 
| 138|0x0000000088a00000, 0x0000000088a00000, 0x0000000088b00000|  0%| F|  |TAMS 0x0000000088a00000, 0x0000000088a00000| Untracked 
| 139|0x0000000088b00000, 0x0000000088b00000, 0x0000000088c00000|  0%| F|  |TAMS 0x0000000088b00000, 0x0000000088b00000| Untracked 
| 140|0x0000000088c00000, 0x0000000088c00000, 0x0000000088d00000|  0%| F|  |TAMS 0x0000000088c00000, 0x0000000088c00000| Untracked 
| 141|0x0000000088d00000, 0x0000000088d00000, 0x0000000088e00000|  0%| F|  |TAMS 0x0000000088d00000, 0x0000000088d00000| Untracked 
| 142|0x0000000088e00000, 0x0000000088e00000, 0x0000000088f00000|  0%| F|  |TAMS 0x0000000088e00000, 0x0000000088e00000| Untracked 
| 143|0x0000000088f00000, 0x0000000088f00000, 0x0000000089000000|  0%| F|  |TAMS 0x0000000088f00000, 0x0000000088f00000| Untracked 
| 144|0x0000000089000000, 0x0000000089000000, 0x0000000089100000|  0%| F|  |TAMS 0x0000000089000000, 0x0000000089000000| Untracked 
| 145|0x0000000089100000, 0x0000000089100000, 0x0000000089200000|  0%| F|  |TAMS 0x0000000089100000, 0x0000000089100000| Untracked 
| 146|0x0000000089200000, 0x0000000089200000, 0x0000000089300000|  0%| F|  |TAMS 0x0000000089200000, 0x0000000089200000| Untracked 
| 147|0x0000000089300000, 0x0000000089300000, 0x0000000089400000|  0%| F|  |TAMS 0x0000000089300000, 0x0000000089300000| Untracked 
| 148|0x0000000089400000, 0x0000000089400000, 0x0000000089500000|  0%| F|  |TAMS 0x0000000089400000, 0x0000000089400000| Untracked 
| 149|0x0000000089500000, 0x0000000089500000, 0x0000000089600000|  0%| F|  |TAMS 0x0000000089500000, 0x0000000089500000| Untracked 
| 150|0x0000000089600000, 0x0000000089600000, 0x0000000089700000|  0%| F|  |TAMS 0x0000000089600000, 0x0000000089600000| Untracked 
| 151|0x0000000089700000, 0x0000000089700000, 0x0000000089800000|  0%| F|  |TAMS 0x0000000089700000, 0x0000000089700000| Untracked 
| 152|0x0000000089800000, 0x0000000089800000, 0x0000000089900000|  0%| F|  |TAMS 0x0000000089800000, 0x0000000089800000| Untracked 
| 153|0x0000000089900000, 0x0000000089900000, 0x0000000089a00000|  0%| F|  |TAMS 0x0000000089900000, 0x0000000089900000| Untracked 
| 154|0x0000000089a00000, 0x0000000089a00000, 0x0000000089b00000|  0%| F|  |TAMS 0x0000000089a00000, 0x0000000089a00000| Untracked 
| 155|0x0000000089b00000, 0x0000000089b00000, 0x0000000089c00000|  0%| F|  |TAMS 0x0000000089b00000, 0x0000000089b00000| Untracked 
| 156|0x0000000089c00000, 0x0000000089c00000, 0x0000000089d00000|  0%| F|  |TAMS 0x0000000089c00000, 0x0000000089c00000| Untracked 
| 157|0x0000000089d00000, 0x0000000089d00000, 0x0000000089e00000|  0%| F|  |TAMS 0x0000000089d00000, 0x0000000089d00000| Untracked 
| 158|0x0000000089e00000, 0x0000000089e00000, 0x0000000089f00000|  0%| F|  |TAMS 0x0000000089e00000, 0x0000000089e00000| Untracked 
| 159|0x0000000089f00000, 0x0000000089f00000, 0x000000008a000000|  0%| F|  |TAMS 0x0000000089f00000, 0x0000000089f00000| Untracked 
| 160|0x000000008a000000, 0x000000008a000000, 0x000000008a100000|  0%| F|  |TAMS 0x000000008a000000, 0x000000008a000000| Untracked 
| 161|0x000000008a100000, 0x000000008a100000, 0x000000008a200000|  0%| F|  |TAMS 0x000000008a100000, 0x000000008a100000| Untracked 
| 162|0x000000008a200000, 0x000000008a200000, 0x000000008a300000|  0%| F|  |TAMS 0x000000008a200000, 0x000000008a200000| Untracked 
| 163|0x000000008a300000, 0x000000008a300000, 0x000000008a400000|  0%| F|  |TAMS 0x000000008a300000, 0x000000008a300000| Untracked 
| 164|0x000000008a400000, 0x000000008a400000, 0x000000008a500000|  0%| F|  |TAMS 0x000000008a400000, 0x000000008a400000| Untracked 
| 165|0x000000008a500000, 0x000000008a500000, 0x000000008a600000|  0%| F|  |TAMS 0x000000008a500000, 0x000000008a500000| Untracked 
| 166|0x000000008a600000, 0x000000008a600000, 0x000000008a700000|  0%| F|  |TAMS 0x000000008a600000, 0x000000008a600000| Untracked 
| 167|0x000000008a700000, 0x000000008a700000, 0x000000008a800000|  0%| F|  |TAMS 0x000000008a700000, 0x000000008a700000| Untracked 
| 168|0x000000008a800000, 0x000000008a800000, 0x000000008a900000|  0%| F|  |TAMS 0x000000008a800000, 0x000000008a800000| Untracked 
| 169|0x000000008a900000, 0x000000008a900000, 0x000000008aa00000|  0%| F|  |TAMS 0x000000008a900000, 0x000000008a900000| Untracked 
| 170|0x000000008aa00000, 0x000000008aa00000, 0x000000008ab00000|  0%| F|  |TAMS 0x000000008aa00000, 0x000000008aa00000| Untracked 
| 171|0x000000008ab00000, 0x000000008ab00000, 0x000000008ac00000|  0%| F|  |TAMS 0x000000008ab00000, 0x000000008ab00000| Untracked 
| 172|0x000000008ac00000, 0x000000008ac00000, 0x000000008ad00000|  0%| F|  |TAMS 0x000000008ac00000, 0x000000008ac00000| Untracked 
| 173|0x000000008ad00000, 0x000000008ad00000, 0x000000008ae00000|  0%| F|  |TAMS 0x000000008ad00000, 0x000000008ad00000| Untracked 
| 174|0x000000008ae00000, 0x000000008ae00000, 0x000000008af00000|  0%| F|  |TAMS 0x000000008ae00000, 0x000000008ae00000| Untracked 
| 175|0x000000008af00000, 0x000000008af00000, 0x000000008b000000|  0%| F|  |TAMS 0x000000008af00000, 0x000000008af00000| Untracked 
| 176|0x000000008b000000, 0x000000008b000000, 0x000000008b100000|  0%| F|  |TAMS 0x000000008b000000, 0x000000008b000000| Untracked 
| 177|0x000000008b100000, 0x000000008b100000, 0x000000008b200000|  0%| F|  |TAMS 0x000000008b100000, 0x000000008b100000| Untracked 
| 178|0x000000008b200000, 0x000000008b200000, 0x000000008b300000|  0%| F|  |TAMS 0x000000008b200000, 0x000000008b200000| Untracked 
| 179|0x000000008b300000, 0x000000008b300000, 0x000000008b400000|  0%| F|  |TAMS 0x000000008b300000, 0x000000008b300000| Untracked 
| 180|0x000000008b400000, 0x000000008b400000, 0x000000008b500000|  0%| F|  |TAMS 0x000000008b400000, 0x000000008b400000| Untracked 
| 181|0x000000008b500000, 0x000000008b500000, 0x000000008b600000|  0%| F|  |TAMS 0x000000008b500000, 0x000000008b500000| Untracked 
| 182|0x000000008b600000, 0x000000008b600000, 0x000000008b700000|  0%| F|  |TAMS 0x000000008b600000, 0x000000008b600000| Untracked 
| 183|0x000000008b700000, 0x000000008b700000, 0x000000008b800000|  0%| F|  |TAMS 0x000000008b700000, 0x000000008b700000| Untracked 
| 184|0x000000008b800000, 0x000000008b800000, 0x000000008b900000|  0%| F|  |TAMS 0x000000008b800000, 0x000000008b800000| Untracked 
| 185|0x000000008b900000, 0x000000008b900000, 0x000000008ba00000|  0%| F|  |TAMS 0x000000008b900000, 0x000000008b900000| Untracked 
| 186|0x000000008ba00000, 0x000000008ba00000, 0x000000008bb00000|  0%| F|  |TAMS 0x000000008ba00000, 0x000000008ba00000| Untracked 
| 187|0x000000008bb00000, 0x000000008bb00000, 0x000000008bc00000|  0%| F|  |TAMS 0x000000008bb00000, 0x000000008bb00000| Untracked 
| 188|0x000000008bc00000, 0x000000008bc00000, 0x000000008bd00000|  0%| F|  |TAMS 0x000000008bc00000, 0x000000008bc00000| Untracked 
| 189|0x000000008bd00000, 0x000000008bd00000, 0x000000008be00000|  0%| F|  |TAMS 0x000000008bd00000, 0x000000008bd00000| Untracked 
| 190|0x000000008be00000, 0x000000008be00000, 0x000000008bf00000|  0%| F|  |TAMS 0x000000008be00000, 0x000000008be00000| Untracked 
| 191|0x000000008bf00000, 0x000000008bf00000, 0x000000008c000000|  0%| F|  |TAMS 0x000000008bf00000, 0x000000008bf00000| Untracked 
| 192|0x000000008c000000, 0x000000008c000000, 0x000000008c100000|  0%| F|  |TAMS 0x000000008c000000, 0x000000008c000000| Untracked 
| 193|0x000000008c100000, 0x000000008c14deb8, 0x000000008c200000| 30%| E|  |TAMS 0x000000008c100000, 0x000000008c100000| Complete 
| 194|0x000000008c200000, 0x000000008c300000, 0x000000008c300000|100%| E|CS|TAMS 0x000000008c200000, 0x000000008c200000| Complete 
| 195|0x000000008c300000, 0x000000008c400000, 0x000000008c400000|100%| E|CS|TAMS 0x000000008c300000, 0x000000008c300000| Complete 
| 196|0x000000008c400000, 0x000000008c500000, 0x000000008c500000|100%| E|CS|TAMS 0x000000008c400000, 0x000000008c400000| Complete 
| 197|0x000000008c500000, 0x000000008c600000, 0x000000008c600000|100%| E|CS|TAMS 0x000000008c500000, 0x000000008c500000| Complete 
| 198|0x000000008c600000, 0x000000008c700000, 0x000000008c700000|100%| E|CS|TAMS 0x000000008c600000, 0x000000008c600000| Complete 
| 199|0x000000008c700000, 0x000000008c800000, 0x000000008c800000|100%| E|CS|TAMS 0x000000008c700000, 0x000000008c700000| Complete 
| 200|0x000000008c800000, 0x000000008c900000, 0x000000008c900000|100%| E|CS|TAMS 0x000000008c800000, 0x000000008c800000| Complete 
| 201|0x000000008c900000, 0x000000008ca00000, 0x000000008ca00000|100%| E|CS|TAMS 0x000000008c900000, 0x000000008c900000| Complete 
| 202|0x000000008ca00000, 0x000000008cb00000, 0x000000008cb00000|100%| E|CS|TAMS 0x000000008ca00000, 0x000000008ca00000| Complete 
| 203|0x000000008cb00000, 0x000000008cc00000, 0x000000008cc00000|100%| E|CS|TAMS 0x000000008cb00000, 0x000000008cb00000| Complete 
| 204|0x000000008cc00000, 0x000000008cd00000, 0x000000008cd00000|100%| E|CS|TAMS 0x000000008cc00000, 0x000000008cc00000| Complete 
| 205|0x000000008cd00000, 0x000000008ce00000, 0x000000008ce00000|100%| E|CS|TAMS 0x000000008cd00000, 0x000000008cd00000| Complete 
| 206|0x000000008ce00000, 0x000000008cf00000, 0x000000008cf00000|100%| E|CS|TAMS 0x000000008ce00000, 0x000000008ce00000| Complete 
| 207|0x000000008cf00000, 0x000000008d000000, 0x000000008d000000|100%| E|CS|TAMS 0x000000008cf00000, 0x000000008cf00000| Complete 
| 208|0x000000008d000000, 0x000000008d100000, 0x000000008d100000|100%| E|CS|TAMS 0x000000008d000000, 0x000000008d000000| Complete 
| 209|0x000000008d100000, 0x000000008d200000, 0x000000008d200000|100%| E|CS|TAMS 0x000000008d100000, 0x000000008d100000| Complete 
| 210|0x000000008d200000, 0x000000008d300000, 0x000000008d300000|100%| E|CS|TAMS 0x000000008d200000, 0x000000008d200000| Complete 
| 211|0x000000008d300000, 0x000000008d400000, 0x000000008d400000|100%| E|CS|TAMS 0x000000008d300000, 0x000000008d300000| Complete 
| 212|0x000000008d400000, 0x000000008d500000, 0x000000008d500000|100%| E|CS|TAMS 0x000000008d400000, 0x000000008d400000| Complete 
| 213|0x000000008d500000, 0x000000008d600000, 0x000000008d600000|100%| E|CS|TAMS 0x000000008d500000, 0x000000008d500000| Complete 
| 214|0x000000008d600000, 0x000000008d700000, 0x000000008d700000|100%| E|CS|TAMS 0x000000008d600000, 0x000000008d600000| Complete 
| 215|0x000000008d700000, 0x000000008d800000, 0x000000008d800000|100%| E|CS|TAMS 0x000000008d700000, 0x000000008d700000| Complete 
| 216|0x000000008d800000, 0x000000008d900000, 0x000000008d900000|100%| E|CS|TAMS 0x000000008d800000, 0x000000008d800000| Complete 
| 217|0x000000008d900000, 0x000000008da00000, 0x000000008da00000|100%| E|CS|TAMS 0x000000008d900000, 0x000000008d900000| Complete 
| 218|0x000000008da00000, 0x000000008db00000, 0x000000008db00000|100%| E|CS|TAMS 0x000000008da00000, 0x000000008da00000| Complete 
| 219|0x000000008db00000, 0x000000008dc00000, 0x000000008dc00000|100%| E|CS|TAMS 0x000000008db00000, 0x000000008db00000| Complete 
| 220|0x000000008dc00000, 0x000000008dd00000, 0x000000008dd00000|100%| E|CS|TAMS 0x000000008dc00000, 0x000000008dc00000| Complete 
| 221|0x000000008dd00000, 0x000000008de00000, 0x000000008de00000|100%| E|CS|TAMS 0x000000008dd00000, 0x000000008dd00000| Complete 
| 222|0x000000008de00000, 0x000000008df00000, 0x000000008df00000|100%| E|CS|TAMS 0x000000008de00000, 0x000000008de00000| Complete 
| 223|0x000000008df00000, 0x000000008e000000, 0x000000008e000000|100%| E|CS|TAMS 0x000000008df00000, 0x000000008df00000| Complete 

Card table byte_map: [0x00000231e5610000,0x00000231e5a10000] _byte_map_base: 0x00000231e5210000

Marking Bits (Prev, Next): (CMBitMap*) 0x00000231d242ff38, (CMBitMap*) 0x00000231d242ff70
 Prev Bits: [0x00000231e5e10000, 0x00000231e7e10000)
 Next Bits: [0x00000231e7e10000, 0x00000231e9e10000)

Polling page: 0x00000231d03c0000

Metaspace:

Usage:
  Non-class:     75.72 MB capacity,    74.34 MB ( 98%) used,     1.14 MB (  2%) free+waste,   251.06 KB ( <1%) overhead. 
      Class:     11.85 MB capacity,    11.04 MB ( 93%) used,   715.53 KB (  6%) free+waste,   114.69 KB ( <1%) overhead. 
       Both:     87.58 MB capacity,    85.38 MB ( 97%) used,     1.84 MB (  2%) free+waste,   365.75 KB ( <1%) overhead. 

Virtual space:
  Non-class space:       76.00 MB reserved,      75.75 MB (>99%) committed 
      Class space:        1.00 GB reserved,      11.95 MB (  1%) committed 
             Both:        1.07 GB reserved,      87.70 MB (  8%) committed 

Chunk freelists:
   Non-Class:  30.00 KB
       Class:  21.00 KB
        Both:  51.00 KB

MaxMetaspaceSize: 17179869184.00 GB
CompressedClassSpaceSize: 1.00 GB

CodeHeap 'non-profiled nmethods': size=120000Kb used=6218Kb max_used=6218Kb free=113781Kb
 bounds [0x00000231dd9b0000, 0x00000231ddfd0000, 0x00000231e4ee0000]
CodeHeap 'profiled nmethods': size=120000Kb used=22055Kb max_used=22055Kb free=97944Kb
 bounds [0x00000231d6480000, 0x00000231d7a10000, 0x00000231dd9b0000]
CodeHeap 'non-nmethods': size=5760Kb used=2286Kb max_used=2331Kb free=3473Kb
 bounds [0x00000231d5ee0000, 0x00000231d6150000, 0x00000231d6480000]
 total_blobs=10908 nmethods=10017 adapters=802
 compilation: enabled
              stopped_count=0, restarted_count=0
 full_count=0

Compilation events (20 events):
Event: 24.807 Thread 0x00000231ed113000 10019       3       org.gradle.api.internal.artifacts.transform.AbstractTransformedArtifactSet$CalculateArtifacts::calculateValue (6 bytes)
Event: 24.808 Thread 0x00000231ed113000 nmethod 10019 0x00000231d79da710 code [0x00000231d79da8c0, 0x00000231d79daa08]
Event: 24.827 Thread 0x00000231ed113000 10031       3       com.google.common.collect.ImmutableSortedMap::of (30 bytes)
Event: 24.829 Thread 0x00000231efd6b800 nmethod 9548 0x00000231ddfaeb10 code [0x00000231ddfaf340, 0x00000231ddfb75a0]
Event: 24.830 Thread 0x00000231efd6b800 10004       4       org.gradle.internal.snapshot.ChildMap$Entry::handleAncestorDescendantOrExactMatch (110 bytes)
Event: 24.830 Thread 0x00000231ed113000 nmethod 10031 0x00000231d79daa90 code [0x00000231d79dae00, 0x00000231d79dc808]
Event: 24.832 Thread 0x00000231ed113000 10032       3       org.gradle.internal.execution.history.impl.DefaultPreviousExecutionStateSerializer::readValueSnapshot (14 bytes)
Event: 24.832 Thread 0x00000231ed113000 nmethod 10032 0x00000231d79dd090 code [0x00000231d79dd260, 0x00000231d79dd528]
Event: 24.832 Thread 0x00000231ed113000 10033       3       org.gradle.internal.snapshot.impl.SnapshotSerializer::read (6 bytes)
Event: 24.832 Thread 0x00000231ed113000 nmethod 10033 0x00000231d79dd610 code [0x00000231d79dd7c0, 0x00000231d79dd908]
Event: 24.833 Thread 0x00000231ed113000 10034       3       org.apache.xerces.impl.XMLEntityScanner::skipSpaces (285 bytes)
Event: 24.835 Thread 0x00000231ed113000 nmethod 10034 0x00000231d79dd990 code [0x00000231d79ddbe0, 0x00000231d79de568]
Event: 24.836 Thread 0x00000231ed113000 10036       3       org.gradle.internal.serialize.BaseSerializerFactory$StringSerializer::write (10 bytes)
Event: 24.837 Thread 0x00000231ed113000 nmethod 10036 0x00000231d79dea10 code [0x00000231d79debe0, 0x00000231d79def08]
Event: 24.837 Thread 0x00000231ed113000 10037       3       org.gradle.internal.serialize.BaseSerializerFactory$StringSerializer::write (8 bytes)
Event: 24.837 Thread 0x00000231ed113000 nmethod 10037 0x00000231d79df010 code [0x00000231d79df1c0, 0x00000231d79df388]
Event: 24.840 Thread 0x00000231ed113000 10039       3       org.apache.xerces.parsers.AbstractSAXParser$AttributesProxy::getURI (22 bytes)
Event: 24.840 Thread 0x00000231ed113000 nmethod 10039 0x00000231d79df490 code [0x00000231d79df660, 0x00000231d79df938]
Event: 24.840 Thread 0x00000231ed113000 10040       3       java.lang.StringBuilder::setLength (6 bytes)
Event: 24.841 Thread 0x00000231ed113000 nmethod 10040 0x00000231d79dfb10 code [0x00000231d79dfcc0, 0x00000231d79dfde8]

GC Heap History (20 events):
Event: 5.368 GC heap before
{Heap before GC invocations=1 (full 0):
 garbage-first heap   total 229376K, used 105530K [0x0000000080000000, 0x0000000100000000)
  region size 1024K, 98 young (100352K), 3 survivors (3072K)
 Metaspace       used 20634K, capacity 21124K, committed 21248K, reserved 1067008K
  class space    used 2525K, capacity 2722K, committed 2816K, reserved 1048576K
}
Event: 5.393 GC heap after
{Heap after GC invocations=2 (full 0):
 garbage-first heap   total 229376K, used 16881K [0x0000000080000000, 0x0000000100000000)
  region size 1024K, 11 young (11264K), 11 survivors (11264K)
 Metaspace       used 20634K, capacity 21124K, committed 21248K, reserved 1067008K
  class space    used 2525K, capacity 2722K, committed 2816K, reserved 1048576K
}
Event: 6.122 GC heap before
{Heap before GC invocations=3 (full 0):
 garbage-first heap   total 229376K, used 52721K [0x0000000080000000, 0x0000000100000000)
  region size 1024K, 47 young (48128K), 11 survivors (11264K)
 Metaspace       used 24185K, capacity 24762K, committed 24832K, reserved 1071104K
  class space    used 3113K, capacity 3321K, committed 3328K, reserved 1048576K
}
Event: 6.137 GC heap after
{Heap after GC invocations=4 (full 0):
 garbage-first heap   total 229376K, used 18297K [0x0000000080000000, 0x0000000100000000)
  region size 1024K, 2 young (2048K), 2 survivors (2048K)
 Metaspace       used 24185K, capacity 24762K, committed 24832K, reserved 1071104K
  class space    used 3113K, capacity 3321K, committed 3328K, reserved 1048576K
}
Event: 8.186 GC heap before
{Heap before GC invocations=4 (full 0):
 garbage-first heap   total 229376K, used 92025K [0x0000000080000000, 0x0000000100000000)
  region size 1024K, 76 young (77824K), 2 survivors (2048K)
 Metaspace       used 35049K, capacity 35830K, committed 35840K, reserved 1081344K
  class space    used 4540K, capacity 4864K, committed 4864K, reserved 1048576K
}
Event: 8.205 GC heap after
{Heap after GC invocations=5 (full 0):
 garbage-first heap   total 229376K, used 22147K [0x0000000080000000, 0x0000000100000000)
  region size 1024K, 6 young (6144K), 6 survivors (6144K)
 Metaspace       used 35049K, capacity 35830K, committed 35840K, reserved 1081344K
  class space    used 4540K, capacity 4864K, committed 4864K, reserved 1048576K
}
Event: 10.584 GC heap before
{Heap before GC invocations=6 (full 0):
 garbage-first heap   total 229376K, used 135811K [0x0000000080000000, 0x0000000100000000)
  region size 1024K, 114 young (116736K), 6 survivors (6144K)
 Metaspace       used 43896K, capacity 44871K, committed 45004K, reserved 1087488K
  class space    used 5631K, capacity 5970K, committed 6092K, reserved 1048576K
}
Event: 10.616 GC heap after
{Heap after GC invocations=7 (full 0):
 garbage-first heap   total 229376K, used 28409K [0x0000000080000000, 0x0000000100000000)
  region size 1024K, 12 young (12288K), 12 survivors (12288K)
 Metaspace       used 43896K, capacity 44871K, committed 45004K, reserved 1087488K
  class space    used 5631K, capacity 5970K, committed 6092K, reserved 1048576K
}
Event: 13.814 GC heap before
{Heap before GC invocations=7 (full 0):
 garbage-first heap   total 229376K, used 153337K [0x0000000080000000, 0x0000000100000000)
  region size 1024K, 131 young (134144K), 12 survivors (12288K)
 Metaspace       used 55229K, capacity 56673K, committed 57036K, reserved 1099776K
  class space    used 7000K, capacity 7495K, committed 7628K, reserved 1048576K
}
Event: 13.841 GC heap after
{Heap after GC invocations=8 (full 0):
 garbage-first heap   total 229376K, used 43195K [0x0000000080000000, 0x0000000100000000)
  region size 1024K, 17 young (17408K), 17 survivors (17408K)
 Metaspace       used 55229K, capacity 56673K, committed 57036K, reserved 1099776K
  class space    used 7000K, capacity 7495K, committed 7628K, reserved 1048576K
}
Event: 14.520 GC heap before
{Heap before GC invocations=8 (full 0):
 garbage-first heap   total 229376K, used 64699K [0x0000000080000000, 0x0000000100000000)
  region size 1024K, 39 young (39936K), 17 survivors (17408K)
 Metaspace       used 58666K, capacity 60152K, committed 60236K, reserved 1101824K
  class space    used 7445K, capacity 7990K, committed 8012K, reserved 1048576K
}
Event: 14.551 GC heap after
{Heap after GC invocations=9 (full 0):
 garbage-first heap   total 229376K, used 44919K [0x0000000080000000, 0x0000000100000000)
  region size 1024K, 3 young (3072K), 3 survivors (3072K)
 Metaspace       used 58666K, capacity 60152K, committed 60236K, reserved 1101824K
  class space    used 7445K, capacity 7990K, committed 8012K, reserved 1048576K
}
Event: 17.216 GC heap before
{Heap before GC invocations=10 (full 0):
 garbage-first heap   total 229376K, used 159607K [0x0000000080000000, 0x0000000100000000)
  region size 1024K, 115 young (117760K), 3 survivors (3072K)
 Metaspace       used 67585K, capacity 69173K, committed 69324K, reserved 1110016K
  class space    used 8767K, capacity 9359K, committed 9420K, reserved 1048576K
}
Event: 17.236 GC heap after
{Heap after GC invocations=11 (full 0):
 garbage-first heap   total 229376K, used 52930K [0x0000000080000000, 0x0000000100000000)
  region size 1024K, 11 young (11264K), 11 survivors (11264K)
 Metaspace       used 67585K, capacity 69173K, committed 69324K, reserved 1110016K
  class space    used 8767K, capacity 9359K, committed 9420K, reserved 1048576K
}
Event: 19.857 GC heap before
{Heap before GC invocations=12 (full 0):
 garbage-first heap   total 229376K, used 165570K [0x0000000080000000, 0x0000000100000000)
  region size 1024K, 121 young (123904K), 11 survivors (11264K)
 Metaspace       used 75953K, capacity 77815K, committed 78028K, reserved 1116160K
  class space    used 9905K, capacity 10567K, committed 10700K, reserved 1048576K
}
Event: 19.887 GC heap after
{Heap after GC invocations=13 (full 0):
 garbage-first heap   total 229376K, used 60674K [0x0000000080000000, 0x0000000100000000)
  region size 1024K, 8 young (8192K), 8 survivors (8192K)
 Metaspace       used 75953K, capacity 77815K, committed 78028K, reserved 1116160K
  class space    used 9905K, capacity 10567K, committed 10700K, reserved 1048576K
}
Event: 22.417 GC heap before
{Heap before GC invocations=13 (full 0):
 garbage-first heap   total 229376K, used 172290K [0x0000000080000000, 0x0000000100000000)
  region size 1024K, 116 young (118784K), 8 survivors (8192K)
 Metaspace       used 80471K, capacity 82695K, committed 82764K, reserved 1120256K
  class space    used 10514K, capacity 11326K, committed 11340K, reserved 1048576K
}
Event: 22.442 GC heap after
{Heap after GC invocations=14 (full 0):
 garbage-first heap   total 229376K, used 72081K [0x0000000080000000, 0x0000000100000000)
  region size 1024K, 15 young (15360K), 15 survivors (15360K)
 Metaspace       used 80471K, capacity 82695K, committed 82764K, reserved 1120256K
  class space    used 10514K, capacity 11326K, committed 11340K, reserved 1048576K
}
Event: 24.401 GC heap before
{Heap before GC invocations=14 (full 0):
 garbage-first heap   total 229376K, used 188817K [0x0000000080000000, 0x0000000100000000)
  region size 1024K, 115 young (117760K), 15 survivors (15360K)
 Metaspace       used 86488K, capacity 88752K, committed 88908K, reserved 1126400K
  class space    used 11220K, capacity 12071K, committed 12108K, reserved 1048576K
}
Event: 24.435 GC heap after
{Heap after GC invocations=15 (full 0):
 garbage-first heap   total 229376K, used 85129K [0x0000000080000000, 0x0000000100000000)
  region size 1024K, 15 young (15360K), 15 survivors (15360K)
 Metaspace       used 86488K, capacity 88752K, committed 88908K, reserved 1126400K
  class space    used 11220K, capacity 12071K, committed 12108K, reserved 1048576K
}

Deoptimization events (20 events):
Event: 24.730 Thread 0x00000231f6ce2800 Uncommon trap: trap_request=0xffffff4d fr.pc=0x00000231ddd61cfc relative=0x000000000000119c
Event: 24.730 Thread 0x00000231f6ce2800 Uncommon trap: reason=unstable_if action=reinterpret pc=0x00000231ddd61cfc method=java.util.regex.Pattern.escape(ZZZ)I @ 8 c2
Event: 24.730 Thread 0x00000231f6ce2800 DEOPT PACKING pc=0x00000231ddd61cfc sp=0x00000082832fcf60
Event: 24.730 Thread 0x00000231f6ce2800 DEOPT UNPACKING pc=0x00000231d5f078af sp=0x00000082832fcf00 mode 2
Event: 24.827 Thread 0x00000231f6ce2800 Uncommon trap: trap_request=0xffffff4d fr.pc=0x00000231ddf27880 relative=0x0000000000001fe0
Event: 24.827 Thread 0x00000231f6ce2800 Uncommon trap: reason=unstable_if action=reinterpret pc=0x00000231ddf27880 method=org.apache.xerces.impl.XMLNSDocumentScannerImpl.scanStartElement()Z @ 42 c2
Event: 24.827 Thread 0x00000231f6ce2800 DEOPT PACKING pc=0x00000231ddf27880 sp=0x00000082832fdb80
Event: 24.827 Thread 0x00000231f6ce2800 DEOPT UNPACKING pc=0x00000231d5f078af sp=0x00000082832fdb20 mode 2
Event: 24.827 Thread 0x00000231f6ce2800 Uncommon trap: trap_request=0xffffff4d fr.pc=0x00000231ddf33c94 relative=0x0000000000000294
Event: 24.827 Thread 0x00000231f6ce2800 Uncommon trap: reason=unstable_if action=reinterpret pc=0x00000231ddf33c94 method=org.apache.xerces.impl.XMLEntityScanner.skipSpaces()Z @ 70 c2
Event: 24.827 Thread 0x00000231f6ce2800 DEOPT PACKING pc=0x00000231ddf33c94 sp=0x00000082832fdb10
Event: 24.829 Thread 0x00000231f6ce2800 DEOPT UNPACKING pc=0x00000231d5f078af sp=0x00000082832fdaa0 mode 2
Event: 24.832 Thread 0x00000231f6ce2800 Uncommon trap: trap_request=0xffffff4d fr.pc=0x00000231ddf17900 relative=0x00000000000007a0
Event: 24.832 Thread 0x00000231f6ce2800 Uncommon trap: reason=unstable_if action=reinterpret pc=0x00000231ddf17900 method=org.apache.xerces.impl.XMLEntityScanner.scanContent(Lorg/apache/xerces/xni/XMLString;)I @ 134 c2
Event: 24.832 Thread 0x00000231f6ce2800 DEOPT PACKING pc=0x00000231ddf17900 sp=0x00000082832fdaf0
Event: 24.832 Thread 0x00000231f6ce2800 DEOPT UNPACKING pc=0x00000231d5f078af sp=0x00000082832fda88 mode 2
Event: 24.841 Thread 0x00000231f6ce2800 Uncommon trap: trap_request=0xffffffc6 fr.pc=0x00000231ddf5adb0 relative=0x0000000000000a70
Event: 24.841 Thread 0x00000231f6ce2800 Uncommon trap: reason=bimorphic_or_optimized_type_check action=maybe_recompile pc=0x00000231ddf5adb0 method=org.apache.xerces.dom.ParentNode.internalInsertBefore(Lorg/w3c/dom/Node;Lorg/w3c/dom/Node;Z)Lorg/w3c/dom/Node; @ 555 c2
Event: 24.841 Thread 0x00000231f6ce2800 DEOPT PACKING pc=0x00000231ddf5adb0 sp=0x00000082832fd840
Event: 24.841 Thread 0x00000231f6ce2800 DEOPT UNPACKING pc=0x00000231d5f078af sp=0x00000082832fd7d8 mode 2

Classes redefined (0 events):
No events

Internal exceptions (20 events):
Event: 20.373 Thread 0x00000231efd70000 Exception <a 'java/lang/NoSuchMethodError'{0x000000008ca4dac0}: <clinit>> (0x000000008ca4dac0) thrown at [./src/hotspot/share/prims/jni.cpp, line 1362]
Event: 20.378 Thread 0x00000231efd70000 Exception <a 'java/lang/NoSuchMethodError'{0x000000008cadcfb8}: <clinit>> (0x000000008cadcfb8) thrown at [./src/hotspot/share/prims/jni.cpp, line 1362]
Event: 20.383 Thread 0x00000231efd70000 Exception <a 'java/lang/NoSuchMethodError'{0x000000008caf6240}: <clinit>> (0x000000008caf6240) thrown at [./src/hotspot/share/prims/jni.cpp, line 1362]
Event: 20.425 Thread 0x00000231ef180800 Exception <a 'java/lang/NoSuchMethodError'{0x000000008c8be768}: <clinit>> (0x000000008c8be768) thrown at [./src/hotspot/share/prims/jni.cpp, line 1362]
Event: 20.488 Thread 0x00000231f6ce5000 Exception <a 'java/lang/NoSuchMethodError'{0x000000008c788b10}: 'java.lang.Object java.lang.invoke.Invokers$Holder.linkToTargetMethod(java.lang.Object, java.lang.Object, java.lang.Object, int, java.lang.Object, java.lang.Object)'> (0x000000008c788b10) thrown at [./src/hotspot/share/interpreter/linkResolver.cpp, line 773]
Event: 20.512 Thread 0x00000231f6ce5000 Exception <a 'java/lang/IncompatibleClassChangeError'{0x000000008c7e83e8}: Found class java.lang.Object, but interface was expected> (0x000000008c7e83e8) thrown at [./src/hotspot/share/interpreter/linkResolver.cpp, line 839]
Event: 20.552 Thread 0x00000231f6ce5000 Exception <a 'java/lang/NoSuchMethodError'{0x000000008c5c9738}: 'int java.lang.invoke.DirectMethodHandle$Holder.invokeStaticInit(java.lang.Object, java.lang.Object, java.lang.Object, java.lang.Object, java.lang.Object)'> (0x000000008c5c9738) thrown at [./src/hotspot/share/interpreter/linkResolver.cpp, line 773]
Event: 21.065 Thread 0x00000231ef9ad800 Exception <a 'java/lang/NoSuchMethodError'{0x000000008b645ab8}: 'java.lang.Object java.lang.invoke.DirectMethodHandle$Holder.invokeSpecialIFC(java.lang.Object, java.lang.Object, java.lang.Object)'> (0x000000008b645ab8) thrown at [./src/hotspot/share/interpreter/linkResolver.cpp, line 773]
Event: 21.065 Thread 0x00000231efd67000 Exception <a 'java/lang/NoSuchMethodError'{0x000000008b661b18}: 'java.lang.Object java.lang.invoke.DirectMethodHandle$Holder.invokeSpecialIFC(java.lang.Object, java.lang.Object, java.lang.Object)'> (0x000000008b661b18) thrown at [./src/hotspot/share/interpreter/linkResolver.cpp, line 773]
Event: 21.065 Thread 0x00000231efd63800 Exception <a 'java/lang/NoSuchMethodError'{0x000000008b7e0628}: 'java.lang.Object java.lang.invoke.DirectMethodHandle$Holder.invokeSpecialIFC(java.lang.Object, java.lang.Object, java.lang.Object)'> (0x000000008b7e0628) thrown at [./src/hotspot/share/interpreter/linkResolver.cpp, line 773]
Event: 21.065 Thread 0x00000231efd65000 Exception <a 'java/lang/NoSuchMethodError'{0x000000008b628148}: 'java.lang.Object java.lang.invoke.DirectMethodHandle$Holder.invokeSpecialIFC(java.lang.Object, java.lang.Object, java.lang.Object)'> (0x000000008b628148) thrown at [./src/hotspot/share/interpreter/linkResolver.cpp, line 773]
Event: 21.065 Thread 0x00000231efd62000 Exception <a 'java/lang/NoSuchMethodError'{0x000000008b7c9558}: 'java.lang.Object java.lang.invoke.DirectMethodHandle$Holder.invokeSpecialIFC(java.lang.Object, java.lang.Object, java.lang.Object)'> (0x000000008b7c9558) thrown at [./src/hotspot/share/interpreter/linkResolver.cpp, line 773]
Event: 21.065 Thread 0x00000231efd67800 Exception <a 'java/lang/NoSuchMethodError'{0x000000008b78c6f0}: 'java.lang.Object java.lang.invoke.DirectMethodHandle$Holder.invokeSpecialIFC(java.lang.Object, java.lang.Object, java.lang.Object)'> (0x000000008b78c6f0) thrown at [./src/hotspot/share/interpreter/linkResolver.cpp, line 773]
Event: 21.065 Thread 0x00000231efd66000 Exception <a 'java/lang/NoSuchMethodError'{0x000000008b7add58}: 'java.lang.Object java.lang.invoke.DirectMethodHandle$Holder.invokeSpecialIFC(java.lang.Object, java.lang.Object, java.lang.Object)'> (0x000000008b7add58) thrown at [./src/hotspot/share/interpreter/linkResolver.cpp, line 773]
Event: 21.065 Thread 0x00000231efd62800 Exception <a 'java/lang/NoSuchMethodError'{0x000000008b610ba8}: 'java.lang.Object java.lang.invoke.DirectMethodHandle$Holder.invokeSpecialIFC(java.lang.Object, java.lang.Object, java.lang.Object)'> (0x000000008b610ba8) thrown at [./src/hotspot/share/interpreter/linkResolver.cpp, line 773]
Event: 21.156 Thread 0x00000231efd62000 Exception <a 'java/lang/NoSuchMethodError'{0x000000008b240f98}: 'void java.lang.invoke.DirectMethodHandle$Holder.invokeVirtual(java.lang.Object, java.lang.Object)'> (0x000000008b240f98) thrown at [./src/hotspot/share/interpreter/linkResolver.cpp, line 773]
Event: 22.714 Thread 0x00000231f6ce5000 Implicit null exception at 0x00000231ddccdd84 to 0x00000231ddccdf7c
Event: 23.425 Thread 0x00000231f6ce5000 Exception <a 'java/lang/NoSuchMethodError'{0x000000008b5a2b98}: <clinit>> (0x000000008b5a2b98) thrown at [./src/hotspot/share/prims/jni.cpp, line 1362]
Event: 23.432 Thread 0x00000231f6ce5000 Exception <a 'java/lang/NoSuchMethodError'{0x000000008b5cb4f0}: <clinit>> (0x000000008b5cb4f0) thrown at [./src/hotspot/share/prims/jni.cpp, line 1362]
Event: 23.816 Thread 0x00000231f6ce5000 Exception <a 'java/lang/NoSuchMethodError'{0x0000000089e33b50}: 'void java.lang.invoke.DirectMethodHandle$Holder.invokeStatic(java.lang.Object, java.lang.Object, java.lang.Object, java.lang.Object, java.lang.Object, java.lang.Object, java.lang.Object)'> (0x0000000089e33b50) thrown at [./src/hotspot/share/interpreter/linkResolver.cpp, line 773]

Events (20 events):
Event: 24.756 loading class org/gradle/api/internal/file/AbstractFileTreeElement$CopyFileElementException
Event: 24.756 loading class org/gradle/api/internal/file/AbstractFileTreeElement$CopyFileElementException done
Event: 24.761 loading class org/apache/xerces/parsers/AbstractSAXParser$AttributesProxy
Event: 24.761 loading class org/apache/xerces/parsers/AbstractSAXParser$AttributesProxy done
Event: 24.772 loading class org/apache/xerces/dom/ParentNode$UserDataRecord
Event: 24.772 loading class org/apache/xerces/dom/ParentNode$UserDataRecord done
Event: 24.774 loading class org/apache/xerces/util/EntityResolver2Wrapper
Event: 24.774 loading class org/apache/xerces/util/EntityResolver2Wrapper done
Event: 24.775 loading class org/apache/xerces/impl/ExternalSubsetResolver
Event: 24.775 loading class org/apache/xerces/impl/ExternalSubsetResolver done
Event: 24.777 loading class org/apache/xerces/util/ErrorHandlerWrapper
Event: 24.777 loading class org/apache/xerces/util/ErrorHandlerWrapper done
Event: 24.825 loading class org/apache/xerces/parsers/AbstractSAXParser$LocatorProxy
Event: 24.825 loading class org/apache/xerces/parsers/AbstractSAXParser$LocatorProxy done
Event: 24.831 loading class com/android/utils/PositionXmlParser$Position
Event: 24.831 loading class com/android/utils/PositionXmlParser$Position done
Event: 24.841 loading class com/android/build/gradle/tasks/XmlDocumentUtilsKt
Event: 24.841 loading class com/android/build/gradle/tasks/XmlDocumentUtilsKt done
Event: 24.842 loading class com/android/manifmerger/ManifestMerger2
Event: 24.842 loading class com/android/manifmerger/ManifestMerger2 done


Dynamic libraries:
0x00007ff6731a0000 - 0x00007ff6731aa000 	C:\Program Files\Android\Android Studio\jre\bin\java.exe
0x00007ff8c7fb0000 - 0x00007ff8c81a5000 	C:\WINDOWS\SYSTEM32\ntdll.dll
0x00007ff8c6590000 - 0x00007ff8c664e000 	C:\WINDOWS\System32\KERNEL32.DLL
0x00007ff8c58a0000 - 0x00007ff8c5b68000 	C:\WINDOWS\System32\KERNELBASE.dll
0x00007ff8c5ba0000 - 0x00007ff8c5ca0000 	C:\WINDOWS\System32\ucrtbase.dll
0x00007ff8a9d50000 - 0x00007ff8a9d67000 	C:\Program Files\Android\Android Studio\jre\bin\VCRUNTIME140.dll
0x00007ff8a69a0000 - 0x00007ff8a69b9000 	C:\Program Files\Android\Android Studio\jre\bin\jli.dll
0x00007ff8b1dd0000 - 0x00007ff8b206a000 	C:\WINDOWS\WinSxS\amd64_microsoft.windows.common-controls_6595b64144ccf1df_6.0.19041.1110_none_60b5254171f9507e\COMCTL32.dll
0x00007ff8c7130000 - 0x00007ff8c72d1000 	C:\WINDOWS\System32\USER32.dll
0x00007ff8c5b70000 - 0x00007ff8c5b92000 	C:\WINDOWS\System32\win32u.dll
0x00007ff8c7bf0000 - 0x00007ff8c7c8e000 	C:\WINDOWS\System32\msvcrt.dll
0x00007ff8c6790000 - 0x00007ff8c67bb000 	C:\WINDOWS\System32\GDI32.dll
0x00007ff8c56d0000 - 0x00007ff8c57db000 	C:\WINDOWS\System32\gdi32full.dll
0x00007ff8c5f60000 - 0x00007ff8c5ffd000 	C:\WINDOWS\System32\msvcp_win.dll
0x00007ff8c78d0000 - 0x00007ff8c7900000 	C:\WINDOWS\System32\IMM32.DLL
0x00007ff8805b0000 - 0x00007ff88064d000 	C:\Program Files\Android\Android Studio\jre\bin\msvcp140.dll
0x00007ff87b560000 - 0x00007ff87c02f000 	C:\Program Files\Android\Android Studio\jre\bin\server\jvm.dll
0x00007ff8c72e0000 - 0x00007ff8c738c000 	C:\WINDOWS\System32\ADVAPI32.dll
0x00007ff8c7c90000 - 0x00007ff8c7d2b000 	C:\WINDOWS\System32\sechost.dll
0x00007ff8c6650000 - 0x00007ff8c677a000 	C:\WINDOWS\System32\RPCRT4.dll
0x00007ff8c6780000 - 0x00007ff8c6788000 	C:\WINDOWS\System32\PSAPI.DLL
0x00007ff8baa60000 - 0x00007ff8baa87000 	C:\WINDOWS\SYSTEM32\WINMM.dll
0x00007ff8c1380000 - 0x00007ff8c1389000 	C:\WINDOWS\SYSTEM32\WSOCK32.dll
0x00007ff8bc580000 - 0x00007ff8bc58a000 	C:\WINDOWS\SYSTEM32\VERSION.dll
0x00007ff8c6ff0000 - 0x00007ff8c705b000 	C:\WINDOWS\System32\WS2_32.dll
0x00007ff8c35d0000 - 0x00007ff8c35e2000 	C:\WINDOWS\SYSTEM32\kernel.appcore.dll
0x00007ff8c03b0000 - 0x00007ff8c03c1000 	C:\Program Files\Android\Android Studio\jre\bin\verify.dll
0x00007ff8b6690000 - 0x00007ff8b6874000 	C:\WINDOWS\SYSTEM32\DBGHELP.DLL
0x00007ff8b3ca0000 - 0x00007ff8b3ccc000 	C:\WINDOWS\SYSTEM32\dbgcore.DLL
0x00007ff8c57e0000 - 0x00007ff8c5863000 	C:\WINDOWS\System32\bcryptPrimitives.dll
0x00007ff8aed60000 - 0x00007ff8aed89000 	C:\Program Files\Android\Android Studio\jre\bin\java.dll
0x00007ff8c1370000 - 0x00007ff8c137b000 	C:\Program Files\Android\Android Studio\jre\bin\jimage.dll
0x00007ff8afce0000 - 0x00007ff8afcf8000 	C:\Program Files\Android\Android Studio\jre\bin\zip.dll
0x00007ff8c67c0000 - 0x00007ff8c6eff000 	C:\WINDOWS\System32\SHELL32.dll
0x00007ff8c37d0000 - 0x00007ff8c3f60000 	C:\WINDOWS\SYSTEM32\windows.storage.dll
0x00007ff8c7390000 - 0x00007ff8c76e5000 	C:\WINDOWS\System32\combase.dll
0x00007ff8c5050000 - 0x00007ff8c507e000 	C:\WINDOWS\SYSTEM32\Wldp.dll
0x00007ff8c64e0000 - 0x00007ff8c658d000 	C:\WINDOWS\System32\SHCORE.dll
0x00007ff8c7a20000 - 0x00007ff8c7a75000 	C:\WINDOWS\System32\shlwapi.dll
0x00007ff8c5610000 - 0x00007ff8c562f000 	C:\WINDOWS\SYSTEM32\profapi.dll
0x00007ff8adaa0000 - 0x00007ff8adaba000 	C:\Program Files\Android\Android Studio\jre\bin\net.dll
0x00007ff8bbba0000 - 0x00007ff8bbcac000 	C:\WINDOWS\SYSTEM32\WINHTTP.dll
0x00007ff8c4db0000 - 0x00007ff8c4e1a000 	C:\WINDOWS\system32\mswsock.dll
0x00007ff8aaa80000 - 0x00007ff8aaa94000 	C:\Program Files\Android\Android Studio\jre\bin\nio.dll
0x00007ff8a0aa0000 - 0x00007ff8a0ac7000 	C:\Users\jeffe\.gradle\native\8bec1ad78214c89d9ad589b4d07fe93259594b29d510b10fafb7a158f7737e5d\windows-amd64\native-platform.dll
0x00007ff886b40000 - 0x00007ff886c7d000 	C:\Users\jeffe\.gradle\native\53dbd7edfb1c66fb8903c78663c9afc45aea4f116125fa6feffd364cf09443e8\windows-amd64\native-platform-file-events.dll
0x00007ff8beaf0000 - 0x00007ff8beafa000 	C:\Program Files\Android\Android Studio\jre\bin\management.dll
0x00007ff8bda20000 - 0x00007ff8bda2c000 	C:\Program Files\Android\Android Studio\jre\bin\management_ext.dll
0x00007ff8c4fb0000 - 0x00007ff8c4fc8000 	C:\WINDOWS\SYSTEM32\CRYPTSP.dll
0x00007ff8c4730000 - 0x00007ff8c4764000 	C:\WINDOWS\system32\rsaenh.dll
0x00007ff8c5870000 - 0x00007ff8c5897000 	C:\WINDOWS\System32\bcrypt.dll
0x00007ff8c55d0000 - 0x00007ff8c55fe000 	C:\WINDOWS\SYSTEM32\USERENV.dll
0x00007ff8c4fa0000 - 0x00007ff8c4fac000 	C:\WINDOWS\SYSTEM32\CRYPTBASE.dll
0x00007ff8c4aa0000 - 0x00007ff8c4adb000 	C:\WINDOWS\SYSTEM32\IPHLPAPI.DLL
0x00007ff8c78c0000 - 0x00007ff8c78c8000 	C:\WINDOWS\System32\NSI.dll
0x00007ff8baeb0000 - 0x00007ff8baec7000 	C:\WINDOWS\SYSTEM32\dhcpcsvc6.DLL
0x00007ff8bae90000 - 0x00007ff8baead000 	C:\WINDOWS\SYSTEM32\dhcpcsvc.DLL
0x00007ff8c4ae0000 - 0x00007ff8c4bab000 	C:\WINDOWS\SYSTEM32\DNSAPI.dll

dbghelp: loaded successfully - version: 4.0.5 - missing functions: none
symbol engine: initialized successfully - sym options: 0x614 - pdb path: .;C:\Program Files\Android\Android Studio\jre\bin;C:\WINDOWS\SYSTEM32;C:\WINDOWS\WinSxS\amd64_microsoft.windows.common-controls_6595b64144ccf1df_6.0.19041.1110_none_60b5254171f9507e;C:\Program Files\Android\Android Studio\jre\bin\server;C:\Users\jeffe\.gradle\native\8bec1ad78214c89d9ad589b4d07fe93259594b29d510b10fafb7a158f7737e5d\windows-amd64;C:\Users\jeffe\.gradle\native\53dbd7edfb1c66fb8903c78663c9afc45aea4f116125fa6feffd364cf09443e8\windows-amd64

VM Arguments:
jvm_args: --add-opens=java.base/java.util=ALL-UNNAMED --add-opens=java.base/java.lang=ALL-UNNAMED --add-opens=java.base/java.lang.invoke=ALL-UNNAMED --add-opens=java.base/java.util=ALL-UNNAMED --add-opens=java.prefs/java.util.prefs=ALL-UNNAMED --add-opens=java.prefs/java.util.prefs=ALL-UNNAMED --add-opens=java.base/java.nio.charset=ALL-UNNAMED --add-opens=java.base/java.net=ALL-UNNAMED --add-opens=java.base/java.util.concurrent.atomic=ALL-UNNAMED -Xmx2048m -Dfile.encoding=UTF-8 -Duser.country=PH -Duser.language=en -Duser.variant 
java_command: org.gradle.launcher.daemon.bootstrap.GradleDaemon 7.0.2
java_class_path (initial): C:\Users\jeffe\.gradle\wrapper\dists\gradle-7.0.2-bin\857tjihv64xamwrf0h14cai3r\gradle-7.0.2\lib\gradle-launcher-7.0.2.jar
Launcher Type: SUN_STANDARD

[Global flags]
     intx CICompilerCount                          = 4                                         {product} {ergonomic}
     uint ConcGCThreads                            = 2                                         {product} {ergonomic}
     uint G1ConcRefinementThreads                  = 8                                         {product} {ergonomic}
   size_t G1HeapRegionSize                         = 1048576                                   {product} {ergonomic}
    uintx GCDrainStackTargetSize                   = 64                                        {product} {ergonomic}
   size_t InitialHeapSize                          = 234881024                                 {product} {ergonomic}
   size_t MarkStackSize                            = 4194304                                   {product} {ergonomic}
   size_t MaxHeapSize                              = 2147483648                                {product} {command line}
   size_t MaxNewSize                               = 1287651328                                {product} {ergonomic}
   size_t MinHeapDeltaBytes                        = 1048576                                   {product} {ergonomic}
    uintx NonNMethodCodeHeapSize                   = 5836300                                {pd product} {ergonomic}
    uintx NonProfiledCodeHeapSize                  = 122910970                              {pd product} {ergonomic}
    uintx ProfiledCodeHeapSize                     = 122910970                              {pd product} {ergonomic}
    uintx ReservedCodeCacheSize                    = 251658240                              {pd product} {ergonomic}
     bool SegmentedCodeCache                       = true                                      {product} {ergonomic}
     bool UseCompressedClassPointers               = true                                 {lp64_product} {ergonomic}
     bool UseCompressedOops                        = true                                 {lp64_product} {ergonomic}
     bool UseG1GC                                  = true                                      {product} {ergonomic}
     bool UseLargePagesIndividualAllocation        = false                                  {pd product} {ergonomic}

Logging:
Log output configuration:
 #0: stdout all=warning uptime,level,tags
 #1: stderr all=off uptime,level,tags

Environment Variables:
JAVA_HOME=C:\Program Files\Java\jdk-13.0.2
PATH=C:\Program Files (x86)\Razer Chroma SDK\bin;C:\Program Files\Razer Chroma SDK\bin;C:\Program Files (x86)\Razer\ChromaBroadcast\bin;C:\Program Files\Razer\ChromaBroadcast\bin;C:\WINDOWS\system32;C:\WINDOWS;C:\WINDOWS\System32\Wbem;C:\WINDOWS\System32\WindowsPowerShell\v1.0\;C:\WINDOWS\System32\OpenSSH\;C:\Program Files\Java\jdk-13.0.2\bin;C:\Program Files\MySQL\MySQL Server 5.5\bin;C:\WINDOWS\system32\config\systemprofile\AppData\Local\Microsoft\WindowsApps;C:\Users\jeffe\AppData\Local\Microsoft\WindowsApps;C:\Program Files\MySQL\MySQL Shell 8.0\bin\;C:\Users\jeffe\AppData\Local\Microsoft\WindowsApps;
USERNAME=jeffe
OS=Windows_NT
PROCESSOR_IDENTIFIER=AMD64 Family 23 Model 24 Stepping 1, AuthenticAMD



---------------  S Y S T E M  ---------------

OS: Windows 10 , 64 bit Build 19041 (10.0.19041.1320)
OS uptime: 0 days 22:27 hours

CPU:total 8 (initial active 8) (8 cores per cpu, 2 threads per core) family 23 model 24 stepping 1 microcode 0x0, cmov, cx8, fxsr, mmx, sse, sse2, sse3, ssse3, sse4.1, sse4.2, popcnt, avx, avx2, aes, clmul, mmxext, 3dnowpref, lzcnt, sse4a, ht, tsc, tscinvbit, tscinv, bmi1, bmi2, adx, s

Memory: 4k page, system-wide physical 14274M (7409M free)
TotalPageFile size 16450M (AvailPageFile size 7143M)
current process WorkingSet (physical memory assigned to process): 482M, peak: 483M
current process commit charge ("private bytes"): 520M, peak: 522M

vm_info: OpenJDK 64-Bit Server VM (11.0.10+0-b96-7249189) for windows-amd64 JRE (11.0.10+0-b96-7249189), built on Mar 31 2021 21:44:00 by "builder" with MS VC++ 14.0 (VS2015)

END.
