#
# A fatal error has been detected by the Java Runtime Environment:
#
#  Internal Error (opto/loopnode.hpp:913), pid=17116, tid=14796
#  Error: guarantee(d->_idx < _idom_size) failed
#
# JRE version: OpenJDK Runtime Environment (11.0.10) (build 11.0.10+0-b96-7249189)
# Java VM: OpenJDK 64-Bit Server VM (11.0.10+0-b96-7249189, mixed mode, tiered, compressed oops, g1 gc, windows-amd64)
# No core dump will be written. Minidumps are not enabled by default on client versions of Windows
#
# If you would like to submit a bug report, please visit:
#   https://bugreport.java.com/bugreport/crash.jsp
#

---------------  S U M M A R Y ------------

Command Line: --add-opens=java.base/java.util=ALL-UNNAMED --add-opens=java.base/java.lang=ALL-UNNAMED --add-opens=java.base/java.lang.invoke=ALL-UNNAMED --add-opens=java.base/java.util=ALL-UNNAMED --add-opens=java.prefs/java.util.prefs=ALL-UNNAMED --add-opens=java.prefs/java.util.prefs=ALL-UNNAMED --add-opens=java.base/java.nio.charset=ALL-UNNAMED --add-opens=java.base/java.net=ALL-UNNAMED --add-opens=java.base/java.util.concurrent.atomic=ALL-UNNAMED -Xmx2048m -Dfile.encoding=UTF-8 -Duser.country=PH -Duser.language=en -Duser.variant org.gradle.launcher.daemon.bootstrap.GradleDaemon 7.0.2

Host: AMD Ryzen 5 3550H with Radeon Vega Mobile Gfx  , 8 cores, 13G,  Windows 10 , 64 bit Build 19041 (10.0.19041.1320)
Time: Fri Nov 12 21:16:36 2021 Malay Peninsula Standard Time elapsed time: 72.401219 seconds (0d 0h 1m 12s)

---------------  T H R E A D  ---------------

Current thread (0x000001b055278000):  JavaThread "C2 CompilerThread1" daemon [_thread_in_native, id=14796, stack(0x000000880b200000,0x000000880b300000)]


Current CompileTask:
C2:  72401 5808       4       java.net.URLClassLoader$1::run (5 bytes)

Stack: [0x000000880b200000,0x000000880b300000]
Native frames: (J=compiled Java code, j=interpreted, Vv=VM code, C=native code)
V  [jvm.dll+0x5ecfaa]
V  [jvm.dll+0x722bd5]
V  [jvm.dll+0x72412d]
V  [jvm.dll+0x724797]
V  [jvm.dll+0x24287c]
V  [jvm.dll+0x509799]
V  [jvm.dll+0x506b40]
V  [jvm.dll+0x506274]
V  [jvm.dll+0x1fc985]
V  [jvm.dll+0x1fa77f]
V  [jvm.dll+0x18354c]
V  [jvm.dll+0x208ee7]
V  [jvm.dll+0x207731]
V  [jvm.dll+0x6eb1cf]
V  [jvm.dll+0x6e3d45]
V  [jvm.dll+0x5ebe96]
C  [ucrtbase.dll+0x21bb2]
C  [KERNEL32.DLL+0x17034]
C  [ntdll.dll+0x52651]


---------------  P R O C E S S  ---------------

Threads class SMR info:
_java_thread_list=0x000001b0517c17a0, length=50, elements={
0x000001b03698d800, 0x000001b050e2b000, 0x000001b050e3b000, 0x000001b0516b5800,
0x000001b0516b6800, 0x000001b0516b8800, 0x000001b0516bd000, 0x000001b0516be000,
0x000001b0516d4000, 0x000001b051828000, 0x000001b0531ee800, 0x000001b053ea1800,
0x000001b052305800, 0x000001b05431d000, 0x000001b053037800, 0x000001b052c96800,
0x000001b0538d3800, 0x000001b051954000, 0x000001b051955000, 0x000001b051955800,
0x000001b051952800, 0x000001b051953800, 0x000001b051950000, 0x000001b051951000,
0x000001b051956800, 0x000001b053d32000, 0x000001b053d34000, 0x000001b053d2e000,
0x000001b053d33000, 0x000001b053d34800, 0x000001b053d2f000, 0x000001b053d30800,
0x000001b053d31800, 0x000001b053d3d000, 0x000001b053d38000, 0x000001b053d38800,
0x000001b053d39800, 0x000001b053d3c000, 0x000001b053d3b000, 0x000001b051f26800,
0x000001b051f27800, 0x000001b051f29000, 0x000001b051f28800, 0x000001b051f2a000,
0x000001b051f2a800, 0x000001b051f25000, 0x000001b051f2b800, 0x000001b051f26000,
0x000001b055278000, 0x000001b051f2d000
}

Java Threads: ( => current thread )
  0x000001b03698d800 JavaThread "main" [_thread_blocked, id=15396, stack(0x000000880b500000,0x000000880b600000)]
  0x000001b050e2b000 JavaThread "Reference Handler" daemon [_thread_blocked, id=16888, stack(0x000000880bc00000,0x000000880bd00000)]
  0x000001b050e3b000 JavaThread "Finalizer" daemon [_thread_blocked, id=9984, stack(0x000000880bd00000,0x000000880be00000)]
  0x000001b0516b5800 JavaThread "Signal Dispatcher" daemon [_thread_blocked, id=14984, stack(0x000000880be00000,0x000000880bf00000)]
  0x000001b0516b6800 JavaThread "Attach Listener" daemon [_thread_blocked, id=16420, stack(0x000000880bf00000,0x000000880c000000)]
  0x000001b0516b8800 JavaThread "Service Thread" daemon [_thread_blocked, id=5452, stack(0x000000880c000000,0x000000880c100000)]
  0x000001b0516bd000 JavaThread "C2 CompilerThread0" daemon [_thread_blocked, id=15004, stack(0x000000880c100000,0x000000880c200000)]
  0x000001b0516be000 JavaThread "C1 CompilerThread0" daemon [_thread_blocked, id=16612, stack(0x000000880c200000,0x000000880c300000)]
  0x000001b0516d4000 JavaThread "Sweeper thread" daemon [_thread_blocked, id=16740, stack(0x000000880c300000,0x000000880c400000)]
  0x000001b051828000 JavaThread "Common-Cleaner" daemon [_thread_blocked, id=14576, stack(0x000000880c400000,0x000000880c500000)]
  0x000001b0531ee800 JavaThread "Daemon health stats" [_thread_blocked, id=14888, stack(0x000000880cb00000,0x000000880cc00000)]
  0x000001b053ea1800 JavaThread "Incoming local TCP Connector on port 54965" [_thread_in_native, id=16368, stack(0x000000880ca00000,0x000000880cb00000)]
  0x000001b052305800 JavaThread "Daemon periodic checks" [_thread_blocked, id=10380, stack(0x000000880cd00000,0x000000880ce00000)]
  0x000001b05431d000 JavaThread "Daemon" [_thread_blocked, id=16456, stack(0x000000880ce00000,0x000000880cf00000)]
  0x000001b053037800 JavaThread "Handler for socket connection from /127.0.0.1:54965 to /127.0.0.1:54966" [_thread_in_native, id=5640, stack(0x000000880cf00000,0x000000880d000000)]
  0x000001b052c96800 JavaThread "Cancel handler" [_thread_blocked, id=16680, stack(0x000000880d000000,0x000000880d100000)]
  0x000001b0538d3800 JavaThread "Daemon worker" [_thread_in_native, id=15012, stack(0x000000880d100000,0x000000880d200000)]
  0x000001b051954000 JavaThread "Asynchronous log dispatcher for DefaultDaemonConnection: socket connection from /127.0.0.1:54965 to /127.0.0.1:54966" [_thread_blocked, id=17100, stack(0x000000880d200000,0x000000880d300000)]
  0x000001b051955000 JavaThread "Daemon client event forwarder" [_thread_blocked, id=15316, stack(0x000000880d400000,0x000000880d500000)]
  0x000001b051955800 JavaThread "Cache worker for file hash cache (C:\Users\jeffe\.gradle\caches\7.0.2\fileHashes)" [_thread_blocked, id=16052, stack(0x000000880d500000,0x000000880d600000)]
  0x000001b051952800 JavaThread "File lock request listener" [_thread_in_native, id=14596, stack(0x000000880d600000,0x000000880d700000)]
  0x000001b051953800 JavaThread "Cache worker for journal cache (C:\Users\jeffe\.gradle\caches\journal-1)" [_thread_blocked, id=13892, stack(0x000000880da00000,0x000000880db00000)]
  0x000001b051950000 JavaThread "Cache worker for file hash cache (C:\Users\jeffe\AndroidStudioProjects\FirstAidKit3\.gradle\7.0.2\fileHashes)" [_thread_blocked, id=3456, stack(0x000000880dc00000,0x000000880dd00000)]
  0x000001b051951000 JavaThread "File watcher server" daemon [_thread_in_native, id=15772, stack(0x000000880dd00000,0x000000880de00000)]
  0x000001b051956800 JavaThread "File watcher consumer" daemon [_thread_blocked, id=560, stack(0x000000880de00000,0x000000880df00000)]
  0x000001b053d32000 JavaThread "Cache worker for checksums cache (C:\Users\jeffe\AndroidStudioProjects\FirstAidKit3\.gradle\checksums)" [_thread_blocked, id=7472, stack(0x000000880db00000,0x000000880dc00000)]
  0x000001b053d34000 JavaThread "Cache worker for cache directory md-supplier (C:\Users\jeffe\.gradle\caches\7.0.2\md-supplier)" [_thread_blocked, id=10104, stack(0x000000880df00000,0x000000880e000000)]
  0x000001b053d2e000 JavaThread "Cache worker for cache directory md-rule (C:\Users\jeffe\.gradle\caches\7.0.2\md-rule)" [_thread_blocked, id=17264, stack(0x000000880e000000,0x000000880e100000)]
  0x000001b053d33000 JavaThread "Cache worker for execution history cache (C:\Users\jeffe\.gradle\caches\7.0.2\executionHistory)" [_thread_blocked, id=7832, stack(0x000000880e100000,0x000000880e200000)]
  0x000001b053d34800 JavaThread "jar transforms" [_thread_blocked, id=15040, stack(0x000000880e400000,0x000000880e500000)]
  0x000001b053d2f000 JavaThread "jar transforms Thread 2" [_thread_blocked, id=6128, stack(0x000000880e300000,0x000000880e400000)]
  0x000001b053d30800 JavaThread "Cache worker for file content cache (C:\Users\jeffe\.gradle\caches\7.0.2\fileContent)" [_thread_blocked, id=15456, stack(0x000000880e500000,0x000000880e600000)]
  0x000001b053d31800 JavaThread "Cache worker for dependencies-accessors (C:\Users\jeffe\AndroidStudioProjects\FirstAidKit3\.gradle\7.0.2\dependencies-accessors)" [_thread_blocked, id=14440, stack(0x000000880e700000,0x000000880e800000)]
  0x000001b053d3d000 JavaThread "jar transforms Thread 3" [_thread_blocked, id=16732, stack(0x000000880e200000,0x000000880e300000)]
  0x000001b053d38000 JavaThread "Cache worker for Build Output Cleanup Cache (C:\Users\jeffe\AndroidStudioProjects\FirstAidKit3\.gradle\buildOutputCleanup)" [_thread_blocked, id=11196, stack(0x000000880e600000,0x000000880e700000)]
  0x000001b053d38800 JavaThread "Build operations" [_thread_blocked, id=8964, stack(0x000000880ea00000,0x000000880eb00000)]
  0x000001b053d39800 JavaThread "Build operations Thread 2" [_thread_blocked, id=17348, stack(0x000000880eb00000,0x000000880ec00000)]
  0x000001b053d3c000 JavaThread "Build operations Thread 3" [_thread_blocked, id=9380, stack(0x000000880ec00000,0x000000880ed00000)]
  0x000001b053d3b000 JavaThread "Build operations Thread 4" [_thread_blocked, id=5884, stack(0x000000880ed00000,0x000000880ee00000)]
  0x000001b051f26800 JavaThread "Build operations Thread 5" [_thread_blocked, id=16860, stack(0x000000880ee00000,0x000000880ef00000)]
  0x000001b051f27800 JavaThread "Build operations Thread 6" [_thread_blocked, id=16432, stack(0x000000880ef00000,0x000000880f000000)]
  0x000001b051f29000 JavaThread "Build operations Thread 7" [_thread_blocked, id=6212, stack(0x000000880f000000,0x000000880f100000)]
  0x000001b051f28800 JavaThread "Build operations Thread 8" [_thread_blocked, id=10332, stack(0x000000880f100000,0x000000880f200000)]
  0x000001b051f2a000 JavaThread "jar transforms Thread 4" [_thread_blocked, id=14936, stack(0x000000880f200000,0x000000880f300000)]
  0x000001b051f2a800 JavaThread "jar transforms Thread 5" [_thread_blocked, id=16060, stack(0x000000880f300000,0x000000880f400000)]
  0x000001b051f25000 JavaThread "jar transforms Thread 6" [_thread_blocked, id=3328, stack(0x000000880f400000,0x000000880f500000)]
  0x000001b051f2b800 JavaThread "jar transforms Thread 7" [_thread_blocked, id=16324, stack(0x000000880f500000,0x000000880f600000)]
  0x000001b051f26000 JavaThread "jar transforms Thread 8" [_thread_blocked, id=15848, stack(0x000000880f600000,0x000000880f700000)]
=>0x000001b055278000 JavaThread "C2 CompilerThread1" daemon [_thread_in_native, id=14796, stack(0x000000880b200000,0x000000880b300000)]
  0x000001b051f2d000 JavaThread "Memory manager" [_thread_blocked, id=7964, stack(0x000000880b300000,0x000000880b400000)]

Other Threads:
  0x000001b051667000 VMThread "VM Thread" [stack: 0x000000880bb00000,0x000000880bc00000] [id=16872]
  0x000001b051878800 WatcherThread [stack: 0x000000880c500000,0x000000880c600000] [id=4292]
  0x000001b0369a4000 GCTaskThread "GC Thread#0" [stack: 0x000000880b600000,0x000000880b700000] [id=15852]
  0x000001b0520f8800 GCTaskThread "GC Thread#1" [stack: 0x000000880c600000,0x000000880c700000] [id=14552]
  0x000001b051a3e800 GCTaskThread "GC Thread#2" [stack: 0x000000880c700000,0x000000880c800000] [id=14828]
  0x000001b0523a1000 GCTaskThread "GC Thread#3" [stack: 0x000000880c800000,0x000000880c900000] [id=8248]
  0x000001b052aaa800 GCTaskThread "GC Thread#4" [stack: 0x000000880c900000,0x000000880ca00000] [id=16756]
  0x000001b052e05800 GCTaskThread "GC Thread#5" [stack: 0x000000880cc00000,0x000000880cd00000] [id=8104]
  0x000001b053927000 GCTaskThread "GC Thread#6" [stack: 0x000000880d700000,0x000000880d800000] [id=15956]
  0x000001b0538ee000 GCTaskThread "GC Thread#7" [stack: 0x000000880d800000,0x000000880d900000] [id=16288]
  0x000001b0369d9000 ConcurrentGCThread "G1 Main Marker" [stack: 0x000000880b700000,0x000000880b800000] [id=16268]
  0x000001b0369da000 ConcurrentGCThread "G1 Conc#0" [stack: 0x000000880b800000,0x000000880b900000] [id=15864]
  0x000001b053b03800 ConcurrentGCThread "G1 Conc#1" [stack: 0x000000880d900000,0x000000880da00000] [id=16392]
  0x000001b036a6d800 ConcurrentGCThread "G1 Refine#0" [stack: 0x000000880b900000,0x000000880ba00000] [id=16076]
  0x000001b050c9e800 ConcurrentGCThread "G1 Young RemSet Sampling" [stack: 0x000000880ba00000,0x000000880bb00000] [id=16424]

Threads with active compile tasks:
C2 CompilerThread1  73404 5808       4       java.net.URLClassLoader$1::run (5 bytes)

VM state:not at safepoint (normal execution)

VM Mutex/Monitor currently owned by a thread: None

Heap address: 0x0000000080000000, size: 2048 MB, Compressed Oops mode: 32-bit
Narrow klass base: 0x0000000000000000, Narrow klass shift: 3
Compressed class space size: 1073741824 Address: 0x0000000100000000

Heap:
 garbage-first heap   total 229376K, used 56784K [0x0000000080000000, 0x0000000100000000)
  region size 1024K, 18 young (18432K), 4 survivors (4096K)
 Metaspace       used 59535K, capacity 61098K, committed 61440K, reserved 1101824K
  class space    used 7541K, capacity 8088K, committed 8192K, reserved 1048576K
Heap Regions: E=young(eden), S=young(survivor), O=old, HS=humongous(starts), HC=humongous(continues), CS=collection set, F=free, A=archive, TAMS=top-at-mark-start (previous, next)
|   0|0x0000000080000000, 0x0000000080100000, 0x0000000080100000|100%| O|  |TAMS 0x0000000080100000, 0x0000000080000000| Untracked 
|   1|0x0000000080100000, 0x0000000080200000, 0x0000000080200000|100%| O|  |TAMS 0x0000000080200000, 0x0000000080100000| Untracked 
|   2|0x0000000080200000, 0x0000000080300000, 0x0000000080300000|100%| O|  |TAMS 0x0000000080300000, 0x0000000080200000| Untracked 
|   3|0x0000000080300000, 0x0000000080400000, 0x0000000080400000|100%|HS|  |TAMS 0x0000000080400000, 0x0000000080300000| Complete 
|   4|0x0000000080400000, 0x0000000080500000, 0x0000000080500000|100%|HC|  |TAMS 0x0000000080500000, 0x0000000080400000| Complete 
|   5|0x0000000080500000, 0x0000000080600000, 0x0000000080600000|100%|HC|  |TAMS 0x0000000080600000, 0x0000000080500000| Complete 
|   6|0x0000000080600000, 0x0000000080700000, 0x0000000080700000|100%| O|  |TAMS 0x0000000080700000, 0x0000000080600000| Untracked 
|   7|0x0000000080700000, 0x0000000080800000, 0x0000000080800000|100%| O|  |TAMS 0x0000000080800000, 0x0000000080700000| Untracked 
|   8|0x0000000080800000, 0x0000000080900000, 0x0000000080900000|100%| O|  |TAMS 0x0000000080900000, 0x0000000080800000| Untracked 
|   9|0x0000000080900000, 0x0000000080a00000, 0x0000000080a00000|100%| O|  |TAMS 0x0000000080a00000, 0x0000000080900000| Untracked 
|  10|0x0000000080a00000, 0x0000000080b00000, 0x0000000080b00000|100%| O|  |TAMS 0x0000000080b00000, 0x0000000080a00000| Untracked 
|  11|0x0000000080b00000, 0x0000000080c00000, 0x0000000080c00000|100%| O|  |TAMS 0x0000000080c00000, 0x0000000080b00000| Untracked 
|  12|0x0000000080c00000, 0x0000000080d00000, 0x0000000080d00000|100%| O|  |TAMS 0x0000000080d00000, 0x0000000080c00000| Untracked 
|  13|0x0000000080d00000, 0x0000000080e00000, 0x0000000080e00000|100%| O|  |TAMS 0x0000000080e00000, 0x0000000080d00000| Untracked 
|  14|0x0000000080e00000, 0x0000000080f00000, 0x0000000080f00000|100%| O|  |TAMS 0x0000000080f00000, 0x0000000080e00000| Untracked 
|  15|0x0000000080f00000, 0x0000000081000000, 0x0000000081000000|100%|HS|  |TAMS 0x0000000081000000, 0x0000000080f00000| Complete 
|  16|0x0000000081000000, 0x0000000081100000, 0x0000000081100000|100%|HS|  |TAMS 0x0000000081100000, 0x0000000081000000| Complete 
|  17|0x0000000081100000, 0x0000000081200000, 0x0000000081200000|100%|HS|  |TAMS 0x0000000081200000, 0x0000000081100000| Complete 
|  18|0x0000000081200000, 0x0000000081300000, 0x0000000081300000|100%|HC|  |TAMS 0x0000000081300000, 0x0000000081200000| Complete 
|  19|0x0000000081300000, 0x0000000081400000, 0x0000000081400000|100%| O|  |TAMS 0x0000000081400000, 0x0000000081300000| Untracked 
|  20|0x0000000081400000, 0x0000000081500000, 0x0000000081500000|100%| O|  |TAMS 0x0000000081500000, 0x0000000081400000| Untracked 
|  21|0x0000000081500000, 0x0000000081600000, 0x0000000081600000|100%| O|  |TAMS 0x0000000081600000, 0x0000000081500000| Untracked 
|  22|0x0000000081600000, 0x0000000081700000, 0x0000000081700000|100%| O|  |TAMS 0x0000000081700000, 0x0000000081600000| Untracked 
|  23|0x0000000081700000, 0x0000000081800000, 0x0000000081800000|100%| O|  |TAMS 0x0000000081800000, 0x0000000081700000| Untracked 
|  24|0x0000000081800000, 0x0000000081900000, 0x0000000081900000|100%| O|  |TAMS 0x0000000081900000, 0x0000000081800000| Untracked 
|  25|0x0000000081900000, 0x0000000081a00000, 0x0000000081a00000|100%| O|  |TAMS 0x0000000081a00000, 0x0000000081900000| Untracked 
|  26|0x0000000081a00000, 0x0000000081b00000, 0x0000000081b00000|100%| O|  |TAMS 0x0000000081b00000, 0x0000000081a00000| Untracked 
|  27|0x0000000081b00000, 0x0000000081c00000, 0x0000000081c00000|100%| O|  |TAMS 0x0000000081c00000, 0x0000000081b00000| Untracked 
|  28|0x0000000081c00000, 0x0000000081d00000, 0x0000000081d00000|100%| O|  |TAMS 0x0000000081d00000, 0x0000000081c00000| Untracked 
|  29|0x0000000081d00000, 0x0000000081e00000, 0x0000000081e00000|100%| O|  |TAMS 0x0000000081e00000, 0x0000000081d00000| Untracked 
|  30|0x0000000081e00000, 0x0000000081f00000, 0x0000000081f00000|100%| O|  |TAMS 0x0000000081f00000, 0x0000000081e00000| Untracked 
|  31|0x0000000081f00000, 0x0000000082000000, 0x0000000082000000|100%| O|  |TAMS 0x0000000082000000, 0x0000000081f00000| Untracked 
|  32|0x0000000082000000, 0x0000000082100000, 0x0000000082100000|100%| O|  |TAMS 0x0000000082100000, 0x0000000082000000| Untracked 
|  33|0x0000000082100000, 0x0000000082200000, 0x0000000082200000|100%| O|  |TAMS 0x0000000082200000, 0x0000000082100000| Untracked 
|  34|0x0000000082200000, 0x0000000082300000, 0x0000000082300000|100%| O|  |TAMS 0x0000000082300000, 0x0000000082200000| Untracked 
|  35|0x0000000082300000, 0x0000000082400000, 0x0000000082400000|100%| O|  |TAMS 0x0000000082400000, 0x0000000082300000| Untracked 
|  36|0x0000000082400000, 0x0000000082500000, 0x0000000082500000|100%| O|  |TAMS 0x0000000082500000, 0x0000000082400000| Untracked 
|  37|0x0000000082500000, 0x0000000082600000, 0x0000000082600000|100%| O|  |TAMS 0x0000000082600000, 0x0000000082500000| Untracked 
|  38|0x0000000082600000, 0x0000000082700000, 0x0000000082700000|100%| O|  |TAMS 0x0000000082700000, 0x0000000082600000| Untracked 
|  39|0x0000000082700000, 0x000000008279a400, 0x0000000082800000| 60%| O|  |TAMS 0x000000008279a400, 0x0000000082700000| Untracked 
|  40|0x0000000082800000, 0x0000000082800000, 0x0000000082900000|  0%| F|  |TAMS 0x0000000082800000, 0x0000000082800000| Untracked 
|  41|0x0000000082900000, 0x0000000082900000, 0x0000000082a00000|  0%| F|  |TAMS 0x0000000082900000, 0x0000000082900000| Untracked 
|  42|0x0000000082a00000, 0x0000000082a00000, 0x0000000082b00000|  0%| F|  |TAMS 0x0000000082a00000, 0x0000000082a00000| Untracked 
|  43|0x0000000082b00000, 0x0000000082b00000, 0x0000000082c00000|  0%| F|  |TAMS 0x0000000082b00000, 0x0000000082b00000| Untracked 
|  44|0x0000000082c00000, 0x0000000082c00000, 0x0000000082d00000|  0%| F|  |TAMS 0x0000000082c00000, 0x0000000082c00000| Untracked 
|  45|0x0000000082d00000, 0x0000000082d00000, 0x0000000082e00000|  0%| F|  |TAMS 0x0000000082d00000, 0x0000000082d00000| Untracked 
|  46|0x0000000082e00000, 0x0000000082e00000, 0x0000000082f00000|  0%| F|  |TAMS 0x0000000082e00000, 0x0000000082e00000| Untracked 
|  47|0x0000000082f00000, 0x0000000082f00000, 0x0000000083000000|  0%| F|  |TAMS 0x0000000082f00000, 0x0000000082f00000| Untracked 
|  48|0x0000000083000000, 0x0000000083000000, 0x0000000083100000|  0%| F|  |TAMS 0x0000000083000000, 0x0000000083000000| Untracked 
|  49|0x0000000083100000, 0x0000000083100000, 0x0000000083200000|  0%| F|  |TAMS 0x0000000083100000, 0x0000000083100000| Untracked 
|  50|0x0000000083200000, 0x0000000083200000, 0x0000000083300000|  0%| F|  |TAMS 0x0000000083200000, 0x0000000083200000| Untracked 
|  51|0x0000000083300000, 0x0000000083300000, 0x0000000083400000|  0%| F|  |TAMS 0x0000000083300000, 0x0000000083300000| Untracked 
|  52|0x0000000083400000, 0x0000000083400000, 0x0000000083500000|  0%| F|  |TAMS 0x0000000083400000, 0x0000000083400000| Untracked 
|  53|0x0000000083500000, 0x0000000083500000, 0x0000000083600000|  0%| F|  |TAMS 0x0000000083500000, 0x0000000083500000| Untracked 
|  54|0x0000000083600000, 0x0000000083600000, 0x0000000083700000|  0%| F|  |TAMS 0x0000000083600000, 0x0000000083600000| Untracked 
|  55|0x0000000083700000, 0x0000000083700000, 0x0000000083800000|  0%| F|  |TAMS 0x0000000083700000, 0x0000000083700000| Untracked 
|  56|0x0000000083800000, 0x0000000083800000, 0x0000000083900000|  0%| F|  |TAMS 0x0000000083800000, 0x0000000083800000| Untracked 
|  57|0x0000000083900000, 0x0000000083900000, 0x0000000083a00000|  0%| F|  |TAMS 0x0000000083900000, 0x0000000083900000| Untracked 
|  58|0x0000000083a00000, 0x0000000083a00000, 0x0000000083b00000|  0%| F|  |TAMS 0x0000000083a00000, 0x0000000083a00000| Untracked 
|  59|0x0000000083b00000, 0x0000000083b00000, 0x0000000083c00000|  0%| F|  |TAMS 0x0000000083b00000, 0x0000000083b00000| Untracked 
|  60|0x0000000083c00000, 0x0000000083c00000, 0x0000000083d00000|  0%| F|  |TAMS 0x0000000083c00000, 0x0000000083c00000| Untracked 
|  61|0x0000000083d00000, 0x0000000083d00000, 0x0000000083e00000|  0%| F|  |TAMS 0x0000000083d00000, 0x0000000083d00000| Untracked 
|  62|0x0000000083e00000, 0x0000000083e00000, 0x0000000083f00000|  0%| F|  |TAMS 0x0000000083e00000, 0x0000000083e00000| Untracked 
|  63|0x0000000083f00000, 0x0000000083f00000, 0x0000000084000000|  0%| F|  |TAMS 0x0000000083f00000, 0x0000000083f00000| Untracked 
|  64|0x0000000084000000, 0x0000000084000000, 0x0000000084100000|  0%| F|  |TAMS 0x0000000084000000, 0x0000000084000000| Untracked 
|  65|0x0000000084100000, 0x0000000084100000, 0x0000000084200000|  0%| F|  |TAMS 0x0000000084100000, 0x0000000084100000| Untracked 
|  66|0x0000000084200000, 0x0000000084200000, 0x0000000084300000|  0%| F|  |TAMS 0x0000000084200000, 0x0000000084200000| Untracked 
|  67|0x0000000084300000, 0x0000000084300000, 0x0000000084400000|  0%| F|  |TAMS 0x0000000084300000, 0x0000000084300000| Untracked 
|  68|0x0000000084400000, 0x0000000084400000, 0x0000000084500000|  0%| F|  |TAMS 0x0000000084400000, 0x0000000084400000| Untracked 
|  69|0x0000000084500000, 0x0000000084500000, 0x0000000084600000|  0%| F|  |TAMS 0x0000000084500000, 0x0000000084500000| Untracked 
|  70|0x0000000084600000, 0x0000000084600000, 0x0000000084700000|  0%| F|  |TAMS 0x0000000084600000, 0x0000000084600000| Untracked 
|  71|0x0000000084700000, 0x0000000084700000, 0x0000000084800000|  0%| F|  |TAMS 0x0000000084700000, 0x0000000084700000| Untracked 
|  72|0x0000000084800000, 0x0000000084800000, 0x0000000084900000|  0%| F|  |TAMS 0x0000000084800000, 0x0000000084800000| Untracked 
|  73|0x0000000084900000, 0x0000000084900000, 0x0000000084a00000|  0%| F|  |TAMS 0x0000000084900000, 0x0000000084900000| Untracked 
|  74|0x0000000084a00000, 0x0000000084a00000, 0x0000000084b00000|  0%| F|  |TAMS 0x0000000084a00000, 0x0000000084a00000| Untracked 
|  75|0x0000000084b00000, 0x0000000084b00000, 0x0000000084c00000|  0%| F|  |TAMS 0x0000000084b00000, 0x0000000084b00000| Untracked 
|  76|0x0000000084c00000, 0x0000000084c00000, 0x0000000084d00000|  0%| F|  |TAMS 0x0000000084c00000, 0x0000000084c00000| Untracked 
|  77|0x0000000084d00000, 0x0000000084d00000, 0x0000000084e00000|  0%| F|  |TAMS 0x0000000084d00000, 0x0000000084d00000| Untracked 
|  78|0x0000000084e00000, 0x0000000084e00000, 0x0000000084f00000|  0%| F|  |TAMS 0x0000000084e00000, 0x0000000084e00000| Untracked 
|  79|0x0000000084f00000, 0x0000000084f00000, 0x0000000085000000|  0%| F|  |TAMS 0x0000000084f00000, 0x0000000084f00000| Untracked 
|  80|0x0000000085000000, 0x0000000085000000, 0x0000000085100000|  0%| F|  |TAMS 0x0000000085000000, 0x0000000085000000| Untracked 
|  81|0x0000000085100000, 0x0000000085100000, 0x0000000085200000|  0%| F|  |TAMS 0x0000000085100000, 0x0000000085100000| Untracked 
|  82|0x0000000085200000, 0x0000000085200000, 0x0000000085300000|  0%| F|  |TAMS 0x0000000085200000, 0x0000000085200000| Untracked 
|  83|0x0000000085300000, 0x0000000085300000, 0x0000000085400000|  0%| F|  |TAMS 0x0000000085300000, 0x0000000085300000| Untracked 
|  84|0x0000000085400000, 0x0000000085400000, 0x0000000085500000|  0%| F|  |TAMS 0x0000000085400000, 0x0000000085400000| Untracked 
|  85|0x0000000085500000, 0x0000000085500000, 0x0000000085600000|  0%| F|  |TAMS 0x0000000085500000, 0x0000000085500000| Untracked 
|  86|0x0000000085600000, 0x0000000085600000, 0x0000000085700000|  0%| F|  |TAMS 0x0000000085600000, 0x0000000085600000| Untracked 
|  87|0x0000000085700000, 0x0000000085700000, 0x0000000085800000|  0%| F|  |TAMS 0x0000000085700000, 0x0000000085700000| Untracked 
|  88|0x0000000085800000, 0x0000000085800000, 0x0000000085900000|  0%| F|  |TAMS 0x0000000085800000, 0x0000000085800000| Untracked 
|  89|0x0000000085900000, 0x0000000085900000, 0x0000000085a00000|  0%| F|  |TAMS 0x0000000085900000, 0x0000000085900000| Untracked 
|  90|0x0000000085a00000, 0x0000000085a00000, 0x0000000085b00000|  0%| F|  |TAMS 0x0000000085a00000, 0x0000000085a00000| Untracked 
|  91|0x0000000085b00000, 0x0000000085b00000, 0x0000000085c00000|  0%| F|  |TAMS 0x0000000085b00000, 0x0000000085b00000| Untracked 
|  92|0x0000000085c00000, 0x0000000085c00000, 0x0000000085d00000|  0%| F|  |TAMS 0x0000000085c00000, 0x0000000085c00000| Untracked 
|  93|0x0000000085d00000, 0x0000000085d00000, 0x0000000085e00000|  0%| F|  |TAMS 0x0000000085d00000, 0x0000000085d00000| Untracked 
|  94|0x0000000085e00000, 0x0000000085e00000, 0x0000000085f00000|  0%| F|  |TAMS 0x0000000085e00000, 0x0000000085e00000| Untracked 
|  95|0x0000000085f00000, 0x0000000085f00000, 0x0000000086000000|  0%| F|  |TAMS 0x0000000085f00000, 0x0000000085f00000| Untracked 
|  96|0x0000000086000000, 0x0000000086000000, 0x0000000086100000|  0%| F|  |TAMS 0x0000000086000000, 0x0000000086000000| Untracked 
|  97|0x0000000086100000, 0x0000000086100000, 0x0000000086200000|  0%| F|  |TAMS 0x0000000086100000, 0x0000000086100000| Untracked 
|  98|0x0000000086200000, 0x0000000086200000, 0x0000000086300000|  0%| F|  |TAMS 0x0000000086200000, 0x0000000086200000| Untracked 
|  99|0x0000000086300000, 0x0000000086300000, 0x0000000086400000|  0%| F|  |TAMS 0x0000000086300000, 0x0000000086300000| Untracked 
| 100|0x0000000086400000, 0x0000000086400000, 0x0000000086500000|  0%| F|  |TAMS 0x0000000086400000, 0x0000000086400000| Untracked 
| 101|0x0000000086500000, 0x0000000086500000, 0x0000000086600000|  0%| F|  |TAMS 0x0000000086500000, 0x0000000086500000| Untracked 
| 102|0x0000000086600000, 0x0000000086600000, 0x0000000086700000|  0%| F|  |TAMS 0x0000000086600000, 0x0000000086600000| Untracked 
| 103|0x0000000086700000, 0x0000000086700000, 0x0000000086800000|  0%| F|  |TAMS 0x0000000086700000, 0x0000000086700000| Untracked 
| 104|0x0000000086800000, 0x0000000086800000, 0x0000000086900000|  0%| F|  |TAMS 0x0000000086800000, 0x0000000086800000| Untracked 
| 105|0x0000000086900000, 0x0000000086900000, 0x0000000086a00000|  0%| F|  |TAMS 0x0000000086900000, 0x0000000086900000| Untracked 
| 106|0x0000000086a00000, 0x0000000086a00000, 0x0000000086b00000|  0%| F|  |TAMS 0x0000000086a00000, 0x0000000086a00000| Untracked 
| 107|0x0000000086b00000, 0x0000000086b00000, 0x0000000086c00000|  0%| F|  |TAMS 0x0000000086b00000, 0x0000000086b00000| Untracked 
| 108|0x0000000086c00000, 0x0000000086c00000, 0x0000000086d00000|  0%| F|  |TAMS 0x0000000086c00000, 0x0000000086c00000| Untracked 
| 109|0x0000000086d00000, 0x0000000086d00000, 0x0000000086e00000|  0%| F|  |TAMS 0x0000000086d00000, 0x0000000086d00000| Untracked 
| 110|0x0000000086e00000, 0x0000000086e00000, 0x0000000086f00000|  0%| F|  |TAMS 0x0000000086e00000, 0x0000000086e00000| Untracked 
| 111|0x0000000086f00000, 0x0000000086f00000, 0x0000000087000000|  0%| F|  |TAMS 0x0000000086f00000, 0x0000000086f00000| Untracked 
| 112|0x0000000087000000, 0x0000000087000000, 0x0000000087100000|  0%| F|  |TAMS 0x0000000087000000, 0x0000000087000000| Untracked 
| 113|0x0000000087100000, 0x0000000087100000, 0x0000000087200000|  0%| F|  |TAMS 0x0000000087100000, 0x0000000087100000| Untracked 
| 114|0x0000000087200000, 0x0000000087200000, 0x0000000087300000|  0%| F|  |TAMS 0x0000000087200000, 0x0000000087200000| Untracked 
| 115|0x0000000087300000, 0x0000000087300000, 0x0000000087400000|  0%| F|  |TAMS 0x0000000087300000, 0x0000000087300000| Untracked 
| 116|0x0000000087400000, 0x0000000087400000, 0x0000000087500000|  0%| F|  |TAMS 0x0000000087400000, 0x0000000087400000| Untracked 
| 117|0x0000000087500000, 0x0000000087500000, 0x0000000087600000|  0%| F|  |TAMS 0x0000000087500000, 0x0000000087500000| Untracked 
| 118|0x0000000087600000, 0x0000000087600000, 0x0000000087700000|  0%| F|  |TAMS 0x0000000087600000, 0x0000000087600000| Untracked 
| 119|0x0000000087700000, 0x0000000087700000, 0x0000000087800000|  0%| F|  |TAMS 0x0000000087700000, 0x0000000087700000| Untracked 
| 120|0x0000000087800000, 0x0000000087800000, 0x0000000087900000|  0%| F|  |TAMS 0x0000000087800000, 0x0000000087800000| Untracked 
| 121|0x0000000087900000, 0x0000000087900000, 0x0000000087a00000|  0%| F|  |TAMS 0x0000000087900000, 0x0000000087900000| Untracked 
| 122|0x0000000087a00000, 0x0000000087a00000, 0x0000000087b00000|  0%| F|  |TAMS 0x0000000087a00000, 0x0000000087a00000| Untracked 
| 123|0x0000000087b00000, 0x0000000087b00000, 0x0000000087c00000|  0%| F|  |TAMS 0x0000000087b00000, 0x0000000087b00000| Untracked 
| 124|0x0000000087c00000, 0x0000000087c00000, 0x0000000087d00000|  0%| F|  |TAMS 0x0000000087c00000, 0x0000000087c00000| Untracked 
| 125|0x0000000087d00000, 0x0000000087d00000, 0x0000000087e00000|  0%| F|  |TAMS 0x0000000087d00000, 0x0000000087d00000| Untracked 
| 126|0x0000000087e00000, 0x0000000087e00000, 0x0000000087f00000|  0%| F|  |TAMS 0x0000000087e00000, 0x0000000087e00000| Untracked 
| 127|0x0000000087f00000, 0x0000000087f00000, 0x0000000088000000|  0%| F|  |TAMS 0x0000000087f00000, 0x0000000087f00000| Untracked 
| 128|0x0000000088000000, 0x0000000088000000, 0x0000000088100000|  0%| F|  |TAMS 0x0000000088000000, 0x0000000088000000| Untracked 
| 129|0x0000000088100000, 0x0000000088100000, 0x0000000088200000|  0%| F|  |TAMS 0x0000000088100000, 0x0000000088100000| Untracked 
| 130|0x0000000088200000, 0x0000000088200000, 0x0000000088300000|  0%| F|  |TAMS 0x0000000088200000, 0x0000000088200000| Untracked 
| 131|0x0000000088300000, 0x0000000088300000, 0x0000000088400000|  0%| F|  |TAMS 0x0000000088300000, 0x0000000088300000| Untracked 
| 132|0x0000000088400000, 0x0000000088400000, 0x0000000088500000|  0%| F|  |TAMS 0x0000000088400000, 0x0000000088400000| Untracked 
| 133|0x0000000088500000, 0x0000000088500000, 0x0000000088600000|  0%| F|  |TAMS 0x0000000088500000, 0x0000000088500000| Untracked 
| 134|0x0000000088600000, 0x0000000088600000, 0x0000000088700000|  0%| F|  |TAMS 0x0000000088600000, 0x0000000088600000| Untracked 
| 135|0x0000000088700000, 0x0000000088700000, 0x0000000088800000|  0%| F|  |TAMS 0x0000000088700000, 0x0000000088700000| Untracked 
| 136|0x0000000088800000, 0x0000000088800000, 0x0000000088900000|  0%| F|  |TAMS 0x0000000088800000, 0x0000000088800000| Untracked 
| 137|0x0000000088900000, 0x0000000088900000, 0x0000000088a00000|  0%| F|  |TAMS 0x0000000088900000, 0x0000000088900000| Untracked 
| 138|0x0000000088a00000, 0x0000000088a00000, 0x0000000088b00000|  0%| F|  |TAMS 0x0000000088a00000, 0x0000000088a00000| Untracked 
| 139|0x0000000088b00000, 0x0000000088b00000, 0x0000000088c00000|  0%| F|  |TAMS 0x0000000088b00000, 0x0000000088b00000| Untracked 
| 140|0x0000000088c00000, 0x0000000088c00000, 0x0000000088d00000|  0%| F|  |TAMS 0x0000000088c00000, 0x0000000088c00000| Untracked 
| 141|0x0000000088d00000, 0x0000000088d00000, 0x0000000088e00000|  0%| F|  |TAMS 0x0000000088d00000, 0x0000000088d00000| Untracked 
| 142|0x0000000088e00000, 0x0000000088e00000, 0x0000000088f00000|  0%| F|  |TAMS 0x0000000088e00000, 0x0000000088e00000| Untracked 
| 143|0x0000000088f00000, 0x0000000088f00000, 0x0000000089000000|  0%| F|  |TAMS 0x0000000088f00000, 0x0000000088f00000| Untracked 
| 144|0x0000000089000000, 0x0000000089000000, 0x0000000089100000|  0%| F|  |TAMS 0x0000000089000000, 0x0000000089000000| Untracked 
| 145|0x0000000089100000, 0x0000000089100000, 0x0000000089200000|  0%| F|  |TAMS 0x0000000089100000, 0x0000000089100000| Untracked 
| 146|0x0000000089200000, 0x0000000089200000, 0x0000000089300000|  0%| F|  |TAMS 0x0000000089200000, 0x0000000089200000| Untracked 
| 147|0x0000000089300000, 0x0000000089300000, 0x0000000089400000|  0%| F|  |TAMS 0x0000000089300000, 0x0000000089300000| Untracked 
| 148|0x0000000089400000, 0x0000000089400000, 0x0000000089500000|  0%| F|  |TAMS 0x0000000089400000, 0x0000000089400000| Untracked 
| 149|0x0000000089500000, 0x0000000089500000, 0x0000000089600000|  0%| F|  |TAMS 0x0000000089500000, 0x0000000089500000| Untracked 
| 150|0x0000000089600000, 0x0000000089600000, 0x0000000089700000|  0%| F|  |TAMS 0x0000000089600000, 0x0000000089600000| Untracked 
| 151|0x0000000089700000, 0x0000000089700000, 0x0000000089800000|  0%| F|  |TAMS 0x0000000089700000, 0x0000000089700000| Untracked 
| 152|0x0000000089800000, 0x0000000089800000, 0x0000000089900000|  0%| F|  |TAMS 0x0000000089800000, 0x0000000089800000| Untracked 
| 153|0x0000000089900000, 0x0000000089900000, 0x0000000089a00000|  0%| F|  |TAMS 0x0000000089900000, 0x0000000089900000| Untracked 
| 154|0x0000000089a00000, 0x0000000089a00000, 0x0000000089b00000|  0%| F|  |TAMS 0x0000000089a00000, 0x0000000089a00000| Untracked 
| 155|0x0000000089b00000, 0x0000000089b00000, 0x0000000089c00000|  0%| F|  |TAMS 0x0000000089b00000, 0x0000000089b00000| Untracked 
| 156|0x0000000089c00000, 0x0000000089c00000, 0x0000000089d00000|  0%| F|  |TAMS 0x0000000089c00000, 0x0000000089c00000| Untracked 
| 157|0x0000000089d00000, 0x0000000089d00000, 0x0000000089e00000|  0%| F|  |TAMS 0x0000000089d00000, 0x0000000089d00000| Untracked 
| 158|0x0000000089e00000, 0x0000000089e00000, 0x0000000089f00000|  0%| F|  |TAMS 0x0000000089e00000, 0x0000000089e00000| Untracked 
| 159|0x0000000089f00000, 0x0000000089f00000, 0x000000008a000000|  0%| F|  |TAMS 0x0000000089f00000, 0x0000000089f00000| Untracked 
| 160|0x000000008a000000, 0x000000008a000000, 0x000000008a100000|  0%| F|  |TAMS 0x000000008a000000, 0x000000008a000000| Untracked 
| 161|0x000000008a100000, 0x000000008a100000, 0x000000008a200000|  0%| F|  |TAMS 0x000000008a100000, 0x000000008a100000| Untracked 
| 162|0x000000008a200000, 0x000000008a2d9e00, 0x000000008a300000| 85%| S|CS|TAMS 0x000000008a200000, 0x000000008a200000| Complete 
| 163|0x000000008a300000, 0x000000008a400000, 0x000000008a400000|100%| S|CS|TAMS 0x000000008a300000, 0x000000008a300000| Complete 
| 164|0x000000008a400000, 0x000000008a500000, 0x000000008a500000|100%| S|CS|TAMS 0x000000008a400000, 0x000000008a400000| Complete 
| 165|0x000000008a500000, 0x000000008a600000, 0x000000008a600000|100%| S|CS|TAMS 0x000000008a500000, 0x000000008a500000| Complete 
| 166|0x000000008a600000, 0x000000008a600000, 0x000000008a700000|  0%| F|  |TAMS 0x000000008a600000, 0x000000008a600000| Untracked 
| 167|0x000000008a700000, 0x000000008a700000, 0x000000008a800000|  0%| F|  |TAMS 0x000000008a700000, 0x000000008a700000| Untracked 
| 168|0x000000008a800000, 0x000000008a800000, 0x000000008a900000|  0%| F|  |TAMS 0x000000008a800000, 0x000000008a800000| Untracked 
| 169|0x000000008a900000, 0x000000008a900000, 0x000000008aa00000|  0%| F|  |TAMS 0x000000008a900000, 0x000000008a900000| Untracked 
| 170|0x000000008aa00000, 0x000000008aa00000, 0x000000008ab00000|  0%| F|  |TAMS 0x000000008aa00000, 0x000000008aa00000| Untracked 
| 171|0x000000008ab00000, 0x000000008ab00000, 0x000000008ac00000|  0%| F|  |TAMS 0x000000008ab00000, 0x000000008ab00000| Untracked 
| 172|0x000000008ac00000, 0x000000008ac00000, 0x000000008ad00000|  0%| F|  |TAMS 0x000000008ac00000, 0x000000008ac00000| Untracked 
| 173|0x000000008ad00000, 0x000000008ad00000, 0x000000008ae00000|  0%| F|  |TAMS 0x000000008ad00000, 0x000000008ad00000| Untracked 
| 174|0x000000008ae00000, 0x000000008ae00000, 0x000000008af00000|  0%| F|  |TAMS 0x000000008ae00000, 0x000000008ae00000| Untracked 
| 175|0x000000008af00000, 0x000000008af00000, 0x000000008b000000|  0%| F|  |TAMS 0x000000008af00000, 0x000000008af00000| Untracked 
| 176|0x000000008b000000, 0x000000008b000000, 0x000000008b100000|  0%| F|  |TAMS 0x000000008b000000, 0x000000008b000000| Untracked 
| 177|0x000000008b100000, 0x000000008b100000, 0x000000008b200000|  0%| F|  |TAMS 0x000000008b100000, 0x000000008b100000| Untracked 
| 178|0x000000008b200000, 0x000000008b200000, 0x000000008b300000|  0%| F|  |TAMS 0x000000008b200000, 0x000000008b200000| Untracked 
| 179|0x000000008b300000, 0x000000008b300000, 0x000000008b400000|  0%| F|  |TAMS 0x000000008b300000, 0x000000008b300000| Untracked 
| 180|0x000000008b400000, 0x000000008b400000, 0x000000008b500000|  0%| F|  |TAMS 0x000000008b400000, 0x000000008b400000| Untracked 
| 181|0x000000008b500000, 0x000000008b500000, 0x000000008b600000|  0%| F|  |TAMS 0x000000008b500000, 0x000000008b500000| Untracked 
| 182|0x000000008b600000, 0x000000008b600000, 0x000000008b700000|  0%| F|  |TAMS 0x000000008b600000, 0x000000008b600000| Untracked 
| 183|0x000000008b700000, 0x000000008b700000, 0x000000008b800000|  0%| F|  |TAMS 0x000000008b700000, 0x000000008b700000| Untracked 
| 184|0x000000008b800000, 0x000000008b800000, 0x000000008b900000|  0%| F|  |TAMS 0x000000008b800000, 0x000000008b800000| Untracked 
| 185|0x000000008b900000, 0x000000008b900000, 0x000000008ba00000|  0%| F|  |TAMS 0x000000008b900000, 0x000000008b900000| Untracked 
| 186|0x000000008ba00000, 0x000000008ba00000, 0x000000008bb00000|  0%| F|  |TAMS 0x000000008ba00000, 0x000000008ba00000| Untracked 
| 187|0x000000008bb00000, 0x000000008bb00000, 0x000000008bc00000|  0%| F|  |TAMS 0x000000008bb00000, 0x000000008bb00000| Untracked 
| 188|0x000000008bc00000, 0x000000008bc00000, 0x000000008bd00000|  0%| F|  |TAMS 0x000000008bc00000, 0x000000008bc00000| Untracked 
| 189|0x000000008bd00000, 0x000000008bd00000, 0x000000008be00000|  0%| F|  |TAMS 0x000000008bd00000, 0x000000008bd00000| Untracked 
| 190|0x000000008be00000, 0x000000008be00000, 0x000000008bf00000|  0%| F|  |TAMS 0x000000008be00000, 0x000000008be00000| Untracked 
| 191|0x000000008bf00000, 0x000000008bf00000, 0x000000008c000000|  0%| F|  |TAMS 0x000000008bf00000, 0x000000008bf00000| Untracked 
| 192|0x000000008c000000, 0x000000008c000000, 0x000000008c100000|  0%| F|  |TAMS 0x000000008c000000, 0x000000008c000000| Untracked 
| 193|0x000000008c100000, 0x000000008c100000, 0x000000008c200000|  0%| F|  |TAMS 0x000000008c100000, 0x000000008c100000| Untracked 
| 194|0x000000008c200000, 0x000000008c200000, 0x000000008c300000|  0%| F|  |TAMS 0x000000008c200000, 0x000000008c200000| Untracked 
| 195|0x000000008c300000, 0x000000008c300000, 0x000000008c400000|  0%| F|  |TAMS 0x000000008c300000, 0x000000008c300000| Untracked 
| 196|0x000000008c400000, 0x000000008c400000, 0x000000008c500000|  0%| F|  |TAMS 0x000000008c400000, 0x000000008c400000| Untracked 
| 197|0x000000008c500000, 0x000000008c500000, 0x000000008c600000|  0%| F|  |TAMS 0x000000008c500000, 0x000000008c500000| Untracked 
| 198|0x000000008c600000, 0x000000008c600000, 0x000000008c700000|  0%| F|  |TAMS 0x000000008c600000, 0x000000008c600000| Untracked 
| 199|0x000000008c700000, 0x000000008c700000, 0x000000008c800000|  0%| F|  |TAMS 0x000000008c700000, 0x000000008c700000| Untracked 
| 200|0x000000008c800000, 0x000000008c800000, 0x000000008c900000|  0%| F|  |TAMS 0x000000008c800000, 0x000000008c800000| Untracked 
| 201|0x000000008c900000, 0x000000008c900000, 0x000000008ca00000|  0%| F|  |TAMS 0x000000008c900000, 0x000000008c900000| Untracked 
| 202|0x000000008ca00000, 0x000000008ca00000, 0x000000008cb00000|  0%| F|  |TAMS 0x000000008ca00000, 0x000000008ca00000| Untracked 
| 203|0x000000008cb00000, 0x000000008cb00000, 0x000000008cc00000|  0%| F|  |TAMS 0x000000008cb00000, 0x000000008cb00000| Untracked 
| 204|0x000000008cc00000, 0x000000008cc00000, 0x000000008cd00000|  0%| F|  |TAMS 0x000000008cc00000, 0x000000008cc00000| Untracked 
| 205|0x000000008cd00000, 0x000000008cd00000, 0x000000008ce00000|  0%| F|  |TAMS 0x000000008cd00000, 0x000000008cd00000| Untracked 
| 206|0x000000008ce00000, 0x000000008ce00000, 0x000000008cf00000|  0%| F|  |TAMS 0x000000008ce00000, 0x000000008ce00000| Untracked 
| 207|0x000000008cf00000, 0x000000008cf00000, 0x000000008d000000|  0%| F|  |TAMS 0x000000008cf00000, 0x000000008cf00000| Untracked 
| 208|0x000000008d000000, 0x000000008d000000, 0x000000008d100000|  0%| F|  |TAMS 0x000000008d000000, 0x000000008d000000| Untracked 
| 209|0x000000008d100000, 0x000000008d100000, 0x000000008d200000|  0%| F|  |TAMS 0x000000008d100000, 0x000000008d100000| Untracked 
| 210|0x000000008d200000, 0x000000008d280800, 0x000000008d300000| 50%| E|  |TAMS 0x000000008d200000, 0x000000008d200000| Complete 
| 211|0x000000008d300000, 0x000000008d400000, 0x000000008d400000|100%| E|CS|TAMS 0x000000008d300000, 0x000000008d300000| Complete 
| 212|0x000000008d400000, 0x000000008d500000, 0x000000008d500000|100%| E|CS|TAMS 0x000000008d400000, 0x000000008d400000| Complete 
| 213|0x000000008d500000, 0x000000008d600000, 0x000000008d600000|100%| E|CS|TAMS 0x000000008d500000, 0x000000008d500000| Complete 
| 214|0x000000008d600000, 0x000000008d700000, 0x000000008d700000|100%| E|CS|TAMS 0x000000008d600000, 0x000000008d600000| Complete 
| 215|0x000000008d700000, 0x000000008d800000, 0x000000008d800000|100%| E|  |TAMS 0x000000008d700000, 0x000000008d700000| Complete 
| 216|0x000000008d800000, 0x000000008d900000, 0x000000008d900000|100%| E|CS|TAMS 0x000000008d800000, 0x000000008d800000| Complete 
| 217|0x000000008d900000, 0x000000008da00000, 0x000000008da00000|100%| E|CS|TAMS 0x000000008d900000, 0x000000008d900000| Complete 
| 218|0x000000008da00000, 0x000000008db00000, 0x000000008db00000|100%| E|CS|TAMS 0x000000008da00000, 0x000000008da00000| Complete 
| 219|0x000000008db00000, 0x000000008dc00000, 0x000000008dc00000|100%| E|CS|TAMS 0x000000008db00000, 0x000000008db00000| Complete 
| 220|0x000000008dc00000, 0x000000008dd00000, 0x000000008dd00000|100%| E|CS|TAMS 0x000000008dc00000, 0x000000008dc00000| Complete 
| 221|0x000000008dd00000, 0x000000008de00000, 0x000000008de00000|100%| E|CS|TAMS 0x000000008dd00000, 0x000000008dd00000| Complete 
| 222|0x000000008de00000, 0x000000008df00000, 0x000000008df00000|100%| E|CS|TAMS 0x000000008de00000, 0x000000008de00000| Complete 
| 223|0x000000008df00000, 0x000000008e000000, 0x000000008e000000|100%| E|CS|TAMS 0x000000008df00000, 0x000000008df00000| Complete 

Card table byte_map: [0x000001b049bc0000,0x000001b049fc0000] _byte_map_base: 0x000001b0497c0000

Marking Bits (Prev, Next): (CMBitMap*) 0x000001b0369d0060, (CMBitMap*) 0x000001b0369d0028
 Prev Bits: [0x000001b04c3c0000, 0x000001b04e3c0000)
 Next Bits: [0x000001b04a3c0000, 0x000001b04c3c0000)

Polling page: 0x000001b0348d0000

Metaspace:

Usage:
  Non-class:     51.77 MB capacity,    50.78 MB ( 98%) used,   852.94 KB (  2%) free+waste,   156.56 KB ( <1%) overhead. 
      Class:      7.90 MB capacity,     7.37 MB ( 93%) used,   471.63 KB (  6%) free+waste,    73.94 KB ( <1%) overhead. 
       Both:     59.67 MB capacity,    58.15 MB ( 97%) used,     1.29 MB (  2%) free+waste,   230.50 KB ( <1%) overhead. 

Virtual space:
  Non-class space:       52.00 MB reserved,      52.00 MB (100%) committed 
      Class space:        1.00 GB reserved,       8.00 MB ( <1%) committed 
             Both:        1.05 GB reserved,      60.00 MB (  6%) committed 

Chunk freelists:
   Non-Class:  46.00 KB
       Class:  8.00 KB
        Both:  54.00 KB

MaxMetaspaceSize: 17179869184.00 GB
CompressedClassSpaceSize: 1.00 GB

CodeHeap 'non-profiled nmethods': size=120000Kb used=3464Kb max_used=3464Kb free=116535Kb
 bounds [0x000001b041f50000, 0x000001b0422c0000, 0x000001b049480000]
CodeHeap 'profiled nmethods': size=120000Kb used=12477Kb max_used=12477Kb free=107522Kb
 bounds [0x000001b03aa20000, 0x000001b03b650000, 0x000001b041f50000]
CodeHeap 'non-nmethods': size=5760Kb used=2248Kb max_used=2289Kb free=3511Kb
 bounds [0x000001b03a480000, 0x000001b03a6f0000, 0x000001b03aa20000]
 total_blobs=6781 nmethods=5939 adapters=752
 compilation: enabled
              stopped_count=0, restarted_count=0
 full_count=0

Compilation events (20 events):
Event: 72.281 Thread 0x000001b0516be000 5810       3       java.lang.invoke.MethodHandle::bindTo (19 bytes)
Event: 72.283 Thread 0x000001b0516be000 nmethod 5810 0x000001b03b604c90 code [0x000001b03b604ec0, 0x000001b03b6054f8]
Event: 72.283 Thread 0x000001b0516be000 5811       3       java.lang.invoke.MethodType::leadingReferenceParameter (30 bytes)
Event: 72.284 Thread 0x000001b0516be000 nmethod 5811 0x000001b03b605790 code [0x000001b03b605960, 0x000001b03b605c48]
Event: 72.284 Thread 0x000001b0516be000 5812       3       org.gradle.api.internal.DefaultDomainObjectCollection::getMutationGuard (10 bytes)
Event: 72.284 Thread 0x000001b0516be000 nmethod 5812 0x000001b03b605d90 code [0x000001b03b605f40, 0x000001b03b606108]
Event: 72.318 Thread 0x000001b0516be000 5813       3       com.google.common.collect.ImmutableMap$Builder::build (21 bytes)
Event: 72.318 Thread 0x000001b0516be000 nmethod 5813 0x000001b03b606210 code [0x000001b03b6063e0, 0x000001b03b6065d8]
Event: 72.318 Thread 0x000001b0516be000 5816       3       com.google.common.collect.RegularImmutableMap::createHashTable (207 bytes)
Event: 72.322 Thread 0x000001b0516be000 nmethod 5816 0x000001b03b606690 code [0x000001b03b606ac0, 0x000001b03b6085c8]
Event: 72.322 Thread 0x000001b0516be000 5815       3       sun.reflect.generics.parser.SignatureParser::parseTypeVariableSignature (93 bytes)
Event: 72.324 Thread 0x000001b0516be000 nmethod 5815 0x000001b03b609090 code [0x000001b03b6093a0, 0x000001b03b60a0c8]
Event: 72.324 Thread 0x000001b0516be000 5814       3       com.google.common.collect.ImmutableMap$Builder::sortEntries (156 bytes)
Event: 72.327 Thread 0x000001b0516be000 nmethod 5814 0x000001b03b60a610 code [0x000001b03b60a940, 0x000001b03b60c0d8]
Event: 72.327 Thread 0x000001b0516be000 5818       3       com.google.common.collect.AbstractMapBasedMultimap$WrappedCollection::iterator (13 bytes)
Event: 72.328 Thread 0x000001b0516be000 nmethod 5818 0x000001b03b60c810 code [0x000001b03b60ca40, 0x000001b03b60d2a8]
Event: 72.328 Thread 0x000001b0516be000 5819       3       com.google.common.collect.AbstractMapBasedMultimap$WrappedCollection$WrappedIterator::<init> (32 bytes)
Event: 72.329 Thread 0x000001b0516be000 nmethod 5819 0x000001b03b60d490 code [0x000001b03b60d6a0, 0x000001b03b60ddb8]
Event: 72.329 Thread 0x000001b0516be000 5820       3       com.google.common.collect.AbstractMapBasedMultimap::access$100 (5 bytes)
Event: 72.329 Thread 0x000001b0516be000 nmethod 5820 0x000001b03b60df90 code [0x000001b03b60e180, 0x000001b03b60e698]

GC Heap History (14 events):
Event: 2.158 GC heap before
{Heap before GC invocations=0 (full 0):
 garbage-first heap   total 229376K, used 29696K [0x0000000080000000, 0x0000000100000000)
  region size 1024K, 24 young (24576K), 0 survivors (0K)
 Metaspace       used 10195K, capacity 10361K, committed 10624K, reserved 1058816K
  class space    used 1065K, capacity 1139K, committed 1152K, reserved 1048576K
}
Event: 2.168 GC heap after
{Heap after GC invocations=1 (full 0):
 garbage-first heap   total 229376K, used 9066K [0x0000000080000000, 0x0000000100000000)
  region size 1024K, 3 young (3072K), 3 survivors (3072K)
 Metaspace       used 10195K, capacity 10361K, committed 10624K, reserved 1058816K
  class space    used 1065K, capacity 1139K, committed 1152K, reserved 1048576K
}
Event: 5.595 GC heap before
{Heap before GC invocations=1 (full 0):
 garbage-first heap   total 229376K, used 68458K [0x0000000080000000, 0x0000000100000000)
  region size 1024K, 61 young (62464K), 3 survivors (3072K)
 Metaspace       used 15415K, capacity 15723K, committed 16000K, reserved 1062912K
  class space    used 1759K, capacity 1863K, committed 1920K, reserved 1048576K
}
Event: 5.604 GC heap after
{Heap after GC invocations=2 (full 0):
 garbage-first heap   total 229376K, used 15033K [0x0000000080000000, 0x0000000100000000)
  region size 1024K, 8 young (8192K), 8 survivors (8192K)
 Metaspace       used 15415K, capacity 15723K, committed 16000K, reserved 1062912K
  class space    used 1759K, capacity 1863K, committed 1920K, reserved 1048576K
}
Event: 16.640 GC heap before
{Heap before GC invocations=2 (full 0):
 garbage-first heap   total 229376K, used 51897K [0x0000000080000000, 0x0000000100000000)
  region size 1024K, 45 young (46080K), 8 survivors (8192K)
 Metaspace       used 20643K, capacity 21128K, committed 21248K, reserved 1067008K
  class space    used 2517K, capacity 2722K, committed 2816K, reserved 1048576K
}
Event: 16.655 GC heap after
{Heap after GC invocations=3 (full 0):
 garbage-first heap   total 229376K, used 16684K [0x0000000080000000, 0x0000000100000000)
  region size 1024K, 2 young (2048K), 2 survivors (2048K)
 Metaspace       used 20643K, capacity 21128K, committed 21248K, reserved 1067008K
  class space    used 2517K, capacity 2722K, committed 2816K, reserved 1048576K
}
Event: 19.544 GC heap before
{Heap before GC invocations=4 (full 0):
 garbage-first heap   total 229376K, used 83244K [0x0000000080000000, 0x0000000100000000)
  region size 1024K, 67 young (68608K), 2 survivors (2048K)
 Metaspace       used 26831K, capacity 27516K, committed 27648K, reserved 1073152K
  class space    used 3542K, capacity 3794K, committed 3840K, reserved 1048576K
}
Event: 19.553 GC heap after
{Heap after GC invocations=5 (full 0):
 garbage-first heap   total 229376K, used 18619K [0x0000000080000000, 0x0000000100000000)
  region size 1024K, 4 young (4096K), 4 survivors (4096K)
 Metaspace       used 26831K, capacity 27516K, committed 27648K, reserved 1073152K
  class space    used 3542K, capacity 3794K, committed 3840K, reserved 1048576K
}
Event: 27.374 GC heap before
{Heap before GC invocations=5 (full 0):
 garbage-first heap   total 229376K, used 62651K [0x0000000080000000, 0x0000000100000000)
  region size 1024K, 48 young (49152K), 4 survivors (4096K)
 Metaspace       used 35049K, capacity 35836K, committed 35840K, reserved 1081344K
  class space    used 4540K, capacity 4864K, committed 4864K, reserved 1048576K
}
Event: 27.388 GC heap after
{Heap after GC invocations=6 (full 0):
 garbage-first heap   total 229376K, used 22954K [0x0000000080000000, 0x0000000100000000)
  region size 1024K, 8 young (8192K), 8 survivors (8192K)
 Metaspace       used 35049K, capacity 35836K, committed 35840K, reserved 1081344K
  class space    used 4540K, capacity 4864K, committed 4864K, reserved 1048576K
}
Event: 32.522 GC heap before
{Heap before GC invocations=7 (full 0):
 garbage-first heap   total 229376K, used 118186K [0x0000000080000000, 0x0000000100000000)
  region size 1024K, 98 young (100352K), 8 survivors (8192K)
 Metaspace       used 42689K, capacity 43748K, committed 44032K, reserved 1087488K
  class space    used 5431K, capacity 5784K, committed 5888K, reserved 1048576K
}
Event: 32.545 GC heap after
{Heap after GC invocations=8 (full 0):
 garbage-first heap   total 229376K, used 28117K [0x0000000080000000, 0x0000000100000000)
  region size 1024K, 12 young (12288K), 12 survivors (12288K)
 Metaspace       used 42689K, capacity 43748K, committed 44032K, reserved 1087488K
  class space    used 5431K, capacity 5784K, committed 5888K, reserved 1048576K
}
Event: 65.905 GC heap before
{Heap before GC invocations=8 (full 0):
 garbage-first heap   total 229376K, used 136661K [0x0000000080000000, 0x0000000100000000)
  region size 1024K, 114 young (116736K), 12 survivors (12288K)
 Metaspace       used 49604K, capacity 50974K, committed 51200K, reserved 1093632K
  class space    used 6321K, capacity 6786K, committed 6912K, reserved 1048576K
}
Event: 65.929 GC heap after
{Heap after GC invocations=9 (full 0):
 garbage-first heap   total 229376K, used 40906K [0x0000000080000000, 0x0000000100000000)
  region size 1024K, 15 young (15360K), 15 survivors (15360K)
 Metaspace       used 49604K, capacity 50974K, committed 51200K, reserved 1093632K
  class space    used 6321K, capacity 6786K, committed 6912K, reserved 1048576K
}

Deoptimization events (20 events):
Event: 65.764 Thread 0x000001b0538d3800 DEOPT PACKING pc=0x000001b0421637f8 sp=0x000000880d1f8720
Event: 65.764 Thread 0x000001b0538d3800 DEOPT UNPACKING pc=0x000001b03a4a78af sp=0x000000880d1f86c8 mode 2
Event: 66.002 Thread 0x000001b0538d3800 Uncommon trap: trap_request=0xffffff45 fr.pc=0x000001b04208716c relative=0x000000000000020c
Event: 66.002 Thread 0x000001b0538d3800 Uncommon trap: reason=unstable_fused_if action=reinterpret pc=0x000001b04208716c method=org.objectweb.asm.ByteVector.putUTF8(Ljava/lang/String;)Lorg/objectweb/asm/ByteVector; @ 93 c2
Event: 66.002 Thread 0x000001b0538d3800 DEOPT PACKING pc=0x000001b04208716c sp=0x000000880d1f8860
Event: 66.002 Thread 0x000001b0538d3800 DEOPT UNPACKING pc=0x000001b03a4a78af sp=0x000000880d1f87e0 mode 2
Event: 68.524 Thread 0x000001b0538d3800 Uncommon trap: trap_request=0xffffff4d fr.pc=0x000001b04225e5a0 relative=0x0000000000000420
Event: 68.524 Thread 0x000001b0538d3800 Uncommon trap: reason=unstable_if action=reinterpret pc=0x000001b04225e5a0 method=org.gradle.internal.instantiation.generator.AbstractClassGenerator$InjectionAnnotationValidator.validateMethod(Ljava/lang/reflect/Method;Lorg/gradle/internal/reflect/Propert
Event: 68.524 Thread 0x000001b0538d3800 DEOPT PACKING pc=0x000001b04225e5a0 sp=0x000000880d1f84b0
Event: 68.524 Thread 0x000001b0538d3800 DEOPT UNPACKING pc=0x000001b03a4a78af sp=0x000000880d1f8478 mode 2
Event: 71.943 Thread 0x000001b0538d3800 Uncommon trap: trap_request=0xffffff4d fr.pc=0x000001b04223c0d8 relative=0x0000000000000238
Event: 71.943 Thread 0x000001b0538d3800 Uncommon trap: reason=unstable_if action=reinterpret pc=0x000001b04223c0d8 method=java.security.SecureClassLoader$CodeSourceKey.hashCode()I @ 9 c2
Event: 71.943 Thread 0x000001b0538d3800 DEOPT PACKING pc=0x000001b04223c0d8 sp=0x000000880d1f3230
Event: 71.943 Thread 0x000001b0538d3800 DEOPT UNPACKING pc=0x000001b03a4a78af sp=0x000000880d1f31c0 mode 2
Event: 71.943 Thread 0x000001b0538d3800 Uncommon trap: trap_request=0xffffff4d fr.pc=0x000001b042189e40 relative=0x0000000000003ae0
Event: 71.943 Thread 0x000001b0538d3800 Uncommon trap: reason=unstable_if action=reinterpret pc=0x000001b042189e40 method=java.lang.ClassLoader.defineClassSourceLocation(Ljava/security/ProtectionDomain;)Ljava/lang/String; @ 15 c2
Event: 71.943 Thread 0x000001b0538d3800 DEOPT PACKING pc=0x000001b042189e40 sp=0x000000880d1f3370
Event: 71.943 Thread 0x000001b0538d3800 DEOPT UNPACKING pc=0x000001b03a4a78af sp=0x000000880d1f32e8 mode 2
Event: 72.318 Thread 0x000001b0538d3800 DEOPT PACKING pc=0x000001b03b222461 sp=0x000000880d1f8360
Event: 72.318 Thread 0x000001b0538d3800 DEOPT UNPACKING pc=0x000001b03a4a76ce sp=0x000000880d1f7818 mode 0

Classes redefined (0 events):
No events

Internal exceptions (20 events):
Event: 62.670 Thread 0x000001b051955000 Exception <a 'java/lang/NoSuchMethodError'{0x0000000088913878}: <clinit>> (0x0000000088913878) thrown at [./src/hotspot/share/prims/jni.cpp, line 1362]
Event: 62.670 Thread 0x000001b051955000 Exception <a 'java/lang/NoSuchMethodError'{0x0000000088914898}: <clinit>> (0x0000000088914898) thrown at [./src/hotspot/share/prims/jni.cpp, line 1362]
Event: 62.671 Thread 0x000001b051955000 Exception <a 'java/lang/NoSuchMethodError'{0x000000008891e440}: <clinit>> (0x000000008891e440) thrown at [./src/hotspot/share/prims/jni.cpp, line 1362]
Event: 62.673 Thread 0x000001b051955000 Exception <a 'java/lang/NoSuchMethodError'{0x00000000889288b8}: <clinit>> (0x00000000889288b8) thrown at [./src/hotspot/share/prims/jni.cpp, line 1362]
Event: 62.676 Thread 0x000001b051955000 Exception <a 'java/lang/NoSuchMethodError'{0x000000008893c168}: <clinit>> (0x000000008893c168) thrown at [./src/hotspot/share/prims/jni.cpp, line 1362]
Event: 62.904 Thread 0x000001b0538d3800 Exception <a 'java/lang/ClassNotFoundException'{0x0000000088999a38}: build_a2gogfnxbzqhu7qxlxbz8yzmtBeanInfo> (0x0000000088999a38) thrown at [./src/hotspot/share/classfile/systemDictionary.cpp, line 231]
Event: 62.904 Thread 0x000001b0538d3800 Exception <a 'java/lang/ClassNotFoundException'{0x00000000889a4960}: build_a2gogfnxbzqhu7qxlxbz8yzmtCustomizer> (0x00000000889a4960) thrown at [./src/hotspot/share/classfile/systemDictionary.cpp, line 231]
Event: 62.922 Thread 0x000001b0538d3800 Exception <a 'java/lang/ClassNotFoundException'{0x00000000888255e8}: org/gradle/plugin/use/internal/PluginRequestCollector$PluginDependenciesSpecImplBeanInfo> (0x00000000888255e8) thrown at [./src/hotspot/share/classfile/systemDictionary.cpp, line 231]
Event: 62.924 Thread 0x000001b0538d3800 Exception <a 'java/lang/ClassNotFoundException'{0x0000000088853498}: org/gradle/plugin/use/internal/PluginRequestCollector$PluginDependenciesSpecImplCustomizer> (0x0000000088853498) thrown at [./src/hotspot/share/classfile/systemDictionary.cpp, line 231]
Event: 63.473 Thread 0x000001b0538d3800 Exception <a 'java/lang/ClassNotFoundException'{0x000000008853ac10}: org/gradle/api/internal/plugins/DefaultObjectConfigurationActionBeanInfo> (0x000000008853ac10) thrown at [./src/hotspot/share/classfile/systemDictionary.cpp, line 231]
Event: 63.475 Thread 0x000001b0538d3800 Exception <a 'java/lang/ClassNotFoundException'{0x000000008856e160}: org/gradle/api/internal/plugins/DefaultObjectConfigurationActionCustomizer> (0x000000008856e160) thrown at [./src/hotspot/share/classfile/systemDictionary.cpp, line 231]
Event: 65.743 Thread 0x000001b0538d3800 Exception <a 'java/lang/NoSuchMethodError'{0x0000000086f3e980}: 'java.lang.Object java.lang.invoke.DirectMethodHandle$Holder.invokeStatic(java.lang.Object, java.lang.Object, java.lang.Object, java.lang.Object, int)'> (0x0000000086f3e980) thrown at [./src/hotspot/share/interpreter/linkResolver.cpp, line 773]
Event: 65.743 Thread 0x000001b0538d3800 Exception <a 'java/lang/NoSuchMethodError'{0x0000000086f43378}: 'java.lang.Object java.lang.invoke.DirectMethodHandle$Holder.invokeSpecial(java.lang.Object, java.lang.Object, java.lang.Object, java.lang.Object, java.lang.Object, int)'> (0x0000000086f43378) thrown at [./src/hotspot/share/interpreter/linkResolver.cpp, line 773]
Event: 65.744 Thread 0x000001b0538d3800 Exception <a 'java/lang/NoSuchMethodError'{0x0000000086f479b8}: 'java.lang.Object java.lang.invoke.Invokers$Holder.linkToTargetMethod(java.lang.Object, java.lang.Object, java.lang.Object, int, java.lang.Object)'> (0x0000000086f479b8) thrown at [./src/hotspot/share/interpreter/linkResolver.cpp, line 773]
Event: 67.376 Thread 0x000001b0538d3800 Exception <a 'java/lang/NoSuchMethodError'{0x000000008d28e200}: 'java.lang.Object java.lang.invoke.DirectMethodHandle$Holder.invokeSpecial(java.lang.Object, java.lang.Object, int, int, java.lang.Object, java.lang.Object, java.lang.Object)'> (0x000000008d28e200) thrown at [./src/hotspot/share/interpreter/linkResolver.cpp, line 773]
Event: 67.376 Thread 0x000001b0538d3800 Exception <a 'java/lang/NoSuchMethodError'{0x000000008d292780}: 'java.lang.Object java.lang.invoke.DelegatingMethodHandle$Holder.reinvoke_L(java.lang.Object, int, int, java.lang.Object, java.lang.Object, java.lang.Object)'> (0x000000008d292780) thrown at [./src/hotspot/share/interpreter/linkResolver.cpp, line 773]
Event: 68.452 Thread 0x000001b0538d3800 Exception <a 'java/lang/NoSuchMethodError'{0x000000008c60eac0}: 'int java.lang.invoke.DirectMethodHandle$Holder.invokeInterface(java.lang.Object, java.lang.Object, java.lang.Object, java.lang.Object)'> (0x000000008c60eac0) thrown at [./src/hotspot/share/interpreter/linkResolver.cpp, line 773]
Event: 71.257 Thread 0x000001b0538d3800 Exception <a 'java/lang/NoSuchMethodError'{0x000000008b7e1910}: 'void java.lang.invoke.DirectMethodHandle$Holder.invokeInterface(java.lang.Object, java.lang.Object, java.lang.Object, java.lang.Object)'> (0x000000008b7e1910) thrown at [./src/hotspot/share/interpreter/linkResolver.cpp, line 773]
Event: 71.863 Thread 0x000001b0538d3800 Exception <a 'java/lang/IncompatibleClassChangeError'{0x000000008ae06358}: Found class java.lang.Object, but interface was expected> (0x000000008ae06358) thrown at [./src/hotspot/share/interpreter/linkResolver.cpp, line 839]
Event: 71.943 Thread 0x000001b0538d3800 Implicit null exception at 0x000001b04223bed4 to 0x000001b04223c0c8

Events (20 events):
Event: 72.313 loading class org/gradle/api/internal/ReflectiveNamedDomainObjectFactory
Event: 72.313 loading class org/gradle/api/internal/ReflectiveNamedDomainObjectFactory done
Event: 72.314 loading class org/gradle/api/internal/FactoryNamedDomainObjectContainer
Event: 72.314 loading class org/gradle/api/internal/FactoryNamedDomainObjectContainer done
Event: 72.323 loading class org/gradle/api/reflect/TypeOf$3
Event: 72.323 loading class org/gradle/api/reflect/TypeOf$3 done
Event: 72.326 loading class com/android/build/gradle/internal/variant/AbstractVariantInputManager$Companion
Event: 72.326 loading class com/android/build/gradle/internal/variant/AbstractVariantInputManager$Companion done
Event: 72.327 loading class com/android/builder/core/VariantTypeImpl
Event: 72.327 loading class com/android/builder/core/VariantTypeImpl done
Event: 72.328 loading class com/android/builder/core/VariantType
Event: 72.328 loading class com/android/builder/core/VariantType done
Event: 72.329 loading class com/google/wireless/android/sdk/stats/GradleBuildVariant$VariantType
Event: 72.329 loading class com/google/wireless/android/sdk/stats/GradleBuildVariant$VariantType done
Event: 72.340 loading class com/google/wireless/android/sdk/stats/GradleBuildVariant$VariantType$1
Event: 72.340 loading class com/google/wireless/android/sdk/stats/GradleBuildVariant$VariantType$1 done
Event: 72.341 loading class com/android/build/gradle/internal/dependency/SourceSetManager
Event: 72.341 loading class com/android/build/gradle/internal/dependency/SourceSetManager done
Event: 72.343 loading class com/android/build/gradle/internal/scope/DelayedActionsExecutor
Event: 72.343 loading class com/android/build/gradle/internal/scope/DelayedActionsExecutor done


Dynamic libraries:
0x00007ff6935a0000 - 0x00007ff6935aa000 	C:\Program Files\Android\Android Studio\jre\bin\java.exe
0x00007fff4cf10000 - 0x00007fff4d105000 	C:\WINDOWS\SYSTEM32\ntdll.dll
0x00007fff4bc70000 - 0x00007fff4bd2e000 	C:\WINDOWS\System32\KERNEL32.DLL
0x00007fff4a910000 - 0x00007fff4abd8000 	C:\WINDOWS\System32\KERNELBASE.dll
0x00007fff4abe0000 - 0x00007fff4ace0000 	C:\WINDOWS\System32\ucrtbase.dll
0x00007fff42f00000 - 0x00007fff42f17000 	C:\Program Files\Android\Android Studio\jre\bin\VCRUNTIME140.dll
0x00007fff42ee0000 - 0x00007fff42ef9000 	C:\Program Files\Android\Android Studio\jre\bin\jli.dll
0x00007fff4b010000 - 0x00007fff4b1b1000 	C:\WINDOWS\System32\USER32.dll
0x00007fff48d30000 - 0x00007fff48fca000 	C:\WINDOWS\WinSxS\amd64_microsoft.windows.common-controls_6595b64144ccf1df_6.0.19041.1110_none_60b5254171f9507e\COMCTL32.dll
0x00007fff4ace0000 - 0x00007fff4ad02000 	C:\WINDOWS\System32\win32u.dll
0x00007fff4bdb0000 - 0x00007fff4be4e000 	C:\WINDOWS\System32\msvcrt.dll
0x00007fff4be50000 - 0x00007fff4be7b000 	C:\WINDOWS\System32\GDI32.dll
0x00007fff4a800000 - 0x00007fff4a90b000 	C:\WINDOWS\System32\gdi32full.dll
0x00007fff4ae70000 - 0x00007fff4af0d000 	C:\WINDOWS\System32\msvcp_win.dll
0x00007fff4cea0000 - 0x00007fff4ced0000 	C:\WINDOWS\System32\IMM32.DLL
0x00007fff29050000 - 0x00007fff290ed000 	C:\Program Files\Android\Android Studio\jre\bin\msvcp140.dll
0x00007fff05140000 - 0x00007fff05c0f000 	C:\Program Files\Android\Android Studio\jre\bin\server\jvm.dll
0x00007fff4af60000 - 0x00007fff4b00c000 	C:\WINDOWS\System32\ADVAPI32.dll
0x00007fff4cb10000 - 0x00007fff4cbab000 	C:\WINDOWS\System32\sechost.dll
0x00007fff4c8a0000 - 0x00007fff4c9ca000 	C:\WINDOWS\System32\RPCRT4.dll
0x00007fff4cb00000 - 0x00007fff4cb08000 	C:\WINDOWS\System32\PSAPI.DLL
0x00007fff3d620000 - 0x00007fff3d629000 	C:\WINDOWS\SYSTEM32\WSOCK32.dll
0x00007fff4c700000 - 0x00007fff4c76b000 	C:\WINDOWS\System32\WS2_32.dll
0x00007fff40a50000 - 0x00007fff40a5a000 	C:\WINDOWS\SYSTEM32\VERSION.dll
0x00007fff40a60000 - 0x00007fff40a87000 	C:\WINDOWS\SYSTEM32\WINMM.dll
0x00007fff47e00000 - 0x00007fff47e12000 	C:\WINDOWS\SYSTEM32\kernel.appcore.dll
0x00007fff3d600000 - 0x00007fff3d611000 	C:\Program Files\Android\Android Studio\jre\bin\verify.dll
0x00007fff49fd0000 - 0x00007fff4a1b4000 	C:\WINDOWS\SYSTEM32\DBGHELP.DLL
0x00007fff49bd0000 - 0x00007fff49bfc000 	C:\WINDOWS\SYSTEM32\dbgcore.DLL
0x00007fff4a710000 - 0x00007fff4a793000 	C:\WINDOWS\System32\bcryptPrimitives.dll
0x00007fff3d5d0000 - 0x00007fff3d5f9000 	C:\Program Files\Android\Android Studio\jre\bin\java.dll
0x00007fff3d5c0000 - 0x00007fff3d5cb000 	C:\Program Files\Android\Android Studio\jre\bin\jimage.dll
0x00007fff3d5a0000 - 0x00007fff3d5b8000 	C:\Program Files\Android\Android Studio\jre\bin\zip.dll
0x00007fff4b1c0000 - 0x00007fff4b8ff000 	C:\WINDOWS\System32\SHELL32.dll
0x00007fff48110000 - 0x00007fff488a0000 	C:\WINDOWS\SYSTEM32\windows.storage.dll
0x00007fff4b910000 - 0x00007fff4bc65000 	C:\WINDOWS\System32\combase.dll
0x00007fff49c00000 - 0x00007fff49c2e000 	C:\WINDOWS\SYSTEM32\Wldp.dll
0x00007fff4c7d0000 - 0x00007fff4c87d000 	C:\WINDOWS\System32\SHCORE.dll
0x00007fff4c770000 - 0x00007fff4c7c5000 	C:\WINDOWS\System32\shlwapi.dll
0x00007fff4a570000 - 0x00007fff4a58f000 	C:\WINDOWS\SYSTEM32\profapi.dll
0x00007fff3d580000 - 0x00007fff3d59a000 	C:\Program Files\Android\Android Studio\jre\bin\net.dll
0x00007fff3d6f0000 - 0x00007fff3d7fc000 	C:\WINDOWS\SYSTEM32\WINHTTP.dll
0x00007fff49950000 - 0x00007fff499ba000 	C:\WINDOWS\system32\mswsock.dll
0x00007fff3d560000 - 0x00007fff3d574000 	C:\Program Files\Android\Android Studio\jre\bin\nio.dll
0x00007fff3d480000 - 0x00007fff3d4a7000 	C:\Users\jeffe\.gradle\native\8bec1ad78214c89d9ad589b4d07fe93259594b29d510b10fafb7a158f7737e5d\windows-amd64\native-platform.dll
0x00007fff003f0000 - 0x00007fff0052d000 	C:\Users\jeffe\.gradle\native\53dbd7edfb1c66fb8903c78663c9afc45aea4f116125fa6feffd364cf09443e8\windows-amd64\native-platform-file-events.dll
0x00007fff3d430000 - 0x00007fff3d43a000 	C:\Program Files\Android\Android Studio\jre\bin\management.dll
0x00007fff3d420000 - 0x00007fff3d42c000 	C:\Program Files\Android\Android Studio\jre\bin\management_ext.dll
0x00007fff4a2e0000 - 0x00007fff4a2f8000 	C:\WINDOWS\SYSTEM32\CRYPTSP.dll
0x00007fff492d0000 - 0x00007fff49304000 	C:\WINDOWS\system32\rsaenh.dll
0x00007fff4a6e0000 - 0x00007fff4a707000 	C:\WINDOWS\System32\bcrypt.dll
0x00007fff4a530000 - 0x00007fff4a55e000 	C:\WINDOWS\SYSTEM32\USERENV.dll
0x00007fff49b40000 - 0x00007fff49b4c000 	C:\WINDOWS\SYSTEM32\CRYPTBASE.dll
0x00007fff49640000 - 0x00007fff4967b000 	C:\WINDOWS\SYSTEM32\IPHLPAPI.DLL
0x00007fff4b900000 - 0x00007fff4b908000 	C:\WINDOWS\System32\NSI.dll
0x00007fff41670000 - 0x00007fff41687000 	C:\WINDOWS\SYSTEM32\dhcpcsvc6.DLL
0x00007fff41650000 - 0x00007fff4166d000 	C:\WINDOWS\SYSTEM32\dhcpcsvc.DLL
0x00007fff49680000 - 0x00007fff4974b000 	C:\WINDOWS\SYSTEM32\DNSAPI.dll

dbghelp: loaded successfully - version: 4.0.5 - missing functions: none
symbol engine: initialized successfully - sym options: 0x614 - pdb path: .;C:\Program Files\Android\Android Studio\jre\bin;C:\WINDOWS\SYSTEM32;C:\WINDOWS\WinSxS\amd64_microsoft.windows.common-controls_6595b64144ccf1df_6.0.19041.1110_none_60b5254171f9507e;C:\Program Files\Android\Android Studio\jre\bin\server;C:\Users\jeffe\.gradle\native\8bec1ad78214c89d9ad589b4d07fe93259594b29d510b10fafb7a158f7737e5d\windows-amd64;C:\Users\jeffe\.gradle\native\53dbd7edfb1c66fb8903c78663c9afc45aea4f116125fa6feffd364cf09443e8\windows-amd64

VM Arguments:
jvm_args: --add-opens=java.base/java.util=ALL-UNNAMED --add-opens=java.base/java.lang=ALL-UNNAMED --add-opens=java.base/java.lang.invoke=ALL-UNNAMED --add-opens=java.base/java.util=ALL-UNNAMED --add-opens=java.prefs/java.util.prefs=ALL-UNNAMED --add-opens=java.prefs/java.util.prefs=ALL-UNNAMED --add-opens=java.base/java.nio.charset=ALL-UNNAMED --add-opens=java.base/java.net=ALL-UNNAMED --add-opens=java.base/java.util.concurrent.atomic=ALL-UNNAMED -Xmx2048m -Dfile.encoding=UTF-8 -Duser.country=PH -Duser.language=en -Duser.variant 
java_command: org.gradle.launcher.daemon.bootstrap.GradleDaemon 7.0.2
java_class_path (initial): C:\Users\jeffe\.gradle\wrapper\dists\gradle-7.0.2-bin\857tjihv64xamwrf0h14cai3r\gradle-7.0.2\lib\gradle-launcher-7.0.2.jar
Launcher Type: SUN_STANDARD

[Global flags]
     intx CICompilerCount                          = 4                                         {product} {ergonomic}
     uint ConcGCThreads                            = 2                                         {product} {ergonomic}
     uint G1ConcRefinementThreads                  = 8                                         {product} {ergonomic}
   size_t G1HeapRegionSize                         = 1048576                                   {product} {ergonomic}
    uintx GCDrainStackTargetSize                   = 64                                        {product} {ergonomic}
   size_t InitialHeapSize                          = 234881024                                 {product} {ergonomic}
   size_t MarkStackSize                            = 4194304                                   {product} {ergonomic}
   size_t MaxHeapSize                              = 2147483648                                {product} {command line}
   size_t MaxNewSize                               = 1287651328                                {product} {ergonomic}
   size_t MinHeapDeltaBytes                        = 1048576                                   {product} {ergonomic}
    uintx NonNMethodCodeHeapSize                   = 5836300                                {pd product} {ergonomic}
    uintx NonProfiledCodeHeapSize                  = 122910970                              {pd product} {ergonomic}
    uintx ProfiledCodeHeapSize                     = 122910970                              {pd product} {ergonomic}
    uintx ReservedCodeCacheSize                    = 251658240                              {pd product} {ergonomic}
     bool SegmentedCodeCache                       = true                                      {product} {ergonomic}
     bool UseCompressedClassPointers               = true                                 {lp64_product} {ergonomic}
     bool UseCompressedOops                        = true                                 {lp64_product} {ergonomic}
     bool UseG1GC                                  = true                                      {product} {ergonomic}
     bool UseLargePagesIndividualAllocation        = false                                  {pd product} {ergonomic}

Logging:
Log output configuration:
 #0: stdout all=warning uptime,level,tags
 #1: stderr all=off uptime,level,tags

Environment Variables:
JAVA_HOME=C:\Program Files\Java\jdk-13.0.2
PATH=C:\Program Files (x86)\Razer Chroma SDK\bin;C:\Program Files\Razer Chroma SDK\bin;C:\Program Files (x86)\Razer\ChromaBroadcast\bin;C:\Program Files\Razer\ChromaBroadcast\bin;C:\WINDOWS\system32;C:\WINDOWS;C:\WINDOWS\System32\Wbem;C:\WINDOWS\System32\WindowsPowerShell\v1.0\;C:\WINDOWS\System32\OpenSSH\;C:\Program Files\Java\jdk-13.0.2\bin;C:\Program Files\MySQL\MySQL Server 5.5\bin;C:\WINDOWS\system32\config\systemprofile\AppData\Local\Microsoft\WindowsApps;C:\Users\jeffe\AppData\Local\Microsoft\WindowsApps;C:\Program Files\MySQL\MySQL Shell 8.0\bin\;C:\Users\jeffe\AppData\Local\Microsoft\WindowsApps;
USERNAME=jeffe
OS=Windows_NT
PROCESSOR_IDENTIFIER=AMD64 Family 23 Model 24 Stepping 1, AuthenticAMD



---------------  S Y S T E M  ---------------

OS: Windows 10 , 64 bit Build 19041 (10.0.19041.1320)
OS uptime: 1 days 6:46 hours

CPU:total 8 (initial active 8) (8 cores per cpu, 2 threads per core) family 23 model 24 stepping 1 microcode 0x0, cmov, cx8, fxsr, mmx, sse, sse2, sse3, ssse3, sse4.1, sse4.2, popcnt, avx, avx2, aes, clmul, mmxext, 3dnowpref, lzcnt, sse4a, ht, tsc, tscinvbit, tscinv, bmi1, bmi2, adx, s

Memory: 4k page, system-wide physical 14274M (5983M free)
TotalPageFile size 16450M (AvailPageFile size 5640M)
current process WorkingSet (physical memory assigned to process): 353M, peak: 353M
current process commit charge ("private bytes"): 447M, peak: 447M

vm_info: OpenJDK 64-Bit Server VM (11.0.10+0-b96-7249189) for windows-amd64 JRE (11.0.10+0-b96-7249189), built on Mar 31 2021 21:44:00 by "builder" with MS VC++ 14.0 (VS2015)

END.
