#
# A fatal error has been detected by the Java Runtime Environment:
#
#  EXCEPTION_ACCESS_VIOLATION (0xc0000005) at pc=0x00007fff89c60c88, pid=9344, tid=11568
#
# JRE version: Java(TM) SE Runtime Environment (13.0.2+8) (build 13.0.2+8)
# Java VM: Java HotSpot(TM) 64-Bit Server VM (13.0.2+8, mixed mode, sharing, tiered, compressed oops, g1 gc, windows-amd64)
# Problematic frame:
# V  [jvm.dll+0x360c88]
#
# No core dump will be written. Minidumps are not enabled by default on client versions of Windows
#
# If you would like to submit a bug report, please visit:
#   http://bugreport.java.com/bugreport/crash.jsp
#

---------------  S U M M A R Y ------------

Command Line: --add-opens=java.base/java.util=ALL-UNNAMED --add-opens=java.base/java.lang=ALL-UNNAMED --add-opens=java.base/java.lang.invoke=ALL-UNNAMED --add-opens=java.base/java.util=ALL-UNNAMED --add-opens=java.prefs/java.util.prefs=ALL-UNNAMED --add-opens=java.prefs/java.util.prefs=ALL-UNNAMED --add-opens=java.base/java.nio.charset=ALL-UNNAMED --add-opens=java.base/java.net=ALL-UNNAMED --add-opens=java.base/java.util.concurrent.atomic=ALL-UNNAMED -Xmx2048m -Dfile.encoding=UTF-8 -Duser.country=PH -Duser.language=en -Duser.variant org.gradle.launcher.daemon.bootstrap.GradleDaemon 7.3.2

Host: AMD Ryzen 5 3550H with Radeon Vega Mobile Gfx  , 8 cores, 13G,  Windows 10 , 64 bit Build 19041 (10.0.19041.1348)
Time: Mon Jan  3 21:16:20 2022 Malay Peninsula Standard Time elapsed time: 5 seconds (0d 0h 0m 5s)

---------------  T H R E A D  ---------------

Current thread (0x0000012f7c84a000):  JavaThread "C2 CompilerThread1" daemon [_thread_in_native, id=11568, stack(0x0000002c12800000,0x0000002c12900000)]


Current CompileTask:
C2:   5019 1982   !   4       java.net.URLClassLoader::findClass (47 bytes)

Stack: [0x0000002c12800000,0x0000002c12900000],  sp=0x0000002c128fb618,  free space=1005k
Native frames: (J=compiled Java code, j=interpreted, Vv=VM code, C=native code)
V  [jvm.dll+0x360c88]


siginfo: EXCEPTION_ACCESS_VIOLATION (0xc0000005), writing address 0x00007dff8a37ac00


Register to memory mapping:

RIP=0x00007fff89c60c88 jvm.dll
RAX=0x0000002c128fe060 is pointing into the stack for thread: 0x0000012f7c84a000
RBX=0x0000002c128fb810 is pointing into the stack for thread: 0x0000012f7c84a000
RCX=0x0000012f7ed649a0 points into unknown readable memory: c0 49 d6 7e 2f 01 00 00
RDX=0x0000002c128fed70 is pointing into the stack for thread: 0x0000012f7c84a000
RSP=0x0000002c128fb618 is pointing into the stack for thread: 0x0000012f7c84a000
RBP=0x0000000000000660 is an unknown value
RSI=0x0000012f0f07fcb0 points into unknown readable memory: 00 00 00 00 00 00 00 00
RDI=0x0000000000000025 is an unknown value
R8 =0x0000012f7b8f71b8 points into unknown readable memory: 00 a0 84 7c 2f 01 00 00
R9 =0x00007dff8a37ac00 is an unknown value
R10=0x0000000000000128 is an unknown value
R11=0x0000012f0f07fcb0 points into unknown readable memory: 00 00 00 00 00 00 00 00
R12=0x0 is NULL
R13=0x0000012f7adb80a0 points into unknown readable memory: a0 00 04 0f 2f 01 00 00
R14=0x0000000000000660 is an unknown value
R15=0x0000012f7ccfad40 points into unknown readable memory: 06 00 00 00 2f 01 00 00


Registers:
RAX=0x0000002c128fe060, RBX=0x0000002c128fb810, RCX=0x0000012f7ed649a0, RDX=0x0000002c128fed70
RSP=0x0000002c128fb618, RBP=0x0000000000000660, RSI=0x0000012f0f07fcb0, RDI=0x0000000000000025
R8 =0x0000012f7b8f71b8, R9 =0x00007dff8a37ac00, R10=0x0000000000000128, R11=0x0000012f0f07fcb0
R12=0x0000000000000000, R13=0x0000012f7adb80a0, R14=0x0000000000000660, R15=0x0000012f7ccfad40
RIP=0x00007fff89c60c88, EFLAGS=0x0000000000010206

Top of Stack: (sp=0x0000002c128fb618)
0x0000002c128fb618:   00007fff89e2a3b6 0000002c128fb810
0x0000002c128fb628:   0000002c128fb810 0000002c128fb810
0x0000002c128fb638:   0000002c128fb670 00000000000005c0
0x0000002c128fb648:   0000012f7ccfad40 0000012f7adb80a0
0x0000002c128fb658:   0000000000349038 0000012f7adb80f0
0x0000002c128fb668:   0000012f7adc0088 00007fff8a1c8c68
0x0000002c128fb678:   0000012f7ccfad40 0000000000000080
0x0000002c128fb688:   0000012f7e839e10 0000002c128fb7a0
0x0000002c128fb698:   0000012f7d0a5e50 0000012f7d0a5e60
0x0000002c128fb6a8:   00000000000003d8 0000012f7d0a6238
0x0000002c128fb6b8:   0000000000000000 0000002c128fbc20
0x0000002c128fb6c8:   0000002c128fb7e0 0000002c128fbb40
0x0000002c128fb6d8:   00007fff89a9f115 0000002c00000000
0x0000002c128fb6e8:   0000002c00000001 0000012f7b327c40
0x0000002c128fb6f8:   0000012f7c0ee228 000000000000e900
0x0000002c128fb708:   0000000000000000 0000002c00000006 

Instructions: (pc=0x00007fff89c60c88)
0x00007fff89c60b88:   89 41 18 41 89 51 08 e8 dc 12 e4 ff eb 92 cc cc
0x00007fff89c60b98:   cc cc cc cc cc cc cc cc 40 53 48 83 ec 20 8b 0d
0x00007fff89c60ba8:   e8 4b 76 00 65 48 8b 04 25 58 00 00 00 ba 08 00
0x00007fff89c60bb8:   00 00 48 8b 04 c8 48 8b 0c 10 48 8b 81 a8 04 00
0x00007fff89c60bc8:   00 48 8b 98 88 00 00 00 48 8b 83 a0 08 00 00 48
0x00007fff89c60bd8:   85 c0 75 0c e8 df 09 00 00 48 8b 83 a0 08 00 00
0x00007fff89c60be8:   48 8b 08 48 89 8b a0 08 00 00 33 c9 48 89 08 48
0x00007fff89c60bf8:   89 48 08 48 89 48 10 48 89 48 18 48 83 c4 20 5b
0x00007fff89c60c08:   c3 cc cc cc cc cc cc cc 48 89 5c 24 08 57 48 83
0x00007fff89c60c18:   ec 20 8b da 48 8b f9 e8 7c ff ff ff 48 8b 4f 08
0x00007fff89c60c28:   8b d3 48 8b 5c 24 30 48 c1 ea 08 48 89 04 d1 48
0x00007fff89c60c38:   83 c4 20 5f c3 cc cc cc 4c 8b d9 8b c2 8b 15 49
0x00007fff89c60c48:   4b 76 00 4c 8d 14 c5 00 00 00 00 48 8b 41 08 b9
0x00007fff89c60c58:   08 00 00 00 4d 8b 0c 02 65 48 8b 04 25 58 00 00
0x00007fff89c60c68:   00 4c 8b 04 d0 4c 03 c1 49 8b 00 48 8b 90 a8 04
0x00007fff89c60c78:   00 00 48 8b 82 88 00 00 00 48 8b 88 a0 08 00 00
0x00007fff89c60c88:   49 89 09 49 8b 00 48 8b 88 a8 04 00 00 48 8b 81
0x00007fff89c60c98:   88 00 00 00 48 8d 0d 5d 9f 71 00 4c 89 88 a0 08
0x00007fff89c60ca8:   00 00 49 8b 43 08 49 89 0c 02 c3 cc cc cc cc cc
0x00007fff89c60cb8:   cc cc cc cc cc cc cc cc 48 89 5c 24 18 57 48 83
0x00007fff89c60cc8:   ec 20 81 c2 ff 00 00 00 33 db c1 ea 08 48 8b f9
0x00007fff89c60cd8:   89 19 89 91 90 00 00 00 83 fa 10 77 09 48 83 c1
0x00007fff89c60ce8:   10 e9 92 00 00 00 8b 0d a0 4a 76 00 65 48 8b 04
0x00007fff89c60cf8:   25 58 00 00 00 48 89 6c 24 30 41 b8 08 00 00 00
0x00007fff89c60d08:   48 89 74 24 38 48 8b 04 c8 8b ea 48 c1 e5 03 4a
0x00007fff89c60d18:   8b 0c 00 48 8b 81 a8 04 00 00 48 8b 88 88 00 00
0x00007fff89c60d28:   00 48 8b c5 48 f7 d0 48 8b b1 98 08 00 00 48 8b
0x00007fff89c60d38:   4e 18 48 3b c1 73 16 4c 8d 05 92 2c 4d 00 48 8b
0x00007fff89c60d48:   d5 48 8b ce e8 0f 19 d6 ff 48 8b 4e 18 48 8d 04
0x00007fff89c60d58:   29 48 3b 46 20 76 13 45 33 c0 48 8b d5 48 8b ce
0x00007fff89c60d68:   e8 23 16 d6 ff 48 8b c8 eb 04 48 89 46 18 48 8b
0x00007fff89c60d78:   6c 24 30 48 8b 74 24 38 48 89 4f 08 39 9f 90 00 


Stack slot to memory mapping:
stack at sp + 0 slots: 0x00007fff89e2a3b6 jvm.dll
stack at sp + 1 slots: 0x0000002c128fb810 is pointing into the stack for thread: 0x0000012f7c84a000
stack at sp + 2 slots: 0x0000002c128fb810 is pointing into the stack for thread: 0x0000012f7c84a000
stack at sp + 3 slots: 0x0000002c128fb810 is pointing into the stack for thread: 0x0000012f7c84a000
stack at sp + 4 slots: 0x0000002c128fb670 is pointing into the stack for thread: 0x0000012f7c84a000
stack at sp + 5 slots: 0x00000000000005c0 is an unknown value
stack at sp + 6 slots: 0x0000012f7ccfad40 points into unknown readable memory: 06 00 00 00 2f 01 00 00
stack at sp + 7 slots: 0x0000012f7adb80a0 points into unknown readable memory: a0 00 04 0f 2f 01 00 00


---------------  P R O C E S S  ---------------

Threads class SMR info:
_java_thread_list=0x0000012f7ba69c90, length=29, elements={
0x0000012f6a02d800, 0x0000012f7a0a6800, 0x0000012f7a0ab000, 0x0000012f7a0ad800,
0x0000012f7a8c1000, 0x0000012f7a8c4800, 0x0000012f7a8cb000, 0x0000012f7a8cc000,
0x0000012f7aa09800, 0x0000012f7aa0e800, 0x0000012f7c7e9800, 0x0000012f7bfec800,
0x0000012f7be9d800, 0x0000012f7c95f800, 0x0000012f7c643000, 0x0000012f7ca43800,
0x0000012f7cc06000, 0x0000012f7c89c800, 0x0000012f7b9e6000, 0x0000012f7c3ee800,
0x0000012f7ce45800, 0x0000012f7ce44000, 0x0000012f7ce48000, 0x0000012f7c84a000,
0x0000012f7ce45000, 0x0000012f7e8fe000, 0x0000012f7ce49000, 0x0000012f7ce43800,
0x0000012f7ce4a000
}

Java Threads: ( => current thread )
  0x0000012f6a02d800 JavaThread "main" [_thread_blocked, id=13124, stack(0x0000002c10300000,0x0000002c10400000)]
  0x0000012f7a0a6800 JavaThread "Reference Handler" daemon [_thread_blocked, id=21828, stack(0x0000002c10a00000,0x0000002c10b00000)]
  0x0000012f7a0ab000 JavaThread "Finalizer" daemon [_thread_blocked, id=20508, stack(0x0000002c10b00000,0x0000002c10c00000)]
  0x0000012f7a0ad800 JavaThread "Signal Dispatcher" daemon [_thread_blocked, id=13060, stack(0x0000002c10c00000,0x0000002c10d00000)]
  0x0000012f7a8c1000 JavaThread "Attach Listener" daemon [_thread_blocked, id=8184, stack(0x0000002c10d00000,0x0000002c10e00000)]
  0x0000012f7a8c4800 JavaThread "C2 CompilerThread0" daemon [_thread_blocked, id=22984, stack(0x0000002c10e00000,0x0000002c10f00000)]
  0x0000012f7a8cb000 JavaThread "C1 CompilerThread0" daemon [_thread_blocked, id=11852, stack(0x0000002c10f00000,0x0000002c11000000)]
  0x0000012f7a8cc000 JavaThread "Sweeper thread" daemon [_thread_blocked, id=23204, stack(0x0000002c11000000,0x0000002c11100000)]
  0x0000012f7aa09800 JavaThread "Common-Cleaner" daemon [_thread_blocked, id=20196, stack(0x0000002c11100000,0x0000002c11200000)]
  0x0000012f7aa0e800 JavaThread "Service Thread" daemon [_thread_blocked, id=14588, stack(0x0000002c11200000,0x0000002c11300000)]
  0x0000012f7c7e9800 JavaThread "Daemon health stats" [_thread_blocked, id=9764, stack(0x0000002c11500000,0x0000002c11600000)]
  0x0000012f7bfec800 JavaThread "Incoming local TCP Connector on port 62067" [_thread_in_native, id=12484, stack(0x0000002c11400000,0x0000002c11500000)]
  0x0000012f7be9d800 JavaThread "Daemon periodic checks" [_thread_blocked, id=22580, stack(0x0000002c11a00000,0x0000002c11b00000)]
  0x0000012f7c95f800 JavaThread "Daemon" [_thread_blocked, id=12920, stack(0x0000002c11b00000,0x0000002c11c00000)]
  0x0000012f7c643000 JavaThread "Handler for socket connection from /127.0.0.1:62067 to /127.0.0.1:62068" [_thread_in_native, id=16232, stack(0x0000002c11c00000,0x0000002c11d00000)]
  0x0000012f7ca43800 JavaThread "Cancel handler" [_thread_blocked, id=15800, stack(0x0000002c11d00000,0x0000002c11e00000)]
  0x0000012f7cc06000 JavaThread "Daemon worker" [_thread_in_vm, id=20392, stack(0x0000002c11e00000,0x0000002c11f00000)]
  0x0000012f7c89c800 JavaThread "Asynchronous log dispatcher for DefaultDaemonConnection: socket connection from /127.0.0.1:62067 to /127.0.0.1:62068" [_thread_blocked, id=4328, stack(0x0000002c11f00000,0x0000002c12000000)]
  0x0000012f7b9e6000 JavaThread "Stdin handler" [_thread_blocked, id=12988, stack(0x0000002c12000000,0x0000002c12100000)]
  0x0000012f7c3ee800 JavaThread "Daemon client event forwarder" [_thread_blocked, id=12340, stack(0x0000002c12100000,0x0000002c12200000)]
  0x0000012f7ce45800 JavaThread "Cache worker for journal cache (C:\Users\jeffe\.gradle\caches\journal-1)" [_thread_blocked, id=3936, stack(0x0000002c12200000,0x0000002c12300000)]
  0x0000012f7ce44000 JavaThread "File lock request listener" [_thread_in_native, id=16208, stack(0x0000002c12300000,0x0000002c12400000)]
  0x0000012f7ce48000 JavaThread "Cache worker for file hash cache (C:\Users\jeffe\.gradle\caches\7.3.2\fileHashes)" [_thread_blocked, id=16104, stack(0x0000002c12400000,0x0000002c12500000)]
=>0x0000012f7c84a000 JavaThread "C2 CompilerThread1" daemon [_thread_in_native, id=11568, stack(0x0000002c12800000,0x0000002c12900000)]
  0x0000012f7ce45000 JavaThread "Cache worker for file hash cache (C:\Users\jeffe\AndroidStudioProjects\FirstAidKit3\.gradle\7.3.2\fileHashes)" [_thread_blocked, id=7644, stack(0x0000002c12900000,0x0000002c12a00000)]
  0x0000012f7e8fe000 JavaThread "C2 CompilerThread2" daemon [_thread_in_native, id=13948, stack(0x0000002c12a00000,0x0000002c12b00000)]
  0x0000012f7ce49000 JavaThread "File watcher server" daemon [_thread_in_native, id=10896, stack(0x0000002c12b00000,0x0000002c12c00000)]
  0x0000012f7ce43800 JavaThread "File watcher consumer" daemon [_thread_blocked, id=12480, stack(0x0000002c12c00000,0x0000002c12d00000)]
  0x0000012f7ce4a000 JavaThread "Cache worker for checksums cache (C:\Users\jeffe\AndroidStudioProjects\FirstAidKit3\.gradle\7.3.2\checksums)" [_thread_blocked, id=6584, stack(0x0000002c12d00000,0x0000002c12e00000)]

Other Threads:
  0x0000012f7a0a4000 VMThread "VM Thread" [stack: 0x0000002c10900000,0x0000002c10a00000] [id=17596]
  0x0000012f7aa20000 WatcherThread [stack: 0x0000002c11300000,0x0000002c11400000] [id=21792]
  0x0000012f6a06f800 GCTaskThread "GC Thread#0" [stack: 0x0000002c10400000,0x0000002c10500000] [id=18848]
  0x0000012f7ba64000 GCTaskThread "GC Thread#1" [stack: 0x0000002c11600000,0x0000002c11700000] [id=11868]
  0x0000012f7ba62800 GCTaskThread "GC Thread#2" [stack: 0x0000002c11700000,0x0000002c11800000] [id=11024]
  0x0000012f7ba63800 GCTaskThread "GC Thread#3" [stack: 0x0000002c11800000,0x0000002c11900000] [id=16292]
  0x0000012f7ba64800 GCTaskThread "GC Thread#4" [stack: 0x0000002c11900000,0x0000002c11a00000] [id=1620]
  0x0000012f7ba66000 GCTaskThread "GC Thread#5" [stack: 0x0000002c12500000,0x0000002c12600000] [id=18840]
  0x0000012f7ba60000 GCTaskThread "GC Thread#6" [stack: 0x0000002c12600000,0x0000002c12700000] [id=14108]
  0x0000012f7ba66800 GCTaskThread "GC Thread#7" [stack: 0x0000002c12700000,0x0000002c12800000] [id=12296]
  0x0000012f6a082000 ConcurrentGCThread "G1 Main Marker" [stack: 0x0000002c10500000,0x0000002c10600000] [id=12608]
  0x0000012f6a086800 ConcurrentGCThread "G1 Conc#0" [stack: 0x0000002c10600000,0x0000002c10700000] [id=15904]
  0x0000012f79f13000 ConcurrentGCThread "G1 Refine#0" [stack: 0x0000002c10700000,0x0000002c10800000] [id=9404]
  0x0000012f79f14000 ConcurrentGCThread "G1 Young RemSet Sampling" [stack: 0x0000002c10800000,0x0000002c10900000] [id=10108]

Threads with active compile tasks:
C2 CompilerThread1     5055 1982   !   4       java.net.URLClassLoader::findClass (47 bytes)
C2 CompilerThread2     5056 2289   !   4       java.net.URL::<init> (543 bytes)

VM state:not at safepoint (normal execution)

VM Mutex/Monitor currently owned by a thread: None

Heap address: 0x0000000080000000, size: 2048 MB, Compressed Oops mode: 32-bit
Narrow klass base: 0x0000000800000000, Narrow klass shift: 3
Compressed class space size: 1073741824 Address: 0x0000000800b40000

Heap:
 garbage-first heap   total 229376K, used 55835K [0x0000000080000000, 0x0000000100000000)
  region size 1024K, 50 young (51200K), 12 survivors (12288K)
 Metaspace       used 19468K, capacity 20061K, committed 20224K, reserved 1067008K
  class space    used 2879K, capacity 3069K, committed 3072K, reserved 1048576K
Heap Regions: E=young(eden), S=young(survivor), O=old, HS=humongous(starts), HC=humongous(continues), CS=collection set, F=free, A=archive, TAMS=top-at-mark-start (previous, next)
|   0|0x0000000080000000, 0x0000000080000000, 0x0000000080100000|  0%| F|  |TAMS 0x0000000080000000, 0x0000000080000000| Untracked 
|   1|0x0000000080100000, 0x0000000080100000, 0x0000000080200000|  0%| F|  |TAMS 0x0000000080100000, 0x0000000080100000| Untracked 
|   2|0x0000000080200000, 0x0000000080200000, 0x0000000080300000|  0%| F|  |TAMS 0x0000000080200000, 0x0000000080200000| Untracked 
|   3|0x0000000080300000, 0x0000000080400000, 0x0000000080400000|100%|HS|  |TAMS 0x0000000080300000, 0x0000000080300000| Complete 
|   4|0x0000000080400000, 0x0000000080500000, 0x0000000080500000|100%|HC|  |TAMS 0x0000000080400000, 0x0000000080400000| Complete 
|   5|0x0000000080500000, 0x0000000080600000, 0x0000000080600000|100%|HC|  |TAMS 0x0000000080500000, 0x0000000080500000| Complete 
|   6|0x0000000080600000, 0x0000000080700000, 0x0000000080700000|100%| O|  |TAMS 0x0000000080600000, 0x0000000080600000| Untracked 
|   7|0x0000000080700000, 0x0000000080800000, 0x0000000080800000|100%| O|  |TAMS 0x0000000080700000, 0x0000000080700000| Untracked 
|   8|0x0000000080800000, 0x0000000080900000, 0x0000000080900000|100%| O|  |TAMS 0x0000000080800000, 0x0000000080800000| Untracked 
|   9|0x0000000080900000, 0x0000000080913a00, 0x0000000080a00000|  7%| O|  |TAMS 0x0000000080900000, 0x0000000080900000| Untracked 
|  10|0x0000000080a00000, 0x0000000080a00000, 0x0000000080b00000|  0%| F|  |TAMS 0x0000000080a00000, 0x0000000080a00000| Untracked 
|  11|0x0000000080b00000, 0x0000000080b00000, 0x0000000080c00000|  0%| F|  |TAMS 0x0000000080b00000, 0x0000000080b00000| Untracked 
|  12|0x0000000080c00000, 0x0000000080c00000, 0x0000000080d00000|  0%| F|  |TAMS 0x0000000080c00000, 0x0000000080c00000| Untracked 
|  13|0x0000000080d00000, 0x0000000080d00000, 0x0000000080e00000|  0%| F|  |TAMS 0x0000000080d00000, 0x0000000080d00000| Untracked 
|  14|0x0000000080e00000, 0x0000000080e00000, 0x0000000080f00000|  0%| F|  |TAMS 0x0000000080e00000, 0x0000000080e00000| Untracked 
|  15|0x0000000080f00000, 0x0000000080f00000, 0x0000000081000000|  0%| F|  |TAMS 0x0000000080f00000, 0x0000000080f00000| Untracked 
|  16|0x0000000081000000, 0x0000000081000000, 0x0000000081100000|  0%| F|  |TAMS 0x0000000081000000, 0x0000000081000000| Untracked 
|  17|0x0000000081100000, 0x0000000081100000, 0x0000000081200000|  0%| F|  |TAMS 0x0000000081100000, 0x0000000081100000| Untracked 
|  18|0x0000000081200000, 0x0000000081200000, 0x0000000081300000|  0%| F|  |TAMS 0x0000000081200000, 0x0000000081200000| Untracked 
|  19|0x0000000081300000, 0x0000000081300000, 0x0000000081400000|  0%| F|  |TAMS 0x0000000081300000, 0x0000000081300000| Untracked 
|  20|0x0000000081400000, 0x0000000081400000, 0x0000000081500000|  0%| F|  |TAMS 0x0000000081400000, 0x0000000081400000| Untracked 
|  21|0x0000000081500000, 0x0000000081500000, 0x0000000081600000|  0%| F|  |TAMS 0x0000000081500000, 0x0000000081500000| Untracked 
|  22|0x0000000081600000, 0x0000000081600000, 0x0000000081700000|  0%| F|  |TAMS 0x0000000081600000, 0x0000000081600000| Untracked 
|  23|0x0000000081700000, 0x0000000081700000, 0x0000000081800000|  0%| F|  |TAMS 0x0000000081700000, 0x0000000081700000| Untracked 
|  24|0x0000000081800000, 0x0000000081800000, 0x0000000081900000|  0%| F|  |TAMS 0x0000000081800000, 0x0000000081800000| Untracked 
|  25|0x0000000081900000, 0x0000000081900000, 0x0000000081a00000|  0%| F|  |TAMS 0x0000000081900000, 0x0000000081900000| Untracked 
|  26|0x0000000081a00000, 0x0000000081a00000, 0x0000000081b00000|  0%| F|  |TAMS 0x0000000081a00000, 0x0000000081a00000| Untracked 
|  27|0x0000000081b00000, 0x0000000081b00000, 0x0000000081c00000|  0%| F|  |TAMS 0x0000000081b00000, 0x0000000081b00000| Untracked 
|  28|0x0000000081c00000, 0x0000000081c00000, 0x0000000081d00000|  0%| F|  |TAMS 0x0000000081c00000, 0x0000000081c00000| Untracked 
|  29|0x0000000081d00000, 0x0000000081d00000, 0x0000000081e00000|  0%| F|  |TAMS 0x0000000081d00000, 0x0000000081d00000| Untracked 
|  30|0x0000000081e00000, 0x0000000081e00000, 0x0000000081f00000|  0%| F|  |TAMS 0x0000000081e00000, 0x0000000081e00000| Untracked 
|  31|0x0000000081f00000, 0x0000000081f00000, 0x0000000082000000|  0%| F|  |TAMS 0x0000000081f00000, 0x0000000081f00000| Untracked 
|  32|0x0000000082000000, 0x0000000082000000, 0x0000000082100000|  0%| F|  |TAMS 0x0000000082000000, 0x0000000082000000| Untracked 
|  33|0x0000000082100000, 0x0000000082100000, 0x0000000082200000|  0%| F|  |TAMS 0x0000000082100000, 0x0000000082100000| Untracked 
|  34|0x0000000082200000, 0x0000000082200000, 0x0000000082300000|  0%| F|  |TAMS 0x0000000082200000, 0x0000000082200000| Untracked 
|  35|0x0000000082300000, 0x0000000082300000, 0x0000000082400000|  0%| F|  |TAMS 0x0000000082300000, 0x0000000082300000| Untracked 
|  36|0x0000000082400000, 0x0000000082400000, 0x0000000082500000|  0%| F|  |TAMS 0x0000000082400000, 0x0000000082400000| Untracked 
|  37|0x0000000082500000, 0x0000000082500000, 0x0000000082600000|  0%| F|  |TAMS 0x0000000082500000, 0x0000000082500000| Untracked 
|  38|0x0000000082600000, 0x0000000082600000, 0x0000000082700000|  0%| F|  |TAMS 0x0000000082600000, 0x0000000082600000| Untracked 
|  39|0x0000000082700000, 0x0000000082700000, 0x0000000082800000|  0%| F|  |TAMS 0x0000000082700000, 0x0000000082700000| Untracked 
|  40|0x0000000082800000, 0x0000000082800000, 0x0000000082900000|  0%| F|  |TAMS 0x0000000082800000, 0x0000000082800000| Untracked 
|  41|0x0000000082900000, 0x0000000082900000, 0x0000000082a00000|  0%| F|  |TAMS 0x0000000082900000, 0x0000000082900000| Untracked 
|  42|0x0000000082a00000, 0x0000000082a00000, 0x0000000082b00000|  0%| F|  |TAMS 0x0000000082a00000, 0x0000000082a00000| Untracked 
|  43|0x0000000082b00000, 0x0000000082b00000, 0x0000000082c00000|  0%| F|  |TAMS 0x0000000082b00000, 0x0000000082b00000| Untracked 
|  44|0x0000000082c00000, 0x0000000082c00000, 0x0000000082d00000|  0%| F|  |TAMS 0x0000000082c00000, 0x0000000082c00000| Untracked 
|  45|0x0000000082d00000, 0x0000000082d00000, 0x0000000082e00000|  0%| F|  |TAMS 0x0000000082d00000, 0x0000000082d00000| Untracked 
|  46|0x0000000082e00000, 0x0000000082e00000, 0x0000000082f00000|  0%| F|  |TAMS 0x0000000082e00000, 0x0000000082e00000| Untracked 
|  47|0x0000000082f00000, 0x0000000082f00000, 0x0000000083000000|  0%| F|  |TAMS 0x0000000082f00000, 0x0000000082f00000| Untracked 
|  48|0x0000000083000000, 0x0000000083000000, 0x0000000083100000|  0%| F|  |TAMS 0x0000000083000000, 0x0000000083000000| Untracked 
|  49|0x0000000083100000, 0x0000000083100000, 0x0000000083200000|  0%| F|  |TAMS 0x0000000083100000, 0x0000000083100000| Untracked 
|  50|0x0000000083200000, 0x0000000083200000, 0x0000000083300000|  0%| F|  |TAMS 0x0000000083200000, 0x0000000083200000| Untracked 
|  51|0x0000000083300000, 0x0000000083300000, 0x0000000083400000|  0%| F|  |TAMS 0x0000000083300000, 0x0000000083300000| Untracked 
|  52|0x0000000083400000, 0x0000000083400000, 0x0000000083500000|  0%| F|  |TAMS 0x0000000083400000, 0x0000000083400000| Untracked 
|  53|0x0000000083500000, 0x0000000083500000, 0x0000000083600000|  0%| F|  |TAMS 0x0000000083500000, 0x0000000083500000| Untracked 
|  54|0x0000000083600000, 0x0000000083600000, 0x0000000083700000|  0%| F|  |TAMS 0x0000000083600000, 0x0000000083600000| Untracked 
|  55|0x0000000083700000, 0x0000000083700000, 0x0000000083800000|  0%| F|  |TAMS 0x0000000083700000, 0x0000000083700000| Untracked 
|  56|0x0000000083800000, 0x0000000083800000, 0x0000000083900000|  0%| F|  |TAMS 0x0000000083800000, 0x0000000083800000| Untracked 
|  57|0x0000000083900000, 0x0000000083900000, 0x0000000083a00000|  0%| F|  |TAMS 0x0000000083900000, 0x0000000083900000| Untracked 
|  58|0x0000000083a00000, 0x0000000083a00000, 0x0000000083b00000|  0%| F|  |TAMS 0x0000000083a00000, 0x0000000083a00000| Untracked 
|  59|0x0000000083b00000, 0x0000000083b00000, 0x0000000083c00000|  0%| F|  |TAMS 0x0000000083b00000, 0x0000000083b00000| Untracked 
|  60|0x0000000083c00000, 0x0000000083c00000, 0x0000000083d00000|  0%| F|  |TAMS 0x0000000083c00000, 0x0000000083c00000| Untracked 
|  61|0x0000000083d00000, 0x0000000083d00000, 0x0000000083e00000|  0%| F|  |TAMS 0x0000000083d00000, 0x0000000083d00000| Untracked 
|  62|0x0000000083e00000, 0x0000000083e00000, 0x0000000083f00000|  0%| F|  |TAMS 0x0000000083e00000, 0x0000000083e00000| Untracked 
|  63|0x0000000083f00000, 0x0000000083f00000, 0x0000000084000000|  0%| F|  |TAMS 0x0000000083f00000, 0x0000000083f00000| Untracked 
|  64|0x0000000084000000, 0x0000000084000000, 0x0000000084100000|  0%| F|  |TAMS 0x0000000084000000, 0x0000000084000000| Untracked 
|  65|0x0000000084100000, 0x0000000084100000, 0x0000000084200000|  0%| F|  |TAMS 0x0000000084100000, 0x0000000084100000| Untracked 
|  66|0x0000000084200000, 0x0000000084200000, 0x0000000084300000|  0%| F|  |TAMS 0x0000000084200000, 0x0000000084200000| Untracked 
|  67|0x0000000084300000, 0x0000000084300000, 0x0000000084400000|  0%| F|  |TAMS 0x0000000084300000, 0x0000000084300000| Untracked 
|  68|0x0000000084400000, 0x0000000084400000, 0x0000000084500000|  0%| F|  |TAMS 0x0000000084400000, 0x0000000084400000| Untracked 
|  69|0x0000000084500000, 0x0000000084500000, 0x0000000084600000|  0%| F|  |TAMS 0x0000000084500000, 0x0000000084500000| Untracked 
|  70|0x0000000084600000, 0x0000000084600000, 0x0000000084700000|  0%| F|  |TAMS 0x0000000084600000, 0x0000000084600000| Untracked 
|  71|0x0000000084700000, 0x0000000084700000, 0x0000000084800000|  0%| F|  |TAMS 0x0000000084700000, 0x0000000084700000| Untracked 
|  72|0x0000000084800000, 0x0000000084800000, 0x0000000084900000|  0%| F|  |TAMS 0x0000000084800000, 0x0000000084800000| Untracked 
|  73|0x0000000084900000, 0x0000000084900000, 0x0000000084a00000|  0%| F|  |TAMS 0x0000000084900000, 0x0000000084900000| Untracked 
|  74|0x0000000084a00000, 0x0000000084a00000, 0x0000000084b00000|  0%| F|  |TAMS 0x0000000084a00000, 0x0000000084a00000| Untracked 
|  75|0x0000000084b00000, 0x0000000084b00000, 0x0000000084c00000|  0%| F|  |TAMS 0x0000000084b00000, 0x0000000084b00000| Untracked 
|  76|0x0000000084c00000, 0x0000000084c00000, 0x0000000084d00000|  0%| F|  |TAMS 0x0000000084c00000, 0x0000000084c00000| Untracked 
|  77|0x0000000084d00000, 0x0000000084d00000, 0x0000000084e00000|  0%| F|  |TAMS 0x0000000084d00000, 0x0000000084d00000| Untracked 
|  78|0x0000000084e00000, 0x0000000084e73280, 0x0000000084f00000| 44%| S|CS|TAMS 0x0000000084e00000, 0x0000000084e00000| Complete 
|  79|0x0000000084f00000, 0x0000000085000000, 0x0000000085000000|100%| S|CS|TAMS 0x0000000084f00000, 0x0000000084f00000| Complete 
|  80|0x0000000085000000, 0x0000000085100000, 0x0000000085100000|100%| S|CS|TAMS 0x0000000085000000, 0x0000000085000000| Complete 
|  81|0x0000000085100000, 0x0000000085200000, 0x0000000085200000|100%| S|CS|TAMS 0x0000000085100000, 0x0000000085100000| Complete 
|  82|0x0000000085200000, 0x0000000085300000, 0x0000000085300000|100%| S|CS|TAMS 0x0000000085200000, 0x0000000085200000| Complete 
|  83|0x0000000085300000, 0x0000000085400000, 0x0000000085400000|100%| S|CS|TAMS 0x0000000085300000, 0x0000000085300000| Complete 
|  84|0x0000000085400000, 0x0000000085500000, 0x0000000085500000|100%| S|CS|TAMS 0x0000000085400000, 0x0000000085400000| Complete 
|  85|0x0000000085500000, 0x0000000085600000, 0x0000000085600000|100%| S|CS|TAMS 0x0000000085500000, 0x0000000085500000| Complete 
|  86|0x0000000085600000, 0x0000000085700000, 0x0000000085700000|100%| S|CS|TAMS 0x0000000085600000, 0x0000000085600000| Complete 
|  87|0x0000000085700000, 0x0000000085800000, 0x0000000085800000|100%| S|CS|TAMS 0x0000000085700000, 0x0000000085700000| Complete 
|  88|0x0000000085800000, 0x0000000085900000, 0x0000000085900000|100%| S|CS|TAMS 0x0000000085800000, 0x0000000085800000| Complete 
|  89|0x0000000085900000, 0x0000000085a00000, 0x0000000085a00000|100%| S|CS|TAMS 0x0000000085900000, 0x0000000085900000| Complete 
|  90|0x0000000085a00000, 0x0000000085a00000, 0x0000000085b00000|  0%| F|  |TAMS 0x0000000085a00000, 0x0000000085a00000| Untracked 
|  91|0x0000000085b00000, 0x0000000085b00000, 0x0000000085c00000|  0%| F|  |TAMS 0x0000000085b00000, 0x0000000085b00000| Untracked 
|  92|0x0000000085c00000, 0x0000000085c00000, 0x0000000085d00000|  0%| F|  |TAMS 0x0000000085c00000, 0x0000000085c00000| Untracked 
|  93|0x0000000085d00000, 0x0000000085d00000, 0x0000000085e00000|  0%| F|  |TAMS 0x0000000085d00000, 0x0000000085d00000| Untracked 
|  94|0x0000000085e00000, 0x0000000085e00000, 0x0000000085f00000|  0%| F|  |TAMS 0x0000000085e00000, 0x0000000085e00000| Untracked 
|  95|0x0000000085f00000, 0x0000000085f00000, 0x0000000086000000|  0%| F|  |TAMS 0x0000000085f00000, 0x0000000085f00000| Untracked 
|  96|0x0000000086000000, 0x0000000086000000, 0x0000000086100000|  0%| F|  |TAMS 0x0000000086000000, 0x0000000086000000| Untracked 
|  97|0x0000000086100000, 0x0000000086100000, 0x0000000086200000|  0%| F|  |TAMS 0x0000000086100000, 0x0000000086100000| Untracked 
|  98|0x0000000086200000, 0x0000000086200000, 0x0000000086300000|  0%| F|  |TAMS 0x0000000086200000, 0x0000000086200000| Untracked 
|  99|0x0000000086300000, 0x0000000086300000, 0x0000000086400000|  0%| F|  |TAMS 0x0000000086300000, 0x0000000086300000| Untracked 
| 100|0x0000000086400000, 0x0000000086400000, 0x0000000086500000|  0%| F|  |TAMS 0x0000000086400000, 0x0000000086400000| Untracked 
| 101|0x0000000086500000, 0x0000000086500000, 0x0000000086600000|  0%| F|  |TAMS 0x0000000086500000, 0x0000000086500000| Untracked 
| 102|0x0000000086600000, 0x0000000086600000, 0x0000000086700000|  0%| F|  |TAMS 0x0000000086600000, 0x0000000086600000| Untracked 
| 103|0x0000000086700000, 0x0000000086700000, 0x0000000086800000|  0%| F|  |TAMS 0x0000000086700000, 0x0000000086700000| Untracked 
| 104|0x0000000086800000, 0x0000000086800000, 0x0000000086900000|  0%| F|  |TAMS 0x0000000086800000, 0x0000000086800000| Untracked 
| 105|0x0000000086900000, 0x0000000086900000, 0x0000000086a00000|  0%| F|  |TAMS 0x0000000086900000, 0x0000000086900000| Untracked 
| 106|0x0000000086a00000, 0x0000000086a00000, 0x0000000086b00000|  0%| F|  |TAMS 0x0000000086a00000, 0x0000000086a00000| Untracked 
| 107|0x0000000086b00000, 0x0000000086b00000, 0x0000000086c00000|  0%| F|  |TAMS 0x0000000086b00000, 0x0000000086b00000| Untracked 
| 108|0x0000000086c00000, 0x0000000086c00000, 0x0000000086d00000|  0%| F|  |TAMS 0x0000000086c00000, 0x0000000086c00000| Untracked 
| 109|0x0000000086d00000, 0x0000000086d00000, 0x0000000086e00000|  0%| F|  |TAMS 0x0000000086d00000, 0x0000000086d00000| Untracked 
| 110|0x0000000086e00000, 0x0000000086e00000, 0x0000000086f00000|  0%| F|  |TAMS 0x0000000086e00000, 0x0000000086e00000| Untracked 
| 111|0x0000000086f00000, 0x0000000086f00000, 0x0000000087000000|  0%| F|  |TAMS 0x0000000086f00000, 0x0000000086f00000| Untracked 
| 112|0x0000000087000000, 0x0000000087000000, 0x0000000087100000|  0%| F|  |TAMS 0x0000000087000000, 0x0000000087000000| Untracked 
| 113|0x0000000087100000, 0x0000000087100000, 0x0000000087200000|  0%| F|  |TAMS 0x0000000087100000, 0x0000000087100000| Untracked 
| 114|0x0000000087200000, 0x0000000087200000, 0x0000000087300000|  0%| F|  |TAMS 0x0000000087200000, 0x0000000087200000| Untracked 
| 115|0x0000000087300000, 0x0000000087300000, 0x0000000087400000|  0%| F|  |TAMS 0x0000000087300000, 0x0000000087300000| Untracked 
| 116|0x0000000087400000, 0x0000000087400000, 0x0000000087500000|  0%| F|  |TAMS 0x0000000087400000, 0x0000000087400000| Untracked 
| 117|0x0000000087500000, 0x0000000087500000, 0x0000000087600000|  0%| F|  |TAMS 0x0000000087500000, 0x0000000087500000| Untracked 
| 118|0x0000000087600000, 0x0000000087600000, 0x0000000087700000|  0%| F|  |TAMS 0x0000000087600000, 0x0000000087600000| Untracked 
| 119|0x0000000087700000, 0x0000000087700000, 0x0000000087800000|  0%| F|  |TAMS 0x0000000087700000, 0x0000000087700000| Untracked 
| 120|0x0000000087800000, 0x0000000087800000, 0x0000000087900000|  0%| F|  |TAMS 0x0000000087800000, 0x0000000087800000| Untracked 
| 121|0x0000000087900000, 0x0000000087900000, 0x0000000087a00000|  0%| F|  |TAMS 0x0000000087900000, 0x0000000087900000| Untracked 
| 122|0x0000000087a00000, 0x0000000087a00000, 0x0000000087b00000|  0%| F|  |TAMS 0x0000000087a00000, 0x0000000087a00000| Untracked 
| 123|0x0000000087b00000, 0x0000000087b00000, 0x0000000087c00000|  0%| F|  |TAMS 0x0000000087b00000, 0x0000000087b00000| Untracked 
| 124|0x0000000087c00000, 0x0000000087c00000, 0x0000000087d00000|  0%| F|  |TAMS 0x0000000087c00000, 0x0000000087c00000| Untracked 
| 125|0x0000000087d00000, 0x0000000087d00000, 0x0000000087e00000|  0%| F|  |TAMS 0x0000000087d00000, 0x0000000087d00000| Untracked 
| 126|0x0000000087e00000, 0x0000000087e00000, 0x0000000087f00000|  0%| F|  |TAMS 0x0000000087e00000, 0x0000000087e00000| Untracked 
| 127|0x0000000087f00000, 0x0000000087f00000, 0x0000000088000000|  0%| F|  |TAMS 0x0000000087f00000, 0x0000000087f00000| Untracked 
| 128|0x0000000088000000, 0x0000000088000000, 0x0000000088100000|  0%| F|  |TAMS 0x0000000088000000, 0x0000000088000000| Untracked 
| 129|0x0000000088100000, 0x0000000088100000, 0x0000000088200000|  0%| F|  |TAMS 0x0000000088100000, 0x0000000088100000| Untracked 
| 130|0x0000000088200000, 0x0000000088200000, 0x0000000088300000|  0%| F|  |TAMS 0x0000000088200000, 0x0000000088200000| Untracked 
| 131|0x0000000088300000, 0x0000000088300000, 0x0000000088400000|  0%| F|  |TAMS 0x0000000088300000, 0x0000000088300000| Untracked 
| 132|0x0000000088400000, 0x0000000088400000, 0x0000000088500000|  0%| F|  |TAMS 0x0000000088400000, 0x0000000088400000| Untracked 
| 133|0x0000000088500000, 0x0000000088500000, 0x0000000088600000|  0%| F|  |TAMS 0x0000000088500000, 0x0000000088500000| Untracked 
| 134|0x0000000088600000, 0x0000000088600000, 0x0000000088700000|  0%| F|  |TAMS 0x0000000088600000, 0x0000000088600000| Untracked 
| 135|0x0000000088700000, 0x0000000088700000, 0x0000000088800000|  0%| F|  |TAMS 0x0000000088700000, 0x0000000088700000| Untracked 
| 136|0x0000000088800000, 0x0000000088800000, 0x0000000088900000|  0%| F|  |TAMS 0x0000000088800000, 0x0000000088800000| Untracked 
| 137|0x0000000088900000, 0x0000000088900000, 0x0000000088a00000|  0%| F|  |TAMS 0x0000000088900000, 0x0000000088900000| Untracked 
| 138|0x0000000088a00000, 0x0000000088a00000, 0x0000000088b00000|  0%| F|  |TAMS 0x0000000088a00000, 0x0000000088a00000| Untracked 
| 139|0x0000000088b00000, 0x0000000088b00000, 0x0000000088c00000|  0%| F|  |TAMS 0x0000000088b00000, 0x0000000088b00000| Untracked 
| 140|0x0000000088c00000, 0x0000000088c00000, 0x0000000088d00000|  0%| F|  |TAMS 0x0000000088c00000, 0x0000000088c00000| Untracked 
| 141|0x0000000088d00000, 0x0000000088d00000, 0x0000000088e00000|  0%| F|  |TAMS 0x0000000088d00000, 0x0000000088d00000| Untracked 
| 142|0x0000000088e00000, 0x0000000088e00000, 0x0000000088f00000|  0%| F|  |TAMS 0x0000000088e00000, 0x0000000088e00000| Untracked 
| 143|0x0000000088f00000, 0x0000000088f00000, 0x0000000089000000|  0%| F|  |TAMS 0x0000000088f00000, 0x0000000088f00000| Untracked 
| 144|0x0000000089000000, 0x0000000089000000, 0x0000000089100000|  0%| F|  |TAMS 0x0000000089000000, 0x0000000089000000| Untracked 
| 145|0x0000000089100000, 0x0000000089100000, 0x0000000089200000|  0%| F|  |TAMS 0x0000000089100000, 0x0000000089100000| Untracked 
| 146|0x0000000089200000, 0x0000000089200000, 0x0000000089300000|  0%| F|  |TAMS 0x0000000089200000, 0x0000000089200000| Untracked 
| 147|0x0000000089300000, 0x0000000089300000, 0x0000000089400000|  0%| F|  |TAMS 0x0000000089300000, 0x0000000089300000| Untracked 
| 148|0x0000000089400000, 0x0000000089400000, 0x0000000089500000|  0%| F|  |TAMS 0x0000000089400000, 0x0000000089400000| Untracked 
| 149|0x0000000089500000, 0x0000000089500000, 0x0000000089600000|  0%| F|  |TAMS 0x0000000089500000, 0x0000000089500000| Untracked 
| 150|0x0000000089600000, 0x0000000089600000, 0x0000000089700000|  0%| F|  |TAMS 0x0000000089600000, 0x0000000089600000| Untracked 
| 151|0x0000000089700000, 0x0000000089700000, 0x0000000089800000|  0%| F|  |TAMS 0x0000000089700000, 0x0000000089700000| Untracked 
| 152|0x0000000089800000, 0x0000000089800000, 0x0000000089900000|  0%| F|  |TAMS 0x0000000089800000, 0x0000000089800000| Untracked 
| 153|0x0000000089900000, 0x0000000089900000, 0x0000000089a00000|  0%| F|  |TAMS 0x0000000089900000, 0x0000000089900000| Untracked 
| 154|0x0000000089a00000, 0x0000000089a00000, 0x0000000089b00000|  0%| F|  |TAMS 0x0000000089a00000, 0x0000000089a00000| Untracked 
| 155|0x0000000089b00000, 0x0000000089b00000, 0x0000000089c00000|  0%| F|  |TAMS 0x0000000089b00000, 0x0000000089b00000| Untracked 
| 156|0x0000000089c00000, 0x0000000089c00000, 0x0000000089d00000|  0%| F|  |TAMS 0x0000000089c00000, 0x0000000089c00000| Untracked 
| 157|0x0000000089d00000, 0x0000000089d00000, 0x0000000089e00000|  0%| F|  |TAMS 0x0000000089d00000, 0x0000000089d00000| Untracked 
| 158|0x0000000089e00000, 0x0000000089e00000, 0x0000000089f00000|  0%| F|  |TAMS 0x0000000089e00000, 0x0000000089e00000| Untracked 
| 159|0x0000000089f00000, 0x0000000089f00000, 0x000000008a000000|  0%| F|  |TAMS 0x0000000089f00000, 0x0000000089f00000| Untracked 
| 160|0x000000008a000000, 0x000000008a000000, 0x000000008a100000|  0%| F|  |TAMS 0x000000008a000000, 0x000000008a000000| Untracked 
| 161|0x000000008a100000, 0x000000008a100000, 0x000000008a200000|  0%| F|  |TAMS 0x000000008a100000, 0x000000008a100000| Untracked 
| 162|0x000000008a200000, 0x000000008a200000, 0x000000008a300000|  0%| F|  |TAMS 0x000000008a200000, 0x000000008a200000| Untracked 
| 163|0x000000008a300000, 0x000000008a300000, 0x000000008a400000|  0%| F|  |TAMS 0x000000008a300000, 0x000000008a300000| Untracked 
| 164|0x000000008a400000, 0x000000008a400000, 0x000000008a500000|  0%| F|  |TAMS 0x000000008a400000, 0x000000008a400000| Untracked 
| 165|0x000000008a500000, 0x000000008a500000, 0x000000008a600000|  0%| F|  |TAMS 0x000000008a500000, 0x000000008a500000| Untracked 
| 166|0x000000008a600000, 0x000000008a600000, 0x000000008a700000|  0%| F|  |TAMS 0x000000008a600000, 0x000000008a600000| Untracked 
| 167|0x000000008a700000, 0x000000008a700000, 0x000000008a800000|  0%| F|  |TAMS 0x000000008a700000, 0x000000008a700000| Untracked 
| 168|0x000000008a800000, 0x000000008a800000, 0x000000008a900000|  0%| F|  |TAMS 0x000000008a800000, 0x000000008a800000| Untracked 
| 169|0x000000008a900000, 0x000000008a900000, 0x000000008aa00000|  0%| F|  |TAMS 0x000000008a900000, 0x000000008a900000| Untracked 
| 170|0x000000008aa00000, 0x000000008aa00000, 0x000000008ab00000|  0%| F|  |TAMS 0x000000008aa00000, 0x000000008aa00000| Untracked 
| 171|0x000000008ab00000, 0x000000008ab00000, 0x000000008ac00000|  0%| F|  |TAMS 0x000000008ab00000, 0x000000008ab00000| Untracked 
| 172|0x000000008ac00000, 0x000000008ac00000, 0x000000008ad00000|  0%| F|  |TAMS 0x000000008ac00000, 0x000000008ac00000| Untracked 
| 173|0x000000008ad00000, 0x000000008ad00000, 0x000000008ae00000|  0%| F|  |TAMS 0x000000008ad00000, 0x000000008ad00000| Untracked 
| 174|0x000000008ae00000, 0x000000008ae00000, 0x000000008af00000|  0%| F|  |TAMS 0x000000008ae00000, 0x000000008ae00000| Untracked 
| 175|0x000000008af00000, 0x000000008af00000, 0x000000008b000000|  0%| F|  |TAMS 0x000000008af00000, 0x000000008af00000| Untracked 
| 176|0x000000008b000000, 0x000000008b000000, 0x000000008b100000|  0%| F|  |TAMS 0x000000008b000000, 0x000000008b000000| Untracked 
| 177|0x000000008b100000, 0x000000008b100000, 0x000000008b200000|  0%| F|  |TAMS 0x000000008b100000, 0x000000008b100000| Untracked 
| 178|0x000000008b200000, 0x000000008b200000, 0x000000008b300000|  0%| F|  |TAMS 0x000000008b200000, 0x000000008b200000| Untracked 
| 179|0x000000008b300000, 0x000000008b300000, 0x000000008b400000|  0%| F|  |TAMS 0x000000008b300000, 0x000000008b300000| Untracked 
| 180|0x000000008b400000, 0x000000008b400000, 0x000000008b500000|  0%| F|  |TAMS 0x000000008b400000, 0x000000008b400000| Untracked 
| 181|0x000000008b500000, 0x000000008b500000, 0x000000008b600000|  0%| F|  |TAMS 0x000000008b500000, 0x000000008b500000| Untracked 
| 182|0x000000008b600000, 0x000000008b600000, 0x000000008b700000|  0%| F|  |TAMS 0x000000008b600000, 0x000000008b600000| Untracked 
| 183|0x000000008b700000, 0x000000008b700000, 0x000000008b800000|  0%| F|  |TAMS 0x000000008b700000, 0x000000008b700000| Untracked 
| 184|0x000000008b800000, 0x000000008b800000, 0x000000008b900000|  0%| F|  |TAMS 0x000000008b800000, 0x000000008b800000| Untracked 
| 185|0x000000008b900000, 0x000000008b9bc1c0, 0x000000008ba00000| 73%| E|  |TAMS 0x000000008b900000, 0x000000008b900000| Complete 
| 186|0x000000008ba00000, 0x000000008bb00000, 0x000000008bb00000|100%| E|CS|TAMS 0x000000008ba00000, 0x000000008ba00000| Complete 
| 187|0x000000008bb00000, 0x000000008bc00000, 0x000000008bc00000|100%| E|CS|TAMS 0x000000008bb00000, 0x000000008bb00000| Complete 
| 188|0x000000008bc00000, 0x000000008bd00000, 0x000000008bd00000|100%| E|CS|TAMS 0x000000008bc00000, 0x000000008bc00000| Complete 
| 189|0x000000008bd00000, 0x000000008be00000, 0x000000008be00000|100%| E|CS|TAMS 0x000000008bd00000, 0x000000008bd00000| Complete 
| 190|0x000000008be00000, 0x000000008bf00000, 0x000000008bf00000|100%| E|CS|TAMS 0x000000008be00000, 0x000000008be00000| Complete 
| 191|0x000000008bf00000, 0x000000008c000000, 0x000000008c000000|100%| E|CS|TAMS 0x000000008bf00000, 0x000000008bf00000| Complete 
| 192|0x000000008c000000, 0x000000008c100000, 0x000000008c100000|100%| E|CS|TAMS 0x000000008c000000, 0x000000008c000000| Complete 
| 193|0x000000008c100000, 0x000000008c200000, 0x000000008c200000|100%| E|CS|TAMS 0x000000008c100000, 0x000000008c100000| Complete 
| 194|0x000000008c200000, 0x000000008c300000, 0x000000008c300000|100%| E|CS|TAMS 0x000000008c200000, 0x000000008c200000| Complete 
| 195|0x000000008c300000, 0x000000008c400000, 0x000000008c400000|100%| E|CS|TAMS 0x000000008c300000, 0x000000008c300000| Complete 
| 196|0x000000008c400000, 0x000000008c500000, 0x000000008c500000|100%| E|CS|TAMS 0x000000008c400000, 0x000000008c400000| Complete 
| 197|0x000000008c500000, 0x000000008c600000, 0x000000008c600000|100%| E|CS|TAMS 0x000000008c500000, 0x000000008c500000| Complete 
| 198|0x000000008c600000, 0x000000008c700000, 0x000000008c700000|100%| E|CS|TAMS 0x000000008c600000, 0x000000008c600000| Complete 
| 199|0x000000008c700000, 0x000000008c800000, 0x000000008c800000|100%| E|CS|TAMS 0x000000008c700000, 0x000000008c700000| Complete 
| 200|0x000000008c800000, 0x000000008c900000, 0x000000008c900000|100%| E|CS|TAMS 0x000000008c800000, 0x000000008c800000| Complete 
| 201|0x000000008c900000, 0x000000008ca00000, 0x000000008ca00000|100%| E|CS|TAMS 0x000000008c900000, 0x000000008c900000| Complete 
| 202|0x000000008ca00000, 0x000000008cb00000, 0x000000008cb00000|100%| E|CS|TAMS 0x000000008ca00000, 0x000000008ca00000| Complete 
| 203|0x000000008cb00000, 0x000000008cc00000, 0x000000008cc00000|100%| E|CS|TAMS 0x000000008cb00000, 0x000000008cb00000| Complete 
| 204|0x000000008cc00000, 0x000000008cd00000, 0x000000008cd00000|100%| E|CS|TAMS 0x000000008cc00000, 0x000000008cc00000| Complete 
| 205|0x000000008cd00000, 0x000000008ce00000, 0x000000008ce00000|100%| E|CS|TAMS 0x000000008cd00000, 0x000000008cd00000| Complete 
| 206|0x000000008ce00000, 0x000000008cf00000, 0x000000008cf00000|100%| E|CS|TAMS 0x000000008ce00000, 0x000000008ce00000| Complete 
| 207|0x000000008cf00000, 0x000000008d000000, 0x000000008d000000|100%| E|CS|TAMS 0x000000008cf00000, 0x000000008cf00000| Complete 
| 208|0x000000008d000000, 0x000000008d100000, 0x000000008d100000|100%| E|CS|TAMS 0x000000008d000000, 0x000000008d000000| Complete 
| 209|0x000000008d100000, 0x000000008d200000, 0x000000008d200000|100%| E|CS|TAMS 0x000000008d100000, 0x000000008d100000| Complete 
| 210|0x000000008d200000, 0x000000008d300000, 0x000000008d300000|100%| E|CS|TAMS 0x000000008d200000, 0x000000008d200000| Complete 
| 211|0x000000008d300000, 0x000000008d400000, 0x000000008d400000|100%| E|CS|TAMS 0x000000008d300000, 0x000000008d300000| Complete 
| 212|0x000000008d400000, 0x000000008d500000, 0x000000008d500000|100%| E|CS|TAMS 0x000000008d400000, 0x000000008d400000| Complete 
| 213|0x000000008d500000, 0x000000008d600000, 0x000000008d600000|100%| E|CS|TAMS 0x000000008d500000, 0x000000008d500000| Complete 
| 214|0x000000008d600000, 0x000000008d700000, 0x000000008d700000|100%| E|CS|TAMS 0x000000008d600000, 0x000000008d600000| Complete 
| 215|0x000000008d700000, 0x000000008d800000, 0x000000008d800000|100%| E|CS|TAMS 0x000000008d700000, 0x000000008d700000| Complete 
| 216|0x000000008d800000, 0x000000008d900000, 0x000000008d900000|100%| E|CS|TAMS 0x000000008d800000, 0x000000008d800000| Complete 
| 217|0x000000008d900000, 0x000000008da00000, 0x000000008da00000|100%| E|CS|TAMS 0x000000008d900000, 0x000000008d900000| Complete 
| 218|0x000000008da00000, 0x000000008db00000, 0x000000008db00000|100%| E|CS|TAMS 0x000000008da00000, 0x000000008da00000| Complete 
| 219|0x000000008db00000, 0x000000008dc00000, 0x000000008dc00000|100%| E|CS|TAMS 0x000000008db00000, 0x000000008db00000| Complete 
| 220|0x000000008dc00000, 0x000000008dd00000, 0x000000008dd00000|100%| E|CS|TAMS 0x000000008dc00000, 0x000000008dc00000| Complete 
| 221|0x000000008dd00000, 0x000000008de00000, 0x000000008de00000|100%| E|CS|TAMS 0x000000008dd00000, 0x000000008dd00000| Complete 
| 222|0x000000008de00000, 0x000000008df00000, 0x000000008df00000|100%| E|CS|TAMS 0x000000008de00000, 0x000000008de00000| Complete 
| 223|0x000000008df00000, 0x000000008e000000, 0x000000008e000000|100%| E|CS|TAMS 0x000000008df00000, 0x000000008df00000| Complete 

Card table byte_map: [0x0000012f72d80000,0x0000012f73180000] _byte_map_base: 0x0000012f72980000

Marking Bits (Prev, Next): (CMBitMap*) 0x0000012f6a0711a8, (CMBitMap*) 0x0000012f6a0711e8
 Prev Bits: [0x0000012f73580000, 0x0000012f75580000)
 Next Bits: [0x0000012f75580000, 0x0000012f77580000)

Polling page: 0x0000012f69810000

Metaspace:

Usage:
  Non-class:     16.61 MB capacity,    16.24 MB ( 98%) used,   331.36 KB (  2%) free+waste,    46.00 KB ( <1%) overhead. 
      Class:      3.04 MB capacity,     2.82 MB ( 93%) used,   193.19 KB (  6%) free+waste,    25.56 KB ( <1%) overhead. 
       Both:     19.64 MB capacity,    19.06 MB ( 97%) used,   524.55 KB (  3%) free+waste,    71.56 KB ( <1%) overhead. 

Virtual space:
  Non-class space:       18.00 MB reserved,      16.75 MB ( 93%) committed 
      Class space:        1.00 GB reserved,       3.13 MB ( <1%) committed 
             Both:        1.02 GB reserved,      19.88 MB (  2%) committed 

Chunk freelists:
   Non-Class:  19.00 KB
       Class:  0 bytes
        Both:  19.00 KB

MaxMetaspaceSize: 17179869184.00 GB
CompressedClassSpaceSize: 1.00 GB

CodeHeap 'non-profiled nmethods': size=120000Kb used=1104Kb max_used=1104Kb free=118895Kb
 bounds [0x0000012f07ad0000, 0x0000012f07d40000, 0x0000012f0f000000]
CodeHeap 'profiled nmethods': size=120000Kb used=4437Kb max_used=4437Kb free=115562Kb
 bounds [0x0000012f005a0000, 0x0000012f00a00000, 0x0000012f07ad0000]
CodeHeap 'non-nmethods': size=5760Kb used=1246Kb max_used=1283Kb free=4513Kb
 bounds [0x0000012f00000000, 0x0000012f00270000, 0x0000012f005a0000]
 total_blobs=3667 nmethods=2051 adapters=416
 compilation: enabled
              stopped_count=0, restarted_count=0
 full_count=0

Compilation events (20 events):
Event: 4.973 Thread 0x0000012f7a8cb000 2274       3       org.gradle.internal.service.DefaultServiceRegistry$FactoryMethodService::getParameterTypes (10 bytes)
Event: 4.973 Thread 0x0000012f7a8cb000 nmethod 2274 0x0000012f009eb790 code [0x0000012f009eb940, 0x0000012f009ebbb8]
Event: 4.979 Thread 0x0000012f7a8c4800 2275       4       java.util.HashMap$KeyIterator::next (8 bytes)
Event: 4.979 Thread 0x0000012f7a8cb000 2276       3       java.lang.reflect.Constructor::getRoot (5 bytes)
Event: 4.979 Thread 0x0000012f7a8cb000 nmethod 2276 0x0000012f009ebc90 code [0x0000012f009ebe40, 0x0000012f009ebfd8]
Event: 4.986 Thread 0x0000012f7a8c4800 nmethod 2275 0x0000012f07be1c10 code [0x0000012f07be1da0, 0x0000012f07be2198]
Event: 4.989 Thread 0x0000012f7a8cb000 2277       3       java.lang.ThreadLocal$ThreadLocalMap::nextIndex (15 bytes)
Event: 4.989 Thread 0x0000012f7a8cb000 nmethod 2277 0x0000012f009ec090 code [0x0000012f009ec240, 0x0000012f009ec3d8]
Event: 4.989 Thread 0x0000012f7a8cb000 2278   !   3       org.gradle.internal.service.ReflectionBasedServiceMethod::invoke (16 bytes)
Event: 4.990 Thread 0x0000012f7a8cb000 nmethod 2278 0x0000012f009ec490 code [0x0000012f009ec640, 0x0000012f009ec860]
Event: 4.990 Thread 0x0000012f7a8cb000 2279   !   3       org.gradle.internal.reflect.JavaMethod::invoke (74 bytes)
Event: 4.991 Thread 0x0000012f7a8cb000 nmethod 2279 0x0000012f009ec990 code [0x0000012f009ecd20, 0x0000012f009ee5d0]
Event: 4.997 Thread 0x0000012f7a8cb000 2280       3       java.util.Collections$EmptyList::iterator (4 bytes)
Event: 4.998 Thread 0x0000012f7a8cb000 nmethod 2280 0x0000012f009ef010 code [0x0000012f009ef1c0, 0x0000012f009ef398]
Event: 5.001 Thread 0x0000012f7a8cb000 2281   !   3       org.gradle.internal.service.DefaultServiceRegistry$FactoryMethodService::invokeMethod (151 bytes)
Event: 5.003 Thread 0x0000012f7a8cb000 nmethod 2281 0x0000012f009ef490 code [0x0000012f009ef920, 0x0000012f009f20b0]
Event: 5.003 Thread 0x0000012f7a8cb000 2282       1       java.util.Collections$SingletonList::size (2 bytes)
Event: 5.003 Thread 0x0000012f7a8cb000 nmethod 2282 0x0000012f07be2310 code [0x0000012f07be24a0, 0x0000012f07be25d8]
Event: 5.007 Thread 0x0000012f7a8cb000 2283       3       java.lang.reflect.Method::acquireMethodAccessor (44 bytes)
Event: 5.008 Thread 0x0000012f7a8cb000 nmethod 2283 0x0000012f009f3090 code [0x0000012f009f3280, 0x0000012f009f37e0]

GC Heap History (4 events):
Event: 0.992 GC heap before
{Heap before GC invocations=0 (full 0):
 garbage-first heap   total 229376K, used 29696K [0x0000000080000000, 0x0000000100000000)
  region size 1024K, 24 young (24576K), 0 survivors (0K)
 Metaspace       used 3285K, capacity 6229K, committed 6400K, reserved 1056768K
  class space    used 433K, capacity 739K, committed 768K, reserved 1048576K
}
Event: 0.999 GC heap after
{Heap after GC invocations=1 (full 0):
 garbage-first heap   total 229376K, used 9294K [0x0000000080000000, 0x0000000100000000)
  region size 1024K, 3 young (3072K), 3 survivors (3072K)
 Metaspace       used 3285K, capacity 6229K, committed 6400K, reserved 1056768K
  class space    used 433K, capacity 739K, committed 768K, reserved 1048576K
}
Event: 4.419 GC heap before
{Heap before GC invocations=1 (full 0):
 garbage-first heap   total 229376K, used 143438K [0x0000000080000000, 0x0000000100000000)
  region size 1024K, 134 young (137216K), 3 survivors (3072K)
 Metaspace       used 15483K, capacity 15932K, committed 16128K, reserved 1062912K
  class space    used 2261K, capacity 2452K, committed 2560K, reserved 1048576K
}
Event: 4.434 GC heap after
{Heap after GC invocations=2 (full 0):
 garbage-first heap   total 229376K, used 17947K [0x0000000080000000, 0x0000000100000000)
  region size 1024K, 12 young (12288K), 12 survivors (12288K)
 Metaspace       used 15483K, capacity 15932K, committed 16128K, reserved 1062912K
  class space    used 2261K, capacity 2452K, committed 2560K, reserved 1048576K
}

Deoptimization events (20 events):
Event: 4.027 Thread 0x0000012f7cc06000 Uncommon trap: trap_request=0xffffffc6 fr.pc=0x0000012f07b4e234 relative=0x0000000000000114
Event: 4.027 Thread 0x0000012f7cc06000 Uncommon trap: reason=bimorphic_or_optimized_type_check action=maybe_recompile pc=0x0000012f07b4e234 method=java.util.AbstractList$Itr.next()Ljava/lang/Object; @ 14 c2
Event: 4.027 Thread 0x0000012f7cc06000 DEOPT PACKING pc=0x0000012f07b4e234 sp=0x0000002c11efa830
Event: 4.027 Thread 0x0000012f7cc06000 DEOPT UNPACKING pc=0x0000012f0004912f sp=0x0000002c11efa7c8 mode 2
Event: 4.028 Thread 0x0000012f7cc06000 Uncommon trap: trap_request=0xffffff45 fr.pc=0x0000012f07b4ab20 relative=0x0000000000000660
Event: 4.028 Thread 0x0000012f7cc06000 Uncommon trap: reason=unstable_if action=reinterpret pc=0x0000012f07b4ab20 method=java.io.File.getName()Ljava/lang/String; @ 16 c2
Event: 4.028 Thread 0x0000012f7cc06000 DEOPT PACKING pc=0x0000012f07b4ab20 sp=0x0000002c11efb530
Event: 4.028 Thread 0x0000012f7cc06000 DEOPT UNPACKING pc=0x0000012f0004912f sp=0x0000002c11efb500 mode 2
Event: 4.028 Thread 0x0000012f7cc06000 Uncommon trap: trap_request=0xffffff45 fr.pc=0x0000012f07b49130 relative=0x00000000000004f0
Event: 4.028 Thread 0x0000012f7cc06000 Uncommon trap: reason=unstable_if action=reinterpret pc=0x0000012f07b49130 method=java.lang.String.substring(I)Ljava/lang/String; @ 34 c2
Event: 4.028 Thread 0x0000012f7cc06000 DEOPT PACKING pc=0x0000012f07b49130 sp=0x0000002c11efb4b0
Event: 4.028 Thread 0x0000012f7cc06000 DEOPT UNPACKING pc=0x0000012f0004912f sp=0x0000002c11efb488 mode 2
Event: 4.453 Thread 0x0000012f7cc06000 Uncommon trap: trap_request=0xffffff45 fr.pc=0x0000012f07b31608 relative=0x0000000000000248
Event: 4.453 Thread 0x0000012f7cc06000 Uncommon trap: reason=unstable_if action=reinterpret pc=0x0000012f07b31608 method=java.util.concurrent.ConcurrentHashMap.get(Ljava/lang/Object;)Ljava/lang/Object; @ 76 c2
Event: 4.453 Thread 0x0000012f7cc06000 DEOPT PACKING pc=0x0000012f07b31608 sp=0x0000002c11efb2b0
Event: 4.453 Thread 0x0000012f7cc06000 DEOPT UNPACKING pc=0x0000012f0004912f sp=0x0000002c11efb218 mode 2
Event: 4.835 Thread 0x0000012f7cc06000 Uncommon trap: trap_request=0xffffff76 fr.pc=0x0000012f07bca8b0 relative=0x0000000000000170
Event: 4.835 Thread 0x0000012f7cc06000 Uncommon trap: reason=predicate action=maybe_recompile pc=0x0000012f07bca8b0 method=com.google.common.base.CharMatcher.indexIn(Ljava/lang/CharSequence;I)I @ 19 c2
Event: 4.835 Thread 0x0000012f7cc06000 DEOPT PACKING pc=0x0000012f07bca8b0 sp=0x0000002c11efb800
Event: 4.835 Thread 0x0000012f7cc06000 DEOPT UNPACKING pc=0x0000012f0004912f sp=0x0000002c11efb790 mode 2

Classes unloaded (0 events):
No events

Classes redefined (0 events):
No events

Internal exceptions (20 events):
Event: 3.594 Thread 0x0000012f7cc06000 Exception <a 'java/lang/NoSuchMethodError'{0x00000000899f8958}: 'void java.lang.invoke.DelegatingMethodHandle$Holder.reinvoke_L(java.lang.Object, java.lang.Object, java.lang.Object, java.lang.Object, java.lang.Object, java.lang.Object, java.lang.Object)'> (0x00000000899f8958) 
thrown [t:/workspace/open/src/hotspot/share/interpreter/linkResolver.cpp, line 767]
Event: 3.935 Thread 0x0000012f7cc06000 Exception <a 'java/lang/NoSuchMethodError'{0x0000000087c93b80}: 'void java.lang.invoke.DirectMethodHandle$Holder.invokeStaticInit(java.lang.Object)'> (0x0000000087c93b80) 
thrown [t:/workspace/open/src/hotspot/share/interpreter/linkResolver.cpp, line 767]
Event: 3.950 Thread 0x0000012f7cc06000 Exception <a 'java/lang/NoSuchMethodError'{0x0000000087b3f518}: 'java.lang.Object java.lang.invoke.DirectMethodHandle$Holder.invokeStatic(java.lang.Object, java.lang.Object, java.lang.Object, int)'> (0x0000000087b3f518) 
thrown [t:/workspace/open/src/hotspot/share/interpreter/linkResolver.cpp, line 767]
Event: 3.950 Thread 0x0000012f7cc06000 Exception <a 'java/lang/NoSuchMethodError'{0x0000000087b437f8}: 'java.lang.Object java.lang.invoke.DirectMethodHandle$Holder.invokeSpecial(java.lang.Object, java.lang.Object, java.lang.Object, java.lang.Object, int)'> (0x0000000087b437f8) 
thrown [t:/workspace/open/src/hotspot/share/interpreter/linkResolver.cpp, line 767]
Event: 3.950 Thread 0x0000012f7cc06000 Exception <a 'java/lang/NoSuchMethodError'{0x0000000087b47358}: 'java.lang.Object java.lang.invoke.Invokers$Holder.linkToTargetMethod(java.lang.Object, java.lang.Object, int, java.lang.Object)'> (0x0000000087b47358) 
thrown [t:/workspace/open/src/hotspot/share/interpreter/linkResolver.cpp, line 767]
Event: 4.077 Thread 0x0000012f7cc06000 Exception <a 'java/lang/NoSuchMethodError'{0x00000000874742d8}: 'int java.lang.invoke.DirectMethodHandle$Holder.invokeSpecialIFC(java.lang.Object, java.lang.Object, java.lang.Object, java.lang.Object)'> (0x00000000874742d8) 
thrown [t:/workspace/open/src/hotspot/share/interpreter/linkResolver.cpp, line 767]
Event: 4.079 Thread 0x0000012f7cc06000 Exception <a 'java/lang/NoSuchMethodError'{0x0000000087481a08}: 'java.lang.Object java.lang.invoke.DirectMethodHandle$Holder.invokeInterface(java.lang.Object, java.lang.Object, java.lang.Object)'> (0x0000000087481a08) 
thrown [t:/workspace/open/src/hotspot/share/interpreter/linkResolver.cpp, line 767]
Event: 4.079 Thread 0x0000012f7cc06000 Exception <a 'java/lang/IncompatibleClassChangeError'{0x0000000087484bb8}: Found class java.lang.Object, but interface was expected> (0x0000000087484bb8) 
thrown [t:/workspace/open/src/hotspot/share/interpreter/linkResolver.cpp, line 833]
Event: 4.233 Thread 0x0000012f7cc06000 Exception <a 'java/lang/NoSuchMethodError'{0x0000000086864fc0}: 'java.lang.Object java.lang.invoke.DirectMethodHandle$Holder.invokeSpecial(java.lang.Object, java.lang.Object, java.lang.Object, java.lang.Object, java.lang.Object, java.lang.Object, java.lang.Object, java.lang.Object, java.lang.Object)'> (0x0000000086864fc0) 
thrown [t:/workspace/open/src/hotspot/share/interpreter/linkResolver.cpp, line 767]
Event: 4.356 Thread 0x0000012f7cc06000 Exception <a 'java/lang/NoSuchMethodError'{0x0000000085e882c8}: 'java.lang.Object java.lang.invoke.DirectMethodHandle$Holder.invokeVirtual(java.lang.Object, java.lang.Object, java.lang.Object, java.lang.Object)'> (0x0000000085e882c8) 
thrown [t:/workspace/open/src/hotspot/share/interpreter/linkResolver.cpp, line 767]
Event: 4.488 Thread 0x0000012f7cc06000 Exception <a 'java/lang/NoSuchMethodError'{0x000000008ddc0b40}: 'void java.lang.invoke.DirectMethodHandle$Holder.invokeSpecial(java.lang.Object, java.lang.Object, java.lang.Object, java.lang.Object, java.lang.Object, java.lang.Object)'> (0x000000008ddc0b40) 
thrown [t:/workspace/open/src/hotspot/share/interpreter/linkResolver.cpp, line 767]
Event: 4.506 Thread 0x0000012f7cc06000 Exception <a 'java/lang/NoSuchMethodError'{0x000000008dc2e730}: 'void java.lang.invoke.DirectMethodHandle$Holder.invokeSpecial(java.lang.Object, java.lang.Object, java.lang.Object, java.lang.Object, java.lang.Object, java.lang.Object, java.lang.Object)'> (0x000000008dc2e730) 
thrown [t:/workspace/open/src/hotspot/share/interpreter/linkResolver.cpp, line 767]
Event: 4.507 Thread 0x0000012f7cc06000 Exception <a 'java/lang/NoSuchMethodError'{0x000000008dc36438}: 'java.lang.Object java.lang.invoke.Invokers$Holder.linkToTargetMethod(java.lang.Object, java.lang.Object, java.lang.Object, java.lang.Object, java.lang.Object, java.lang.Object)'> (0x000000008dc36438) 
thrown [t:/workspace/open/src/hotspot/share/interpreter/linkResolver.cpp, line 767]
Event: 4.650 Thread 0x0000012f7cc06000 Exception <a 'java/lang/NoSuchMethodError'{0x000000008d3a0eb8}: 'int java.lang.invoke.DirectMethodHandle$Holder.invokeStaticInit(java.lang.Object, java.lang.Object, java.lang.Object)'> (0x000000008d3a0eb8) 
thrown [t:/workspace/open/src/hotspot/share/interpreter/linkResolver.cpp, line 767]
Event: 4.751 Thread 0x0000012f7cc06000 Exception <a 'java/lang/NoSuchMethodError'{0x000000008cecf788}: 'void java.lang.invoke.DirectMethodHandle$Holder.invokeStaticInit(java.lang.Object, java.lang.Object)'> (0x000000008cecf788) 
thrown [t:/workspace/open/src/hotspot/share/interpreter/linkResolver.cpp, line 767]
Event: 4.864 Thread 0x0000012f7cc06000 Exception <a 'java/lang/NoSuchMethodError'{0x000000008c83bba8}: 'void java.lang.invoke.DirectMethodHandle$Holder.invokeStatic(java.lang.Object, java.lang.Object, java.lang.Object, java.lang.Object)'> (0x000000008c83bba8) 
thrown [t:/workspace/open/src/hotspot/share/interpreter/linkResolver.cpp, line 767]
Event: 4.871 Thread 0x0000012f7cc06000 Exception <a 'java/lang/NoSuchMethodError'{0x000000008c86a4a8}: 'java.lang.Object java.lang.invoke.DirectMethodHandle$Holder.invokeVirtual(java.lang.Object, java.lang.Object, java.lang.Object)'> (0x000000008c86a4a8) 
thrown [t:/workspace/open/src/hotspot/share/interpreter/linkResolver.cpp, line 767]
Event: 4.875 Thread 0x0000012f7cc06000 Exception <a 'java/lang/NoSuchMethodError'{0x000000008c8faa10}: 'int java.lang.invoke.DirectMethodHandle$Holder.invokeVirtual(java.lang.Object, java.lang.Object)'> (0x000000008c8faa10) 
thrown [t:/workspace/open/src/hotspot/share/interpreter/linkResolver.cpp, line 767]
Event: 4.885 Thread 0x0000012f7cc06000 Exception <a 'java/lang/NoSuchMethodError'{0x000000008c733be8}: 'int java.lang.invoke.DirectMethodHandle$Holder.invokeVirtual(java.lang.Object, java.lang.Object, java.lang.Object)'> (0x000000008c733be8) 
thrown [t:/workspace/open/src/hotspot/share/interpreter/linkResolver.cpp, line 767]
Event: 4.913 Thread 0x0000012f7cc06000 Exception <a 'java/lang/NoSuchMethodError'{0x000000008c514750}: 'void java.lang.invoke.DirectMethodHandle$Holder.invokeSpecial(java.lang.Object, java.lang.Object)'> (0x000000008c514750) 
thrown [t:/workspace/open/src/hotspot/share/interpreter/linkResolver.cpp, line 767]

Events (20 events):
Event: 5.006 loading class org/gradle/api/internal/artifacts/verification/signatures/BuildTreeDefinedKeys
Event: 5.006 loading class org/gradle/api/internal/artifacts/verification/signatures/BuildTreeDefinedKeys done
Event: 5.006 loading class org/gradle/api/internal/artifacts/ivyservice/resolveengine/result/DesugaredAttributeContainerSerializer
Event: 5.006 loading class org/gradle/api/internal/artifacts/ivyservice/resolveengine/result/DesugaredAttributeContainerSerializer done
Event: 5.007 loading class org/gradle/api/internal/attributes/DisambiguationRule
Event: 5.007 loading class org/gradle/api/internal/attributes/DisambiguationRule done
Event: 5.008 loading class org/gradle/api/internal/attributes/CompatibilityRule
Event: 5.008 loading class org/gradle/api/internal/attributes/CompatibilityRule done
Event: 5.008 loading class org/gradle/api/internal/attributes/EmptySchema$DoNothingCompatibilityRule
Event: 5.008 loading class org/gradle/api/internal/attributes/EmptySchema$DoNothingCompatibilityRule done
Event: 5.009 loading class org/gradle/api/internal/attributes/EmptySchema$DoNothingDisambiguationRule
Event: 5.009 loading class org/gradle/api/internal/attributes/EmptySchema$DoNothingDisambiguationRule done
Event: 5.009 loading class org/gradle/api/attributes/Usage
Event: 5.009 loading class org/gradle/api/attributes/Usage done
Event: 5.010 loading class org/gradle/api/attributes/LibraryElements
Event: 5.010 loading class org/gradle/api/attributes/LibraryElements done
Event: 5.010 loading class org/gradle/model/internal/inspect/FormattingValidationProblemCollector
Event: 5.010 loading class org/gradle/model/internal/inspect/FormattingValidationProblemCollector done
Event: 5.011 loading class org/gradle/model/internal/type/ModelType
Event: 5.011 loading class org/gradle/model/internal/type/ModelType done


Dynamic libraries:
0x00007ff7f5d90000 - 0x00007ff7f5d9f000 	C:\Program Files\Java\jdk-13.0.2\bin\java.exe
0x00007fffd64f0000 - 0x00007fffd66e5000 	C:\WINDOWS\SYSTEM32\ntdll.dll
0x00007fffd61a0000 - 0x00007fffd625e000 	C:\WINDOWS\System32\KERNEL32.DLL
0x00007fffd3d70000 - 0x00007fffd4038000 	C:\WINDOWS\System32\KERNELBASE.dll
0x00007fffd40d0000 - 0x00007fffd41d0000 	C:\WINDOWS\System32\ucrtbase.dll
0x00007fffc7d90000 - 0x00007fffc7da8000 	C:\Program Files\Java\jdk-13.0.2\bin\jli.dll
0x00007fffc6e00000 - 0x00007fffc6e15000 	C:\Program Files\Java\jdk-13.0.2\bin\VCRUNTIME140.dll
0x00007fffd4700000 - 0x00007fffd47ac000 	C:\WINDOWS\System32\ADVAPI32.dll
0x00007fffd5a70000 - 0x00007fffd5b0e000 	C:\WINDOWS\System32\msvcrt.dll
0x00007fffd6410000 - 0x00007fffd64ab000 	C:\WINDOWS\System32\sechost.dll
0x00007fffd5100000 - 0x00007fffd522a000 	C:\WINDOWS\System32\RPCRT4.dll
0x00007fffd2300000 - 0x00007fffd259a000 	C:\WINDOWS\WinSxS\amd64_microsoft.windows.common-controls_6595b64144ccf1df_6.0.19041.1110_none_60b5254171f9507e\COMCTL32.dll
0x00007fffd5ff0000 - 0x00007fffd6191000 	C:\WINDOWS\System32\USER32.dll
0x00007fffd5b10000 - 0x00007fffd5b3b000 	C:\WINDOWS\System32\GDI32.dll
0x00007fffd43d0000 - 0x00007fffd43f2000 	C:\WINDOWS\System32\win32u.dll
0x00007fffd3c60000 - 0x00007fffd3d6d000 	C:\WINDOWS\System32\gdi32full.dll
0x00007fffd41d0000 - 0x00007fffd426d000 	C:\WINDOWS\System32\msvcp_win.dll
0x00007fffca250000 - 0x00007fffca25a000 	C:\WINDOWS\SYSTEM32\VERSION.dll
0x00007fffd5240000 - 0x00007fffd5270000 	C:\WINDOWS\System32\IMM32.DLL
0x00007fff9c660000 - 0x00007fff9c6fb000 	C:\Program Files\Java\jdk-13.0.2\bin\msvcp140.dll
0x00007fff89900000 - 0x00007fff8a45d000 	C:\Program Files\Java\jdk-13.0.2\bin\server\jvm.dll
0x00007fffd5230000 - 0x00007fffd5238000 	C:\WINDOWS\System32\PSAPI.DLL
0x00007fffd3400000 - 0x00007fffd3409000 	C:\WINDOWS\SYSTEM32\WSOCK32.dll
0x00007fffca260000 - 0x00007fffca287000 	C:\WINDOWS\SYSTEM32\WINMM.dll
0x00007fffd5b40000 - 0x00007fffd5bab000 	C:\WINDOWS\System32\WS2_32.dll
0x00007fffd14a0000 - 0x00007fffd14b2000 	C:\WINDOWS\SYSTEM32\kernel.appcore.dll
0x00007fffc6df0000 - 0x00007fffc6e00000 	C:\Program Files\Java\jdk-13.0.2\bin\verify.dll
0x00007fffd3620000 - 0x00007fffd3804000 	C:\WINDOWS\SYSTEM32\DBGHELP.DLL
0x00007fffd33b0000 - 0x00007fffd33dc000 	C:\WINDOWS\SYSTEM32\dbgcore.DLL
0x00007fffd4040000 - 0x00007fffd40c2000 	C:\WINDOWS\System32\bcryptPrimitives.dll
0x00007fffc6dc0000 - 0x00007fffc6de6000 	C:\Program Files\Java\jdk-13.0.2\bin\java.dll
0x00007fffc3be0000 - 0x00007fffc3bf7000 	C:\Program Files\Java\jdk-13.0.2\bin\zip.dll
0x00007fffc6d80000 - 0x00007fffc6d8a000 	C:\Program Files\Java\jdk-13.0.2\bin\jimage.dll
0x00007fffd5320000 - 0x00007fffd5a64000 	C:\WINDOWS\System32\SHELL32.dll
0x00007fffd16a0000 - 0x00007fffd1e34000 	C:\WINDOWS\SYSTEM32\windows.storage.dll
0x00007fffd5c90000 - 0x00007fffd5fe5000 	C:\WINDOWS\System32\combase.dll
0x00007fffd3200000 - 0x00007fffd322e000 	C:\WINDOWS\SYSTEM32\Wldp.dll
0x00007fffd4a90000 - 0x00007fffd4b3d000 	C:\WINDOWS\System32\SHCORE.dll
0x00007fffd5c10000 - 0x00007fffd5c65000 	C:\WINDOWS\System32\shlwapi.dll
0x00007fffd3b40000 - 0x00007fffd3b5f000 	C:\WINDOWS\SYSTEM32\profapi.dll
0x00007fffc3bc0000 - 0x00007fffc3bd9000 	C:\Program Files\Java\jdk-13.0.2\bin\net.dll
0x00007fffc45f0000 - 0x00007fffc46fc000 	C:\WINDOWS\SYSTEM32\WINHTTP.dll
0x00007fffd2f80000 - 0x00007fffd2fea000 	C:\WINDOWS\system32\mswsock.dll
0x00007fffbdb60000 - 0x00007fffbdb73000 	C:\Program Files\Java\jdk-13.0.2\bin\nio.dll
0x00007fffc3c00000 - 0x00007fffc3c27000 	C:\Users\jeffe\.gradle\native\e1d6ef7f7dcc3fd88c89a11ec53ec762bb8ba0a96d01ffa2cd45eb1d1d8dd5c5\windows-amd64\native-platform.dll
0x00007fff8b200000 - 0x00007fff8b344000 	C:\Users\jeffe\.gradle\native\5664cfc778a61ccfe75a443a1ab52a65af34e5dc3c78e0209fed803814484fcb\windows-amd64\native-platform-file-events.dll
0x00007fffc6870000 - 0x00007fffc6879000 	C:\Program Files\Java\jdk-13.0.2\bin\management.dll
0x00007fffc6740000 - 0x00007fffc674b000 	C:\Program Files\Java\jdk-13.0.2\bin\management_ext.dll
0x00007fffd3980000 - 0x00007fffd3998000 	C:\WINDOWS\SYSTEM32\CRYPTSP.dll
0x00007fffd28a0000 - 0x00007fffd28d4000 	C:\WINDOWS\system32\rsaenh.dll
0x00007fffd4400000 - 0x00007fffd4427000 	C:\WINDOWS\System32\bcrypt.dll
0x00007fffd3b00000 - 0x00007fffd3b2e000 	C:\WINDOWS\SYSTEM32\USERENV.dll
0x00007fffd3170000 - 0x00007fffd317c000 	C:\WINDOWS\SYSTEM32\CRYPTBASE.dll
0x00007fffd2c70000 - 0x00007fffd2cab000 	C:\WINDOWS\SYSTEM32\IPHLPAPI.DLL
0x00007fffd5310000 - 0x00007fffd5318000 	C:\WINDOWS\System32\NSI.dll
0x00007fffcb910000 - 0x00007fffcb927000 	C:\WINDOWS\SYSTEM32\dhcpcsvc6.DLL
0x00007fffcae60000 - 0x00007fffcae7d000 	C:\WINDOWS\SYSTEM32\dhcpcsvc.DLL
0x00007fffd2cb0000 - 0x00007fffd2d7b000 	C:\WINDOWS\SYSTEM32\DNSAPI.dll

dbghelp: loaded successfully - version: 4.0.5 - missing functions: none
symbol engine: initialized successfully - sym options: 0x614 - pdb path: .;C:\Program Files\Java\jdk-13.0.2\bin;C:\WINDOWS\SYSTEM32;C:\WINDOWS\WinSxS\amd64_microsoft.windows.common-controls_6595b64144ccf1df_6.0.19041.1110_none_60b5254171f9507e;C:\Program Files\Java\jdk-13.0.2\bin\server;C:\Users\jeffe\.gradle\native\e1d6ef7f7dcc3fd88c89a11ec53ec762bb8ba0a96d01ffa2cd45eb1d1d8dd5c5\windows-amd64;C:\Users\jeffe\.gradle\native\5664cfc778a61ccfe75a443a1ab52a65af34e5dc3c78e0209fed803814484fcb\windows-amd64

VM Arguments:
jvm_args: --add-opens=java.base/java.util=ALL-UNNAMED --add-opens=java.base/java.lang=ALL-UNNAMED --add-opens=java.base/java.lang.invoke=ALL-UNNAMED --add-opens=java.base/java.util=ALL-UNNAMED --add-opens=java.prefs/java.util.prefs=ALL-UNNAMED --add-opens=java.prefs/java.util.prefs=ALL-UNNAMED --add-opens=java.base/java.nio.charset=ALL-UNNAMED --add-opens=java.base/java.net=ALL-UNNAMED --add-opens=java.base/java.util.concurrent.atomic=ALL-UNNAMED -Xmx2048m -Dfile.encoding=UTF-8 -Duser.country=PH -Duser.language=en -Duser.variant 
java_command: org.gradle.launcher.daemon.bootstrap.GradleDaemon 7.3.2
java_class_path (initial): C:\Users\jeffe\.gradle\wrapper\dists\gradle-7.3.2-bin\4k4cn06q0rruwh9dpndf9gmi8\gradle-7.3.2\lib\gradle-launcher-7.3.2.jar
Launcher Type: SUN_STANDARD

[Global flags]
     intx CICompilerCount                          = 4                                         {product} {ergonomic}
     uint ConcGCThreads                            = 2                                         {product} {ergonomic}
     uint G1ConcRefinementThreads                  = 8                                         {product} {ergonomic}
   size_t G1HeapRegionSize                         = 1048576                                   {product} {ergonomic}
    uintx GCDrainStackTargetSize                   = 64                                        {product} {ergonomic}
   size_t InitialHeapSize                          = 234881024                                 {product} {ergonomic}
   size_t MarkStackSize                            = 4194304                                   {product} {ergonomic}
   size_t MaxHeapSize                              = 2147483648                                {product} {command line}
   size_t MaxNewSize                               = 1287651328                                {product} {ergonomic}
   size_t MinHeapDeltaBytes                        = 1048576                                   {product} {ergonomic}
   size_t MinHeapSize                              = 8388608                                   {product} {ergonomic}
    uintx NonNMethodCodeHeapSize                   = 5839372                                {pd product} {ergonomic}
    uintx NonProfiledCodeHeapSize                  = 122909434                              {pd product} {ergonomic}
    uintx ProfiledCodeHeapSize                     = 122909434                              {pd product} {ergonomic}
    uintx ReservedCodeCacheSize                    = 251658240                              {pd product} {ergonomic}
     bool SegmentedCodeCache                       = true                                      {product} {ergonomic}
   size_t SoftMaxHeapSize                          = 2147483648                             {manageable} {ergonomic}
     bool UseCompressedClassPointers               = true                                 {lp64_product} {ergonomic}
     bool UseCompressedOops                        = true                                 {lp64_product} {ergonomic}
     bool UseG1GC                                  = true                                      {product} {ergonomic}
     bool UseLargePagesIndividualAllocation        = false                                  {pd product} {ergonomic}

Logging:
Log output configuration:
 #0: stdout all=warning uptime,level,tags
 #1: stderr all=off uptime,level,tags

Environment Variables:
JAVA_HOME=C:\Program Files\Java\jdk-13.0.2
PATH=C:\Program Files (x86)\Razer Chroma SDK\bin;C:\Program Files\Razer Chroma SDK\bin;C:\Program Files (x86)\Razer\ChromaBroadcast\bin;C:\Program Files\Razer\ChromaBroadcast\bin;C:\WINDOWS\system32;C:\WINDOWS;C:\WINDOWS\System32\Wbem;C:\WINDOWS\System32\WindowsPowerShell\v1.0\;C:\WINDOWS\System32\OpenSSH\;C:\Program Files\Java\jdk-13.0.2\bin;C:\Program Files\MySQL\MySQL Server 5.5\bin;C:\WINDOWS\system32\config\systemprofile\AppData\Local\Microsoft\WindowsApps;C:\Users\jeffe\AppData\Local\Microsoft\WindowsApps;C:\xampp\php;C:\ProgramData\ComposerSetup\bin;C:\Program Files\Git\cmd;C:\Program Files\MySQL\MySQL Shell 8.0\bin\;C:\Users\jeffe\AppData\Local\Microsoft\WindowsApps;C:\Users\jeffe\AppData\Roaming\Composer\vendor\bin
USERNAME=jeffe
OS=Windows_NT
PROCESSOR_IDENTIFIER=AMD64 Family 23 Model 24 Stepping 1, AuthenticAMD



---------------  S Y S T E M  ---------------

OS: Windows 10 , 64 bit Build 19041 (10.0.19041.1348)

CPU:total 8 (initial active 8) (8 cores per cpu, 2 threads per core) family 23 model 24 stepping 1, cmov, cx8, fxsr, mmx, sse, sse2, sse3, ssse3, sse4.1, sse4.2, popcnt, avx, avx2, aes, clmul, mmxext, 3dnowpref, lzcnt, sse4a, ht, tsc, tscinvbit, tscinv, bmi1, bmi2, adx, sha, fma

Memory: 4k page, system-wide physical 14274M (7916M free)
TotalPageFile size 16450M (AvailPageFile size 7553M)
current process WorkingSet (physical memory assigned to process): 270M, peak: 270M
current process commit charge ("private bytes"): 397M, peak: 397M

vm_info: Java HotSpot(TM) 64-Bit Server VM (13.0.2+8) for windows-amd64 JRE (13.0.2+8), built on Dec 11 2019 09:20:33 by "mach5one" with unknown MS VC++:1916

END.
