#
# A fatal error has been detected by the Java Runtime Environment:
#
#  EXCEPTION_ACCESS_VIOLATION (0xc0000005) at pc=0x00007ffbbf669db0, pid=13436, tid=12512
#
# JRE version: OpenJDK Runtime Environment (11.0.10) (build 11.0.10+0-b96-7249189)
# Java VM: OpenJDK 64-Bit Server VM (11.0.10+0-b96-7249189, mixed mode, tiered, compressed oops, g1 gc, windows-amd64)
# Problematic frame:
# V  [jvm.dll+0x619db0]
#
# No core dump will be written. Minidumps are not enabled by default on client versions of Windows
#
# If you would like to submit a bug report, please visit:
#   https://bugreport.java.com/bugreport/crash.jsp
#

---------------  S U M M A R Y ------------

Command Line: --add-opens=java.base/java.util=ALL-UNNAMED --add-opens=java.base/java.lang=ALL-UNNAMED --add-opens=java.base/java.lang.invoke=ALL-UNNAMED --add-opens=java.base/java.util=ALL-UNNAMED --add-opens=java.prefs/java.util.prefs=ALL-UNNAMED --add-opens=java.prefs/java.util.prefs=ALL-UNNAMED --add-opens=java.base/java.nio.charset=ALL-UNNAMED --add-opens=java.base/java.net=ALL-UNNAMED --add-opens=java.base/java.util.concurrent.atomic=ALL-UNNAMED -Xmx2048m -Dfile.encoding=UTF-8 -Duser.country=PH -Duser.language=en -Duser.variant org.gradle.launcher.daemon.bootstrap.GradleDaemon 7.0.2

Host: AMD Ryzen 5 3550H with Radeon Vega Mobile Gfx  , 8 cores, 13G,  Windows 10 , 64 bit Build 19041 (10.0.19041.1320)
Time: Sun Nov  7 21:54:51 2021 Malay Peninsula Standard Time elapsed time: 3195.163904 seconds (0d 0h 53m 15s)

---------------  T H R E A D  ---------------

Current thread (0x0000015d24b35800):  JavaThread "C2 CompilerThread0" daemon [_thread_in_native, id=12512, stack(0x0000001540900000,0x0000001540a00000)]


Current CompileTask:
C2:3195164 19060       4       com.android.ide.common.symbols.SymbolIo::readSymbolListWithPackageLine (225 bytes)

Stack: [0x0000001540900000,0x0000001540a00000],  sp=0x00000015409fbc80,  free space=1007k
Native frames: (J=compiled Java code, j=interpreted, Vv=VM code, C=native code)
V  [jvm.dll+0x619db0]
V  [jvm.dll+0x61d3eb]
V  [jvm.dll+0x1980d8]
V  [jvm.dll+0x1fb70e]
V  [jvm.dll+0x1fa7f4]
V  [jvm.dll+0x18354c]
V  [jvm.dll+0x208ee7]
V  [jvm.dll+0x207731]
V  [jvm.dll+0x6eb1cf]
V  [jvm.dll+0x6e3d45]
V  [jvm.dll+0x5ebe96]
C  [ucrtbase.dll+0x21bb2]
C  [KERNEL32.DLL+0x17034]
C  [ntdll.dll+0x52651]


siginfo: EXCEPTION_ACCESS_VIOLATION (0xc0000005), reading address 0x0000035d2fbe1620


Register to memory mapping:

RIP=0x00007ffbbf669db0 jvm.dll
RAX=0x0000015d2bd1c638 points into unknown readable memory: 0x00007ffbbf833ea0 | a0 3e 83 bf fb 7f 00 00
RBX=0x0000015d2bd1c638 points into unknown readable memory: 0x00007ffbbf833ea0 | a0 3e 83 bf fb 7f 00 00
RCX=0x0000015d2bd1cb68 points into unknown readable memory: 0x00007ffbbf833ea0 | a0 3e 83 bf fb 7f 00 00
RDX=0x0000015d2bd1c638 points into unknown readable memory: 0x00007ffbbf833ea0 | a0 3e 83 bf fb 7f 00 00
RSP=0x00000015409fbc80 is pointing into the stack for thread: 0x0000015d24b35800
RBP=0x00000015409fbdc0 is pointing into the stack for thread: 0x0000015d24b35800
RSI=0x0000015d2bd1cb68 points into unknown readable memory: 0x00007ffbbf833ea0 | a0 3e 83 bf fb 7f 00 00
RDI=0x000000000000000d is an unknown value
R8 =0x0 is NULL
R9 =0x0000000000001003 is an unknown value
R10=0x0000000000000003 is an unknown value
R11=0x0000015d274c8520 points into unknown readable memory: 0x00007ffbbf838568 | 68 85 83 bf fb 7f 00 00
R12=0x0000035d2fbe1620 is an unknown value
R13=0x0000015d2a07b100 points into unknown readable memory: 0x0000015d242ac290 | 90 c2 2a 24 5d 01 00 00
R14=0x0000035d2fbe1620 is an unknown value
R15=0x0000015d2bd1cb68 points into unknown readable memory: 0x00007ffbbf833ea0 | a0 3e 83 bf fb 7f 00 00


Registers:
RAX=0x0000015d2bd1c638, RBX=0x0000015d2bd1c638, RCX=0x0000015d2bd1cb68, RDX=0x0000015d2bd1c638
RSP=0x00000015409fbc80, RBP=0x00000015409fbdc0, RSI=0x0000015d2bd1cb68, RDI=0x000000000000000d
R8 =0x0000000000000000, R9 =0x0000000000001003, R10=0x0000000000000003, R11=0x0000015d274c8520
R12=0x0000035d2fbe1620, R13=0x0000015d2a07b100, R14=0x0000035d2fbe1620, R15=0x0000015d2bd1cb68
RIP=0x00007ffbbf669db0, EFLAGS=0x0000000000010246

Top of Stack: (sp=0x00000015409fbc80)
0x00000015409fbc80:   0000015d2b22f360 00000015409fc370
0x00000015409fbc90:   0000015d2b22f360 0000015d2b22f320
0x00000015409fbca0:   00000015409fc370 0000015d2a07b140
0x00000015409fbcb0:   0000000000000002 00007ffbbf66d3eb
0x00000015409fbcc0:   00000015409fbdc0 0000015d2bd1cb68
0x00000015409fbcd0:   000000000000000d 0000000000000001
0x00000015409fbce0:   0000015d2b22f360 0000015d2b22f320
0x00000015409fbcf0:   0000000000000001 00007ffb0000001c
0x00000015409fbd00:   0000015d274c8520 0000015d00000003
0x00000015409fbd10:   0000002000000004 0000000000000000
0x00000015409fbd20:   0000070300000007 0000015d336ddfe0
0x00000015409fbd30:   0000015d2f41f240 00007ffb000003d7
0x00000015409fbd40:   0000015d274cb980 0000000000000018
0x00000015409fbd50:   0000015d274cb980 0000015d2f41d000
0x00000015409fbd60:   0000015d24289640 0000015d2429d428
0x00000015409fbd70:   0000015d242ac290 0000015d2f41c6d0 

Instructions: (pc=0x00007ffbbf669db0)
0x00007ffbbf669cb0:   ff 48 8b 4f 50 49 89 2c 0e ff c3 3b 5f 48 72 c0
0x00007ffbbf669cc0:   4c 8b 74 24 40 48 8b 74 24 38 48 8b 6c 24 30 48
0x00007ffbbf669cd0:   8b 5c 24 48 48 83 c4 20 5f c3 cc cc cc cc cc cc
0x00007ffbbf669ce0:   48 89 5c 24 10 48 89 74 24 18 48 89 7c 24 20 8b
0x00007ffbbf669cf0:   41 08 48 8b f2 48 8b 59 20 48 8b f9 85 c0 74 56
0x00007ffbbf669d00:   45 33 c9 44 8b d8 66 66 0f 1f 84 00 00 00 00 00
0x00007ffbbf669d10:   4c 8b 57 18 4b 8b 04 0a 48 85 c0 74 2f 48 3b c3
0x00007ffbbf669d20:   74 2a 8b 48 28 8b c1 c1 e8 05 3b 46 10 73 19 44
0x00007ffbbf669d30:   8b c0 83 e1 1f 48 8b 46 18 ba 01 00 00 00 d3 e2
0x00007ffbbf669d40:   42 8b 04 80 23 c2 75 04 4b 89 1c 0a 49 83 c1 08
0x00007ffbbf669d50:   49 83 eb 01 75 ba 48 8b 5c 24 10 48 8b 74 24 18
0x00007ffbbf669d60:   48 8b 7c 24 20 c3 cc cc cc cc cc cc cc cc cc cc
0x00007ffbbf669d70:   48 89 5c 24 20 41 54 41 56 41 57 48 83 ec 20 4c
0x00007ffbbf669d80:   8b 61 10 48 8b da 44 8b 71 20 4c 8b f9 49 ff ce
0x00007ffbbf669d90:   4f 8d 34 f4 4d 3b f4 0f 82 d3 00 00 00 48 89 6c
0x00007ffbbf669da0:   24 40 48 89 74 24 48 48 89 7c 24 50 0f 1f 40 00
0x00007ffbbf669db0:   49 8b 3e 33 ed 33 f6 39 77 1c 0f 86 8f 00 00 00
0x00007ffbbf669dc0:   48 8b 47 08 4c 39 3c f0 4c 8d 04 f0 75 76 3b 77
0x00007ffbbf669dd0:   18 73 62 49 8b 10 48 85 d2 74 2b 4c 8b 4a 10 4d
0x00007ffbbf669de0:   85 c9 74 22 8b 4a 20 49 8d 04 c9 0f 1f 44 00 00
0x00007ffbbf669df0:   48 39 78 f8 48 8d 40 f8 75 f6 ff c9 89 4a 20 49
0x00007ffbbf669e00:   8b 14 c9 48 89 10 49 89 18 48 85 db 74 34 48 83
0x00007ffbbf669e10:   7b 10 00 74 2d 8b 53 20 3b 53 24 75 08 48 8b cb
0x00007ffbbf669e20:   e8 0b 34 fb ff 8b 4b 20 48 8b 43 10 48 89 3c c8
0x00007ffbbf669e30:   ff 43 20 eb 0d 4c 8b c3 8b d6 48 8b cf e8 4e 8a
0x00007ffbbf669e40:   af ff ff c5 ff c6 3b 77 1c 0f 82 71 ff ff ff 8b
0x00007ffbbf669e50:   c5 48 f7 d8 4d 8d 34 c6 4d 3b f4 0f 83 4f ff ff
0x00007ffbbf669e60:   ff 48 8b 7c 24 50 48 8b 74 24 48 48 8b 6c 24 40
0x00007ffbbf669e70:   48 8b 5c 24 58 48 83 c4 20 41 5f 41 5e 41 5c c3
0x00007ffbbf669e80:   0f 10 02 0f 11 01 0f 10 4a 10 0f 11 49 10 f2 0f
0x00007ffbbf669e90:   10 42 20 f2 0f 11 41 20 c3 cc cc cc cc cc cc cc
0x00007ffbbf669ea0:   48 89 5c 24 08 57 48 83 ec 20 48 8b 02 4d 8b d0 


Stack slot to memory mapping:
stack at sp + 0 slots: 0x0000015d2b22f360 points into unknown readable memory: 0x0000015d242ac290 | 90 c2 2a 24 5d 01 00 00
stack at sp + 1 slots: 0x00000015409fc370 is pointing into the stack for thread: 0x0000015d24b35800
stack at sp + 2 slots: 0x0000015d2b22f360 points into unknown readable memory: 0x0000015d242ac290 | 90 c2 2a 24 5d 01 00 00
stack at sp + 3 slots: 0x0000015d2b22f320 points into unknown readable memory: 0x0000015d242ac290 | 90 c2 2a 24 5d 01 00 00
stack at sp + 4 slots: 0x00000015409fc370 is pointing into the stack for thread: 0x0000015d24b35800
stack at sp + 5 slots: 0x0000015d2a07b140 points into unknown readable memory: 0x0000015d242ac290 | 90 c2 2a 24 5d 01 00 00
stack at sp + 6 slots: 0x0000000000000002 is an unknown value
stack at sp + 7 slots: 0x00007ffbbf66d3eb jvm.dll


---------------  P R O C E S S  ---------------

Threads class SMR info:
_java_thread_list=0x0000015d2b6adb80, length=69, elements={
0x0000015d07e1c800, 0x0000015d2429c000, 0x0000015d2429f800, 0x0000015d24b21800,
0x0000015d24b22800, 0x0000015d24b26000, 0x0000015d24b35800, 0x0000015d24b36800,
0x0000015d24b3a000, 0x0000015d24cb3000, 0x0000015d26c4f000, 0x0000015d24d92000,
0x0000015d26436000, 0x0000015d26e0a800, 0x0000015d26e0b000, 0x0000015d26e0c000,
0x0000015d26e08800, 0x0000015d26e0c800, 0x0000015d25718000, 0x0000015d2571a800,
0x0000015d25719800, 0x0000015d2571b000, 0x0000015d25716800, 0x0000015d2783d800,
0x0000015d2783a800, 0x0000015d2783e800, 0x0000015d27841000, 0x0000015d2783f000,
0x0000015d2783b000, 0x0000015d2a7d9800, 0x0000015d2783c000, 0x0000015d27839800,
0x0000015d27835800, 0x0000015d27838800, 0x0000015d27836000, 0x0000015d27834000,
0x0000015d27834800, 0x0000015d2783d000, 0x0000015d27837000, 0x0000015d27838000,
0x0000015d27842800, 0x0000015d2aafc000, 0x0000015d2aaf9800, 0x0000015d2aafd000,
0x0000015d2bd08000, 0x0000015d2ab00000, 0x0000015d2aafd800, 0x0000015d2aafe800,
0x0000015d2aafa800, 0x0000015d2aafb800, 0x0000015d2ab02000, 0x0000015d2ab03800,
0x0000015d2ab04800, 0x0000015d2ab02800, 0x0000015d2ab01000, 0x0000015d2ab06000,
0x0000015d2ab05000, 0x0000015d2ab06800, 0x0000015d2ab07800, 0x0000015d2ab08800,
0x0000015d2a7d2000, 0x0000015d2a7d8000, 0x0000015d2a7d5800, 0x0000015d2a7d6000,
0x0000015d2a7d3000, 0x0000015d2a7da800, 0x0000015d2a7d8800, 0x0000015d2a7dc800,
0x0000015d33991000
}

Java Threads: ( => current thread )
  0x0000015d07e1c800 JavaThread "main" [_thread_blocked, id=13344, stack(0x000000153fd00000,0x000000153fe00000)]
  0x0000015d2429c000 JavaThread "Reference Handler" daemon [_thread_blocked, id=15156, stack(0x0000001540400000,0x0000001540500000)]
  0x0000015d2429f800 JavaThread "Finalizer" daemon [_thread_blocked, id=8080, stack(0x0000001540500000,0x0000001540600000)]
  0x0000015d24b21800 JavaThread "Signal Dispatcher" daemon [_thread_blocked, id=3176, stack(0x0000001540600000,0x0000001540700000)]
  0x0000015d24b22800 JavaThread "Attach Listener" daemon [_thread_blocked, id=10988, stack(0x0000001540700000,0x0000001540800000)]
  0x0000015d24b26000 JavaThread "Service Thread" daemon [_thread_blocked, id=14576, stack(0x0000001540800000,0x0000001540900000)]
=>0x0000015d24b35800 JavaThread "C2 CompilerThread0" daemon [_thread_in_native, id=12512, stack(0x0000001540900000,0x0000001540a00000)]
  0x0000015d24b36800 JavaThread "C1 CompilerThread0" daemon [_thread_blocked, id=15224, stack(0x0000001540a00000,0x0000001540b00000)]
  0x0000015d24b3a000 JavaThread "Sweeper thread" daemon [_thread_blocked, id=3028, stack(0x0000001540b00000,0x0000001540c00000)]
  0x0000015d24cb3000 JavaThread "Common-Cleaner" daemon [_thread_blocked, id=14216, stack(0x0000001540c00000,0x0000001540d00000)]
  0x0000015d26c4f000 JavaThread "Daemon health stats" [_thread_blocked, id=8700, stack(0x0000001540f00000,0x0000001541000000)]
  0x0000015d24d92000 JavaThread "Incoming local TCP Connector on port 60191" [_thread_in_native, id=14760, stack(0x0000001540e00000,0x0000001540f00000)]
  0x0000015d26436000 JavaThread "Daemon periodic checks" [_thread_blocked, id=13248, stack(0x0000001541400000,0x0000001541500000)]
  0x0000015d26e0a800 JavaThread "Cache worker for file hash cache (C:\Users\jeffe\.gradle\caches\7.0.2\fileHashes)" [_thread_blocked, id=11976, stack(0x0000001541f00000,0x0000001542000000)]
  0x0000015d26e0b000 JavaThread "File lock request listener" [_thread_in_native, id=7988, stack(0x0000001542000000,0x0000001542100000)]
  0x0000015d26e0c000 JavaThread "Cache worker for journal cache (C:\Users\jeffe\.gradle\caches\journal-1)" [_thread_blocked, id=14528, stack(0x0000001542200000,0x0000001542300000)]
  0x0000015d26e08800 JavaThread "File watcher server" daemon [_thread_in_native, id=3264, stack(0x0000001542500000,0x0000001542600000)]
  0x0000015d26e0c800 JavaThread "File watcher consumer" daemon [_thread_blocked, id=8964, stack(0x0000001542600000,0x0000001542700000)]
  0x0000015d25718000 JavaThread "Cache worker for execution history cache (C:\Users\jeffe\.gradle\caches\7.0.2\executionHistory)" [_thread_blocked, id=9832, stack(0x0000001542b00000,0x0000001542c00000)]
  0x0000015d2571a800 JavaThread "jar transforms" [_thread_blocked, id=484, stack(0x0000001542c00000,0x0000001542d00000)]
  0x0000015d25719800 JavaThread "jar transforms Thread 2" [_thread_blocked, id=8040, stack(0x0000001542d00000,0x0000001542e00000)]
  0x0000015d2571b000 JavaThread "Cache worker for file content cache (C:\Users\jeffe\.gradle\caches\7.0.2\fileContent)" [_thread_blocked, id=1668, stack(0x0000001542e00000,0x0000001542f00000)]
  0x0000015d25716800 JavaThread "jar transforms Thread 3" [_thread_blocked, id=10316, stack(0x0000001543000000,0x0000001543100000)]
  0x0000015d2783d800 JavaThread "jar transforms Thread 4" [_thread_blocked, id=13124, stack(0x0000001543a00000,0x0000001543b00000)]
  0x0000015d2783a800 JavaThread "jar transforms Thread 5" [_thread_blocked, id=11248, stack(0x0000001543b00000,0x0000001543c00000)]
  0x0000015d2783e800 JavaThread "jar transforms Thread 6" [_thread_blocked, id=388, stack(0x0000001543c00000,0x0000001543d00000)]
  0x0000015d27841000 JavaThread "jar transforms Thread 7" [_thread_blocked, id=10576, stack(0x0000001543d00000,0x0000001543e00000)]
  0x0000015d2783f000 JavaThread "jar transforms Thread 8" [_thread_blocked, id=1124, stack(0x0000001543e00000,0x0000001543f00000)]
  0x0000015d2783b000 JavaThread "Memory manager" [_thread_blocked, id=8524, stack(0x0000001543f00000,0x0000001544000000)]
  0x0000015d2a7d9800 JavaThread "Cache worker for Java compile cache (C:\Users\jeffe\.gradle\caches\7.0.2\javaCompile)" [_thread_blocked, id=12016, stack(0x0000001544900000,0x0000001544a00000)]
  0x0000015d2783c000 JavaThread "ForkJoinPool.commonPool-worker-7" daemon [_thread_blocked, id=12636, stack(0x0000001545100000,0x0000001545200000)]
  0x0000015d27839800 JavaThread "Daemon Thread 3" [_thread_blocked, id=12460, stack(0x000000153fa00000,0x000000153fb00000)]
  0x0000015d27835800 JavaThread "Handler for socket connection from /127.0.0.1:60191 to /127.0.0.1:60506" [_thread_in_native, id=10432, stack(0x000000153fb00000,0x000000153fc00000)]
  0x0000015d27838800 JavaThread "Cancel handler" [_thread_blocked, id=11312, stack(0x000000153fc00000,0x000000153fd00000)]
  0x0000015d27836000 JavaThread "Daemon worker Thread 3" [_thread_blocked, id=8544, stack(0x0000001541500000,0x0000001541600000)]
  0x0000015d27834000 JavaThread "Asynchronous log dispatcher for DefaultDaemonConnection: socket connection from /127.0.0.1:60191 to /127.0.0.1:60506" [_thread_blocked, id=7272, stack(0x0000001541600000,0x0000001541700000)]
  0x0000015d27834800 JavaThread "Stdin handler" [_thread_blocked, id=2976, stack(0x0000001541700000,0x0000001541800000)]
  0x0000015d2783d000 JavaThread "Daemon client event forwarder" [_thread_blocked, id=3016, stack(0x0000001541800000,0x0000001541900000)]
  0x0000015d27837000 JavaThread "Cache worker for file hash cache (C:\Users\jeffe\AndroidStudioProjects\FirstAidKit3\.gradle\7.0.2\fileHashes)" [_thread_blocked, id=3524, stack(0x0000001541900000,0x0000001541a00000)]
  0x0000015d27838000 JavaThread "Cache worker for checksums cache (C:\Users\jeffe\AndroidStudioProjects\FirstAidKit3\.gradle\checksums)" [_thread_blocked, id=11776, stack(0x0000001541a00000,0x0000001541b00000)]
  0x0000015d27842800 JavaThread "Cache worker for cache directory md-supplier (C:\Users\jeffe\.gradle\caches\7.0.2\md-supplier)" [_thread_blocked, id=5016, stack(0x0000001541b00000,0x0000001541c00000)]
  0x0000015d2aafc000 JavaThread "Cache worker for cache directory md-rule (C:\Users\jeffe\.gradle\caches\7.0.2\md-rule)" [_thread_blocked, id=12012, stack(0x0000001542300000,0x0000001542400000)]
  0x0000015d2aaf9800 JavaThread "Cache worker for dependencies-accessors (C:\Users\jeffe\AndroidStudioProjects\FirstAidKit3\.gradle\7.0.2\dependencies-accessors)" [_thread_blocked, id=10116, stack(0x0000001542400000,0x0000001542500000)]
  0x0000015d2aafd000 JavaThread "Cache worker for Build Output Cleanup Cache (C:\Users\jeffe\AndroidStudioProjects\FirstAidKit3\.gradle\buildOutputCleanup)" [_thread_blocked, id=12972, stack(0x0000001542700000,0x0000001542800000)]
  0x0000015d2bd08000 JavaThread "C2 CompilerThread1" daemon [_thread_in_native, id=6712, stack(0x0000001542800000,0x0000001542900000)]
  0x0000015d2ab00000 JavaThread "Build operations" [_thread_blocked, id=3860, stack(0x0000001542900000,0x0000001542a00000)]
  0x0000015d2aafd800 JavaThread "Build operations Thread 2" [_thread_blocked, id=3812, stack(0x0000001542a00000,0x0000001542b00000)]
  0x0000015d2aafe800 JavaThread "Build operations Thread 3" [_thread_blocked, id=4196, stack(0x0000001542f00000,0x0000001543000000)]
  0x0000015d2aafa800 JavaThread "Build operations Thread 4" [_thread_blocked, id=1824, stack(0x0000001543100000,0x0000001543200000)]
  0x0000015d2aafb800 JavaThread "Build operations Thread 5" [_thread_blocked, id=8176, stack(0x0000001543200000,0x0000001543300000)]
  0x0000015d2ab02000 JavaThread "Build operations Thread 6" [_thread_blocked, id=12404, stack(0x0000001543300000,0x0000001543400000)]
  0x0000015d2ab03800 JavaThread "Build operations Thread 7" [_thread_blocked, id=10136, stack(0x0000001543400000,0x0000001543500000)]
  0x0000015d2ab04800 JavaThread "Build operations Thread 8" [_thread_blocked, id=6444, stack(0x0000001543500000,0x0000001543600000)]
  0x0000015d2ab02800 JavaThread "build event listener" [_thread_blocked, id=4776, stack(0x0000001543700000,0x0000001543800000)]
  0x0000015d2ab01000 JavaThread "Execution worker for ':'" [_thread_blocked, id=12488, stack(0x0000001543800000,0x0000001543900000)]
  0x0000015d2ab06000 JavaThread "Execution worker for ':' Thread 2" [_thread_blocked, id=2596, stack(0x0000001543900000,0x0000001543a00000)]
  0x0000015d2ab05000 JavaThread "Execution worker for ':' Thread 3" [_thread_blocked, id=8416, stack(0x0000001544000000,0x0000001544100000)]
  0x0000015d2ab06800 JavaThread "Execution worker for ':' Thread 4" [_thread_blocked, id=9916, stack(0x0000001544100000,0x0000001544200000)]
  0x0000015d2ab07800 JavaThread "Execution worker for ':' Thread 5" [_thread_blocked, id=2204, stack(0x0000001544200000,0x0000001544300000)]
  0x0000015d2ab08800 JavaThread "Execution worker for ':' Thread 6" [_thread_blocked, id=12040, stack(0x0000001544300000,0x0000001544400000)]
  0x0000015d2a7d2000 JavaThread "Execution worker for ':' Thread 7" [_thread_blocked, id=11004, stack(0x0000001544400000,0x0000001544500000)]
  0x0000015d2a7d8000 JavaThread "Cache worker for execution history cache (C:\Users\jeffe\AndroidStudioProjects\FirstAidKit3\.gradle\7.0.2\executionHistory)" [_thread_blocked, id=14220, stack(0x0000001544500000,0x0000001544600000)]
  0x0000015d2a7d5800 JavaThread "WorkerExecutor Queue" [_thread_blocked, id=10796, stack(0x0000001544600000,0x0000001544700000)]
  0x0000015d2a7d6000 JavaThread "WorkerExecutor Queue Thread 2" [_thread_blocked, id=14436, stack(0x0000001544700000,0x0000001544800000)]
  0x0000015d2a7d3000 JavaThread "WorkerExecutor Queue Thread 3" [_thread_in_Java, id=9232, stack(0x0000001544800000,0x0000001544900000)]
  0x0000015d2a7da800 JavaThread "pool-10-thread-1" [_thread_blocked, id=2024, stack(0x0000001544a00000,0x0000001544b00000)]
  0x0000015d2a7d8800 JavaThread "stderr" [_thread_in_native, id=13692, stack(0x0000001544c00000,0x0000001544d00000)]
  0x0000015d2a7dc800 JavaThread "stdout" [_thread_in_native, id=10472, stack(0x0000001544d00000,0x0000001544e00000)]
  0x0000015d33991000 JavaThread "C2 CompilerThread2" daemon [_thread_in_native, id=14976, stack(0x0000001543600000,0x0000001543700000)]

Other Threads:
  0x0000015d24ad7000 VMThread "VM Thread" [stack: 0x0000001540300000,0x0000001540400000] [id=10344]
  0x0000015d24cc6800 WatcherThread [stack: 0x0000001540d00000,0x0000001540e00000] [id=11764]
  0x0000015d07e35800 GCTaskThread "GC Thread#0" [stack: 0x000000153fe00000,0x000000153ff00000] [id=6352]
  0x0000015d25c69800 GCTaskThread "GC Thread#1" [stack: 0x0000001541000000,0x0000001541100000] [id=10508]
  0x0000015d25ad1000 GCTaskThread "GC Thread#2" [stack: 0x0000001541100000,0x0000001541200000] [id=10024]
  0x0000015d25270800 GCTaskThread "GC Thread#3" [stack: 0x0000001541200000,0x0000001541300000] [id=2888]
  0x0000015d2552f800 GCTaskThread "GC Thread#4" [stack: 0x0000001541300000,0x0000001541400000] [id=10708]
  0x0000015d261ba800 GCTaskThread "GC Thread#5" [stack: 0x0000001541c00000,0x0000001541d00000] [id=11512]
  0x0000015d27b65800 GCTaskThread "GC Thread#6" [stack: 0x0000001541d00000,0x0000001541e00000] [id=8836]
  0x0000015d26383800 GCTaskThread "GC Thread#7" [stack: 0x0000001541e00000,0x0000001541f00000] [id=15220]
  0x0000015d07e68000 ConcurrentGCThread "G1 Main Marker" [stack: 0x000000153ff00000,0x0000001540000000] [id=3636]
  0x0000015d07e6a800 ConcurrentGCThread "G1 Conc#0" [stack: 0x0000001540000000,0x0000001540100000] [id=12872]
  0x0000015d27748800 ConcurrentGCThread "G1 Conc#1" [stack: 0x0000001542100000,0x0000001542200000] [id=12732]
  0x0000015d07efe800 ConcurrentGCThread "G1 Refine#0" [stack: 0x0000001540100000,0x0000001540200000] [id=15308]
  0x0000015d2d31e800 ConcurrentGCThread "G1 Refine#1" [stack: 0x0000001544b00000,0x0000001544c00000] [id=5864]
  0x0000015d26e59800 ConcurrentGCThread "G1 Refine#2" [stack: 0x0000001544e00000,0x0000001544f00000] [id=492]
  0x0000015d24112800 ConcurrentGCThread "G1 Young RemSet Sampling" [stack: 0x0000001540200000,0x0000001540300000] [id=12820]

Threads with active compile tasks:
C2 CompilerThread03195229 19060       4       com.android.ide.common.symbols.SymbolIo::readSymbolListWithPackageLine (225 bytes)
C2 CompilerThread13195229 19175   !   4       com.sun.crypto.provider.PKCS12PBECipherCore::derive (501 bytes)
C2 CompilerThread23195229 19120       4       com.android.builder.symbols.BytecodeRClassWriterKt::generateResourceTypeClass (725 bytes)

VM state:not at safepoint (normal execution)

VM Mutex/Monitor currently owned by a thread: None

Heap address: 0x0000000080000000, size: 2048 MB, Compressed Oops mode: 32-bit
Narrow klass base: 0x0000000000000000, Narrow klass shift: 3
Compressed class space size: 1073741824 Address: 0x0000000100000000

Heap:
 garbage-first heap   total 229376K, used 139315K [0x0000000080000000, 0x0000000100000000)
  region size 1024K, 45 young (46080K), 2 survivors (2048K)
 Metaspace       used 114946K, capacity 117864K, committed 118732K, reserved 1153024K
  class space    used 14581K, capacity 15681K, committed 16076K, reserved 1048576K
Heap Regions: E=young(eden), S=young(survivor), O=old, HS=humongous(starts), HC=humongous(continues), CS=collection set, F=free, A=archive, TAMS=top-at-mark-start (previous, next)
|   0|0x0000000080000000, 0x0000000080100000, 0x0000000080100000|100%| O|  |TAMS 0x0000000080100000, 0x0000000080000000| Untracked 
|   1|0x0000000080100000, 0x0000000080200000, 0x0000000080200000|100%| O|  |TAMS 0x0000000080200000, 0x0000000080100000| Untracked 
|   2|0x0000000080200000, 0x0000000080300000, 0x0000000080300000|100%| O|  |TAMS 0x0000000080300000, 0x0000000080200000| Untracked 
|   3|0x0000000080300000, 0x0000000080400000, 0x0000000080400000|100%|HS|  |TAMS 0x0000000080400000, 0x0000000080300000| Complete 
|   4|0x0000000080400000, 0x0000000080500000, 0x0000000080500000|100%|HC|  |TAMS 0x0000000080500000, 0x0000000080400000| Complete 
|   5|0x0000000080500000, 0x0000000080600000, 0x0000000080600000|100%|HC|  |TAMS 0x0000000080600000, 0x0000000080500000| Complete 
|   6|0x0000000080600000, 0x0000000080700000, 0x0000000080700000|100%| O|  |TAMS 0x0000000080700000, 0x0000000080600000| Untracked 
|   7|0x0000000080700000, 0x0000000080800000, 0x0000000080800000|100%| O|  |TAMS 0x0000000080800000, 0x0000000080700000| Untracked 
|   8|0x0000000080800000, 0x0000000080900000, 0x0000000080900000|100%| O|  |TAMS 0x0000000080900000, 0x0000000080800000| Untracked 
|   9|0x0000000080900000, 0x0000000080a00000, 0x0000000080a00000|100%| O|  |TAMS 0x0000000080a00000, 0x0000000080900000| Untracked 
|  10|0x0000000080a00000, 0x0000000080b00000, 0x0000000080b00000|100%| O|  |TAMS 0x0000000080b00000, 0x0000000080a00000| Untracked 
|  11|0x0000000080b00000, 0x0000000080c00000, 0x0000000080c00000|100%| O|  |TAMS 0x0000000080c00000, 0x0000000080b00000| Untracked 
|  12|0x0000000080c00000, 0x0000000080d00000, 0x0000000080d00000|100%| O|  |TAMS 0x0000000080d00000, 0x0000000080c00000| Untracked 
|  13|0x0000000080d00000, 0x0000000080e00000, 0x0000000080e00000|100%| O|  |TAMS 0x0000000080e00000, 0x0000000080d00000| Untracked 
|  14|0x0000000080e00000, 0x0000000080f00000, 0x0000000080f00000|100%| O|  |TAMS 0x0000000080f00000, 0x0000000080e00000| Untracked 
|  15|0x0000000080f00000, 0x0000000081000000, 0x0000000081000000|100%| O|  |TAMS 0x0000000081000000, 0x0000000080f00000| Untracked 
|  16|0x0000000081000000, 0x0000000081100000, 0x0000000081100000|100%|HS|  |TAMS 0x0000000081100000, 0x0000000081000000| Complete 
|  17|0x0000000081100000, 0x0000000081200000, 0x0000000081200000|100%|HS|  |TAMS 0x0000000081200000, 0x0000000081100000| Complete 
|  18|0x0000000081200000, 0x0000000081300000, 0x0000000081300000|100%|HS|  |TAMS 0x0000000081300000, 0x0000000081200000| Complete 
|  19|0x0000000081300000, 0x0000000081400000, 0x0000000081400000|100%|HC|  |TAMS 0x0000000081400000, 0x0000000081300000| Complete 
|  20|0x0000000081400000, 0x0000000081500000, 0x0000000081500000|100%| O|  |TAMS 0x0000000081500000, 0x0000000081400000| Untracked 
|  21|0x0000000081500000, 0x0000000081600000, 0x0000000081600000|100%| O|  |TAMS 0x0000000081600000, 0x0000000081500000| Untracked 
|  22|0x0000000081600000, 0x0000000081700000, 0x0000000081700000|100%| O|  |TAMS 0x0000000081700000, 0x0000000081600000| Untracked 
|  23|0x0000000081700000, 0x0000000081800000, 0x0000000081800000|100%| O|  |TAMS 0x0000000081800000, 0x0000000081700000| Untracked 
|  24|0x0000000081800000, 0x0000000081900000, 0x0000000081900000|100%| O|  |TAMS 0x0000000081900000, 0x0000000081800000| Untracked 
|  25|0x0000000081900000, 0x0000000081a00000, 0x0000000081a00000|100%| O|  |TAMS 0x0000000081a00000, 0x0000000081900000| Untracked 
|  26|0x0000000081a00000, 0x0000000081b00000, 0x0000000081b00000|100%| O|  |TAMS 0x0000000081b00000, 0x0000000081a00000| Untracked 
|  27|0x0000000081b00000, 0x0000000081c00000, 0x0000000081c00000|100%| O|  |TAMS 0x0000000081c00000, 0x0000000081b00000| Untracked 
|  28|0x0000000081c00000, 0x0000000081d00000, 0x0000000081d00000|100%| O|  |TAMS 0x0000000081d00000, 0x0000000081c00000| Untracked 
|  29|0x0000000081d00000, 0x0000000081e00000, 0x0000000081e00000|100%| O|  |TAMS 0x0000000081e00000, 0x0000000081d00000| Untracked 
|  30|0x0000000081e00000, 0x0000000081f00000, 0x0000000081f00000|100%| O|  |TAMS 0x0000000081f00000, 0x0000000081e00000| Untracked 
|  31|0x0000000081f00000, 0x0000000082000000, 0x0000000082000000|100%| O|  |TAMS 0x0000000082000000, 0x0000000081f00000| Untracked 
|  32|0x0000000082000000, 0x0000000082100000, 0x0000000082100000|100%| O|  |TAMS 0x0000000082100000, 0x0000000082000000| Untracked 
|  33|0x0000000082100000, 0x0000000082200000, 0x0000000082200000|100%| O|  |TAMS 0x0000000082200000, 0x0000000082100000| Untracked 
|  34|0x0000000082200000, 0x0000000082300000, 0x0000000082300000|100%| O|  |TAMS 0x0000000082300000, 0x0000000082200000| Untracked 
|  35|0x0000000082300000, 0x0000000082400000, 0x0000000082400000|100%| O|  |TAMS 0x0000000082400000, 0x0000000082300000| Untracked 
|  36|0x0000000082400000, 0x0000000082500000, 0x0000000082500000|100%| O|  |TAMS 0x0000000082500000, 0x0000000082400000| Untracked 
|  37|0x0000000082500000, 0x0000000082600000, 0x0000000082600000|100%| O|  |TAMS 0x0000000082600000, 0x0000000082500000| Untracked 
|  38|0x0000000082600000, 0x0000000082600000, 0x0000000082700000|  0%| F|  |TAMS 0x0000000082600000, 0x0000000082600000| Untracked 
|  39|0x0000000082700000, 0x0000000082800000, 0x0000000082800000|100%| O|  |TAMS 0x0000000082800000, 0x0000000082700000| Untracked 
|  40|0x0000000082800000, 0x0000000082900000, 0x0000000082900000|100%| O|  |TAMS 0x0000000082900000, 0x0000000082800000| Untracked 
|  41|0x0000000082900000, 0x0000000082a00000, 0x0000000082a00000|100%| O|  |TAMS 0x0000000082a00000, 0x0000000082900000| Untracked 
|  42|0x0000000082a00000, 0x0000000082b00000, 0x0000000082b00000|100%| O|  |TAMS 0x0000000082b00000, 0x0000000082a00000| Untracked 
|  43|0x0000000082b00000, 0x0000000082c00000, 0x0000000082c00000|100%| O|  |TAMS 0x0000000082c00000, 0x0000000082b00000| Untracked 
|  44|0x0000000082c00000, 0x0000000082c00000, 0x0000000082d00000|  0%| F|  |TAMS 0x0000000082c00000, 0x0000000082c00000| Untracked 
|  45|0x0000000082d00000, 0x0000000082e00000, 0x0000000082e00000|100%| O|  |TAMS 0x0000000082e00000, 0x0000000082d00000| Untracked 
|  46|0x0000000082e00000, 0x0000000082e00000, 0x0000000082f00000|  0%| F|  |TAMS 0x0000000082e00000, 0x0000000082e00000| Untracked 
|  47|0x0000000082f00000, 0x0000000082f00000, 0x0000000083000000|  0%| F|  |TAMS 0x0000000082f00000, 0x0000000082f00000| Untracked 
|  48|0x0000000083000000, 0x0000000083000000, 0x0000000083100000|  0%| F|  |TAMS 0x0000000083000000, 0x0000000083000000| Untracked 
|  49|0x0000000083100000, 0x0000000083200000, 0x0000000083200000|100%| O|  |TAMS 0x0000000083200000, 0x0000000083100000| Untracked 
|  50|0x0000000083200000, 0x0000000083300000, 0x0000000083300000|100%| O|  |TAMS 0x0000000083300000, 0x0000000083200000| Untracked 
|  51|0x0000000083300000, 0x0000000083400000, 0x0000000083400000|100%| O|  |TAMS 0x0000000083400000, 0x0000000083300000| Untracked 
|  52|0x0000000083400000, 0x0000000083500000, 0x0000000083500000|100%| O|  |TAMS 0x0000000083500000, 0x0000000083400000| Untracked 
|  53|0x0000000083500000, 0x0000000083500000, 0x0000000083600000|  0%| F|  |TAMS 0x0000000083500000, 0x0000000083500000| Untracked 
|  54|0x0000000083600000, 0x0000000083600000, 0x0000000083700000|  0%| F|  |TAMS 0x0000000083600000, 0x0000000083600000| Untracked 
|  55|0x0000000083700000, 0x0000000083800000, 0x0000000083800000|100%| O|  |TAMS 0x0000000083800000, 0x0000000083700000| Untracked 
|  56|0x0000000083800000, 0x0000000083900000, 0x0000000083900000|100%| O|  |TAMS 0x0000000083800000, 0x0000000083800000| Untracked 
|  57|0x0000000083900000, 0x0000000083900000, 0x0000000083a00000|  0%| F|  |TAMS 0x0000000083900000, 0x0000000083900000| Untracked 
|  58|0x0000000083a00000, 0x0000000083b00000, 0x0000000083b00000|100%| O|  |TAMS 0x0000000083b00000, 0x0000000083a00000| Untracked 
|  59|0x0000000083b00000, 0x0000000083c00000, 0x0000000083c00000|100%| O|  |TAMS 0x0000000083c00000, 0x0000000083b00000| Untracked 
|  60|0x0000000083c00000, 0x0000000083d00000, 0x0000000083d00000|100%| O|  |TAMS 0x0000000083d00000, 0x0000000083c00000| Untracked 
|  61|0x0000000083d00000, 0x0000000083d00000, 0x0000000083e00000|  0%| F|  |TAMS 0x0000000083d00000, 0x0000000083d00000| Untracked 
|  62|0x0000000083e00000, 0x0000000083f00000, 0x0000000083f00000|100%| O|  |TAMS 0x0000000083f00000, 0x0000000083e00000| Untracked 
|  63|0x0000000083f00000, 0x0000000084000000, 0x0000000084000000|100%| O|  |TAMS 0x0000000084000000, 0x0000000083f00000| Untracked 
|  64|0x0000000084000000, 0x0000000084100000, 0x0000000084100000|100%| O|  |TAMS 0x0000000084100000, 0x0000000084000000| Untracked 
|  65|0x0000000084100000, 0x0000000084200000, 0x0000000084200000|100%| O|  |TAMS 0x0000000084100000, 0x0000000084100000| Untracked 
|  66|0x0000000084200000, 0x0000000084300000, 0x0000000084300000|100%| O|  |TAMS 0x0000000084300000, 0x0000000084200000| Untracked 
|  67|0x0000000084300000, 0x0000000084300000, 0x0000000084400000|  0%| F|  |TAMS 0x0000000084300000, 0x0000000084300000| Untracked 
|  68|0x0000000084400000, 0x0000000084500000, 0x0000000084500000|100%| O|  |TAMS 0x0000000084400000, 0x0000000084400000| Untracked 
|  69|0x0000000084500000, 0x0000000084600000, 0x0000000084600000|100%| O|  |TAMS 0x0000000084600000, 0x0000000084500000| Untracked 
|  70|0x0000000084600000, 0x0000000084700000, 0x0000000084700000|100%| O|  |TAMS 0x0000000084700000, 0x0000000084600000| Untracked 
|  71|0x0000000084700000, 0x0000000084800000, 0x0000000084800000|100%| O|  |TAMS 0x0000000084800000, 0x0000000084700000| Untracked 
|  72|0x0000000084800000, 0x0000000084900000, 0x0000000084900000|100%| O|  |TAMS 0x0000000084800000, 0x0000000084800000| Untracked 
|  73|0x0000000084900000, 0x0000000084a00000, 0x0000000084a00000|100%| O|  |TAMS 0x000000008496de00, 0x0000000084900000| Untracked 
|  74|0x0000000084a00000, 0x0000000084b00000, 0x0000000084b00000|100%| O|  |TAMS 0x0000000084a00000, 0x0000000084a00000| Untracked 
|  75|0x0000000084b00000, 0x0000000084c00000, 0x0000000084c00000|100%| O|  |TAMS 0x0000000084b00000, 0x0000000084b00000| Untracked 
|  76|0x0000000084c00000, 0x0000000084d00000, 0x0000000084d00000|100%| O|  |TAMS 0x0000000084d00000, 0x0000000084c00000| Untracked 
|  77|0x0000000084d00000, 0x0000000084e00000, 0x0000000084e00000|100%| O|  |TAMS 0x0000000084d00000, 0x0000000084d00000| Untracked 
|  78|0x0000000084e00000, 0x0000000084f00000, 0x0000000084f00000|100%| O|  |TAMS 0x0000000084f00000, 0x0000000084e00000| Untracked 
|  79|0x0000000084f00000, 0x0000000084f00000, 0x0000000085000000|  0%| F|  |TAMS 0x0000000084f00000, 0x0000000084f00000| Untracked 
|  80|0x0000000085000000, 0x0000000085100000, 0x0000000085100000|100%| O|  |TAMS 0x0000000085000000, 0x0000000085000000| Untracked 
|  81|0x0000000085100000, 0x0000000085100000, 0x0000000085200000|  0%| F|  |TAMS 0x0000000085100000, 0x0000000085100000| Untracked 
|  82|0x0000000085200000, 0x0000000085200000, 0x0000000085300000|  0%| F|  |TAMS 0x0000000085200000, 0x0000000085200000| Untracked 
|  83|0x0000000085300000, 0x0000000085400000, 0x0000000085400000|100%| O|  |TAMS 0x0000000085300000, 0x0000000085300000| Untracked 
|  84|0x0000000085400000, 0x0000000085500000, 0x0000000085500000|100%| O|  |TAMS 0x0000000085400000, 0x0000000085400000| Untracked 
|  85|0x0000000085500000, 0x0000000085600000, 0x0000000085600000|100%| O|  |TAMS 0x0000000085500000, 0x0000000085500000| Untracked 
|  86|0x0000000085600000, 0x0000000085600000, 0x0000000085700000|  0%| F|  |TAMS 0x0000000085600000, 0x0000000085600000| Untracked 
|  87|0x0000000085700000, 0x0000000085800000, 0x0000000085800000|100%| O|  |TAMS 0x0000000085800000, 0x0000000085700000| Untracked 
|  88|0x0000000085800000, 0x0000000085900000, 0x0000000085900000|100%| O|  |TAMS 0x0000000085900000, 0x0000000085800000| Untracked 
|  89|0x0000000085900000, 0x0000000085a00000, 0x0000000085a00000|100%| O|  |TAMS 0x0000000085a00000, 0x0000000085900000| Untracked 
|  90|0x0000000085a00000, 0x0000000085b00000, 0x0000000085b00000|100%| O|  |TAMS 0x0000000085b00000, 0x0000000085a00000| Untracked 
|  91|0x0000000085b00000, 0x0000000085c00000, 0x0000000085c00000|100%| O|  |TAMS 0x0000000085c00000, 0x0000000085b00000| Untracked 
|  92|0x0000000085c00000, 0x0000000085d00000, 0x0000000085d00000|100%| O|  |TAMS 0x0000000085d00000, 0x0000000085c00000| Untracked 
|  93|0x0000000085d00000, 0x0000000085d00000, 0x0000000085e00000|  0%| F|  |TAMS 0x0000000085d00000, 0x0000000085d00000| Untracked 
|  94|0x0000000085e00000, 0x0000000085f00000, 0x0000000085f00000|100%| O|  |TAMS 0x0000000085e00000, 0x0000000085e00000| Untracked 
|  95|0x0000000085f00000, 0x0000000086000000, 0x0000000086000000|100%| O|  |TAMS 0x0000000085f00000, 0x0000000085f00000| Untracked 
|  96|0x0000000086000000, 0x0000000086100000, 0x0000000086100000|100%| O|  |TAMS 0x0000000086000000, 0x0000000086000000| Untracked 
|  97|0x0000000086100000, 0x0000000086200000, 0x0000000086200000|100%| O|  |TAMS 0x0000000086100000, 0x0000000086100000| Untracked 
|  98|0x0000000086200000, 0x0000000086300000, 0x0000000086300000|100%| O|  |TAMS 0x0000000086300000, 0x0000000086200000| Untracked 
|  99|0x0000000086300000, 0x0000000086400000, 0x0000000086400000|100%| O|  |TAMS 0x0000000086400000, 0x0000000086300000| Untracked 
| 100|0x0000000086400000, 0x0000000086400000, 0x0000000086500000|  0%| F|  |TAMS 0x0000000086400000, 0x0000000086400000| Untracked 
| 101|0x0000000086500000, 0x0000000086500000, 0x0000000086600000|  0%| F|  |TAMS 0x0000000086500000, 0x0000000086500000| Untracked 
| 102|0x0000000086600000, 0x0000000086700000, 0x0000000086700000|100%| O|  |TAMS 0x0000000086700000, 0x0000000086600000| Untracked 
| 103|0x0000000086700000, 0x0000000086800000, 0x0000000086800000|100%| O|  |TAMS 0x0000000086800000, 0x0000000086700000| Untracked 
| 104|0x0000000086800000, 0x0000000086900000, 0x0000000086900000|100%| O|  |TAMS 0x0000000086800000, 0x0000000086800000| Untracked 
| 105|0x0000000086900000, 0x0000000086900000, 0x0000000086a00000|  0%| F|  |TAMS 0x0000000086900000, 0x0000000086900000| Untracked 
| 106|0x0000000086a00000, 0x0000000086b00000, 0x0000000086b00000|100%| O|  |TAMS 0x0000000086a00000, 0x0000000086a00000| Untracked 
| 107|0x0000000086b00000, 0x0000000086b00000, 0x0000000086c00000|  0%| F|  |TAMS 0x0000000086b00000, 0x0000000086b00000| Untracked 
| 108|0x0000000086c00000, 0x0000000086c00000, 0x0000000086d00000|  0%| F|  |TAMS 0x0000000086c00000, 0x0000000086c00000| Untracked 
| 109|0x0000000086d00000, 0x0000000086dbd400, 0x0000000086e00000| 73%| O|  |TAMS 0x0000000086d00000, 0x0000000086d00000| Untracked 
| 110|0x0000000086e00000, 0x0000000086e00000, 0x0000000086f00000|  0%| F|  |TAMS 0x0000000086e00000, 0x0000000086e00000| Untracked 
| 111|0x0000000086f00000, 0x0000000086f00000, 0x0000000087000000|  0%| F|  |TAMS 0x0000000086f00000, 0x0000000086f00000| Untracked 
| 112|0x0000000087000000, 0x0000000087000000, 0x0000000087100000|  0%| F|  |TAMS 0x0000000087000000, 0x0000000087000000| Untracked 
| 113|0x0000000087100000, 0x0000000087100000, 0x0000000087200000|  0%| F|  |TAMS 0x0000000087100000, 0x0000000087100000| Untracked 
| 114|0x0000000087200000, 0x0000000087300000, 0x0000000087300000|100%| O|  |TAMS 0x0000000087300000, 0x0000000087200000| Untracked 
| 115|0x0000000087300000, 0x0000000087400000, 0x0000000087400000|100%| O|  |TAMS 0x0000000087400000, 0x0000000087300000| Untracked 
| 116|0x0000000087400000, 0x0000000087500000, 0x0000000087500000|100%| O|  |TAMS 0x0000000087500000, 0x0000000087400000| Untracked 
| 117|0x0000000087500000, 0x0000000087600000, 0x0000000087600000|100%| O|  |TAMS 0x0000000087600000, 0x0000000087500000| Untracked 
| 118|0x0000000087600000, 0x0000000087600000, 0x0000000087700000|  0%| F|  |TAMS 0x0000000087600000, 0x0000000087600000| Untracked 
| 119|0x0000000087700000, 0x0000000087700000, 0x0000000087800000|  0%| F|  |TAMS 0x0000000087700000, 0x0000000087700000| Untracked 
| 120|0x0000000087800000, 0x0000000087800000, 0x0000000087900000|  0%| F|  |TAMS 0x0000000087800000, 0x0000000087800000| Untracked 
| 121|0x0000000087900000, 0x0000000087900000, 0x0000000087a00000|  0%| F|  |TAMS 0x0000000087900000, 0x0000000087900000| Untracked 
| 122|0x0000000087a00000, 0x0000000087a00000, 0x0000000087b00000|  0%| F|  |TAMS 0x0000000087a00000, 0x0000000087a00000| Untracked 
| 123|0x0000000087b00000, 0x0000000087b00000, 0x0000000087c00000|  0%| F|  |TAMS 0x0000000087b00000, 0x0000000087b00000| Untracked 
| 124|0x0000000087c00000, 0x0000000087c00000, 0x0000000087d00000|  0%| F|  |TAMS 0x0000000087c00000, 0x0000000087c00000| Untracked 
| 125|0x0000000087d00000, 0x0000000087d00000, 0x0000000087e00000|  0%| F|  |TAMS 0x0000000087d00000, 0x0000000087d00000| Untracked 
| 126|0x0000000087e00000, 0x0000000087e00000, 0x0000000087f00000|  0%| F|  |TAMS 0x0000000087e00000, 0x0000000087e00000| Untracked 
| 127|0x0000000087f00000, 0x0000000087f00000, 0x0000000088000000|  0%| F|  |TAMS 0x0000000087f00000, 0x0000000087f00000| Untracked 
| 128|0x0000000088000000, 0x0000000088000000, 0x0000000088100000|  0%| F|  |TAMS 0x0000000088000000, 0x0000000088000000| Untracked 
| 129|0x0000000088100000, 0x0000000088100000, 0x0000000088200000|  0%| F|  |TAMS 0x0000000088100000, 0x0000000088100000| Untracked 
| 130|0x0000000088200000, 0x0000000088200000, 0x0000000088300000|  0%| F|  |TAMS 0x0000000088200000, 0x0000000088200000| Untracked 
| 131|0x0000000088300000, 0x0000000088300000, 0x0000000088400000|  0%| F|  |TAMS 0x0000000088300000, 0x0000000088300000| Untracked 
| 132|0x0000000088400000, 0x0000000088400000, 0x0000000088500000|  0%| F|  |TAMS 0x0000000088400000, 0x0000000088400000| Untracked 
| 133|0x0000000088500000, 0x0000000088500000, 0x0000000088600000|  0%| F|  |TAMS 0x0000000088500000, 0x0000000088500000| Untracked 
| 134|0x0000000088600000, 0x0000000088600000, 0x0000000088700000|  0%| F|  |TAMS 0x0000000088600000, 0x0000000088600000| Untracked 
| 135|0x0000000088700000, 0x0000000088700000, 0x0000000088800000|  0%| F|  |TAMS 0x0000000088700000, 0x0000000088700000| Untracked 
| 136|0x0000000088800000, 0x0000000088800000, 0x0000000088900000|  0%| F|  |TAMS 0x0000000088800000, 0x0000000088800000| Untracked 
| 137|0x0000000088900000, 0x0000000088900000, 0x0000000088a00000|  0%| F|  |TAMS 0x0000000088900000, 0x0000000088900000| Untracked 
| 138|0x0000000088a00000, 0x0000000088a00000, 0x0000000088b00000|  0%| F|  |TAMS 0x0000000088a00000, 0x0000000088a00000| Untracked 
| 139|0x0000000088b00000, 0x0000000088b00000, 0x0000000088c00000|  0%| F|  |TAMS 0x0000000088b00000, 0x0000000088b00000| Untracked 
| 140|0x0000000088c00000, 0x0000000088c00000, 0x0000000088d00000|  0%| F|  |TAMS 0x0000000088c00000, 0x0000000088c00000| Untracked 
| 141|0x0000000088d00000, 0x0000000088d00000, 0x0000000088e00000|  0%| F|  |TAMS 0x0000000088d00000, 0x0000000088d00000| Untracked 
| 142|0x0000000088e00000, 0x0000000088e00000, 0x0000000088f00000|  0%| F|  |TAMS 0x0000000088e00000, 0x0000000088e00000| Untracked 
| 143|0x0000000088f00000, 0x0000000088f00000, 0x0000000089000000|  0%| F|  |TAMS 0x0000000088f00000, 0x0000000088f00000| Untracked 
| 144|0x0000000089000000, 0x0000000089000000, 0x0000000089100000|  0%| F|  |TAMS 0x0000000089000000, 0x0000000089000000| Untracked 
| 145|0x0000000089100000, 0x0000000089100000, 0x0000000089200000|  0%| F|  |TAMS 0x0000000089100000, 0x0000000089100000| Untracked 
| 146|0x0000000089200000, 0x0000000089200000, 0x0000000089300000|  0%| F|  |TAMS 0x0000000089200000, 0x0000000089200000| Untracked 
| 147|0x0000000089300000, 0x0000000089300000, 0x0000000089400000|  0%| F|  |TAMS 0x0000000089300000, 0x0000000089300000| Untracked 
| 148|0x0000000089400000, 0x0000000089400000, 0x0000000089500000|  0%| F|  |TAMS 0x0000000089400000, 0x0000000089400000| Untracked 
| 149|0x0000000089500000, 0x0000000089500000, 0x0000000089600000|  0%| F|  |TAMS 0x0000000089500000, 0x0000000089500000| Untracked 
| 150|0x0000000089600000, 0x0000000089600000, 0x0000000089700000|  0%| F|  |TAMS 0x0000000089600000, 0x0000000089600000| Untracked 
| 151|0x0000000089700000, 0x0000000089700000, 0x0000000089800000|  0%| F|  |TAMS 0x0000000089700000, 0x0000000089700000| Untracked 
| 152|0x0000000089800000, 0x0000000089800000, 0x0000000089900000|  0%| F|  |TAMS 0x0000000089800000, 0x0000000089800000| Untracked 
| 153|0x0000000089900000, 0x0000000089900000, 0x0000000089a00000|  0%| F|  |TAMS 0x0000000089900000, 0x0000000089900000| Untracked 
| 154|0x0000000089a00000, 0x0000000089a00000, 0x0000000089b00000|  0%| F|  |TAMS 0x0000000089a00000, 0x0000000089a00000| Untracked 
| 155|0x0000000089b00000, 0x0000000089b00000, 0x0000000089c00000|  0%| F|  |TAMS 0x0000000089b00000, 0x0000000089b00000| Untracked 
| 156|0x0000000089c00000, 0x0000000089c00000, 0x0000000089d00000|  0%| F|  |TAMS 0x0000000089c00000, 0x0000000089c00000| Untracked 
| 157|0x0000000089d00000, 0x0000000089d00000, 0x0000000089e00000|  0%| F|  |TAMS 0x0000000089d00000, 0x0000000089d00000| Untracked 
| 158|0x0000000089e00000, 0x0000000089e00000, 0x0000000089f00000|  0%| F|  |TAMS 0x0000000089e00000, 0x0000000089e00000| Untracked 
| 159|0x0000000089f00000, 0x0000000089f00000, 0x000000008a000000|  0%| F|  |TAMS 0x0000000089f00000, 0x0000000089f00000| Untracked 
| 160|0x000000008a000000, 0x000000008a000000, 0x000000008a100000|  0%| F|  |TAMS 0x000000008a000000, 0x000000008a000000| Untracked 
| 161|0x000000008a100000, 0x000000008a100000, 0x000000008a200000|  0%| F|  |TAMS 0x000000008a100000, 0x000000008a100000| Untracked 
| 162|0x000000008a200000, 0x000000008a200000, 0x000000008a300000|  0%| F|  |TAMS 0x000000008a200000, 0x000000008a200000| Untracked 
| 163|0x000000008a300000, 0x000000008a300000, 0x000000008a400000|  0%| F|  |TAMS 0x000000008a300000, 0x000000008a300000| Untracked 
| 164|0x000000008a400000, 0x000000008a400000, 0x000000008a500000|  0%| F|  |TAMS 0x000000008a400000, 0x000000008a400000| Untracked 
| 165|0x000000008a500000, 0x000000008a500000, 0x000000008a600000|  0%| F|  |TAMS 0x000000008a500000, 0x000000008a500000| Untracked 
| 166|0x000000008a600000, 0x000000008a600000, 0x000000008a700000|  0%| F|  |TAMS 0x000000008a600000, 0x000000008a600000| Untracked 
| 167|0x000000008a700000, 0x000000008a700000, 0x000000008a800000|  0%| F|  |TAMS 0x000000008a700000, 0x000000008a700000| Untracked 
| 168|0x000000008a800000, 0x000000008a800000, 0x000000008a900000|  0%| F|  |TAMS 0x000000008a800000, 0x000000008a800000| Untracked 
| 169|0x000000008a900000, 0x000000008a900000, 0x000000008aa00000|  0%| F|  |TAMS 0x000000008a900000, 0x000000008a900000| Untracked 
| 170|0x000000008aa00000, 0x000000008aa00000, 0x000000008ab00000|  0%| F|  |TAMS 0x000000008aa00000, 0x000000008aa00000| Untracked 
| 171|0x000000008ab00000, 0x000000008ab00000, 0x000000008ac00000|  0%| F|  |TAMS 0x000000008ab00000, 0x000000008ab00000| Untracked 
| 172|0x000000008ac00000, 0x000000008ac00000, 0x000000008ad00000|  0%| F|  |TAMS 0x000000008ac00000, 0x000000008ac00000| Untracked 
| 173|0x000000008ad00000, 0x000000008ad00000, 0x000000008ae00000|  0%| F|  |TAMS 0x000000008ad00000, 0x000000008ad00000| Untracked 
| 174|0x000000008ae00000, 0x000000008ae00000, 0x000000008af00000|  0%| F|  |TAMS 0x000000008ae00000, 0x000000008ae00000| Untracked 
| 175|0x000000008af00000, 0x000000008af00000, 0x000000008b000000|  0%| F|  |TAMS 0x000000008af00000, 0x000000008af00000| Untracked 
| 176|0x000000008b000000, 0x000000008b000000, 0x000000008b100000|  0%| F|  |TAMS 0x000000008b000000, 0x000000008b000000| Untracked 
| 177|0x000000008b100000, 0x000000008b100000, 0x000000008b200000|  0%| F|  |TAMS 0x000000008b100000, 0x000000008b100000| Untracked 
| 178|0x000000008b200000, 0x000000008b263100, 0x000000008b300000| 38%| E|  |TAMS 0x000000008b200000, 0x000000008b200000| Complete 
| 179|0x000000008b300000, 0x000000008b400000, 0x000000008b400000|100%| E|CS|TAMS 0x000000008b300000, 0x000000008b300000| Complete 
| 180|0x000000008b400000, 0x000000008b500000, 0x000000008b500000|100%| E|CS|TAMS 0x000000008b400000, 0x000000008b400000| Complete 
| 181|0x000000008b500000, 0x000000008b600000, 0x000000008b600000|100%| E|CS|TAMS 0x000000008b500000, 0x000000008b500000| Complete 
| 182|0x000000008b600000, 0x000000008b700000, 0x000000008b700000|100%| E|CS|TAMS 0x000000008b600000, 0x000000008b600000| Complete 
| 183|0x000000008b700000, 0x000000008b800000, 0x000000008b800000|100%| E|CS|TAMS 0x000000008b700000, 0x000000008b700000| Complete 
| 184|0x000000008b800000, 0x000000008b900000, 0x000000008b900000|100%| E|CS|TAMS 0x000000008b800000, 0x000000008b800000| Complete 
| 185|0x000000008b900000, 0x000000008ba00000, 0x000000008ba00000|100%| E|CS|TAMS 0x000000008b900000, 0x000000008b900000| Complete 
| 186|0x000000008ba00000, 0x000000008bb00000, 0x000000008bb00000|100%| E|CS|TAMS 0x000000008ba00000, 0x000000008ba00000| Complete 
| 187|0x000000008bb00000, 0x000000008bc00000, 0x000000008bc00000|100%| E|CS|TAMS 0x000000008bb00000, 0x000000008bb00000| Complete 
| 188|0x000000008bc00000, 0x000000008bd00000, 0x000000008bd00000|100%| E|CS|TAMS 0x000000008bc00000, 0x000000008bc00000| Complete 
| 189|0x000000008bd00000, 0x000000008be00000, 0x000000008be00000|100%| E|CS|TAMS 0x000000008bd00000, 0x000000008bd00000| Complete 
| 190|0x000000008be00000, 0x000000008bf00000, 0x000000008bf00000|100%| E|CS|TAMS 0x000000008be00000, 0x000000008be00000| Complete 
| 191|0x000000008bf00000, 0x000000008c000000, 0x000000008c000000|100%| E|CS|TAMS 0x000000008bf00000, 0x000000008bf00000| Complete 
| 192|0x000000008c000000, 0x000000008c100000, 0x000000008c100000|100%| E|CS|TAMS 0x000000008c000000, 0x000000008c000000| Complete 
| 193|0x000000008c100000, 0x000000008c200000, 0x000000008c200000|100%| E|CS|TAMS 0x000000008c100000, 0x000000008c100000| Complete 
| 194|0x000000008c200000, 0x000000008c300000, 0x000000008c300000|100%| E|CS|TAMS 0x000000008c200000, 0x000000008c200000| Complete 
| 195|0x000000008c300000, 0x000000008c400000, 0x000000008c400000|100%| E|CS|TAMS 0x000000008c300000, 0x000000008c300000| Complete 
| 196|0x000000008c400000, 0x000000008c500000, 0x000000008c500000|100%| E|CS|TAMS 0x000000008c400000, 0x000000008c400000| Complete 
| 197|0x000000008c500000, 0x000000008c600000, 0x000000008c600000|100%| E|CS|TAMS 0x000000008c500000, 0x000000008c500000| Complete 
| 198|0x000000008c600000, 0x000000008c700000, 0x000000008c700000|100%| E|CS|TAMS 0x000000008c600000, 0x000000008c600000| Complete 
| 199|0x000000008c700000, 0x000000008c800000, 0x000000008c800000|100%| E|CS|TAMS 0x000000008c700000, 0x000000008c700000| Complete 
| 200|0x000000008c800000, 0x000000008c900000, 0x000000008c900000|100%| E|CS|TAMS 0x000000008c800000, 0x000000008c800000| Complete 
| 201|0x000000008c900000, 0x000000008ca00000, 0x000000008ca00000|100%| E|CS|TAMS 0x000000008c900000, 0x000000008c900000| Complete 
| 202|0x000000008ca00000, 0x000000008cb00000, 0x000000008cb00000|100%| E|CS|TAMS 0x000000008ca00000, 0x000000008ca00000| Complete 
| 203|0x000000008cb00000, 0x000000008cc00000, 0x000000008cc00000|100%| E|CS|TAMS 0x000000008cb00000, 0x000000008cb00000| Complete 
| 204|0x000000008cc00000, 0x000000008cd00000, 0x000000008cd00000|100%| E|CS|TAMS 0x000000008cc00000, 0x000000008cc00000| Complete 
| 205|0x000000008cd00000, 0x000000008ce00000, 0x000000008ce00000|100%| E|CS|TAMS 0x000000008cd00000, 0x000000008cd00000| Complete 
| 206|0x000000008ce00000, 0x000000008cf00000, 0x000000008cf00000|100%| E|CS|TAMS 0x000000008ce00000, 0x000000008ce00000| Complete 
| 207|0x000000008cf00000, 0x000000008d000000, 0x000000008d000000|100%| E|CS|TAMS 0x000000008cf00000, 0x000000008cf00000| Complete 
| 208|0x000000008d000000, 0x000000008d100000, 0x000000008d100000|100%| E|CS|TAMS 0x000000008d000000, 0x000000008d000000| Complete 
| 209|0x000000008d100000, 0x000000008d200000, 0x000000008d200000|100%| E|CS|TAMS 0x000000008d100000, 0x000000008d100000| Complete 
| 210|0x000000008d200000, 0x000000008d300000, 0x000000008d300000|100%| E|CS|TAMS 0x000000008d200000, 0x000000008d200000| Complete 
| 211|0x000000008d300000, 0x000000008d400000, 0x000000008d400000|100%| E|CS|TAMS 0x000000008d300000, 0x000000008d300000| Complete 
| 212|0x000000008d400000, 0x000000008d500000, 0x000000008d500000|100%| E|  |TAMS 0x000000008d400000, 0x000000008d400000| Complete 
| 213|0x000000008d500000, 0x000000008d600000, 0x000000008d600000|100%| E|CS|TAMS 0x000000008d500000, 0x000000008d500000| Complete 
| 214|0x000000008d600000, 0x000000008d700000, 0x000000008d700000|100%| E|CS|TAMS 0x000000008d600000, 0x000000008d600000| Complete 
| 215|0x000000008d700000, 0x000000008d800000, 0x000000008d800000|100%| E|CS|TAMS 0x000000008d700000, 0x000000008d700000| Complete 
| 216|0x000000008d800000, 0x000000008d900000, 0x000000008d900000|100%| E|CS|TAMS 0x000000008d800000, 0x000000008d800000| Complete 
| 217|0x000000008d900000, 0x000000008da00000, 0x000000008da00000|100%| E|CS|TAMS 0x000000008d900000, 0x000000008d900000| Complete 
| 218|0x000000008da00000, 0x000000008db00000, 0x000000008db00000|100%| E|CS|TAMS 0x000000008da00000, 0x000000008da00000| Complete 
| 219|0x000000008db00000, 0x000000008db4fa10, 0x000000008dc00000| 31%| S|CS|TAMS 0x000000008db00000, 0x000000008db00000| Complete 
| 220|0x000000008dc00000, 0x000000008dd00000, 0x000000008dd00000|100%| S|CS|TAMS 0x000000008dc00000, 0x000000008dc00000| Complete 
| 221|0x000000008dd00000, 0x000000008de00000, 0x000000008de00000|100%| E|CS|TAMS 0x000000008dd00000, 0x000000008dd00000| Complete 
| 222|0x000000008de00000, 0x000000008df00000, 0x000000008df00000|100%| E|CS|TAMS 0x000000008de00000, 0x000000008de00000| Complete 
| 223|0x000000008df00000, 0x000000008e000000, 0x000000008e000000|100%| E|CS|TAMS 0x000000008df00000, 0x000000008df00000| Complete 

Card table byte_map: [0x0000015d1cf80000,0x0000015d1d380000] _byte_map_base: 0x0000015d1cb80000

Marking Bits (Prev, Next): (CMBitMap*) 0x0000015d07e5f408, (CMBitMap*) 0x0000015d07e5f440
 Prev Bits: [0x0000015d1d780000, 0x0000015d1f780000)
 Next Bits: [0x0000015d1f780000, 0x0000015d21780000)

Polling page: 0x0000015d07f00000

Metaspace:

Usage:
  Non-class:     99.79 MB capacity,    98.02 MB ( 98%) used,     1.42 MB (  1%) free+waste,   361.25 KB ( <1%) overhead. 
      Class:     15.31 MB capacity,    14.24 MB ( 93%) used,   942.02 KB (  6%) free+waste,   157.81 KB (  1%) overhead. 
       Both:    115.11 MB capacity,   112.26 MB ( 98%) used,     2.34 MB (  2%) free+waste,   519.06 KB ( <1%) overhead. 

Virtual space:
  Non-class space:      102.00 MB reserved,     100.25 MB ( 98%) committed 
      Class space:        1.00 GB reserved,      15.70 MB (  2%) committed 
             Both:        1.10 GB reserved,     115.95 MB ( 10%) committed 

Chunk freelists:
   Non-Class:  404.00 KB
       Class:  318.00 KB
        Both:  722.00 KB

MaxMetaspaceSize: 17179869184.00 GB
CompressedClassSpaceSize: 1.00 GB

CodeHeap 'non-profiled nmethods': size=120000Kb used=11816Kb max_used=11964Kb free=108184Kb
 bounds [0x0000015d14be0000, 0x0000015d157a0000, 0x0000015d1c110000]
CodeHeap 'profiled nmethods': size=120000Kb used=39357Kb max_used=39357Kb free=80642Kb
 bounds [0x0000015d0d6b0000, 0x0000015d0fd40000, 0x0000015d14be0000]
CodeHeap 'non-nmethods': size=5760Kb used=2350Kb max_used=2406Kb free=3410Kb
 bounds [0x0000015d0d110000, 0x0000015d0d380000, 0x0000015d0d6b0000]
 total_blobs=18879 nmethods=17911 adapters=878
 compilation: enabled
              stopped_count=0, restarted_count=0
 full_count=0

Compilation events (20 events):
Event: 3195.152 Thread 0x0000015d24b36800 nmethod 19135 0x0000015d0fd35c90 code [0x0000015d0fd361e0, 0x0000015d0fd38f08]
Event: 3195.152 Thread 0x0000015d24b36800 19138       3       org.gradle.internal.resources.DefaultResourceLockCoordinationService::unlock (9 bytes)
Event: 3195.152 Thread 0x0000015d24b36800 nmethod 19138 0x0000015d0de82410 code [0x0000015d0de825e0, 0x0000015d0de82838]
Event: 3195.152 Thread 0x0000015d24b36800 19137       3       org.gradle.internal.work.DefaultWorkerLeaseService::access$800 (6 bytes)
Event: 3195.153 Thread 0x0000015d24b36800 nmethod 19137 0x0000015d0deba010 code [0x0000015d0deba1e0, 0x0000015d0deba528]
Event: 3195.153 Thread 0x0000015d24b36800 19139       3       org.gradle.internal.resources.DefaultResourceLockCoordinationService$ReleaseLocks::<init> (10 bytes)
Event: 3195.153 Thread 0x0000015d24b36800 nmethod 19139 0x0000015d0de0a010 code [0x0000015d0de0a1c0, 0x0000015d0de0a378]
Event: 3195.153 Thread 0x0000015d24b36800 19141       1       java.util.EnumMap::size (5 bytes)
Event: 3195.153 Thread 0x0000015d24b36800 nmethod 19141 0x0000015d14d39090 code [0x0000015d14d39240, 0x0000015d14d392f8]
Event: 3195.153 Thread 0x0000015d24b36800 19140       1       java.util.Collections$EmptySet::hashCode (2 bytes)
Event: 3195.153 Thread 0x0000015d24b36800 nmethod 19140 0x0000015d14d53a10 code [0x0000015d14d53bc0, 0x0000015d14d53c78]
Event: 3195.155 Thread 0x0000015d24b36800 19143       3       org.gradle.api.specs.NotSpec::isSatisfiedBy (19 bytes)
Event: 3195.155 Thread 0x0000015d24b36800 nmethod 19143 0x0000015d0deb8d90 code [0x0000015d0deb8f60, 0x0000015d0deb9188]
Event: 3195.155 Thread 0x0000015d24b36800 19144       3       org.gradle.api.file.RelativePath::hashCode (28 bytes)
Event: 3195.156 Thread 0x0000015d24b36800 nmethod 19144 0x0000015d0de38f10 code [0x0000015d0de390c0, 0x0000015d0de39268]
Event: 3195.156 Thread 0x0000015d24b36800 19145       3       org.gradle.internal.fingerprint.impl.PatternSetSnapshottingFilter$LogicalFileTreeElement::getRelativePath (47 bytes)
Event: 3195.156 Thread 0x0000015d24b36800 nmethod 19145 0x0000015d0e108190 code [0x0000015d0e108460, 0x0000015d0e109438]
Event: 3195.157 Thread 0x0000015d24b36800 19146       1       org.gradle.api.internal.AbstractTask::getLogger (5 bytes)
Event: 3195.157 Thread 0x0000015d24b36800 nmethod 19146 0x0000015d14d53710 code [0x0000015d14d538c0, 0x0000015d14d53978]
Event: 3195.159 Thread 0x0000015d24b36800 19148       3       org.gradle.api.internal.changedetection.state.PropertiesFileAwareClasspathResourceHasher$$Lambda$943/0x0000000100add840::test (12 bytes)

GC Heap History (20 events):
Event: 512.077 GC heap before
{Heap before GC invocations=30 (full 0):
 garbage-first heap   total 229376K, used 117697K [0x0000000080000000, 0x0000000100000000)
  region size 1024K, 11 young (11264K), 9 survivors (9216K)
 Metaspace       used 110623K, capacity 113575K, committed 114252K, reserved 1148928K
  class space    used 14289K, capacity 15429K, committed 15692K, reserved 1048576K
}
Event: 512.097 GC heap after
{Heap after GC invocations=31 (full 0):
 garbage-first heap   total 229376K, used 108828K [0x0000000080000000, 0x0000000100000000)
  region size 1024K, 2 young (2048K), 2 survivors (2048K)
 Metaspace       used 110623K, capacity 113575K, committed 114252K, reserved 1148928K
  class space    used 14289K, capacity 15429K, committed 15692K, reserved 1048576K
}
Event: 513.006 GC heap before
{Heap before GC invocations=31 (full 0):
 garbage-first heap   total 229376K, used 140572K [0x0000000080000000, 0x0000000100000000)
  region size 1024K, 35 young (35840K), 2 survivors (2048K)
 Metaspace       used 111147K, capacity 114089K, committed 114892K, reserved 1148928K
  class space    used 14335K, capacity 15494K, committed 15820K, reserved 1048576K
}
Event: 513.025 GC heap after
{Heap after GC invocations=32 (full 0):
 garbage-first heap   total 229376K, used 122305K [0x0000000080000000, 0x0000000100000000)
  region size 1024K, 9 young (9216K), 9 survivors (9216K)
 Metaspace       used 111147K, capacity 114089K, committed 114892K, reserved 1148928K
  class space    used 14335K, capacity 15494K, committed 15820K, reserved 1048576K
}
Event: 518.577 GC heap before
{Heap before GC invocations=33 (full 0):
 garbage-first heap   total 229376K, used 186817K [0x0000000080000000, 0x0000000100000000)
  region size 1024K, 58 young (59392K), 9 survivors (9216K)
 Metaspace       used 114063K, capacity 117208K, committed 117708K, reserved 1150976K
  class space    used 14609K, capacity 15778K, committed 16076K, reserved 1048576K
}
Event: 518.599 GC heap after
{Heap after GC invocations=34 (full 0):
 garbage-first heap   total 229376K, used 128403K [0x0000000080000000, 0x0000000100000000)
  region size 1024K, 6 young (6144K), 6 survivors (6144K)
 Metaspace       used 114063K, capacity 117208K, committed 117708K, reserved 1150976K
  class space    used 14609K, capacity 15778K, committed 16076K, reserved 1048576K
}
Event: 518.709 GC heap before
{Heap before GC invocations=34 (full 0):
 garbage-first heap   total 229376K, used 133523K [0x0000000080000000, 0x0000000100000000)
  region size 1024K, 11 young (11264K), 6 survivors (6144K)
 Metaspace       used 114110K, capacity 117208K, committed 117708K, reserved 1150976K
  class space    used 14618K, capacity 15778K, committed 16076K, reserved 1048576K
}
Event: 518.732 GC heap after
{Heap after GC invocations=35 (full 0):
 garbage-first heap   total 229376K, used 121705K [0x0000000080000000, 0x0000000100000000)
  region size 1024K, 2 young (2048K), 2 survivors (2048K)
 Metaspace       used 114110K, capacity 117208K, committed 117708K, reserved 1150976K
  class space    used 14618K, capacity 15778K, committed 16076K, reserved 1048576K
}
Event: 519.454 GC heap before
{Heap before GC invocations=35 (full 0):
 garbage-first heap   total 229376K, used 162665K [0x0000000080000000, 0x0000000100000000)
  region size 1024K, 44 young (45056K), 2 survivors (2048K)
 Metaspace       used 114359K, capacity 117402K, committed 117964K, reserved 1150976K
  class space    used 14624K, capacity 15778K, committed 16076K, reserved 1048576K
}
Event: 519.466 GC heap after
{Heap after GC invocations=36 (full 0):
 garbage-first heap   total 229376K, used 121520K [0x0000000080000000, 0x0000000100000000)
  region size 1024K, 2 young (2048K), 2 survivors (2048K)
 Metaspace       used 114359K, capacity 117402K, committed 117964K, reserved 1150976K
  class space    used 14624K, capacity 15778K, committed 16076K, reserved 1048576K
}
Event: 3027.850 GC heap before
{Heap before GC invocations=37 (full 0):
 garbage-first heap   total 229376K, used 198320K [0x0000000080000000, 0x0000000100000000)
  region size 1024K, 56 young (57344K), 2 survivors (2048K)
 Metaspace       used 114585K, capacity 117666K, committed 118220K, reserved 1150976K
  class space    used 14631K, capacity 15778K, committed 16076K, reserved 1048576K
}
Event: 3027.853 GC heap after
{Heap after GC invocations=38 (full 0):
 garbage-first heap   total 229376K, used 114711K [0x0000000080000000, 0x0000000100000000)
  region size 1024K, 1 young (1024K), 1 survivors (1024K)
 Metaspace       used 114585K, capacity 117666K, committed 118220K, reserved 1150976K
  class space    used 14631K, capacity 15778K, committed 16076K, reserved 1048576K
}
Event: 3192.380 GC heap before
{Heap before GC invocations=38 (full 0):
 garbage-first heap   total 229376K, used 123927K [0x0000000080000000, 0x0000000100000000)
  region size 1024K, 11 young (11264K), 1 survivors (1024K)
 Metaspace       used 114668K, capacity 117764K, committed 118476K, reserved 1150976K
  class space    used 14634K, capacity 15785K, committed 16076K, reserved 1048576K
}
Event: 3192.389 GC heap after
{Heap after GC invocations=39 (full 0):
 garbage-first heap   total 229376K, used 101626K [0x0000000080000000, 0x0000000100000000)
  region size 1024K, 2 young (2048K), 2 survivors (2048K)
 Metaspace       used 114668K, capacity 117764K, committed 118476K, reserved 1150976K
  class space    used 14634K, capacity 15785K, committed 16076K, reserved 1048576K
}
Event: 3192.880 GC heap before
{Heap before GC invocations=39 (full 0):
 garbage-first heap   total 229376K, used 132346K [0x0000000080000000, 0x0000000100000000)
  region size 1024K, 33 young (33792K), 2 survivors (2048K)
 Metaspace       used 114961K, capacity 117953K, committed 118476K, reserved 1150976K
  class space    used 14639K, capacity 15793K, committed 16076K, reserved 1048576K
}
Event: 3192.891 GC heap after
{Heap after GC invocations=40 (full 0):
 garbage-first heap   total 229376K, used 104559K [0x0000000080000000, 0x0000000100000000)
  region size 1024K, 5 young (5120K), 5 survivors (5120K)
 Metaspace       used 114961K, capacity 117953K, committed 118476K, reserved 1150976K
  class space    used 14639K, capacity 15793K, committed 16076K, reserved 1048576K
}
Event: 3194.907 GC heap before
{Heap before GC invocations=41 (full 0):
 garbage-first heap   total 229376K, used 187503K [0x0000000080000000, 0x0000000100000000)
  region size 1024K, 70 young (71680K), 5 survivors (5120K)
 Metaspace       used 114862K, capacity 117820K, committed 118732K, reserved 1153024K
  class space    used 14577K, capacity 15674K, committed 16076K, reserved 1048576K
}
Event: 3194.916 GC heap after
{Heap after GC invocations=42 (full 0):
 garbage-first heap   total 229376K, used 107757K [0x0000000080000000, 0x0000000100000000)
  region size 1024K, 8 young (8192K), 8 survivors (8192K)
 Metaspace       used 114862K, capacity 117820K, committed 118732K, reserved 1153024K
  class space    used 14577K, capacity 15674K, committed 16076K, reserved 1048576K
}
Event: 3194.926 GC heap before
{Heap before GC invocations=42 (full 0):
 garbage-first heap   total 229376K, used 110829K [0x0000000080000000, 0x0000000100000000)
  region size 1024K, 11 young (11264K), 8 survivors (8192K)
 Metaspace       used 114863K, capacity 117820K, committed 118732K, reserved 1153024K
  class space    used 14577K, capacity 15674K, committed 16076K, reserved 1048576K
}
Event: 3194.943 GC heap after
{Heap after GC invocations=43 (full 0):
 garbage-first heap   total 229376K, used 97331K [0x0000000080000000, 0x0000000100000000)
  region size 1024K, 2 young (2048K), 2 survivors (2048K)
 Metaspace       used 114863K, capacity 117820K, committed 118732K, reserved 1153024K
  class space    used 14577K, capacity 15674K, committed 16076K, reserved 1048576K
}

Deoptimization events (20 events):
Event: 3195.044 Thread 0x0000015d2a7d5800 Uncommon trap: trap_request=0xffffffbe fr.pc=0x0000015d14c895ac relative=0x00000000000004ec
Event: 3195.044 Thread 0x0000015d2a7d5800 Uncommon trap: reason=profile_predicate action=maybe_recompile pc=0x0000015d14c895ac method=com.google.common.base.CharMatcher.indexIn(Ljava/lang/CharSequence;I)I @ 19 c2
Event: 3195.044 Thread 0x0000015d2a7d5800 DEOPT PACKING pc=0x0000015d14c895ac sp=0x00000015446fd900
Event: 3195.044 Thread 0x0000015d2a7d5800 DEOPT UNPACKING pc=0x0000015d0d1378af sp=0x00000015446fd890 mode 2
Event: 3195.044 Thread 0x0000015d2a7d5800 Uncommon trap: trap_request=0xffffffbe fr.pc=0x0000015d14c895ac relative=0x00000000000004ec
Event: 3195.044 Thread 0x0000015d2a7d5800 Uncommon trap: reason=profile_predicate action=maybe_recompile pc=0x0000015d14c895ac method=com.google.common.base.CharMatcher.indexIn(Ljava/lang/CharSequence;I)I @ 19 c2
Event: 3195.044 Thread 0x0000015d2a7d5800 DEOPT PACKING pc=0x0000015d14c895ac sp=0x00000015446fd900
Event: 3195.044 Thread 0x0000015d2a7d5800 DEOPT UNPACKING pc=0x0000015d0d1378af sp=0x00000015446fd890 mode 2
Event: 3195.044 Thread 0x0000015d2a7d5800 Uncommon trap: trap_request=0xffffffbe fr.pc=0x0000015d14c895ac relative=0x00000000000004ec
Event: 3195.044 Thread 0x0000015d2a7d5800 Uncommon trap: reason=profile_predicate action=maybe_recompile pc=0x0000015d14c895ac method=com.google.common.base.CharMatcher.indexIn(Ljava/lang/CharSequence;I)I @ 19 c2
Event: 3195.044 Thread 0x0000015d2a7d5800 DEOPT PACKING pc=0x0000015d14c895ac sp=0x00000015446fd900
Event: 3195.044 Thread 0x0000015d2a7d5800 DEOPT UNPACKING pc=0x0000015d0d1378af sp=0x00000015446fd890 mode 2
Event: 3195.044 Thread 0x0000015d2a7d5800 Uncommon trap: trap_request=0xffffffbe fr.pc=0x0000015d14c895ac relative=0x00000000000004ec
Event: 3195.044 Thread 0x0000015d2a7d5800 Uncommon trap: reason=profile_predicate action=maybe_recompile pc=0x0000015d14c895ac method=com.google.common.base.CharMatcher.indexIn(Ljava/lang/CharSequence;I)I @ 19 c2
Event: 3195.044 Thread 0x0000015d2a7d5800 DEOPT PACKING pc=0x0000015d14c895ac sp=0x00000015446fd900
Event: 3195.044 Thread 0x0000015d2a7d5800 DEOPT UNPACKING pc=0x0000015d0d1378af sp=0x00000015446fd890 mode 2
Event: 3195.106 Thread 0x0000015d2ab05000 Uncommon trap: trap_request=0xffffff4d fr.pc=0x0000015d15101b0c relative=0x000000000000148c
Event: 3195.106 Thread 0x0000015d2ab05000 Uncommon trap: reason=unstable_if action=reinterpret pc=0x0000015d15101b0c method=com.google.common.collect.MapMakerInternalMap$Segment.getEntry(Ljava/lang/Object;I)Lcom/google/common/collect/MapMakerInternalMap$InternalEntry; @ 40 c2
Event: 3195.106 Thread 0x0000015d2ab05000 DEOPT PACKING pc=0x0000015d15101b0c sp=0x00000015440fb680
Event: 3195.106 Thread 0x0000015d2ab05000 DEOPT UNPACKING pc=0x0000015d0d1378af sp=0x00000015440fb590 mode 2

Classes redefined (0 events):
No events

Internal exceptions (20 events):
Event: 3192.637 Thread 0x0000015d27836000 Exception <a 'sun/nio/fs/WindowsException'{0x000000008ce12630}> (0x000000008ce12630) thrown at [./src/hotspot/share/prims/jni.cpp, line 615]
Event: 3192.647 Thread 0x0000015d27836000 Exception <a 'sun/nio/fs/WindowsException'{0x000000008ceb60c0}> (0x000000008ceb60c0) thrown at [./src/hotspot/share/prims/jni.cpp, line 615]
Event: 3192.647 Thread 0x0000015d27836000 Exception <a 'sun/nio/fs/WindowsException'{0x000000008ceb7190}> (0x000000008ceb7190) thrown at [./src/hotspot/share/prims/jni.cpp, line 615]
Event: 3192.647 Thread 0x0000015d27836000 Exception <a 'sun/nio/fs/WindowsException'{0x000000008ceb82b0}> (0x000000008ceb82b0) thrown at [./src/hotspot/share/prims/jni.cpp, line 615]
Event: 3192.647 Thread 0x0000015d27836000 Exception <a 'sun/nio/fs/WindowsException'{0x000000008ceb93d0}> (0x000000008ceb93d0) thrown at [./src/hotspot/share/prims/jni.cpp, line 615]
Event: 3193.056 Thread 0x0000015d2ab01000 Implicit null exception at 0x0000015d14d77ba7 to 0x0000015d14d77d28
Event: 3193.231 Thread 0x0000015d2ab01000 Implicit null exception at 0x0000015d156afe57 to 0x0000015d156b1fdc
Event: 3193.237 Thread 0x0000015d2ab01000 Implicit null exception at 0x0000015d14fa90b0 to 0x0000015d14fa9ea4
Event: 3193.237 Thread 0x0000015d2ab01000 Exception <a 'java/lang/NoSuchMethodError'{0x000000008b34c0d8}: <clinit>> (0x000000008b34c0d8) thrown at [./src/hotspot/share/prims/jni.cpp, line 1362]
Event: 3193.241 Thread 0x0000015d2ab01000 Exception <a 'java/lang/NoSuchMethodError'{0x000000008b36d1d0}: <clinit>> (0x000000008b36d1d0) thrown at [./src/hotspot/share/prims/jni.cpp, line 1362]
Event: 3193.431 Thread 0x0000015d2ab05000 Exception <a 'java/lang/NoSuchMethodError'{0x000000008a883320}: <clinit>> (0x000000008a883320) thrown at [./src/hotspot/share/prims/jni.cpp, line 1362]
Event: 3193.431 Thread 0x0000015d2ab05000 Exception <a 'java/lang/NoSuchMethodError'{0x000000008a8845e0}: <clinit>> (0x000000008a8845e0) thrown at [./src/hotspot/share/prims/jni.cpp, line 1362]
Event: 3193.431 Thread 0x0000015d2ab05000 Exception <a 'java/lang/NoSuchMethodError'{0x000000008a886d40}: <clinit>> (0x000000008a886d40) thrown at [./src/hotspot/share/prims/jni.cpp, line 1362]
Event: 3193.433 Thread 0x0000015d2ab05000 Exception <a 'java/lang/NoSuchMethodError'{0x000000008a89f648}: <clinit>> (0x000000008a89f648) thrown at [./src/hotspot/share/prims/jni.cpp, line 1362]
Event: 3193.433 Thread 0x0000015d2ab05000 Exception <a 'java/lang/NoSuchMethodError'{0x000000008a8a0b28}: <clinit>> (0x000000008a8a0b28) thrown at [./src/hotspot/share/prims/jni.cpp, line 1362]
Event: 3193.441 Thread 0x0000015d2ab05000 Exception <a 'java/lang/NoSuchMethodError'{0x000000008a725c50}: <clinit>> (0x000000008a725c50) thrown at [./src/hotspot/share/prims/jni.cpp, line 1362]
Event: 3193.445 Thread 0x0000015d2ab05000 Exception <a 'java/lang/NoSuchMethodError'{0x000000008a75d920}: <clinit>> (0x000000008a75d920) thrown at [./src/hotspot/share/prims/jni.cpp, line 1362]
Event: 3193.446 Thread 0x0000015d2ab05000 Exception <a 'java/lang/NoSuchMethodError'{0x000000008a770698}: <clinit>> (0x000000008a770698) thrown at [./src/hotspot/share/prims/jni.cpp, line 1362]
Event: 3195.038 Thread 0x0000015d2a7d5800 Exception <a 'sun/nio/fs/WindowsException'{0x000000008cec4d28}> (0x000000008cec4d28) thrown at [./src/hotspot/share/prims/jni.cpp, line 615]
Event: 3195.038 Thread 0x0000015d2a7d5800 Exception <a 'sun/nio/fs/WindowsException'{0x000000008cec4e10}> (0x000000008cec4e10) thrown at [./src/hotspot/share/prims/jni.cpp, line 615]

Events (20 events):
Event: 3193.438 Executing VM operation: RevokeBias
Event: 3193.438 Executing VM operation: RevokeBias done
Event: 3193.438 Executing VM operation: RevokeBias
Event: 3193.438 Executing VM operation: RevokeBias done
Event: 3193.438 Executing VM operation: RevokeBias
Event: 3193.438 Executing VM operation: RevokeBias done
Event: 3193.449 Thread 0x0000015d2a7d3000 Thread added: 0x0000015d2a7d3000
Event: 3193.467 Thread 0x0000015d2a7da800 Thread added: 0x0000015d2a7da800
Event: 3193.486 Thread 0x0000015d2a7d8800 Thread added: 0x0000015d2a7d8800
Event: 3193.486 Thread 0x0000015d2a7dc800 Thread added: 0x0000015d2a7dc800
Event: 3194.894 Thread 0x0000015d2bc70000 Thread exited: 0x0000015d2bc70000
Event: 3194.901 Thread 0x0000015d33991000 Thread added: 0x0000015d33991000
Event: 3194.907 Executing VM operation: G1CollectForAllocation
Event: 3194.916 Executing VM operation: G1CollectForAllocation done
Event: 3194.926 Executing VM operation: G1CollectForAllocation
Event: 3194.943 Executing VM operation: G1CollectForAllocation done
Event: 3195.097 Executing VM operation: RevokeBias
Event: 3195.097 Executing VM operation: RevokeBias done
Event: 3195.150 Executing VM operation: RevokeBias
Event: 3195.150 Executing VM operation: RevokeBias done


Dynamic libraries:
0x00007ff7291b0000 - 0x00007ff7291ba000 	C:\Program Files\Android\Android Studio\jre\bin\java.exe
0x00007ffc14f90000 - 0x00007ffc15185000 	C:\WINDOWS\SYSTEM32\ntdll.dll
0x00007ffc145f0000 - 0x00007ffc146ae000 	C:\WINDOWS\System32\KERNEL32.DLL
0x00007ffc129a0000 - 0x00007ffc12c68000 	C:\WINDOWS\System32\KERNELBASE.dll
0x00007ffc127f0000 - 0x00007ffc128f0000 	C:\WINDOWS\System32\ucrtbase.dll
0x00007ffc05d80000 - 0x00007ffc05d97000 	C:\Program Files\Android\Android Studio\jre\bin\VCRUNTIME140.dll
0x00007ffc05d60000 - 0x00007ffc05d79000 	C:\Program Files\Android\Android Studio\jre\bin\jli.dll
0x00007ffc13ba0000 - 0x00007ffc13d41000 	C:\WINDOWS\System32\USER32.dll
0x00007ffbfed80000 - 0x00007ffbff01a000 	C:\WINDOWS\WinSxS\amd64_microsoft.windows.common-controls_6595b64144ccf1df_6.0.19041.1110_none_60b5254171f9507e\COMCTL32.dll
0x00007ffc14eb0000 - 0x00007ffc14f4e000 	C:\WINDOWS\System32\msvcrt.dll
0x00007ffc126b0000 - 0x00007ffc126d2000 	C:\WINDOWS\System32\win32u.dll
0x00007ffc144e0000 - 0x00007ffc1450b000 	C:\WINDOWS\System32\GDI32.dll
0x00007ffc126e0000 - 0x00007ffc127eb000 	C:\WINDOWS\System32\gdi32full.dll
0x00007ffc12d00000 - 0x00007ffc12d9d000 	C:\WINDOWS\System32\msvcp_win.dll
0x00007ffc13db0000 - 0x00007ffc13de0000 	C:\WINDOWS\System32\IMM32.DLL
0x00007ffbf3e70000 - 0x00007ffbf3f0d000 	C:\Program Files\Android\Android Studio\jre\bin\msvcp140.dll
0x00007ffbbf050000 - 0x00007ffbbfb1f000 	C:\Program Files\Android\Android Studio\jre\bin\server\jvm.dll
0x00007ffc13f00000 - 0x00007ffc13fac000 	C:\WINDOWS\System32\ADVAPI32.dll
0x00007ffc13fb0000 - 0x00007ffc1404b000 	C:\WINDOWS\System32\sechost.dll
0x00007ffc13990000 - 0x00007ffc13aba000 	C:\WINDOWS\System32\RPCRT4.dll
0x00007ffc13630000 - 0x00007ffc13638000 	C:\WINDOWS\System32\PSAPI.DLL
0x00007ffc0a590000 - 0x00007ffc0a5b7000 	C:\WINDOWS\SYSTEM32\WINMM.dll
0x00007ffc0ee60000 - 0x00007ffc0ee69000 	C:\WINDOWS\SYSTEM32\WSOCK32.dll
0x00007ffc0a9d0000 - 0x00007ffc0a9da000 	C:\WINDOWS\SYSTEM32\VERSION.dll
0x00007ffc13de0000 - 0x00007ffc13e4b000 	C:\WINDOWS\System32\WS2_32.dll
0x00007ffc105b0000 - 0x00007ffc105c2000 	C:\WINDOWS\SYSTEM32\kernel.appcore.dll
0x00007ffc0d8c0000 - 0x00007ffc0d8d1000 	C:\Program Files\Android\Android Studio\jre\bin\verify.dll
0x00007ffc029a0000 - 0x00007ffc02b84000 	C:\WINDOWS\SYSTEM32\DBGHELP.DLL
0x00007ffbff910000 - 0x00007ffbff93c000 	C:\WINDOWS\SYSTEM32\dbgcore.DLL
0x00007ffc12f50000 - 0x00007ffc12fd3000 	C:\WINDOWS\System32\bcryptPrimitives.dll
0x00007ffc05fb0000 - 0x00007ffc05fd9000 	C:\Program Files\Android\Android Studio\jre\bin\java.dll
0x00007ffc0df90000 - 0x00007ffc0df9b000 	C:\Program Files\Android\Android Studio\jre\bin\jimage.dll
0x00007ffc0cb30000 - 0x00007ffc0cb48000 	C:\Program Files\Android\Android Studio\jre\bin\zip.dll
0x00007ffc14710000 - 0x00007ffc14e4f000 	C:\WINDOWS\System32\SHELL32.dll
0x00007ffc107b0000 - 0x00007ffc10f40000 	C:\WINDOWS\SYSTEM32\windows.storage.dll
0x00007ffc14180000 - 0x00007ffc144d5000 	C:\WINDOWS\System32\combase.dll
0x00007ffc12030000 - 0x00007ffc1205e000 	C:\WINDOWS\SYSTEM32\Wldp.dll
0x00007ffc13840000 - 0x00007ffc138ed000 	C:\WINDOWS\System32\SHCORE.dll
0x00007ffc13d50000 - 0x00007ffc13da5000 	C:\WINDOWS\System32\shlwapi.dll
0x00007ffc125f0000 - 0x00007ffc1260f000 	C:\WINDOWS\SYSTEM32\profapi.dll
0x00007ffc064c0000 - 0x00007ffc064da000 	C:\Program Files\Android\Android Studio\jre\bin\net.dll
0x00007ffc06970000 - 0x00007ffc06a7c000 	C:\WINDOWS\SYSTEM32\WINHTTP.dll
0x00007ffc11d90000 - 0x00007ffc11dfa000 	C:\WINDOWS\system32\mswsock.dll
0x00007ffc05f90000 - 0x00007ffc05fa4000 	C:\Program Files\Android\Android Studio\jre\bin\nio.dll
0x00007ffc06530000 - 0x00007ffc06557000 	C:\Users\jeffe\.gradle\native\8bec1ad78214c89d9ad589b4d07fe93259594b29d510b10fafb7a158f7737e5d\windows-amd64\native-platform.dll
0x00007ffbc1180000 - 0x00007ffbc12bd000 	C:\Users\jeffe\.gradle\native\53dbd7edfb1c66fb8903c78663c9afc45aea4f116125fa6feffd364cf09443e8\windows-amd64\native-platform-file-events.dll
0x00007ffc0df70000 - 0x00007ffc0df7a000 	C:\Program Files\Android\Android Studio\jre\bin\management.dll
0x00007ffc0d8b0000 - 0x00007ffc0d8bc000 	C:\Program Files\Android\Android Studio\jre\bin\management_ext.dll
0x00007ffc11f80000 - 0x00007ffc11f98000 	C:\WINDOWS\SYSTEM32\CRYPTSP.dll
0x00007ffc11710000 - 0x00007ffc11744000 	C:\WINDOWS\system32\rsaenh.dll
0x00007ffc12cd0000 - 0x00007ffc12cf7000 	C:\WINDOWS\System32\bcrypt.dll
0x00007ffc125b0000 - 0x00007ffc125de000 	C:\WINDOWS\SYSTEM32\USERENV.dll
0x00007ffc11fa0000 - 0x00007ffc11fac000 	C:\WINDOWS\SYSTEM32\CRYPTBASE.dll
0x00007ffc11a80000 - 0x00007ffc11abb000 	C:\WINDOWS\SYSTEM32\IPHLPAPI.DLL
0x00007ffc14510000 - 0x00007ffc14518000 	C:\WINDOWS\System32\NSI.dll
0x00007ffc0ab00000 - 0x00007ffc0ab17000 	C:\WINDOWS\SYSTEM32\dhcpcsvc6.DLL
0x00007ffc0aae0000 - 0x00007ffc0aafd000 	C:\WINDOWS\SYSTEM32\dhcpcsvc.DLL
0x00007ffc11ac0000 - 0x00007ffc11b8b000 	C:\WINDOWS\SYSTEM32\DNSAPI.dll
0x00007ffc012e0000 - 0x00007ffc01307000 	C:\Program Files\Android\Android Studio\jre\bin\sunec.dll

dbghelp: loaded successfully - version: 4.0.5 - missing functions: none
symbol engine: initialized successfully - sym options: 0x614 - pdb path: .;C:\Program Files\Android\Android Studio\jre\bin;C:\WINDOWS\SYSTEM32;C:\WINDOWS\WinSxS\amd64_microsoft.windows.common-controls_6595b64144ccf1df_6.0.19041.1110_none_60b5254171f9507e;C:\Program Files\Android\Android Studio\jre\bin\server;C:\Users\jeffe\.gradle\native\8bec1ad78214c89d9ad589b4d07fe93259594b29d510b10fafb7a158f7737e5d\windows-amd64;C:\Users\jeffe\.gradle\native\53dbd7edfb1c66fb8903c78663c9afc45aea4f116125fa6feffd364cf09443e8\windows-amd64

VM Arguments:
jvm_args: --add-opens=java.base/java.util=ALL-UNNAMED --add-opens=java.base/java.lang=ALL-UNNAMED --add-opens=java.base/java.lang.invoke=ALL-UNNAMED --add-opens=java.base/java.util=ALL-UNNAMED --add-opens=java.prefs/java.util.prefs=ALL-UNNAMED --add-opens=java.prefs/java.util.prefs=ALL-UNNAMED --add-opens=java.base/java.nio.charset=ALL-UNNAMED --add-opens=java.base/java.net=ALL-UNNAMED --add-opens=java.base/java.util.concurrent.atomic=ALL-UNNAMED -Xmx2048m -Dfile.encoding=UTF-8 -Duser.country=PH -Duser.language=en -Duser.variant 
java_command: org.gradle.launcher.daemon.bootstrap.GradleDaemon 7.0.2
java_class_path (initial): C:\Users\jeffe\.gradle\wrapper\dists\gradle-7.0.2-bin\857tjihv64xamwrf0h14cai3r\gradle-7.0.2\lib\gradle-launcher-7.0.2.jar
Launcher Type: SUN_STANDARD

[Global flags]
     intx CICompilerCount                          = 4                                         {product} {ergonomic}
     uint ConcGCThreads                            = 2                                         {product} {ergonomic}
     uint G1ConcRefinementThreads                  = 8                                         {product} {ergonomic}
   size_t G1HeapRegionSize                         = 1048576                                   {product} {ergonomic}
    uintx GCDrainStackTargetSize                   = 64                                        {product} {ergonomic}
   size_t InitialHeapSize                          = 234881024                                 {product} {ergonomic}
   size_t MarkStackSize                            = 4194304                                   {product} {ergonomic}
   size_t MaxHeapSize                              = 2147483648                                {product} {command line}
   size_t MaxNewSize                               = 1287651328                                {product} {ergonomic}
   size_t MinHeapDeltaBytes                        = 1048576                                   {product} {ergonomic}
    uintx NonNMethodCodeHeapSize                   = 5836300                                {pd product} {ergonomic}
    uintx NonProfiledCodeHeapSize                  = 122910970                              {pd product} {ergonomic}
    uintx ProfiledCodeHeapSize                     = 122910970                              {pd product} {ergonomic}
    uintx ReservedCodeCacheSize                    = 251658240                              {pd product} {ergonomic}
     bool SegmentedCodeCache                       = true                                      {product} {ergonomic}
     bool UseCompressedClassPointers               = true                                 {lp64_product} {ergonomic}
     bool UseCompressedOops                        = true                                 {lp64_product} {ergonomic}
     bool UseG1GC                                  = true                                      {product} {ergonomic}
     bool UseLargePagesIndividualAllocation        = false                                  {pd product} {ergonomic}

Logging:
Log output configuration:
 #0: stdout all=warning uptime,level,tags
 #1: stderr all=off uptime,level,tags

Environment Variables:
JAVA_HOME=C:\Program Files\Java\jdk-13.0.2
PATH=C:\Program Files (x86)\Razer Chroma SDK\bin;C:\Program Files\Razer Chroma SDK\bin;C:\Program Files (x86)\Razer\ChromaBroadcast\bin;C:\Program Files\Razer\ChromaBroadcast\bin;C:\WINDOWS\system32;C:\WINDOWS;C:\WINDOWS\System32\Wbem;C:\WINDOWS\System32\WindowsPowerShell\v1.0\;C:\WINDOWS\System32\OpenSSH\;C:\Program Files\Java\jdk-13.0.2\bin;C:\Program Files\MySQL\MySQL Server 5.5\bin;C:\WINDOWS\system32\config\systemprofile\AppData\Local\Microsoft\WindowsApps;C:\Users\jeffe\AppData\Local\Microsoft\WindowsApps;C:\Program Files\MySQL\MySQL Shell 8.0\bin\;C:\Users\jeffe\AppData\Local\Microsoft\WindowsApps;
USERNAME=jeffe
OS=Windows_NT
PROCESSOR_IDENTIFIER=AMD64 Family 23 Model 24 Stepping 1, AuthenticAMD



---------------  S Y S T E M  ---------------

OS: Windows 10 , 64 bit Build 19041 (10.0.19041.1320)
OS uptime: 0 days 20:58 hours

CPU:total 8 (initial active 8) (8 cores per cpu, 2 threads per core) family 23 model 24 stepping 1 microcode 0x0, cmov, cx8, fxsr, mmx, sse, sse2, sse3, ssse3, sse4.1, sse4.2, popcnt, avx, avx2, aes, clmul, mmxext, 3dnowpref, lzcnt, sse4a, ht, tsc, tscinvbit, tscinv, bmi1, bmi2, adx, s

Memory: 4k page, system-wide physical 14274M (6963M free)
TotalPageFile size 16450M (AvailPageFile size 5932M)
current process WorkingSet (physical memory assigned to process): 513M, peak: 561M
current process commit charge ("private bytes"): 593M, peak: 600M

vm_info: OpenJDK 64-Bit Server VM (11.0.10+0-b96-7249189) for windows-amd64 JRE (11.0.10+0-b96-7249189), built on Mar 31 2021 21:44:00 by "builder" with MS VC++ 14.0 (VS2015)

END.
