#
# A fatal error has been detected by the Java Runtime Environment:
#
#  EXCEPTION_ACCESS_VIOLATION (0xc0000005) at pc=0x00007fff8bac054a, pid=11532, tid=21520
#
# JRE version: Java(TM) SE Runtime Environment (13.0.2+8) (build 13.0.2+8)
# Java VM: Java HotSpot(TM) 64-Bit Server VM (13.0.2+8, mixed mode, sharing, tiered, compressed oops, g1 gc, windows-amd64)
# Problematic frame:
# V  [jvm.dll+0x1e054a]
#
# No core dump will be written. Minidumps are not enabled by default on client versions of Windows
#
# If you would like to submit a bug report, please visit:
#   http://bugreport.java.com/bugreport/crash.jsp
#

---------------  S U M M A R Y ------------

Command Line: --add-opens=java.base/java.util=ALL-UNNAMED --add-opens=java.base/java.lang=ALL-UNNAMED --add-opens=java.base/java.lang.invoke=ALL-UNNAMED --add-opens=java.base/java.util=ALL-UNNAMED --add-opens=java.prefs/java.util.prefs=ALL-UNNAMED --add-opens=java.prefs/java.util.prefs=ALL-UNNAMED --add-opens=java.base/java.nio.charset=ALL-UNNAMED --add-opens=java.base/java.net=ALL-UNNAMED --add-opens=java.base/java.util.concurrent.atomic=ALL-UNNAMED -Xmx2048m -Dfile.encoding=UTF-8 -Duser.country=PH -Duser.language=en -Duser.variant org.gradle.launcher.daemon.bootstrap.GradleDaemon 7.3.2

Host: AMD Ryzen 5 3550H with Radeon Vega Mobile Gfx  , 8 cores, 13G,  Windows 10 , 64 bit Build 19041 (10.0.19041.1348)
Time: Mon Jan  3 12:31:11 2022 Malay Peninsula Standard Time elapsed time: 8 seconds (0d 0h 0m 8s)

---------------  T H R E A D  ---------------

Current thread (0x0000020effb21800):  JavaThread "C2 CompilerThread0" daemon [_thread_in_native, id=21520, stack(0x0000003089300000,0x0000003089400000)]


Current CompileTask:
C2:   8623 2831  s!   4       jdk.internal.loader.URLClassPath::getLoader (194 bytes)

Stack: [0x0000003089300000,0x0000003089400000],  sp=0x00000030893fb730,  free space=1005k
Native frames: (J=compiled Java code, j=interpreted, Vv=VM code, C=native code)
V  [jvm.dll+0x1e054a]
V  [jvm.dll+0x1e07a6]
V  [jvm.dll+0x19eee7]
V  [jvm.dll+0x205d36]
V  [jvm.dll+0x204e3f]
V  [jvm.dll+0x189c2c]
V  [jvm.dll+0x213e6d]
V  [jvm.dll+0x2120bb]
V  [jvm.dll+0x736bb6]
V  [jvm.dll+0x72fcaa]
V  [jvm.dll+0x623ea6]
C  [ucrtbase.dll+0x21bb2]
C  [KERNEL32.DLL+0x17034]
C  [ntdll.dll+0x52651]


siginfo: EXCEPTION_ACCESS_VIOLATION (0xc0000005), reading address 0x0000000e8c3e4208


Register to memory mapping:

RIP=0x00007fff8bac054a jvm.dll
RAX=0x00000030893fbb60 is pointing into the stack for thread: 0x0000020effb21800
RBX=0x00000030893fb8a0 is pointing into the stack for thread: 0x0000020effb21800
RCX=0x00000030893fb8a0 is pointing into the stack for thread: 0x0000020effb21800
RDX=0x0000000e8c3e41c0 is an unknown value
RSP=0x00000030893fb730 is pointing into the stack for thread: 0x0000020effb21800
RBP=0x0000000e8c3e41c0 is an unknown value
RSI=0x00000030893fbce0 is pointing into the stack for thread: 0x0000020effb21800
RDI=0x0000000000000017 is an unknown value
R8 =0x00007fff8c133118 jvm.dll
R9 =0x0000000000000e80 is an unknown value
R10=0x0000020e85497ac0 points into unknown readable memory: 30 79 3e 8c 0e 02 00 00
R11=0x000000000000003d is an unknown value
R12=0x0000020e85d11f88 points into unknown readable memory: 00 00 00 00 00 00 00 00
R13=0x00000030893fb8a0 is pointing into the stack for thread: 0x0000020effb21800
R14=0x0000000000000001 is an unknown value
R15=0x0 is NULL


Registers:
RAX=0x00000030893fbb60, RBX=0x00000030893fb8a0, RCX=0x00000030893fb8a0, RDX=0x0000000e8c3e41c0
RSP=0x00000030893fb730, RBP=0x0000000e8c3e41c0, RSI=0x00000030893fbce0, RDI=0x0000000000000017
R8 =0x00007fff8c133118, R9 =0x0000000000000e80, R10=0x0000020e85497ac0, R11=0x000000000000003d
R12=0x0000020e85d11f88, R13=0x00000030893fb8a0, R14=0x0000000000000001, R15=0x0000000000000000
RIP=0x00007fff8bac054a, EFLAGS=0x0000000000010246

Top of Stack: (sp=0x00000030893fb730)
0x00000030893fb730:   0000020e8c002728 0000020e85d11f88
0x00000030893fb740:   00000030893fb8a0 0000000000000001
0x00000030893fb750:   0000020e85d11bb0 00000000000003d8
0x00000030893fb760:   0000000000000017 00007fff8bac07a6
0x00000030893fb770:   0000020e85d11ba0 00000030893fb8a0
0x00000030893fb780:   00000030893fb8a0 00000030893fbce0
0x00000030893fb790:   0000000000000000 00007fff8ba7eee7
0x00000030893fb7a0:   00000030893fbc00 00000030893fbce0
0x00000030893fb7b0:   0000020e85d11bb0 00000030893fbc00
0x00000030893fb7c0:   0000020e8b69b100 00000030893fb920
0x00000030893fb7d0:   0000003000000006 0000020e85d11ba0
0x00000030893fb7e0:   0000020e8ba81980 0000020e8ba84630
0x00000030893fb7f0:   0000020e8ba89968 0000000000131b58
0x00000030893fb800:   0000020effb00000 0000000000000000
0x00000030893fb810:   0000020e8c6c26d0 00007fffd3dd2500
0x00000030893fb820:   0000000000000000 00007fff8c133170 

Instructions: (pc=0x00007fff8bac054a)
0x00007fff8bac044a:   e8 f1 f5 ff ff 48 8b bc 24 e0 00 00 00 48 81 c4
0x00007fff8bac045a:   d0 00 00 00 5b c3 48 89 5c 24 08 57 48 83 ec 20
0x00007fff8bac046a:   48 8b da 48 8b f9 48 83 c1 08 ba 0d 00 00 00 e8
0x00007fff8bac047a:   22 f7 46 00 48 8d 05 33 b0 67 00 48 89 5f 18 48
0x00007fff8bac048a:   89 07 48 8d 4f 20 8b 93 e0 00 00 00 e8 25 08 18
0x00007fff8bac049a:   00 48 8b 5c 24 30 48 8b c7 48 83 c4 20 5f c3 cc
0x00007fff8bac04aa:   cc cc cc cc cc cc 48 89 5c 24 08 48 89 6c 24 10
0x00007fff8bac04ba:   48 89 74 24 18 57 48 83 ec 20 8b 79 28 48 8b ea
0x00007fff8bac04ca:   ff cf 48 8b d9 3b 79 18 73 0a 48 8b 41 20 48 8b
0x00007fff8bac04da:   34 f8 eb 02 33 f6 48 8b 06 48 8b ce ff 50 20 48
0x00007fff8bac04ea:   3b c6 74 03 2b 7b 48 4c 8b c5 48 8d 4b 10 8b d7
0x00007fff8bac04fa:   e8 11 76 42 00 ff 43 28 48 8b 5c 24 30 48 8b 6c
0x00007fff8bac050a:   24 38 48 8b 74 24 40 48 83 c4 20 5f c3 cc cc cc
0x00007fff8bac051a:   cc cc cc cc cc cc 48 89 5c 24 10 48 89 6c 24 18
0x00007fff8bac052a:   48 89 74 24 20 57 41 55 41 56 48 83 ec 20 4c 89
0x00007fff8bac053a:   7c 24 40 48 8b ea 45 33 ff 4c 8b e9 45 8d 77 01
0x00007fff8bac054a:   44 39 7a 48 0f 86 a5 00 00 00 0f 1f 40 00 0f 1f
0x00007fff8bac055a:   84 00 00 00 00 00 48 8b 45 40 41 8b d6 4a 8b 3c
0x00007fff8bac056a:   f8 49 8b 45 18 44 8b 4f 18 48 8b 48 48 4c 8b 51
0x00007fff8bac057a:   78 0f 1f 44 00 00 45 85 c9 74 09 48 8b 47 20 48
0x00007fff8bac058a:   8b 00 eb 02 33 c0 48 8b 40 08 44 8b c2 4a 8b 0c
0x00007fff8bac059a:   c0 8b 41 28 49 39 2c c2 74 04 ff c2 eb d8 41 8b
0x00007fff8bac05aa:   de 39 5f 28 76 3c 4a 8d 34 c5 00 00 00 00 3b 5f
0x00007fff8bac05ba:   18 73 0c 48 8b 57 20 8b c3 48 8b 14 c2 eb 02 33
0x00007fff8bac05ca:   d2 0f b6 42 2c 24 0f 3c 0c 75 17 4c 8b 42 08 49
0x00007fff8bac05da:   8b cd 4d 8b 04 30 e8 db 01 00 00 ff c3 3b 5f 28
0x00007fff8bac05ea:   72 cc 41 ff c7 44 3b 7d 48 0f 82 67 ff ff ff 8b
0x00007fff8bac05fa:   75 28 4c 8b 7c 24 40 ff ce 3b 75 18 73 0a 48 8b
0x00007fff8bac060a:   45 20 48 8b 1c f0 eb 02 33 db 48 8b 03 48 8b cb
0x00007fff8bac061a:   ff 50 20 48 3b c3 74 03 2b 75 48 41 3b f6 76 53
0x00007fff8bac062a:   bf 08 00 00 00 90 44 3b 75 18 73 0a 48 8b 45 20
0x00007fff8bac063a:   48 8b 1c 07 eb 02 33 db 0f b6 43 2c 24 03 3c 02 


Stack slot to memory mapping:
stack at sp + 0 slots: 0x0000020e8c002728 points into unknown readable memory: 90 86 0c 8c ff 7f 00 00
stack at sp + 1 slots: 0x0000020e85d11f88 points into unknown readable memory: 00 00 00 00 00 00 00 00
stack at sp + 2 slots: 0x00000030893fb8a0 is pointing into the stack for thread: 0x0000020effb21800
stack at sp + 3 slots: 0x0000000000000001 is an unknown value
stack at sp + 4 slots: 0x0000020e85d11bb0 points into unknown readable memory: 68 8c 1a 8c ff 7f 00 00
stack at sp + 5 slots: 0x00000000000003d8 is an unknown value
stack at sp + 6 slots: 0x0000000000000017 is an unknown value
stack at sp + 7 slots: 0x00007fff8bac07a6 jvm.dll


---------------  P R O C E S S  ---------------

Threads class SMR info:
_java_thread_list=0x0000020e86adb150, length=40, elements={
0x0000020ee432d800, 0x0000020effb03800, 0x0000020effb06000, 0x0000020effb0e000,
0x0000020effb1e800, 0x0000020effb21800, 0x0000020effb23800, 0x0000020effb27000,
0x0000020effc6d000, 0x0000020effc87000, 0x0000020e860f9000, 0x0000020effdaf800,
0x0000020e85313800, 0x0000020e86282800, 0x0000020e862b0000, 0x0000020e862ad800,
0x0000020e862b1000, 0x0000020e862ac000, 0x0000020e862ad000, 0x0000020e862af800,
0x0000020e862ae800, 0x0000020e862ab800, 0x0000020e862b2000, 0x0000020e887c3000,
0x0000020e887c5800, 0x0000020e887c7000, 0x0000020e887c4000, 0x0000020e887c8000,
0x0000020e887c9800, 0x0000020e887c6800, 0x0000020e887c9000, 0x0000020e887c4800,
0x0000020e8ad0a000, 0x0000020e8ad0b800, 0x0000020e8ad08800, 0x0000020e8ad0e000,
0x0000020e8ad0d800, 0x0000020e8ad0f000, 0x0000020e8b744800, 0x0000020e860ce800
}

Java Threads: ( => current thread )
  0x0000020ee432d800 JavaThread "main" [_thread_blocked, id=16040, stack(0x0000003088800000,0x0000003088900000)]
  0x0000020effb03800 JavaThread "Reference Handler" daemon [_thread_blocked, id=11684, stack(0x0000003088f00000,0x0000003089000000)]
  0x0000020effb06000 JavaThread "Finalizer" daemon [_thread_blocked, id=14468, stack(0x0000003089000000,0x0000003089100000)]
  0x0000020effb0e000 JavaThread "Signal Dispatcher" daemon [_thread_blocked, id=21108, stack(0x0000003089100000,0x0000003089200000)]
  0x0000020effb1e800 JavaThread "Attach Listener" daemon [_thread_blocked, id=20776, stack(0x0000003089200000,0x0000003089300000)]
=>0x0000020effb21800 JavaThread "C2 CompilerThread0" daemon [_thread_in_native, id=21520, stack(0x0000003089300000,0x0000003089400000)]
  0x0000020effb23800 JavaThread "C1 CompilerThread0" daemon [_thread_blocked, id=11104, stack(0x0000003089400000,0x0000003089500000)]
  0x0000020effb27000 JavaThread "Sweeper thread" daemon [_thread_blocked, id=8424, stack(0x0000003089500000,0x0000003089600000)]
  0x0000020effc6d000 JavaThread "Common-Cleaner" daemon [_thread_blocked, id=11428, stack(0x0000003089600000,0x0000003089700000)]
  0x0000020effc87000 JavaThread "Service Thread" daemon [_thread_blocked, id=17028, stack(0x0000003089700000,0x0000003089800000)]
  0x0000020e860f9000 JavaThread "Daemon health stats" [_thread_blocked, id=16448, stack(0x0000003089e00000,0x0000003089f00000)]
  0x0000020effdaf800 JavaThread "Incoming local TCP Connector on port 51288" [_thread_in_native, id=19420, stack(0x0000003089900000,0x0000003089a00000)]
  0x0000020e85313800 JavaThread "Daemon periodic checks" [_thread_blocked, id=2484, stack(0x0000003089f00000,0x000000308a000000)]
  0x0000020e86282800 JavaThread "Daemon" [_thread_blocked, id=17152, stack(0x000000308a000000,0x000000308a100000)]
  0x0000020e862b0000 JavaThread "Handler for socket connection from /127.0.0.1:51288 to /127.0.0.1:51289" [_thread_in_native, id=6192, stack(0x000000308a100000,0x000000308a200000)]
  0x0000020e862ad800 JavaThread "Cancel handler" [_thread_blocked, id=8124, stack(0x000000308a300000,0x000000308a400000)]
  0x0000020e862b1000 JavaThread "Daemon worker" [_thread_in_vm, id=7284, stack(0x000000308a400000,0x000000308a500000)]
  0x0000020e862ac000 JavaThread "Asynchronous log dispatcher for DefaultDaemonConnection: socket connection from /127.0.0.1:51288 to /127.0.0.1:51289" [_thread_blocked, id=19756, stack(0x000000308a500000,0x000000308a600000)]
  0x0000020e862ad000 JavaThread "Stdin handler" [_thread_blocked, id=13744, stack(0x000000308a600000,0x000000308a700000)]
  0x0000020e862af800 JavaThread "Daemon client event forwarder" [_thread_blocked, id=18568, stack(0x000000308a700000,0x000000308a800000)]
  0x0000020e862ae800 JavaThread "Cache worker for journal cache (C:\Users\jeffe\.gradle\caches\journal-1)" [_thread_blocked, id=14784, stack(0x000000308a800000,0x000000308a900000)]
  0x0000020e862ab800 JavaThread "File lock request listener" [_thread_in_native, id=13064, stack(0x000000308a900000,0x000000308aa00000)]
  0x0000020e862b2000 JavaThread "Cache worker for file hash cache (C:\Users\jeffe\.gradle\caches\7.3.2\fileHashes)" [_thread_blocked, id=17604, stack(0x000000308aa00000,0x000000308ab00000)]
  0x0000020e887c3000 JavaThread "Cache worker for file hash cache (C:\Users\jeffe\AndroidStudioProjects\FirstAidKit3\.gradle\7.3.2\fileHashes)" [_thread_blocked, id=23432, stack(0x000000308ae00000,0x000000308af00000)]
  0x0000020e887c5800 JavaThread "File watcher server" daemon [_thread_in_native, id=10212, stack(0x000000308b000000,0x000000308b100000)]
  0x0000020e887c7000 JavaThread "File watcher consumer" daemon [_thread_blocked, id=6096, stack(0x000000308b100000,0x000000308b200000)]
  0x0000020e887c4000 JavaThread "jar transforms" [_thread_blocked, id=2300, stack(0x000000308b200000,0x000000308b300000)]
  0x0000020e887c8000 JavaThread "jar transforms Thread 2" [_thread_blocked, id=3520, stack(0x000000308b300000,0x000000308b400000)]
  0x0000020e887c9800 JavaThread "jar transforms Thread 3" [_thread_blocked, id=14632, stack(0x000000308b400000,0x000000308b500000)]
  0x0000020e887c6800 JavaThread "jar transforms Thread 4" [_thread_blocked, id=18876, stack(0x000000308b500000,0x000000308b600000)]
  0x0000020e887c9000 JavaThread "jar transforms Thread 5" [_thread_blocked, id=21556, stack(0x000000308b600000,0x000000308b700000)]
  0x0000020e887c4800 JavaThread "jar transforms Thread 6" [_thread_blocked, id=19124, stack(0x000000308b700000,0x000000308b800000)]
  0x0000020e8ad0a000 JavaThread "jar transforms Thread 7" [_thread_blocked, id=20372, stack(0x000000308b800000,0x000000308b900000)]
  0x0000020e8ad0b800 JavaThread "jar transforms Thread 8" [_thread_blocked, id=1848, stack(0x000000308b900000,0x000000308ba00000)]
  0x0000020e8ad08800 JavaThread "Cache worker for checksums cache (C:\Users\jeffe\AndroidStudioProjects\FirstAidKit3\.gradle\7.3.2\checksums)" [_thread_blocked, id=17832, stack(0x000000308bb00000,0x000000308bc00000)]
  0x0000020e8ad0e000 JavaThread "Cache worker for cache directory md-supplier (C:\Users\jeffe\.gradle\caches\7.3.2\md-supplier)" [_thread_blocked, id=11080, stack(0x000000308bc00000,0x000000308bd00000)]
  0x0000020e8ad0d800 JavaThread "Cache worker for cache directory md-rule (C:\Users\jeffe\.gradle\caches\7.3.2\md-rule)" [_thread_blocked, id=3116, stack(0x000000308bd00000,0x000000308be00000)]
  0x0000020e8ad0f000 JavaThread "Cache worker for execution history cache (C:\Users\jeffe\.gradle\caches\7.3.2\executionHistory)" [_thread_blocked, id=7164, stack(0x000000308be00000,0x000000308bf00000)]
  0x0000020e8b744800 JavaThread "C2 CompilerThread1" daemon [_thread_in_native, id=5040, stack(0x000000308a200000,0x000000308a300000)]
  0x0000020e860ce800 JavaThread "C2 CompilerThread2" daemon [_thread_in_native, id=9588, stack(0x000000308af00000,0x000000308b000000)]

Other Threads:
  0x0000020effb01800 VMThread "VM Thread" [stack: 0x0000003088e00000,0x0000003088f00000] [id=22016]
  0x0000020effc89800 WatcherThread [stack: 0x0000003089800000,0x0000003089900000] [id=5824]
  0x0000020ee4370800 GCTaskThread "GC Thread#0" [stack: 0x0000003088900000,0x0000003088a00000] [id=14040]
  0x0000020e851c3800 GCTaskThread "GC Thread#1" [stack: 0x0000003089a00000,0x0000003089b00000] [id=22740]
  0x0000020e852d1800 GCTaskThread "GC Thread#2" [stack: 0x0000003089b00000,0x0000003089c00000] [id=12200]
  0x0000020e851d8800 GCTaskThread "GC Thread#3" [stack: 0x0000003089c00000,0x0000003089d00000] [id=1860]
  0x0000020e851d9000 GCTaskThread "GC Thread#4" [stack: 0x0000003089d00000,0x0000003089e00000] [id=17032]
  0x0000020e85ff6000 GCTaskThread "GC Thread#5" [stack: 0x000000308ab00000,0x000000308ac00000] [id=8296]
  0x0000020e856ef800 GCTaskThread "GC Thread#6" [stack: 0x000000308ac00000,0x000000308ad00000] [id=23328]
  0x0000020e85a3c000 GCTaskThread "GC Thread#7" [stack: 0x000000308ad00000,0x000000308ae00000] [id=16152]
  0x0000020ee4382800 ConcurrentGCThread "G1 Main Marker" [stack: 0x0000003088a00000,0x0000003088b00000] [id=6752]
  0x0000020ee4387800 ConcurrentGCThread "G1 Conc#0" [stack: 0x0000003088b00000,0x0000003088c00000] [id=8848]
  0x0000020e8cdc2000 ConcurrentGCThread "G1 Conc#1" [stack: 0x000000308ba00000,0x000000308bb00000] [id=8084]
  0x0000020ee440d800 ConcurrentGCThread "G1 Refine#0" [stack: 0x0000003088c00000,0x0000003088d00000] [id=21040]
  0x0000020eff974800 ConcurrentGCThread "G1 Young RemSet Sampling" [stack: 0x0000003088d00000,0x0000003088e00000] [id=14292]

Threads with active compile tasks:
C2 CompilerThread0     8699 2831  s!   4       jdk.internal.loader.URLClassPath::getLoader (194 bytes)
C2 CompilerThread1     8699 2996       4       java.util.AbstractCollection::addAll (42 bytes)
C2 CompilerThread2     8700 2946       4       jdk.internal.loader.URLClassPath::getResource (74 bytes)

VM state:not at safepoint (normal execution)

VM Mutex/Monitor currently owned by a thread: None

Heap address: 0x0000000080000000, size: 2048 MB, Compressed Oops mode: 32-bit
Narrow klass base: 0x0000000800000000, Narrow klass shift: 3
Compressed class space size: 1073741824 Address: 0x0000000800b40000

Heap:
 garbage-first heap   total 112640K, used 92873K [0x0000000080000000, 0x0000000100000000)
  region size 1024K, 65 young (66560K), 5 survivors (5120K)
 Metaspace       used 28610K, capacity 29518K, committed 29568K, reserved 1075200K
  class space    used 4099K, capacity 4443K, committed 4480K, reserved 1048576K
Heap Regions: E=young(eden), S=young(survivor), O=old, HS=humongous(starts), HC=humongous(continues), CS=collection set, F=free, A=archive, TAMS=top-at-mark-start (previous, next)
|   0|0x0000000080000000, 0x0000000080100000, 0x0000000080100000|100%|HS|  |TAMS 0x0000000080100000, 0x0000000080000000| Complete 
|   1|0x0000000080100000, 0x0000000080200000, 0x0000000080200000|100%|HC|  |TAMS 0x0000000080200000, 0x0000000080100000| Complete 
|   2|0x0000000080200000, 0x0000000080300000, 0x0000000080300000|100%| O|  |TAMS 0x0000000080200000, 0x0000000080200000| Untracked 
|   3|0x0000000080300000, 0x0000000080400000, 0x0000000080400000|100%|HS|  |TAMS 0x0000000080400000, 0x0000000080300000| Complete 
|   4|0x0000000080400000, 0x0000000080500000, 0x0000000080500000|100%|HC|  |TAMS 0x0000000080500000, 0x0000000080400000| Complete 
|   5|0x0000000080500000, 0x0000000080600000, 0x0000000080600000|100%|HC|  |TAMS 0x0000000080600000, 0x0000000080500000| Complete 
|   6|0x0000000080600000, 0x0000000080700000, 0x0000000080700000|100%| O|  |TAMS 0x0000000080700000, 0x0000000080600000| Untracked 
|   7|0x0000000080700000, 0x0000000080800000, 0x0000000080800000|100%| O|  |TAMS 0x0000000080800000, 0x0000000080700000| Untracked 
|   8|0x0000000080800000, 0x0000000080900000, 0x0000000080900000|100%| O|  |TAMS 0x0000000080900000, 0x0000000080800000| Untracked 
|   9|0x0000000080900000, 0x0000000080a00000, 0x0000000080a00000|100%| O|  |TAMS 0x0000000080909400, 0x0000000080900000| Untracked 
|  10|0x0000000080a00000, 0x0000000080b00000, 0x0000000080b00000|100%|HS|  |TAMS 0x0000000080b00000, 0x0000000080a00000| Complete 
|  11|0x0000000080b00000, 0x0000000080c00000, 0x0000000080c00000|100%|HC|  |TAMS 0x0000000080c00000, 0x0000000080b00000| Complete 
|  12|0x0000000080c00000, 0x0000000080d00000, 0x0000000080d00000|100%|HC|  |TAMS 0x0000000080d00000, 0x0000000080c00000| Complete 
|  13|0x0000000080d00000, 0x0000000080e00000, 0x0000000080e00000|100%|HS|  |TAMS 0x0000000080e00000, 0x0000000080d00000| Complete 
|  14|0x0000000080e00000, 0x0000000080f00000, 0x0000000080f00000|100%|HC|  |TAMS 0x0000000080f00000, 0x0000000080e00000| Complete 
|  15|0x0000000080f00000, 0x0000000081000000, 0x0000000081000000|100%|HC|  |TAMS 0x0000000081000000, 0x0000000080f00000| Complete 
|  16|0x0000000081000000, 0x0000000081100000, 0x0000000081100000|100%|HC|  |TAMS 0x0000000081100000, 0x0000000081000000| Complete 
|  17|0x0000000081100000, 0x0000000081200000, 0x0000000081200000|100%|HC|  |TAMS 0x0000000081200000, 0x0000000081100000| Complete 
|  18|0x0000000081200000, 0x0000000081300000, 0x0000000081300000|100%| O|  |TAMS 0x0000000081200000, 0x0000000081200000| Untracked 
|  19|0x0000000081300000, 0x0000000081400000, 0x0000000081400000|100%| O|  |TAMS 0x0000000081300000, 0x0000000081300000| Untracked 
|  20|0x0000000081400000, 0x0000000081500000, 0x0000000081500000|100%| O|  |TAMS 0x0000000081400000, 0x0000000081400000| Untracked 
|  21|0x0000000081500000, 0x0000000081600000, 0x0000000081600000|100%| O|  |TAMS 0x0000000081500000, 0x0000000081500000| Untracked 
|  22|0x0000000081600000, 0x0000000081700000, 0x0000000081700000|100%| O|  |TAMS 0x0000000081600000, 0x0000000081600000| Untracked 
|  23|0x0000000081700000, 0x0000000081800000, 0x0000000081800000|100%| O|  |TAMS 0x0000000081700000, 0x0000000081700000| Untracked 
|  24|0x0000000081800000, 0x0000000081900000, 0x0000000081900000|100%| O|  |TAMS 0x0000000081800000, 0x0000000081800000| Untracked 
|  25|0x0000000081900000, 0x0000000081a00000, 0x0000000081a00000|100%| O|  |TAMS 0x0000000081900000, 0x0000000081900000| Untracked 
|  26|0x0000000081a00000, 0x0000000081af5600, 0x0000000081b00000| 95%| O|  |TAMS 0x0000000081a00000, 0x0000000081a00000| Untracked 
|  27|0x0000000081b00000, 0x0000000081b00000, 0x0000000081c00000|  0%| F|  |TAMS 0x0000000081b00000, 0x0000000081b00000| Untracked 
|  28|0x0000000081c00000, 0x0000000081c00000, 0x0000000081d00000|  0%| F|  |TAMS 0x0000000081c00000, 0x0000000081c00000| Untracked 
|  29|0x0000000081d00000, 0x0000000081d00000, 0x0000000081e00000|  0%| F|  |TAMS 0x0000000081d00000, 0x0000000081d00000| Untracked 
|  30|0x0000000081e00000, 0x0000000081e00000, 0x0000000081f00000|  0%| F|  |TAMS 0x0000000081e00000, 0x0000000081e00000| Untracked 
|  31|0x0000000081f00000, 0x0000000081f00000, 0x0000000082000000|  0%| F|  |TAMS 0x0000000081f00000, 0x0000000081f00000| Untracked 
|  32|0x0000000082000000, 0x0000000082000000, 0x0000000082100000|  0%| F|  |TAMS 0x0000000082000000, 0x0000000082000000| Untracked 
|  33|0x0000000082100000, 0x0000000082100000, 0x0000000082200000|  0%| F|  |TAMS 0x0000000082100000, 0x0000000082100000| Untracked 
|  34|0x0000000082200000, 0x0000000082200000, 0x0000000082300000|  0%| F|  |TAMS 0x0000000082200000, 0x0000000082200000| Untracked 
|  35|0x0000000082300000, 0x0000000082300000, 0x0000000082400000|  0%| F|  |TAMS 0x0000000082300000, 0x0000000082300000| Untracked 
|  36|0x0000000082400000, 0x0000000082400000, 0x0000000082500000|  0%| F|  |TAMS 0x0000000082400000, 0x0000000082400000| Untracked 
|  37|0x0000000082500000, 0x0000000082500000, 0x0000000082600000|  0%| F|  |TAMS 0x0000000082500000, 0x0000000082500000| Untracked 
|  38|0x0000000082600000, 0x0000000082600000, 0x0000000082700000|  0%| F|  |TAMS 0x0000000082600000, 0x0000000082600000| Untracked 
|  39|0x0000000082700000, 0x0000000082700000, 0x0000000082800000|  0%| F|  |TAMS 0x0000000082700000, 0x0000000082700000| Untracked 
|  40|0x0000000082800000, 0x0000000082800000, 0x0000000082900000|  0%| F|  |TAMS 0x0000000082800000, 0x0000000082800000| Untracked 
|  41|0x0000000082900000, 0x0000000082900000, 0x0000000082a00000|  0%| F|  |TAMS 0x0000000082900000, 0x0000000082900000| Untracked 
|  42|0x0000000082a00000, 0x0000000082a00000, 0x0000000082b00000|  0%| F|  |TAMS 0x0000000082a00000, 0x0000000082a00000| Untracked 
|  43|0x0000000082b00000, 0x0000000082b00000, 0x0000000082c00000|  0%| F|  |TAMS 0x0000000082b00000, 0x0000000082b00000| Untracked 
|  44|0x0000000082c00000, 0x0000000082c00000, 0x0000000082d00000|  0%| F|  |TAMS 0x0000000082c00000, 0x0000000082c00000| Untracked 
|  45|0x0000000082d00000, 0x0000000082e00000, 0x0000000082e00000|100%| E|  |TAMS 0x0000000082d00000, 0x0000000082d00000| Complete 
|  46|0x0000000082e00000, 0x0000000082f00000, 0x0000000082f00000|100%| E|CS|TAMS 0x0000000082e00000, 0x0000000082e00000| Complete 
|  47|0x0000000082f00000, 0x0000000083000000, 0x0000000083000000|100%| E|CS|TAMS 0x0000000082f00000, 0x0000000082f00000| Complete 
|  48|0x0000000083000000, 0x0000000083100000, 0x0000000083100000|100%| E|CS|TAMS 0x0000000083000000, 0x0000000083000000| Complete 
|  49|0x0000000083100000, 0x0000000083200000, 0x0000000083200000|100%| E|CS|TAMS 0x0000000083100000, 0x0000000083100000| Complete 
|  50|0x0000000083200000, 0x0000000083300000, 0x0000000083300000|100%| E|CS|TAMS 0x0000000083200000, 0x0000000083200000| Complete 
|  51|0x0000000083300000, 0x0000000083400000, 0x0000000083400000|100%| E|CS|TAMS 0x0000000083300000, 0x0000000083300000| Complete 
|  52|0x0000000083400000, 0x0000000083500000, 0x0000000083500000|100%| E|CS|TAMS 0x0000000083400000, 0x0000000083400000| Complete 
|  53|0x0000000083500000, 0x0000000083600000, 0x0000000083600000|100%| E|CS|TAMS 0x0000000083500000, 0x0000000083500000| Complete 
|  54|0x0000000083600000, 0x0000000083700000, 0x0000000083700000|100%| E|CS|TAMS 0x0000000083600000, 0x0000000083600000| Complete 
|  55|0x0000000083700000, 0x0000000083800000, 0x0000000083800000|100%| E|CS|TAMS 0x0000000083700000, 0x0000000083700000| Complete 
|  56|0x0000000083800000, 0x0000000083900000, 0x0000000083900000|100%| E|CS|TAMS 0x0000000083800000, 0x0000000083800000| Complete 
|  57|0x0000000083900000, 0x0000000083a00000, 0x0000000083a00000|100%| E|CS|TAMS 0x0000000083900000, 0x0000000083900000| Complete 
|  58|0x0000000083a00000, 0x0000000083b00000, 0x0000000083b00000|100%| E|CS|TAMS 0x0000000083a00000, 0x0000000083a00000| Complete 
|  59|0x0000000083b00000, 0x0000000083c00000, 0x0000000083c00000|100%| E|CS|TAMS 0x0000000083b00000, 0x0000000083b00000| Complete 
|  60|0x0000000083c00000, 0x0000000083d00000, 0x0000000083d00000|100%| E|CS|TAMS 0x0000000083c00000, 0x0000000083c00000| Complete 
|  61|0x0000000083d00000, 0x0000000083e00000, 0x0000000083e00000|100%| E|CS|TAMS 0x0000000083d00000, 0x0000000083d00000| Complete 
|  62|0x0000000083e00000, 0x0000000083f00000, 0x0000000083f00000|100%| E|CS|TAMS 0x0000000083e00000, 0x0000000083e00000| Complete 
|  63|0x0000000083f00000, 0x0000000084000000, 0x0000000084000000|100%| E|CS|TAMS 0x0000000083f00000, 0x0000000083f00000| Complete 
|  64|0x0000000084000000, 0x0000000084100000, 0x0000000084100000|100%| E|CS|TAMS 0x0000000084000000, 0x0000000084000000| Complete 
|  65|0x0000000084100000, 0x0000000084200000, 0x0000000084200000|100%| E|CS|TAMS 0x0000000084100000, 0x0000000084100000| Complete 
|  66|0x0000000084200000, 0x0000000084300000, 0x0000000084300000|100%| E|CS|TAMS 0x0000000084200000, 0x0000000084200000| Complete 
|  67|0x0000000084300000, 0x0000000084400000, 0x0000000084400000|100%| E|CS|TAMS 0x0000000084300000, 0x0000000084300000| Complete 
|  68|0x0000000084400000, 0x0000000084500000, 0x0000000084500000|100%| E|CS|TAMS 0x0000000084400000, 0x0000000084400000| Complete 
|  69|0x0000000084500000, 0x0000000084600000, 0x0000000084600000|100%| E|CS|TAMS 0x0000000084500000, 0x0000000084500000| Complete 
|  70|0x0000000084600000, 0x0000000084700000, 0x0000000084700000|100%| E|CS|TAMS 0x0000000084600000, 0x0000000084600000| Complete 
|  71|0x0000000084700000, 0x0000000084800000, 0x0000000084800000|100%| E|CS|TAMS 0x0000000084700000, 0x0000000084700000| Complete 
|  72|0x0000000084800000, 0x0000000084900000, 0x0000000084900000|100%| E|CS|TAMS 0x0000000084800000, 0x0000000084800000| Complete 
|  73|0x0000000084900000, 0x0000000084a00000, 0x0000000084a00000|100%| E|CS|TAMS 0x0000000084900000, 0x0000000084900000| Complete 
|  74|0x0000000084a00000, 0x0000000084b00000, 0x0000000084b00000|100%| E|CS|TAMS 0x0000000084a00000, 0x0000000084a00000| Complete 
|  75|0x0000000084b00000, 0x0000000084c00000, 0x0000000084c00000|100%| E|CS|TAMS 0x0000000084b00000, 0x0000000084b00000| Complete 
|  76|0x0000000084c00000, 0x0000000084d00000, 0x0000000084d00000|100%| E|CS|TAMS 0x0000000084c00000, 0x0000000084c00000| Complete 
|  77|0x0000000084d00000, 0x0000000084e00000, 0x0000000084e00000|100%| E|CS|TAMS 0x0000000084d00000, 0x0000000084d00000| Complete 
|  78|0x0000000084e00000, 0x0000000084f00000, 0x0000000084f00000|100%| E|CS|TAMS 0x0000000084e00000, 0x0000000084e00000| Complete 
|  79|0x0000000084f00000, 0x0000000085000000, 0x0000000085000000|100%| E|CS|TAMS 0x0000000084f00000, 0x0000000084f00000| Complete 
|  80|0x0000000085000000, 0x0000000085100000, 0x0000000085100000|100%| E|CS|TAMS 0x0000000085000000, 0x0000000085000000| Complete 
|  81|0x0000000085100000, 0x0000000085200000, 0x0000000085200000|100%| E|CS|TAMS 0x0000000085100000, 0x0000000085100000| Complete 
|  82|0x0000000085200000, 0x0000000085300000, 0x0000000085300000|100%| E|CS|TAMS 0x0000000085200000, 0x0000000085200000| Complete 
|  83|0x0000000085300000, 0x0000000085400000, 0x0000000085400000|100%| E|CS|TAMS 0x0000000085300000, 0x0000000085300000| Complete 
|  84|0x0000000085400000, 0x0000000085500000, 0x0000000085500000|100%| E|CS|TAMS 0x0000000085400000, 0x0000000085400000| Complete 
|  85|0x0000000085500000, 0x0000000085600000, 0x0000000085600000|100%| E|CS|TAMS 0x0000000085500000, 0x0000000085500000| Complete 
|  86|0x0000000085600000, 0x0000000085700000, 0x0000000085700000|100%| E|CS|TAMS 0x0000000085600000, 0x0000000085600000| Complete 
|  87|0x0000000085700000, 0x0000000085800000, 0x0000000085800000|100%| E|CS|TAMS 0x0000000085700000, 0x0000000085700000| Complete 
|  88|0x0000000085800000, 0x0000000085900000, 0x0000000085900000|100%| E|CS|TAMS 0x0000000085800000, 0x0000000085800000| Complete 
|  89|0x0000000085900000, 0x0000000085a00000, 0x0000000085a00000|100%| E|CS|TAMS 0x0000000085900000, 0x0000000085900000| Complete 
|  90|0x0000000085a00000, 0x0000000085b00000, 0x0000000085b00000|100%| E|CS|TAMS 0x0000000085a00000, 0x0000000085a00000| Complete 
|  91|0x0000000085b00000, 0x0000000085c00000, 0x0000000085c00000|100%| E|CS|TAMS 0x0000000085b00000, 0x0000000085b00000| Complete 
|  92|0x0000000085c00000, 0x0000000085d00000, 0x0000000085d00000|100%| E|CS|TAMS 0x0000000085c00000, 0x0000000085c00000| Complete 
|  93|0x0000000085d00000, 0x0000000085e00000, 0x0000000085e00000|100%| E|CS|TAMS 0x0000000085d00000, 0x0000000085d00000| Complete 
|  94|0x0000000085e00000, 0x0000000085f00000, 0x0000000085f00000|100%| E|CS|TAMS 0x0000000085e00000, 0x0000000085e00000| Complete 
|  95|0x0000000085f00000, 0x0000000086000000, 0x0000000086000000|100%| E|CS|TAMS 0x0000000085f00000, 0x0000000085f00000| Complete 
|  96|0x0000000086000000, 0x0000000086100000, 0x0000000086100000|100%| E|CS|TAMS 0x0000000086000000, 0x0000000086000000| Complete 
|  97|0x0000000086100000, 0x0000000086200000, 0x0000000086200000|100%| E|CS|TAMS 0x0000000086100000, 0x0000000086100000| Complete 
|  98|0x0000000086200000, 0x0000000086300000, 0x0000000086300000|100%| E|CS|TAMS 0x0000000086200000, 0x0000000086200000| Complete 
|  99|0x0000000086300000, 0x0000000086400000, 0x0000000086400000|100%| E|CS|TAMS 0x0000000086300000, 0x0000000086300000| Complete 
| 100|0x0000000086400000, 0x0000000086500000, 0x0000000086500000|100%| E|CS|TAMS 0x0000000086400000, 0x0000000086400000| Complete 
| 101|0x0000000086500000, 0x0000000086600000, 0x0000000086600000|100%| E|CS|TAMS 0x0000000086500000, 0x0000000086500000| Complete 
| 102|0x0000000086600000, 0x0000000086700000, 0x0000000086700000|100%| E|CS|TAMS 0x0000000086600000, 0x0000000086600000| Complete 
| 103|0x0000000086700000, 0x0000000086800000, 0x0000000086800000|100%| E|CS|TAMS 0x0000000086700000, 0x0000000086700000| Complete 
| 171|0x000000008ab00000, 0x000000008abbcfa0, 0x000000008ac00000| 73%| S|CS|TAMS 0x000000008ab00000, 0x000000008ab00000| Complete 
| 172|0x000000008ac00000, 0x000000008ad00000, 0x000000008ad00000|100%| S|CS|TAMS 0x000000008ac00000, 0x000000008ac00000| Complete 
| 173|0x000000008ad00000, 0x000000008ae00000, 0x000000008ae00000|100%| S|CS|TAMS 0x000000008ad00000, 0x000000008ad00000| Complete 
| 174|0x000000008ae00000, 0x000000008af00000, 0x000000008af00000|100%| S|CS|TAMS 0x000000008ae00000, 0x000000008ae00000| Complete 
| 175|0x000000008af00000, 0x000000008b000000, 0x000000008b000000|100%| S|CS|TAMS 0x000000008af00000, 0x000000008af00000| Complete 
| 223|0x000000008df00000, 0x000000008e000000, 0x000000008e000000|100%| E|CS|TAMS 0x000000008df00000, 0x000000008df00000| Complete 

Card table byte_map: [0x0000020efc7f0000,0x0000020efcbf0000] _byte_map_base: 0x0000020efc3f0000

Marking Bits (Prev, Next): (CMBitMap*) 0x0000020ee4371388, (CMBitMap*) 0x0000020ee4371348
 Prev Bits: [0x0000020e80000000, 0x0000020e82000000)
 Next Bits: [0x0000020efcff0000, 0x0000020efeff0000)

Polling page: 0x0000020ee2ab0000

Metaspace:

Usage:
  Non-class:     24.55 MB capacity,    23.97 MB ( 98%) used,   517.86 KB (  2%) free+waste,    77.94 KB ( <1%) overhead. 
      Class:      4.37 MB capacity,     4.01 MB ( 92%) used,   325.63 KB (  7%) free+waste,    40.81 KB ( <1%) overhead. 
       Both:     28.92 MB capacity,    27.98 MB ( 97%) used,   843.49 KB (  3%) free+waste,   118.75 KB ( <1%) overhead. 

Virtual space:
  Non-class space:       26.00 MB reserved,      24.75 MB ( 95%) committed 
      Class space:        1.00 GB reserved,       4.38 MB ( <1%) committed 
             Both:        1.03 GB reserved,      29.13 MB (  3%) committed 

Chunk freelists:
   Non-Class:  13.00 KB
       Class:  5.00 KB
        Both:  18.00 KB

MaxMetaspaceSize: 17179869184.00 GB
CompressedClassSpaceSize: 1.00 GB

CodeHeap 'non-profiled nmethods': size=120000Kb used=1561Kb max_used=1561Kb free=118438Kb
 bounds [0x0000020ef4310000, 0x0000020ef4580000, 0x0000020efb840000]
CodeHeap 'profiled nmethods': size=120000Kb used=5830Kb max_used=5830Kb free=114169Kb
 bounds [0x0000020eecde0000, 0x0000020eed3a0000, 0x0000020ef4310000]
CodeHeap 'non-nmethods': size=5760Kb used=1262Kb max_used=1359Kb free=4497Kb
 bounds [0x0000020eec840000, 0x0000020eecab0000, 0x0000020eecde0000]
 total_blobs=4559 nmethods=2744 adapters=439
 compilation: enabled
              stopped_count=0, restarted_count=0
 full_count=0

Compilation events (20 events):
Event: 8.530 Thread 0x0000020effb23800 nmethod 2949 0x0000020eed377990 code [0x0000020eed377b40, 0x0000020eed377e90]
Event: 8.533 Thread 0x0000020effb23800 2952       1       java.lang.ClassValue$Version::promise (5 bytes)
Event: 8.534 Thread 0x0000020effb23800 nmethod 2952 0x0000020ef448e310 code [0x0000020ef448e4a0, 0x0000020ef448e5d8]
Event: 8.534 Thread 0x0000020effb23800 2953       3       java.lang.ClassValue$Entry::isPromise (14 bytes)
Event: 8.534 Thread 0x0000020effb23800 nmethod 2953 0x0000020eed377f90 code [0x0000020eed378140, 0x0000020eed378318]
Event: 8.534 Thread 0x0000020effb23800 2954       1       org.codehaus.groovy.util.ManagedConcurrentLinkedQueue::access$000 (5 bytes)
Event: 8.534 Thread 0x0000020effb23800 nmethod 2954 0x0000020ef448e690 code [0x0000020ef448e820, 0x0000020ef448e918]
Event: 8.534 Thread 0x0000020effb23800 2955       1       org.codehaus.groovy.reflection.ClassInfo::access$200 (5 bytes)
Event: 8.534 Thread 0x0000020effb23800 nmethod 2955 0x0000020ef448e990 code [0x0000020ef448eb20, 0x0000020ef448ec18]
Event: 8.536 Thread 0x0000020effb23800 2956       3       org.codehaus.groovy.reflection.ReflectionCache::isAssignableFrom (13 bytes)
Event: 8.536 Thread 0x0000020effb23800 nmethod 2956 0x0000020eed378390 code [0x0000020eed378540, 0x0000020eed378710]
Event: 8.537 Thread 0x0000020effb23800 2957       3       org.codehaus.groovy.reflection.ParameterTypes::getParameterTypes (16 bytes)
Event: 8.537 Thread 0x0000020effb23800 nmethod 2957 0x0000020eed378810 code [0x0000020eed3789c0, 0x0000020eed378bd0]
Event: 8.543 Thread 0x0000020effb23800 2958       3       jdk.internal.jimage.BasicImageReader::getAttributes (49 bytes)
Event: 8.543 Thread 0x0000020effb23800 nmethod 2958 0x0000020eed378c90 code [0x0000020eed378ea0, 0x0000020eed379670]
Event: 8.543 Thread 0x0000020effb23800 2959       3       jdk.internal.jimage.ImageLocation::verify (50 bytes)
Event: 8.545 Thread 0x0000020effb23800 nmethod 2959 0x0000020eed379890 code [0x0000020eed379ac0, 0x0000020eed37a2b0]
Event: 8.545 Thread 0x0000020effb23800 2960       3       java.util.Properties::loadConvert (544 bytes)
Event: 8.547 Thread 0x0000020effb23800 nmethod 2960 0x0000020eed37a610 code [0x0000020eed37a940, 0x0000020eed37c150]
Event: 8.552 Thread 0x0000020e8b744800 2961   !   4       java.util.zip.ZipFile$ZipFileInflaterInputStream::close (67 bytes)

GC Heap History (6 events):
Event: 1.314 GC heap before
{Heap before GC invocations=0 (full 0):
 garbage-first heap   total 229376K, used 29696K [0x0000000080000000, 0x0000000100000000)
  region size 1024K, 24 young (24576K), 0 survivors (0K)
 Metaspace       used 3302K, capacity 6229K, committed 6400K, reserved 1056768K
  class space    used 433K, capacity 739K, committed 768K, reserved 1048576K
}
Event: 1.323 GC heap after
{Heap after GC invocations=1 (full 0):
 garbage-first heap   total 229376K, used 9253K [0x0000000080000000, 0x0000000100000000)
  region size 1024K, 3 young (3072K), 3 survivors (3072K)
 Metaspace       used 3302K, capacity 6229K, committed 6400K, reserved 1056768K
  class space    used 433K, capacity 739K, committed 768K, reserved 1048576K
}
Event: 5.862 GC heap before
{Heap before GC invocations=1 (full 0):
 garbage-first heap   total 229376K, used 143397K [0x0000000080000000, 0x0000000100000000)
  region size 1024K, 134 young (137216K), 3 survivors (3072K)
 Metaspace       used 15797K, capacity 16364K, committed 16640K, reserved 1062912K
  class space    used 2296K, capacity 2506K, committed 2560K, reserved 1048576K
}
Event: 5.878 GC heap after
{Heap after GC invocations=2 (full 0):
 garbage-first heap   total 229376K, used 18125K [0x0000000080000000, 0x0000000100000000)
  region size 1024K, 12 young (12288K), 12 survivors (12288K)
 Metaspace       used 15797K, capacity 16364K, committed 16640K, reserved 1062912K
  class space    used 2296K, capacity 2506K, committed 2560K, reserved 1048576K
}
Event: 7.222 GC heap before
{Heap before GC invocations=2 (full 0):
 garbage-first heap   total 229376K, used 76493K [0x0000000080000000, 0x0000000100000000)
  region size 1024K, 60 young (61440K), 12 survivors (12288K)
 Metaspace       used 20456K, capacity 21173K, committed 21248K, reserved 1067008K
  class space    used 3017K, capacity 3257K, committed 3328K, reserved 1048576K
}
Event: 7.241 GC heap after
{Heap after GC invocations=3 (full 0):
 garbage-first heap   total 229376K, used 32457K [0x0000000080000000, 0x0000000100000000)
  region size 1024K, 5 young (5120K), 5 survivors (5120K)
 Metaspace       used 20456K, capacity 21173K, committed 21248K, reserved 1067008K
  class space    used 3017K, capacity 3257K, committed 3328K, reserved 1048576K
}

Deoptimization events (20 events):
Event: 8.262 Thread 0x0000020e862b1000 Uncommon trap: trap_request=0xffffff45 fr.pc=0x0000020ef444b318 relative=0x00000000000007b8
Event: 8.262 Thread 0x0000020e862b1000 Uncommon trap: reason=unstable_if action=reinterpret pc=0x0000020ef444b318 method=java.lang.Class.getPackageName()Ljava/lang/String; @ 56 c2
Event: 8.262 Thread 0x0000020e862b1000 DEOPT PACKING pc=0x0000020ef444b318 sp=0x000000308a4fa4e0
Event: 8.262 Thread 0x0000020e862b1000 DEOPT UNPACKING pc=0x0000020eec88912f sp=0x000000308a4fa4a0 mode 2
Event: 8.318 Thread 0x0000020e862b1000 Uncommon trap: trap_request=0xffffffc6 fr.pc=0x0000020ef4439dfc relative=0x00000000000009dc
Event: 8.319 Thread 0x0000020e862b1000 Uncommon trap: reason=bimorphic_or_optimized_type_check action=maybe_recompile pc=0x0000020ef4439dfc method=java.io.BufferedInputStream.read([BII)I @ 101 c2
Event: 8.319 Thread 0x0000020e862b1000 DEOPT PACKING pc=0x0000020ef4439dfc sp=0x000000308a4f7de0
Event: 8.319 Thread 0x0000020e862b1000 DEOPT UNPACKING pc=0x0000020eec88912f sp=0x000000308a4f7da8 mode 2
Event: 8.320 Thread 0x0000020e862b1000 Uncommon trap: trap_request=0xffffffc6 fr.pc=0x0000020ef4439dfc relative=0x00000000000009dc
Event: 8.320 Thread 0x0000020e862b1000 Uncommon trap: reason=bimorphic_or_optimized_type_check action=maybe_recompile pc=0x0000020ef4439dfc method=java.io.BufferedInputStream.read([BII)I @ 101 c2
Event: 8.320 Thread 0x0000020e862b1000 DEOPT PACKING pc=0x0000020ef4439dfc sp=0x000000308a4f7de0
Event: 8.320 Thread 0x0000020e862b1000 DEOPT UNPACKING pc=0x0000020eec88912f sp=0x000000308a4f7da8 mode 2
Event: 8.320 Thread 0x0000020e862b1000 Uncommon trap: trap_request=0xffffffc6 fr.pc=0x0000020ef4439dfc relative=0x00000000000009dc
Event: 8.320 Thread 0x0000020e862b1000 Uncommon trap: reason=bimorphic_or_optimized_type_check action=maybe_recompile pc=0x0000020ef4439dfc method=java.io.BufferedInputStream.read([BII)I @ 101 c2
Event: 8.320 Thread 0x0000020e862b1000 DEOPT PACKING pc=0x0000020ef4439dfc sp=0x000000308a4f7de0
Event: 8.320 Thread 0x0000020e862b1000 DEOPT UNPACKING pc=0x0000020eec88912f sp=0x000000308a4f7da8 mode 2
Event: 8.321 Thread 0x0000020e862b1000 Uncommon trap: trap_request=0xffffffc6 fr.pc=0x0000020ef4439dfc relative=0x00000000000009dc
Event: 8.321 Thread 0x0000020e862b1000 Uncommon trap: reason=bimorphic_or_optimized_type_check action=maybe_recompile pc=0x0000020ef4439dfc method=java.io.BufferedInputStream.read([BII)I @ 101 c2
Event: 8.321 Thread 0x0000020e862b1000 DEOPT PACKING pc=0x0000020ef4439dfc sp=0x000000308a4f7de0
Event: 8.321 Thread 0x0000020e862b1000 DEOPT UNPACKING pc=0x0000020eec88912f sp=0x000000308a4f7da8 mode 2

Classes unloaded (0 events):
No events

Classes redefined (0 events):
No events

Internal exceptions (20 events):
Event: 7.059 Thread 0x0000020e862b1000 Exception <a 'java/lang/NoSuchMethodError'{0x000000008b85e500}: static Lorg/gradle/tooling/internal/consumer/versioning/VersionDetails$R44VersionDetails;.<clinit>()V> (0x000000008b85e500) 
thrown [t:/workspace/open/src/hotspot/share/prims/jni.cpp, line 1347]
Event: 7.059 Thread 0x0000020e862b1000 Exception <a 'java/lang/NoSuchMethodError'{0x000000008b85fc18}: static Lorg/gradle/tooling/internal/consumer/versioning/VersionDetails$R48VersionDetails;.<clinit>()V> (0x000000008b85fc18) 
thrown [t:/workspace/open/src/hotspot/share/prims/jni.cpp, line 1347]
Event: 7.059 Thread 0x0000020e862b1000 Exception <a 'java/lang/NoSuchMethodError'{0x000000008b8611d0}: static Lorg/gradle/tooling/internal/consumer/versioning/VersionDetails$R51VersionDetails;.<clinit>()V> (0x000000008b8611d0) 
thrown [t:/workspace/open/src/hotspot/share/prims/jni.cpp, line 1347]
Event: 7.452 Thread 0x0000020e862b1000 Exception <a 'java/lang/NoSuchMethodError'{0x0000000085e37fb8}: 'java.lang.Object java.lang.invoke.DirectMethodHandle$Holder.invokeSpecialIFC(java.lang.Object, java.lang.Object, java.lang.Object, java.lang.Object)'> (0x0000000085e37fb8) 
thrown [t:/workspace/open/src/hotspot/share/interpreter/linkResolver.cpp, line 767]
Event: 7.463 Thread 0x0000020e862b1000 Exception <a 'java/lang/NoSuchMethodError'{0x0000000085d23330}: 'java.lang.Object java.lang.invoke.DirectMethodHandle$Holder.invokeSpecial(java.lang.Object, java.lang.Object, java.lang.Object, java.lang.Object, java.lang.Object, java.lang.Object, java.lang.Object, java.lang.Object, java.lang.Object, java.lang.Object, java.lang.Object, java.lang.Object, java.lang.Object)'> (0x0000000085d23330) 
thrown [t:/workspace/open/src/hotspot/share/interpreter/linkResolver.cpp, line 767]
Event: 7.465 Thread 0x0000020e862b1000 Exception <a 'java/lang/NoSuchMethodError'{0x0000000085d33a90}: 'java.lang.Object java.lang.invoke.DirectMethodHandle$Holder.invokeSpecial(java.lang.Object, java.lang.Object, java.lang.Object, java.lang.Object, java.lang.Object, java.lang.Object, java.lang.Object, java.lang.Object, java.lang.Object, java.lang.Object, java.lang.Object, java.lang.Object)'> (0x0000000085d33a90) 
thrown [t:/workspace/open/src/hotspot/share/interpreter/linkResolver.cpp, line 767]
Event: 7.465 Thread 0x0000020e862b1000 Exception <a 'java/lang/NoSuchMethodError'{0x0000000085d38628}: 'java.lang.Object java.lang.invoke.Invokers$Holder.linkToTargetMethod(java.lang.Object, java.lang.Object, java.lang.Object, java.lang.Object, java.lang.Object, java.lang.Object, java.lang.Object, java.lang.Object, java.lang.Object, java.lang.Object, java.lang.Object)'> (0x0000000085d38628) 
thrown [t:/workspace/open/src/hotspot/share/interpreter/linkResolver.cpp, line 767]
Event: 7.478 Thread 0x0000020e862b1000 Exception <a 'java/lang/NoSuchMethodError'{0x0000000085c901b8}: 'java.lang.Object java.lang.invoke.DirectMethodHandle$Holder.invokeSpecial(java.lang.Object, java.lang.Object, java.lang.Object, java.lang.Object, java.lang.Object, java.lang.Object, java.lang.Object, java.lang.Object, java.lang.Object, java.lang.Object, java.lang.Object, java.lang.Object, java.lang.Object, java.lang.Object)'> (0x0000000085c901b8) 
thrown [t:/workspace/open/src/hotspot/share/interpreter/linkResolver.cpp, line 767]
Event: 7.480 Thread 0x0000020e862b1000 Exception <a 'java/lang/NoSuchMethodError'{0x0000000085ca1028}: 'java.lang.Object java.lang.invoke.Invokers$Holder.linkToTargetMethod(java.lang.Object, java.lang.Object, java.lang.Object, java.lang.Object, java.lang.Object, java.lang.Object, java.lang.Object, java.lang.Object, java.lang.Object, java.lang.Object, java.lang.Object, java.lang.Object)'> (0x0000000085ca1028) 
thrown [t:/workspace/open/src/hotspot/share/interpreter/linkResolver.cpp, line 767]
Event: 7.501 Thread 0x0000020e862b1000 Exception <a 'java/lang/NoSuchMethodError'{0x0000000085b944d8}: 'java.lang.Object java.lang.invoke.DirectMethodHandle$Holder.invokeStaticInit(java.lang.Object, java.lang.Object, java.lang.Object, java.lang.Object)'> (0x0000000085b944d8) 
thrown [t:/workspace/open/src/hotspot/share/interpreter/linkResolver.cpp, line 767]
Event: 7.643 Thread 0x0000020e862b1000 Implicit null exception at 0x0000020ef4357ce5 to 0x0000020ef4357ec2
Event: 7.643 Thread 0x0000020e862b1000 Implicit null exception at 0x0000020ef43ebfaf to 0x0000020ef43ec02d
Event: 7.849 Thread 0x0000020e862b1000 Exception <a 'java/lang/NoSuchMethodError'{0x0000000084ac0d88}: 'java.lang.Object java.lang.invoke.Invokers$Holder.linkToTargetMethod(java.lang.Object, java.lang.Object, java.lang.Object, java.lang.Object, java.lang.Object, java.lang.Object, java.lang.Object, java.lang.Object)'> (0x0000000084ac0d88) 
thrown [t:/workspace/open/src/hotspot/share/interpreter/linkResolver.cpp, line 767]
Event: 7.856 Thread 0x0000020e862b1000 Exception <a 'java/lang/NoSuchMethodError'{0x000000008490f148}: 'java.lang.Object java.lang.invoke.Invokers$Holder.linkToTargetMethod(java.lang.Object, java.lang.Object, java.lang.Object, java.lang.Object, java.lang.Object, java.lang.Object, java.lang.Object)'> (0x000000008490f148) 
thrown [t:/workspace/open/src/hotspot/share/interpreter/linkResolver.cpp, line 767]
Event: 7.862 Thread 0x0000020e862b1000 Exception <a 'java/lang/IncompatibleClassChangeError'{0x000000008494eb78}: Found class java.lang.Object, but interface was expected> (0x000000008494eb78) 
thrown [t:/workspace/open/src/hotspot/share/interpreter/linkResolver.cpp, line 833]
Event: 8.240 Thread 0x0000020e862b1000 Exception <a 'java/lang/NoSuchMethodError'{0x0000000083a4d0d0}: 'int java.lang.invoke.DirectMethodHandle$Holder.invokeStatic(java.lang.Object, java.lang.Object, java.lang.Object, java.lang.Object, java.lang.Object)'> (0x0000000083a4d0d0) 
thrown [t:/workspace/open/src/hotspot/share/interpreter/linkResolver.cpp, line 767]
Event: 8.287 Thread 0x0000020e862b1000 Exception <a 'java/lang/NoSuchMethodError'{0x000000008382b0a8}: 'void java.lang.invoke.DirectMethodHandle$Holder.invokeStaticInit(java.lang.Object, java.lang.Object, java.lang.Object, java.lang.Object)'> (0x000000008382b0a8) 
thrown [t:/workspace/open/src/hotspot/share/interpreter/linkResolver.cpp, line 767]
Event: 8.415 Thread 0x0000020e862b1000 Exception <a 'java/lang/NoSuchMethodError'{0x000000008348d2f0}: 'void java.lang.invoke.DirectMethodHandle$Holder.invokeStaticInit(java.lang.Object, java.lang.Object, java.lang.Object)'> (0x000000008348d2f0) 
thrown [t:/workspace/open/src/hotspot/share/interpreter/linkResolver.cpp, line 767]
Event: 8.421 Thread 0x0000020e862b1000 Exception <a 'java/lang/NoSuchMethodError'{0x00000000834b2a48}: 'void java.lang.invoke.DirectMethodHandle$Holder.invokeStaticInit(java.lang.Object, java.lang.Object, java.lang.Object, java.lang.Object, java.lang.Object)'> (0x00000000834b2a48) 
thrown [t:/workspace/open/src/hotspot/share/interpreter/linkResolver.cpp, line 767]
Event: 8.443 Thread 0x0000020e862b1000 Exception <a 'java/lang/NoSuchMethodError'{0x000000008332aae0}: 'int java.lang.invoke.DirectMethodHandle$Holder.invokeStaticInit(java.lang.Object, java.lang.Object, java.lang.Object, java.lang.Object)'> (0x000000008332aae0) 
thrown [t:/workspace/open/src/hotspot/share/interpreter/linkResolver.cpp, line 767]

Events (20 events):
Event: 8.542 loading class org/codehaus/groovy/runtime/metaclass/MetaClassRegistryImpl$DefaultModuleListener
Event: 8.542 loading class org/codehaus/groovy/runtime/metaclass/MetaClassRegistryImpl$DefaultModuleListener done
Event: 8.543 loading class org/codehaus/groovy/util/URLStreams
Event: 8.543 loading class org/codehaus/groovy/util/URLStreams done
Event: 8.545 Executing VM operation: RevokeBias
Event: 8.545 Executing VM operation: RevokeBias done
Event: 8.545 loading class org/codehaus/groovy/runtime/m12n/StandardPropertiesModuleFactory
Event: 8.545 loading class org/codehaus/groovy/runtime/m12n/StandardPropertiesModuleFactory done
Event: 8.546 loading class org/codehaus/groovy/runtime/m12n/PropertiesModuleFactory
Event: 8.546 loading class org/codehaus/groovy/runtime/m12n/PropertiesModuleFactory done
Event: 8.547 loading class org/codehaus/groovy/runtime/m12n/ExtensionModule
Event: 8.547 loading class org/codehaus/groovy/runtime/m12n/ExtensionModule done
Event: 8.548 loading class org/codehaus/groovy/runtime/m12n/MetaInfExtensionModule
Event: 8.548 loading class org/codehaus/groovy/runtime/m12n/MetaInfExtensionModule done
Event: 8.549 loading class org/codehaus/groovy/runtime/m12n/SimpleExtensionModule
Event: 8.549 loading class org/codehaus/groovy/runtime/m12n/SimpleExtensionModule done
Event: 8.550 loading class java/lang/UnsupportedClassVersionError
Event: 8.550 loading class java/lang/UnsupportedClassVersionError done
Event: 8.551 loading class org/apache/groovy/datetime/extensions/DateTimeExtensions
Event: 8.551 loading class org/apache/groovy/datetime/extensions/DateTimeExtensions done


Dynamic libraries:
0x00007ff7c6f40000 - 0x00007ff7c6f4f000 	C:\Program Files\Java\jdk-13.0.2\bin\java.exe
0x00007fffd64f0000 - 0x00007fffd66e5000 	C:\WINDOWS\SYSTEM32\ntdll.dll
0x00007fffd61a0000 - 0x00007fffd625e000 	C:\WINDOWS\System32\KERNEL32.DLL
0x00007fffd3d70000 - 0x00007fffd4038000 	C:\WINDOWS\System32\KERNELBASE.dll
0x00007fffd40d0000 - 0x00007fffd41d0000 	C:\WINDOWS\System32\ucrtbase.dll
0x00007fffc7d70000 - 0x00007fffc7d88000 	C:\Program Files\Java\jdk-13.0.2\bin\jli.dll
0x00007fffc68a0000 - 0x00007fffc68b5000 	C:\Program Files\Java\jdk-13.0.2\bin\VCRUNTIME140.dll
0x00007fffd4700000 - 0x00007fffd47ac000 	C:\WINDOWS\System32\ADVAPI32.dll
0x00007fffd5a70000 - 0x00007fffd5b0e000 	C:\WINDOWS\System32\msvcrt.dll
0x00007fffd6410000 - 0x00007fffd64ab000 	C:\WINDOWS\System32\sechost.dll
0x00007fffd5100000 - 0x00007fffd522a000 	C:\WINDOWS\System32\RPCRT4.dll
0x00007fffd2300000 - 0x00007fffd259a000 	C:\WINDOWS\WinSxS\amd64_microsoft.windows.common-controls_6595b64144ccf1df_6.0.19041.1110_none_60b5254171f9507e\COMCTL32.dll
0x00007fffd5ff0000 - 0x00007fffd6191000 	C:\WINDOWS\System32\USER32.dll
0x00007fffd43d0000 - 0x00007fffd43f2000 	C:\WINDOWS\System32\win32u.dll
0x00007fffd5b10000 - 0x00007fffd5b3b000 	C:\WINDOWS\System32\GDI32.dll
0x00007fffd3c60000 - 0x00007fffd3d6d000 	C:\WINDOWS\System32\gdi32full.dll
0x00007fffca250000 - 0x00007fffca25a000 	C:\WINDOWS\SYSTEM32\VERSION.dll
0x00007fffd41d0000 - 0x00007fffd426d000 	C:\WINDOWS\System32\msvcp_win.dll
0x00007fffd5240000 - 0x00007fffd5270000 	C:\WINDOWS\System32\IMM32.DLL
0x00007fff9f940000 - 0x00007fff9f9db000 	C:\Program Files\Java\jdk-13.0.2\bin\msvcp140.dll
0x00007fff8b8e0000 - 0x00007fff8c43d000 	C:\Program Files\Java\jdk-13.0.2\bin\server\jvm.dll
0x00007fffca260000 - 0x00007fffca287000 	C:\WINDOWS\SYSTEM32\WINMM.dll
0x00007fffd5230000 - 0x00007fffd5238000 	C:\WINDOWS\System32\PSAPI.DLL
0x00007fffce9b0000 - 0x00007fffce9b9000 	C:\WINDOWS\SYSTEM32\WSOCK32.dll
0x00007fffd5b40000 - 0x00007fffd5bab000 	C:\WINDOWS\System32\WS2_32.dll
0x00007fffd14a0000 - 0x00007fffd14b2000 	C:\WINDOWS\SYSTEM32\kernel.appcore.dll
0x00007fffc7990000 - 0x00007fffc79a0000 	C:\Program Files\Java\jdk-13.0.2\bin\verify.dll
0x00007fffd3620000 - 0x00007fffd3804000 	C:\WINDOWS\SYSTEM32\DBGHELP.DLL
0x00007fffd33b0000 - 0x00007fffd33dc000 	C:\WINDOWS\SYSTEM32\dbgcore.DLL
0x00007fffd4040000 - 0x00007fffd40c2000 	C:\WINDOWS\System32\bcryptPrimitives.dll
0x00007fffc6870000 - 0x00007fffc6896000 	C:\Program Files\Java\jdk-13.0.2\bin\java.dll
0x00007fffbe660000 - 0x00007fffbe677000 	C:\Program Files\Java\jdk-13.0.2\bin\zip.dll
0x00007fffc7130000 - 0x00007fffc713a000 	C:\Program Files\Java\jdk-13.0.2\bin\jimage.dll
0x00007fffd5320000 - 0x00007fffd5a64000 	C:\WINDOWS\System32\SHELL32.dll
0x00007fffd16a0000 - 0x00007fffd1e34000 	C:\WINDOWS\SYSTEM32\windows.storage.dll
0x00007fffd5c90000 - 0x00007fffd5fe5000 	C:\WINDOWS\System32\combase.dll
0x00007fffd3200000 - 0x00007fffd322e000 	C:\WINDOWS\SYSTEM32\Wldp.dll
0x00007fffd4a90000 - 0x00007fffd4b3d000 	C:\WINDOWS\System32\SHCORE.dll
0x00007fffd5c10000 - 0x00007fffd5c65000 	C:\WINDOWS\System32\shlwapi.dll
0x00007fffd3b40000 - 0x00007fffd3b5f000 	C:\WINDOWS\SYSTEM32\profapi.dll
0x00007fffbe640000 - 0x00007fffbe659000 	C:\Program Files\Java\jdk-13.0.2\bin\net.dll
0x00007fffc45f0000 - 0x00007fffc46fc000 	C:\WINDOWS\SYSTEM32\WINHTTP.dll
0x00007fffd2f80000 - 0x00007fffd2fea000 	C:\WINDOWS\system32\mswsock.dll
0x00007fffbb0e0000 - 0x00007fffbb0f3000 	C:\Program Files\Java\jdk-13.0.2\bin\nio.dll
0x00007fffc6da0000 - 0x00007fffc6dc7000 	C:\Users\jeffe\.gradle\native\e1d6ef7f7dcc3fd88c89a11ec53ec762bb8ba0a96d01ffa2cd45eb1d1d8dd5c5\windows-amd64\native-platform.dll
0x00007fff93b30000 - 0x00007fff93c74000 	C:\Users\jeffe\.gradle\native\5664cfc778a61ccfe75a443a1ab52a65af34e5dc3c78e0209fed803814484fcb\windows-amd64\native-platform-file-events.dll
0x00007fffc6d90000 - 0x00007fffc6d99000 	C:\Program Files\Java\jdk-13.0.2\bin\management.dll
0x00007fffbe290000 - 0x00007fffbe29b000 	C:\Program Files\Java\jdk-13.0.2\bin\management_ext.dll
0x00007fffd3980000 - 0x00007fffd3998000 	C:\WINDOWS\SYSTEM32\CRYPTSP.dll
0x00007fffd28a0000 - 0x00007fffd28d4000 	C:\WINDOWS\system32\rsaenh.dll
0x00007fffd4400000 - 0x00007fffd4427000 	C:\WINDOWS\System32\bcrypt.dll
0x00007fffd3b00000 - 0x00007fffd3b2e000 	C:\WINDOWS\SYSTEM32\USERENV.dll
0x00007fffd3170000 - 0x00007fffd317c000 	C:\WINDOWS\SYSTEM32\CRYPTBASE.dll
0x00007fffd2c70000 - 0x00007fffd2cab000 	C:\WINDOWS\SYSTEM32\IPHLPAPI.DLL
0x00007fffd5310000 - 0x00007fffd5318000 	C:\WINDOWS\System32\NSI.dll
0x00007fffcb910000 - 0x00007fffcb927000 	C:\WINDOWS\SYSTEM32\dhcpcsvc6.DLL
0x00007fffcae60000 - 0x00007fffcae7d000 	C:\WINDOWS\SYSTEM32\dhcpcsvc.DLL
0x00007fffd2cb0000 - 0x00007fffd2d7b000 	C:\WINDOWS\SYSTEM32\DNSAPI.dll

dbghelp: loaded successfully - version: 4.0.5 - missing functions: none
symbol engine: initialized successfully - sym options: 0x614 - pdb path: .;C:\Program Files\Java\jdk-13.0.2\bin;C:\WINDOWS\SYSTEM32;C:\WINDOWS\WinSxS\amd64_microsoft.windows.common-controls_6595b64144ccf1df_6.0.19041.1110_none_60b5254171f9507e;C:\Program Files\Java\jdk-13.0.2\bin\server;C:\Users\jeffe\.gradle\native\e1d6ef7f7dcc3fd88c89a11ec53ec762bb8ba0a96d01ffa2cd45eb1d1d8dd5c5\windows-amd64;C:\Users\jeffe\.gradle\native\5664cfc778a61ccfe75a443a1ab52a65af34e5dc3c78e0209fed803814484fcb\windows-amd64

VM Arguments:
jvm_args: --add-opens=java.base/java.util=ALL-UNNAMED --add-opens=java.base/java.lang=ALL-UNNAMED --add-opens=java.base/java.lang.invoke=ALL-UNNAMED --add-opens=java.base/java.util=ALL-UNNAMED --add-opens=java.prefs/java.util.prefs=ALL-UNNAMED --add-opens=java.prefs/java.util.prefs=ALL-UNNAMED --add-opens=java.base/java.nio.charset=ALL-UNNAMED --add-opens=java.base/java.net=ALL-UNNAMED --add-opens=java.base/java.util.concurrent.atomic=ALL-UNNAMED -Xmx2048m -Dfile.encoding=UTF-8 -Duser.country=PH -Duser.language=en -Duser.variant 
java_command: org.gradle.launcher.daemon.bootstrap.GradleDaemon 7.3.2
java_class_path (initial): C:\Users\jeffe\.gradle\wrapper\dists\gradle-7.3.2-bin\4k4cn06q0rruwh9dpndf9gmi8\gradle-7.3.2\lib\gradle-launcher-7.3.2.jar
Launcher Type: SUN_STANDARD

[Global flags]
     intx CICompilerCount                          = 4                                         {product} {ergonomic}
     uint ConcGCThreads                            = 2                                         {product} {ergonomic}
     uint G1ConcRefinementThreads                  = 8                                         {product} {ergonomic}
   size_t G1HeapRegionSize                         = 1048576                                   {product} {ergonomic}
    uintx GCDrainStackTargetSize                   = 64                                        {product} {ergonomic}
   size_t InitialHeapSize                          = 234881024                                 {product} {ergonomic}
   size_t MarkStackSize                            = 4194304                                   {product} {ergonomic}
   size_t MaxHeapSize                              = 2147483648                                {product} {command line}
   size_t MaxNewSize                               = 1287651328                                {product} {ergonomic}
   size_t MinHeapDeltaBytes                        = 1048576                                   {product} {ergonomic}
   size_t MinHeapSize                              = 8388608                                   {product} {ergonomic}
    uintx NonNMethodCodeHeapSize                   = 5839372                                {pd product} {ergonomic}
    uintx NonProfiledCodeHeapSize                  = 122909434                              {pd product} {ergonomic}
    uintx ProfiledCodeHeapSize                     = 122909434                              {pd product} {ergonomic}
    uintx ReservedCodeCacheSize                    = 251658240                              {pd product} {ergonomic}
     bool SegmentedCodeCache                       = true                                      {product} {ergonomic}
   size_t SoftMaxHeapSize                          = 2147483648                             {manageable} {ergonomic}
     bool UseCompressedClassPointers               = true                                 {lp64_product} {ergonomic}
     bool UseCompressedOops                        = true                                 {lp64_product} {ergonomic}
     bool UseG1GC                                  = true                                      {product} {ergonomic}
     bool UseLargePagesIndividualAllocation        = false                                  {pd product} {ergonomic}

Logging:
Log output configuration:
 #0: stdout all=warning uptime,level,tags
 #1: stderr all=off uptime,level,tags

Environment Variables:
JAVA_HOME=C:\Program Files\Java\jdk-13.0.2
PATH=C:\Program Files (x86)\Razer Chroma SDK\bin;C:\Program Files\Razer Chroma SDK\bin;C:\Program Files (x86)\Razer\ChromaBroadcast\bin;C:\Program Files\Razer\ChromaBroadcast\bin;C:\WINDOWS\system32;C:\WINDOWS;C:\WINDOWS\System32\Wbem;C:\WINDOWS\System32\WindowsPowerShell\v1.0\;C:\WINDOWS\System32\OpenSSH\;C:\Program Files\Java\jdk-13.0.2\bin;C:\Program Files\MySQL\MySQL Server 5.5\bin;C:\WINDOWS\system32\config\systemprofile\AppData\Local\Microsoft\WindowsApps;C:\Users\jeffe\AppData\Local\Microsoft\WindowsApps;C:\xampp\php;C:\ProgramData\ComposerSetup\bin;C:\Program Files\Git\cmd;C:\Program Files\MySQL\MySQL Shell 8.0\bin\;C:\Users\jeffe\AppData\Local\Microsoft\WindowsApps;C:\Users\jeffe\AppData\Roaming\Composer\vendor\bin
USERNAME=jeffe
OS=Windows_NT
PROCESSOR_IDENTIFIER=AMD64 Family 23 Model 24 Stepping 1, AuthenticAMD



---------------  S Y S T E M  ---------------

OS: Windows 10 , 64 bit Build 19041 (10.0.19041.1348)

CPU:total 8 (initial active 8) (8 cores per cpu, 2 threads per core) family 23 model 24 stepping 1, cmov, cx8, fxsr, mmx, sse, sse2, sse3, ssse3, sse4.1, sse4.2, popcnt, avx, avx2, aes, clmul, mmxext, 3dnowpref, lzcnt, sse4a, ht, tsc, tscinvbit, tscinv, bmi1, bmi2, adx, sha, fma

Memory: 4k page, system-wide physical 14274M (8378M free)
TotalPageFile size 16450M (AvailPageFile size 8453M)
current process WorkingSet (physical memory assigned to process): 279M, peak: 342M
current process commit charge ("private bytes"): 343M, peak: 465M

vm_info: Java HotSpot(TM) 64-Bit Server VM (13.0.2+8) for windows-amd64 JRE (13.0.2+8), built on Dec 11 2019 09:20:33 by "mach5one" with unknown MS VC++:1916

END.
