#
# A fatal error has been detected by the Java Runtime Environment:
#
#  EXCEPTION_ACCESS_VIOLATION (0xc0000005) at pc=0x00007fff61fd7db0, pid=6148, tid=3152
#
# JRE version: OpenJDK Runtime Environment (11.0.10) (build 11.0.10+0-b96-7249189)
# Java VM: OpenJDK 64-Bit Server VM (11.0.10+0-b96-7249189, mixed mode, tiered, compressed oops, g1 gc, windows-amd64)
# Problematic frame:
# V  [jvm.dll+0x357db0]
#
# No core dump will be written. Minidumps are not enabled by default on client versions of Windows
#
# If you would like to submit a bug report, please visit:
#   https://bugreport.java.com/bugreport/crash.jsp
#

---------------  S U M M A R Y ------------

Command Line: --add-opens=java.base/java.util=ALL-UNNAMED --add-opens=java.base/java.lang=ALL-UNNAMED --add-opens=java.base/java.lang.invoke=ALL-UNNAMED --add-opens=java.base/java.util=ALL-UNNAMED --add-opens=java.prefs/java.util.prefs=ALL-UNNAMED --add-opens=java.prefs/java.util.prefs=ALL-UNNAMED --add-opens=java.base/java.nio.charset=ALL-UNNAMED --add-opens=java.base/java.net=ALL-UNNAMED --add-opens=java.base/java.util.concurrent.atomic=ALL-UNNAMED -Xmx2048m -Dfile.encoding=UTF-8 -Duser.country=PH -Duser.language=en -Duser.variant org.gradle.launcher.daemon.bootstrap.GradleDaemon 7.0.2

Host: AMD Ryzen 5 3550H with Radeon Vega Mobile Gfx  , 8 cores, 13G,  Windows 10 , 64 bit Build 19041 (10.0.19041.1320)
Time: Fri Nov  5 10:20:26 2021 Malay Peninsula Standard Time elapsed time: 798.451211 seconds (0d 0h 13m 18s)

---------------  T H R E A D  ---------------

Current thread (0x00000235e3b13000):  JavaThread "C2 CompilerThread1" daemon [_thread_in_native, id=3152, stack(0x00000085d3d00000,0x00000085d3e00000)]


Current CompileTask:
C2: 798451 18217 %     4       jdk.nio.zipfs.ZipFileSystem::initCEN @ 188 (411 bytes)

Stack: [0x00000085d3d00000,0x00000085d3e00000],  sp=0x00000085d3dfbdf0,  free space=1007k
Native frames: (J=compiled Java code, j=interpreted, Vv=VM code, C=native code)
V  [jvm.dll+0x357db0]
V  [jvm.dll+0x35291d]
V  [jvm.dll+0x4cf112]
V  [jvm.dll+0x320c00]
V  [jvm.dll+0x31ffca]
V  [jvm.dll+0x1fb602]
V  [jvm.dll+0x1fa7f4]
V  [jvm.dll+0x18354c]
V  [jvm.dll+0x208ee7]
V  [jvm.dll+0x207731]
V  [jvm.dll+0x6eb1cf]
V  [jvm.dll+0x6e3d45]
V  [jvm.dll+0x5ebe96]
C  [ucrtbase.dll+0x21bb2]
C  [KERNEL32.DLL+0x17034]
C  [ntdll.dll+0x52651]


siginfo: EXCEPTION_ACCESS_VIOLATION (0xc0000005), reading address 0x00007dff62677c38


Register to memory mapping:

RIP=0x00007fff61fd7db0 jvm.dll
RAX=0x00007dff62677c38 is an unknown value
RBX=0x0000000000000150 is an unknown value
RCX=0x0000000000000002 is an unknown value
RDX=0x0 is NULL
RSP=0x00000085d3dfbdf0 is pointing into the stack for thread: 0x00000235e3b13000
RBP=0x0000000000000008 is an unknown value
RSI=0x00007fff62677c38 jvm.dll
RDI=0x00000235e2452920 points into unknown readable memory: 0x00000235e555ad40 | 40 ad 55 e5 35 02 00 00
R8 =0x00000235e7bef500 points into unknown readable memory: 0x2000180000000000 | 00 00 00 00 00 18 00 20
R9 =0x00000085d3dfbe40 is pointing into the stack for thread: 0x00000235e3b13000
R10=0x000000000000002a is an unknown value
R11=0x00000235ed0c14f8 points into unknown readable memory: 0x00007fff62468568 | 68 85 46 62 ff 7f 00 00
R12=0x00000000000003d8 is an unknown value
R13=0x00000235ed0c14f8 points into unknown readable memory: 0x00007fff62468568 | 68 85 46 62 ff 7f 00 00
R14=0x00000235ec642e90 points into unknown readable memory: 0x000000007fff7fff | ff 7f ff 7f 00 00 00 00
R15=0x00000235e8c75530 points into unknown readable memory: 0x00000235f1859040 | 40 90 85 f1 35 02 00 00


Registers:
RAX=0x00007dff62677c38, RBX=0x0000000000000150, RCX=0x0000000000000002, RDX=0x0000000000000000
RSP=0x00000085d3dfbdf0, RBP=0x0000000000000008, RSI=0x00007fff62677c38, RDI=0x00000235e2452920
R8 =0x00000235e7bef500, R9 =0x00000085d3dfbe40, R10=0x000000000000002a, R11=0x00000235ed0c14f8
R12=0x00000000000003d8, R13=0x00000235ed0c14f8, R14=0x00000235ec642e90, R15=0x00000235e8c75530
RIP=0x00007fff61fd7db0, EFLAGS=0x0000000000010246

Top of Stack: (sp=0x00000085d3dfbdf0)
0x00000085d3dfbdf0:   0000000000000009 00000085d3dfc010
0x00000085d3dfbe00:   00000235e935ceb0 0000000000000000
0x00000085d3dfbe10:   00000235f1b62ff0 00007fff61fd291d
0x00000085d3dfbe20:   00000085d3dfc0d0 00007fff61c80000
0x00000085d3dfbe30:   0000000000000000 0000000000000000
0x00000085d3dfbe40:   0000169e00000000 0000000000000005
0x00000085d3dfbe50:   00007dff62677c38 0000023500000017
0x00000085d3dfbe60:   00000235ebe8f828 0000008500000037
0x00000085d3dfbe70:   00000235e7b7e070 0000000000000009
0x00000085d3dfbe80:   00000085d3dfbf90 00007fff6214f112
0x00000085d3dfbe90:   0000000000000000 00000085d3dfc4e0
0x00000085d3dfbea0:   0000000000000009 00000235ec642e90
0x00000085d3dfbeb0:   00000085d3dfc001 0000023500000008
0x00000085d3dfbec0:   00000235ec642e90 0000000000000000
0x00000085d3dfbed0:   0000000c00000009 00007fff00000009
0x00000085d3dfbee0:   00000235ed1a3bd0 00007fff00000004 

Instructions: (pc=0x00007fff61fd7db0)
0x00007fff61fd7cb0:   58 4c 8b 64 24 50 48 8b c3 48 83 c4 20 41 5f 5f
0x00007fff61fd7cc0:   5e 5d 5b c3 cc cc cc cc cc cc cc cc cc cc cc cc
0x00007fff61fd7cd0:   83 3a 00 4c 8b c2 c7 41 08 08 00 00 00 75 16 33
0x00007fff61fd7ce0:   d2 c7 41 18 01 00 00 00 89 11 48 8b c1 c7 41 28
0x00007fff61fd7cf0:   01 00 00 00 c3 33 d2 48 89 11 89 51 18 41 8b 80
0x00007fff61fd7d00:   90 00 00 00 89 41 28 48 89 51 10 49 8b 40 08 48
0x00007fff61fd7d10:   89 41 20 48 8b c1 4c 89 41 30 c3 cc cc cc cc cc
0x00007fff61fd7d20:   48 83 ec 28 8b 51 08 4c 8b c9 83 fa 08 73 18 4c
0x00007fff61fd7d30:   8b 41 10 8b c2 41 83 3c 80 00 0f 85 0d 01 00 00
0x00007fff61fd7d40:   ff c2 83 fa 08 72 ec 44 8b 51 18 48 89 5c 24 30
0x00007fff61fd7d50:   48 89 6c 24 38 48 89 74 24 40 48 89 7c 24 20 44
0x00007fff61fd7d60:   3b 51 28 0f 83 b9 00 00 00 8b 0d 0d ba 6d 00 48
0x00007fff61fd7d70:   8d 35 c2 fe 69 00 65 48 8b 04 25 58 00 00 00 bd
0x00007fff61fd7d80:   08 00 00 00 48 8d 3c c8 0f 1f 84 00 00 00 00 00
0x00007fff61fd7d90:   41 8b c2 48 8d 1c c5 00 00 00 00 49 8b 41 20 48
0x00007fff61fd7da0:   8b 04 03 48 3b c6 74 6d 49 89 41 10 33 d2 66 90
0x00007fff61fd7db0:   83 38 00 0f 85 c3 00 00 00 ff c2 48 83 c0 04 83
0x00007fff61fd7dc0:   fa 08 72 ec 4d 8b 59 30 4d 85 db 74 48 49 8b 43
0x00007fff61fd7dd0:   08 8b d5 48 03 17 4c 8b 04 03 48 8b 02 48 8b 88
0x00007fff61fd7de0:   d0 04 00 00 48 8b 81 88 00 00 00 48 8b 88 88 08
0x00007fff61fd7df0:   00 00 49 89 08 48 8b 02 48 8b 88 d0 04 00 00 48
0x00007fff61fd7e00:   8b 81 88 00 00 00 4c 89 80 88 08 00 00 49 8b 43
0x00007fff61fd7e10:   08 48 89 34 03 41 ff c2 45 3b 51 28 0f 82 6e ff
0x00007fff61fd7e20:   ff ff 41 8b 41 28 41 89 41 18 33 c0 41 c7 41 08
0x00007fff61fd7e30:   08 00 00 00 48 8b 74 24 40 48 8b 6c 24 38 48 8b
0x00007fff61fd7e40:   5c 24 30 48 8b 7c 24 20 48 83 c4 28 c3 8b 41 18
0x00007fff61fd7e50:   8d 0c c2 8b c2 c1 e1 05 81 e9 00 01 00 00 41 89
0x00007fff61fd7e60:   49 04 41 8b 0c 80 8d 42 01 41 89 09 49 8b c9 41
0x00007fff61fd7e70:   89 41 08 48 83 c4 28 e9 a4 33 e4 ff 42 8d 04 d2
0x00007fff61fd7e80:   c1 e0 05 41 89 41 04 49 8b 41 10 8b 0c 90 41 8d
0x00007fff61fd7e90:   42 01 41 89 41 18 8d 42 01 41 89 09 49 8b c9 41
0x00007fff61fd7ea0:   89 41 08 e8 78 33 e4 ff eb 8a cc cc cc cc cc cc 


Stack slot to memory mapping:
stack at sp + 0 slots: 0x0000000000000009 is an unknown value
stack at sp + 1 slots: 0x00000085d3dfc010 is pointing into the stack for thread: 0x00000235e3b13000
stack at sp + 2 slots: 0x00000235e935ceb0 points into unknown readable memory: 0x00007fff623f5180 | 80 51 3f 62 ff 7f 00 00
stack at sp + 3 slots: 0x0 is NULL
stack at sp + 4 slots: 0x00000235f1b62ff0 points into unknown readable memory: 0x0000000000000000 | 00 00 00 00 00 00 00 00
stack at sp + 5 slots: 0x00007fff61fd291d jvm.dll
stack at sp + 6 slots: 0x00000085d3dfc0d0 is pointing into the stack for thread: 0x00000235e3b13000
stack at sp + 7 slots: 0x00007fff61c80000 jvm.dll


---------------  P R O C E S S  ---------------

Threads class SMR info:
_java_thread_list=0x00000235e89dc290, length=68, elements={
0x00000235c71bb000, 0x00000235e1e9d000, 0x00000235e1e9e000, 0x00000235e1ef6800,
0x00000235e1ef8000, 0x00000235e1efa000, 0x00000235e1f00800, 0x00000235e1f02000,
0x00000235e1f59800, 0x00000235e205b000, 0x00000235e2e8e800, 0x00000235e4723800,
0x00000235e485b800, 0x00000235e4b44800, 0x00000235e4b42000, 0x00000235e4b43000,
0x00000235e4b46000, 0x00000235e4b47000, 0x00000235e52d9000, 0x00000235e52d7800,
0x00000235e52d3800, 0x00000235e52d6000, 0x00000235e52e0000, 0x00000235e5823800,
0x00000235e5824800, 0x00000235e5825000, 0x00000235e5827000, 0x00000235e5826000,
0x00000235e5821000, 0x00000235e582c800, 0x00000235e7dc0800, 0x00000235e4b45800,
0x00000235e4b48000, 0x00000235e4594800, 0x00000235e5830000, 0x00000235e582d800,
0x00000235e5822800, 0x00000235e5822000, 0x00000235e582e000, 0x00000235e582b000,
0x00000235e582a000, 0x00000235e5828800, 0x00000235e582f000, 0x00000235e5829800,
0x00000235e7dc1000, 0x00000235e7dbd000, 0x00000235e7dbe800, 0x00000235e7dbf800,
0x00000235e7dc2000, 0x00000235e3b13000, 0x00000235e7dbc800, 0x00000235e7dc3800,
0x00000235e7dc3000, 0x00000235e7dbe000, 0x00000235e7dc7800, 0x00000235e7dc8800,
0x00000235e7dc9800, 0x00000235e7dca000, 0x00000235e7dc4800, 0x00000235e7dcb000,
0x00000235e7dc6000, 0x00000235e7dc5000, 0x00000235e7dc7000, 0x00000235e4593800,
0x00000235e4592000, 0x00000235e4592800, 0x00000235e4595000, 0x00000235e4591000
}

Java Threads: ( => current thread )
  0x00000235c71bb000 JavaThread "main" [_thread_blocked, id=9008, stack(0x00000085d1100000,0x00000085d1200000)]
  0x00000235e1e9d000 JavaThread "Reference Handler" daemon [_thread_blocked, id=10124, stack(0x00000085d1800000,0x00000085d1900000)]
  0x00000235e1e9e000 JavaThread "Finalizer" daemon [_thread_blocked, id=10724, stack(0x00000085d1900000,0x00000085d1a00000)]
  0x00000235e1ef6800 JavaThread "Signal Dispatcher" daemon [_thread_blocked, id=4240, stack(0x00000085d1a00000,0x00000085d1b00000)]
  0x00000235e1ef8000 JavaThread "Attach Listener" daemon [_thread_blocked, id=11184, stack(0x00000085d1b00000,0x00000085d1c00000)]
  0x00000235e1efa000 JavaThread "Service Thread" daemon [_thread_blocked, id=12040, stack(0x00000085d1c00000,0x00000085d1d00000)]
  0x00000235e1f00800 JavaThread "C2 CompilerThread0" daemon [_thread_blocked, id=9964, stack(0x00000085d1d00000,0x00000085d1e00000)]
  0x00000235e1f02000 JavaThread "C1 CompilerThread0" daemon [_thread_blocked, id=8108, stack(0x00000085d1e00000,0x00000085d1f00000)]
  0x00000235e1f59800 JavaThread "Sweeper thread" daemon [_thread_blocked, id=11064, stack(0x00000085d1f00000,0x00000085d2000000)]
  0x00000235e205b000 JavaThread "Common-Cleaner" daemon [_thread_blocked, id=12092, stack(0x00000085d2000000,0x00000085d2100000)]
  0x00000235e2e8e800 JavaThread "Daemon health stats" [_thread_blocked, id=5712, stack(0x00000085d2800000,0x00000085d2900000)]
  0x00000235e4723800 JavaThread "Incoming local TCP Connector on port 56353" [_thread_in_native, id=6620, stack(0x00000085d2200000,0x00000085d2300000)]
  0x00000235e485b800 JavaThread "Daemon periodic checks" [_thread_blocked, id=13048, stack(0x00000085d2300000,0x00000085d2400000)]
  0x00000235e4b44800 JavaThread "Cache worker for file hash cache (C:\Users\jeffe\.gradle\caches\7.0.2\fileHashes)" [_thread_blocked, id=11232, stack(0x00000085d3000000,0x00000085d3100000)]
  0x00000235e4b42000 JavaThread "File lock request listener" [_thread_in_native, id=12992, stack(0x00000085d3100000,0x00000085d3200000)]
  0x00000235e4b43000 JavaThread "Cache worker for journal cache (C:\Users\jeffe\.gradle\caches\journal-1)" [_thread_blocked, id=10748, stack(0x00000085d3600000,0x00000085d3700000)]
  0x00000235e4b46000 JavaThread "File watcher server" daemon [_thread_in_native, id=2268, stack(0x00000085d3900000,0x00000085d3a00000)]
  0x00000235e4b47000 JavaThread "File watcher consumer" daemon [_thread_blocked, id=12304, stack(0x00000085d3a00000,0x00000085d3b00000)]
  0x00000235e52d9000 JavaThread "Cache worker for execution history cache (C:\Users\jeffe\.gradle\caches\7.0.2\executionHistory)" [_thread_blocked, id=10176, stack(0x00000085d3f00000,0x00000085d4000000)]
  0x00000235e52d7800 JavaThread "jar transforms" [_thread_blocked, id=11280, stack(0x00000085d4000000,0x00000085d4100000)]
  0x00000235e52d3800 JavaThread "jar transforms Thread 2" [_thread_blocked, id=12668, stack(0x00000085d3e00000,0x00000085d3f00000)]
  0x00000235e52d6000 JavaThread "Cache worker for file content cache (C:\Users\jeffe\.gradle\caches\7.0.2\fileContent)" [_thread_blocked, id=9568, stack(0x00000085d4100000,0x00000085d4200000)]
  0x00000235e52e0000 JavaThread "jar transforms Thread 3" [_thread_blocked, id=8984, stack(0x00000085d4400000,0x00000085d4500000)]
  0x00000235e5823800 JavaThread "jar transforms Thread 4" [_thread_blocked, id=11988, stack(0x00000085d4c00000,0x00000085d4d00000)]
  0x00000235e5824800 JavaThread "jar transforms Thread 5" [_thread_blocked, id=12784, stack(0x00000085d4d00000,0x00000085d4e00000)]
  0x00000235e5825000 JavaThread "jar transforms Thread 6" [_thread_blocked, id=3292, stack(0x00000085d4e00000,0x00000085d4f00000)]
  0x00000235e5827000 JavaThread "jar transforms Thread 7" [_thread_blocked, id=13272, stack(0x00000085d4f00000,0x00000085d5000000)]
  0x00000235e5826000 JavaThread "jar transforms Thread 8" [_thread_blocked, id=10468, stack(0x00000085d5000000,0x00000085d5100000)]
  0x00000235e5821000 JavaThread "Memory manager" [_thread_blocked, id=12148, stack(0x00000085d5200000,0x00000085d5300000)]
  0x00000235e582c800 JavaThread "Cache worker for Java compile cache (C:\Users\jeffe\.gradle\caches\7.0.2\javaCompile)" [_thread_blocked, id=11172, stack(0x00000085d5f00000,0x00000085d6000000)]
  0x00000235e7dc0800 JavaThread "ForkJoinPool.commonPool-worker-5" daemon [_thread_blocked, id=3656, stack(0x00000085d2e00000,0x00000085d2f00000)]
  0x00000235e4b45800 JavaThread "ForkJoinPool.commonPool-worker-3" daemon [_thread_blocked, id=10452, stack(0x00000085d6800000,0x00000085d6900000)]
  0x00000235e4b48000 JavaThread "ForkJoinPool.commonPool-worker-1" daemon [_thread_blocked, id=13104, stack(0x00000085d6900000,0x00000085d6a00000)]
  0x00000235e4594800 JavaThread "ForkJoinPool.commonPool-worker-11" daemon [_thread_blocked, id=6540, stack(0x00000085d6c00000,0x00000085d6d00000)]
  0x00000235e5830000 JavaThread "ForkJoinPool.commonPool-worker-15" daemon [_thread_blocked, id=6072, stack(0x00000085d6a00000,0x00000085d6b00000)]
  0x00000235e582d800 JavaThread "ForkJoinPool.commonPool-worker-7" daemon [_thread_blocked, id=6804, stack(0x00000085d6b00000,0x00000085d6c00000)]
  0x00000235e5822800 JavaThread "Daemon Thread 6" [_thread_blocked, id=13044, stack(0x00000085d0e00000,0x00000085d0f00000)]
  0x00000235e5822000 JavaThread "Handler for socket connection from /127.0.0.1:56353 to /127.0.0.1:56481" [_thread_in_native, id=12868, stack(0x00000085d0f00000,0x00000085d1000000)]
  0x00000235e582e000 JavaThread "Cancel handler" [_thread_blocked, id=11996, stack(0x00000085d1000000,0x00000085d1100000)]
  0x00000235e582b000 JavaThread "Daemon worker Thread 6" [_thread_blocked, id=13136, stack(0x00000085d2900000,0x00000085d2a00000)]
  0x00000235e582a000 JavaThread "Asynchronous log dispatcher for DefaultDaemonConnection: socket connection from /127.0.0.1:56353 to /127.0.0.1:56481" [_thread_blocked, id=12492, stack(0x00000085d2a00000,0x00000085d2b00000)]
  0x00000235e5828800 JavaThread "Stdin handler" [_thread_blocked, id=11940, stack(0x00000085d2b00000,0x00000085d2c00000)]
  0x00000235e582f000 JavaThread "Daemon client event forwarder" [_thread_blocked, id=3332, stack(0x00000085d2c00000,0x00000085d2d00000)]
  0x00000235e5829800 JavaThread "Cache worker for file hash cache (C:\Users\jeffe\AndroidStudioProjects\FirstAidKit3\.gradle\7.0.2\fileHashes)" [_thread_blocked, id=9516, stack(0x00000085d2d00000,0x00000085d2e00000)]
  0x00000235e7dc1000 JavaThread "Cache worker for checksums cache (C:\Users\jeffe\AndroidStudioProjects\FirstAidKit3\.gradle\checksums)" [_thread_blocked, id=3008, stack(0x00000085d2f00000,0x00000085d3000000)]
  0x00000235e7dbd000 JavaThread "Cache worker for cache directory md-supplier (C:\Users\jeffe\.gradle\caches\7.0.2\md-supplier)" [_thread_blocked, id=11596, stack(0x00000085d3700000,0x00000085d3800000)]
  0x00000235e7dbe800 JavaThread "Cache worker for cache directory md-rule (C:\Users\jeffe\.gradle\caches\7.0.2\md-rule)" [_thread_blocked, id=672, stack(0x00000085d3800000,0x00000085d3900000)]
  0x00000235e7dbf800 JavaThread "Cache worker for dependencies-accessors (C:\Users\jeffe\AndroidStudioProjects\FirstAidKit3\.gradle\7.0.2\dependencies-accessors)" [_thread_blocked, id=6716, stack(0x00000085d3b00000,0x00000085d3c00000)]
  0x00000235e7dc2000 JavaThread "Cache worker for Build Output Cleanup Cache (C:\Users\jeffe\AndroidStudioProjects\FirstAidKit3\.gradle\buildOutputCleanup)" [_thread_blocked, id=10116, stack(0x00000085d3c00000,0x00000085d3d00000)]
=>0x00000235e3b13000 JavaThread "C2 CompilerThread1" daemon [_thread_in_native, id=3152, stack(0x00000085d3d00000,0x00000085d3e00000)]
  0x00000235e7dbc800 JavaThread "Build operations" [_thread_blocked, id=3080, stack(0x00000085d4200000,0x00000085d4300000)]
  0x00000235e7dc3800 JavaThread "Build operations Thread 2" [_thread_blocked, id=7688, stack(0x00000085d4300000,0x00000085d4400000)]
  0x00000235e7dc3000 JavaThread "Build operations Thread 3" [_thread_blocked, id=12900, stack(0x00000085d4500000,0x00000085d4600000)]
  0x00000235e7dbe000 JavaThread "Build operations Thread 4" [_thread_blocked, id=8048, stack(0x00000085d4600000,0x00000085d4700000)]
  0x00000235e7dc7800 JavaThread "Build operations Thread 5" [_thread_blocked, id=11796, stack(0x00000085d4700000,0x00000085d4800000)]
  0x00000235e7dc8800 JavaThread "Build operations Thread 6" [_thread_blocked, id=11348, stack(0x00000085d4800000,0x00000085d4900000)]
  0x00000235e7dc9800 JavaThread "Build operations Thread 7" [_thread_blocked, id=11712, stack(0x00000085d4900000,0x00000085d4a00000)]
  0x00000235e7dca000 JavaThread "Build operations Thread 8" [_thread_blocked, id=3168, stack(0x00000085d4a00000,0x00000085d4b00000)]
  0x00000235e7dc4800 JavaThread "build event listener" [_thread_blocked, id=7600, stack(0x00000085d5300000,0x00000085d5400000)]
  0x00000235e7dcb000 JavaThread "Execution worker for ':'" [_thread_in_native, id=744, stack(0x00000085d5400000,0x00000085d5500000)]
  0x00000235e7dc6000 JavaThread "Execution worker for ':' Thread 2" [_thread_blocked, id=1332, stack(0x00000085d5600000,0x00000085d5700000)]
  0x00000235e7dc5000 JavaThread "Execution worker for ':' Thread 3" [_thread_blocked, id=11480, stack(0x00000085d5700000,0x00000085d5800000)]
  0x00000235e7dc7000 JavaThread "Execution worker for ':' Thread 4" [_thread_blocked, id=3688, stack(0x00000085d5800000,0x00000085d5900000)]
  0x00000235e4593800 JavaThread "Execution worker for ':' Thread 5" [_thread_blocked, id=11884, stack(0x00000085d5900000,0x00000085d5a00000)]
  0x00000235e4592000 JavaThread "Execution worker for ':' Thread 6" [_thread_blocked, id=10156, stack(0x00000085d5a00000,0x00000085d5b00000)]
  0x00000235e4592800 JavaThread "Execution worker for ':' Thread 7" [_thread_blocked, id=4132, stack(0x00000085d5b00000,0x00000085d5c00000)]
  0x00000235e4595000 JavaThread "Cache worker for execution history cache (C:\Users\jeffe\AndroidStudioProjects\FirstAidKit3\.gradle\7.0.2\executionHistory)" [_thread_blocked, id=12468, stack(0x00000085d5c00000,0x00000085d5d00000)]
  0x00000235e4591000 JavaThread "Cache worker for Java compile cache (C:\Users\jeffe\AndroidStudioProjects\FirstAidKit3\.gradle\7.0.2\javaCompile)" [_thread_blocked, id=6304, stack(0x00000085d5d00000,0x00000085d5e00000)]

Other Threads:
  0x00000235e1e97800 VMThread "VM Thread" [stack: 0x00000085d1700000,0x00000085d1800000] [id=4524]
  0x00000235e2086000 WatcherThread [stack: 0x00000085d2100000,0x00000085d2200000] [id=7292]
  0x00000235c71d4000 GCTaskThread "GC Thread#0" [stack: 0x00000085d1200000,0x00000085d1300000] [id=11948]
  0x00000235e2f88800 GCTaskThread "GC Thread#1" [stack: 0x00000085d2400000,0x00000085d2500000] [id=12448]
  0x00000235e2ea5000 GCTaskThread "GC Thread#2" [stack: 0x00000085d2500000,0x00000085d2600000] [id=7492]
  0x00000235e28bc800 GCTaskThread "GC Thread#3" [stack: 0x00000085d2600000,0x00000085d2700000] [id=5376]
  0x00000235e336e000 GCTaskThread "GC Thread#4" [stack: 0x00000085d2700000,0x00000085d2800000] [id=6576]
  0x00000235e40f8800 GCTaskThread "GC Thread#5" [stack: 0x00000085d3200000,0x00000085d3300000] [id=5980]
  0x00000235e46d7800 GCTaskThread "GC Thread#6" [stack: 0x00000085d3300000,0x00000085d3400000] [id=1004]
  0x00000235e3029800 GCTaskThread "GC Thread#7" [stack: 0x00000085d3400000,0x00000085d3500000] [id=5612]
  0x00000235c7204800 ConcurrentGCThread "G1 Main Marker" [stack: 0x00000085d1300000,0x00000085d1400000] [id=7896]
  0x00000235c7206800 ConcurrentGCThread "G1 Conc#0" [stack: 0x00000085d1400000,0x00000085d1500000] [id=13036]
  0x00000235e3360800 ConcurrentGCThread "G1 Conc#1" [stack: 0x00000085d3500000,0x00000085d3600000] [id=8488]
  0x00000235c729d800 ConcurrentGCThread "G1 Refine#0" [stack: 0x00000085d1500000,0x00000085d1600000] [id=8132]
  0x00000235e5caa800 ConcurrentGCThread "G1 Refine#1" [stack: 0x00000085d5100000,0x00000085d5200000] [id=7264]
  0x00000235e8df2800 ConcurrentGCThread "G1 Refine#2" [stack: 0x00000085d5500000,0x00000085d5600000] [id=11608]
  0x00000235c729e800 ConcurrentGCThread "G1 Young RemSet Sampling" [stack: 0x00000085d1600000,0x00000085d1700000] [id=5272]

Threads with active compile tasks:
C2 CompilerThread1 798639 18217 %     4       jdk.nio.zipfs.ZipFileSystem::initCEN @ 188 (411 bytes)

VM state:not at safepoint (normal execution)

VM Mutex/Monitor currently owned by a thread: None

Heap address: 0x0000000080000000, size: 2048 MB, Compressed Oops mode: 32-bit
Narrow klass base: 0x0000000000000000, Narrow klass shift: 3
Compressed class space size: 1073741824 Address: 0x0000000100000000

Heap:
 garbage-first heap   total 229376K, used 201933K [0x0000000080000000, 0x0000000100000000)
  region size 1024K, 72 young (73728K), 1 survivors (1024K)
 Metaspace       used 111446K, capacity 114697K, committed 116324K, reserved 1148928K
  class space    used 14359K, capacity 15594K, committed 16228K, reserved 1048576K
Heap Regions: E=young(eden), S=young(survivor), O=old, HS=humongous(starts), HC=humongous(continues), CS=collection set, F=free, A=archive, TAMS=top-at-mark-start (previous, next)
|   0|0x0000000080000000, 0x0000000080100000, 0x0000000080100000|100%| O|  |TAMS 0x0000000080100000, 0x0000000080000000| Untracked 
|   1|0x0000000080100000, 0x0000000080200000, 0x0000000080200000|100%| O|  |TAMS 0x0000000080200000, 0x0000000080100000| Untracked 
|   2|0x0000000080200000, 0x0000000080300000, 0x0000000080300000|100%| O|  |TAMS 0x0000000080300000, 0x0000000080200000| Untracked 
|   3|0x0000000080300000, 0x0000000080400000, 0x0000000080400000|100%|HS|  |TAMS 0x0000000080400000, 0x0000000080300000| Complete 
|   4|0x0000000080400000, 0x0000000080500000, 0x0000000080500000|100%|HC|  |TAMS 0x0000000080500000, 0x0000000080400000| Complete 
|   5|0x0000000080500000, 0x0000000080600000, 0x0000000080600000|100%|HC|  |TAMS 0x0000000080600000, 0x0000000080500000| Complete 
|   6|0x0000000080600000, 0x0000000080700000, 0x0000000080700000|100%| O|  |TAMS 0x0000000080700000, 0x0000000080600000| Untracked 
|   7|0x0000000080700000, 0x0000000080800000, 0x0000000080800000|100%| O|  |TAMS 0x0000000080800000, 0x0000000080700000| Untracked 
|   8|0x0000000080800000, 0x0000000080900000, 0x0000000080900000|100%| O|  |TAMS 0x0000000080900000, 0x0000000080800000| Untracked 
|   9|0x0000000080900000, 0x0000000080a00000, 0x0000000080a00000|100%| O|  |TAMS 0x0000000080a00000, 0x0000000080900000| Untracked 
|  10|0x0000000080a00000, 0x0000000080b00000, 0x0000000080b00000|100%| O|  |TAMS 0x0000000080b00000, 0x0000000080a00000| Untracked 
|  11|0x0000000080b00000, 0x0000000080c00000, 0x0000000080c00000|100%| O|  |TAMS 0x0000000080c00000, 0x0000000080b00000| Complete 
|  12|0x0000000080c00000, 0x0000000080d00000, 0x0000000080d00000|100%| O|  |TAMS 0x0000000080d00000, 0x0000000080c00000| Complete 
|  13|0x0000000080d00000, 0x0000000080e00000, 0x0000000080e00000|100%| O|  |TAMS 0x0000000080e00000, 0x0000000080d00000| Untracked 
|  14|0x0000000080e00000, 0x0000000080f00000, 0x0000000080f00000|100%| O|  |TAMS 0x0000000080f00000, 0x0000000080e00000| Untracked 
|  15|0x0000000080f00000, 0x0000000081000000, 0x0000000081000000|100%| O|  |TAMS 0x0000000081000000, 0x0000000080f00000| Untracked 
|  16|0x0000000081000000, 0x0000000081100000, 0x0000000081100000|100%| O|  |TAMS 0x0000000081100000, 0x0000000081000000| Untracked 
|  17|0x0000000081100000, 0x0000000081200000, 0x0000000081200000|100%|HS|  |TAMS 0x0000000081200000, 0x0000000081100000| Complete 
|  18|0x0000000081200000, 0x0000000081300000, 0x0000000081300000|100%|HS|  |TAMS 0x0000000081300000, 0x0000000081200000| Complete 
|  19|0x0000000081300000, 0x0000000081400000, 0x0000000081400000|100%|HS|  |TAMS 0x0000000081400000, 0x0000000081300000| Complete 
|  20|0x0000000081400000, 0x0000000081500000, 0x0000000081500000|100%|HC|  |TAMS 0x0000000081500000, 0x0000000081400000| Complete 
|  21|0x0000000081500000, 0x0000000081600000, 0x0000000081600000|100%| O|  |TAMS 0x0000000081600000, 0x0000000081500000| Untracked 
|  22|0x0000000081600000, 0x0000000081700000, 0x0000000081700000|100%| O|  |TAMS 0x0000000081700000, 0x0000000081600000| Untracked 
|  23|0x0000000081700000, 0x0000000081800000, 0x0000000081800000|100%| O|  |TAMS 0x0000000081800000, 0x0000000081700000| Untracked 
|  24|0x0000000081800000, 0x0000000081900000, 0x0000000081900000|100%| O|  |TAMS 0x0000000081900000, 0x0000000081800000| Complete 
|  25|0x0000000081900000, 0x0000000081a00000, 0x0000000081a00000|100%| O|  |TAMS 0x0000000081a00000, 0x0000000081900000| Untracked 
|  26|0x0000000081a00000, 0x0000000081b00000, 0x0000000081b00000|100%| O|  |TAMS 0x0000000081b00000, 0x0000000081a00000| Untracked 
|  27|0x0000000081b00000, 0x0000000081c00000, 0x0000000081c00000|100%| O|  |TAMS 0x0000000081c00000, 0x0000000081b00000| Untracked 
|  28|0x0000000081c00000, 0x0000000081d00000, 0x0000000081d00000|100%| O|  |TAMS 0x0000000081d00000, 0x0000000081c00000| Complete 
|  29|0x0000000081d00000, 0x0000000081e00000, 0x0000000081e00000|100%| O|  |TAMS 0x0000000081e00000, 0x0000000081d00000| Untracked 
|  30|0x0000000081e00000, 0x0000000081f00000, 0x0000000081f00000|100%| O|  |TAMS 0x0000000081f00000, 0x0000000081e00000| Untracked 
|  31|0x0000000081f00000, 0x0000000082000000, 0x0000000082000000|100%| O|  |TAMS 0x0000000082000000, 0x0000000081f00000| Untracked 
|  32|0x0000000082000000, 0x0000000082100000, 0x0000000082100000|100%| O|  |TAMS 0x0000000082100000, 0x0000000082000000| Complete 
|  33|0x0000000082100000, 0x0000000082200000, 0x0000000082200000|100%| O|  |TAMS 0x0000000082200000, 0x0000000082100000| Untracked 
|  34|0x0000000082200000, 0x0000000082300000, 0x0000000082300000|100%| O|  |TAMS 0x0000000082300000, 0x0000000082200000| Untracked 
|  35|0x0000000082300000, 0x0000000082400000, 0x0000000082400000|100%| O|  |TAMS 0x0000000082400000, 0x0000000082300000| Untracked 
|  36|0x0000000082400000, 0x0000000082500000, 0x0000000082500000|100%| O|  |TAMS 0x0000000082500000, 0x0000000082400000| Untracked 
|  37|0x0000000082500000, 0x0000000082600000, 0x0000000082600000|100%| O|  |TAMS 0x0000000082600000, 0x0000000082500000| Untracked 
|  38|0x0000000082600000, 0x0000000082700000, 0x0000000082700000|100%| O|  |TAMS 0x0000000082700000, 0x0000000082600000| Complete 
|  39|0x0000000082700000, 0x0000000082800000, 0x0000000082800000|100%| O|  |TAMS 0x0000000082800000, 0x0000000082700000| Untracked 
|  40|0x0000000082800000, 0x0000000082900000, 0x0000000082900000|100%| O|  |TAMS 0x0000000082900000, 0x0000000082800000| Complete 
|  41|0x0000000082900000, 0x0000000082a00000, 0x0000000082a00000|100%| O|  |TAMS 0x0000000082a00000, 0x0000000082900000| Complete 
|  42|0x0000000082a00000, 0x0000000082b00000, 0x0000000082b00000|100%| O|  |TAMS 0x0000000082b00000, 0x0000000082a00000| Untracked 
|  43|0x0000000082b00000, 0x0000000082c00000, 0x0000000082c00000|100%| O|  |TAMS 0x0000000082c00000, 0x0000000082b00000| Untracked 
|  44|0x0000000082c00000, 0x0000000082d00000, 0x0000000082d00000|100%| O|  |TAMS 0x0000000082d00000, 0x0000000082c00000| Complete 
|  45|0x0000000082d00000, 0x0000000082e00000, 0x0000000082e00000|100%| O|  |TAMS 0x0000000082e00000, 0x0000000082d00000| Complete 
|  46|0x0000000082e00000, 0x0000000082f00000, 0x0000000082f00000|100%| O|  |TAMS 0x0000000082f00000, 0x0000000082e00000| Complete 
|  47|0x0000000082f00000, 0x0000000083000000, 0x0000000083000000|100%| O|  |TAMS 0x0000000083000000, 0x0000000082f00000| Untracked 
|  48|0x0000000083000000, 0x0000000083100000, 0x0000000083100000|100%| O|  |TAMS 0x0000000083100000, 0x0000000083000000| Untracked 
|  49|0x0000000083100000, 0x0000000083200000, 0x0000000083200000|100%| O|  |TAMS 0x0000000083200000, 0x0000000083100000| Untracked 
|  50|0x0000000083200000, 0x0000000083300000, 0x0000000083300000|100%| O|  |TAMS 0x0000000083300000, 0x0000000083200000| Untracked 
|  51|0x0000000083300000, 0x0000000083400000, 0x0000000083400000|100%| O|  |TAMS 0x0000000083400000, 0x0000000083300000| Complete 
|  52|0x0000000083400000, 0x0000000083500000, 0x0000000083500000|100%| O|  |TAMS 0x0000000083500000, 0x0000000083400000| Untracked 
|  53|0x0000000083500000, 0x0000000083600000, 0x0000000083600000|100%| O|  |TAMS 0x0000000083600000, 0x0000000083500000| Untracked 
|  54|0x0000000083600000, 0x0000000083700000, 0x0000000083700000|100%| O|  |TAMS 0x0000000083700000, 0x0000000083600000| Untracked 
|  55|0x0000000083700000, 0x0000000083800000, 0x0000000083800000|100%| O|  |TAMS 0x0000000083800000, 0x0000000083700000| Complete 
|  56|0x0000000083800000, 0x0000000083900000, 0x0000000083900000|100%| O|  |TAMS 0x0000000083900000, 0x0000000083800000| Untracked 
|  57|0x0000000083900000, 0x0000000083a00000, 0x0000000083a00000|100%| O|  |TAMS 0x0000000083a00000, 0x0000000083900000| Untracked 
|  58|0x0000000083a00000, 0x0000000083b00000, 0x0000000083b00000|100%| O|  |TAMS 0x0000000083b00000, 0x0000000083a00000| Untracked 
|  59|0x0000000083b00000, 0x0000000083c00000, 0x0000000083c00000|100%| O|  |TAMS 0x0000000083c00000, 0x0000000083b00000| Complete 
|  60|0x0000000083c00000, 0x0000000083d00000, 0x0000000083d00000|100%| O|  |TAMS 0x0000000083d00000, 0x0000000083c00000| Complete 
|  61|0x0000000083d00000, 0x0000000083e00000, 0x0000000083e00000|100%|HS|  |TAMS 0x0000000083d00000, 0x0000000083d00000| Complete 
|  62|0x0000000083e00000, 0x0000000083f00000, 0x0000000083f00000|100%|HC|  |TAMS 0x0000000083e00000, 0x0000000083e00000| Complete 
|  63|0x0000000083f00000, 0x0000000084000000, 0x0000000084000000|100%| O|  |TAMS 0x0000000084000000, 0x0000000083f00000| Untracked 
|  64|0x0000000084000000, 0x0000000084100000, 0x0000000084100000|100%| O|  |TAMS 0x0000000084100000, 0x0000000084000000| Complete 
|  65|0x0000000084100000, 0x0000000084200000, 0x0000000084200000|100%| O|  |TAMS 0x0000000084200000, 0x0000000084100000| Untracked 
|  66|0x0000000084200000, 0x0000000084300000, 0x0000000084300000|100%| O|  |TAMS 0x0000000084300000, 0x0000000084200000| Untracked 
|  67|0x0000000084300000, 0x0000000084400000, 0x0000000084400000|100%| O|  |TAMS 0x0000000084400000, 0x0000000084300000| Untracked 
|  68|0x0000000084400000, 0x0000000084500000, 0x0000000084500000|100%| O|  |TAMS 0x0000000084500000, 0x0000000084400000| Complete 
|  69|0x0000000084500000, 0x0000000084600000, 0x0000000084600000|100%| O|  |TAMS 0x0000000084600000, 0x0000000084500000| Complete 
|  70|0x0000000084600000, 0x0000000084700000, 0x0000000084700000|100%| O|  |TAMS 0x0000000084700000, 0x0000000084600000| Untracked 
|  71|0x0000000084700000, 0x0000000084800000, 0x0000000084800000|100%| O|  |TAMS 0x0000000084800000, 0x0000000084700000| Untracked 
|  72|0x0000000084800000, 0x0000000084900000, 0x0000000084900000|100%| O|  |TAMS 0x0000000084900000, 0x0000000084800000| Untracked 
|  73|0x0000000084900000, 0x0000000084a00000, 0x0000000084a00000|100%| O|  |TAMS 0x0000000084a00000, 0x0000000084900000| Untracked 
|  74|0x0000000084a00000, 0x0000000084b00000, 0x0000000084b00000|100%| O|  |TAMS 0x0000000084b00000, 0x0000000084a00000| Untracked 
|  75|0x0000000084b00000, 0x0000000084c00000, 0x0000000084c00000|100%| O|  |TAMS 0x0000000084c00000, 0x0000000084b00000| Complete 
|  76|0x0000000084c00000, 0x0000000084d00000, 0x0000000084d00000|100%| O|  |TAMS 0x0000000084d00000, 0x0000000084c00000| Complete 
|  77|0x0000000084d00000, 0x0000000084e00000, 0x0000000084e00000|100%| O|  |TAMS 0x0000000084e00000, 0x0000000084d00000| Complete 
|  78|0x0000000084e00000, 0x0000000084f00000, 0x0000000084f00000|100%| O|  |TAMS 0x0000000084f00000, 0x0000000084e00000| Untracked 
|  79|0x0000000084f00000, 0x0000000085000000, 0x0000000085000000|100%|HS|  |TAMS 0x0000000084f00000, 0x0000000084f00000| Complete 
|  80|0x0000000085000000, 0x0000000085100000, 0x0000000085100000|100%|HC|  |TAMS 0x0000000085000000, 0x0000000085000000| Complete 
|  81|0x0000000085100000, 0x0000000085200000, 0x0000000085200000|100%|HS|  |TAMS 0x0000000085100000, 0x0000000085100000| Complete 
|  82|0x0000000085200000, 0x0000000085300000, 0x0000000085300000|100%|HC|  |TAMS 0x0000000085200000, 0x0000000085200000| Complete 
|  83|0x0000000085300000, 0x0000000085400000, 0x0000000085400000|100%| O|  |TAMS 0x0000000085400000, 0x0000000085300000| Complete 
|  84|0x0000000085400000, 0x0000000085500000, 0x0000000085500000|100%|HS|  |TAMS 0x0000000085500000, 0x0000000085400000| Complete 
|  85|0x0000000085500000, 0x0000000085600000, 0x0000000085600000|100%|HC|  |TAMS 0x0000000085600000, 0x0000000085500000| Complete 
|  86|0x0000000085600000, 0x0000000085700000, 0x0000000085700000|100%| O|  |TAMS 0x0000000085700000, 0x0000000085600000| Untracked 
|  87|0x0000000085700000, 0x0000000085800000, 0x0000000085800000|100%| O|  |TAMS 0x0000000085800000, 0x0000000085700000| Untracked 
|  88|0x0000000085800000, 0x0000000085900000, 0x0000000085900000|100%| O|  |TAMS 0x0000000085900000, 0x0000000085800000| Untracked 
|  89|0x0000000085900000, 0x0000000085a00000, 0x0000000085a00000|100%| O|  |TAMS 0x0000000085a00000, 0x0000000085900000| Complete 
|  90|0x0000000085a00000, 0x0000000085b00000, 0x0000000085b00000|100%| O|  |TAMS 0x0000000085b00000, 0x0000000085a00000| Complete 
|  91|0x0000000085b00000, 0x0000000085c00000, 0x0000000085c00000|100%|HS|  |TAMS 0x0000000085b00000, 0x0000000085b00000| Complete 
|  92|0x0000000085c00000, 0x0000000085d00000, 0x0000000085d00000|100%| O|  |TAMS 0x0000000085d00000, 0x0000000085c00000| Complete 
|  93|0x0000000085d00000, 0x0000000085d92c00, 0x0000000085e00000| 57%| O|  |TAMS 0x0000000085d92c00, 0x0000000085d00000| Untracked 
|  94|0x0000000085e00000, 0x0000000085f00000, 0x0000000085f00000|100%| O|  |TAMS 0x0000000085f00000, 0x0000000085e00000| Complete 
|  95|0x0000000085f00000, 0x0000000086000000, 0x0000000086000000|100%| O|  |TAMS 0x0000000086000000, 0x0000000085f00000| Complete 
|  96|0x0000000086000000, 0x0000000086100000, 0x0000000086100000|100%| O|  |TAMS 0x0000000086100000, 0x0000000086000000| Complete 
|  97|0x0000000086100000, 0x0000000086200000, 0x0000000086200000|100%|HS|  |TAMS 0x0000000086100000, 0x0000000086100000| Complete 
|  98|0x0000000086200000, 0x0000000086300000, 0x0000000086300000|100%|HC|  |TAMS 0x0000000086200000, 0x0000000086200000| Complete 
|  99|0x0000000086300000, 0x0000000086300000, 0x0000000086400000|  0%| F|  |TAMS 0x0000000086300000, 0x0000000086300000| Untracked 
| 100|0x0000000086400000, 0x0000000086500000, 0x0000000086500000|100%| O|  |TAMS 0x0000000086500000, 0x0000000086400000| Complete 
| 101|0x0000000086500000, 0x0000000086600000, 0x0000000086600000|100%| O|  |TAMS 0x0000000086600000, 0x0000000086500000| Untracked 
| 102|0x0000000086600000, 0x0000000086700000, 0x0000000086700000|100%| O|  |TAMS 0x0000000086700000, 0x0000000086600000| Complete 
| 103|0x0000000086700000, 0x0000000086800000, 0x0000000086800000|100%| O|  |TAMS 0x0000000086800000, 0x0000000086700000| Complete 
| 104|0x0000000086800000, 0x0000000086900000, 0x0000000086900000|100%| O|  |TAMS 0x0000000086900000, 0x0000000086800000| Complete 
| 105|0x0000000086900000, 0x0000000086a00000, 0x0000000086a00000|100%|HS|  |TAMS 0x0000000086900000, 0x0000000086900000| Complete 
| 106|0x0000000086a00000, 0x0000000086b00000, 0x0000000086b00000|100%|HC|  |TAMS 0x0000000086a00000, 0x0000000086a00000| Complete 
| 107|0x0000000086b00000, 0x0000000086b00000, 0x0000000086c00000|  0%| F|  |TAMS 0x0000000086b00000, 0x0000000086b00000| Untracked 
| 108|0x0000000086c00000, 0x0000000086d00000, 0x0000000086d00000|100%| O|  |TAMS 0x0000000086d00000, 0x0000000086c00000| Untracked 
| 109|0x0000000086d00000, 0x0000000086e00000, 0x0000000086e00000|100%| O|  |TAMS 0x0000000086e00000, 0x0000000086d00000| Untracked 
| 110|0x0000000086e00000, 0x0000000086f00000, 0x0000000086f00000|100%| O|  |TAMS 0x0000000086f00000, 0x0000000086e00000| Untracked 
| 111|0x0000000086f00000, 0x0000000087000000, 0x0000000087000000|100%| O|  |TAMS 0x0000000087000000, 0x0000000086f00000| Complete 
| 112|0x0000000087000000, 0x0000000087100000, 0x0000000087100000|100%|HS|  |TAMS 0x0000000087000000, 0x0000000087000000| Complete 
| 113|0x0000000087100000, 0x0000000087200000, 0x0000000087200000|100%|HC|  |TAMS 0x0000000087100000, 0x0000000087100000| Complete 
| 114|0x0000000087200000, 0x0000000087300000, 0x0000000087300000|100%|HS|  |TAMS 0x0000000087200000, 0x0000000087200000| Complete 
| 115|0x0000000087300000, 0x0000000087400000, 0x0000000087400000|100%|HC|  |TAMS 0x0000000087300000, 0x0000000087300000| Complete 
| 116|0x0000000087400000, 0x0000000087500000, 0x0000000087500000|100%|HS|  |TAMS 0x0000000087400000, 0x0000000087400000| Complete 
| 117|0x0000000087500000, 0x0000000087600000, 0x0000000087600000|100%|HC|  |TAMS 0x0000000087500000, 0x0000000087500000| Complete 
| 118|0x0000000087600000, 0x0000000087700000, 0x0000000087700000|100%|HS|  |TAMS 0x0000000087600000, 0x0000000087600000| Complete 
| 119|0x0000000087700000, 0x0000000087800000, 0x0000000087800000|100%|HC|  |TAMS 0x0000000087700000, 0x0000000087700000| Complete 
| 120|0x0000000087800000, 0x0000000087900000, 0x0000000087900000|100%|HS|  |TAMS 0x0000000087800000, 0x0000000087800000| Complete 
| 121|0x0000000087900000, 0x0000000087a00000, 0x0000000087a00000|100%|HC|  |TAMS 0x0000000087900000, 0x0000000087900000| Complete 
| 122|0x0000000087a00000, 0x0000000087b00000, 0x0000000087b00000|100%|HS|  |TAMS 0x0000000087a00000, 0x0000000087a00000| Complete 
| 123|0x0000000087b00000, 0x0000000087c00000, 0x0000000087c00000|100%|HC|  |TAMS 0x0000000087b00000, 0x0000000087b00000| Complete 
| 124|0x0000000087c00000, 0x0000000087d00000, 0x0000000087d00000|100%|HS|  |TAMS 0x0000000087c00000, 0x0000000087c00000| Complete 
| 125|0x0000000087d00000, 0x0000000087e00000, 0x0000000087e00000|100%|HC|  |TAMS 0x0000000087d00000, 0x0000000087d00000| Complete 
| 126|0x0000000087e00000, 0x0000000087f00000, 0x0000000087f00000|100%|HS|  |TAMS 0x0000000087e00000, 0x0000000087e00000| Complete 
| 127|0x0000000087f00000, 0x0000000088000000, 0x0000000088000000|100%|HC|  |TAMS 0x0000000087f00000, 0x0000000087f00000| Complete 
| 128|0x0000000088000000, 0x0000000088100000, 0x0000000088100000|100%|HS|  |TAMS 0x0000000088000000, 0x0000000088000000| Complete 
| 129|0x0000000088100000, 0x0000000088200000, 0x0000000088200000|100%|HC|  |TAMS 0x0000000088100000, 0x0000000088100000| Complete 
| 130|0x0000000088200000, 0x0000000088200000, 0x0000000088300000|  0%| F|  |TAMS 0x0000000088200000, 0x0000000088200000| Untracked 
| 131|0x0000000088300000, 0x0000000088300000, 0x0000000088400000|  0%| F|  |TAMS 0x0000000088300000, 0x0000000088300000| Untracked 
| 132|0x0000000088400000, 0x0000000088400000, 0x0000000088500000|  0%| F|  |TAMS 0x0000000088400000, 0x0000000088400000| Untracked 
| 133|0x0000000088500000, 0x0000000088500000, 0x0000000088600000|  0%| F|  |TAMS 0x0000000088500000, 0x0000000088500000| Untracked 
| 134|0x0000000088600000, 0x0000000088600000, 0x0000000088700000|  0%| F|  |TAMS 0x0000000088600000, 0x0000000088600000| Untracked 
| 135|0x0000000088700000, 0x0000000088700000, 0x0000000088800000|  0%| F|  |TAMS 0x0000000088700000, 0x0000000088700000| Untracked 
| 136|0x0000000088800000, 0x0000000088800000, 0x0000000088900000|  0%| F|  |TAMS 0x0000000088800000, 0x0000000088800000| Untracked 
| 137|0x0000000088900000, 0x0000000088900000, 0x0000000088a00000|  0%| F|  |TAMS 0x0000000088900000, 0x0000000088900000| Untracked 
| 138|0x0000000088a00000, 0x0000000088a00000, 0x0000000088b00000|  0%| F|  |TAMS 0x0000000088a00000, 0x0000000088a00000| Untracked 
| 139|0x0000000088b00000, 0x0000000088b00000, 0x0000000088c00000|  0%| F|  |TAMS 0x0000000088b00000, 0x0000000088b00000| Untracked 
| 140|0x0000000088c00000, 0x0000000088c00000, 0x0000000088d00000|  0%| F|  |TAMS 0x0000000088c00000, 0x0000000088c00000| Untracked 
| 141|0x0000000088d00000, 0x0000000088d00000, 0x0000000088e00000|  0%| F|  |TAMS 0x0000000088d00000, 0x0000000088d00000| Untracked 
| 142|0x0000000088e00000, 0x0000000088e00000, 0x0000000088f00000|  0%| F|  |TAMS 0x0000000088e00000, 0x0000000088e00000| Untracked 
| 143|0x0000000088f00000, 0x0000000088f00000, 0x0000000089000000|  0%| F|  |TAMS 0x0000000088f00000, 0x0000000088f00000| Untracked 
| 144|0x0000000089000000, 0x0000000089000000, 0x0000000089100000|  0%| F|  |TAMS 0x0000000089000000, 0x0000000089000000| Untracked 
| 145|0x0000000089100000, 0x0000000089100000, 0x0000000089200000|  0%| F|  |TAMS 0x0000000089100000, 0x0000000089100000| Untracked 
| 146|0x0000000089200000, 0x0000000089200000, 0x0000000089300000|  0%| F|  |TAMS 0x0000000089200000, 0x0000000089200000| Untracked 
| 147|0x0000000089300000, 0x0000000089300000, 0x0000000089400000|  0%| F|  |TAMS 0x0000000089300000, 0x0000000089300000| Untracked 
| 148|0x0000000089400000, 0x0000000089400000, 0x0000000089500000|  0%| F|  |TAMS 0x0000000089400000, 0x0000000089400000| Untracked 
| 149|0x0000000089500000, 0x0000000089500000, 0x0000000089600000|  0%| F|  |TAMS 0x0000000089500000, 0x0000000089500000| Untracked 
| 150|0x0000000089600000, 0x0000000089600000, 0x0000000089700000|  0%| F|  |TAMS 0x0000000089600000, 0x0000000089600000| Untracked 
| 151|0x0000000089700000, 0x000000008970cf30, 0x0000000089800000|  5%| E|  |TAMS 0x0000000089700000, 0x0000000089700000| Complete 
| 152|0x0000000089800000, 0x0000000089900000, 0x0000000089900000|100%| E|CS|TAMS 0x0000000089800000, 0x0000000089800000| Complete 
| 153|0x0000000089900000, 0x0000000089a00000, 0x0000000089a00000|100%| E|CS|TAMS 0x0000000089900000, 0x0000000089900000| Complete 
| 154|0x0000000089a00000, 0x0000000089b00000, 0x0000000089b00000|100%| E|CS|TAMS 0x0000000089a00000, 0x0000000089a00000| Complete 
| 155|0x0000000089b00000, 0x0000000089c00000, 0x0000000089c00000|100%| E|CS|TAMS 0x0000000089b00000, 0x0000000089b00000| Complete 
| 156|0x0000000089c00000, 0x0000000089d00000, 0x0000000089d00000|100%| E|CS|TAMS 0x0000000089c00000, 0x0000000089c00000| Complete 
| 157|0x0000000089d00000, 0x0000000089e00000, 0x0000000089e00000|100%| E|CS|TAMS 0x0000000089d00000, 0x0000000089d00000| Complete 
| 158|0x0000000089e00000, 0x0000000089f00000, 0x0000000089f00000|100%| E|CS|TAMS 0x0000000089e00000, 0x0000000089e00000| Complete 
| 159|0x0000000089f00000, 0x000000008a000000, 0x000000008a000000|100%| E|  |TAMS 0x0000000089f00000, 0x0000000089f00000| Complete 
| 160|0x000000008a000000, 0x000000008a100000, 0x000000008a100000|100%| E|CS|TAMS 0x000000008a000000, 0x000000008a000000| Complete 
| 161|0x000000008a100000, 0x000000008a200000, 0x000000008a200000|100%| E|CS|TAMS 0x000000008a100000, 0x000000008a100000| Complete 
| 162|0x000000008a200000, 0x000000008a300000, 0x000000008a300000|100%| E|CS|TAMS 0x000000008a200000, 0x000000008a200000| Complete 
| 163|0x000000008a300000, 0x000000008a400000, 0x000000008a400000|100%| E|CS|TAMS 0x000000008a300000, 0x000000008a300000| Complete 
| 164|0x000000008a400000, 0x000000008a500000, 0x000000008a500000|100%| E|CS|TAMS 0x000000008a400000, 0x000000008a400000| Complete 
| 165|0x000000008a500000, 0x000000008a600000, 0x000000008a600000|100%| E|CS|TAMS 0x000000008a500000, 0x000000008a500000| Complete 
| 166|0x000000008a600000, 0x000000008a700000, 0x000000008a700000|100%| E|CS|TAMS 0x000000008a600000, 0x000000008a600000| Complete 
| 167|0x000000008a700000, 0x000000008a800000, 0x000000008a800000|100%| E|CS|TAMS 0x000000008a700000, 0x000000008a700000| Complete 
| 168|0x000000008a800000, 0x000000008a900000, 0x000000008a900000|100%| E|CS|TAMS 0x000000008a800000, 0x000000008a800000| Complete 
| 169|0x000000008a900000, 0x000000008aa00000, 0x000000008aa00000|100%| E|CS|TAMS 0x000000008a900000, 0x000000008a900000| Complete 
| 170|0x000000008aa00000, 0x000000008ab00000, 0x000000008ab00000|100%| E|CS|TAMS 0x000000008aa00000, 0x000000008aa00000| Complete 
| 171|0x000000008ab00000, 0x000000008ac00000, 0x000000008ac00000|100%| E|CS|TAMS 0x000000008ab00000, 0x000000008ab00000| Complete 
| 172|0x000000008ac00000, 0x000000008ad00000, 0x000000008ad00000|100%| E|CS|TAMS 0x000000008ac00000, 0x000000008ac00000| Complete 
| 173|0x000000008ad00000, 0x000000008ae00000, 0x000000008ae00000|100%| E|CS|TAMS 0x000000008ad00000, 0x000000008ad00000| Complete 
| 174|0x000000008ae00000, 0x000000008af00000, 0x000000008af00000|100%| E|CS|TAMS 0x000000008ae00000, 0x000000008ae00000| Complete 
| 175|0x000000008af00000, 0x000000008b000000, 0x000000008b000000|100%| E|CS|TAMS 0x000000008af00000, 0x000000008af00000| Complete 
| 176|0x000000008b000000, 0x000000008b100000, 0x000000008b100000|100%| E|CS|TAMS 0x000000008b000000, 0x000000008b000000| Complete 
| 177|0x000000008b100000, 0x000000008b200000, 0x000000008b200000|100%| E|CS|TAMS 0x000000008b100000, 0x000000008b100000| Complete 
| 178|0x000000008b200000, 0x000000008b300000, 0x000000008b300000|100%| E|CS|TAMS 0x000000008b200000, 0x000000008b200000| Complete 
| 179|0x000000008b300000, 0x000000008b400000, 0x000000008b400000|100%| E|CS|TAMS 0x000000008b300000, 0x000000008b300000| Complete 
| 180|0x000000008b400000, 0x000000008b500000, 0x000000008b500000|100%| E|CS|TAMS 0x000000008b400000, 0x000000008b400000| Complete 
| 181|0x000000008b500000, 0x000000008b600000, 0x000000008b600000|100%| E|CS|TAMS 0x000000008b500000, 0x000000008b500000| Complete 
| 182|0x000000008b600000, 0x000000008b700000, 0x000000008b700000|100%| E|CS|TAMS 0x000000008b600000, 0x000000008b600000| Complete 
| 183|0x000000008b700000, 0x000000008b800000, 0x000000008b800000|100%| E|CS|TAMS 0x000000008b700000, 0x000000008b700000| Complete 
| 184|0x000000008b800000, 0x000000008b900000, 0x000000008b900000|100%| E|CS|TAMS 0x000000008b800000, 0x000000008b800000| Complete 
| 185|0x000000008b900000, 0x000000008ba00000, 0x000000008ba00000|100%| E|CS|TAMS 0x000000008b900000, 0x000000008b900000| Complete 
| 186|0x000000008ba00000, 0x000000008bb00000, 0x000000008bb00000|100%| E|CS|TAMS 0x000000008ba00000, 0x000000008ba00000| Complete 
| 187|0x000000008bb00000, 0x000000008bc00000, 0x000000008bc00000|100%| E|CS|TAMS 0x000000008bb00000, 0x000000008bb00000| Complete 
| 188|0x000000008bc00000, 0x000000008bd00000, 0x000000008bd00000|100%| E|CS|TAMS 0x000000008bc00000, 0x000000008bc00000| Complete 
| 189|0x000000008bd00000, 0x000000008be00000, 0x000000008be00000|100%| E|CS|TAMS 0x000000008bd00000, 0x000000008bd00000| Complete 
| 190|0x000000008be00000, 0x000000008bf00000, 0x000000008bf00000|100%| E|CS|TAMS 0x000000008be00000, 0x000000008be00000| Complete 
| 191|0x000000008bf00000, 0x000000008c000000, 0x000000008c000000|100%| E|CS|TAMS 0x000000008bf00000, 0x000000008bf00000| Complete 
| 192|0x000000008c000000, 0x000000008c100000, 0x000000008c100000|100%| E|CS|TAMS 0x000000008c000000, 0x000000008c000000| Complete 
| 193|0x000000008c100000, 0x000000008c200000, 0x000000008c200000|100%| E|CS|TAMS 0x000000008c100000, 0x000000008c100000| Complete 
| 194|0x000000008c200000, 0x000000008c300000, 0x000000008c300000|100%| E|CS|TAMS 0x000000008c200000, 0x000000008c200000| Complete 
| 195|0x000000008c300000, 0x000000008c400000, 0x000000008c400000|100%| E|CS|TAMS 0x000000008c300000, 0x000000008c300000| Complete 
| 196|0x000000008c400000, 0x000000008c500000, 0x000000008c500000|100%| E|CS|TAMS 0x000000008c400000, 0x000000008c400000| Complete 
| 197|0x000000008c500000, 0x000000008c600000, 0x000000008c600000|100%| E|CS|TAMS 0x000000008c500000, 0x000000008c500000| Complete 
| 198|0x000000008c600000, 0x000000008c700000, 0x000000008c700000|100%| E|CS|TAMS 0x000000008c600000, 0x000000008c600000| Complete 
| 199|0x000000008c700000, 0x000000008c7a0b08, 0x000000008c800000| 62%| S|CS|TAMS 0x000000008c700000, 0x000000008c700000| Complete 
| 200|0x000000008c800000, 0x000000008c900000, 0x000000008c900000|100%| E|CS|TAMS 0x000000008c800000, 0x000000008c800000| Complete 
| 201|0x000000008c900000, 0x000000008ca00000, 0x000000008ca00000|100%| E|CS|TAMS 0x000000008c900000, 0x000000008c900000| Complete 
| 202|0x000000008ca00000, 0x000000008cb00000, 0x000000008cb00000|100%| E|CS|TAMS 0x000000008ca00000, 0x000000008ca00000| Complete 
| 203|0x000000008cb00000, 0x000000008cc00000, 0x000000008cc00000|100%| E|CS|TAMS 0x000000008cb00000, 0x000000008cb00000| Complete 
| 204|0x000000008cc00000, 0x000000008cd00000, 0x000000008cd00000|100%| E|CS|TAMS 0x000000008cc00000, 0x000000008cc00000| Complete 
| 205|0x000000008cd00000, 0x000000008ce00000, 0x000000008ce00000|100%| E|CS|TAMS 0x000000008cd00000, 0x000000008cd00000| Complete 
| 206|0x000000008ce00000, 0x000000008cf00000, 0x000000008cf00000|100%| E|CS|TAMS 0x000000008ce00000, 0x000000008ce00000| Complete 
| 207|0x000000008cf00000, 0x000000008d000000, 0x000000008d000000|100%| E|CS|TAMS 0x000000008cf00000, 0x000000008cf00000| Complete 
| 208|0x000000008d000000, 0x000000008d100000, 0x000000008d100000|100%| E|CS|TAMS 0x000000008d000000, 0x000000008d000000| Complete 
| 209|0x000000008d100000, 0x000000008d200000, 0x000000008d200000|100%| E|CS|TAMS 0x000000008d100000, 0x000000008d100000| Complete 
| 210|0x000000008d200000, 0x000000008d300000, 0x000000008d300000|100%| E|CS|TAMS 0x000000008d200000, 0x000000008d200000| Complete 
| 211|0x000000008d300000, 0x000000008d400000, 0x000000008d400000|100%| E|CS|TAMS 0x000000008d300000, 0x000000008d300000| Complete 
| 212|0x000000008d400000, 0x000000008d500000, 0x000000008d500000|100%| E|CS|TAMS 0x000000008d400000, 0x000000008d400000| Complete 
| 213|0x000000008d500000, 0x000000008d600000, 0x000000008d600000|100%| E|CS|TAMS 0x000000008d500000, 0x000000008d500000| Complete 
| 214|0x000000008d600000, 0x000000008d700000, 0x000000008d700000|100%| E|CS|TAMS 0x000000008d600000, 0x000000008d600000| Complete 
| 215|0x000000008d700000, 0x000000008d800000, 0x000000008d800000|100%| E|CS|TAMS 0x000000008d700000, 0x000000008d700000| Complete 
| 216|0x000000008d800000, 0x000000008d900000, 0x000000008d900000|100%| E|CS|TAMS 0x000000008d800000, 0x000000008d800000| Complete 
| 217|0x000000008d900000, 0x000000008da00000, 0x000000008da00000|100%| E|CS|TAMS 0x000000008d900000, 0x000000008d900000| Complete 
| 218|0x000000008da00000, 0x000000008db00000, 0x000000008db00000|100%| E|CS|TAMS 0x000000008da00000, 0x000000008da00000| Complete 
| 219|0x000000008db00000, 0x000000008dc00000, 0x000000008dc00000|100%| E|CS|TAMS 0x000000008db00000, 0x000000008db00000| Complete 
| 220|0x000000008dc00000, 0x000000008dd00000, 0x000000008dd00000|100%| E|CS|TAMS 0x000000008dc00000, 0x000000008dc00000| Complete 
| 221|0x000000008dd00000, 0x000000008de00000, 0x000000008de00000|100%| E|CS|TAMS 0x000000008dd00000, 0x000000008dd00000| Complete 
| 222|0x000000008de00000, 0x000000008df00000, 0x000000008df00000|100%| E|CS|TAMS 0x000000008de00000, 0x000000008de00000| Complete 
| 223|0x000000008df00000, 0x000000008e000000, 0x000000008e000000|100%| E|CS|TAMS 0x000000008df00000, 0x000000008df00000| Complete 

Card table byte_map: [0x00000235da3e0000,0x00000235da7e0000] _byte_map_base: 0x00000235d9fe0000

Marking Bits (Prev, Next): (CMBitMap*) 0x00000235c71fb9f0, (CMBitMap*) 0x00000235c71fb9b8
 Prev Bits: [0x00000235dcbe0000, 0x00000235debe0000)
 Next Bits: [0x00000235dabe0000, 0x00000235dcbe0000)

Polling page: 0x00000235c5110000

Metaspace:

Usage:
  Non-class:     96.78 MB capacity,    94.81 MB ( 98%) used,     1.59 MB (  2%) free+waste,   386.69 KB ( <1%) overhead. 
      Class:     15.23 MB capacity,    14.02 MB ( 92%) used,     1.04 MB (  7%) free+waste,   173.63 KB (  1%) overhead. 
       Both:    112.01 MB capacity,   108.83 MB ( 97%) used,     2.63 MB (  2%) free+waste,   560.31 KB ( <1%) overhead. 

Virtual space:
  Non-class space:       98.00 MB reserved,      97.75 MB (>99%) committed 
      Class space:        1.00 GB reserved,      15.85 MB (  2%) committed 
             Both:        1.10 GB reserved,     113.60 MB ( 10%) committed 

Chunk freelists:
   Non-Class:  865.00 KB
       Class:  622.00 KB
        Both:  1.45 MB

MaxMetaspaceSize: 17179869184.00 GB
CompressedClassSpaceSize: 1.00 GB

CodeHeap 'non-profiled nmethods': size=120000Kb used=12397Kb max_used=12903Kb free=107602Kb
 bounds [0x00000235d2780000, 0x00000235d3420000, 0x00000235d9cb0000]
CodeHeap 'profiled nmethods': size=120000Kb used=38364Kb max_used=39551Kb free=81635Kb
 bounds [0x00000235cb250000, 0x00000235cd910000, 0x00000235d2780000]
CodeHeap 'non-nmethods': size=5760Kb used=2332Kb max_used=2419Kb free=3427Kb
 bounds [0x00000235cacb0000, 0x00000235caf20000, 0x00000235cb250000]
 total_blobs=18194 nmethods=17247 adapters=857
 compilation: enabled
              stopped_count=0, restarted_count=0
 full_count=0

Compilation events (20 events):
Event: 798.073 Thread 0x00000235e1f02000 18219       3       java.util.concurrent.locks.ReentrantReadWriteLock::<init> (6 bytes)
Event: 798.074 Thread 0x00000235e1f02000 nmethod 18219 0x00000235cb33af90 code [0x00000235cb33b140, 0x00000235cb33b268]
Event: 798.074 Thread 0x00000235e1f02000 18220   !   3       java.nio.file.Files::isAccessible (14 bytes)
Event: 798.074 Thread 0x00000235e1f02000 nmethod 18220 0x00000235cb375690 code [0x00000235cb375880, 0x00000235cb375c48]
Event: 798.079 Thread 0x00000235e1f02000 18221   !   3       jdk.nio.zipfs.ZipFileSystemProvider::ensureFile (33 bytes)
Event: 798.080 Thread 0x00000235e1f02000 nmethod 18221 0x00000235cb378d90 code [0x00000235cb378fc0, 0x00000235cb379668]
Event: 798.080 Thread 0x00000235e1f02000 18223       3       jdk.nio.zipfs.ZipFileSystem$IndexNode::<init> (20 bytes)
Event: 798.081 Thread 0x00000235e1f02000 nmethod 18223 0x00000235cb362d90 code [0x00000235cb362f60, 0x00000235cb3631c8]
Event: 798.081 Thread 0x00000235e1f02000 18222   !   3       jdk.nio.zipfs.ZipFileSystem::<init> (467 bytes)
Event: 798.090 Thread 0x00000235e1f02000 nmethod 18222 0x00000235cb4ae210 code [0x00000235cb4ae920, 0x00000235cb4b2ee8]
Event: 798.090 Thread 0x00000235e1f02000 18224   !   3       sun.nio.fs.WindowsSecurity::checkAccessMask (87 bytes)
Event: 798.091 Thread 0x00000235e1f02000 nmethod 18224 0x00000235cb374e10 code [0x00000235cb375020, 0x00000235cb375358]
Event: 798.091 Thread 0x00000235e1f02000 18225       3       sun.nio.fs.WindowsFileStore::createFromPath (14 bytes)
Event: 798.092 Thread 0x00000235e1f02000 nmethod 18225 0x00000235cb37e290 code [0x00000235cb37e4a0, 0x00000235cb37e888]
Event: 798.092 Thread 0x00000235e1f02000 18226       3       jdk.nio.zipfs.ZipPath::normalize (99 bytes)
Event: 798.094 Thread 0x00000235e1f02000 nmethod 18226 0x00000235cb381710 code [0x00000235cb381920, 0x00000235cb381f88]
Event: 798.094 Thread 0x00000235e1f02000 18227   !   3       jdk.nio.zipfs.JarFileSystem::isMultiReleaseJar (69 bytes)
Event: 798.095 Thread 0x00000235e1f02000 nmethod 18227 0x00000235cb39fe90 code [0x00000235cb3a0100, 0x00000235cb3a0af8]
Event: 798.259 Thread 0x00000235e2a3b000 18228       4       java.io.FileCleanable::register (49 bytes)
Event: 798.268 Thread 0x00000235e2a3b000 nmethod 18228 0x00000235d281a390 code [0x00000235d281a540, 0x00000235d281a948]

GC Heap History (20 events):
Event: 67.615 GC heap before
{Heap before GC invocations=17 (full 0):
 garbage-first heap   total 229376K, used 181570K [0x0000000080000000, 0x0000000100000000)
  region size 1024K, 103 young (105472K), 7 survivors (7168K)
 Metaspace       used 107479K, capacity 111042K, committed 111204K, reserved 1144832K
  class space    used 14437K, capacity 15862K, committed 15972K, reserved 1048576K
}
Event: 67.639 GC heap after
{Heap after GC invocations=18 (full 0):
 garbage-first heap   total 229376K, used 87782K [0x0000000080000000, 0x0000000100000000)
  region size 1024K, 10 young (10240K), 10 survivors (10240K)
 Metaspace       used 107479K, capacity 111042K, committed 111204K, reserved 1144832K
  class space    used 14437K, capacity 15862K, committed 15972K, reserved 1048576K
}
Event: 68.648 GC heap before
{Heap before GC invocations=19 (full 0):
 garbage-first heap   total 229376K, used 131814K [0x0000000080000000, 0x0000000100000000)
  region size 1024K, 30 young (30720K), 10 survivors (10240K)
 Metaspace       used 108432K, capacity 112052K, committed 112356K, reserved 1144832K
  class space    used 14577K, capacity 16032K, committed 16100K, reserved 1048576K
}
Event: 68.683 GC heap after
{Heap after GC invocations=20 (full 0):
 garbage-first heap   total 229376K, used 113009K [0x0000000080000000, 0x0000000100000000)
  region size 1024K, 6 young (6144K), 6 survivors (6144K)
 Metaspace       used 108432K, capacity 112052K, committed 112356K, reserved 1144832K
  class space    used 14577K, capacity 16032K, committed 16100K, reserved 1048576K
}
Event: 327.618 GC heap before
{Heap before GC invocations=21 (full 0):
 garbage-first heap   total 229376K, used 186737K [0x0000000080000000, 0x0000000100000000)
  region size 1024K, 76 young (77824K), 6 survivors (6144K)
 Metaspace       used 109889K, capacity 113748K, committed 114020K, reserved 1146880K
  class space    used 14667K, capacity 16155K, committed 16228K, reserved 1048576K
}
Event: 327.640 GC heap after
{Heap after GC invocations=22 (full 0):
 garbage-first heap   total 229376K, used 88972K [0x0000000080000000, 0x0000000100000000)
  region size 1024K, 2 young (2048K), 2 survivors (2048K)
 Metaspace       used 109889K, capacity 113748K, committed 114020K, reserved 1146880K
  class space    used 14667K, capacity 16155K, committed 16228K, reserved 1048576K
}
Event: 545.958 GC heap before
{Heap before GC invocations=22 (full 0):
 garbage-first heap   total 229376K, used 180108K [0x0000000080000000, 0x0000000100000000)
  region size 1024K, 90 young (92160K), 2 survivors (2048K)
 Metaspace       used 110504K, capacity 114264K, committed 114532K, reserved 1146880K
  class space    used 14683K, capacity 16180K, committed 16228K, reserved 1048576K
}
Event: 545.983 GC heap after
{Heap after GC invocations=23 (full 0):
 garbage-first heap   total 229376K, used 105881K [0x0000000080000000, 0x0000000100000000)
  region size 1024K, 12 young (12288K), 12 survivors (12288K)
 Metaspace       used 110504K, capacity 114264K, committed 114532K, reserved 1146880K
  class space    used 14683K, capacity 16180K, committed 16228K, reserved 1048576K
}
Event: 547.123 GC heap before
{Heap before GC invocations=23 (full 0):
 garbage-first heap   total 229376K, used 155033K [0x0000000080000000, 0x0000000100000000)
  region size 1024K, 54 young (55296K), 12 survivors (12288K)
 Metaspace       used 110977K, capacity 114797K, committed 115044K, reserved 1148928K
  class space    used 14709K, capacity 16216K, committed 16228K, reserved 1048576K
}
Event: 547.155 GC heap after
{Heap after GC invocations=24 (full 0):
 garbage-first heap   total 229376K, used 114780K [0x0000000080000000, 0x0000000100000000)
  region size 1024K, 3 young (3072K), 3 survivors (3072K)
 Metaspace       used 110977K, capacity 114797K, committed 115044K, reserved 1148928K
  class space    used 14709K, capacity 16216K, committed 16228K, reserved 1048576K
}
Event: 642.153 GC heap before
{Heap before GC invocations=25 (full 0):
 garbage-first heap   total 229376K, used 193628K [0x0000000080000000, 0x0000000100000000)
  region size 1024K, 62 young (63488K), 3 survivors (3072K)
 Metaspace       used 110201K, capacity 113359K, committed 115300K, reserved 1148928K
  class space    used 14323K, capacity 15530K, committed 16228K, reserved 1048576K
}
Event: 642.169 GC heap after
{Heap after GC invocations=26 (full 0):
 garbage-first heap   total 229376K, used 111382K [0x0000000080000000, 0x0000000100000000)
  region size 1024K, 8 young (8192K), 8 survivors (8192K)
 Metaspace       used 110201K, capacity 113359K, committed 115300K, reserved 1148928K
  class space    used 14323K, capacity 15530K, committed 16228K, reserved 1048576K
}
Event: 713.028 GC heap before
{Heap before GC invocations=26 (full 0):
 garbage-first heap   total 229376K, used 168726K [0x0000000080000000, 0x0000000100000000)
  region size 1024K, 66 young (67584K), 8 survivors (8192K)
 Metaspace       used 110464K, capacity 113579K, committed 115556K, reserved 1148928K
  class space    used 14327K, capacity 15535K, committed 16228K, reserved 1048576K
}
Event: 713.058 GC heap after
{Heap after GC invocations=27 (full 0):
 garbage-first heap   total 229376K, used 113069K [0x0000000080000000, 0x0000000100000000)
  region size 1024K, 7 young (7168K), 7 survivors (7168K)
 Metaspace       used 110464K, capacity 113579K, committed 115556K, reserved 1148928K
  class space    used 14327K, capacity 15535K, committed 16228K, reserved 1048576K
}
Event: 714.696 GC heap before
{Heap before GC invocations=28 (full 0):
 garbage-first heap   total 229376K, used 176557K [0x0000000080000000, 0x0000000100000000)
  region size 1024K, 70 young (71680K), 7 survivors (7168K)
 Metaspace       used 110728K, capacity 113846K, committed 115812K, reserved 1148928K
  class space    used 14327K, capacity 15536K, committed 16228K, reserved 1048576K
}
Event: 714.709 GC heap after
{Heap after GC invocations=29 (full 0):
 garbage-first heap   total 229376K, used 113211K [0x0000000080000000, 0x0000000100000000)
  region size 1024K, 3 young (3072K), 3 survivors (3072K)
 Metaspace       used 110728K, capacity 113846K, committed 115812K, reserved 1148928K
  class space    used 14327K, capacity 15536K, committed 16228K, reserved 1048576K
}
Event: 714.796 GC heap before
{Heap before GC invocations=29 (full 0):
 garbage-first heap   total 229376K, used 120379K [0x0000000080000000, 0x0000000100000000)
  region size 1024K, 11 young (11264K), 3 survivors (3072K)
 Metaspace       used 110834K, capacity 113988K, committed 115812K, reserved 1148928K
  class space    used 14328K, capacity 15537K, committed 16228K, reserved 1048576K
}
Event: 714.804 GC heap after
{Heap after GC invocations=30 (full 0):
 garbage-first heap   total 229376K, used 103700K [0x0000000080000000, 0x0000000100000000)
  region size 1024K, 1 young (1024K), 1 survivors (1024K)
 Metaspace       used 110834K, capacity 113988K, committed 115812K, reserved 1148928K
  class space    used 14328K, capacity 15537K, committed 16228K, reserved 1048576K
}
Event: 715.439 GC heap before
{Heap before GC invocations=30 (full 0):
 garbage-first heap   total 229376K, used 125204K [0x0000000080000000, 0x0000000100000000)
  region size 1024K, 24 young (24576K), 1 survivors (1024K)
 Metaspace       used 111025K, capacity 114196K, committed 116068K, reserved 1148928K
  class space    used 14329K, capacity 15540K, committed 16228K, reserved 1048576K
}
Event: 715.444 GC heap after
{Heap after GC invocations=31 (full 0):
 garbage-first heap   total 229376K, used 103629K [0x0000000080000000, 0x0000000100000000)
  region size 1024K, 1 young (1024K), 1 survivors (1024K)
 Metaspace       used 111025K, capacity 114196K, committed 116068K, reserved 1148928K
  class space    used 14329K, capacity 15540K, committed 16228K, reserved 1048576K
}

Deoptimization events (20 events):
Event: 715.548 Thread 0x00000235e582f000 DEOPT PACKING pc=0x00000235cbe37034 sp=0x00000085d65fce90
Event: 715.548 Thread 0x00000235e582f000 DEOPT UNPACKING pc=0x00000235cacd76ce sp=0x00000085d65fc350 mode 0
Event: 715.550 Thread 0x00000235e582f000 DEOPT PACKING pc=0x00000235cbe367a2 sp=0x00000085d65fce40
Event: 715.550 Thread 0x00000235e582f000 DEOPT UNPACKING pc=0x00000235cacd76ce sp=0x00000085d65fc2b8 mode 0
Event: 715.551 Thread 0x00000235e582f000 DEOPT PACKING pc=0x00000235cbe37034 sp=0x00000085d65fce90
Event: 715.551 Thread 0x00000235e582f000 DEOPT UNPACKING pc=0x00000235cacd76ce sp=0x00000085d65fc350 mode 0
Event: 715.552 Thread 0x00000235e582f000 DEOPT PACKING pc=0x00000235cbe367a2 sp=0x00000085d65fce40
Event: 715.552 Thread 0x00000235e582f000 DEOPT UNPACKING pc=0x00000235cacd76ce sp=0x00000085d65fc2b8 mode 0
Event: 715.553 Thread 0x00000235e582f000 DEOPT PACKING pc=0x00000235cbe37034 sp=0x00000085d65fce90
Event: 715.553 Thread 0x00000235e582f000 DEOPT UNPACKING pc=0x00000235cacd76ce sp=0x00000085d65fc350 mode 0
Event: 715.555 Thread 0x00000235e582f000 DEOPT PACKING pc=0x00000235cbe367a2 sp=0x00000085d65fce40
Event: 715.555 Thread 0x00000235e582f000 DEOPT UNPACKING pc=0x00000235cacd76ce sp=0x00000085d65fc2b8 mode 0
Event: 715.556 Thread 0x00000235e582f000 DEOPT PACKING pc=0x00000235cbe37034 sp=0x00000085d65fce90
Event: 715.556 Thread 0x00000235e582f000 DEOPT UNPACKING pc=0x00000235cacd76ce sp=0x00000085d65fc350 mode 0
Event: 715.557 Thread 0x00000235e582f000 DEOPT PACKING pc=0x00000235cbe367a2 sp=0x00000085d65fce40
Event: 715.557 Thread 0x00000235e582f000 DEOPT UNPACKING pc=0x00000235cacd76ce sp=0x00000085d65fc2b8 mode 0
Event: 796.529 Thread 0x00000235e582b000 DEOPT PACKING pc=0x00000235cb7fbf11 sp=0x00000085d29fbf60
Event: 796.529 Thread 0x00000235e582b000 DEOPT UNPACKING pc=0x00000235cacd76ce sp=0x00000085d29fb438 mode 0
Event: 796.940 Thread 0x00000235e582b000 DEOPT PACKING pc=0x00000235cbfba152 sp=0x00000085d29f93d0
Event: 796.940 Thread 0x00000235e582b000 DEOPT UNPACKING pc=0x00000235cacd76ce sp=0x00000085d29f87e8 mode 0

Classes redefined (0 events):
No events

Internal exceptions (20 events):
Event: 714.716 Thread 0x00000235e459d800 Exception <a 'sun/nio/fs/WindowsException'{0x000000008dfe3388}> (0x000000008dfe3388) thrown at [./src/hotspot/share/prims/jni.cpp, line 615]
Event: 714.717 Thread 0x00000235e459e000 Exception <a 'sun/nio/fs/WindowsException'{0x000000008dff0830}> (0x000000008dff0830) thrown at [./src/hotspot/share/prims/jni.cpp, line 615]
Event: 714.728 Thread 0x00000235e5822000 Exception <a 'sun/nio/fs/WindowsException'{0x000000008dd06888}> (0x000000008dd06888) thrown at [./src/hotspot/share/prims/jni.cpp, line 615]
Event: 714.739 Thread 0x00000235e459f000 Exception <a 'sun/nio/fs/WindowsException'{0x000000008dce7948}> (0x000000008dce7948) thrown at [./src/hotspot/share/prims/jni.cpp, line 615]
Event: 714.772 Thread 0x00000235e459d800 Exception <a 'sun/nio/fs/WindowsException'{0x000000008d9f4150}> (0x000000008d9f4150) thrown at [./src/hotspot/share/prims/jni.cpp, line 615]
Event: 714.775 Thread 0x00000235e459f000 Exception <a 'sun/nio/fs/WindowsException'{0x000000008d9ff980}> (0x000000008d9ff980) thrown at [./src/hotspot/share/prims/jni.cpp, line 615]
Event: 714.807 Thread 0x00000235e459e000 Exception <a 'sun/nio/fs/WindowsException'{0x000000008df66118}> (0x000000008df66118) thrown at [./src/hotspot/share/prims/jni.cpp, line 615]
Event: 714.871 Thread 0x00000235e5822000 Exception <a 'sun/nio/fs/WindowsException'{0x000000008dd14e18}> (0x000000008dd14e18) thrown at [./src/hotspot/share/prims/jni.cpp, line 615]
Event: 714.973 Thread 0x00000235e582f000 Exception <a 'sun/nio/fs/WindowsException'{0x000000008dba4d18}> (0x000000008dba4d18) thrown at [./src/hotspot/share/prims/jni.cpp, line 615]
Event: 715.048 Thread 0x00000235e582f000 Exception <a 'sun/nio/fs/WindowsException'{0x000000008d9c6e38}> (0x000000008d9c6e38) thrown at [./src/hotspot/share/prims/jni.cpp, line 615]
Event: 796.926 Thread 0x00000235e582b000 Exception <a 'sun/nio/fs/WindowsException'{0x000000008c94f000}> (0x000000008c94f000) thrown at [./src/hotspot/share/prims/jni.cpp, line 615]
Event: 797.015 Thread 0x00000235e582b000 Exception <a 'java/lang/NoClassDefFoundError'{0x000000008c575b10}: org/jetbrains/kotlin/gradle/plugin/KotlinBasePluginWrapper> (0x000000008c575b10) thrown at [./src/hotspot/share/oops/constantPool.cpp, line 775]
Event: 797.043 Thread 0x00000235e582b000 Exception <a 'sun/nio/fs/WindowsException'{0x000000008c474de8}> (0x000000008c474de8) thrown at [./src/hotspot/share/prims/jni.cpp, line 615]
Event: 797.057 Thread 0x00000235e582b000 Exception <a 'sun/nio/fs/WindowsException'{0x000000008c31adc8}> (0x000000008c31adc8) thrown at [./src/hotspot/share/prims/jni.cpp, line 615]
Event: 797.057 Thread 0x00000235e582b000 Exception <a 'sun/nio/fs/WindowsException'{0x000000008c31be98}> (0x000000008c31be98) thrown at [./src/hotspot/share/prims/jni.cpp, line 615]
Event: 797.058 Thread 0x00000235e582b000 Exception <a 'sun/nio/fs/WindowsException'{0x000000008c31cfb8}> (0x000000008c31cfb8) thrown at [./src/hotspot/share/prims/jni.cpp, line 615]
Event: 797.058 Thread 0x00000235e582b000 Exception <a 'sun/nio/fs/WindowsException'{0x000000008c31e378}> (0x000000008c31e378) thrown at [./src/hotspot/share/prims/jni.cpp, line 615]
Event: 798.033 Thread 0x00000235e7dcb000 Exception <a 'sun/nio/fs/WindowsException'{0x000000008a602a58}> (0x000000008a602a58) thrown at [./src/hotspot/share/prims/jni.cpp, line 615]
Event: 798.046 Thread 0x00000235e7dcb000 Exception <a 'sun/nio/fs/WindowsException'{0x000000008a6d9408}> (0x000000008a6d9408) thrown at [./src/hotspot/share/prims/jni.cpp, line 615]
Event: 798.046 Thread 0x00000235e7dcb000 Exception <a 'sun/nio/fs/WindowsException'{0x000000008a6d9510}> (0x000000008a6d9510) thrown at [./src/hotspot/share/prims/jni.cpp, line 615]

Events (20 events):
Event: 797.556 Executing VM operation: RevokeBias done
Event: 797.556 Executing VM operation: RevokeBias
Event: 797.557 Executing VM operation: RevokeBias done
Event: 797.557 Executing VM operation: RevokeBias
Event: 797.557 Executing VM operation: RevokeBias done
Event: 797.559 Executing VM operation: RevokeBias
Event: 797.559 Executing VM operation: RevokeBias done
Event: 797.560 Executing VM operation: RevokeBias
Event: 797.560 Executing VM operation: RevokeBias done
Event: 797.560 Executing VM operation: RevokeBias
Event: 797.560 Executing VM operation: RevokeBias done
Event: 797.561 Executing VM operation: RevokeBias
Event: 797.561 Executing VM operation: RevokeBias done
Event: 797.561 Executing VM operation: BulkRevokeBias
Event: 797.563 Executing VM operation: BulkRevokeBias done
Event: 797.584 Executing VM operation: RevokeBias
Event: 797.585 Executing VM operation: RevokeBias done
Event: 797.643 Executing VM operation: RevokeBias
Event: 797.644 Executing VM operation: RevokeBias done
Event: 797.680 Thread 0x00000235e4591000 Thread added: 0x00000235e4591000


Dynamic libraries:
0x00007ff658ba0000 - 0x00007ff658baa000 	C:\Program Files\Android\Android Studio\jre\bin\java.exe
0x00007fffbd990000 - 0x00007fffbdb85000 	C:\WINDOWS\SYSTEM32\ntdll.dll
0x00007fffbc750000 - 0x00007fffbc80e000 	C:\WINDOWS\System32\KERNEL32.DLL
0x00007fffbb540000 - 0x00007fffbb808000 	C:\WINDOWS\System32\KERNELBASE.dll
0x00007fffbb440000 - 0x00007fffbb540000 	C:\WINDOWS\System32\ucrtbase.dll
0x00007fffa5a40000 - 0x00007fffa5a57000 	C:\Program Files\Android\Android Studio\jre\bin\VCRUNTIME140.dll
0x00007fffa5840000 - 0x00007fffa5859000 	C:\Program Files\Android\Android Studio\jre\bin\jli.dll
0x00007fffbd200000 - 0x00007fffbd3a1000 	C:\WINDOWS\System32\USER32.dll
0x00007fffba420000 - 0x00007fffba6ba000 	C:\WINDOWS\WinSxS\amd64_microsoft.windows.common-controls_6595b64144ccf1df_6.0.19041.1110_none_60b5254171f9507e\COMCTL32.dll
0x00007fffbb9b0000 - 0x00007fffbb9d2000 	C:\WINDOWS\System32\win32u.dll
0x00007fffbcb60000 - 0x00007fffbcbfe000 	C:\WINDOWS\System32\msvcrt.dll
0x00007fffbc1b0000 - 0x00007fffbc1db000 	C:\WINDOWS\System32\GDI32.dll
0x00007fffbb810000 - 0x00007fffbb91b000 	C:\WINDOWS\System32\gdi32full.dll
0x00007fffbb370000 - 0x00007fffbb40d000 	C:\WINDOWS\System32\msvcp_win.dll
0x00007fffbc180000 - 0x00007fffbc1b0000 	C:\WINDOWS\System32\IMM32.DLL
0x00007fff6ae70000 - 0x00007fff6af0d000 	C:\Program Files\Android\Android Studio\jre\bin\msvcp140.dll
0x00007fff61c80000 - 0x00007fff6274f000 	C:\Program Files\Android\Android Studio\jre\bin\server\jvm.dll
0x00007fffbc6a0000 - 0x00007fffbc74c000 	C:\WINDOWS\System32\ADVAPI32.dll
0x00007fffbcde0000 - 0x00007fffbce7b000 	C:\WINDOWS\System32\sechost.dll
0x00007fffbcc00000 - 0x00007fffbcd2a000 	C:\WINDOWS\System32\RPCRT4.dll
0x00007fffbc1e0000 - 0x00007fffbc1e8000 	C:\WINDOWS\System32\PSAPI.DLL
0x00007fffb1eb0000 - 0x00007fffb1ed7000 	C:\WINDOWS\SYSTEM32\WINMM.dll
0x00007fffb6540000 - 0x00007fffb6549000 	C:\WINDOWS\SYSTEM32\WSOCK32.dll
0x00007fffbc810000 - 0x00007fffbc87b000 	C:\WINDOWS\System32\WS2_32.dll
0x00007fffb1ea0000 - 0x00007fffb1eaa000 	C:\WINDOWS\SYSTEM32\VERSION.dll
0x00007fffb8880000 - 0x00007fffb8892000 	C:\WINDOWS\SYSTEM32\kernel.appcore.dll
0x00007fff6faf0000 - 0x00007fff6fb01000 	C:\Program Files\Android\Android Studio\jre\bin\verify.dll
0x00007fffba830000 - 0x00007fffbaa14000 	C:\WINDOWS\SYSTEM32\DBGHELP.DLL
0x00007fffba800000 - 0x00007fffba82c000 	C:\WINDOWS\SYSTEM32\dbgcore.DLL
0x00007fffbb920000 - 0x00007fffbb9a3000 	C:\WINDOWS\System32\bcryptPrimitives.dll
0x00007fff6fac0000 - 0x00007fff6fae9000 	C:\Program Files\Android\Android Studio\jre\bin\java.dll
0x00007fffb39d0000 - 0x00007fffb39db000 	C:\Program Files\Android\Android Studio\jre\bin\jimage.dll
0x00007fff6faa0000 - 0x00007fff6fab8000 	C:\Program Files\Android\Android Studio\jre\bin\zip.dll
0x00007fffbba40000 - 0x00007fffbc17f000 	C:\WINDOWS\System32\SHELL32.dll
0x00007fffb8b60000 - 0x00007fffb92f0000 	C:\WINDOWS\SYSTEM32\windows.storage.dll
0x00007fffbc1f0000 - 0x00007fffbc545000 	C:\WINDOWS\System32\combase.dll
0x00007fffba3b0000 - 0x00007fffba3de000 	C:\WINDOWS\SYSTEM32\Wldp.dll
0x00007fffbcd30000 - 0x00007fffbcddd000 	C:\WINDOWS\System32\SHCORE.dll
0x00007fffbb9e0000 - 0x00007fffbba35000 	C:\WINDOWS\System32\shlwapi.dll
0x00007fffbaff0000 - 0x00007fffbb00f000 	C:\WINDOWS\SYSTEM32\profapi.dll
0x00007fff6fa80000 - 0x00007fff6fa9a000 	C:\Program Files\Android\Android Studio\jre\bin\net.dll
0x00007fffac850000 - 0x00007fffac95c000 	C:\WINDOWS\SYSTEM32\WINHTTP.dll
0x00007fffba280000 - 0x00007fffba2ea000 	C:\WINDOWS\system32\mswsock.dll
0x00007fff69de0000 - 0x00007fff69df4000 	C:\Program Files\Android\Android Studio\jre\bin\nio.dll
0x00007fffa5890000 - 0x00007fffa58b7000 	C:\Users\jeffe\.gradle\native\8bec1ad78214c89d9ad589b4d07fe93259594b29d510b10fafb7a158f7737e5d\windows-amd64\native-platform.dll
0x00007fff67640000 - 0x00007fff6777d000 	C:\Users\jeffe\.gradle\native\53dbd7edfb1c66fb8903c78663c9afc45aea4f116125fa6feffd364cf09443e8\windows-amd64\native-platform-file-events.dll
0x00007fff871f0000 - 0x00007fff871fa000 	C:\Program Files\Android\Android Studio\jre\bin\management.dll
0x00007fff86fd0000 - 0x00007fff86fdc000 	C:\Program Files\Android\Android Studio\jre\bin\management_ext.dll
0x00007fffbad60000 - 0x00007fffbad78000 	C:\WINDOWS\SYSTEM32\CRYPTSP.dll
0x00007fffb9ab0000 - 0x00007fffb9ae4000 	C:\WINDOWS\system32\rsaenh.dll
0x00007fffbb410000 - 0x00007fffbb437000 	C:\WINDOWS\System32\bcrypt.dll
0x00007fffbafb0000 - 0x00007fffbafde000 	C:\WINDOWS\SYSTEM32\USERENV.dll
0x00007fffba370000 - 0x00007fffba37c000 	C:\WINDOWS\SYSTEM32\CRYPTBASE.dll
0x00007fffb9e00000 - 0x00007fffb9e3b000 	C:\WINDOWS\SYSTEM32\IPHLPAPI.DLL
0x00007fffbcfb0000 - 0x00007fffbcfb8000 	C:\WINDOWS\System32\NSI.dll
0x00007fffb4990000 - 0x00007fffb49a7000 	C:\WINDOWS\SYSTEM32\dhcpcsvc6.DLL
0x00007fffb47f0000 - 0x00007fffb480d000 	C:\WINDOWS\SYSTEM32\dhcpcsvc.DLL
0x00007fffb9e40000 - 0x00007fffb9f0b000 	C:\WINDOWS\SYSTEM32\DNSAPI.dll
0x00007fff6f700000 - 0x00007fff6f727000 	C:\Program Files\Android\Android Studio\jre\bin\sunec.dll

dbghelp: loaded successfully - version: 4.0.5 - missing functions: none
symbol engine: initialized successfully - sym options: 0x614 - pdb path: .;C:\Program Files\Android\Android Studio\jre\bin;C:\WINDOWS\SYSTEM32;C:\WINDOWS\WinSxS\amd64_microsoft.windows.common-controls_6595b64144ccf1df_6.0.19041.1110_none_60b5254171f9507e;C:\Program Files\Android\Android Studio\jre\bin\server;C:\Users\jeffe\.gradle\native\8bec1ad78214c89d9ad589b4d07fe93259594b29d510b10fafb7a158f7737e5d\windows-amd64;C:\Users\jeffe\.gradle\native\53dbd7edfb1c66fb8903c78663c9afc45aea4f116125fa6feffd364cf09443e8\windows-amd64

VM Arguments:
jvm_args: --add-opens=java.base/java.util=ALL-UNNAMED --add-opens=java.base/java.lang=ALL-UNNAMED --add-opens=java.base/java.lang.invoke=ALL-UNNAMED --add-opens=java.base/java.util=ALL-UNNAMED --add-opens=java.prefs/java.util.prefs=ALL-UNNAMED --add-opens=java.prefs/java.util.prefs=ALL-UNNAMED --add-opens=java.base/java.nio.charset=ALL-UNNAMED --add-opens=java.base/java.net=ALL-UNNAMED --add-opens=java.base/java.util.concurrent.atomic=ALL-UNNAMED -Xmx2048m -Dfile.encoding=UTF-8 -Duser.country=PH -Duser.language=en -Duser.variant 
java_command: org.gradle.launcher.daemon.bootstrap.GradleDaemon 7.0.2
java_class_path (initial): C:\Users\jeffe\.gradle\wrapper\dists\gradle-7.0.2-bin\857tjihv64xamwrf0h14cai3r\gradle-7.0.2\lib\gradle-launcher-7.0.2.jar
Launcher Type: SUN_STANDARD

[Global flags]
     intx CICompilerCount                          = 4                                         {product} {ergonomic}
     uint ConcGCThreads                            = 2                                         {product} {ergonomic}
     uint G1ConcRefinementThreads                  = 8                                         {product} {ergonomic}
   size_t G1HeapRegionSize                         = 1048576                                   {product} {ergonomic}
    uintx GCDrainStackTargetSize                   = 64                                        {product} {ergonomic}
   size_t InitialHeapSize                          = 234881024                                 {product} {ergonomic}
   size_t MarkStackSize                            = 4194304                                   {product} {ergonomic}
   size_t MaxHeapSize                              = 2147483648                                {product} {command line}
   size_t MaxNewSize                               = 1287651328                                {product} {ergonomic}
   size_t MinHeapDeltaBytes                        = 1048576                                   {product} {ergonomic}
    uintx NonNMethodCodeHeapSize                   = 5836300                                {pd product} {ergonomic}
    uintx NonProfiledCodeHeapSize                  = 122910970                              {pd product} {ergonomic}
    uintx ProfiledCodeHeapSize                     = 122910970                              {pd product} {ergonomic}
    uintx ReservedCodeCacheSize                    = 251658240                              {pd product} {ergonomic}
     bool SegmentedCodeCache                       = true                                      {product} {ergonomic}
     bool UseCompressedClassPointers               = true                                 {lp64_product} {ergonomic}
     bool UseCompressedOops                        = true                                 {lp64_product} {ergonomic}
     bool UseG1GC                                  = true                                      {product} {ergonomic}
     bool UseLargePagesIndividualAllocation        = false                                  {pd product} {ergonomic}

Logging:
Log output configuration:
 #0: stdout all=warning uptime,level,tags
 #1: stderr all=off uptime,level,tags

Environment Variables:
JAVA_HOME=C:\Program Files\Java\jdk-13.0.2
PATH=C:\Program Files (x86)\Razer Chroma SDK\bin;C:\Program Files\Razer Chroma SDK\bin;C:\Program Files (x86)\Razer\ChromaBroadcast\bin;C:\Program Files\Razer\ChromaBroadcast\bin;C:\WINDOWS\system32;C:\WINDOWS;C:\WINDOWS\System32\Wbem;C:\WINDOWS\System32\WindowsPowerShell\v1.0\;C:\WINDOWS\System32\OpenSSH\;C:\Program Files\Java\jdk-13.0.2\bin;C:\Program Files\MySQL\MySQL Server 5.5\bin;C:\WINDOWS\system32\config\systemprofile\AppData\Local\Microsoft\WindowsApps;C:\Users\jeffe\AppData\Local\Microsoft\WindowsApps;C:\Program Files\MySQL\MySQL Shell 8.0\bin\;C:\Users\jeffe\AppData\Local\Microsoft\WindowsApps;
USERNAME=jeffe
OS=Windows_NT
PROCESSOR_IDENTIFIER=AMD64 Family 23 Model 24 Stepping 1, AuthenticAMD



---------------  S Y S T E M  ---------------

OS: Windows 10 , 64 bit Build 19041 (10.0.19041.1320)
OS uptime: 0 days 1:14 hours

CPU:total 8 (initial active 8) (8 cores per cpu, 2 threads per core) family 23 model 24 stepping 1 microcode 0x0, cmov, cx8, fxsr, mmx, sse, sse2, sse3, ssse3, sse4.1, sse4.2, popcnt, avx, avx2, aes, clmul, mmxext, 3dnowpref, lzcnt, sse4a, ht, tsc, tscinvbit, tscinv, bmi1, bmi2, adx, s

Memory: 4k page, system-wide physical 14274M (7608M free)
TotalPageFile size 16450M (AvailPageFile size 7329M)
current process WorkingSet (physical memory assigned to process): 564M, peak: 572M
current process commit charge ("private bytes"): 599M, peak: 610M

vm_info: OpenJDK 64-Bit Server VM (11.0.10+0-b96-7249189) for windows-amd64 JRE (11.0.10+0-b96-7249189), built on Mar 31 2021 21:44:00 by "builder" with MS VC++ 14.0 (VS2015)

END.
