#
# A fatal error has been detected by the Java Runtime Environment:
#
#  EXCEPTION_ACCESS_VIOLATION (0xc0000005) at pc=0x00007fff89bf0aa0, pid=14764, tid=3500
#
# JRE version: Java(TM) SE Runtime Environment (13.0.2+8) (build 13.0.2+8)
# Java VM: Java HotSpot(TM) 64-Bit Server VM (13.0.2+8, mixed mode, sharing, tiered, compressed oops, g1 gc, windows-amd64)
# Problematic frame:
# V  [jvm.dll+0x360aa0]
#
# No core dump will be written. Minidumps are not enabled by default on client versions of Windows
#
# If you would like to submit a bug report, please visit:
#   http://bugreport.java.com/bugreport/crash.jsp
#

---------------  S U M M A R Y ------------

Command Line: --add-opens=java.base/java.util=ALL-UNNAMED --add-opens=java.base/java.lang=ALL-UNNAMED --add-opens=java.base/java.lang.invoke=ALL-UNNAMED --add-opens=java.base/java.util=ALL-UNNAMED --add-opens=java.prefs/java.util.prefs=ALL-UNNAMED --add-opens=java.prefs/java.util.prefs=ALL-UNNAMED --add-opens=java.base/java.nio.charset=ALL-UNNAMED --add-opens=java.base/java.net=ALL-UNNAMED --add-opens=java.base/java.util.concurrent.atomic=ALL-UNNAMED -Xmx2048m -Dfile.encoding=UTF-8 -Duser.country=PH -Duser.language=en -Duser.variant org.gradle.launcher.daemon.bootstrap.GradleDaemon 7.3.2

Host: AMD Ryzen 5 3550H with Radeon Vega Mobile Gfx  , 8 cores, 13G,  Windows 10 , 64 bit Build 19041 (10.0.19041.1348)
Time: Mon Jan  3 20:59:26 2022 Malay Peninsula Standard Time elapsed time: 4 seconds (0d 0h 0m 4s)

---------------  T H R E A D  ---------------

Current thread (0x0000013b2cfea000):  JavaThread "C2 CompilerThread0" daemon [_thread_in_native, id=3500, stack(0x000000247a500000,0x000000247a600000)]


Current CompileTask:
C2:   4924 1932   !   4       java.lang.ClassLoader::loadClass (122 bytes)

Stack: [0x000000247a500000,0x000000247a600000],  sp=0x000000247a5fb760,  free space=1005k
Native frames: (J=compiled Java code, j=interpreted, Vv=VM code, C=native code)
V  [jvm.dll+0x360aa0]
V  [jvm.dll+0x35a421]
V  [jvm.dll+0x19f13d]
V  [jvm.dll+0x205d36]
V  [jvm.dll+0x204e3f]
V  [jvm.dll+0x189c2c]
V  [jvm.dll+0x213e6d]
V  [jvm.dll+0x2120bb]
V  [jvm.dll+0x736bb6]
V  [jvm.dll+0x72fcaa]
V  [jvm.dll+0x623ea6]
C  [ucrtbase.dll+0x21bb2]
C  [KERNEL32.DLL+0x17034]
C  [ntdll.dll+0x52651]


siginfo: EXCEPTION_ACCESS_VIOLATION (0xc0000005), reading address 0x00007dff8a30ac00


Register to memory mapping:

RIP=0x00007fff89bf0aa0 jvm.dll
RAX=0x0 is NULL
RBX=0x0000000000000035 is an unknown value
RCX=0x0 is NULL
RDX=0x0000000000000008 is an unknown value
RSP=0x000000247a5fb760 is pointing into the stack for thread: 0x0000013b2cfea000
RBP=0x0000000000000008 is an unknown value
RSI=0x00007fff8a30ac00 jvm.dll
RDI=0x0000013b2c7d3da0 points into unknown readable memory: 60 a7 7d 2c 3b 01 00 00
R8 =0x00007dff8a30ac00 is an unknown value
R9 =0x000000247a5fb7b0 is pointing into the stack for thread: 0x0000013b2cfea000
R10=0x0000000000000035 is an unknown value
R11=0x000000247a5fb6c0 is pointing into the stack for thread: 0x0000013b2cfea000
R12=0x0000013b2d08ef78 points into unknown readable memory: cb 08 c3 5f 00 06 00 88
R13=0x00000000000003d8 is an unknown value
R14=0x0 is NULL
R15=0x00007fff8a30ac00 jvm.dll


Registers:
RAX=0x0000000000000000, RBX=0x0000000000000035, RCX=0x0000000000000000, RDX=0x0000000000000008
RSP=0x000000247a5fb760, RBP=0x0000000000000008, RSI=0x00007fff8a30ac00, RDI=0x0000013b2c7d3da0
R8 =0x00007dff8a30ac00, R9 =0x000000247a5fb7b0, R10=0x0000000000000035, R11=0x000000247a5fb6c0
R12=0x0000013b2d08ef78, R13=0x00000000000003d8, R14=0x0000000000000000, R15=0x00007fff8a30ac00
RIP=0x00007fff89bf0aa0, EFLAGS=0x0000000000010246

Top of Stack: (sp=0x000000247a5fb760)
0x000000247a5fb760:   000000247a5f0000 0000000000000000
0x000000247a5fb770:   0000000000000838 0000013b2c7cde00
0x000000247a5fb780:   00000000000031a0 00007fff89bea421
0x000000247a5fb790:   0000013b3179f3b0 000000247a5fb8d0
0x000000247a5fb7a0:   00000000000031a0 00007fff8a115e30
0x000000247a5fb7b0:   0000319f00000000 0000013b00000005
0x000000247a5fb7c0:   00007dff8a30ac00 0000000000000032
0x000000247a5fb7d0:   0000013b2f7565d0 000000000000003f
0x000000247a5fb7e0:   0000013b3179f450 0000000000000000
0x000000247a5fb7f0:   0000013b2d08eb90 0000000000000000
0x000000247a5fb800:   000000247a5fb910 00007fff89a2f13d
0x000000247a5fb810:   000000247a5fbc70 000000247a5fbd50
0x000000247a5fb820:   0000013b2d08eba0 0000013b00000000
0x000000247a5fb830:   000000000000f500 0000000000000000
0x000000247a5fb840:   0000002400000006 0000013b2d08eb90
0x000000247a5fb850:   0000013b30b345c0 0000013b30b3abd0 

Instructions: (pc=0x00007fff89bf0aa0)
0x00007fff89bf09a0:   58 4c 8b 64 24 50 48 8b c3 48 83 c4 20 41 5f 5f
0x00007fff89bf09b0:   5e 5d 5b c3 cc cc cc cc cc cc cc cc cc cc cc cc
0x00007fff89bf09c0:   8b 02 45 33 c0 44 89 01 c7 41 08 08 00 00 00 85
0x00007fff89bf09d0:   c0 75 12 c7 41 18 01 00 00 00 48 8b c1 c7 41 28
0x00007fff89bf09e0:   01 00 00 00 c3 44 89 41 04 44 89 41 18 8b 82 90
0x00007fff89bf09f0:   00 00 00 89 41 28 4c 89 41 10 48 8b 42 08 48 89
0x00007fff89bf0a00:   41 20 48 8b c1 48 89 51 30 c3 cc cc cc cc cc cc
0x00007fff89bf0a10:   48 83 ec 28 4c 8b c9 8b 49 08 83 f9 08 73 1c 4d
0x00007fff89bf0a20:   8b 51 10 44 8b c1 8d 51 01 43 83 3c 82 00 0f 85
0x00007fff89bf0a30:   0d 01 00 00 8b ca 83 fa 08 72 e8 45 8b 51 18 41
0x00007fff89bf0a40:   8b 41 28 48 89 5c 24 30 48 89 6c 24 38 48 89 74
0x00007fff89bf0a50:   24 40 48 89 7c 24 20 44 3b d0 0f 83 ba 00 00 00
0x00007fff89bf0a60:   8b 0d 2e 4d 76 00 48 8d 35 93 a1 71 00 65 48 8b
0x00007fff89bf0a70:   04 25 58 00 00 00 bd 08 00 00 00 48 8d 3c c8 90
0x00007fff89bf0a80:   49 8b 41 20 41 8b da 4c 8b 04 d8 4c 3b c6 74 7a
0x00007fff89bf0a90:   33 c0 4d 89 41 10 33 c9 0f 1f 84 00 00 00 00 00
0x00007fff89bf0aa0:   42 83 3c 01 00 8d 50 01 0f 85 be 00 00 00 48 83
0x00007fff89bf0ab0:   c1 04 8b c2 83 fa 08 72 e7 4d 8b 59 30 4d 85 db
0x00007fff89bf0ac0:   74 48 49 8b 43 08 8b d5 48 03 17 4c 8b 04 d8 48
0x00007fff89bf0ad0:   8b 02 48 8b 88 a8 04 00 00 48 8b 81 88 00 00 00
0x00007fff89bf0ae0:   48 8b 88 a0 08 00 00 49 89 08 48 8b 02 48 8b 88
0x00007fff89bf0af0:   a8 04 00 00 48 8b 81 88 00 00 00 4c 89 80 a0 08
0x00007fff89bf0b00:   00 00 49 8b 43 08 48 89 34 d8 41 8b 41 28 41 ff
0x00007fff89bf0b10:   c2 44 3b d0 0f 82 66 ff ff ff 41 89 41 18 33 c0
0x00007fff89bf0b20:   41 c7 41 08 08 00 00 00 48 8b 74 24 40 48 8b 6c
0x00007fff89bf0b30:   24 38 48 8b 5c 24 30 48 8b 7c 24 20 48 83 c4 28
0x00007fff89bf0b40:   c3 41 8b 41 18 8d 0c c1 c1 e1 05 81 e9 00 01 00
0x00007fff89bf0b50:   00 41 89 49 04 49 8b c9 43 8b 04 82 41 89 01 41
0x00007fff89bf0b60:   89 51 08 48 83 c4 28 e9 04 13 e4 ff 42 8d 0c d0
0x00007fff89bf0b70:   c1 e1 05 41 89 49 04 8b c8 41 8d 42 01 41 8b 0c
0x00007fff89bf0b80:   88 41 89 09 49 8b c9 41 89 41 18 41 89 51 08 e8
0x00007fff89bf0b90:   dc 12 e4 ff eb 92 cc cc cc cc cc cc cc cc cc cc 


Stack slot to memory mapping:
stack at sp + 0 slots: 0x000000247a5f0000 is pointing into the stack for thread: 0x0000013b2cfea000
stack at sp + 1 slots: 0x0 is NULL
stack at sp + 2 slots: 0x0000000000000838 is an unknown value
stack at sp + 3 slots: 0x0000013b2c7cde00 points into unknown readable memory: a0 e9 fe 2c 3b 01 00 00
stack at sp + 4 slots: 0x00000000000031a0 is an unknown value
stack at sp + 5 slots: 0x00007fff89bea421 jvm.dll
stack at sp + 6 slots: 0x0000013b3179f3b0 points into unknown readable memory: 25 00 00 00 00 00 00 00
stack at sp + 7 slots: 0x000000247a5fb8d0 is pointing into the stack for thread: 0x0000013b2cfea000


---------------  P R O C E S S  ---------------

Threads class SMR info:
_java_thread_list=0x0000013b30093d90, length=24, elements={
0x0000013b0cffa800, 0x0000013b2c7cf000, 0x0000013b2c7d5000, 0x0000013b2c7dc800,
0x0000013b2c7dd800, 0x0000013b2cfea000, 0x0000013b2cff1800, 0x0000013b2cff5800,
0x0000013b2d12a800, 0x0000013b2d150000, 0x0000013b2e1ce800, 0x0000013b2e371000,
0x0000013b2ffd0800, 0x0000013b2f1b6800, 0x0000013b2f21c800, 0x0000013b2f242800,
0x0000013b2eb88800, 0x0000013b2e1e5800, 0x0000013b2e1e6800, 0x0000013b2f241800,
0x0000013b2f451800, 0x0000013b2f457000, 0x0000013b2f456000, 0x0000013b2e7ec800
}

Java Threads: ( => current thread )
  0x0000013b0cffa800 JavaThread "main" [_thread_blocked, id=12272, stack(0x0000002479a00000,0x0000002479b00000)]
  0x0000013b2c7cf000 JavaThread "Reference Handler" daemon [_thread_blocked, id=10232, stack(0x000000247a100000,0x000000247a200000)]
  0x0000013b2c7d5000 JavaThread "Finalizer" daemon [_thread_blocked, id=2576, stack(0x000000247a200000,0x000000247a300000)]
  0x0000013b2c7dc800 JavaThread "Signal Dispatcher" daemon [_thread_blocked, id=2020, stack(0x000000247a300000,0x000000247a400000)]
  0x0000013b2c7dd800 JavaThread "Attach Listener" daemon [_thread_blocked, id=4704, stack(0x000000247a400000,0x000000247a500000)]
=>0x0000013b2cfea000 JavaThread "C2 CompilerThread0" daemon [_thread_in_native, id=3500, stack(0x000000247a500000,0x000000247a600000)]
  0x0000013b2cff1800 JavaThread "C1 CompilerThread0" daemon [_thread_blocked, id=12160, stack(0x000000247a600000,0x000000247a700000)]
  0x0000013b2cff5800 JavaThread "Sweeper thread" daemon [_thread_blocked, id=23480, stack(0x000000247a700000,0x000000247a800000)]
  0x0000013b2d12a800 JavaThread "Common-Cleaner" daemon [_thread_blocked, id=6192, stack(0x000000247a800000,0x000000247a900000)]
  0x0000013b2d150000 JavaThread "Service Thread" daemon [_thread_blocked, id=22588, stack(0x000000247a900000,0x000000247aa00000)]
  0x0000013b2e1ce800 JavaThread "Daemon health stats" [_thread_blocked, id=12004, stack(0x000000247b000000,0x000000247b100000)]
  0x0000013b2e371000 JavaThread "Incoming local TCP Connector on port 61973" [_thread_in_native, id=16348, stack(0x000000247ab00000,0x000000247ac00000)]
  0x0000013b2ffd0800 JavaThread "Daemon periodic checks" [_thread_blocked, id=17752, stack(0x000000247b100000,0x000000247b200000)]
  0x0000013b2f1b6800 JavaThread "Daemon" [_thread_blocked, id=20956, stack(0x000000247b200000,0x000000247b300000)]
  0x0000013b2f21c800 JavaThread "Handler for socket connection from /127.0.0.1:61973 to /127.0.0.1:61974" [_thread_in_native, id=18704, stack(0x000000247b300000,0x000000247b400000)]
  0x0000013b2f242800 JavaThread "Cancel handler" [_thread_blocked, id=15016, stack(0x000000247b400000,0x000000247b500000)]
  0x0000013b2eb88800 JavaThread "Daemon worker" [_thread_in_native, id=21076, stack(0x000000247b500000,0x000000247b600000)]
  0x0000013b2e1e5800 JavaThread "Asynchronous log dispatcher for DefaultDaemonConnection: socket connection from /127.0.0.1:61973 to /127.0.0.1:61974" [_thread_blocked, id=6588, stack(0x000000247b600000,0x000000247b700000)]
  0x0000013b2e1e6800 JavaThread "Stdin handler" [_thread_blocked, id=7520, stack(0x000000247b700000,0x000000247b800000)]
  0x0000013b2f241800 JavaThread "Daemon client event forwarder" [_thread_blocked, id=15028, stack(0x000000247b800000,0x000000247b900000)]
  0x0000013b2f451800 JavaThread "Cache worker for journal cache (C:\Users\jeffe\.gradle\caches\journal-1)" [_thread_blocked, id=16504, stack(0x000000247b900000,0x000000247ba00000)]
  0x0000013b2f457000 JavaThread "File lock request listener" [_thread_in_native, id=20532, stack(0x000000247ba00000,0x000000247bb00000)]
  0x0000013b2f456000 JavaThread "Cache worker for file hash cache (C:\Users\jeffe\.gradle\caches\7.3.2\fileHashes)" [_thread_blocked, id=8516, stack(0x000000247bb00000,0x000000247bc00000)]
  0x0000013b2e7ec800 JavaThread "C2 CompilerThread1" daemon [_thread_in_native, id=22420, stack(0x000000247bc00000,0x000000247bd00000)]

Other Threads:
  0x0000013b2c7cc800 VMThread "VM Thread" [stack: 0x000000247a000000,0x000000247a100000] [id=23064]
  0x0000013b2d152000 WatcherThread [stack: 0x000000247aa00000,0x000000247ab00000] [id=10300]
  0x0000013b0d03f800 GCTaskThread "GC Thread#0" [stack: 0x0000002479b00000,0x0000002479c00000] [id=22816]
  0x0000013b2d625800 GCTaskThread "GC Thread#1" [stack: 0x000000247ac00000,0x000000247ad00000] [id=6732]
  0x0000013b2d626000 GCTaskThread "GC Thread#2" [stack: 0x000000247ad00000,0x000000247ae00000] [id=17564]
  0x0000013b2df04800 GCTaskThread "GC Thread#3" [stack: 0x000000247ae00000,0x000000247af00000] [id=12644]
  0x0000013b2df05000 GCTaskThread "GC Thread#4" [stack: 0x000000247af00000,0x000000247b000000] [id=21852]
  0x0000013b2fa8d800 GCTaskThread "GC Thread#5" [stack: 0x000000247bd00000,0x000000247be00000] [id=16572]
  0x0000013b2e338000 GCTaskThread "GC Thread#6" [stack: 0x000000247be00000,0x000000247bf00000] [id=19936]
  0x0000013b2e5f1000 GCTaskThread "GC Thread#7" [stack: 0x000000247bf00000,0x000000247c000000] [id=17468]
  0x0000013b0d053000 ConcurrentGCThread "G1 Main Marker" [stack: 0x0000002479c00000,0x0000002479d00000] [id=8312]
  0x0000013b0d055000 ConcurrentGCThread "G1 Conc#0" [stack: 0x0000002479d00000,0x0000002479e00000] [id=16228]
  0x0000013b0d0de800 ConcurrentGCThread "G1 Refine#0" [stack: 0x0000002479e00000,0x0000002479f00000] [id=15036]
  0x0000013b2c640800 ConcurrentGCThread "G1 Young RemSet Sampling" [stack: 0x0000002479f00000,0x000000247a000000] [id=3976]

Threads with active compile tasks:
C2 CompilerThread0     5002 1932   !   4       java.lang.ClassLoader::loadClass (122 bytes)
C2 CompilerThread1     5002 2042       4       java.io.DataOutputStream::writeShort (35 bytes)

VM state:not at safepoint (normal execution)

VM Mutex/Monitor currently owned by a thread: None

Heap address: 0x0000000080000000, size: 2048 MB, Compressed Oops mode: 32-bit
Narrow klass base: 0x0000000800000000, Narrow klass shift: 3
Compressed class space size: 1073741824 Address: 0x0000000800b40000

Heap:
 garbage-first heap   total 229376K, used 19858K [0x0000000080000000, 0x0000000100000000)
  region size 1024K, 15 young (15360K), 12 survivors (12288K)
 Metaspace       used 15875K, capacity 16353K, committed 16640K, reserved 1062912K
  class space    used 2303K, capacity 2489K, committed 2560K, reserved 1048576K
Heap Regions: E=young(eden), S=young(survivor), O=old, HS=humongous(starts), HC=humongous(continues), CS=collection set, F=free, A=archive, TAMS=top-at-mark-start (previous, next)
|   0|0x0000000080000000, 0x0000000080000000, 0x0000000080100000|  0%| F|  |TAMS 0x0000000080000000, 0x0000000080000000| Untracked 
|   1|0x0000000080100000, 0x0000000080100000, 0x0000000080200000|  0%| F|  |TAMS 0x0000000080100000, 0x0000000080100000| Untracked 
|   2|0x0000000080200000, 0x0000000080200000, 0x0000000080300000|  0%| F|  |TAMS 0x0000000080200000, 0x0000000080200000| Untracked 
|   3|0x0000000080300000, 0x0000000080400000, 0x0000000080400000|100%|HS|  |TAMS 0x0000000080300000, 0x0000000080300000| Complete 
|   4|0x0000000080400000, 0x0000000080500000, 0x0000000080500000|100%|HC|  |TAMS 0x0000000080400000, 0x0000000080400000| Complete 
|   5|0x0000000080500000, 0x0000000080600000, 0x0000000080600000|100%|HC|  |TAMS 0x0000000080500000, 0x0000000080500000| Complete 
|   6|0x0000000080600000, 0x0000000080700000, 0x0000000080700000|100%| O|  |TAMS 0x0000000080600000, 0x0000000080600000| Untracked 
|   7|0x0000000080700000, 0x0000000080800000, 0x0000000080800000|100%| O|  |TAMS 0x0000000080700000, 0x0000000080700000| Untracked 
|   8|0x0000000080800000, 0x0000000080900000, 0x0000000080900000|100%| O|  |TAMS 0x0000000080800000, 0x0000000080800000| Untracked 
|   9|0x0000000080900000, 0x000000008094a600, 0x0000000080a00000| 29%| O|  |TAMS 0x0000000080900000, 0x0000000080900000| Untracked 
|  10|0x0000000080a00000, 0x0000000080a00000, 0x0000000080b00000|  0%| F|  |TAMS 0x0000000080a00000, 0x0000000080a00000| Untracked 
|  11|0x0000000080b00000, 0x0000000080b00000, 0x0000000080c00000|  0%| F|  |TAMS 0x0000000080b00000, 0x0000000080b00000| Untracked 
|  12|0x0000000080c00000, 0x0000000080c00000, 0x0000000080d00000|  0%| F|  |TAMS 0x0000000080c00000, 0x0000000080c00000| Untracked 
|  13|0x0000000080d00000, 0x0000000080d00000, 0x0000000080e00000|  0%| F|  |TAMS 0x0000000080d00000, 0x0000000080d00000| Untracked 
|  14|0x0000000080e00000, 0x0000000080e00000, 0x0000000080f00000|  0%| F|  |TAMS 0x0000000080e00000, 0x0000000080e00000| Untracked 
|  15|0x0000000080f00000, 0x0000000080f00000, 0x0000000081000000|  0%| F|  |TAMS 0x0000000080f00000, 0x0000000080f00000| Untracked 
|  16|0x0000000081000000, 0x0000000081000000, 0x0000000081100000|  0%| F|  |TAMS 0x0000000081000000, 0x0000000081000000| Untracked 
|  17|0x0000000081100000, 0x0000000081100000, 0x0000000081200000|  0%| F|  |TAMS 0x0000000081100000, 0x0000000081100000| Untracked 
|  18|0x0000000081200000, 0x0000000081200000, 0x0000000081300000|  0%| F|  |TAMS 0x0000000081200000, 0x0000000081200000| Untracked 
|  19|0x0000000081300000, 0x0000000081300000, 0x0000000081400000|  0%| F|  |TAMS 0x0000000081300000, 0x0000000081300000| Untracked 
|  20|0x0000000081400000, 0x0000000081400000, 0x0000000081500000|  0%| F|  |TAMS 0x0000000081400000, 0x0000000081400000| Untracked 
|  21|0x0000000081500000, 0x0000000081500000, 0x0000000081600000|  0%| F|  |TAMS 0x0000000081500000, 0x0000000081500000| Untracked 
|  22|0x0000000081600000, 0x0000000081600000, 0x0000000081700000|  0%| F|  |TAMS 0x0000000081600000, 0x0000000081600000| Untracked 
|  23|0x0000000081700000, 0x0000000081700000, 0x0000000081800000|  0%| F|  |TAMS 0x0000000081700000, 0x0000000081700000| Untracked 
|  24|0x0000000081800000, 0x0000000081800000, 0x0000000081900000|  0%| F|  |TAMS 0x0000000081800000, 0x0000000081800000| Untracked 
|  25|0x0000000081900000, 0x0000000081900000, 0x0000000081a00000|  0%| F|  |TAMS 0x0000000081900000, 0x0000000081900000| Untracked 
|  26|0x0000000081a00000, 0x0000000081a00000, 0x0000000081b00000|  0%| F|  |TAMS 0x0000000081a00000, 0x0000000081a00000| Untracked 
|  27|0x0000000081b00000, 0x0000000081b00000, 0x0000000081c00000|  0%| F|  |TAMS 0x0000000081b00000, 0x0000000081b00000| Untracked 
|  28|0x0000000081c00000, 0x0000000081c00000, 0x0000000081d00000|  0%| F|  |TAMS 0x0000000081c00000, 0x0000000081c00000| Untracked 
|  29|0x0000000081d00000, 0x0000000081d00000, 0x0000000081e00000|  0%| F|  |TAMS 0x0000000081d00000, 0x0000000081d00000| Untracked 
|  30|0x0000000081e00000, 0x0000000081e00000, 0x0000000081f00000|  0%| F|  |TAMS 0x0000000081e00000, 0x0000000081e00000| Untracked 
|  31|0x0000000081f00000, 0x0000000081f00000, 0x0000000082000000|  0%| F|  |TAMS 0x0000000081f00000, 0x0000000081f00000| Untracked 
|  32|0x0000000082000000, 0x0000000082000000, 0x0000000082100000|  0%| F|  |TAMS 0x0000000082000000, 0x0000000082000000| Untracked 
|  33|0x0000000082100000, 0x0000000082100000, 0x0000000082200000|  0%| F|  |TAMS 0x0000000082100000, 0x0000000082100000| Untracked 
|  34|0x0000000082200000, 0x0000000082200000, 0x0000000082300000|  0%| F|  |TAMS 0x0000000082200000, 0x0000000082200000| Untracked 
|  35|0x0000000082300000, 0x0000000082300000, 0x0000000082400000|  0%| F|  |TAMS 0x0000000082300000, 0x0000000082300000| Untracked 
|  36|0x0000000082400000, 0x0000000082400000, 0x0000000082500000|  0%| F|  |TAMS 0x0000000082400000, 0x0000000082400000| Untracked 
|  37|0x0000000082500000, 0x0000000082500000, 0x0000000082600000|  0%| F|  |TAMS 0x0000000082500000, 0x0000000082500000| Untracked 
|  38|0x0000000082600000, 0x0000000082600000, 0x0000000082700000|  0%| F|  |TAMS 0x0000000082600000, 0x0000000082600000| Untracked 
|  39|0x0000000082700000, 0x0000000082700000, 0x0000000082800000|  0%| F|  |TAMS 0x0000000082700000, 0x0000000082700000| Untracked 
|  40|0x0000000082800000, 0x0000000082800000, 0x0000000082900000|  0%| F|  |TAMS 0x0000000082800000, 0x0000000082800000| Untracked 
|  41|0x0000000082900000, 0x0000000082900000, 0x0000000082a00000|  0%| F|  |TAMS 0x0000000082900000, 0x0000000082900000| Untracked 
|  42|0x0000000082a00000, 0x0000000082a00000, 0x0000000082b00000|  0%| F|  |TAMS 0x0000000082a00000, 0x0000000082a00000| Untracked 
|  43|0x0000000082b00000, 0x0000000082b00000, 0x0000000082c00000|  0%| F|  |TAMS 0x0000000082b00000, 0x0000000082b00000| Untracked 
|  44|0x0000000082c00000, 0x0000000082c00000, 0x0000000082d00000|  0%| F|  |TAMS 0x0000000082c00000, 0x0000000082c00000| Untracked 
|  45|0x0000000082d00000, 0x0000000082d00000, 0x0000000082e00000|  0%| F|  |TAMS 0x0000000082d00000, 0x0000000082d00000| Untracked 
|  46|0x0000000082e00000, 0x0000000082e00000, 0x0000000082f00000|  0%| F|  |TAMS 0x0000000082e00000, 0x0000000082e00000| Untracked 
|  47|0x0000000082f00000, 0x0000000082f00000, 0x0000000083000000|  0%| F|  |TAMS 0x0000000082f00000, 0x0000000082f00000| Untracked 
|  48|0x0000000083000000, 0x0000000083000000, 0x0000000083100000|  0%| F|  |TAMS 0x0000000083000000, 0x0000000083000000| Untracked 
|  49|0x0000000083100000, 0x0000000083100000, 0x0000000083200000|  0%| F|  |TAMS 0x0000000083100000, 0x0000000083100000| Untracked 
|  50|0x0000000083200000, 0x0000000083200000, 0x0000000083300000|  0%| F|  |TAMS 0x0000000083200000, 0x0000000083200000| Untracked 
|  51|0x0000000083300000, 0x0000000083300000, 0x0000000083400000|  0%| F|  |TAMS 0x0000000083300000, 0x0000000083300000| Untracked 
|  52|0x0000000083400000, 0x0000000083400000, 0x0000000083500000|  0%| F|  |TAMS 0x0000000083400000, 0x0000000083400000| Untracked 
|  53|0x0000000083500000, 0x0000000083500000, 0x0000000083600000|  0%| F|  |TAMS 0x0000000083500000, 0x0000000083500000| Untracked 
|  54|0x0000000083600000, 0x0000000083600000, 0x0000000083700000|  0%| F|  |TAMS 0x0000000083600000, 0x0000000083600000| Untracked 
|  55|0x0000000083700000, 0x0000000083700000, 0x0000000083800000|  0%| F|  |TAMS 0x0000000083700000, 0x0000000083700000| Untracked 
|  56|0x0000000083800000, 0x0000000083800000, 0x0000000083900000|  0%| F|  |TAMS 0x0000000083800000, 0x0000000083800000| Untracked 
|  57|0x0000000083900000, 0x0000000083900000, 0x0000000083a00000|  0%| F|  |TAMS 0x0000000083900000, 0x0000000083900000| Untracked 
|  58|0x0000000083a00000, 0x0000000083a00000, 0x0000000083b00000|  0%| F|  |TAMS 0x0000000083a00000, 0x0000000083a00000| Untracked 
|  59|0x0000000083b00000, 0x0000000083b00000, 0x0000000083c00000|  0%| F|  |TAMS 0x0000000083b00000, 0x0000000083b00000| Untracked 
|  60|0x0000000083c00000, 0x0000000083c00000, 0x0000000083d00000|  0%| F|  |TAMS 0x0000000083c00000, 0x0000000083c00000| Untracked 
|  61|0x0000000083d00000, 0x0000000083d00000, 0x0000000083e00000|  0%| F|  |TAMS 0x0000000083d00000, 0x0000000083d00000| Untracked 
|  62|0x0000000083e00000, 0x0000000083e00000, 0x0000000083f00000|  0%| F|  |TAMS 0x0000000083e00000, 0x0000000083e00000| Untracked 
|  63|0x0000000083f00000, 0x0000000083f00000, 0x0000000084000000|  0%| F|  |TAMS 0x0000000083f00000, 0x0000000083f00000| Untracked 
|  64|0x0000000084000000, 0x0000000084000000, 0x0000000084100000|  0%| F|  |TAMS 0x0000000084000000, 0x0000000084000000| Untracked 
|  65|0x0000000084100000, 0x0000000084100000, 0x0000000084200000|  0%| F|  |TAMS 0x0000000084100000, 0x0000000084100000| Untracked 
|  66|0x0000000084200000, 0x0000000084200000, 0x0000000084300000|  0%| F|  |TAMS 0x0000000084200000, 0x0000000084200000| Untracked 
|  67|0x0000000084300000, 0x0000000084300000, 0x0000000084400000|  0%| F|  |TAMS 0x0000000084300000, 0x0000000084300000| Untracked 
|  68|0x0000000084400000, 0x0000000084400000, 0x0000000084500000|  0%| F|  |TAMS 0x0000000084400000, 0x0000000084400000| Untracked 
|  69|0x0000000084500000, 0x0000000084500000, 0x0000000084600000|  0%| F|  |TAMS 0x0000000084500000, 0x0000000084500000| Untracked 
|  70|0x0000000084600000, 0x0000000084600000, 0x0000000084700000|  0%| F|  |TAMS 0x0000000084600000, 0x0000000084600000| Untracked 
|  71|0x0000000084700000, 0x0000000084700000, 0x0000000084800000|  0%| F|  |TAMS 0x0000000084700000, 0x0000000084700000| Untracked 
|  72|0x0000000084800000, 0x0000000084800000, 0x0000000084900000|  0%| F|  |TAMS 0x0000000084800000, 0x0000000084800000| Untracked 
|  73|0x0000000084900000, 0x0000000084900000, 0x0000000084a00000|  0%| F|  |TAMS 0x0000000084900000, 0x0000000084900000| Untracked 
|  74|0x0000000084a00000, 0x0000000084a00000, 0x0000000084b00000|  0%| F|  |TAMS 0x0000000084a00000, 0x0000000084a00000| Untracked 
|  75|0x0000000084b00000, 0x0000000084b00000, 0x0000000084c00000|  0%| F|  |TAMS 0x0000000084b00000, 0x0000000084b00000| Untracked 
|  76|0x0000000084c00000, 0x0000000084c00000, 0x0000000084d00000|  0%| F|  |TAMS 0x0000000084c00000, 0x0000000084c00000| Untracked 
|  77|0x0000000084d00000, 0x0000000084d00000, 0x0000000084e00000|  0%| F|  |TAMS 0x0000000084d00000, 0x0000000084d00000| Untracked 
|  78|0x0000000084e00000, 0x0000000084e1a5e0, 0x0000000084f00000| 10%| S|CS|TAMS 0x0000000084e00000, 0x0000000084e00000| Complete 
|  79|0x0000000084f00000, 0x0000000085000000, 0x0000000085000000|100%| S|CS|TAMS 0x0000000084f00000, 0x0000000084f00000| Complete 
|  80|0x0000000085000000, 0x0000000085100000, 0x0000000085100000|100%| S|CS|TAMS 0x0000000085000000, 0x0000000085000000| Complete 
|  81|0x0000000085100000, 0x0000000085200000, 0x0000000085200000|100%| S|CS|TAMS 0x0000000085100000, 0x0000000085100000| Complete 
|  82|0x0000000085200000, 0x0000000085300000, 0x0000000085300000|100%| S|CS|TAMS 0x0000000085200000, 0x0000000085200000| Complete 
|  83|0x0000000085300000, 0x0000000085400000, 0x0000000085400000|100%| S|CS|TAMS 0x0000000085300000, 0x0000000085300000| Complete 
|  84|0x0000000085400000, 0x0000000085500000, 0x0000000085500000|100%| S|CS|TAMS 0x0000000085400000, 0x0000000085400000| Complete 
|  85|0x0000000085500000, 0x0000000085600000, 0x0000000085600000|100%| S|CS|TAMS 0x0000000085500000, 0x0000000085500000| Complete 
|  86|0x0000000085600000, 0x0000000085700000, 0x0000000085700000|100%| S|CS|TAMS 0x0000000085600000, 0x0000000085600000| Complete 
|  87|0x0000000085700000, 0x0000000085800000, 0x0000000085800000|100%| S|CS|TAMS 0x0000000085700000, 0x0000000085700000| Complete 
|  88|0x0000000085800000, 0x0000000085900000, 0x0000000085900000|100%| S|CS|TAMS 0x0000000085800000, 0x0000000085800000| Complete 
|  89|0x0000000085900000, 0x0000000085a00000, 0x0000000085a00000|100%| S|CS|TAMS 0x0000000085900000, 0x0000000085900000| Complete 
|  90|0x0000000085a00000, 0x0000000085a00000, 0x0000000085b00000|  0%| F|  |TAMS 0x0000000085a00000, 0x0000000085a00000| Untracked 
|  91|0x0000000085b00000, 0x0000000085b00000, 0x0000000085c00000|  0%| F|  |TAMS 0x0000000085b00000, 0x0000000085b00000| Untracked 
|  92|0x0000000085c00000, 0x0000000085c00000, 0x0000000085d00000|  0%| F|  |TAMS 0x0000000085c00000, 0x0000000085c00000| Untracked 
|  93|0x0000000085d00000, 0x0000000085d00000, 0x0000000085e00000|  0%| F|  |TAMS 0x0000000085d00000, 0x0000000085d00000| Untracked 
|  94|0x0000000085e00000, 0x0000000085e00000, 0x0000000085f00000|  0%| F|  |TAMS 0x0000000085e00000, 0x0000000085e00000| Untracked 
|  95|0x0000000085f00000, 0x0000000085f00000, 0x0000000086000000|  0%| F|  |TAMS 0x0000000085f00000, 0x0000000085f00000| Untracked 
|  96|0x0000000086000000, 0x0000000086000000, 0x0000000086100000|  0%| F|  |TAMS 0x0000000086000000, 0x0000000086000000| Untracked 
|  97|0x0000000086100000, 0x0000000086100000, 0x0000000086200000|  0%| F|  |TAMS 0x0000000086100000, 0x0000000086100000| Untracked 
|  98|0x0000000086200000, 0x0000000086200000, 0x0000000086300000|  0%| F|  |TAMS 0x0000000086200000, 0x0000000086200000| Untracked 
|  99|0x0000000086300000, 0x0000000086300000, 0x0000000086400000|  0%| F|  |TAMS 0x0000000086300000, 0x0000000086300000| Untracked 
| 100|0x0000000086400000, 0x0000000086400000, 0x0000000086500000|  0%| F|  |TAMS 0x0000000086400000, 0x0000000086400000| Untracked 
| 101|0x0000000086500000, 0x0000000086500000, 0x0000000086600000|  0%| F|  |TAMS 0x0000000086500000, 0x0000000086500000| Untracked 
| 102|0x0000000086600000, 0x0000000086600000, 0x0000000086700000|  0%| F|  |TAMS 0x0000000086600000, 0x0000000086600000| Untracked 
| 103|0x0000000086700000, 0x0000000086700000, 0x0000000086800000|  0%| F|  |TAMS 0x0000000086700000, 0x0000000086700000| Untracked 
| 104|0x0000000086800000, 0x0000000086800000, 0x0000000086900000|  0%| F|  |TAMS 0x0000000086800000, 0x0000000086800000| Untracked 
| 105|0x0000000086900000, 0x0000000086900000, 0x0000000086a00000|  0%| F|  |TAMS 0x0000000086900000, 0x0000000086900000| Untracked 
| 106|0x0000000086a00000, 0x0000000086a00000, 0x0000000086b00000|  0%| F|  |TAMS 0x0000000086a00000, 0x0000000086a00000| Untracked 
| 107|0x0000000086b00000, 0x0000000086b00000, 0x0000000086c00000|  0%| F|  |TAMS 0x0000000086b00000, 0x0000000086b00000| Untracked 
| 108|0x0000000086c00000, 0x0000000086c00000, 0x0000000086d00000|  0%| F|  |TAMS 0x0000000086c00000, 0x0000000086c00000| Untracked 
| 109|0x0000000086d00000, 0x0000000086d00000, 0x0000000086e00000|  0%| F|  |TAMS 0x0000000086d00000, 0x0000000086d00000| Untracked 
| 110|0x0000000086e00000, 0x0000000086e00000, 0x0000000086f00000|  0%| F|  |TAMS 0x0000000086e00000, 0x0000000086e00000| Untracked 
| 111|0x0000000086f00000, 0x0000000086f00000, 0x0000000087000000|  0%| F|  |TAMS 0x0000000086f00000, 0x0000000086f00000| Untracked 
| 112|0x0000000087000000, 0x0000000087000000, 0x0000000087100000|  0%| F|  |TAMS 0x0000000087000000, 0x0000000087000000| Untracked 
| 113|0x0000000087100000, 0x0000000087100000, 0x0000000087200000|  0%| F|  |TAMS 0x0000000087100000, 0x0000000087100000| Untracked 
| 114|0x0000000087200000, 0x0000000087200000, 0x0000000087300000|  0%| F|  |TAMS 0x0000000087200000, 0x0000000087200000| Untracked 
| 115|0x0000000087300000, 0x0000000087300000, 0x0000000087400000|  0%| F|  |TAMS 0x0000000087300000, 0x0000000087300000| Untracked 
| 116|0x0000000087400000, 0x0000000087400000, 0x0000000087500000|  0%| F|  |TAMS 0x0000000087400000, 0x0000000087400000| Untracked 
| 117|0x0000000087500000, 0x0000000087500000, 0x0000000087600000|  0%| F|  |TAMS 0x0000000087500000, 0x0000000087500000| Untracked 
| 118|0x0000000087600000, 0x0000000087600000, 0x0000000087700000|  0%| F|  |TAMS 0x0000000087600000, 0x0000000087600000| Untracked 
| 119|0x0000000087700000, 0x0000000087700000, 0x0000000087800000|  0%| F|  |TAMS 0x0000000087700000, 0x0000000087700000| Untracked 
| 120|0x0000000087800000, 0x0000000087800000, 0x0000000087900000|  0%| F|  |TAMS 0x0000000087800000, 0x0000000087800000| Untracked 
| 121|0x0000000087900000, 0x0000000087900000, 0x0000000087a00000|  0%| F|  |TAMS 0x0000000087900000, 0x0000000087900000| Untracked 
| 122|0x0000000087a00000, 0x0000000087a00000, 0x0000000087b00000|  0%| F|  |TAMS 0x0000000087a00000, 0x0000000087a00000| Untracked 
| 123|0x0000000087b00000, 0x0000000087b00000, 0x0000000087c00000|  0%| F|  |TAMS 0x0000000087b00000, 0x0000000087b00000| Untracked 
| 124|0x0000000087c00000, 0x0000000087c00000, 0x0000000087d00000|  0%| F|  |TAMS 0x0000000087c00000, 0x0000000087c00000| Untracked 
| 125|0x0000000087d00000, 0x0000000087d00000, 0x0000000087e00000|  0%| F|  |TAMS 0x0000000087d00000, 0x0000000087d00000| Untracked 
| 126|0x0000000087e00000, 0x0000000087e00000, 0x0000000087f00000|  0%| F|  |TAMS 0x0000000087e00000, 0x0000000087e00000| Untracked 
| 127|0x0000000087f00000, 0x0000000087f00000, 0x0000000088000000|  0%| F|  |TAMS 0x0000000087f00000, 0x0000000087f00000| Untracked 
| 128|0x0000000088000000, 0x0000000088000000, 0x0000000088100000|  0%| F|  |TAMS 0x0000000088000000, 0x0000000088000000| Untracked 
| 129|0x0000000088100000, 0x0000000088100000, 0x0000000088200000|  0%| F|  |TAMS 0x0000000088100000, 0x0000000088100000| Untracked 
| 130|0x0000000088200000, 0x0000000088200000, 0x0000000088300000|  0%| F|  |TAMS 0x0000000088200000, 0x0000000088200000| Untracked 
| 131|0x0000000088300000, 0x0000000088300000, 0x0000000088400000|  0%| F|  |TAMS 0x0000000088300000, 0x0000000088300000| Untracked 
| 132|0x0000000088400000, 0x0000000088400000, 0x0000000088500000|  0%| F|  |TAMS 0x0000000088400000, 0x0000000088400000| Untracked 
| 133|0x0000000088500000, 0x0000000088500000, 0x0000000088600000|  0%| F|  |TAMS 0x0000000088500000, 0x0000000088500000| Untracked 
| 134|0x0000000088600000, 0x0000000088600000, 0x0000000088700000|  0%| F|  |TAMS 0x0000000088600000, 0x0000000088600000| Untracked 
| 135|0x0000000088700000, 0x0000000088700000, 0x0000000088800000|  0%| F|  |TAMS 0x0000000088700000, 0x0000000088700000| Untracked 
| 136|0x0000000088800000, 0x0000000088800000, 0x0000000088900000|  0%| F|  |TAMS 0x0000000088800000, 0x0000000088800000| Untracked 
| 137|0x0000000088900000, 0x0000000088900000, 0x0000000088a00000|  0%| F|  |TAMS 0x0000000088900000, 0x0000000088900000| Untracked 
| 138|0x0000000088a00000, 0x0000000088a00000, 0x0000000088b00000|  0%| F|  |TAMS 0x0000000088a00000, 0x0000000088a00000| Untracked 
| 139|0x0000000088b00000, 0x0000000088b00000, 0x0000000088c00000|  0%| F|  |TAMS 0x0000000088b00000, 0x0000000088b00000| Untracked 
| 140|0x0000000088c00000, 0x0000000088c00000, 0x0000000088d00000|  0%| F|  |TAMS 0x0000000088c00000, 0x0000000088c00000| Untracked 
| 141|0x0000000088d00000, 0x0000000088d00000, 0x0000000088e00000|  0%| F|  |TAMS 0x0000000088d00000, 0x0000000088d00000| Untracked 
| 142|0x0000000088e00000, 0x0000000088e00000, 0x0000000088f00000|  0%| F|  |TAMS 0x0000000088e00000, 0x0000000088e00000| Untracked 
| 143|0x0000000088f00000, 0x0000000088f00000, 0x0000000089000000|  0%| F|  |TAMS 0x0000000088f00000, 0x0000000088f00000| Untracked 
| 144|0x0000000089000000, 0x0000000089000000, 0x0000000089100000|  0%| F|  |TAMS 0x0000000089000000, 0x0000000089000000| Untracked 
| 145|0x0000000089100000, 0x0000000089100000, 0x0000000089200000|  0%| F|  |TAMS 0x0000000089100000, 0x0000000089100000| Untracked 
| 146|0x0000000089200000, 0x0000000089200000, 0x0000000089300000|  0%| F|  |TAMS 0x0000000089200000, 0x0000000089200000| Untracked 
| 147|0x0000000089300000, 0x0000000089300000, 0x0000000089400000|  0%| F|  |TAMS 0x0000000089300000, 0x0000000089300000| Untracked 
| 148|0x0000000089400000, 0x0000000089400000, 0x0000000089500000|  0%| F|  |TAMS 0x0000000089400000, 0x0000000089400000| Untracked 
| 149|0x0000000089500000, 0x0000000089500000, 0x0000000089600000|  0%| F|  |TAMS 0x0000000089500000, 0x0000000089500000| Untracked 
| 150|0x0000000089600000, 0x0000000089600000, 0x0000000089700000|  0%| F|  |TAMS 0x0000000089600000, 0x0000000089600000| Untracked 
| 151|0x0000000089700000, 0x0000000089700000, 0x0000000089800000|  0%| F|  |TAMS 0x0000000089700000, 0x0000000089700000| Untracked 
| 152|0x0000000089800000, 0x0000000089800000, 0x0000000089900000|  0%| F|  |TAMS 0x0000000089800000, 0x0000000089800000| Untracked 
| 153|0x0000000089900000, 0x0000000089900000, 0x0000000089a00000|  0%| F|  |TAMS 0x0000000089900000, 0x0000000089900000| Untracked 
| 154|0x0000000089a00000, 0x0000000089a00000, 0x0000000089b00000|  0%| F|  |TAMS 0x0000000089a00000, 0x0000000089a00000| Untracked 
| 155|0x0000000089b00000, 0x0000000089b00000, 0x0000000089c00000|  0%| F|  |TAMS 0x0000000089b00000, 0x0000000089b00000| Untracked 
| 156|0x0000000089c00000, 0x0000000089c00000, 0x0000000089d00000|  0%| F|  |TAMS 0x0000000089c00000, 0x0000000089c00000| Untracked 
| 157|0x0000000089d00000, 0x0000000089d00000, 0x0000000089e00000|  0%| F|  |TAMS 0x0000000089d00000, 0x0000000089d00000| Untracked 
| 158|0x0000000089e00000, 0x0000000089e00000, 0x0000000089f00000|  0%| F|  |TAMS 0x0000000089e00000, 0x0000000089e00000| Untracked 
| 159|0x0000000089f00000, 0x0000000089f00000, 0x000000008a000000|  0%| F|  |TAMS 0x0000000089f00000, 0x0000000089f00000| Untracked 
| 160|0x000000008a000000, 0x000000008a000000, 0x000000008a100000|  0%| F|  |TAMS 0x000000008a000000, 0x000000008a000000| Untracked 
| 161|0x000000008a100000, 0x000000008a100000, 0x000000008a200000|  0%| F|  |TAMS 0x000000008a100000, 0x000000008a100000| Untracked 
| 162|0x000000008a200000, 0x000000008a200000, 0x000000008a300000|  0%| F|  |TAMS 0x000000008a200000, 0x000000008a200000| Untracked 
| 163|0x000000008a300000, 0x000000008a300000, 0x000000008a400000|  0%| F|  |TAMS 0x000000008a300000, 0x000000008a300000| Untracked 
| 164|0x000000008a400000, 0x000000008a400000, 0x000000008a500000|  0%| F|  |TAMS 0x000000008a400000, 0x000000008a400000| Untracked 
| 165|0x000000008a500000, 0x000000008a500000, 0x000000008a600000|  0%| F|  |TAMS 0x000000008a500000, 0x000000008a500000| Untracked 
| 166|0x000000008a600000, 0x000000008a600000, 0x000000008a700000|  0%| F|  |TAMS 0x000000008a600000, 0x000000008a600000| Untracked 
| 167|0x000000008a700000, 0x000000008a700000, 0x000000008a800000|  0%| F|  |TAMS 0x000000008a700000, 0x000000008a700000| Untracked 
| 168|0x000000008a800000, 0x000000008a800000, 0x000000008a900000|  0%| F|  |TAMS 0x000000008a800000, 0x000000008a800000| Untracked 
| 169|0x000000008a900000, 0x000000008a900000, 0x000000008aa00000|  0%| F|  |TAMS 0x000000008a900000, 0x000000008a900000| Untracked 
| 170|0x000000008aa00000, 0x000000008aa00000, 0x000000008ab00000|  0%| F|  |TAMS 0x000000008aa00000, 0x000000008aa00000| Untracked 
| 171|0x000000008ab00000, 0x000000008ab00000, 0x000000008ac00000|  0%| F|  |TAMS 0x000000008ab00000, 0x000000008ab00000| Untracked 
| 172|0x000000008ac00000, 0x000000008ac00000, 0x000000008ad00000|  0%| F|  |TAMS 0x000000008ac00000, 0x000000008ac00000| Untracked 
| 173|0x000000008ad00000, 0x000000008ad00000, 0x000000008ae00000|  0%| F|  |TAMS 0x000000008ad00000, 0x000000008ad00000| Untracked 
| 174|0x000000008ae00000, 0x000000008ae00000, 0x000000008af00000|  0%| F|  |TAMS 0x000000008ae00000, 0x000000008ae00000| Untracked 
| 175|0x000000008af00000, 0x000000008af00000, 0x000000008b000000|  0%| F|  |TAMS 0x000000008af00000, 0x000000008af00000| Untracked 
| 176|0x000000008b000000, 0x000000008b000000, 0x000000008b100000|  0%| F|  |TAMS 0x000000008b000000, 0x000000008b000000| Untracked 
| 177|0x000000008b100000, 0x000000008b100000, 0x000000008b200000|  0%| F|  |TAMS 0x000000008b100000, 0x000000008b100000| Untracked 
| 178|0x000000008b200000, 0x000000008b200000, 0x000000008b300000|  0%| F|  |TAMS 0x000000008b200000, 0x000000008b200000| Untracked 
| 179|0x000000008b300000, 0x000000008b300000, 0x000000008b400000|  0%| F|  |TAMS 0x000000008b300000, 0x000000008b300000| Untracked 
| 180|0x000000008b400000, 0x000000008b400000, 0x000000008b500000|  0%| F|  |TAMS 0x000000008b400000, 0x000000008b400000| Untracked 
| 181|0x000000008b500000, 0x000000008b500000, 0x000000008b600000|  0%| F|  |TAMS 0x000000008b500000, 0x000000008b500000| Untracked 
| 182|0x000000008b600000, 0x000000008b600000, 0x000000008b700000|  0%| F|  |TAMS 0x000000008b600000, 0x000000008b600000| Untracked 
| 183|0x000000008b700000, 0x000000008b700000, 0x000000008b800000|  0%| F|  |TAMS 0x000000008b700000, 0x000000008b700000| Untracked 
| 184|0x000000008b800000, 0x000000008b800000, 0x000000008b900000|  0%| F|  |TAMS 0x000000008b800000, 0x000000008b800000| Untracked 
| 185|0x000000008b900000, 0x000000008b900000, 0x000000008ba00000|  0%| F|  |TAMS 0x000000008b900000, 0x000000008b900000| Untracked 
| 186|0x000000008ba00000, 0x000000008ba00000, 0x000000008bb00000|  0%| F|  |TAMS 0x000000008ba00000, 0x000000008ba00000| Untracked 
| 187|0x000000008bb00000, 0x000000008bb00000, 0x000000008bc00000|  0%| F|  |TAMS 0x000000008bb00000, 0x000000008bb00000| Untracked 
| 188|0x000000008bc00000, 0x000000008bc00000, 0x000000008bd00000|  0%| F|  |TAMS 0x000000008bc00000, 0x000000008bc00000| Untracked 
| 189|0x000000008bd00000, 0x000000008bd00000, 0x000000008be00000|  0%| F|  |TAMS 0x000000008bd00000, 0x000000008bd00000| Untracked 
| 190|0x000000008be00000, 0x000000008be00000, 0x000000008bf00000|  0%| F|  |TAMS 0x000000008be00000, 0x000000008be00000| Untracked 
| 191|0x000000008bf00000, 0x000000008bf00000, 0x000000008c000000|  0%| F|  |TAMS 0x000000008bf00000, 0x000000008bf00000| Untracked 
| 192|0x000000008c000000, 0x000000008c000000, 0x000000008c100000|  0%| F|  |TAMS 0x000000008c000000, 0x000000008c000000| Untracked 
| 193|0x000000008c100000, 0x000000008c100000, 0x000000008c200000|  0%| F|  |TAMS 0x000000008c100000, 0x000000008c100000| Untracked 
| 194|0x000000008c200000, 0x000000008c200000, 0x000000008c300000|  0%| F|  |TAMS 0x000000008c200000, 0x000000008c200000| Untracked 
| 195|0x000000008c300000, 0x000000008c300000, 0x000000008c400000|  0%| F|  |TAMS 0x000000008c300000, 0x000000008c300000| Untracked 
| 196|0x000000008c400000, 0x000000008c400000, 0x000000008c500000|  0%| F|  |TAMS 0x000000008c400000, 0x000000008c400000| Untracked 
| 197|0x000000008c500000, 0x000000008c500000, 0x000000008c600000|  0%| F|  |TAMS 0x000000008c500000, 0x000000008c500000| Untracked 
| 198|0x000000008c600000, 0x000000008c600000, 0x000000008c700000|  0%| F|  |TAMS 0x000000008c600000, 0x000000008c600000| Untracked 
| 199|0x000000008c700000, 0x000000008c700000, 0x000000008c800000|  0%| F|  |TAMS 0x000000008c700000, 0x000000008c700000| Untracked 
| 200|0x000000008c800000, 0x000000008c800000, 0x000000008c900000|  0%| F|  |TAMS 0x000000008c800000, 0x000000008c800000| Untracked 
| 201|0x000000008c900000, 0x000000008c900000, 0x000000008ca00000|  0%| F|  |TAMS 0x000000008c900000, 0x000000008c900000| Untracked 
| 202|0x000000008ca00000, 0x000000008ca00000, 0x000000008cb00000|  0%| F|  |TAMS 0x000000008ca00000, 0x000000008ca00000| Untracked 
| 203|0x000000008cb00000, 0x000000008cb00000, 0x000000008cc00000|  0%| F|  |TAMS 0x000000008cb00000, 0x000000008cb00000| Untracked 
| 204|0x000000008cc00000, 0x000000008cc00000, 0x000000008cd00000|  0%| F|  |TAMS 0x000000008cc00000, 0x000000008cc00000| Untracked 
| 205|0x000000008cd00000, 0x000000008cd00000, 0x000000008ce00000|  0%| F|  |TAMS 0x000000008cd00000, 0x000000008cd00000| Untracked 
| 206|0x000000008ce00000, 0x000000008ce00000, 0x000000008cf00000|  0%| F|  |TAMS 0x000000008ce00000, 0x000000008ce00000| Untracked 
| 207|0x000000008cf00000, 0x000000008cf00000, 0x000000008d000000|  0%| F|  |TAMS 0x000000008cf00000, 0x000000008cf00000| Untracked 
| 208|0x000000008d000000, 0x000000008d000000, 0x000000008d100000|  0%| F|  |TAMS 0x000000008d000000, 0x000000008d000000| Untracked 
| 209|0x000000008d100000, 0x000000008d100000, 0x000000008d200000|  0%| F|  |TAMS 0x000000008d100000, 0x000000008d100000| Untracked 
| 210|0x000000008d200000, 0x000000008d200000, 0x000000008d300000|  0%| F|  |TAMS 0x000000008d200000, 0x000000008d200000| Untracked 
| 211|0x000000008d300000, 0x000000008d300000, 0x000000008d400000|  0%| F|  |TAMS 0x000000008d300000, 0x000000008d300000| Untracked 
| 212|0x000000008d400000, 0x000000008d400000, 0x000000008d500000|  0%| F|  |TAMS 0x000000008d400000, 0x000000008d400000| Untracked 
| 213|0x000000008d500000, 0x000000008d500000, 0x000000008d600000|  0%| F|  |TAMS 0x000000008d500000, 0x000000008d500000| Untracked 
| 214|0x000000008d600000, 0x000000008d600000, 0x000000008d700000|  0%| F|  |TAMS 0x000000008d600000, 0x000000008d600000| Untracked 
| 215|0x000000008d700000, 0x000000008d700000, 0x000000008d800000|  0%| F|  |TAMS 0x000000008d700000, 0x000000008d700000| Untracked 
| 216|0x000000008d800000, 0x000000008d800000, 0x000000008d900000|  0%| F|  |TAMS 0x000000008d800000, 0x000000008d800000| Untracked 
| 217|0x000000008d900000, 0x000000008d900000, 0x000000008da00000|  0%| F|  |TAMS 0x000000008d900000, 0x000000008d900000| Untracked 
| 218|0x000000008da00000, 0x000000008da00000, 0x000000008db00000|  0%| F|  |TAMS 0x000000008da00000, 0x000000008da00000| Untracked 
| 219|0x000000008db00000, 0x000000008db00000, 0x000000008dc00000|  0%| F|  |TAMS 0x000000008db00000, 0x000000008db00000| Untracked 
| 220|0x000000008dc00000, 0x000000008dc00000, 0x000000008dd00000|  0%| F|  |TAMS 0x000000008dc00000, 0x000000008dc00000| Untracked 
| 221|0x000000008dd00000, 0x000000008de00000, 0x000000008de00000|100%| E|  |TAMS 0x000000008dd00000, 0x000000008dd00000| Complete 
| 222|0x000000008de00000, 0x000000008df00000, 0x000000008df00000|100%| E|CS|TAMS 0x000000008de00000, 0x000000008de00000| Complete 
| 223|0x000000008df00000, 0x000000008e000000, 0x000000008e000000|100%| E|CS|TAMS 0x000000008df00000, 0x000000008df00000| Complete 

Card table byte_map: [0x0000013b254d0000,0x0000013b258d0000] _byte_map_base: 0x0000013b250d0000

Marking Bits (Prev, Next): (CMBitMap*) 0x0000013b0d042508, (CMBitMap*) 0x0000013b0d042548
 Prev Bits: [0x0000013b25cd0000, 0x0000013b27cd0000)
 Next Bits: [0x0000013b27cd0000, 0x0000013b29cd0000)

Polling page: 0x0000013b0b7c0000

Metaspace:

Usage:
  Non-class:     13.60 MB capacity,    13.29 MB ( 98%) used,   284.63 KB (  2%) free+waste,    31.63 KB ( <1%) overhead. 
      Class:      2.43 MB capacity,     2.25 MB ( 93%) used,   164.69 KB (  7%) free+waste,    17.88 KB ( <1%) overhead. 
       Both:     16.03 MB capacity,    15.55 MB ( 97%) used,   449.31 KB (  3%) free+waste,    49.50 KB ( <1%) overhead. 

Virtual space:
  Non-class space:       14.00 MB reserved,      13.75 MB ( 98%) committed 
      Class space:        1.00 GB reserved,       2.50 MB ( <1%) committed 
             Both:        1.01 GB reserved,      16.25 MB (  2%) committed 

Chunk freelists:
   Non-Class:  24.00 KB
       Class:  7.00 KB
        Both:  31.00 KB

MaxMetaspaceSize: 17179869184.00 GB
CompressedClassSpaceSize: 1.00 GB

CodeHeap 'non-profiled nmethods': size=120000Kb used=922Kb max_used=922Kb free=119077Kb
 bounds [0x0000013b1cfe0000, 0x0000013b1d250000, 0x0000013b24510000]
CodeHeap 'profiled nmethods': size=120000Kb used=3899Kb max_used=3899Kb free=116100Kb
 bounds [0x0000013b15ab0000, 0x0000013b15e90000, 0x0000013b1cfe0000]
CodeHeap 'non-nmethods': size=5760Kb used=1236Kb max_used=1259Kb free=4523Kb
 bounds [0x0000013b15510000, 0x0000013b15780000, 0x0000013b15ab0000]
 total_blobs=3356 nmethods=1824 adapters=406
 compilation: enabled
              stopped_count=0, restarted_count=0
 full_count=0

Compilation events (20 events):
Event: 4.801 Thread 0x0000013b2cff1800 2015       3       sun.reflect.generics.parser.SignatureParser::parseTypeSig (10 bytes)
Event: 4.801 Thread 0x0000013b2cff1800 nmethod 2015 0x0000013b15e69c90 code [0x0000013b15e69e40, 0x0000013b15e6a0b0]
Event: 4.807 Thread 0x0000013b2cff1800 2016       3       sun.reflect.annotation.AnnotationParser::parseMemberValue (162 bytes)
Event: 4.808 Thread 0x0000013b2cff1800 nmethod 2016 0x0000013b15e6a190 code [0x0000013b15e6a4e0, 0x0000013b15e6b840]
Event: 4.809 Thread 0x0000013b2cff1800 2017       3       java.nio.ByteBuffer::limit (6 bytes)
Event: 4.809 Thread 0x0000013b2cff1800 nmethod 2017 0x0000013b15e6be90 code [0x0000013b15e6c040, 0x0000013b15e6c290]
Event: 4.824 Thread 0x0000013b2cff1800 2018       3       jdk.internal.reflect.NativeConstructorAccessorImpl::newInstance (89 bytes)
Event: 4.827 Thread 0x0000013b2cff1800 nmethod 2018 0x0000013b15e6c310 code [0x0000013b15e6c5c0, 0x0000013b15e6d560]
Event: 4.827 Thread 0x0000013b2cff1800 2020       3       jdk.internal.reflect.ByteVectorImpl::getLength (7 bytes)
Event: 4.828 Thread 0x0000013b2cff1800 nmethod 2020 0x0000013b15e6da10 code [0x0000013b15e6dba0, 0x0000013b15e6dd18]
Event: 4.828 Thread 0x0000013b2cff1800 2022       3       jdk.internal.reflect.ConstantPool::getIntAt (10 bytes)
Event: 4.829 Thread 0x0000013b2cff1800 nmethod 2022 0x0000013b15e6dd90 code [0x0000013b15e6df40, 0x0000013b15e6e0f0]
Event: 4.829 Thread 0x0000013b2cff1800 2024       3       jdk.internal.loader.AbstractClassLoaderValue$Sub::hashCode (19 bytes)
Event: 4.829 Thread 0x0000013b2e7ec800 1964   !   4       java.util.concurrent.ConcurrentHashMap::putVal (432 bytes)
Event: 4.829 Thread 0x0000013b2cff1800 nmethod 2024 0x0000013b15e6e190 code [0x0000013b15e6e360, 0x0000013b15e6e760]
Event: 4.880 Thread 0x0000013b2e7ec800 nmethod 1964 0x0000013b1d0bd190 code [0x0000013b1d0bd3c0, 0x0000013b1d0bea90]
Event: 4.880 Thread 0x0000013b2e7ec800 2021       4       java.util.HashMap::hash (20 bytes)
Event: 4.881 Thread 0x0000013b2e7ec800 nmethod 2021 0x0000013b1d0bf710 code [0x0000013b1d0bf8a0, 0x0000013b1d0bf978]
Event: 4.882 Thread 0x0000013b2e7ec800 1950       4       java.security.AccessController::checkContext (49 bytes)
Event: 4.882 Thread 0x0000013b2e7ec800 nmethod 1950 0x0000013b1d0bfa90 code [0x0000013b1d0bfc20, 0x0000013b1d0bfc98]

GC Heap History (3 events):
Event: 1.044 GC heap before
{Heap before GC invocations=0 (full 0):
 garbage-first heap   total 229376K, used 29696K [0x0000000080000000, 0x0000000100000000)
  region size 1024K, 24 young (24576K), 0 survivors (0K)
 Metaspace       used 3306K, capacity 6229K, committed 6400K, reserved 1056768K
  class space    used 433K, capacity 739K, committed 768K, reserved 1048576K
}
Event: 1.050 GC heap after
{Heap after GC invocations=1 (full 0):
 garbage-first heap   total 229376K, used 9513K [0x0000000080000000, 0x0000000100000000)
  region size 1024K, 3 young (3072K), 3 survivors (3072K)
 Metaspace       used 3306K, capacity 6229K, committed 6400K, reserved 1056768K
  class space    used 433K, capacity 739K, committed 768K, reserved 1048576K
}
Event: 4.891 GC heap before
{Heap before GC invocations=1 (full 0):
 garbage-first heap   total 229376K, used 143657K [0x0000000080000000, 0x0000000100000000)
  region size 1024K, 134 young (137216K), 3 survivors (3072K)
 Metaspace       used 15508K, capacity 15980K, committed 16128K, reserved 1062912K
  class space    used 2262K, capacity 2452K, committed 2560K, reserved 1048576K
}

Deoptimization events (20 events):
Event: 4.221 Thread 0x0000013b2eb88800 Uncommon trap: trap_request=0xffffff45 fr.pc=0x0000013b1cff96e0 relative=0x0000000000000460
Event: 4.221 Thread 0x0000013b2eb88800 Uncommon trap: reason=unstable_if action=reinterpret pc=0x0000013b1cff96e0 method=java.util.regex.Matcher.match(II)Z @ 76 c2
Event: 4.221 Thread 0x0000013b2eb88800 DEOPT PACKING pc=0x0000013b1cff96e0 sp=0x000000247b5f82a0
Event: 4.221 Thread 0x0000013b2eb88800 DEOPT UNPACKING pc=0x0000013b1555912f sp=0x000000247b5f8270 mode 2
Event: 4.287 Thread 0x0000013b2eb88800 Uncommon trap: trap_request=0xffffffc6 fr.pc=0x0000013b1d05bd34 relative=0x0000000000000094
Event: 4.287 Thread 0x0000013b2eb88800 Uncommon trap: reason=bimorphic_or_optimized_type_check action=maybe_recompile pc=0x0000013b1d05bd34 method=java.util.AbstractList$Itr.hasNext()Z @ 8 c2
Event: 4.287 Thread 0x0000013b2eb88800 DEOPT PACKING pc=0x0000013b1d05bd34 sp=0x000000247b5fa3d0
Event: 4.287 Thread 0x0000013b2eb88800 DEOPT UNPACKING pc=0x0000013b1555912f sp=0x000000247b5fa368 mode 2
Event: 4.287 Thread 0x0000013b2eb88800 Uncommon trap: trap_request=0xffffffc6 fr.pc=0x0000013b1d05c134 relative=0x0000000000000114
Event: 4.287 Thread 0x0000013b2eb88800 Uncommon trap: reason=bimorphic_or_optimized_type_check action=maybe_recompile pc=0x0000013b1d05c134 method=java.util.AbstractList$Itr.next()Ljava/lang/Object; @ 14 c2
Event: 4.287 Thread 0x0000013b2eb88800 DEOPT PACKING pc=0x0000013b1d05c134 sp=0x000000247b5fa3c0
Event: 4.287 Thread 0x0000013b2eb88800 DEOPT UNPACKING pc=0x0000013b1555912f sp=0x000000247b5fa358 mode 2
Event: 4.288 Thread 0x0000013b2eb88800 Uncommon trap: trap_request=0xffffff45 fr.pc=0x0000013b1d058a20 relative=0x0000000000000660
Event: 4.288 Thread 0x0000013b2eb88800 Uncommon trap: reason=unstable_if action=reinterpret pc=0x0000013b1d058a20 method=java.io.File.getName()Ljava/lang/String; @ 16 c2
Event: 4.288 Thread 0x0000013b2eb88800 DEOPT PACKING pc=0x0000013b1d058a20 sp=0x000000247b5fb0c0
Event: 4.288 Thread 0x0000013b2eb88800 DEOPT UNPACKING pc=0x0000013b1555912f sp=0x000000247b5fb090 mode 2
Event: 4.288 Thread 0x0000013b2eb88800 Uncommon trap: trap_request=0xffffff45 fr.pc=0x0000013b1d055eb0 relative=0x00000000000004f0
Event: 4.288 Thread 0x0000013b2eb88800 Uncommon trap: reason=unstable_if action=reinterpret pc=0x0000013b1d055eb0 method=java.lang.String.substring(I)Ljava/lang/String; @ 34 c2
Event: 4.288 Thread 0x0000013b2eb88800 DEOPT PACKING pc=0x0000013b1d055eb0 sp=0x000000247b5fb040
Event: 4.288 Thread 0x0000013b2eb88800 DEOPT UNPACKING pc=0x0000013b1555912f sp=0x000000247b5fb018 mode 2

Classes unloaded (0 events):
No events

Classes redefined (0 events):
No events

Internal exceptions (20 events):
Event: 0.701 Thread 0x0000013b0cffa800 Exception <a 'java/lang/NoClassDefFoundError'{0x000000008d197cb8}: org/slf4j/impl/StaticMarkerBinder> (0x000000008d197cb8) 
thrown [t:/workspace/open/src/hotspot/share/classfile/systemDictionary.cpp, line 221]
Event: 0.815 Thread 0x0000013b0cffa800 Exception <a 'java/lang/NoSuchMethodError'{0x000000008ceb45f0}: 'java.lang.Object java.lang.invoke.DirectMethodHandle$Holder.invokeVirtual(java.lang.Object, java.lang.Object, java.lang.Object, java.lang.Object, java.lang.Object, java.lang.Object, java.lang.Object)'> (0x000000008ceb45f0) 
thrown [t:/workspace/open/src/hotspot/share/interpreter/linkResolver.cpp, line 767]
Event: 0.819 Thread 0x0000013b0cffa800 Exception <a 'java/lang/NoSuchMethodError'{0x000000008cec7f60}: 'java.lang.Object java.lang.invoke.Invokers$Holder.invoker(java.lang.Object, java.lang.Object, java.lang.Object)'> (0x000000008cec7f60) 
thrown [t:/workspace/open/src/hotspot/share/interpreter/linkResolver.cpp, line 767]
Event: 0.823 Thread 0x0000013b0cffa800 Exception <a 'java/lang/NoSuchMethodError'{0x000000008ced8058}: 'void java.lang.invoke.DelegatingMethodHandle$Holder.delegate(java.lang.Object, java.lang.Object, int, java.lang.Object)'> (0x000000008ced8058) 
thrown [t:/workspace/open/src/hotspot/share/interpreter/linkResolver.cpp, line 767]
Event: 2.058 Thread 0x0000013b0cffa800 Exception <a 'java/lang/NoSuchMethodError'{0x000000008a87bd98}: 'java.lang.Object java.lang.invoke.DirectMethodHandle$Holder.invokeStaticInit(java.lang.Object, java.lang.Object, java.lang.Object)'> (0x000000008a87bd98) 
thrown [t:/workspace/open/src/hotspot/share/interpreter/linkResolver.cpp, line 767]
Event: 2.243 Thread 0x0000013b0cffa800 Exception <a 'java/lang/NoSuchMethodError'{0x000000008a2af1f8}: 'java.lang.Object java.lang.invoke.DirectMethodHandle$Holder.invokeStaticInit(java.lang.Object, int, int, int, int)'> (0x000000008a2af1f8) 
thrown [t:/workspace/open/src/hotspot/share/interpreter/linkResolver.cpp, line 767]
Event: 2.600 Thread 0x0000013b0cffa800 Exception <a 'java/lang/NoSuchMethodError'{0x000000008a121490}: 'java.lang.Object java.lang.invoke.DirectMethodHandle$Holder.invokeStaticInit(java.lang.Object, java.lang.Object, int, int, int, int)'> (0x000000008a121490) 
thrown [t:/workspace/open/src/hotspot/share/interpreter/linkResolver.cpp, line 767]
Event: 3.556 Thread 0x0000013b0cffa800 Exception <a 'java/io/IOException'{0x0000000089f076b0}> (0x0000000089f076b0) 
thrown [t:/workspace/open/src/hotspot/share/prims/jni.cpp, line 598]
Event: 3.586 Thread 0x0000013b2e371000 Exception <a 'java/lang/NoSuchMethodError'{0x0000000089fde9c8}: 'java.lang.Object java.lang.invoke.Invokers$Holder.linkToTargetMethod(java.lang.Object, int, java.lang.Object)'> (0x0000000089fde9c8) 
thrown [t:/workspace/open/src/hotspot/share/interpreter/linkResolver.cpp, line 767]
Event: 3.724 Thread 0x0000013b2eb88800 Exception <a 'java/lang/NoSuchMethodError'{0x00000000899eca98}: 'long java.lang.invoke.DirectMethodHandle$Holder.invokeInterface(java.lang.Object, java.lang.Object)'> (0x00000000899eca98) 
thrown [t:/workspace/open/src/hotspot/share/interpreter/linkResolver.cpp, line 767]
Event: 3.726 Thread 0x0000013b2eb88800 Exception <a 'java/lang/NoSuchMethodError'{0x00000000899f89b8}: 'void java.lang.invoke.DelegatingMethodHandle$Holder.reinvoke_L(java.lang.Object, java.lang.Object, java.lang.Object, java.lang.Object, java.lang.Object, java.lang.Object, java.lang.Object)'> (0x00000000899f89b8) 
thrown [t:/workspace/open/src/hotspot/share/interpreter/linkResolver.cpp, line 767]
Event: 4.183 Thread 0x0000013b2eb88800 Exception <a 'java/lang/NoSuchMethodError'{0x0000000087c93f30}: 'void java.lang.invoke.DirectMethodHandle$Holder.invokeStaticInit(java.lang.Object)'> (0x0000000087c93f30) 
thrown [t:/workspace/open/src/hotspot/share/interpreter/linkResolver.cpp, line 767]
Event: 4.201 Thread 0x0000013b2eb88800 Exception <a 'java/lang/NoSuchMethodError'{0x0000000087b40128}: 'java.lang.Object java.lang.invoke.DirectMethodHandle$Holder.invokeStatic(java.lang.Object, java.lang.Object, java.lang.Object, int)'> (0x0000000087b40128) 
thrown [t:/workspace/open/src/hotspot/share/interpreter/linkResolver.cpp, line 767]
Event: 4.201 Thread 0x0000013b2eb88800 Exception <a 'java/lang/NoSuchMethodError'{0x0000000087b44408}: 'java.lang.Object java.lang.invoke.DirectMethodHandle$Holder.invokeSpecial(java.lang.Object, java.lang.Object, java.lang.Object, java.lang.Object, int)'> (0x0000000087b44408) 
thrown [t:/workspace/open/src/hotspot/share/interpreter/linkResolver.cpp, line 767]
Event: 4.201 Thread 0x0000013b2eb88800 Exception <a 'java/lang/NoSuchMethodError'{0x0000000087b47f68}: 'java.lang.Object java.lang.invoke.Invokers$Holder.linkToTargetMethod(java.lang.Object, java.lang.Object, int, java.lang.Object)'> (0x0000000087b47f68) 
thrown [t:/workspace/open/src/hotspot/share/interpreter/linkResolver.cpp, line 767]
Event: 4.353 Thread 0x0000013b2eb88800 Exception <a 'java/lang/NoSuchMethodError'{0x0000000087476f18}: 'int java.lang.invoke.DirectMethodHandle$Holder.invokeSpecialIFC(java.lang.Object, java.lang.Object, java.lang.Object, java.lang.Object)'> (0x0000000087476f18) 
thrown [t:/workspace/open/src/hotspot/share/interpreter/linkResolver.cpp, line 767]
Event: 4.356 Thread 0x0000013b2eb88800 Exception <a 'java/lang/NoSuchMethodError'{0x00000000874848a0}: 'java.lang.Object java.lang.invoke.DirectMethodHandle$Holder.invokeInterface(java.lang.Object, java.lang.Object, java.lang.Object)'> (0x00000000874848a0) 
thrown [t:/workspace/open/src/hotspot/share/interpreter/linkResolver.cpp, line 767]
Event: 4.357 Thread 0x0000013b2eb88800 Exception <a 'java/lang/IncompatibleClassChangeError'{0x0000000087487a50}: Found class java.lang.Object, but interface was expected> (0x0000000087487a50) 
thrown [t:/workspace/open/src/hotspot/share/interpreter/linkResolver.cpp, line 833]
Event: 4.577 Thread 0x0000013b2eb88800 Exception <a 'java/lang/NoSuchMethodError'{0x000000008686c4a0}: 'java.lang.Object java.lang.invoke.DirectMethodHandle$Holder.invokeSpecial(java.lang.Object, java.lang.Object, java.lang.Object, java.lang.Object, java.lang.Object, java.lang.Object, java.lang.Object, java.lang.Object, java.lang.Object)'> (0x000000008686c4a0) 
thrown [t:/workspace/open/src/hotspot/share/interpreter/linkResolver.cpp, line 767]
Event: 4.708 Thread 0x0000013b2eb88800 Exception <a 'java/lang/NoSuchMethodError'{0x0000000085e89d70}: 'java.lang.Object java.lang.invoke.DirectMethodHandle$Holder.invokeVirtual(java.lang.Object, java.lang.Object, java.lang.Object, java.lang.Object)'> (0x0000000085e89d70) 
thrown [t:/workspace/open/src/hotspot/share/interpreter/linkResolver.cpp, line 767]

Events (20 events):
Event: 4.881 loading class org/gradle/internal/reflect/PropertyAccessorType$1 done
Event: 4.882 loading class org/gradle/internal/reflect/PropertyAccessorType$2
Event: 4.882 loading class org/gradle/internal/reflect/PropertyAccessorType$2 done
Event: 4.882 loading class org/gradle/internal/reflect/PropertyAccessorType$3
Event: 4.882 loading class org/gradle/internal/reflect/PropertyAccessorType$3 done
Event: 4.888 loading class org/gradle/internal/reflect/MethodSet$MethodKey
Event: 4.888 loading class org/gradle/internal/reflect/MethodSet$MethodKey done
Event: 4.889 loading class java/beans/Introspector
Event: 4.889 loading class java/beans/Introspector done
Event: 4.889 loading class java/beans/EventSetDescriptor
Event: 4.890 loading class java/beans/FeatureDescriptor
Event: 4.890 loading class java/beans/FeatureDescriptor done
Event: 4.890 loading class java/beans/EventSetDescriptor done
Event: 4.890 loading class java/beans/Introspector$1
Event: 4.890 loading class jdk/internal/access/JavaBeansAccess
Event: 4.890 loading class jdk/internal/access/JavaBeansAccess done
Event: 4.890 loading class java/beans/Introspector$1 done
Event: 4.890 loading class org/gradle/internal/reflect/MutablePropertyDetails
Event: 4.890 loading class org/gradle/internal/reflect/MutablePropertyDetails done
Event: 4.890 Executing VM operation: G1CollectForAllocation


Dynamic libraries:
0x00007ff7f5d90000 - 0x00007ff7f5d9f000 	C:\Program Files\Java\jdk-13.0.2\bin\java.exe
0x00007fffd64f0000 - 0x00007fffd66e5000 	C:\WINDOWS\SYSTEM32\ntdll.dll
0x00007fffd61a0000 - 0x00007fffd625e000 	C:\WINDOWS\System32\KERNEL32.DLL
0x00007fffd3d70000 - 0x00007fffd4038000 	C:\WINDOWS\System32\KERNELBASE.dll
0x00007fffd40d0000 - 0x00007fffd41d0000 	C:\WINDOWS\System32\ucrtbase.dll
0x00007fffc6dd0000 - 0x00007fffc6de8000 	C:\Program Files\Java\jdk-13.0.2\bin\jli.dll
0x00007fffc3be0000 - 0x00007fffc3bf5000 	C:\Program Files\Java\jdk-13.0.2\bin\VCRUNTIME140.dll
0x00007fffd4700000 - 0x00007fffd47ac000 	C:\WINDOWS\System32\ADVAPI32.dll
0x00007fffd5a70000 - 0x00007fffd5b0e000 	C:\WINDOWS\System32\msvcrt.dll
0x00007fffd6410000 - 0x00007fffd64ab000 	C:\WINDOWS\System32\sechost.dll
0x00007fffd5100000 - 0x00007fffd522a000 	C:\WINDOWS\System32\RPCRT4.dll
0x00007fffd5ff0000 - 0x00007fffd6191000 	C:\WINDOWS\System32\USER32.dll
0x00007fffd2300000 - 0x00007fffd259a000 	C:\WINDOWS\WinSxS\amd64_microsoft.windows.common-controls_6595b64144ccf1df_6.0.19041.1110_none_60b5254171f9507e\COMCTL32.dll
0x00007fffd5b10000 - 0x00007fffd5b3b000 	C:\WINDOWS\System32\GDI32.dll
0x00007fffd43d0000 - 0x00007fffd43f2000 	C:\WINDOWS\System32\win32u.dll
0x00007fffd3c60000 - 0x00007fffd3d6d000 	C:\WINDOWS\System32\gdi32full.dll
0x00007fffca250000 - 0x00007fffca25a000 	C:\WINDOWS\SYSTEM32\VERSION.dll
0x00007fffd41d0000 - 0x00007fffd426d000 	C:\WINDOWS\System32\msvcp_win.dll
0x00007fffd5240000 - 0x00007fffd5270000 	C:\WINDOWS\System32\IMM32.DLL
0x00007fff9c660000 - 0x00007fff9c6fb000 	C:\Program Files\Java\jdk-13.0.2\bin\msvcp140.dll
0x00007fff89890000 - 0x00007fff8a3ed000 	C:\Program Files\Java\jdk-13.0.2\bin\server\jvm.dll
0x00007fffd5230000 - 0x00007fffd5238000 	C:\WINDOWS\System32\PSAPI.DLL
0x00007fffd3400000 - 0x00007fffd3409000 	C:\WINDOWS\SYSTEM32\WSOCK32.dll
0x00007fffca260000 - 0x00007fffca287000 	C:\WINDOWS\SYSTEM32\WINMM.dll
0x00007fffd5b40000 - 0x00007fffd5bab000 	C:\WINDOWS\System32\WS2_32.dll
0x00007fffd14a0000 - 0x00007fffd14b2000 	C:\WINDOWS\SYSTEM32\kernel.appcore.dll
0x00007fffc6dc0000 - 0x00007fffc6dd0000 	C:\Program Files\Java\jdk-13.0.2\bin\verify.dll
0x00007fffd3620000 - 0x00007fffd3804000 	C:\WINDOWS\SYSTEM32\DBGHELP.DLL
0x00007fffd33b0000 - 0x00007fffd33dc000 	C:\WINDOWS\SYSTEM32\dbgcore.DLL
0x00007fffd4040000 - 0x00007fffd40c2000 	C:\WINDOWS\System32\bcryptPrimitives.dll
0x00007fffbb8d0000 - 0x00007fffbb8f6000 	C:\Program Files\Java\jdk-13.0.2\bin\java.dll
0x00007fffc3bc0000 - 0x00007fffc3bd7000 	C:\Program Files\Java\jdk-13.0.2\bin\zip.dll
0x00007fffc6d80000 - 0x00007fffc6d8a000 	C:\Program Files\Java\jdk-13.0.2\bin\jimage.dll
0x00007fffd5320000 - 0x00007fffd5a64000 	C:\WINDOWS\System32\SHELL32.dll
0x00007fffd16a0000 - 0x00007fffd1e34000 	C:\WINDOWS\SYSTEM32\windows.storage.dll
0x00007fffd5c90000 - 0x00007fffd5fe5000 	C:\WINDOWS\System32\combase.dll
0x00007fffd3200000 - 0x00007fffd322e000 	C:\WINDOWS\SYSTEM32\Wldp.dll
0x00007fffd4a90000 - 0x00007fffd4b3d000 	C:\WINDOWS\System32\SHCORE.dll
0x00007fffd5c10000 - 0x00007fffd5c65000 	C:\WINDOWS\System32\shlwapi.dll
0x00007fffd3b40000 - 0x00007fffd3b5f000 	C:\WINDOWS\SYSTEM32\profapi.dll
0x00007fffbdb60000 - 0x00007fffbdb79000 	C:\Program Files\Java\jdk-13.0.2\bin\net.dll
0x00007fffc45f0000 - 0x00007fffc46fc000 	C:\WINDOWS\SYSTEM32\WINHTTP.dll
0x00007fffd2f80000 - 0x00007fffd2fea000 	C:\WINDOWS\system32\mswsock.dll
0x00007fffbced0000 - 0x00007fffbcee3000 	C:\Program Files\Java\jdk-13.0.2\bin\nio.dll
0x00007fffc3c00000 - 0x00007fffc3c27000 	C:\Users\jeffe\.gradle\native\e1d6ef7f7dcc3fd88c89a11ec53ec762bb8ba0a96d01ffa2cd45eb1d1d8dd5c5\windows-amd64\native-platform.dll
0x00007fff90d80000 - 0x00007fff90ec4000 	C:\Users\jeffe\.gradle\native\5664cfc778a61ccfe75a443a1ab52a65af34e5dc3c78e0209fed803814484fcb\windows-amd64\native-platform-file-events.dll
0x00007fffc6870000 - 0x00007fffc6879000 	C:\Program Files\Java\jdk-13.0.2\bin\management.dll
0x00007fffc6740000 - 0x00007fffc674b000 	C:\Program Files\Java\jdk-13.0.2\bin\management_ext.dll
0x00007fffd3980000 - 0x00007fffd3998000 	C:\WINDOWS\SYSTEM32\CRYPTSP.dll
0x00007fffd28a0000 - 0x00007fffd28d4000 	C:\WINDOWS\system32\rsaenh.dll
0x00007fffd4400000 - 0x00007fffd4427000 	C:\WINDOWS\System32\bcrypt.dll
0x00007fffd3b00000 - 0x00007fffd3b2e000 	C:\WINDOWS\SYSTEM32\USERENV.dll
0x00007fffd3170000 - 0x00007fffd317c000 	C:\WINDOWS\SYSTEM32\CRYPTBASE.dll
0x00007fffd2c70000 - 0x00007fffd2cab000 	C:\WINDOWS\SYSTEM32\IPHLPAPI.DLL
0x00007fffd5310000 - 0x00007fffd5318000 	C:\WINDOWS\System32\NSI.dll
0x00007fffcb910000 - 0x00007fffcb927000 	C:\WINDOWS\SYSTEM32\dhcpcsvc6.DLL
0x00007fffcae60000 - 0x00007fffcae7d000 	C:\WINDOWS\SYSTEM32\dhcpcsvc.DLL
0x00007fffd2cb0000 - 0x00007fffd2d7b000 	C:\WINDOWS\SYSTEM32\DNSAPI.dll

dbghelp: loaded successfully - version: 4.0.5 - missing functions: none
symbol engine: initialized successfully - sym options: 0x614 - pdb path: .;C:\Program Files\Java\jdk-13.0.2\bin;C:\WINDOWS\SYSTEM32;C:\WINDOWS\WinSxS\amd64_microsoft.windows.common-controls_6595b64144ccf1df_6.0.19041.1110_none_60b5254171f9507e;C:\Program Files\Java\jdk-13.0.2\bin\server;C:\Users\jeffe\.gradle\native\e1d6ef7f7dcc3fd88c89a11ec53ec762bb8ba0a96d01ffa2cd45eb1d1d8dd5c5\windows-amd64;C:\Users\jeffe\.gradle\native\5664cfc778a61ccfe75a443a1ab52a65af34e5dc3c78e0209fed803814484fcb\windows-amd64

VM Arguments:
jvm_args: --add-opens=java.base/java.util=ALL-UNNAMED --add-opens=java.base/java.lang=ALL-UNNAMED --add-opens=java.base/java.lang.invoke=ALL-UNNAMED --add-opens=java.base/java.util=ALL-UNNAMED --add-opens=java.prefs/java.util.prefs=ALL-UNNAMED --add-opens=java.prefs/java.util.prefs=ALL-UNNAMED --add-opens=java.base/java.nio.charset=ALL-UNNAMED --add-opens=java.base/java.net=ALL-UNNAMED --add-opens=java.base/java.util.concurrent.atomic=ALL-UNNAMED -Xmx2048m -Dfile.encoding=UTF-8 -Duser.country=PH -Duser.language=en -Duser.variant 
java_command: org.gradle.launcher.daemon.bootstrap.GradleDaemon 7.3.2
java_class_path (initial): C:\Users\jeffe\.gradle\wrapper\dists\gradle-7.3.2-bin\4k4cn06q0rruwh9dpndf9gmi8\gradle-7.3.2\lib\gradle-launcher-7.3.2.jar
Launcher Type: SUN_STANDARD

[Global flags]
     intx CICompilerCount                          = 4                                         {product} {ergonomic}
     uint ConcGCThreads                            = 2                                         {product} {ergonomic}
     uint G1ConcRefinementThreads                  = 8                                         {product} {ergonomic}
   size_t G1HeapRegionSize                         = 1048576                                   {product} {ergonomic}
    uintx GCDrainStackTargetSize                   = 64                                        {product} {ergonomic}
   size_t InitialHeapSize                          = 234881024                                 {product} {ergonomic}
   size_t MarkStackSize                            = 4194304                                   {product} {ergonomic}
   size_t MaxHeapSize                              = 2147483648                                {product} {command line}
   size_t MaxNewSize                               = 1287651328                                {product} {ergonomic}
   size_t MinHeapDeltaBytes                        = 1048576                                   {product} {ergonomic}
   size_t MinHeapSize                              = 8388608                                   {product} {ergonomic}
    uintx NonNMethodCodeHeapSize                   = 5839372                                {pd product} {ergonomic}
    uintx NonProfiledCodeHeapSize                  = 122909434                              {pd product} {ergonomic}
    uintx ProfiledCodeHeapSize                     = 122909434                              {pd product} {ergonomic}
    uintx ReservedCodeCacheSize                    = 251658240                              {pd product} {ergonomic}
     bool SegmentedCodeCache                       = true                                      {product} {ergonomic}
   size_t SoftMaxHeapSize                          = 2147483648                             {manageable} {ergonomic}
     bool UseCompressedClassPointers               = true                                 {lp64_product} {ergonomic}
     bool UseCompressedOops                        = true                                 {lp64_product} {ergonomic}
     bool UseG1GC                                  = true                                      {product} {ergonomic}
     bool UseLargePagesIndividualAllocation        = false                                  {pd product} {ergonomic}

Logging:
Log output configuration:
 #0: stdout all=warning uptime,level,tags
 #1: stderr all=off uptime,level,tags

Environment Variables:
JAVA_HOME=C:\Program Files\Java\jdk-13.0.2
PATH=C:\Program Files (x86)\Razer Chroma SDK\bin;C:\Program Files\Razer Chroma SDK\bin;C:\Program Files (x86)\Razer\ChromaBroadcast\bin;C:\Program Files\Razer\ChromaBroadcast\bin;C:\WINDOWS\system32;C:\WINDOWS;C:\WINDOWS\System32\Wbem;C:\WINDOWS\System32\WindowsPowerShell\v1.0\;C:\WINDOWS\System32\OpenSSH\;C:\Program Files\Java\jdk-13.0.2\bin;C:\Program Files\MySQL\MySQL Server 5.5\bin;C:\WINDOWS\system32\config\systemprofile\AppData\Local\Microsoft\WindowsApps;C:\Users\jeffe\AppData\Local\Microsoft\WindowsApps;C:\xampp\php;C:\ProgramData\ComposerSetup\bin;C:\Program Files\Git\cmd;C:\Program Files\MySQL\MySQL Shell 8.0\bin\;C:\Users\jeffe\AppData\Local\Microsoft\WindowsApps;C:\Users\jeffe\AppData\Roaming\Composer\vendor\bin
USERNAME=jeffe
OS=Windows_NT
PROCESSOR_IDENTIFIER=AMD64 Family 23 Model 24 Stepping 1, AuthenticAMD



---------------  S Y S T E M  ---------------

OS: Windows 10 , 64 bit Build 19041 (10.0.19041.1348)

CPU:total 8 (initial active 8) (8 cores per cpu, 2 threads per core) family 23 model 24 stepping 1, cmov, cx8, fxsr, mmx, sse, sse2, sse3, ssse3, sse4.1, sse4.2, popcnt, avx, avx2, aes, clmul, mmxext, 3dnowpref, lzcnt, sse4a, ht, tsc, tscinvbit, tscinv, bmi1, bmi2, adx, sha, fma

Memory: 4k page, system-wide physical 14274M (7890M free)
TotalPageFile size 16450M (AvailPageFile size 7564M)
current process WorkingSet (physical memory assigned to process): 265M, peak: 265M
current process commit charge ("private bytes"): 392M, peak: 392M

vm_info: Java HotSpot(TM) 64-Bit Server VM (13.0.2+8) for windows-amd64 JRE (13.0.2+8), built on Dec 11 2019 09:20:33 by "mach5one" with unknown MS VC++:1916

END.
