#
# A fatal error has been detected by the Java Runtime Environment:
#
#  EXCEPTION_ACCESS_VIOLATION (0xc0000005) at pc=0x00007ff87b8b7f98, pid=8308, tid=10028
#
# JRE version: OpenJDK Runtime Environment (11.0.10) (build 11.0.10+0-b96-7249189)
# Java VM: OpenJDK 64-Bit Server VM (11.0.10+0-b96-7249189, mixed mode, tiered, compressed oops, g1 gc, windows-amd64)
# Problematic frame:
# V  [jvm.dll+0x357f98]
#
# No core dump will be written. Minidumps are not enabled by default on client versions of Windows
#
# If you would like to submit a bug report, please visit:
#   https://bugreport.java.com/bugreport/crash.jsp
#

---------------  S U M M A R Y ------------

Command Line: --add-opens=java.base/java.util=ALL-UNNAMED --add-opens=java.base/java.lang=ALL-UNNAMED --add-opens=java.base/java.lang.invoke=ALL-UNNAMED --add-opens=java.base/java.util=ALL-UNNAMED --add-opens=java.prefs/java.util.prefs=ALL-UNNAMED --add-opens=java.prefs/java.util.prefs=ALL-UNNAMED --add-opens=java.base/java.nio.charset=ALL-UNNAMED --add-opens=java.base/java.net=ALL-UNNAMED --add-opens=java.base/java.util.concurrent.atomic=ALL-UNNAMED -Xmx2048m -Dfile.encoding=UTF-8 -Duser.country=PH -Duser.language=en -Duser.variant org.gradle.launcher.daemon.bootstrap.GradleDaemon 7.0.2

Host: AMD Ryzen 5 3550H with Radeon Vega Mobile Gfx  , 8 cores, 13G,  Windows 10 , 64 bit Build 19041 (10.0.19041.1320)
Time: Tue Nov  9 13:41:33 2021 Malay Peninsula Standard Time elapsed time: 419.660698 seconds (0d 0h 6m 59s)

---------------  T H R E A D  ---------------

Current thread (0x000001cfdc9b4000):  JavaThread "C2 CompilerThread1" daemon [_thread_in_native, id=10028, stack(0x0000009eaeb00000,0x0000009eaec00000)]


Current CompileTask:
C2: 419660 12082       4       org.gradle.internal.logging.sink.OutputEventTransformer::onOutput (399 bytes)

Stack: [0x0000009eaeb00000,0x0000009eaec00000],  sp=0x0000009eaebfb9d8,  free space=1006k
Native frames: (J=compiled Java code, j=interpreted, Vv=VM code, C=native code)
V  [jvm.dll+0x357f98]


siginfo: EXCEPTION_ACCESS_VIOLATION (0xc0000005), writing address 0x00007df87bf57c38


Register to memory mapping:

RIP=0x00007ff87b8b7f98 jvm.dll
RAX=0x0000009eaebfe530 is pointing into the stack for thread: 0x000001cfdc9b4000
RBX=0x0000009eaebfbd60 is pointing into the stack for thread: 0x000001cfdc9b4000
RCX=0x000001cfe21ea580 points into unknown readable memory: 0x000001cfe21eb020 | 20 b0 1e e2 cf 01 00 00
RDX=0x0000009eaebff1f0 is pointing into the stack for thread: 0x000001cfdc9b4000
RSP=0x0000009eaebfb9d8 is pointing into the stack for thread: 0x000001cfdc9b4000
RBP=0x000000000000070f is an unknown value
RSI=0x000001cfe88460e0 points into unknown readable memory: 0x0000000000000000 | 00 00 00 00 00 00 00 00
RDI=0x0000000000000013 is an unknown value
R8 =0x000001cfe3e45a48 points into unknown readable memory: 0x000001cfdc9b4000 | 00 40 9b dc cf 01 00 00
R9 =0x00007df87bf57c38 is an unknown value
R10=0x0000000000000098 is an unknown value
R11=0x000001cfe88460e0 points into unknown readable memory: 0x0000000000000000 | 00 00 00 00 00 00 00 00
R12=0x000001cfe32726c0 points into unknown readable memory: 0x000001cfe87ff770 | 70 f7 7f e8 cf 01 00 00
R13=0x000001cfe3272710 points into unknown readable memory: 0x000001cfe518fb10 | 10 fb 18 e5 cf 01 00 00
R14=0x000001cfe31ffa08 points into unknown readable memory: 0x00007ff87bd48568 | 68 85 d4 7b f8 7f 00 00
R15=0x000001cfe1a42e30 points into unknown readable memory: 0x6c2f617600000006 | 06 00 00 00 76 61 2f 6c


Registers:
RAX=0x0000009eaebfe530, RBX=0x0000009eaebfbd60, RCX=0x000001cfe21ea580, RDX=0x0000009eaebff1f0
RSP=0x0000009eaebfb9d8, RBP=0x000000000000070f, RSI=0x000001cfe88460e0, RDI=0x0000000000000013
R8 =0x000001cfe3e45a48, R9 =0x00007df87bf57c38, R10=0x0000000000000098, R11=0x000001cfe88460e0
R12=0x000001cfe32726c0, R13=0x000001cfe3272710, R14=0x000001cfe31ffa08, R15=0x000001cfe1a42e30
RIP=0x00007ff87b8b7f98, EFLAGS=0x0000000000010206

Top of Stack: (sp=0x0000009eaebfb9d8)
0x0000009eaebfb9d8:   00007ff87ba4a977 000000000000005e
0x0000009eaebfb9e8:   0000009eaebfbd60 00000000000002e8
0x0000009eaebfb9f8:   000001cfe38ba810 000001cfe3e45a48
0x0000009eaebfba08:   000001cfe1a42e30 000001cfe32726c0
0x0000009eaebfba18:   000001cfe3272710 00000000002e7070
0x0000009eaebfba28:   000001cfe327a6a8 00007ff87bdcde48
0x0000009eaebfba38:   000001cfe1a42e30 0000000000000040
0x0000009eaebfba48:   000001cfe37c12d0 0000000000002fcf
0x0000009eaebfba58:   000001cfdebca910 0000000000000000
0x0000009eaebfba68:   000001cfdebca920 00000000000003d8
0x0000009eaebfba78:   0000000000002fcf 00000000ffffff01
0x0000009eaebfba88:   0000009eaebfbba0 0000009eaebfbfa0
0x0000009eaebfba98:   00007ff87b880b02 0000009e00000001
0x0000009eaebfbaa8:   0000009e00000001 0000000000000000
0x0000009eaebfbab8:   000001cfe87ff780 000001cf1fffff01
0x0000009eaebfbac8:   0000000000000411 0000000000000000 

Instructions: (pc=0x00007ff87b8b7f98)
0x00007ff87b8b7e98:   01 41 89 09 49 8b c9 41 89 41 08 e8 78 33 e4 ff
0x00007ff87b8b7ea8:   eb 8a cc cc cc cc cc cc 40 53 48 83 ec 20 8b 0d
0x00007ff87b8b7eb8:   c0 b8 6d 00 65 48 8b 04 25 58 00 00 00 ba 08 00
0x00007ff87b8b7ec8:   00 00 48 8b 04 c8 48 8b 0c 10 48 8b 81 d0 04 00
0x00007ff87b8b7ed8:   00 48 8b 98 88 00 00 00 48 8b 83 88 08 00 00 48
0x00007ff87b8b7ee8:   85 c0 75 0c e8 ff 06 00 00 48 8b 83 88 08 00 00
0x00007ff87b8b7ef8:   48 8b 08 48 89 8b 88 08 00 00 33 c9 48 89 08 48
0x00007ff87b8b7f08:   89 48 08 48 89 48 10 48 89 48 18 48 83 c4 20 5b
0x00007ff87b8b7f18:   c3 cc cc cc cc cc cc cc 48 89 5c 24 08 57 48 83
0x00007ff87b8b7f28:   ec 20 8b da 48 8b f9 e8 7c ff ff ff 48 8b 4f 08
0x00007ff87b8b7f38:   8b d3 48 8b 5c 24 30 48 c1 ea 08 48 89 04 d1 48
0x00007ff87b8b7f48:   83 c4 20 5f c3 cc cc cc 4c 8b d9 8b c2 8b 15 21
0x00007ff87b8b7f58:   b8 6d 00 4c 8d 14 c5 00 00 00 00 48 8b 41 08 b9
0x00007ff87b8b7f68:   08 00 00 00 4d 8b 0c 02 65 48 8b 04 25 58 00 00
0x00007ff87b8b7f78:   00 4c 8b 04 d0 4c 03 c1 49 8b 00 48 8b 90 d0 04
0x00007ff87b8b7f88:   00 00 48 8b 82 88 00 00 00 48 8b 88 88 08 00 00
0x00007ff87b8b7f98:   49 89 09 49 8b 00 48 8b 88 d0 04 00 00 48 8b 81
0x00007ff87b8b7fa8:   88 00 00 00 48 8d 0d 85 fc 69 00 4c 89 88 88 08
0x00007ff87b8b7fb8:   00 00 49 8b 43 08 49 89 0c 02 c3 cc cc cc cc cc
0x00007ff87b8b7fc8:   cc cc cc cc cc cc cc cc 48 89 5c 24 18 57 48 83
0x00007ff87b8b7fd8:   ec 20 81 c2 ff 00 00 00 33 db c1 ea 08 48 8b f9
0x00007ff87b8b7fe8:   89 19 89 91 90 00 00 00 83 fa 10 77 0d 48 8d 41
0x00007ff87b8b7ff8:   10 48 89 41 08 e9 90 00 00 00 8b 0d 74 b7 6d 00
0x00007ff87b8b8008:   65 48 8b 04 25 58 00 00 00 48 89 6c 24 30 41 b8
0x00007ff87b8b8018:   08 00 00 00 8b ea 48 8b 04 c8 48 c1 e5 03 48 89
0x00007ff87b8b8028:   74 24 38 4a 8b 0c 00 48 8b 81 d0 04 00 00 48 8b
0x00007ff87b8b8038:   88 88 00 00 00 48 8b c5 48 f7 d0 48 8b b1 80 08
0x00007ff87b8b8048:   00 00 48 3b 46 18 73 12 4c 8d 05 69 64 48 00 48
0x00007ff87b8b8058:   8b d5 48 8b ce e8 8e 4d d6 ff 48 8b 46 18 48 8d
0x00007ff87b8b8068:   0c 28 48 3b 4e 20 76 10 45 33 c0 48 8b d5 48 8b
0x00007ff87b8b8078:   ce e8 52 49 d6 ff eb 04 48 89 4e 18 48 8b 74 24
0x00007ff87b8b8088:   38 48 8b 6c 24 30 48 89 47 08 39 9f 90 00 00 00 


Stack slot to memory mapping:
stack at sp + 0 slots: 0x00007ff87ba4a977 jvm.dll
stack at sp + 1 slots: 0x000000000000005e is an unknown value
stack at sp + 2 slots: 0x0000009eaebfbd60 is pointing into the stack for thread: 0x000001cfdc9b4000
stack at sp + 3 slots: 0x00000000000002e8 is an unknown value
stack at sp + 4 slots: 0x000001cfe38ba810 points into unknown readable memory: 0x000001cf00000000 | 00 00 00 00 cf 01 00 00
stack at sp + 5 slots: 0x000001cfe3e45a48 points into unknown readable memory: 0x000001cfdc9b4000 | 00 40 9b dc cf 01 00 00
stack at sp + 6 slots: 0x000001cfe1a42e30 points into unknown readable memory: 0x6c2f617600000006 | 06 00 00 00 76 61 2f 6c
stack at sp + 7 slots: 0x000001cfe32726c0 points into unknown readable memory: 0x000001cfe87ff770 | 70 f7 7f e8 cf 01 00 00


---------------  P R O C E S S  ---------------

Threads class SMR info:
_java_thread_list=0x000001cfe3948a40, length=52, elements={
0x000001cfbf0ff800, 0x000001cfdb53b800, 0x000001cfdb54c000, 0x000001cfdbdc0800,
0x000001cfdbdc2800, 0x000001cfdbdc5800, 0x000001cfdbdcd800, 0x000001cfdbdd2000,
0x000001cfdbdd6000, 0x000001cfdbf35800, 0x000001cfddfa0800, 0x000001cfddfa3800,
0x000001cfddfa2000, 0x000001cfdc712000, 0x000001cfdc70f000, 0x000001cfdc710000,
0x000001cfdc70d800, 0x000001cfdc711800, 0x000001cfdc715800, 0x000001cfdc714000,
0x000001cfdc714800, 0x000001cfdc716800, 0x000001cfdc710800, 0x000001cfdc717000,
0x000001cfdc718000, 0x000001cfdc718800, 0x000001cfdc71b000, 0x000001cfdc9b8800,
0x000001cfdc9bb000, 0x000001cfddfa4800, 0x000001cfddfa6000, 0x000001cfddfa5000,
0x000001cfddfa7000, 0x000001cfddfa1000, 0x000001cfddfa2800, 0x000001cfdc9b7000,
0x000001cfdc9b4000, 0x000001cfdc9bc000, 0x000001cfdc9bd800, 0x000001cfdc9bd000,
0x000001cfdc9ba800, 0x000001cfdc9b8000, 0x000001cfdc9be800, 0x000001cfdc9bf800,
0x000001cfdc9c0000, 0x000001cfdc9c1000, 0x000001cfdc713000, 0x000001cfdc70e000,
0x000001cfdc719800, 0x000001cfdc71a800, 0x000001cfdc71c000, 0x000001cfe3dea800
}

Java Threads: ( => current thread )
  0x000001cfbf0ff800 JavaThread "main" [_thread_blocked, id=8652, stack(0x0000009eacf00000,0x0000009ead000000)]
  0x000001cfdb53b800 JavaThread "Reference Handler" daemon [_thread_blocked, id=10160, stack(0x0000009ead600000,0x0000009ead700000)]
  0x000001cfdb54c000 JavaThread "Finalizer" daemon [_thread_blocked, id=11076, stack(0x0000009ead700000,0x0000009ead800000)]
  0x000001cfdbdc0800 JavaThread "Signal Dispatcher" daemon [_thread_blocked, id=1572, stack(0x0000009ead800000,0x0000009ead900000)]
  0x000001cfdbdc2800 JavaThread "Attach Listener" daemon [_thread_blocked, id=3076, stack(0x0000009ead900000,0x0000009eada00000)]
  0x000001cfdbdc5800 JavaThread "Service Thread" daemon [_thread_blocked, id=8600, stack(0x0000009eada00000,0x0000009eadb00000)]
  0x000001cfdbdcd800 JavaThread "C2 CompilerThread0" daemon [_thread_in_native, id=9140, stack(0x0000009eadb00000,0x0000009eadc00000)]
  0x000001cfdbdd2000 JavaThread "C1 CompilerThread0" daemon [_thread_in_native, id=3152, stack(0x0000009eadc00000,0x0000009eadd00000)]
  0x000001cfdbdd6000 JavaThread "Sweeper thread" daemon [_thread_blocked, id=8468, stack(0x0000009eadd00000,0x0000009eade00000)]
  0x000001cfdbf35800 JavaThread "Common-Cleaner" daemon [_thread_blocked, id=10768, stack(0x0000009eade00000,0x0000009eadf00000)]
  0x000001cfddfa0800 JavaThread "Daemon health stats" [_thread_blocked, id=2664, stack(0x0000009eae600000,0x0000009eae700000)]
  0x000001cfddfa3800 JavaThread "Incoming local TCP Connector on port 49750" [_thread_in_native, id=12848, stack(0x0000009eae000000,0x0000009eae100000)]
  0x000001cfddfa2000 JavaThread "Daemon periodic checks" [_thread_blocked, id=13028, stack(0x0000009eae500000,0x0000009eae600000)]
  0x000001cfdc712000 JavaThread "Cache worker for file hash cache (C:\Users\jeffe\.gradle\caches\7.0.2\fileHashes)" [_thread_blocked, id=6820, stack(0x0000009eaee00000,0x0000009eaef00000)]
  0x000001cfdc70f000 JavaThread "File lock request listener" [_thread_in_native, id=8432, stack(0x0000009eaef00000,0x0000009eaf000000)]
  0x000001cfdc710000 JavaThread "Cache worker for journal cache (C:\Users\jeffe\.gradle\caches\journal-1)" [_thread_blocked, id=6916, stack(0x0000009eaf400000,0x0000009eaf500000)]
  0x000001cfdc70d800 JavaThread "File watcher server" daemon [_thread_in_native, id=9036, stack(0x0000009eaf800000,0x0000009eaf900000)]
  0x000001cfdc711800 JavaThread "File watcher consumer" daemon [_thread_blocked, id=6188, stack(0x0000009eaf900000,0x0000009eafa00000)]
  0x000001cfdc715800 JavaThread "jar transforms" [_thread_blocked, id=2120, stack(0x0000009eafa00000,0x0000009eafb00000)]
  0x000001cfdc714000 JavaThread "jar transforms Thread 2" [_thread_blocked, id=11572, stack(0x0000009eafb00000,0x0000009eafc00000)]
  0x000001cfdc714800 JavaThread "jar transforms Thread 3" [_thread_blocked, id=12304, stack(0x0000009eafc00000,0x0000009eafd00000)]
  0x000001cfdc716800 JavaThread "jar transforms Thread 4" [_thread_blocked, id=2952, stack(0x0000009eafd00000,0x0000009eafe00000)]
  0x000001cfdc710800 JavaThread "jar transforms Thread 5" [_thread_blocked, id=10464, stack(0x0000009eafe00000,0x0000009eaff00000)]
  0x000001cfdc717000 JavaThread "jar transforms Thread 6" [_thread_blocked, id=1520, stack(0x0000009eaff00000,0x0000009eb0000000)]
  0x000001cfdc718000 JavaThread "jar transforms Thread 7" [_thread_blocked, id=9856, stack(0x0000009eb0000000,0x0000009eb0100000)]
  0x000001cfdc718800 JavaThread "jar transforms Thread 8" [_thread_blocked, id=11584, stack(0x0000009eb0100000,0x0000009eb0200000)]
  0x000001cfdc71b000 JavaThread "Cache worker for execution history cache (C:\Users\jeffe\.gradle\caches\7.0.2\executionHistory)" [_thread_blocked, id=248, stack(0x0000009eb0400000,0x0000009eb0500000)]
  0x000001cfdc9b8800 JavaThread "Cache worker for file content cache (C:\Users\jeffe\.gradle\caches\7.0.2\fileContent)" [_thread_blocked, id=10280, stack(0x0000009eb0600000,0x0000009eb0700000)]
  0x000001cfdc9bb000 JavaThread "Memory manager" [_thread_blocked, id=8172, stack(0x0000009eb1300000,0x0000009eb1400000)]
  0x000001cfddfa4800 JavaThread "Daemon Thread 2" [_thread_blocked, id=12020, stack(0x0000009eacc00000,0x0000009eacd00000)]
  0x000001cfddfa6000 JavaThread "Handler for socket connection from /127.0.0.1:49750 to /127.0.0.1:49790" [_thread_in_native, id=1360, stack(0x0000009eacd00000,0x0000009eace00000)]
  0x000001cfddfa5000 JavaThread "Cancel handler" [_thread_blocked, id=1404, stack(0x0000009eace00000,0x0000009eacf00000)]
  0x000001cfddfa7000 JavaThread "Daemon worker Thread 2" [_thread_in_Java, id=10472, stack(0x0000009eae700000,0x0000009eae800000)]
  0x000001cfddfa1000 JavaThread "Asynchronous log dispatcher for DefaultDaemonConnection: socket connection from /127.0.0.1:49750 to /127.0.0.1:49790" [_thread_blocked, id=11504, stack(0x0000009eae800000,0x0000009eae900000)]
  0x000001cfddfa2800 JavaThread "Stdin handler" [_thread_blocked, id=9092, stack(0x0000009eae900000,0x0000009eaea00000)]
  0x000001cfdc9b7000 JavaThread "Daemon client event forwarder" [_thread_blocked, id=12532, stack(0x0000009eaea00000,0x0000009eaeb00000)]
=>0x000001cfdc9b4000 JavaThread "C2 CompilerThread1" daemon [_thread_in_native, id=10028, stack(0x0000009eaeb00000,0x0000009eaec00000)]
  0x000001cfdc9bc000 JavaThread "Cache worker for file hash cache (C:\Users\jeffe\AndroidStudioProjects\FirstAidKit3\.gradle\7.0.2\fileHashes)" [_thread_blocked, id=5152, stack(0x0000009eaec00000,0x0000009eaed00000)]
  0x000001cfdc9bd800 JavaThread "Cache worker for checksums cache (C:\Users\jeffe\AndroidStudioProjects\FirstAidKit3\.gradle\checksums)" [_thread_blocked, id=12488, stack(0x0000009eaed00000,0x0000009eaee00000)]
  0x000001cfdc9bd000 JavaThread "Cache worker for cache directory md-supplier (C:\Users\jeffe\.gradle\caches\7.0.2\md-supplier)" [_thread_blocked, id=7272, stack(0x0000009eaf500000,0x0000009eaf600000)]
  0x000001cfdc9ba800 JavaThread "Cache worker for cache directory md-rule (C:\Users\jeffe\.gradle\caches\7.0.2\md-rule)" [_thread_blocked, id=3228, stack(0x0000009eaf600000,0x0000009eaf700000)]
  0x000001cfdc9b8000 JavaThread "Cache worker for dependencies-accessors (C:\Users\jeffe\AndroidStudioProjects\FirstAidKit3\.gradle\7.0.2\dependencies-accessors)" [_thread_blocked, id=8704, stack(0x0000009eaf700000,0x0000009eaf800000)]
  0x000001cfdc9be800 JavaThread "Cache worker for Build Output Cleanup Cache (C:\Users\jeffe\AndroidStudioProjects\FirstAidKit3\.gradle\buildOutputCleanup)" [_thread_blocked, id=8716, stack(0x0000009eb0200000,0x0000009eb0300000)]
  0x000001cfdc9bf800 JavaThread "Build operations" [_thread_blocked, id=736, stack(0x0000009eb0300000,0x0000009eb0400000)]
  0x000001cfdc9c0000 JavaThread "Build operations Thread 2" [_thread_blocked, id=10516, stack(0x0000009eb0700000,0x0000009eb0800000)]
  0x000001cfdc9c1000 JavaThread "Build operations Thread 3" [_thread_blocked, id=12296, stack(0x0000009eb0800000,0x0000009eb0900000)]
  0x000001cfdc713000 JavaThread "Build operations Thread 4" [_thread_blocked, id=9544, stack(0x0000009eb0900000,0x0000009eb0a00000)]
  0x000001cfdc70e000 JavaThread "Build operations Thread 5" [_thread_blocked, id=10720, stack(0x0000009eb0a00000,0x0000009eb0b00000)]
  0x000001cfdc719800 JavaThread "Build operations Thread 6" [_thread_blocked, id=9868, stack(0x0000009eb0b00000,0x0000009eb0c00000)]
  0x000001cfdc71a800 JavaThread "Build operations Thread 7" [_thread_blocked, id=784, stack(0x0000009eb0c00000,0x0000009eb0d00000)]
  0x000001cfdc71c000 JavaThread "Build operations Thread 8" [_thread_blocked, id=9896, stack(0x0000009eb0d00000,0x0000009eb0e00000)]
  0x000001cfe3dea800 JavaThread "C2 CompilerThread2" daemon [_thread_in_native, id=8612, stack(0x0000009eb0e00000,0x0000009eb0f00000)]

Other Threads:
  0x000001cfdbd77000 VMThread "VM Thread" [stack: 0x0000009ead500000,0x0000009ead600000] [id=7672]
  0x000001cfdbf83800 WatcherThread [stack: 0x0000009eadf00000,0x0000009eae000000] [id=11620]
  0x000001cfbf115800 GCTaskThread "GC Thread#0" [stack: 0x0000009ead000000,0x0000009ead100000] [id=9704]
  0x000001cfdc893800 GCTaskThread "GC Thread#1" [stack: 0x0000009eae100000,0x0000009eae200000] [id=6920]
  0x000001cfdcdc5800 GCTaskThread "GC Thread#2" [stack: 0x0000009eae200000,0x0000009eae300000] [id=4832]
  0x000001cfdcc7c000 GCTaskThread "GC Thread#3" [stack: 0x0000009eae300000,0x0000009eae400000] [id=6520]
  0x000001cfdcb43000 GCTaskThread "GC Thread#4" [stack: 0x0000009eae400000,0x0000009eae500000] [id=5988]
  0x000001cfdc0e7000 GCTaskThread "GC Thread#5" [stack: 0x0000009eaf000000,0x0000009eaf100000] [id=4536]
  0x000001cfdd594800 GCTaskThread "GC Thread#6" [stack: 0x0000009eaf100000,0x0000009eaf200000] [id=9908]
  0x000001cfdccc9000 GCTaskThread "GC Thread#7" [stack: 0x0000009eaf200000,0x0000009eaf300000] [id=2092]
  0x000001cfbf146000 ConcurrentGCThread "G1 Main Marker" [stack: 0x0000009ead100000,0x0000009ead200000] [id=11080]
  0x000001cfbf148000 ConcurrentGCThread "G1 Conc#0" [stack: 0x0000009ead200000,0x0000009ead300000] [id=13012]
  0x000001cfdbe2c800 ConcurrentGCThread "G1 Conc#1" [stack: 0x0000009eaf300000,0x0000009eaf400000] [id=11164]
  0x000001cfdb3aa800 ConcurrentGCThread "G1 Refine#0" [stack: 0x0000009ead300000,0x0000009ead400000] [id=7576]
  0x000001cfdf35f800 ConcurrentGCThread "G1 Refine#1" [stack: 0x0000009eb0500000,0x0000009eb0600000] [id=11408]
  0x000001cfdb3ab800 ConcurrentGCThread "G1 Young RemSet Sampling" [stack: 0x0000009ead400000,0x0000009ead500000] [id=7704]

Threads with active compile tasks:
C2 CompilerThread0 419771 12360       4       org.gradle.internal.reflect.MethodSet::add (50 bytes)
C2 CompilerThread1 419771 12082       4       org.gradle.internal.logging.sink.OutputEventTransformer::onOutput (399 bytes)
C2 CompilerThread2 419772 12339       4       org.gradle.internal.instantiation.generator.AbstractClassGenerator$ClassMetadata::property (42 bytes)

VM state:not at safepoint (normal execution)

VM Mutex/Monitor currently owned by a thread: None

Heap address: 0x0000000080000000, size: 2048 MB, Compressed Oops mode: 32-bit
Narrow klass base: 0x0000000000000000, Narrow klass shift: 3
Compressed class space size: 1073741824 Address: 0x0000000100000000

Heap:
 garbage-first heap   total 229376K, used 162866K [0x0000000080000000, 0x0000000100000000)
  region size 1024K, 67 young (68608K), 10 survivors (10240K)
 Metaspace       used 102231K, capacity 105141K, committed 105344K, reserved 1140736K
  class space    used 13121K, capacity 14179K, committed 14208K, reserved 1048576K
Heap Regions: E=young(eden), S=young(survivor), O=old, HS=humongous(starts), HC=humongous(continues), CS=collection set, F=free, A=archive, TAMS=top-at-mark-start (previous, next)
|   0|0x0000000080000000, 0x0000000080100000, 0x0000000080100000|100%| O|  |TAMS 0x0000000080100000, 0x0000000080000000| Untracked 
|   1|0x0000000080100000, 0x0000000080200000, 0x0000000080200000|100%| O|  |TAMS 0x0000000080200000, 0x0000000080100000| Untracked 
|   2|0x0000000080200000, 0x0000000080300000, 0x0000000080300000|100%| O|  |TAMS 0x0000000080300000, 0x0000000080200000| Untracked 
|   3|0x0000000080300000, 0x0000000080400000, 0x0000000080400000|100%|HS|  |TAMS 0x0000000080400000, 0x0000000080300000| Complete 
|   4|0x0000000080400000, 0x0000000080500000, 0x0000000080500000|100%|HC|  |TAMS 0x0000000080500000, 0x0000000080400000| Complete 
|   5|0x0000000080500000, 0x0000000080600000, 0x0000000080600000|100%|HC|  |TAMS 0x0000000080600000, 0x0000000080500000| Complete 
|   6|0x0000000080600000, 0x0000000080700000, 0x0000000080700000|100%| O|  |TAMS 0x0000000080700000, 0x0000000080600000| Untracked 
|   7|0x0000000080700000, 0x0000000080800000, 0x0000000080800000|100%| O|  |TAMS 0x0000000080800000, 0x0000000080700000| Untracked 
|   8|0x0000000080800000, 0x0000000080900000, 0x0000000080900000|100%| O|  |TAMS 0x0000000080900000, 0x0000000080800000| Untracked 
|   9|0x0000000080900000, 0x0000000080a00000, 0x0000000080a00000|100%| O|  |TAMS 0x0000000080a00000, 0x0000000080900000| Untracked 
|  10|0x0000000080a00000, 0x0000000080b00000, 0x0000000080b00000|100%| O|  |TAMS 0x0000000080b00000, 0x0000000080a00000| Untracked 
|  11|0x0000000080b00000, 0x0000000080c00000, 0x0000000080c00000|100%| O|  |TAMS 0x0000000080c00000, 0x0000000080b00000| Untracked 
|  12|0x0000000080c00000, 0x0000000080d00000, 0x0000000080d00000|100%| O|  |TAMS 0x0000000080d00000, 0x0000000080c00000| Untracked 
|  13|0x0000000080d00000, 0x0000000080e00000, 0x0000000080e00000|100%| O|  |TAMS 0x0000000080e00000, 0x0000000080d00000| Untracked 
|  14|0x0000000080e00000, 0x0000000080f00000, 0x0000000080f00000|100%| O|  |TAMS 0x0000000080f00000, 0x0000000080e00000| Untracked 
|  15|0x0000000080f00000, 0x0000000081000000, 0x0000000081000000|100%| O|  |TAMS 0x0000000081000000, 0x0000000080f00000| Untracked 
|  16|0x0000000081000000, 0x0000000081100000, 0x0000000081100000|100%| O|  |TAMS 0x0000000081100000, 0x0000000081000000| Untracked 
|  17|0x0000000081100000, 0x0000000081200000, 0x0000000081200000|100%|HS|  |TAMS 0x0000000081200000, 0x0000000081100000| Complete 
|  18|0x0000000081200000, 0x0000000081300000, 0x0000000081300000|100%|HC|  |TAMS 0x0000000081300000, 0x0000000081200000| Complete 
|  19|0x0000000081300000, 0x0000000081400000, 0x0000000081400000|100%|HS|  |TAMS 0x0000000081400000, 0x0000000081300000| Complete 
|  20|0x0000000081400000, 0x0000000081500000, 0x0000000081500000|100%|HC|  |TAMS 0x0000000081500000, 0x0000000081400000| Complete 
|  21|0x0000000081500000, 0x0000000081600000, 0x0000000081600000|100%|HC|  |TAMS 0x0000000081600000, 0x0000000081500000| Complete 
|  22|0x0000000081600000, 0x0000000081700000, 0x0000000081700000|100%|HS|  |TAMS 0x0000000081700000, 0x0000000081600000| Complete 
|  23|0x0000000081700000, 0x0000000081800000, 0x0000000081800000|100%|HC|  |TAMS 0x0000000081800000, 0x0000000081700000| Complete 
|  24|0x0000000081800000, 0x0000000081900000, 0x0000000081900000|100%|HC|  |TAMS 0x0000000081900000, 0x0000000081800000| Complete 
|  25|0x0000000081900000, 0x0000000081a00000, 0x0000000081a00000|100%|HC|  |TAMS 0x0000000081a00000, 0x0000000081900000| Complete 
|  26|0x0000000081a00000, 0x0000000081b00000, 0x0000000081b00000|100%|HC|  |TAMS 0x0000000081b00000, 0x0000000081a00000| Complete 
|  27|0x0000000081b00000, 0x0000000081c00000, 0x0000000081c00000|100%| O|  |TAMS 0x0000000081c00000, 0x0000000081b00000| Untracked 
|  28|0x0000000081c00000, 0x0000000081d00000, 0x0000000081d00000|100%| O|  |TAMS 0x0000000081d00000, 0x0000000081c00000| Untracked 
|  29|0x0000000081d00000, 0x0000000081e00000, 0x0000000081e00000|100%| O|  |TAMS 0x0000000081e00000, 0x0000000081d00000| Untracked 
|  30|0x0000000081e00000, 0x0000000081f00000, 0x0000000081f00000|100%|HS|  |TAMS 0x0000000081f00000, 0x0000000081e00000| Complete 
|  31|0x0000000081f00000, 0x0000000082000000, 0x0000000082000000|100%|HC|  |TAMS 0x0000000082000000, 0x0000000081f00000| Complete 
|  32|0x0000000082000000, 0x0000000082100000, 0x0000000082100000|100%|HC|  |TAMS 0x0000000082100000, 0x0000000082000000| Complete 
|  33|0x0000000082100000, 0x0000000082200000, 0x0000000082200000|100%|HC|  |TAMS 0x0000000082200000, 0x0000000082100000| Complete 
|  34|0x0000000082200000, 0x0000000082300000, 0x0000000082300000|100%|HC|  |TAMS 0x0000000082300000, 0x0000000082200000| Complete 
|  35|0x0000000082300000, 0x0000000082400000, 0x0000000082400000|100%|HS|  |TAMS 0x0000000082400000, 0x0000000082300000| Complete 
|  36|0x0000000082400000, 0x0000000082500000, 0x0000000082500000|100%|HC|  |TAMS 0x0000000082500000, 0x0000000082400000| Complete 
|  37|0x0000000082500000, 0x0000000082600000, 0x0000000082600000|100%|HC|  |TAMS 0x0000000082600000, 0x0000000082500000| Complete 
|  38|0x0000000082600000, 0x0000000082700000, 0x0000000082700000|100%| O|  |TAMS 0x0000000082700000, 0x0000000082600000| Untracked 
|  39|0x0000000082700000, 0x0000000082800000, 0x0000000082800000|100%| O|  |TAMS 0x0000000082800000, 0x0000000082700000| Untracked 
|  40|0x0000000082800000, 0x0000000082900000, 0x0000000082900000|100%| O|  |TAMS 0x0000000082900000, 0x0000000082800000| Untracked 
|  41|0x0000000082900000, 0x0000000082a00000, 0x0000000082a00000|100%| O|  |TAMS 0x0000000082a00000, 0x0000000082900000| Untracked 
|  42|0x0000000082a00000, 0x0000000082b00000, 0x0000000082b00000|100%| O|  |TAMS 0x0000000082b00000, 0x0000000082a00000| Untracked 
|  43|0x0000000082b00000, 0x0000000082c00000, 0x0000000082c00000|100%| O|  |TAMS 0x0000000082c00000, 0x0000000082b00000| Untracked 
|  44|0x0000000082c00000, 0x0000000082d00000, 0x0000000082d00000|100%|HS|  |TAMS 0x0000000082d00000, 0x0000000082c00000| Complete 
|  45|0x0000000082d00000, 0x0000000082e00000, 0x0000000082e00000|100%|HS|  |TAMS 0x0000000082e00000, 0x0000000082d00000| Complete 
|  46|0x0000000082e00000, 0x0000000082f00000, 0x0000000082f00000|100%|HS|  |TAMS 0x0000000082f00000, 0x0000000082e00000| Complete 
|  47|0x0000000082f00000, 0x0000000083000000, 0x0000000083000000|100%|HC|  |TAMS 0x0000000083000000, 0x0000000082f00000| Complete 
|  48|0x0000000083000000, 0x0000000083100000, 0x0000000083100000|100%| O|  |TAMS 0x0000000083100000, 0x0000000083000000| Untracked 
|  49|0x0000000083100000, 0x0000000083200000, 0x0000000083200000|100%| O|  |TAMS 0x0000000083200000, 0x0000000083100000| Untracked 
|  50|0x0000000083200000, 0x0000000083300000, 0x0000000083300000|100%| O|  |TAMS 0x0000000083300000, 0x0000000083200000| Untracked 
|  51|0x0000000083300000, 0x0000000083400000, 0x0000000083400000|100%| O|  |TAMS 0x0000000083400000, 0x0000000083300000| Untracked 
|  52|0x0000000083400000, 0x0000000083500000, 0x0000000083500000|100%| O|  |TAMS 0x0000000083500000, 0x0000000083400000| Untracked 
|  53|0x0000000083500000, 0x0000000083600000, 0x0000000083600000|100%| O|  |TAMS 0x0000000083600000, 0x0000000083500000| Untracked 
|  54|0x0000000083600000, 0x0000000083700000, 0x0000000083700000|100%| O|  |TAMS 0x0000000083700000, 0x0000000083600000| Untracked 
|  55|0x0000000083700000, 0x0000000083800000, 0x0000000083800000|100%| O|  |TAMS 0x0000000083700000, 0x0000000083700000| Untracked 
|  56|0x0000000083800000, 0x0000000083900000, 0x0000000083900000|100%| O|  |TAMS 0x0000000083900000, 0x0000000083800000| Untracked 
|  57|0x0000000083900000, 0x0000000083a00000, 0x0000000083a00000|100%| O|  |TAMS 0x0000000083a00000, 0x0000000083900000| Untracked 
|  58|0x0000000083a00000, 0x0000000083b00000, 0x0000000083b00000|100%| O|  |TAMS 0x0000000083b00000, 0x0000000083a00000| Untracked 
|  59|0x0000000083b00000, 0x0000000083c00000, 0x0000000083c00000|100%| O|  |TAMS 0x0000000083c00000, 0x0000000083b00000| Untracked 
|  60|0x0000000083c00000, 0x0000000083d00000, 0x0000000083d00000|100%| O|  |TAMS 0x0000000083d00000, 0x0000000083c00000| Untracked 
|  61|0x0000000083d00000, 0x0000000083e00000, 0x0000000083e00000|100%| O|  |TAMS 0x0000000083e00000, 0x0000000083d00000| Untracked 
|  62|0x0000000083e00000, 0x0000000083f00000, 0x0000000083f00000|100%| O|  |TAMS 0x0000000083e58e00, 0x0000000083e00000| Untracked 
|  63|0x0000000083f00000, 0x0000000084000000, 0x0000000084000000|100%| O|  |TAMS 0x0000000083f00000, 0x0000000083f00000| Untracked 
|  64|0x0000000084000000, 0x0000000084100000, 0x0000000084100000|100%| O|  |TAMS 0x0000000084000000, 0x0000000084000000| Untracked 
|  65|0x0000000084100000, 0x0000000084200000, 0x0000000084200000|100%| O|  |TAMS 0x0000000084100000, 0x0000000084100000| Untracked 
|  66|0x0000000084200000, 0x0000000084300000, 0x0000000084300000|100%| O|  |TAMS 0x0000000084200000, 0x0000000084200000| Untracked 
|  67|0x0000000084300000, 0x0000000084400000, 0x0000000084400000|100%| O|  |TAMS 0x0000000084300000, 0x0000000084300000| Untracked 
|  68|0x0000000084400000, 0x0000000084500000, 0x0000000084500000|100%| O|  |TAMS 0x0000000084400000, 0x0000000084400000| Untracked 
|  69|0x0000000084500000, 0x0000000084600000, 0x0000000084600000|100%| O|  |TAMS 0x0000000084500000, 0x0000000084500000| Untracked 
|  70|0x0000000084600000, 0x0000000084700000, 0x0000000084700000|100%| O|  |TAMS 0x0000000084600000, 0x0000000084600000| Untracked 
|  71|0x0000000084700000, 0x0000000084800000, 0x0000000084800000|100%| O|  |TAMS 0x0000000084700000, 0x0000000084700000| Untracked 
|  72|0x0000000084800000, 0x0000000084900000, 0x0000000084900000|100%| O|  |TAMS 0x0000000084800000, 0x0000000084800000| Untracked 
|  73|0x0000000084900000, 0x0000000084a00000, 0x0000000084a00000|100%| O|  |TAMS 0x0000000084900000, 0x0000000084900000| Untracked 
|  74|0x0000000084a00000, 0x0000000084b00000, 0x0000000084b00000|100%| O|  |TAMS 0x0000000084a00000, 0x0000000084a00000| Untracked 
|  75|0x0000000084b00000, 0x0000000084c00000, 0x0000000084c00000|100%| O|  |TAMS 0x0000000084b00000, 0x0000000084b00000| Untracked 
|  76|0x0000000084c00000, 0x0000000084d00000, 0x0000000084d00000|100%| O|  |TAMS 0x0000000084c00000, 0x0000000084c00000| Untracked 
|  77|0x0000000084d00000, 0x0000000084e00000, 0x0000000084e00000|100%| O|  |TAMS 0x0000000084d00000, 0x0000000084d00000| Untracked 
|  78|0x0000000084e00000, 0x0000000084f00000, 0x0000000084f00000|100%| O|  |TAMS 0x0000000084e00000, 0x0000000084e00000| Untracked 
|  79|0x0000000084f00000, 0x0000000085000000, 0x0000000085000000|100%| O|  |TAMS 0x0000000084f00000, 0x0000000084f00000| Untracked 
|  80|0x0000000085000000, 0x0000000085100000, 0x0000000085100000|100%| O|  |TAMS 0x0000000085000000, 0x0000000085000000| Untracked 
|  81|0x0000000085100000, 0x0000000085200000, 0x0000000085200000|100%| O|  |TAMS 0x0000000085100000, 0x0000000085100000| Untracked 
|  82|0x0000000085200000, 0x0000000085300000, 0x0000000085300000|100%| O|  |TAMS 0x0000000085200000, 0x0000000085200000| Untracked 
|  83|0x0000000085300000, 0x0000000085400000, 0x0000000085400000|100%| O|  |TAMS 0x0000000085300000, 0x0000000085300000| Untracked 
|  84|0x0000000085400000, 0x0000000085500000, 0x0000000085500000|100%| O|  |TAMS 0x0000000085400000, 0x0000000085400000| Untracked 
|  85|0x0000000085500000, 0x0000000085600000, 0x0000000085600000|100%| O|  |TAMS 0x0000000085500000, 0x0000000085500000| Untracked 
|  86|0x0000000085600000, 0x0000000085700000, 0x0000000085700000|100%| O|  |TAMS 0x0000000085600000, 0x0000000085600000| Untracked 
|  87|0x0000000085700000, 0x0000000085800000, 0x0000000085800000|100%| O|  |TAMS 0x0000000085700000, 0x0000000085700000| Untracked 
|  88|0x0000000085800000, 0x0000000085900000, 0x0000000085900000|100%| O|  |TAMS 0x0000000085800000, 0x0000000085800000| Untracked 
|  89|0x0000000085900000, 0x0000000085a00000, 0x0000000085a00000|100%| O|  |TAMS 0x0000000085900000, 0x0000000085900000| Untracked 
|  90|0x0000000085a00000, 0x0000000085b00000, 0x0000000085b00000|100%| O|  |TAMS 0x0000000085a00000, 0x0000000085a00000| Untracked 
|  91|0x0000000085b00000, 0x0000000085c00000, 0x0000000085c00000|100%| O|  |TAMS 0x0000000085b00000, 0x0000000085b00000| Untracked 
|  92|0x0000000085c00000, 0x0000000085d00000, 0x0000000085d00000|100%| O|  |TAMS 0x0000000085c00000, 0x0000000085c00000| Untracked 
|  93|0x0000000085d00000, 0x0000000085d3c200, 0x0000000085e00000| 23%| O|  |TAMS 0x0000000085d00000, 0x0000000085d00000| Untracked 
|  94|0x0000000085e00000, 0x0000000085e00000, 0x0000000085f00000|  0%| F|  |TAMS 0x0000000085e00000, 0x0000000085e00000| Untracked 
|  95|0x0000000085f00000, 0x0000000085f00000, 0x0000000086000000|  0%| F|  |TAMS 0x0000000085f00000, 0x0000000085f00000| Untracked 
|  96|0x0000000086000000, 0x0000000086000000, 0x0000000086100000|  0%| F|  |TAMS 0x0000000086000000, 0x0000000086000000| Untracked 
|  97|0x0000000086100000, 0x0000000086100000, 0x0000000086200000|  0%| F|  |TAMS 0x0000000086100000, 0x0000000086100000| Untracked 
|  98|0x0000000086200000, 0x0000000086200000, 0x0000000086300000|  0%| F|  |TAMS 0x0000000086200000, 0x0000000086200000| Untracked 
|  99|0x0000000086300000, 0x0000000086300000, 0x0000000086400000|  0%| F|  |TAMS 0x0000000086300000, 0x0000000086300000| Untracked 
| 100|0x0000000086400000, 0x0000000086400000, 0x0000000086500000|  0%| F|  |TAMS 0x0000000086400000, 0x0000000086400000| Untracked 
| 101|0x0000000086500000, 0x0000000086500000, 0x0000000086600000|  0%| F|  |TAMS 0x0000000086500000, 0x0000000086500000| Untracked 
| 102|0x0000000086600000, 0x0000000086600000, 0x0000000086700000|  0%| F|  |TAMS 0x0000000086600000, 0x0000000086600000| Untracked 
| 103|0x0000000086700000, 0x0000000086700000, 0x0000000086800000|  0%| F|  |TAMS 0x0000000086700000, 0x0000000086700000| Untracked 
| 104|0x0000000086800000, 0x0000000086800000, 0x0000000086900000|  0%| F|  |TAMS 0x0000000086800000, 0x0000000086800000| Untracked 
| 105|0x0000000086900000, 0x0000000086900000, 0x0000000086a00000|  0%| F|  |TAMS 0x0000000086900000, 0x0000000086900000| Untracked 
| 106|0x0000000086a00000, 0x0000000086a00000, 0x0000000086b00000|  0%| F|  |TAMS 0x0000000086a00000, 0x0000000086a00000| Untracked 
| 107|0x0000000086b00000, 0x0000000086b00000, 0x0000000086c00000|  0%| F|  |TAMS 0x0000000086b00000, 0x0000000086b00000| Untracked 
| 108|0x0000000086c00000, 0x0000000086c00000, 0x0000000086d00000|  0%| F|  |TAMS 0x0000000086c00000, 0x0000000086c00000| Untracked 
| 109|0x0000000086d00000, 0x0000000086d00000, 0x0000000086e00000|  0%| F|  |TAMS 0x0000000086d00000, 0x0000000086d00000| Untracked 
| 110|0x0000000086e00000, 0x0000000086e00000, 0x0000000086f00000|  0%| F|  |TAMS 0x0000000086e00000, 0x0000000086e00000| Untracked 
| 111|0x0000000086f00000, 0x0000000086f00000, 0x0000000087000000|  0%| F|  |TAMS 0x0000000086f00000, 0x0000000086f00000| Untracked 
| 112|0x0000000087000000, 0x0000000087000000, 0x0000000087100000|  0%| F|  |TAMS 0x0000000087000000, 0x0000000087000000| Untracked 
| 113|0x0000000087100000, 0x0000000087100000, 0x0000000087200000|  0%| F|  |TAMS 0x0000000087100000, 0x0000000087100000| Untracked 
| 114|0x0000000087200000, 0x0000000087200000, 0x0000000087300000|  0%| F|  |TAMS 0x0000000087200000, 0x0000000087200000| Untracked 
| 115|0x0000000087300000, 0x0000000087300000, 0x0000000087400000|  0%| F|  |TAMS 0x0000000087300000, 0x0000000087300000| Untracked 
| 116|0x0000000087400000, 0x0000000087400000, 0x0000000087500000|  0%| F|  |TAMS 0x0000000087400000, 0x0000000087400000| Untracked 
| 117|0x0000000087500000, 0x0000000087500000, 0x0000000087600000|  0%| F|  |TAMS 0x0000000087500000, 0x0000000087500000| Untracked 
| 118|0x0000000087600000, 0x0000000087600000, 0x0000000087700000|  0%| F|  |TAMS 0x0000000087600000, 0x0000000087600000| Untracked 
| 119|0x0000000087700000, 0x0000000087700000, 0x0000000087800000|  0%| F|  |TAMS 0x0000000087700000, 0x0000000087700000| Untracked 
| 120|0x0000000087800000, 0x0000000087800000, 0x0000000087900000|  0%| F|  |TAMS 0x0000000087800000, 0x0000000087800000| Untracked 
| 121|0x0000000087900000, 0x0000000087900000, 0x0000000087a00000|  0%| F|  |TAMS 0x0000000087900000, 0x0000000087900000| Untracked 
| 122|0x0000000087a00000, 0x0000000087a00000, 0x0000000087b00000|  0%| F|  |TAMS 0x0000000087a00000, 0x0000000087a00000| Untracked 
| 123|0x0000000087b00000, 0x0000000087b00000, 0x0000000087c00000|  0%| F|  |TAMS 0x0000000087b00000, 0x0000000087b00000| Untracked 
| 124|0x0000000087c00000, 0x0000000087c00000, 0x0000000087d00000|  0%| F|  |TAMS 0x0000000087c00000, 0x0000000087c00000| Untracked 
| 125|0x0000000087d00000, 0x0000000087d00000, 0x0000000087e00000|  0%| F|  |TAMS 0x0000000087d00000, 0x0000000087d00000| Untracked 
| 126|0x0000000087e00000, 0x0000000087ed0908, 0x0000000087f00000| 81%| S|CS|TAMS 0x0000000087e00000, 0x0000000087e00000| Complete 
| 127|0x0000000087f00000, 0x0000000088000000, 0x0000000088000000|100%| S|CS|TAMS 0x0000000087f00000, 0x0000000087f00000| Complete 
| 128|0x0000000088000000, 0x0000000088100000, 0x0000000088100000|100%| S|CS|TAMS 0x0000000088000000, 0x0000000088000000| Complete 
| 129|0x0000000088100000, 0x0000000088200000, 0x0000000088200000|100%| S|CS|TAMS 0x0000000088100000, 0x0000000088100000| Complete 
| 130|0x0000000088200000, 0x0000000088200000, 0x0000000088300000|  0%| F|  |TAMS 0x0000000088200000, 0x0000000088200000| Untracked 
| 131|0x0000000088300000, 0x0000000088300000, 0x0000000088400000|  0%| F|  |TAMS 0x0000000088300000, 0x0000000088300000| Untracked 
| 132|0x0000000088400000, 0x0000000088500000, 0x0000000088500000|100%| S|CS|TAMS 0x0000000088400000, 0x0000000088400000| Complete 
| 133|0x0000000088500000, 0x0000000088600000, 0x0000000088600000|100%| S|CS|TAMS 0x0000000088500000, 0x0000000088500000| Complete 
| 134|0x0000000088600000, 0x0000000088600000, 0x0000000088700000|  0%| F|  |TAMS 0x0000000088600000, 0x0000000088600000| Untracked 
| 135|0x0000000088700000, 0x0000000088700000, 0x0000000088800000|  0%| F|  |TAMS 0x0000000088700000, 0x0000000088700000| Untracked 
| 136|0x0000000088800000, 0x0000000088800000, 0x0000000088900000|  0%| F|  |TAMS 0x0000000088800000, 0x0000000088800000| Untracked 
| 137|0x0000000088900000, 0x0000000088a00000, 0x0000000088a00000|100%| S|CS|TAMS 0x0000000088900000, 0x0000000088900000| Complete 
| 138|0x0000000088a00000, 0x0000000088b00000, 0x0000000088b00000|100%| S|CS|TAMS 0x0000000088a00000, 0x0000000088a00000| Complete 
| 139|0x0000000088b00000, 0x0000000088c00000, 0x0000000088c00000|100%| S|CS|TAMS 0x0000000088b00000, 0x0000000088b00000| Complete 
| 140|0x0000000088c00000, 0x0000000088d00000, 0x0000000088d00000|100%| S|CS|TAMS 0x0000000088c00000, 0x0000000088c00000| Complete 
| 141|0x0000000088d00000, 0x0000000088d00000, 0x0000000088e00000|  0%| F|  |TAMS 0x0000000088d00000, 0x0000000088d00000| Untracked 
| 142|0x0000000088e00000, 0x0000000088e00000, 0x0000000088f00000|  0%| F|  |TAMS 0x0000000088e00000, 0x0000000088e00000| Untracked 
| 143|0x0000000088f00000, 0x0000000088f00000, 0x0000000089000000|  0%| F|  |TAMS 0x0000000088f00000, 0x0000000088f00000| Untracked 
| 144|0x0000000089000000, 0x0000000089000000, 0x0000000089100000|  0%| F|  |TAMS 0x0000000089000000, 0x0000000089000000| Untracked 
| 145|0x0000000089100000, 0x0000000089100000, 0x0000000089200000|  0%| F|  |TAMS 0x0000000089100000, 0x0000000089100000| Untracked 
| 146|0x0000000089200000, 0x0000000089200000, 0x0000000089300000|  0%| F|  |TAMS 0x0000000089200000, 0x0000000089200000| Untracked 
| 147|0x0000000089300000, 0x0000000089300000, 0x0000000089400000|  0%| F|  |TAMS 0x0000000089300000, 0x0000000089300000| Untracked 
| 148|0x0000000089400000, 0x0000000089400000, 0x0000000089500000|  0%| F|  |TAMS 0x0000000089400000, 0x0000000089400000| Untracked 
| 149|0x0000000089500000, 0x0000000089500000, 0x0000000089600000|  0%| F|  |TAMS 0x0000000089500000, 0x0000000089500000| Untracked 
| 150|0x0000000089600000, 0x0000000089600000, 0x0000000089700000|  0%| F|  |TAMS 0x0000000089600000, 0x0000000089600000| Untracked 
| 151|0x0000000089700000, 0x0000000089700000, 0x0000000089800000|  0%| F|  |TAMS 0x0000000089700000, 0x0000000089700000| Untracked 
| 152|0x0000000089800000, 0x0000000089800000, 0x0000000089900000|  0%| F|  |TAMS 0x0000000089800000, 0x0000000089800000| Untracked 
| 153|0x0000000089900000, 0x0000000089900000, 0x0000000089a00000|  0%| F|  |TAMS 0x0000000089900000, 0x0000000089900000| Untracked 
| 154|0x0000000089a00000, 0x0000000089a00000, 0x0000000089b00000|  0%| F|  |TAMS 0x0000000089a00000, 0x0000000089a00000| Untracked 
| 155|0x0000000089b00000, 0x0000000089b00000, 0x0000000089c00000|  0%| F|  |TAMS 0x0000000089b00000, 0x0000000089b00000| Untracked 
| 156|0x0000000089c00000, 0x0000000089c00000, 0x0000000089d00000|  0%| F|  |TAMS 0x0000000089c00000, 0x0000000089c00000| Untracked 
| 157|0x0000000089d00000, 0x0000000089d00000, 0x0000000089e00000|  0%| F|  |TAMS 0x0000000089d00000, 0x0000000089d00000| Untracked 
| 158|0x0000000089e00000, 0x0000000089e00000, 0x0000000089f00000|  0%| F|  |TAMS 0x0000000089e00000, 0x0000000089e00000| Untracked 
| 159|0x0000000089f00000, 0x0000000089f00000, 0x000000008a000000|  0%| F|  |TAMS 0x0000000089f00000, 0x0000000089f00000| Untracked 
| 160|0x000000008a000000, 0x000000008a000000, 0x000000008a100000|  0%| F|  |TAMS 0x000000008a000000, 0x000000008a000000| Untracked 
| 161|0x000000008a100000, 0x000000008a100000, 0x000000008a200000|  0%| F|  |TAMS 0x000000008a100000, 0x000000008a100000| Untracked 
| 162|0x000000008a200000, 0x000000008a200000, 0x000000008a300000|  0%| F|  |TAMS 0x000000008a200000, 0x000000008a200000| Untracked 
| 163|0x000000008a300000, 0x000000008a300000, 0x000000008a400000|  0%| F|  |TAMS 0x000000008a300000, 0x000000008a300000| Untracked 
| 164|0x000000008a400000, 0x000000008a400000, 0x000000008a500000|  0%| F|  |TAMS 0x000000008a400000, 0x000000008a400000| Untracked 
| 165|0x000000008a500000, 0x000000008a500000, 0x000000008a600000|  0%| F|  |TAMS 0x000000008a500000, 0x000000008a500000| Untracked 
| 166|0x000000008a600000, 0x000000008a600000, 0x000000008a700000|  0%| F|  |TAMS 0x000000008a600000, 0x000000008a600000| Untracked 
| 167|0x000000008a700000, 0x000000008a7cffd0, 0x000000008a800000| 81%| E|  |TAMS 0x000000008a700000, 0x000000008a700000| Complete 
| 168|0x000000008a800000, 0x000000008a900000, 0x000000008a900000|100%| E|CS|TAMS 0x000000008a800000, 0x000000008a800000| Complete 
| 169|0x000000008a900000, 0x000000008aa00000, 0x000000008aa00000|100%| E|CS|TAMS 0x000000008a900000, 0x000000008a900000| Complete 
| 170|0x000000008aa00000, 0x000000008ab00000, 0x000000008ab00000|100%| E|CS|TAMS 0x000000008aa00000, 0x000000008aa00000| Complete 
| 171|0x000000008ab00000, 0x000000008ac00000, 0x000000008ac00000|100%| E|CS|TAMS 0x000000008ab00000, 0x000000008ab00000| Complete 
| 172|0x000000008ac00000, 0x000000008ad00000, 0x000000008ad00000|100%| E|CS|TAMS 0x000000008ac00000, 0x000000008ac00000| Complete 
| 173|0x000000008ad00000, 0x000000008ae00000, 0x000000008ae00000|100%| E|CS|TAMS 0x000000008ad00000, 0x000000008ad00000| Complete 
| 174|0x000000008ae00000, 0x000000008af00000, 0x000000008af00000|100%| E|CS|TAMS 0x000000008ae00000, 0x000000008ae00000| Complete 
| 175|0x000000008af00000, 0x000000008b000000, 0x000000008b000000|100%| E|CS|TAMS 0x000000008af00000, 0x000000008af00000| Complete 
| 176|0x000000008b000000, 0x000000008b100000, 0x000000008b100000|100%| E|CS|TAMS 0x000000008b000000, 0x000000008b000000| Complete 
| 177|0x000000008b100000, 0x000000008b200000, 0x000000008b200000|100%| E|CS|TAMS 0x000000008b100000, 0x000000008b100000| Complete 
| 178|0x000000008b200000, 0x000000008b300000, 0x000000008b300000|100%| E|CS|TAMS 0x000000008b200000, 0x000000008b200000| Complete 
| 179|0x000000008b300000, 0x000000008b400000, 0x000000008b400000|100%| E|CS|TAMS 0x000000008b300000, 0x000000008b300000| Complete 
| 180|0x000000008b400000, 0x000000008b500000, 0x000000008b500000|100%| E|CS|TAMS 0x000000008b400000, 0x000000008b400000| Complete 
| 181|0x000000008b500000, 0x000000008b600000, 0x000000008b600000|100%| E|CS|TAMS 0x000000008b500000, 0x000000008b500000| Complete 
| 182|0x000000008b600000, 0x000000008b700000, 0x000000008b700000|100%| E|CS|TAMS 0x000000008b600000, 0x000000008b600000| Complete 
| 183|0x000000008b700000, 0x000000008b800000, 0x000000008b800000|100%| E|CS|TAMS 0x000000008b700000, 0x000000008b700000| Complete 
| 184|0x000000008b800000, 0x000000008b900000, 0x000000008b900000|100%| E|CS|TAMS 0x000000008b800000, 0x000000008b800000| Complete 
| 185|0x000000008b900000, 0x000000008ba00000, 0x000000008ba00000|100%| E|CS|TAMS 0x000000008b900000, 0x000000008b900000| Complete 
| 186|0x000000008ba00000, 0x000000008bb00000, 0x000000008bb00000|100%| E|CS|TAMS 0x000000008ba00000, 0x000000008ba00000| Complete 
| 187|0x000000008bb00000, 0x000000008bc00000, 0x000000008bc00000|100%| E|CS|TAMS 0x000000008bb00000, 0x000000008bb00000| Complete 
| 188|0x000000008bc00000, 0x000000008bd00000, 0x000000008bd00000|100%| E|CS|TAMS 0x000000008bc00000, 0x000000008bc00000| Complete 
| 189|0x000000008bd00000, 0x000000008be00000, 0x000000008be00000|100%| E|CS|TAMS 0x000000008bd00000, 0x000000008bd00000| Complete 
| 190|0x000000008be00000, 0x000000008bf00000, 0x000000008bf00000|100%| E|CS|TAMS 0x000000008be00000, 0x000000008be00000| Complete 
| 191|0x000000008bf00000, 0x000000008c000000, 0x000000008c000000|100%| E|CS|TAMS 0x000000008bf00000, 0x000000008bf00000| Complete 
| 192|0x000000008c000000, 0x000000008c100000, 0x000000008c100000|100%| E|CS|TAMS 0x000000008c000000, 0x000000008c000000| Complete 
| 193|0x000000008c100000, 0x000000008c200000, 0x000000008c200000|100%| E|CS|TAMS 0x000000008c100000, 0x000000008c100000| Complete 
| 194|0x000000008c200000, 0x000000008c300000, 0x000000008c300000|100%| E|CS|TAMS 0x000000008c200000, 0x000000008c200000| Complete 
| 195|0x000000008c300000, 0x000000008c400000, 0x000000008c400000|100%| E|CS|TAMS 0x000000008c300000, 0x000000008c300000| Complete 
| 196|0x000000008c400000, 0x000000008c500000, 0x000000008c500000|100%| E|CS|TAMS 0x000000008c400000, 0x000000008c400000| Complete 
| 197|0x000000008c500000, 0x000000008c600000, 0x000000008c600000|100%| E|CS|TAMS 0x000000008c500000, 0x000000008c500000| Complete 
| 198|0x000000008c600000, 0x000000008c700000, 0x000000008c700000|100%| E|CS|TAMS 0x000000008c600000, 0x000000008c600000| Complete 
| 199|0x000000008c700000, 0x000000008c800000, 0x000000008c800000|100%| E|CS|TAMS 0x000000008c700000, 0x000000008c700000| Complete 
| 200|0x000000008c800000, 0x000000008c900000, 0x000000008c900000|100%| E|CS|TAMS 0x000000008c800000, 0x000000008c800000| Complete 
| 201|0x000000008c900000, 0x000000008ca00000, 0x000000008ca00000|100%| E|CS|TAMS 0x000000008c900000, 0x000000008c900000| Complete 
| 202|0x000000008ca00000, 0x000000008cb00000, 0x000000008cb00000|100%| E|CS|TAMS 0x000000008ca00000, 0x000000008ca00000| Complete 
| 203|0x000000008cb00000, 0x000000008cc00000, 0x000000008cc00000|100%| E|CS|TAMS 0x000000008cb00000, 0x000000008cb00000| Complete 
| 204|0x000000008cc00000, 0x000000008cd00000, 0x000000008cd00000|100%| E|CS|TAMS 0x000000008cc00000, 0x000000008cc00000| Complete 
| 205|0x000000008cd00000, 0x000000008ce00000, 0x000000008ce00000|100%| E|CS|TAMS 0x000000008cd00000, 0x000000008cd00000| Complete 
| 206|0x000000008ce00000, 0x000000008cf00000, 0x000000008cf00000|100%| E|CS|TAMS 0x000000008ce00000, 0x000000008ce00000| Complete 
| 207|0x000000008cf00000, 0x000000008d000000, 0x000000008d000000|100%| E|CS|TAMS 0x000000008cf00000, 0x000000008cf00000| Complete 
| 208|0x000000008d000000, 0x000000008d100000, 0x000000008d100000|100%| E|CS|TAMS 0x000000008d000000, 0x000000008d000000| Complete 
| 209|0x000000008d100000, 0x000000008d200000, 0x000000008d200000|100%| E|CS|TAMS 0x000000008d100000, 0x000000008d100000| Complete 
| 210|0x000000008d200000, 0x000000008d300000, 0x000000008d300000|100%| E|CS|TAMS 0x000000008d200000, 0x000000008d200000| Complete 
| 211|0x000000008d300000, 0x000000008d400000, 0x000000008d400000|100%| E|CS|TAMS 0x000000008d300000, 0x000000008d300000| Complete 
| 212|0x000000008d400000, 0x000000008d500000, 0x000000008d500000|100%| E|CS|TAMS 0x000000008d400000, 0x000000008d400000| Complete 
| 213|0x000000008d500000, 0x000000008d600000, 0x000000008d600000|100%| E|CS|TAMS 0x000000008d500000, 0x000000008d500000| Complete 
| 214|0x000000008d600000, 0x000000008d700000, 0x000000008d700000|100%| E|CS|TAMS 0x000000008d600000, 0x000000008d600000| Complete 
| 215|0x000000008d700000, 0x000000008d800000, 0x000000008d800000|100%| E|CS|TAMS 0x000000008d700000, 0x000000008d700000| Complete 
| 216|0x000000008d800000, 0x000000008d900000, 0x000000008d900000|100%| E|CS|TAMS 0x000000008d800000, 0x000000008d800000| Complete 
| 217|0x000000008d900000, 0x000000008da00000, 0x000000008da00000|100%| E|CS|TAMS 0x000000008d900000, 0x000000008d900000| Complete 
| 218|0x000000008da00000, 0x000000008db00000, 0x000000008db00000|100%| E|CS|TAMS 0x000000008da00000, 0x000000008da00000| Complete 
| 219|0x000000008db00000, 0x000000008dc00000, 0x000000008dc00000|100%| E|CS|TAMS 0x000000008db00000, 0x000000008db00000| Complete 
| 220|0x000000008dc00000, 0x000000008dd00000, 0x000000008dd00000|100%| E|CS|TAMS 0x000000008dc00000, 0x000000008dc00000| Complete 
| 221|0x000000008dd00000, 0x000000008de00000, 0x000000008de00000|100%| E|CS|TAMS 0x000000008dd00000, 0x000000008dd00000| Complete 
| 222|0x000000008de00000, 0x000000008df00000, 0x000000008df00000|100%| E|CS|TAMS 0x000000008de00000, 0x000000008de00000| Complete 
| 223|0x000000008df00000, 0x000000008e000000, 0x000000008e000000|100%| E|CS|TAMS 0x000000008df00000, 0x000000008df00000| Complete 

Card table byte_map: [0x000001cfd4230000,0x000001cfd4630000] _byte_map_base: 0x000001cfd3e30000

Marking Bits (Prev, Next): (CMBitMap*) 0x000001cfbf13c018, (CMBitMap*) 0x000001cfbf13c050
 Prev Bits: [0x000001cfd4a30000, 0x000001cfd6a30000)
 Next Bits: [0x000001cfd6a30000, 0x000001cfd8a30000)

Polling page: 0x000001cfbf1e0000

Metaspace:

Usage:
  Non-class:     88.89 MB capacity,    87.04 MB ( 98%) used,     1.56 MB (  2%) free+waste,   311.19 KB ( <1%) overhead. 
      Class:     13.85 MB capacity,    12.82 MB ( 93%) used,   909.10 KB (  6%) free+waste,   144.63 KB (  1%) overhead. 
       Both:    102.74 MB capacity,    99.85 MB ( 97%) used,     2.44 MB (  2%) free+waste,   455.81 KB ( <1%) overhead. 

Virtual space:
  Non-class space:       90.00 MB reserved,      89.00 MB ( 99%) committed 
      Class space:        1.00 GB reserved,      13.88 MB (  1%) committed 
             Both:        1.09 GB reserved,     102.88 MB (  9%) committed 

Chunk freelists:
   Non-Class:  44.00 KB
       Class:  0 bytes
        Both:  44.00 KB

MaxMetaspaceSize: 17179869184.00 GB
CompressedClassSpaceSize: 1.00 GB

CodeHeap 'non-profiled nmethods': size=120000Kb used=8279Kb max_used=8279Kb free=111720Kb
 bounds [0x000001cfcbe90000, 0x000001cfcc6b0000, 0x000001cfd33c0000]
CodeHeap 'profiled nmethods': size=120000Kb used=28225Kb max_used=28225Kb free=91775Kb
 bounds [0x000001cfc4960000, 0x000001cfc6500000, 0x000001cfcbe90000]
CodeHeap 'non-nmethods': size=5760Kb used=2327Kb max_used=2413Kb free=3432Kb
 bounds [0x000001cfc43c0000, 0x000001cfc4630000, 0x000001cfc4960000]
 total_blobs=13298 nmethods=12355 adapters=854
 compilation: enabled
              stopped_count=0, restarted_count=0
 full_count=0

Compilation events (20 events):
Event: 419.600 Thread 0x000001cfdbdd2000 12384       3       groovyjarjarasm.asm.MethodWriter::visitFrameEnd (53 bytes)
Event: 419.601 Thread 0x000001cfdbdd2000 nmethod 12384 0x000001cfc64c8690 code [0x000001cfc64c8880, 0x000001cfc64c8d48]
Event: 419.611 Thread 0x000001cfdbdd2000 12385       3       org.gradle.api.internal.provider.AbstractProperty::getProducer (24 bytes)
Event: 419.612 Thread 0x000001cfdbdd2000 nmethod 12385 0x000001cfc64c8e90 code [0x000001cfc64c9080, 0x000001cfc64c9538]
Event: 419.612 Thread 0x000001cfdbdd2000 12386       3       org.gradle.api.internal.provider.AbstractProperty::getProducerTask (82 bytes)
Event: 419.613 Thread 0x000001cfdbdd2000 nmethod 12386 0x000001cfc64c9690 code [0x000001cfc64c9900, 0x000001cfc64ca1e8]
Event: 419.614 Thread 0x000001cfdbdd2000 12387       3       org.gradle.internal.instantiation.generator.AsmBackedClassGenerator$ClassBuilderImpl::mixInConventionAware (50 bytes)
Event: 419.616 Thread 0x000001cfdbdd2000 nmethod 12387 0x000001cfc64ca490 code [0x000001cfc64ca700, 0x000001cfc64cb048]
Event: 419.616 Thread 0x000001cfdbdd2000 12388       3       org.gradle.internal.instantiation.generator.AsmBackedClassGenerator$ClassBuilderImpl$$Lambda$135/0x00000001002d4040::get$Lambda (9 bytes)
Event: 419.616 Thread 0x000001cfdbdd2000 nmethod 12388 0x000001cfc64cb490 code [0x000001cfc64cb660, 0x000001cfc64cb8b8]
Event: 419.616 Thread 0x000001cfdbdd2000 12389       3       org.gradle.internal.instantiation.generator.AsmBackedClassGenerator$ClassBuilderImpl$$Lambda$135/0x00000001002d4040::add (9 bytes)
Event: 419.617 Thread 0x000001cfdbdd2000 nmethod 12389 0x000001cfc64cb990 code [0x000001cfc64cbb40, 0x000001cfc64cbc68]
Event: 419.618 Thread 0x000001cfdbdd2000 12390       3       com.android.build.api.variant.impl.ApplicationVariantImpl_Decorated::getTaskContainer (40 bytes)
Event: 419.619 Thread 0x000001cfdbdd2000 nmethod 12390 0x000001cfc64cbd90 code [0x000001cfc64cbfc0, 0x000001cfc64cc6a8]
Event: 419.619 Thread 0x000001cfdbdd2000 12391       3       org.gradle.api.internal.tasks.properties.annotations.PropertyAnnotationHandler::validatePropertyMetadata (1 bytes)
Event: 419.620 Thread 0x000001cfdbdd2000 nmethod 12391 0x000001cfc64cc910 code [0x000001cfc64ccac0, 0x000001cfc64ccbb8]
Event: 419.623 Thread 0x000001cfdbdd2000 12392       1       org.gradle.api.internal.artifacts.configurations.DefaultConfiguration$WithResults::getCachedResolverResults (5 bytes)
Event: 419.623 Thread 0x000001cfdbdd2000 nmethod 12392 0x000001cfcc6a0710 code [0x000001cfcc6a08c0, 0x000001cfcc6a0978]
Event: 419.627 Thread 0x000001cfdbdcd800 nmethod 12352 0x000001cfcc6a0a10 code [0x000001cfcc6a0d00, 0x000001cfcc6a2e80]
Event: 419.627 Thread 0x000001cfdbdcd800 12360       4       org.gradle.internal.reflect.MethodSet::add (50 bytes)

GC Heap History (20 events):
Event: 12.022 GC heap before
{Heap before GC invocations=4 (full 0):
 garbage-first heap   total 229376K, used 110725K [0x0000000080000000, 0x0000000100000000)
  region size 1024K, 84 young (86016K), 2 survivors (2048K)
 Metaspace       used 34782K, capacity 35719K, committed 35840K, reserved 1081344K
  class space    used 4544K, capacity 4895K, committed 4992K, reserved 1048576K
}
Event: 12.044 GC heap after
{Heap after GC invocations=5 (full 0):
 garbage-first heap   total 229376K, used 35365K [0x0000000080000000, 0x0000000100000000)
  region size 1024K, 9 young (9216K), 9 survivors (9216K)
 Metaspace       used 34782K, capacity 35719K, committed 35840K, reserved 1081344K
  class space    used 4544K, capacity 4895K, committed 4992K, reserved 1048576K
}
Event: 17.407 GC heap before
{Heap before GC invocations=6 (full 0):
 garbage-first heap   total 229376K, used 148005K [0x0000000080000000, 0x0000000100000000)
  region size 1024K, 108 young (110592K), 9 survivors (9216K)
 Metaspace       used 43896K, capacity 45126K, committed 45184K, reserved 1089536K
  class space    used 5518K, capacity 5975K, committed 6016K, reserved 1048576K
}
Event: 17.432 GC heap after
{Heap after GC invocations=7 (full 0):
 garbage-first heap   total 229376K, used 51960K [0x0000000080000000, 0x0000000100000000)
  region size 1024K, 14 young (14336K), 14 survivors (14336K)
 Metaspace       used 43896K, capacity 45126K, committed 45184K, reserved 1089536K
  class space    used 5518K, capacity 5975K, committed 6016K, reserved 1048576K
}
Event: 25.189 GC heap before
{Heap before GC invocations=7 (full 0):
 garbage-first heap   total 229376K, used 161528K [0x0000000080000000, 0x0000000100000000)
  region size 1024K, 121 young (123904K), 14 survivors (14336K)
 Metaspace       used 49842K, capacity 51338K, committed 51456K, reserved 1093632K
  class space    used 6363K, capacity 6839K, committed 6912K, reserved 1048576K
}
Event: 25.212 GC heap after
{Heap after GC invocations=8 (full 0):
 garbage-first heap   total 229376K, used 58282K [0x0000000080000000, 0x0000000100000000)
  region size 1024K, 14 young (14336K), 14 survivors (14336K)
 Metaspace       used 49842K, capacity 51338K, committed 51456K, reserved 1093632K
  class space    used 6363K, capacity 6839K, committed 6912K, reserved 1048576K
}
Event: 34.396 GC heap before
{Heap before GC invocations=8 (full 0):
 garbage-first heap   total 229376K, used 135082K [0x0000000080000000, 0x0000000100000000)
  region size 1024K, 87 young (89088K), 14 survivors (14336K)
 Metaspace       used 58408K, capacity 60084K, committed 60160K, reserved 1101824K
  class space    used 7432K, capacity 7998K, committed 8064K, reserved 1048576K
}
Event: 34.433 GC heap after
{Heap after GC invocations=9 (full 0):
 garbage-first heap   total 229376K, used 69942K [0x0000000080000000, 0x0000000100000000)
  region size 1024K, 14 young (14336K), 14 survivors (14336K)
 Metaspace       used 58408K, capacity 60084K, committed 60160K, reserved 1101824K
  class space    used 7432K, capacity 7998K, committed 8064K, reserved 1048576K
}
Event: 38.929 GC heap before
{Heap before GC invocations=10 (full 0):
 garbage-first heap   total 229376K, used 171318K [0x0000000080000000, 0x0000000100000000)
  region size 1024K, 113 young (115712K), 14 survivors (14336K)
 Metaspace       used 66471K, capacity 68330K, committed 68608K, reserved 1107968K
  class space    used 8478K, capacity 9111K, committed 9216K, reserved 1048576K
}
Event: 38.982 GC heap after
{Heap after GC invocations=11 (full 0):
 garbage-first heap   total 229376K, used 78179K [0x0000000080000000, 0x0000000100000000)
  region size 1024K, 15 young (15360K), 15 survivors (15360K)
 Metaspace       used 66471K, capacity 68330K, committed 68608K, reserved 1107968K
  class space    used 8478K, capacity 9111K, committed 9216K, reserved 1048576K
}
Event: 43.793 GC heap before
{Heap before GC invocations=12 (full 0):
 garbage-first heap   total 229376K, used 174435K [0x0000000080000000, 0x0000000100000000)
  region size 1024K, 109 young (111616K), 15 survivors (15360K)
 Metaspace       used 73219K, capacity 75369K, committed 75520K, reserved 1114112K
  class space    used 9542K, capacity 10233K, committed 10240K, reserved 1048576K
}
Event: 43.819 GC heap after
{Heap after GC invocations=13 (full 0):
 garbage-first heap   total 229376K, used 84567K [0x0000000080000000, 0x0000000100000000)
  region size 1024K, 6 young (6144K), 6 survivors (6144K)
 Metaspace       used 73219K, capacity 75369K, committed 75520K, reserved 1114112K
  class space    used 9542K, capacity 10233K, committed 10240K, reserved 1048576K
}
Event: 50.702 GC heap before
{Heap before GC invocations=13 (full 0):
 garbage-first heap   total 229376K, used 178775K [0x0000000080000000, 0x0000000100000000)
  region size 1024K, 98 young (100352K), 6 survivors (6144K)
 Metaspace       used 81685K, capacity 83727K, committed 83840K, reserved 1122304K
  class space    used 10588K, capacity 11285K, committed 11392K, reserved 1048576K
}
Event: 50.718 GC heap after
{Heap after GC invocations=14 (full 0):
 garbage-first heap   total 229376K, used 89194K [0x0000000080000000, 0x0000000100000000)
  region size 1024K, 11 young (11264K), 11 survivors (11264K)
 Metaspace       used 81685K, capacity 83727K, committed 83840K, reserved 1122304K
  class space    used 10588K, capacity 11285K, committed 11392K, reserved 1048576K
}
Event: 56.137 GC heap before
{Heap before GC invocations=14 (full 0):
 garbage-first heap   total 229376K, used 180330K [0x0000000080000000, 0x0000000100000000)
  region size 1024K, 101 young (103424K), 11 survivors (11264K)
 Metaspace       used 88682K, capacity 91150K, committed 91264K, reserved 1128448K
  class space    used 11457K, capacity 12321K, committed 12416K, reserved 1048576K
}
Event: 56.167 GC heap after
{Heap after GC invocations=15 (full 0):
 garbage-first heap   total 229376K, used 96170K [0x0000000080000000, 0x0000000100000000)
  region size 1024K, 12 young (12288K), 12 survivors (12288K)
 Metaspace       used 88682K, capacity 91150K, committed 91264K, reserved 1128448K
  class space    used 11457K, capacity 12321K, committed 12416K, reserved 1048576K
}
Event: 61.643 GC heap before
{Heap before GC invocations=15 (full 0):
 garbage-first heap   total 229376K, used 184234K [0x0000000080000000, 0x0000000100000000)
  region size 1024K, 99 young (101376K), 12 survivors (12288K)
 Metaspace       used 92571K, capacity 94966K, committed 95232K, reserved 1132544K
  class space    used 11883K, capacity 12778K, committed 12800K, reserved 1048576K
}
Event: 61.670 GC heap after
{Heap after GC invocations=16 (full 0):
 garbage-first heap   total 229376K, used 101708K [0x0000000080000000, 0x0000000100000000)
  region size 1024K, 12 young (12288K), 12 survivors (12288K)
 Metaspace       used 92571K, capacity 94966K, committed 95232K, reserved 1132544K
  class space    used 11883K, capacity 12778K, committed 12800K, reserved 1048576K
}
Event: 275.887 GC heap before
{Heap before GC invocations=16 (full 0):
 garbage-first heap   total 229376K, used 186700K [0x0000000080000000, 0x0000000100000000)
  region size 1024K, 95 young (97280K), 12 survivors (12288K)
 Metaspace       used 100422K, capacity 103273K, committed 103296K, reserved 1138688K
  class space    used 12918K, capacity 13943K, committed 13952K, reserved 1048576K
}
Event: 275.917 GC heap after
{Heap after GC invocations=17 (full 0):
 garbage-first heap   total 229376K, used 105522K [0x0000000080000000, 0x0000000100000000)
  region size 1024K, 10 young (10240K), 10 survivors (10240K)
 Metaspace       used 100422K, capacity 103273K, committed 103296K, reserved 1138688K
  class space    used 12918K, capacity 13943K, committed 13952K, reserved 1048576K
}

Deoptimization events (20 events):
Event: 418.495 Thread 0x000001cfddfa7000 DEOPT PACKING pc=0x000001cfcbfa77a8 sp=0x0000009eae7f8b60
Event: 418.496 Thread 0x000001cfddfa7000 DEOPT UNPACKING pc=0x000001cfc43e78af sp=0x0000009eae7f8b08 mode 2
Event: 418.502 Thread 0x000001cfdc9b7000 Uncommon trap: trap_request=0xffffff4d fr.pc=0x000001cfcc614594 relative=0x0000000000005dd4
Event: 418.502 Thread 0x000001cfdc9b7000 Uncommon trap: reason=unstable_if action=reinterpret pc=0x000001cfcc614594 method=java.io.ObjectOutputStream.writeOrdinaryObject(Ljava/lang/Object;Ljava/io/ObjectStreamClass;Z)V @ 113 c2
Event: 418.502 Thread 0x000001cfdc9b7000 DEOPT PACKING pc=0x000001cfcc614594 sp=0x0000009eaeafe540
Event: 418.502 Thread 0x000001cfdc9b7000 DEOPT UNPACKING pc=0x000001cfc43e78af sp=0x0000009eaeafe540 mode 2
Event: 418.744 Thread 0x000001cfddfa7000 DEOPT PACKING pc=0x000001cfc4f77191 sp=0x0000009eae7f9320
Event: 418.744 Thread 0x000001cfddfa7000 DEOPT UNPACKING pc=0x000001cfc43e76ce sp=0x0000009eae7f87f8 mode 0
Event: 418.925 Thread 0x000001cfddfa7000 Uncommon trap: trap_request=0xffffffbe fr.pc=0x000001cfcc59c728 relative=0x0000000000000b88
Event: 418.925 Thread 0x000001cfddfa7000 Uncommon trap: reason=profile_predicate action=maybe_recompile pc=0x000001cfcc59c728 method=com.google.common.collect.ImmutableSet.construct(I[Ljava/lang/Object;)Lcom/google/common/collect/ImmutableSet; @ 68 c2
Event: 418.925 Thread 0x000001cfddfa7000 DEOPT PACKING pc=0x000001cfcc59c728 sp=0x0000009eae7f9f50
Event: 418.925 Thread 0x000001cfddfa7000 DEOPT UNPACKING pc=0x000001cfc43e78af sp=0x0000009eae7f9ee0 mode 2
Event: 418.933 Thread 0x000001cfddfa7000 Uncommon trap: trap_request=0xffffff4d fr.pc=0x000001cfcc59c894 relative=0x0000000000000cf4
Event: 418.933 Thread 0x000001cfddfa7000 Uncommon trap: reason=unstable_if action=reinterpret pc=0x000001cfcc59c894 method=com.google.common.collect.ImmutableSet.construct(I[Ljava/lang/Object;)Lcom/google/common/collect/ImmutableSet; @ 175 c2
Event: 418.933 Thread 0x000001cfddfa7000 DEOPT PACKING pc=0x000001cfcc59c894 sp=0x0000009eae7f9bd0
Event: 418.933 Thread 0x000001cfddfa7000 DEOPT UNPACKING pc=0x000001cfc43e78af sp=0x0000009eae7f9b60 mode 2
Event: 419.561 Thread 0x000001cfddfa7000 Uncommon trap: trap_request=0xffffffc6 fr.pc=0x000001cfcc328208 relative=0x00000000000005a8
Event: 419.561 Thread 0x000001cfddfa7000 Uncommon trap: reason=bimorphic_or_optimized_type_check action=maybe_recompile pc=0x000001cfcc328208 method=org.codehaus.groovy.util.SingleKeyHashMap.get(Ljava/lang/Object;)Ljava/lang/Object; @ 1 c2
Event: 419.561 Thread 0x000001cfddfa7000 DEOPT PACKING pc=0x000001cfcc328208 sp=0x0000009eae7f8f50
Event: 419.561 Thread 0x000001cfddfa7000 DEOPT UNPACKING pc=0x000001cfc43e78af sp=0x0000009eae7f8f00 mode 2

Classes redefined (0 events):
No events

Internal exceptions (20 events):
Event: 419.452 Thread 0x000001cfddfa7000 Exception <a 'java/lang/ClassNotFoundException'{0x000000008b471a10}: com/android/build/gradle/internal/tasks/BaseTaskBeanInfo> (0x000000008b471a10) thrown at [./src/hotspot/share/classfile/systemDictionary.cpp, line 231]
Event: 419.453 Thread 0x000001cfddfa7000 Exception <a 'java/lang/ClassNotFoundException'{0x000000008b48bab8}: com/android/build/gradle/internal/tasks/BaseTaskCustomizer> (0x000000008b48bab8) thrown at [./src/hotspot/share/classfile/systemDictionary.cpp, line 231]
Event: 419.463 Thread 0x000001cfddfa7000 Exception <a 'java/lang/ClassNotFoundException'{0x000000008b4b73c0}: com/android/build/gradle/internal/tasks/AndroidVariantTaskCustomizer> (0x000000008b4b73c0) thrown at [./src/hotspot/share/classfile/systemDictionary.cpp, line 231]
Event: 419.465 Thread 0x000001cfddfa7000 Exception <a 'java/lang/ClassNotFoundException'{0x000000008b4dff68}: com/android/build/gradle/internal/tasks/NewIncrementalTaskCustomizer> (0x000000008b4dff68) thrown at [./src/hotspot/share/classfile/systemDictionary.cpp, line 231]
Event: 419.466 Thread 0x000001cfddfa7000 Exception <a 'java/lang/ClassNotFoundException'{0x000000008b306160}: com/android/build/gradle/tasks/MergeResourcesCustomizer> (0x000000008b306160) thrown at [./src/hotspot/share/classfile/systemDictionary.cpp, line 231]
Event: 419.469 Thread 0x000001cfddfa7000 Exception <a 'java/lang/ClassNotFoundException'{0x000000008b359de0}: com/android/build/gradle/tasks/MergeResources_DecoratedCustomizer> (0x000000008b359de0) thrown at [./src/hotspot/share/classfile/systemDictionary.cpp, line 231]
Event: 419.542 Thread 0x000001cfddfa7000 Exception <a 'java/lang/ClassNotFoundException'{0x000000008b0cd588}: com/google/gms/googleservices/GoogleServicesTask_DecoratedBeanInfo> (0x000000008b0cd588) thrown at [./src/hotspot/share/classfile/systemDictionary.cpp, line 231]
Event: 419.543 Thread 0x000001cfddfa7000 Exception <a 'java/lang/ClassNotFoundException'{0x000000008b0e57b8}: com/google/gms/googleservices/GoogleServicesTaskBeanInfo> (0x000000008b0e57b8) thrown at [./src/hotspot/share/classfile/systemDictionary.cpp, line 231]
Event: 419.544 Thread 0x000001cfddfa7000 Exception <a 'java/lang/ClassNotFoundException'{0x000000008b0fe1f8}: com/google/gms/googleservices/GoogleServicesTaskCustomizer> (0x000000008b0fe1f8) thrown at [./src/hotspot/share/classfile/systemDictionary.cpp, line 231]
Event: 419.545 Thread 0x000001cfddfa7000 Exception <a 'java/lang/ClassNotFoundException'{0x000000008af2c9f8}: com/google/gms/googleservices/GoogleServicesTask_DecoratedCustomizer> (0x000000008af2c9f8) thrown at [./src/hotspot/share/classfile/systemDictionary.cpp, line 231]
Event: 419.556 Thread 0x000001cfddfa7000 Exception <a 'java/lang/ClassNotFoundException'{0x000000008afb6720}: com/android/build/gradle/internal/api/ReadOnlyBuildTypeBeanInfo> (0x000000008afb6720) thrown at [./src/hotspot/share/classfile/systemDictionary.cpp, line 231]
Event: 419.557 Thread 0x000001cfddfa7000 Exception <a 'java/lang/ClassNotFoundException'{0x000000008afcfd40}: com/android/build/gradle/internal/api/ReadOnlyBaseConfigBeanInfo> (0x000000008afcfd40) thrown at [./src/hotspot/share/classfile/systemDictionary.cpp, line 231]
Event: 419.557 Thread 0x000001cfddfa7000 Exception <a 'java/lang/ClassNotFoundException'{0x000000008afe9b10}: com/android/build/gradle/internal/api/ReadOnlyBaseConfigCustomizer> (0x000000008afe9b10) thrown at [./src/hotspot/share/classfile/systemDictionary.cpp, line 231]
Event: 419.559 Thread 0x000001cfddfa7000 Exception <a 'java/lang/ClassNotFoundException'{0x000000008ae13c00}: com/android/build/gradle/internal/api/ReadOnlyBuildTypeCustomizer> (0x000000008ae13c00) thrown at [./src/hotspot/share/classfile/systemDictionary.cpp, line 231]
Event: 419.573 Thread 0x000001cfddfa7000 Exception <a 'java/lang/ClassNotFoundException'{0x000000008ad76398}: com/android/build/gradle/internal/api/ImmutableFlavorListBeanInfo> (0x000000008ad76398) thrown at [./src/hotspot/share/classfile/systemDictionary.cpp, line 231]
Event: 419.574 Thread 0x000001cfddfa7000 Exception <a 'java/lang/ClassNotFoundException'{0x000000008ad90918}: com/android/build/gradle/internal/api/ImmutableFlavorListCustomizer> (0x000000008ad90918) thrown at [./src/hotspot/share/classfile/systemDictionary.cpp, line 231]
Event: 419.602 Thread 0x000001cfddfa7000 Exception <a 'java/lang/ClassNotFoundException'{0x000000008ac76320}: org/gradle/api/internal/file/collections/DefaultConfigurableFileCollectionBeanInfo> (0x000000008ac76320) thrown at [./src/hotspot/share/classfile/systemDictionary.cpp, line 231]
Event: 419.602 Thread 0x000001cfddfa7000 Exception <a 'java/lang/ClassNotFoundException'{0x000000008ac8e8f0}: org/gradle/api/internal/file/CompositeFileCollectionBeanInfo> (0x000000008ac8e8f0) thrown at [./src/hotspot/share/classfile/systemDictionary.cpp, line 231]
Event: 419.603 Thread 0x000001cfddfa7000 Exception <a 'java/lang/ClassNotFoundException'{0x000000008aca6dc8}: org/gradle/api/internal/file/CompositeFileCollectionCustomizer> (0x000000008aca6dc8) thrown at [./src/hotspot/share/classfile/systemDictionary.cpp, line 231]
Event: 419.605 Thread 0x000001cfddfa7000 Exception <a 'java/lang/ClassNotFoundException'{0x000000008accb0d0}: org/gradle/api/internal/file/collections/DefaultConfigurableFileCollectionCustomizer> (0x000000008accb0d0) thrown at [./src/hotspot/share/classfile/systemDictionary.cpp, line 231]

Events (20 events):
Event: 419.605 loading class org/gradle/api/internal/file/collections/DefaultConfigurableFileCollectionCustomizer
Event: 419.605 loading class org/gradle/api/internal/file/collections/DefaultConfigurableFileCollectionCustomizer done
Event: 419.605 loading class org/gradle/api/internal/file/collections/DefaultConfigurableFileCollectionCustomizer
Event: 419.605 loading class org/gradle/api/internal/file/collections/DefaultConfigurableFileCollectionCustomizer done
Event: 419.606 Executing VM operation: RevokeBias
Event: 419.607 Executing VM operation: RevokeBias done
Event: 419.627 loading class com/android/build/gradle/internal/tasks/MergeNativeLibsTask$Companion
Event: 419.627 loading class com/android/build/gradle/internal/tasks/MergeNativeLibsTask$Companion done
Event: 419.633 loading class com/android/build/gradle/internal/tasks/MergeNativeLibsTask$Companion$predicate$1
Event: 419.633 loading class com/android/build/gradle/internal/tasks/MergeNativeLibsTask$Companion$predicate$1 done
Event: 419.636 loading class com/android/build/gradle/internal/tasks/MergeNativeLibsTaskKt
Event: 419.636 loading class com/android/build/gradle/internal/tasks/MergeNativeLibsTaskKt done
Event: 419.637 loading class com/android/build/gradle/internal/tasks/MergeNativeLibsTaskKt$getProjectNativeLibs$2
Event: 419.637 loading class com/android/build/gradle/internal/tasks/MergeNativeLibsTaskKt$getProjectNativeLibs$2 done
Event: 419.638 loading class com/android/build/gradle/internal/tasks/MergeNativeLibsTaskKt$getProjectNativeLibs$3
Event: 419.638 loading class com/android/build/gradle/internal/tasks/MergeNativeLibsTaskKt$getProjectNativeLibs$3 done
Event: 419.639 loading class com/android/build/gradle/internal/tasks/MergeNativeLibsTaskKt$getExternalNativeLibs$1
Event: 419.639 loading class com/android/build/gradle/internal/tasks/MergeNativeLibsTaskKt$getExternalNativeLibs$1 done
Event: 419.640 loading class com/android/build/gradle/internal/tasks/MergeNativeLibsTaskKt$getSubProjectNativeLibs$1
Event: 419.640 loading class com/android/build/gradle/internal/tasks/MergeNativeLibsTaskKt$getSubProjectNativeLibs$1 done


Dynamic libraries:
0x00007ff6731a0000 - 0x00007ff6731aa000 	C:\Program Files\Android\Android Studio\jre\bin\java.exe
0x00007ff8c7fb0000 - 0x00007ff8c81a5000 	C:\WINDOWS\SYSTEM32\ntdll.dll
0x00007ff8c6590000 - 0x00007ff8c664e000 	C:\WINDOWS\System32\KERNEL32.DLL
0x00007ff8c58a0000 - 0x00007ff8c5b68000 	C:\WINDOWS\System32\KERNELBASE.dll
0x00007ff8c5ba0000 - 0x00007ff8c5ca0000 	C:\WINDOWS\System32\ucrtbase.dll
0x00007ff8a69a0000 - 0x00007ff8a69b7000 	C:\Program Files\Android\Android Studio\jre\bin\VCRUNTIME140.dll
0x00007ff8a9d50000 - 0x00007ff8a9d69000 	C:\Program Files\Android\Android Studio\jre\bin\jli.dll
0x00007ff8c7130000 - 0x00007ff8c72d1000 	C:\WINDOWS\System32\USER32.dll
0x00007ff8b1dd0000 - 0x00007ff8b206a000 	C:\WINDOWS\WinSxS\amd64_microsoft.windows.common-controls_6595b64144ccf1df_6.0.19041.1110_none_60b5254171f9507e\COMCTL32.dll
0x00007ff8c7bf0000 - 0x00007ff8c7c8e000 	C:\WINDOWS\System32\msvcrt.dll
0x00007ff8c5b70000 - 0x00007ff8c5b92000 	C:\WINDOWS\System32\win32u.dll
0x00007ff8c6790000 - 0x00007ff8c67bb000 	C:\WINDOWS\System32\GDI32.dll
0x00007ff8c56d0000 - 0x00007ff8c57db000 	C:\WINDOWS\System32\gdi32full.dll
0x00007ff8c5f60000 - 0x00007ff8c5ffd000 	C:\WINDOWS\System32\msvcp_win.dll
0x00007ff8c78d0000 - 0x00007ff8c7900000 	C:\WINDOWS\System32\IMM32.DLL
0x00007ff8805b0000 - 0x00007ff88064d000 	C:\Program Files\Android\Android Studio\jre\bin\msvcp140.dll
0x00007ff87b560000 - 0x00007ff87c02f000 	C:\Program Files\Android\Android Studio\jre\bin\server\jvm.dll
0x00007ff8c72e0000 - 0x00007ff8c738c000 	C:\WINDOWS\System32\ADVAPI32.dll
0x00007ff8c7c90000 - 0x00007ff8c7d2b000 	C:\WINDOWS\System32\sechost.dll
0x00007ff8c6650000 - 0x00007ff8c677a000 	C:\WINDOWS\System32\RPCRT4.dll
0x00007ff8c6780000 - 0x00007ff8c6788000 	C:\WINDOWS\System32\PSAPI.DLL
0x00007ff8baa60000 - 0x00007ff8baa87000 	C:\WINDOWS\SYSTEM32\WINMM.dll
0x00007ff8bc580000 - 0x00007ff8bc58a000 	C:\WINDOWS\SYSTEM32\VERSION.dll
0x00007ff8c1380000 - 0x00007ff8c1389000 	C:\WINDOWS\SYSTEM32\WSOCK32.dll
0x00007ff8c6ff0000 - 0x00007ff8c705b000 	C:\WINDOWS\System32\WS2_32.dll
0x00007ff8c35d0000 - 0x00007ff8c35e2000 	C:\WINDOWS\SYSTEM32\kernel.appcore.dll
0x00007ff8c03b0000 - 0x00007ff8c03c1000 	C:\Program Files\Android\Android Studio\jre\bin\verify.dll
0x00007ff8b6690000 - 0x00007ff8b6874000 	C:\WINDOWS\SYSTEM32\DBGHELP.DLL
0x00007ff8b3ca0000 - 0x00007ff8b3ccc000 	C:\WINDOWS\SYSTEM32\dbgcore.DLL
0x00007ff8c57e0000 - 0x00007ff8c5863000 	C:\WINDOWS\System32\bcryptPrimitives.dll
0x00007ff8aed60000 - 0x00007ff8aed89000 	C:\Program Files\Android\Android Studio\jre\bin\java.dll
0x00007ff8c1370000 - 0x00007ff8c137b000 	C:\Program Files\Android\Android Studio\jre\bin\jimage.dll
0x00007ff8afce0000 - 0x00007ff8afcf8000 	C:\Program Files\Android\Android Studio\jre\bin\zip.dll
0x00007ff8c67c0000 - 0x00007ff8c6eff000 	C:\WINDOWS\System32\SHELL32.dll
0x00007ff8c37d0000 - 0x00007ff8c3f60000 	C:\WINDOWS\SYSTEM32\windows.storage.dll
0x00007ff8c7390000 - 0x00007ff8c76e5000 	C:\WINDOWS\System32\combase.dll
0x00007ff8c5050000 - 0x00007ff8c507e000 	C:\WINDOWS\SYSTEM32\Wldp.dll
0x00007ff8c64e0000 - 0x00007ff8c658d000 	C:\WINDOWS\System32\SHCORE.dll
0x00007ff8c7a20000 - 0x00007ff8c7a75000 	C:\WINDOWS\System32\shlwapi.dll
0x00007ff8c5610000 - 0x00007ff8c562f000 	C:\WINDOWS\SYSTEM32\profapi.dll
0x00007ff8adaa0000 - 0x00007ff8adaba000 	C:\Program Files\Android\Android Studio\jre\bin\net.dll
0x00007ff8bbba0000 - 0x00007ff8bbcac000 	C:\WINDOWS\SYSTEM32\WINHTTP.dll
0x00007ff8c4db0000 - 0x00007ff8c4e1a000 	C:\WINDOWS\system32\mswsock.dll
0x00007ff8aaa80000 - 0x00007ff8aaa94000 	C:\Program Files\Android\Android Studio\jre\bin\nio.dll
0x00007ff8a0aa0000 - 0x00007ff8a0ac7000 	C:\Users\jeffe\.gradle\native\8bec1ad78214c89d9ad589b4d07fe93259594b29d510b10fafb7a158f7737e5d\windows-amd64\native-platform.dll
0x00007ff886b40000 - 0x00007ff886c7d000 	C:\Users\jeffe\.gradle\native\53dbd7edfb1c66fb8903c78663c9afc45aea4f116125fa6feffd364cf09443e8\windows-amd64\native-platform-file-events.dll
0x00007ff8beaf0000 - 0x00007ff8beafa000 	C:\Program Files\Android\Android Studio\jre\bin\management.dll
0x00007ff8bda20000 - 0x00007ff8bda2c000 	C:\Program Files\Android\Android Studio\jre\bin\management_ext.dll
0x00007ff8c4fb0000 - 0x00007ff8c4fc8000 	C:\WINDOWS\SYSTEM32\CRYPTSP.dll
0x00007ff8c4730000 - 0x00007ff8c4764000 	C:\WINDOWS\system32\rsaenh.dll
0x00007ff8c5870000 - 0x00007ff8c5897000 	C:\WINDOWS\System32\bcrypt.dll
0x00007ff8c55d0000 - 0x00007ff8c55fe000 	C:\WINDOWS\SYSTEM32\USERENV.dll
0x00007ff8c4fa0000 - 0x00007ff8c4fac000 	C:\WINDOWS\SYSTEM32\CRYPTBASE.dll
0x00007ff8c4aa0000 - 0x00007ff8c4adb000 	C:\WINDOWS\SYSTEM32\IPHLPAPI.DLL
0x00007ff8c78c0000 - 0x00007ff8c78c8000 	C:\WINDOWS\System32\NSI.dll
0x00007ff8baeb0000 - 0x00007ff8baec7000 	C:\WINDOWS\SYSTEM32\dhcpcsvc6.DLL
0x00007ff8bae90000 - 0x00007ff8baead000 	C:\WINDOWS\SYSTEM32\dhcpcsvc.DLL
0x00007ff8c4ae0000 - 0x00007ff8c4bab000 	C:\WINDOWS\SYSTEM32\DNSAPI.dll
0x00007ff89f800000 - 0x00007ff89f827000 	C:\Program Files\Android\Android Studio\jre\bin\sunec.dll
0x00007ff8b7c20000 - 0x00007ff8b7c2a000 	C:\Windows\System32\rasadhlp.dll
0x00007ff8b7920000 - 0x00007ff8b799f000 	C:\WINDOWS\System32\fwpuclnt.dll

dbghelp: loaded successfully - version: 4.0.5 - missing functions: none
symbol engine: initialized successfully - sym options: 0x614 - pdb path: .;C:\Program Files\Android\Android Studio\jre\bin;C:\WINDOWS\SYSTEM32;C:\WINDOWS\WinSxS\amd64_microsoft.windows.common-controls_6595b64144ccf1df_6.0.19041.1110_none_60b5254171f9507e;C:\Program Files\Android\Android Studio\jre\bin\server;C:\Users\jeffe\.gradle\native\8bec1ad78214c89d9ad589b4d07fe93259594b29d510b10fafb7a158f7737e5d\windows-amd64;C:\Users\jeffe\.gradle\native\53dbd7edfb1c66fb8903c78663c9afc45aea4f116125fa6feffd364cf09443e8\windows-amd64

VM Arguments:
jvm_args: --add-opens=java.base/java.util=ALL-UNNAMED --add-opens=java.base/java.lang=ALL-UNNAMED --add-opens=java.base/java.lang.invoke=ALL-UNNAMED --add-opens=java.base/java.util=ALL-UNNAMED --add-opens=java.prefs/java.util.prefs=ALL-UNNAMED --add-opens=java.prefs/java.util.prefs=ALL-UNNAMED --add-opens=java.base/java.nio.charset=ALL-UNNAMED --add-opens=java.base/java.net=ALL-UNNAMED --add-opens=java.base/java.util.concurrent.atomic=ALL-UNNAMED -Xmx2048m -Dfile.encoding=UTF-8 -Duser.country=PH -Duser.language=en -Duser.variant 
java_command: org.gradle.launcher.daemon.bootstrap.GradleDaemon 7.0.2
java_class_path (initial): C:\Users\jeffe\.gradle\wrapper\dists\gradle-7.0.2-bin\857tjihv64xamwrf0h14cai3r\gradle-7.0.2\lib\gradle-launcher-7.0.2.jar
Launcher Type: SUN_STANDARD

[Global flags]
     intx CICompilerCount                          = 4                                         {product} {ergonomic}
     uint ConcGCThreads                            = 2                                         {product} {ergonomic}
     uint G1ConcRefinementThreads                  = 8                                         {product} {ergonomic}
   size_t G1HeapRegionSize                         = 1048576                                   {product} {ergonomic}
    uintx GCDrainStackTargetSize                   = 64                                        {product} {ergonomic}
   size_t InitialHeapSize                          = 234881024                                 {product} {ergonomic}
   size_t MarkStackSize                            = 4194304                                   {product} {ergonomic}
   size_t MaxHeapSize                              = 2147483648                                {product} {command line}
   size_t MaxNewSize                               = 1287651328                                {product} {ergonomic}
   size_t MinHeapDeltaBytes                        = 1048576                                   {product} {ergonomic}
    uintx NonNMethodCodeHeapSize                   = 5836300                                {pd product} {ergonomic}
    uintx NonProfiledCodeHeapSize                  = 122910970                              {pd product} {ergonomic}
    uintx ProfiledCodeHeapSize                     = 122910970                              {pd product} {ergonomic}
    uintx ReservedCodeCacheSize                    = 251658240                              {pd product} {ergonomic}
     bool SegmentedCodeCache                       = true                                      {product} {ergonomic}
     bool UseCompressedClassPointers               = true                                 {lp64_product} {ergonomic}
     bool UseCompressedOops                        = true                                 {lp64_product} {ergonomic}
     bool UseG1GC                                  = true                                      {product} {ergonomic}
     bool UseLargePagesIndividualAllocation        = false                                  {pd product} {ergonomic}

Logging:
Log output configuration:
 #0: stdout all=warning uptime,level,tags
 #1: stderr all=off uptime,level,tags

Environment Variables:
JAVA_HOME=C:\Program Files\Java\jdk-13.0.2
PATH=C:\Program Files (x86)\Razer Chroma SDK\bin;C:\Program Files\Razer Chroma SDK\bin;C:\Program Files (x86)\Razer\ChromaBroadcast\bin;C:\Program Files\Razer\ChromaBroadcast\bin;C:\WINDOWS\system32;C:\WINDOWS;C:\WINDOWS\System32\Wbem;C:\WINDOWS\System32\WindowsPowerShell\v1.0\;C:\WINDOWS\System32\OpenSSH\;C:\Program Files\Java\jdk-13.0.2\bin;C:\Program Files\MySQL\MySQL Server 5.5\bin;C:\WINDOWS\system32\config\systemprofile\AppData\Local\Microsoft\WindowsApps;C:\Users\jeffe\AppData\Local\Microsoft\WindowsApps;C:\Program Files\MySQL\MySQL Shell 8.0\bin\;C:\Users\jeffe\AppData\Local\Microsoft\WindowsApps;
USERNAME=jeffe
OS=Windows_NT
PROCESSOR_IDENTIFIER=AMD64 Family 23 Model 24 Stepping 1, AuthenticAMD



---------------  S Y S T E M  ---------------

OS: Windows 10 , 64 bit Build 19041 (10.0.19041.1320)
OS uptime: 0 days 22:26 hours

CPU:total 8 (initial active 8) (8 cores per cpu, 2 threads per core) family 23 model 24 stepping 1 microcode 0x0, cmov, cx8, fxsr, mmx, sse, sse2, sse3, ssse3, sse4.1, sse4.2, popcnt, avx, avx2, aes, clmul, mmxext, 3dnowpref, lzcnt, sse4a, ht, tsc, tscinvbit, tscinv, bmi1, bmi2, adx, s

Memory: 4k page, system-wide physical 14274M (7071M free)
TotalPageFile size 16450M (AvailPageFile size 6576M)
current process WorkingSet (physical memory assigned to process): 516M, peak: 518M
current process commit charge ("private bytes"): 558M, peak: 562M

vm_info: OpenJDK 64-Bit Server VM (11.0.10+0-b96-7249189) for windows-amd64 JRE (11.0.10+0-b96-7249189), built on Mar 31 2021 21:44:00 by "builder" with MS VC++ 14.0 (VS2015)

END.
