#
# A fatal error has been detected by the Java Runtime Environment:
#
#  EXCEPTION_ACCESS_VIOLATION (0xc0000005) at pc=0x00007ffbbf1b536c, pid=13620, tid=7764
#
# JRE version: OpenJDK Runtime Environment (11.0.10) (build 11.0.10+0-b96-7249189)
# Java VM: OpenJDK 64-Bit Server VM (11.0.10+0-b96-7249189, mixed mode, tiered, compressed oops, g1 gc, windows-amd64)
# Problematic frame:
# V  [jvm.dll+0x16536c]
#
# No core dump will be written. Minidumps are not enabled by default on client versions of Windows
#
# If you would like to submit a bug report, please visit:
#   https://bugreport.java.com/bugreport/crash.jsp
#

---------------  S U M M A R Y ------------

Command Line: --add-opens=java.base/java.util=ALL-UNNAMED --add-opens=java.base/java.lang=ALL-UNNAMED --add-opens=java.base/java.lang.invoke=ALL-UNNAMED --add-opens=java.base/java.util=ALL-UNNAMED --add-opens=java.prefs/java.util.prefs=ALL-UNNAMED --add-opens=java.prefs/java.util.prefs=ALL-UNNAMED --add-opens=java.base/java.nio.charset=ALL-UNNAMED --add-opens=java.base/java.net=ALL-UNNAMED --add-opens=java.base/java.util.concurrent.atomic=ALL-UNNAMED -Xmx2048m -Dfile.encoding=UTF-8 -Duser.country=PH -Duser.language=en -Duser.variant org.gradle.launcher.daemon.bootstrap.GradleDaemon 7.0.2

Host: AMD Ryzen 5 3550H with Radeon Vega Mobile Gfx  , 8 cores, 13G,  Windows 10 , 64 bit Build 19041 (10.0.19041.1320)
Time: Sun Nov  7 21:01:29 2021 Malay Peninsula Standard Time elapsed time: 854.727836 seconds (0d 0h 14m 14s)

---------------  T H R E A D  ---------------

Current thread (0x0000019b9f3a3800):  JavaThread "C1 CompilerThread0" daemon [_thread_in_native, id=7764, stack(0x0000001388e00000,0x0000001388f00000)]


Current CompileTask:
C1: 854728 17345 %     3       org.objectweb.asm.ClassReader::accept @ 1344 (1404 bytes)

Stack: [0x0000001388e00000,0x0000001388f00000],  sp=0x0000001388efee50,  free space=1019k
Native frames: (J=compiled Java code, j=interpreted, Vv=VM code, C=native code)
V  [jvm.dll+0x16536c]
V  [jvm.dll+0x165400]
V  [jvm.dll+0x16765d]
V  [jvm.dll+0x1695c4]
V  [jvm.dll+0x12376c]
V  [jvm.dll+0x123279]
V  [jvm.dll+0x1233e3]
V  [jvm.dll+0x1226f7]
V  [jvm.dll+0x1242c7]
V  [jvm.dll+0x208ee7]
V  [jvm.dll+0x207731]
V  [jvm.dll+0x6eb1cf]
V  [jvm.dll+0x6e3d45]
V  [jvm.dll+0x5ebe96]
C  [ucrtbase.dll+0x21bb2]
C  [KERNEL32.DLL+0x17034]
C  [ntdll.dll+0x52651]


siginfo: EXCEPTION_ACCESS_VIOLATION (0xc0000005), writing address 0x0000020000000004


Register to memory mapping:

RIP=0x00007ffbbf1b536c jvm.dll
RAX=0x000000000000000a is an unknown value
RBX=0x0000020000000000 is an unknown value
RCX=0x0000019b9f96ed10 points into unknown readable memory: 0x0000001388eff680 | 80 f6 ef 88 13 00 00 00
RDX=0x0000000000000325 is an unknown value
RSP=0x0000001388efee50 is pointing into the stack for thread: 0x0000019b9f3a3800
RBP=0x000000000000042a is an unknown value
RSI=0x0000019b9f96ed10 points into unknown readable memory: 0x0000001388eff680 | 80 f6 ef 88 13 00 00 00
RDI=0x0000000000000325 is an unknown value
R8 =0x000000000000040c is an unknown value
R9 =0x000000000000042a is an unknown value
R10=0x0000000000000326 is an unknown value
R11=0x0000001388efee10 is pointing into the stack for thread: 0x0000019b9f3a3800
R12=0x0000019b9f96ed10 points into unknown readable memory: 0x0000001388eff680 | 80 f6 ef 88 13 00 00 00
R13=0x000000000000042a is an unknown value
R14=0x0000000000001928 is an unknown value
R15=0x000000000000040c is an unknown value


Registers:
RAX=0x000000000000000a, RBX=0x0000020000000000, RCX=0x0000019b9f96ed10, RDX=0x0000000000000325
RSP=0x0000001388efee50, RBP=0x000000000000042a, RSI=0x0000019b9f96ed10, RDI=0x0000000000000325
R8 =0x000000000000040c, R9 =0x000000000000042a, R10=0x0000000000000326, R11=0x0000001388efee10
R12=0x0000019b9f96ed10, R13=0x000000000000042a, R14=0x0000000000001928, R15=0x000000000000040c
RIP=0x00007ffbbf1b536c, EFLAGS=0x0000000000010283

Top of Stack: (sp=0x0000001388efee50)
0x0000001388efee50:   0000019ba8a52990 0000019b9f96ed10
0x0000001388efee60:   0000019b9f96ed10 00007ffc12a0251d
0x0000001388efee70:   000000000000040c 000000000000042a
0x0000001388efee80:   0000000000000000 00007ffbbf1b5400
0x0000001388efee90:   0000000000000325 0000001388efefe0
0x0000001388efeea0:   0000000000000001 00007ffbbf1be9b1
0x0000001388efeeb0:   0000001300000003 000000000000000a
0x0000001388efeec0:   0000019ba7d1c6e0 0000019ba7d1be60
0x0000001388efeed0:   0000019b9f96ed10 00007ffbbf1b765d
0x0000001388efeee0:   0000000000c9500b 0000000000000001
0x0000001388efeef0:   0000000000c7d00b 0000000000c9500b
0x0000001388efef00:   0000000000000003 00000000000003ff
0x0000001388efef10:   000000030000040c 0000000000000001
0x0000001388efef20:   0000019ba7d1c6e0 0000019b9f96ed10
0x0000001388efef30:   0000019b9eae90e0 000000000000000b
0x0000001388efef40:   000000000000000f 0000000000000001 

Instructions: (pc=0x00007ffbbf1b536c)
0x00007ffbbf1b526c:   8b cd 89 44 24 20 45 8b c6 8b d7 49 8b cf e8 91
0x00007ffbbf1b527c:   fe ff ff 48 8b cb e8 39 68 00 00 8b f8 85 c0 78
0x00007ffbbf1b528c:   3e 80 3d fb 22 89 00 00 75 09 80 3d fb 22 89 00
0x00007ffbbf1b529c:   00 74 05 be 0a 00 00 00 3b fe 7e 05 83 ff 10 7c
0x00007ffbbf1b52ac:   1e 83 e3 78 8b cb e8 d9 be f9 ff 44 8b cd 89 44
0x00007ffbbf1b52bc:   24 20 45 8b c6 8b d7 49 8b cf e8 45 fe ff ff 48
0x00007ffbbf1b52cc:   8b 74 24 50 48 8b 7c 24 58 48 8b 5c 24 60 48 83
0x00007ffbbf1b52dc:   c4 30 41 5f 41 5e 5d c3 cc cc cc cc cc cc cc cc
0x00007ffbbf1b52ec:   cc cc cc cc 48 89 5c 24 08 48 89 6c 24 10 48 89
0x00007ffbbf1b52fc:   74 24 18 57 41 56 41 57 48 83 ec 20 48 8b 41 70
0x00007ffbbf1b530c:   41 8b e9 48 63 fa 45 8b f8 48 8b f1 4c 8d 34 fd
0x00007ffbbf1b531c:   00 00 00 00 49 8b 1c 06 48 85 db 75 3a b9 90 00
0x00007ffbbf1b532c:   00 00 e8 ed 26 fc ff 48 85 c0 74 0f 8b d7 48 8b
0x00007ffbbf1b533c:   c8 e8 de ef ff ff 48 8b d8 eb 02 33 db 48 8b 46
0x00007ffbbf1b534c:   70 49 89 1c 06 81 ff 39 02 00 00 7d 0a 89 7b 44
0x00007ffbbf1b535c:   c7 43 48 ff ff ff ff 8b 44 24 68 83 f8 63 74 03
0x00007ffbbf1b536c:   89 43 04 44 8b c5 41 8b d7 48 8b cb e8 73 fc ff
0x00007ffbbf1b537c:   ff 44 8b 44 24 60 8b d5 48 8b cb 48 8b 5c 24 40
0x00007ffbbf1b538c:   48 8b 6c 24 48 48 8b 74 24 50 48 83 c4 20 41 5f
0x00007ffbbf1b539c:   41 5e 5f e9 4c 01 00 00 cc cc cc cc cc cc cc cc
0x00007ffbbf1b53ac:   cc cc cc cc 48 89 5c 24 20 41 54 41 56 41 57 48
0x00007ffbbf1b53bc:   83 ec 30 48 8b c2 45 8b f1 48 c1 e8 0c 45 8b f8
0x00007ffbbf1b53cc:   48 8b da 4c 8b e1 a8 01 74 3a 8b cb 83 e1 78 e8
0x00007ffbbf1b53dc:   b0 bd f9 ff 89 44 24 28 45 8b ce 8b 44 24 70 45
0x00007ffbbf1b53ec:   8b c7 48 c1 fb 0e 49 8b cc 8b d3 89 44 24 20 e8
0x00007ffbbf1b53fc:   f0 fe ff ff 48 8b 5c 24 68 48 83 c4 30 41 5f 41
0x00007ffbbf1b540c:   5e 41 5c c3 48 89 6c 24 50 48 8b cb 48 89 74 24
0x00007ffbbf1b541c:   58 48 89 7c 24 60 e8 c9 65 00 00 80 3d 61 21 89
0x00007ffbbf1b542c:   00 00 8b f8 be 0b 00 00 00 75 0b 80 3d 5a 21 89
0x00007ffbbf1b543c:   00 00 8b c6 74 05 b8 0a 00 00 00 8b 6c 24 70 3b
0x00007ffbbf1b544c:   f8 7e 05 83 ff 10 7c 22 8b cb 83 e1 78 e8 32 bd
0x00007ffbbf1b545c:   f9 ff 89 44 24 28 45 8b ce 45 8b c7 89 6c 24 20 


Stack slot to memory mapping:
stack at sp + 0 slots: 0x0000019ba8a52990 points into unknown readable memory: 0x0000000a0000031f | 1f 03 00 00 0a 00 00 00
stack at sp + 1 slots: 0x0000019b9f96ed10 points into unknown readable memory: 0x0000001388eff680 | 80 f6 ef 88 13 00 00 00
stack at sp + 2 slots: 0x0000019b9f96ed10 points into unknown readable memory: 0x0000001388eff680 | 80 f6 ef 88 13 00 00 00
stack at sp + 3 slots: 0x00007ffc12a0251d KERNELBASE.dll
stack at sp + 4 slots: 0x000000000000040c is an unknown value
stack at sp + 5 slots: 0x000000000000042a is an unknown value
stack at sp + 6 slots: 0x0 is NULL
stack at sp + 7 slots: 0x00007ffbbf1b5400 jvm.dll


---------------  P R O C E S S  ---------------

Threads class SMR info:
_java_thread_list=0x0000019ba69562b0, length=72, elements={
0x0000019b8464c000, 0x0000019b9f33d000, 0x0000019b9f33e800, 0x0000019b9f395000,
0x0000019b9f397000, 0x0000019b9f399000, 0x0000019b9f3a2000, 0x0000019b9f3a3800,
0x0000019b9eb09800, 0x0000019b9f504800, 0x0000019ba1bd8000, 0x0000019b9f94a800,
0x0000019ba28b5000, 0x0000019ba1a9a800, 0x0000019ba1a98000, 0x0000019ba1a9b800,
0x0000019ba1a9c000, 0x0000019ba1a96800, 0x0000019ba068e800, 0x0000019ba0691000,
0x0000019ba0690800, 0x0000019ba068f800, 0x0000019ba0692800, 0x0000019ba4dda000,
0x0000019ba4ddb000, 0x0000019ba4ddc800, 0x0000019ba4ddc000, 0x0000019ba4ddd800,
0x0000019ba4dd7800, 0x0000019ba52a8000, 0x0000019ba52a8800, 0x0000019ba810d800,
0x0000019ba8106800, 0x0000019ba8107000, 0x0000019ba8108000, 0x0000019ba8109000,
0x0000019ba8103000, 0x0000019ba8109800, 0x0000019ba8104000, 0x0000019ba810a800,
0x0000019ba8104800, 0x0000019ba810f800, 0x0000019ba810b800, 0x0000019ba810d000,
0x0000019ba8112000, 0x0000019ba8110000, 0x0000019ba8111000, 0x0000019ba810c000,
0x0000019ba810e800, 0x0000019ba068a800, 0x0000019ba0692000, 0x0000019ba068e000,
0x0000019ba068d000, 0x0000019ba0694800, 0x0000019ba0698800, 0x0000019ba0693800,
0x0000019ba0695000, 0x0000019ba0697000, 0x0000019ba0697800, 0x0000019ba0699000,
0x0000019ba52a9800, 0x0000019ba52aa000, 0x0000019ba52ab000, 0x0000019ba52a7000,
0x0000019ba52ac000, 0x0000019ba52a6000, 0x0000019ba52ac800, 0x0000019ba1a95800,
0x0000019ba1a97000, 0x0000019ba1a99000, 0x0000019ba1a99800, 0x0000019ba4dd8800
}

Java Threads: ( => current thread )
  0x0000019b8464c000 JavaThread "main" [_thread_blocked, id=9840, stack(0x0000001388100000,0x0000001388200000)]
  0x0000019b9f33d000 JavaThread "Reference Handler" daemon [_thread_blocked, id=3504, stack(0x0000001388800000,0x0000001388900000)]
  0x0000019b9f33e800 JavaThread "Finalizer" daemon [_thread_blocked, id=6712, stack(0x0000001388900000,0x0000001388a00000)]
  0x0000019b9f395000 JavaThread "Signal Dispatcher" daemon [_thread_blocked, id=14500, stack(0x0000001388a00000,0x0000001388b00000)]
  0x0000019b9f397000 JavaThread "Attach Listener" daemon [_thread_blocked, id=8704, stack(0x0000001388b00000,0x0000001388c00000)]
  0x0000019b9f399000 JavaThread "Service Thread" daemon [_thread_blocked, id=14672, stack(0x0000001388c00000,0x0000001388d00000)]
  0x0000019b9f3a2000 JavaThread "C2 CompilerThread0" daemon [_thread_in_native, id=9088, stack(0x0000001388d00000,0x0000001388e00000)]
=>0x0000019b9f3a3800 JavaThread "C1 CompilerThread0" daemon [_thread_in_native, id=7764, stack(0x0000001388e00000,0x0000001388f00000)]
  0x0000019b9eb09800 JavaThread "Sweeper thread" daemon [_thread_blocked, id=7704, stack(0x0000001388f00000,0x0000001389000000)]
  0x0000019b9f504800 JavaThread "Common-Cleaner" daemon [_thread_blocked, id=11240, stack(0x0000001389000000,0x0000001389100000)]
  0x0000019ba1bd8000 JavaThread "Daemon health stats" [_thread_blocked, id=9292, stack(0x0000001389800000,0x0000001389900000)]
  0x0000019b9f94a800 JavaThread "Incoming local TCP Connector on port 60075" [_thread_in_native, id=7180, stack(0x0000001389200000,0x0000001389300000)]
  0x0000019ba28b5000 JavaThread "Daemon periodic checks" [_thread_blocked, id=1860, stack(0x0000001389300000,0x0000001389400000)]
  0x0000019ba1a9a800 JavaThread "Cache worker for file hash cache (C:\Users\jeffe\.gradle\caches\7.0.2\fileHashes)" [_thread_blocked, id=10912, stack(0x000000138a000000,0x000000138a100000)]
  0x0000019ba1a98000 JavaThread "File lock request listener" [_thread_in_native, id=6056, stack(0x000000138a100000,0x000000138a200000)]
  0x0000019ba1a9b800 JavaThread "Cache worker for journal cache (C:\Users\jeffe\.gradle\caches\journal-1)" [_thread_blocked, id=9904, stack(0x000000138a600000,0x000000138a700000)]
  0x0000019ba1a9c000 JavaThread "File watcher server" daemon [_thread_in_native, id=14132, stack(0x000000138aa00000,0x000000138ab00000)]
  0x0000019ba1a96800 JavaThread "File watcher consumer" daemon [_thread_blocked, id=15028, stack(0x000000138ab00000,0x000000138ac00000)]
  0x0000019ba068e800 JavaThread "Cache worker for execution history cache (C:\Users\jeffe\.gradle\caches\7.0.2\executionHistory)" [_thread_blocked, id=1384, stack(0x000000138af00000,0x000000138b000000)]
  0x0000019ba0691000 JavaThread "jar transforms" [_thread_blocked, id=7100, stack(0x000000138b000000,0x000000138b100000)]
  0x0000019ba0690800 JavaThread "jar transforms Thread 2" [_thread_blocked, id=15120, stack(0x000000138b100000,0x000000138b200000)]
  0x0000019ba068f800 JavaThread "Cache worker for file content cache (C:\Users\jeffe\.gradle\caches\7.0.2\fileContent)" [_thread_blocked, id=8800, stack(0x000000138b200000,0x000000138b300000)]
  0x0000019ba0692800 JavaThread "jar transforms Thread 3" [_thread_blocked, id=13820, stack(0x000000138b400000,0x000000138b500000)]
  0x0000019ba4dda000 JavaThread "jar transforms Thread 4" [_thread_blocked, id=12204, stack(0x000000138be00000,0x000000138bf00000)]
  0x0000019ba4ddb000 JavaThread "jar transforms Thread 5" [_thread_blocked, id=10796, stack(0x000000138bf00000,0x000000138c000000)]
  0x0000019ba4ddc800 JavaThread "jar transforms Thread 6" [_thread_blocked, id=3296, stack(0x000000138c000000,0x000000138c100000)]
  0x0000019ba4ddc000 JavaThread "jar transforms Thread 7" [_thread_blocked, id=12284, stack(0x000000138c100000,0x000000138c200000)]
  0x0000019ba4ddd800 JavaThread "jar transforms Thread 8" [_thread_blocked, id=12996, stack(0x000000138c200000,0x000000138c300000)]
  0x0000019ba4dd7800 JavaThread "Memory manager" [_thread_blocked, id=14540, stack(0x000000138c300000,0x000000138c400000)]
  0x0000019ba52a8000 JavaThread "ForkJoinPool.commonPool-worker-3" daemon [_thread_blocked, id=11376, stack(0x000000138d400000,0x000000138d500000)]
  0x0000019ba52a8800 JavaThread "ForkJoinPool.commonPool-worker-11" daemon [_thread_blocked, id=10112, stack(0x000000138d700000,0x000000138d800000)]
  0x0000019ba810d800 JavaThread "ForkJoinPool.commonPool-worker-5" daemon [_thread_blocked, id=15068, stack(0x000000138d500000,0x000000138d600000)]
  0x0000019ba8106800 JavaThread "Daemon Thread 6" [_thread_blocked, id=5960, stack(0x0000001387e00000,0x0000001387f00000)]
  0x0000019ba8107000 JavaThread "Handler for socket connection from /127.0.0.1:60075 to /127.0.0.1:60186" [_thread_in_native, id=2160, stack(0x0000001387f00000,0x0000001388000000)]
  0x0000019ba8108000 JavaThread "Cancel handler" [_thread_blocked, id=1544, stack(0x0000001388000000,0x0000001388100000)]
  0x0000019ba8109000 JavaThread "Daemon worker Thread 6" [_thread_blocked, id=5796, stack(0x0000001389900000,0x0000001389a00000)]
  0x0000019ba8103000 JavaThread "Asynchronous log dispatcher for DefaultDaemonConnection: socket connection from /127.0.0.1:60075 to /127.0.0.1:60186" [_thread_blocked, id=812, stack(0x0000001389a00000,0x0000001389b00000)]
  0x0000019ba8109800 JavaThread "Stdin handler" [_thread_blocked, id=2632, stack(0x0000001389b00000,0x0000001389c00000)]
  0x0000019ba8104000 JavaThread "Daemon client event forwarder" [_thread_blocked, id=1360, stack(0x0000001389c00000,0x0000001389d00000)]
  0x0000019ba810a800 JavaThread "Cache worker for file hash cache (C:\Users\jeffe\AndroidStudioProjects\FirstAidKit3\.gradle\7.0.2\fileHashes)" [_thread_blocked, id=3828, stack(0x0000001389d00000,0x0000001389e00000)]
  0x0000019ba8104800 JavaThread "Cache worker for checksums cache (C:\Users\jeffe\AndroidStudioProjects\FirstAidKit3\.gradle\checksums)" [_thread_blocked, id=8708, stack(0x0000001389e00000,0x0000001389f00000)]
  0x0000019ba810f800 JavaThread "Cache worker for cache directory md-supplier (C:\Users\jeffe\.gradle\caches\7.0.2\md-supplier)" [_thread_blocked, id=13040, stack(0x0000001389f00000,0x000000138a000000)]
  0x0000019ba810b800 JavaThread "Cache worker for cache directory md-rule (C:\Users\jeffe\.gradle\caches\7.0.2\md-rule)" [_thread_blocked, id=12556, stack(0x000000138a700000,0x000000138a800000)]
  0x0000019ba810d000 JavaThread "Cache worker for dependencies-accessors (C:\Users\jeffe\AndroidStudioProjects\FirstAidKit3\.gradle\7.0.2\dependencies-accessors)" [_thread_blocked, id=4392, stack(0x000000138a800000,0x000000138a900000)]
  0x0000019ba8112000 JavaThread "Cache worker for Build Output Cleanup Cache (C:\Users\jeffe\AndroidStudioProjects\FirstAidKit3\.gradle\buildOutputCleanup)" [_thread_blocked, id=10432, stack(0x000000138a900000,0x000000138aa00000)]
  0x0000019ba8110000 JavaThread "C2 CompilerThread1" daemon [_thread_blocked, id=2192, stack(0x000000138ac00000,0x000000138ad00000)]
  0x0000019ba8111000 JavaThread "Build operations" [_thread_blocked, id=5740, stack(0x000000138ad00000,0x000000138ae00000)]
  0x0000019ba810c000 JavaThread "Build operations Thread 2" [_thread_blocked, id=8924, stack(0x000000138ae00000,0x000000138af00000)]
  0x0000019ba810e800 JavaThread "Build operations Thread 3" [_thread_blocked, id=7124, stack(0x000000138b300000,0x000000138b400000)]
  0x0000019ba068a800 JavaThread "Build operations Thread 4" [_thread_blocked, id=8504, stack(0x000000138b500000,0x000000138b600000)]
  0x0000019ba0692000 JavaThread "Build operations Thread 5" [_thread_blocked, id=10308, stack(0x000000138b600000,0x000000138b700000)]
  0x0000019ba068e000 JavaThread "Build operations Thread 6" [_thread_blocked, id=9476, stack(0x000000138b700000,0x000000138b800000)]
  0x0000019ba068d000 JavaThread "Build operations Thread 7" [_thread_blocked, id=11328, stack(0x000000138b800000,0x000000138b900000)]
  0x0000019ba0694800 JavaThread "Build operations Thread 8" [_thread_blocked, id=15356, stack(0x000000138b900000,0x000000138ba00000)]
  0x0000019ba0698800 JavaThread "build event listener" [_thread_blocked, id=6260, stack(0x000000138bb00000,0x000000138bc00000)]
  0x0000019ba0693800 JavaThread "Execution worker for ':'" [_thread_in_native, id=13136, stack(0x000000138bc00000,0x000000138bd00000)]
  0x0000019ba0695000 JavaThread "Execution worker for ':' Thread 2" [_thread_blocked, id=6696, stack(0x000000138bd00000,0x000000138be00000)]
  0x0000019ba0697000 JavaThread "Execution worker for ':' Thread 3" [_thread_blocked, id=8264, stack(0x000000138c400000,0x000000138c500000)]
  0x0000019ba0697800 JavaThread "Execution worker for ':' Thread 4" [_thread_blocked, id=3536, stack(0x000000138c500000,0x000000138c600000)]
  0x0000019ba0699000 JavaThread "Execution worker for ':' Thread 5" [_thread_blocked, id=11488, stack(0x000000138c600000,0x000000138c700000)]
  0x0000019ba52a9800 JavaThread "Execution worker for ':' Thread 6" [_thread_blocked, id=2976, stack(0x000000138c700000,0x000000138c800000)]
  0x0000019ba52aa000 JavaThread "Execution worker for ':' Thread 7" [_thread_blocked, id=13692, stack(0x000000138c800000,0x000000138c900000)]
  0x0000019ba52ab000 JavaThread "Cache worker for execution history cache (C:\Users\jeffe\AndroidStudioProjects\FirstAidKit3\.gradle\7.0.2\executionHistory)" [_thread_blocked, id=8856, stack(0x000000138c900000,0x000000138ca00000)]
  0x0000019ba52a7000 JavaThread "WorkerExecutor Queue" [_thread_blocked, id=5928, stack(0x000000138ce00000,0x000000138cf00000)]
  0x0000019ba52ac000 JavaThread "WorkerExecutor Queue Thread 2" [_thread_blocked, id=14776, stack(0x000000138cf00000,0x000000138d000000)]
  0x0000019ba52a6000 JavaThread "WorkerExecutor Queue Thread 3" [_thread_blocked, id=9796, stack(0x000000138d000000,0x000000138d100000)]
  0x0000019ba52ac800 JavaThread "pool-24-thread-1" [_thread_blocked, id=9768, stack(0x000000138d100000,0x000000138d200000)]
  0x0000019ba1a95800 JavaThread "stderr" [_thread_in_native, id=10472, stack(0x000000138d200000,0x000000138d300000)]
  0x0000019ba1a97000 JavaThread "stdout" [_thread_in_native, id=6448, stack(0x000000138d300000,0x000000138d400000)]
  0x0000019ba1a99000 JavaThread "C2 CompilerThread2" daemon [_thread_blocked, id=7080, stack(0x000000138ba00000,0x000000138bb00000)]
  0x0000019ba1a99800 JavaThread "Cache worker for Java compile cache (C:\Users\jeffe\.gradle\caches\7.0.2\javaCompile)" [_thread_blocked, id=9892, stack(0x000000138d600000,0x000000138d700000)]
  0x0000019ba4dd8800 JavaThread "Cache worker for Java compile cache (C:\Users\jeffe\AndroidStudioProjects\FirstAidKit3\.gradle\7.0.2\javaCompile)" [_thread_blocked, id=6004, stack(0x000000138d800000,0x000000138d900000)]

Other Threads:
  0x0000019b9f337000 VMThread "VM Thread" [stack: 0x0000001388700000,0x0000001388800000] [id=9436]
  0x0000019b9f50b000 WatcherThread [stack: 0x0000001389100000,0x0000001389200000] [id=7032]
  0x0000019b84663800 GCTaskThread "GC Thread#0" [stack: 0x0000001388200000,0x0000001388300000] [id=14560]
  0x0000019ba05cc000 GCTaskThread "GC Thread#1" [stack: 0x0000001389400000,0x0000001389500000] [id=8992]
  0x0000019b9f93e000 GCTaskThread "GC Thread#2" [stack: 0x0000001389500000,0x0000001389600000] [id=15084]
  0x0000019ba00e8800 GCTaskThread "GC Thread#3" [stack: 0x0000001389600000,0x0000001389700000] [id=9432]
  0x0000019ba0469800 GCTaskThread "GC Thread#4" [stack: 0x0000001389700000,0x0000001389800000] [id=12956]
  0x0000019ba097b000 GCTaskThread "GC Thread#5" [stack: 0x000000138a200000,0x000000138a300000] [id=13936]
  0x0000019ba148a000 GCTaskThread "GC Thread#6" [stack: 0x000000138a300000,0x000000138a400000] [id=9664]
  0x0000019ba2ca0800 GCTaskThread "GC Thread#7" [stack: 0x000000138a400000,0x000000138a500000] [id=4208]
  0x0000019b84698800 ConcurrentGCThread "G1 Main Marker" [stack: 0x0000001388300000,0x0000001388400000] [id=11540]
  0x0000019b84699800 ConcurrentGCThread "G1 Conc#0" [stack: 0x0000001388400000,0x0000001388500000] [id=12052]
  0x0000019b9ff25800 ConcurrentGCThread "G1 Conc#1" [stack: 0x000000138a500000,0x000000138a600000] [id=11956]
  0x0000019b9e970800 ConcurrentGCThread "G1 Refine#0" [stack: 0x0000001388500000,0x0000001388600000] [id=13548]
  0x0000019ba09e8000 ConcurrentGCThread "G1 Refine#1" [stack: 0x000000138ca00000,0x000000138cb00000] [id=10928]
  0x0000019ba09ed000 ConcurrentGCThread "G1 Refine#2" [stack: 0x000000138cb00000,0x000000138cc00000] [id=9748]
  0x0000019ba09e7800 ConcurrentGCThread "G1 Refine#3" [stack: 0x000000138cc00000,0x000000138cd00000] [id=4584]
  0x0000019ba09e9800 ConcurrentGCThread "G1 Refine#4" [stack: 0x000000138cd00000,0x000000138ce00000] [id=9192]
  0x0000019b8472e000 ConcurrentGCThread "G1 Young RemSet Sampling" [stack: 0x0000001388600000,0x0000001388700000] [id=3304]

Threads with active compile tasks:
C2 CompilerThread0 854876 17188   !   4       com.android.ide.common.symbols.SymbolIo$SymbolLineReader::handleStyleable (418 bytes)
C1 CompilerThread0 854876 17345 %     3       org.objectweb.asm.ClassReader::accept @ 1344 (1404 bytes)

VM state:not at safepoint (normal execution)

VM Mutex/Monitor currently owned by a thread: None

Heap address: 0x0000000080000000, size: 2048 MB, Compressed Oops mode: 32-bit
Narrow klass base: 0x0000000000000000, Narrow klass shift: 3
Compressed class space size: 1073741824 Address: 0x0000000100000000

Heap:
 garbage-first heap   total 231424K, used 143044K [0x0000000080000000, 0x0000000100000000)
  region size 1024K, 34 young (34816K), 1 survivors (1024K)
 Metaspace       used 95204K, capacity 97770K, committed 98124K, reserved 1134592K
  class space    used 11862K, capacity 12774K, committed 12876K, reserved 1048576K
Heap Regions: E=young(eden), S=young(survivor), O=old, HS=humongous(starts), HC=humongous(continues), CS=collection set, F=free, A=archive, TAMS=top-at-mark-start (previous, next)
|   0|0x0000000080000000, 0x0000000080100000, 0x0000000080100000|100%| O|  |TAMS 0x0000000080100000, 0x0000000080000000| Untracked 
|   1|0x0000000080100000, 0x0000000080200000, 0x0000000080200000|100%| O|  |TAMS 0x0000000080200000, 0x0000000080100000| Untracked 
|   2|0x0000000080200000, 0x0000000080300000, 0x0000000080300000|100%| O|  |TAMS 0x0000000080300000, 0x0000000080200000| Untracked 
|   3|0x0000000080300000, 0x0000000080400000, 0x0000000080400000|100%|HS|  |TAMS 0x0000000080400000, 0x0000000080300000| Complete 
|   4|0x0000000080400000, 0x0000000080500000, 0x0000000080500000|100%|HC|  |TAMS 0x0000000080500000, 0x0000000080400000| Complete 
|   5|0x0000000080500000, 0x0000000080600000, 0x0000000080600000|100%|HC|  |TAMS 0x0000000080600000, 0x0000000080500000| Complete 
|   6|0x0000000080600000, 0x0000000080700000, 0x0000000080700000|100%| O|  |TAMS 0x0000000080700000, 0x0000000080600000| Untracked 
|   7|0x0000000080700000, 0x0000000080800000, 0x0000000080800000|100%| O|  |TAMS 0x0000000080800000, 0x0000000080700000| Untracked 
|   8|0x0000000080800000, 0x0000000080900000, 0x0000000080900000|100%| O|  |TAMS 0x0000000080900000, 0x0000000080800000| Untracked 
|   9|0x0000000080900000, 0x0000000080a00000, 0x0000000080a00000|100%| O|  |TAMS 0x0000000080a00000, 0x0000000080900000| Untracked 
|  10|0x0000000080a00000, 0x0000000080b00000, 0x0000000080b00000|100%| O|  |TAMS 0x0000000080b00000, 0x0000000080a00000| Untracked 
|  11|0x0000000080b00000, 0x0000000080c00000, 0x0000000080c00000|100%| O|  |TAMS 0x0000000080c00000, 0x0000000080b00000| Untracked 
|  12|0x0000000080c00000, 0x0000000080d00000, 0x0000000080d00000|100%| O|  |TAMS 0x0000000080d00000, 0x0000000080c00000| Untracked 
|  13|0x0000000080d00000, 0x0000000080e00000, 0x0000000080e00000|100%| O|  |TAMS 0x0000000080e00000, 0x0000000080d00000| Untracked 
|  14|0x0000000080e00000, 0x0000000080f00000, 0x0000000080f00000|100%| O|  |TAMS 0x0000000080f00000, 0x0000000080e00000| Untracked 
|  15|0x0000000080f00000, 0x0000000081000000, 0x0000000081000000|100%| O|  |TAMS 0x0000000081000000, 0x0000000080f00000| Untracked 
|  16|0x0000000081000000, 0x0000000081100000, 0x0000000081100000|100%|HS|  |TAMS 0x0000000081100000, 0x0000000081000000| Complete 
|  17|0x0000000081100000, 0x0000000081200000, 0x0000000081200000|100%|HS|  |TAMS 0x0000000081200000, 0x0000000081100000| Complete 
|  18|0x0000000081200000, 0x0000000081300000, 0x0000000081300000|100%|HS|  |TAMS 0x0000000081300000, 0x0000000081200000| Complete 
|  19|0x0000000081300000, 0x0000000081400000, 0x0000000081400000|100%|HC|  |TAMS 0x0000000081400000, 0x0000000081300000| Complete 
|  20|0x0000000081400000, 0x0000000081500000, 0x0000000081500000|100%| O|  |TAMS 0x0000000081500000, 0x0000000081400000| Untracked 
|  21|0x0000000081500000, 0x0000000081600000, 0x0000000081600000|100%| O|  |TAMS 0x0000000081600000, 0x0000000081500000| Untracked 
|  22|0x0000000081600000, 0x0000000081700000, 0x0000000081700000|100%| O|  |TAMS 0x0000000081700000, 0x0000000081600000| Untracked 
|  23|0x0000000081700000, 0x0000000081800000, 0x0000000081800000|100%| O|  |TAMS 0x0000000081800000, 0x0000000081700000| Untracked 
|  24|0x0000000081800000, 0x0000000081900000, 0x0000000081900000|100%| O|  |TAMS 0x0000000081900000, 0x0000000081800000| Untracked 
|  25|0x0000000081900000, 0x0000000081a00000, 0x0000000081a00000|100%| O|  |TAMS 0x0000000081a00000, 0x0000000081900000| Untracked 
|  26|0x0000000081a00000, 0x0000000081b00000, 0x0000000081b00000|100%| O|  |TAMS 0x0000000081b00000, 0x0000000081a00000| Untracked 
|  27|0x0000000081b00000, 0x0000000081c00000, 0x0000000081c00000|100%| O|  |TAMS 0x0000000081c00000, 0x0000000081b00000| Untracked 
|  28|0x0000000081c00000, 0x0000000081d00000, 0x0000000081d00000|100%| O|  |TAMS 0x0000000081d00000, 0x0000000081c00000| Untracked 
|  29|0x0000000081d00000, 0x0000000081e00000, 0x0000000081e00000|100%| O|  |TAMS 0x0000000081e00000, 0x0000000081d00000| Untracked 
|  30|0x0000000081e00000, 0x0000000081f00000, 0x0000000081f00000|100%| O|  |TAMS 0x0000000081f00000, 0x0000000081e00000| Untracked 
|  31|0x0000000081f00000, 0x0000000082000000, 0x0000000082000000|100%| O|  |TAMS 0x0000000082000000, 0x0000000081f00000| Untracked 
|  32|0x0000000082000000, 0x0000000082100000, 0x0000000082100000|100%| O|  |TAMS 0x0000000082100000, 0x0000000082000000| Untracked 
|  33|0x0000000082100000, 0x0000000082200000, 0x0000000082200000|100%| O|  |TAMS 0x0000000082200000, 0x0000000082100000| Untracked 
|  34|0x0000000082200000, 0x0000000082300000, 0x0000000082300000|100%| O|  |TAMS 0x0000000082300000, 0x0000000082200000| Untracked 
|  35|0x0000000082300000, 0x0000000082400000, 0x0000000082400000|100%| O|  |TAMS 0x0000000082400000, 0x0000000082300000| Untracked 
|  36|0x0000000082400000, 0x0000000082500000, 0x0000000082500000|100%| O|  |TAMS 0x0000000082500000, 0x0000000082400000| Untracked 
|  37|0x0000000082500000, 0x0000000082600000, 0x0000000082600000|100%| O|  |TAMS 0x0000000082600000, 0x0000000082500000| Untracked 
|  38|0x0000000082600000, 0x0000000082700000, 0x0000000082700000|100%| O|  |TAMS 0x0000000082700000, 0x0000000082600000| Untracked 
|  39|0x0000000082700000, 0x0000000082800000, 0x0000000082800000|100%| O|  |TAMS 0x0000000082800000, 0x0000000082700000| Untracked 
|  40|0x0000000082800000, 0x0000000082900000, 0x0000000082900000|100%| O|  |TAMS 0x0000000082900000, 0x0000000082800000| Untracked 
|  41|0x0000000082900000, 0x0000000082a00000, 0x0000000082a00000|100%| O|  |TAMS 0x0000000082a00000, 0x0000000082900000| Untracked 
|  42|0x0000000082a00000, 0x0000000082b00000, 0x0000000082b00000|100%| O|  |TAMS 0x0000000082b00000, 0x0000000082a00000| Untracked 
|  43|0x0000000082b00000, 0x0000000082c00000, 0x0000000082c00000|100%| O|  |TAMS 0x0000000082c00000, 0x0000000082b00000| Untracked 
|  44|0x0000000082c00000, 0x0000000082d00000, 0x0000000082d00000|100%| O|  |TAMS 0x0000000082d00000, 0x0000000082c00000| Untracked 
|  45|0x0000000082d00000, 0x0000000082e00000, 0x0000000082e00000|100%| O|  |TAMS 0x0000000082e00000, 0x0000000082d00000| Untracked 
|  46|0x0000000082e00000, 0x0000000082f00000, 0x0000000082f00000|100%| O|  |TAMS 0x0000000082f00000, 0x0000000082e00000| Untracked 
|  47|0x0000000082f00000, 0x0000000083000000, 0x0000000083000000|100%| O|  |TAMS 0x0000000083000000, 0x0000000082f00000| Untracked 
|  48|0x0000000083000000, 0x0000000083100000, 0x0000000083100000|100%| O|  |TAMS 0x0000000083100000, 0x0000000083000000| Untracked 
|  49|0x0000000083100000, 0x0000000083200000, 0x0000000083200000|100%| O|  |TAMS 0x0000000083200000, 0x0000000083100000| Untracked 
|  50|0x0000000083200000, 0x0000000083300000, 0x0000000083300000|100%| O|  |TAMS 0x0000000083300000, 0x0000000083200000| Untracked 
|  51|0x0000000083300000, 0x0000000083400000, 0x0000000083400000|100%| O|  |TAMS 0x0000000083400000, 0x0000000083300000| Untracked 
|  52|0x0000000083400000, 0x0000000083500000, 0x0000000083500000|100%| O|  |TAMS 0x0000000083500000, 0x0000000083400000| Untracked 
|  53|0x0000000083500000, 0x0000000083600000, 0x0000000083600000|100%| O|  |TAMS 0x0000000083600000, 0x0000000083500000| Untracked 
|  54|0x0000000083600000, 0x0000000083700000, 0x0000000083700000|100%| O|  |TAMS 0x0000000083700000, 0x0000000083600000| Untracked 
|  55|0x0000000083700000, 0x0000000083800000, 0x0000000083800000|100%| O|  |TAMS 0x0000000083800000, 0x0000000083700000| Untracked 
|  56|0x0000000083800000, 0x0000000083900000, 0x0000000083900000|100%| O|  |TAMS 0x0000000083900000, 0x0000000083800000| Untracked 
|  57|0x0000000083900000, 0x0000000083a00000, 0x0000000083a00000|100%| O|  |TAMS 0x0000000083a00000, 0x0000000083900000| Untracked 
|  58|0x0000000083a00000, 0x0000000083b00000, 0x0000000083b00000|100%| O|  |TAMS 0x0000000083b00000, 0x0000000083a00000| Untracked 
|  59|0x0000000083b00000, 0x0000000083c00000, 0x0000000083c00000|100%| O|  |TAMS 0x0000000083c00000, 0x0000000083b00000| Untracked 
|  60|0x0000000083c00000, 0x0000000083d00000, 0x0000000083d00000|100%| O|  |TAMS 0x0000000083d00000, 0x0000000083c00000| Untracked 
|  61|0x0000000083d00000, 0x0000000083e00000, 0x0000000083e00000|100%| O|  |TAMS 0x0000000083e00000, 0x0000000083d00000| Untracked 
|  62|0x0000000083e00000, 0x0000000083f00000, 0x0000000083f00000|100%| O|  |TAMS 0x0000000083f00000, 0x0000000083e00000| Untracked 
|  63|0x0000000083f00000, 0x0000000083f00000, 0x0000000084000000|  0%| F|  |TAMS 0x0000000083f00000, 0x0000000083f00000| Untracked 
|  64|0x0000000084000000, 0x0000000084000000, 0x0000000084100000|  0%| F|  |TAMS 0x0000000084000000, 0x0000000084000000| Untracked 
|  65|0x0000000084100000, 0x0000000084200000, 0x0000000084200000|100%| O|  |TAMS 0x0000000084200000, 0x0000000084100000| Untracked 
|  66|0x0000000084200000, 0x0000000084300000, 0x0000000084300000|100%| O|  |TAMS 0x0000000084200000, 0x0000000084200000| Untracked 
|  67|0x0000000084300000, 0x0000000084400000, 0x0000000084400000|100%| O|  |TAMS 0x0000000084400000, 0x0000000084300000| Untracked 
|  68|0x0000000084400000, 0x0000000084500000, 0x0000000084500000|100%| O|  |TAMS 0x0000000084500000, 0x0000000084400000| Untracked 
|  69|0x0000000084500000, 0x0000000084600000, 0x0000000084600000|100%| O|  |TAMS 0x0000000084600000, 0x0000000084500000| Untracked 
|  70|0x0000000084600000, 0x0000000084700000, 0x0000000084700000|100%| O|  |TAMS 0x0000000084700000, 0x0000000084600000| Untracked 
|  71|0x0000000084700000, 0x0000000084800000, 0x0000000084800000|100%| O|  |TAMS 0x0000000084800000, 0x0000000084700000| Untracked 
|  72|0x0000000084800000, 0x0000000084900000, 0x0000000084900000|100%| O|  |TAMS 0x0000000084900000, 0x0000000084800000| Untracked 
|  73|0x0000000084900000, 0x0000000084900000, 0x0000000084a00000|  0%| F|  |TAMS 0x0000000084900000, 0x0000000084900000| Untracked 
|  74|0x0000000084a00000, 0x0000000084b00000, 0x0000000084b00000|100%| O|  |TAMS 0x0000000084b00000, 0x0000000084a00000| Untracked 
|  75|0x0000000084b00000, 0x0000000084c00000, 0x0000000084c00000|100%| O|  |TAMS 0x0000000084c00000, 0x0000000084b00000| Untracked 
|  76|0x0000000084c00000, 0x0000000084d00000, 0x0000000084d00000|100%| O|  |TAMS 0x0000000084d00000, 0x0000000084c00000| Untracked 
|  77|0x0000000084d00000, 0x0000000084e00000, 0x0000000084e00000|100%| O|  |TAMS 0x0000000084e00000, 0x0000000084d00000| Untracked 
|  78|0x0000000084e00000, 0x0000000084e00000, 0x0000000084f00000|  0%| F|  |TAMS 0x0000000084e00000, 0x0000000084e00000| Untracked 
|  79|0x0000000084f00000, 0x0000000085000000, 0x0000000085000000|100%| O|  |TAMS 0x0000000085000000, 0x0000000084f00000| Untracked 
|  80|0x0000000085000000, 0x0000000085100000, 0x0000000085100000|100%| O|  |TAMS 0x0000000085100000, 0x0000000085000000| Untracked 
|  81|0x0000000085100000, 0x0000000085200000, 0x0000000085200000|100%| O|  |TAMS 0x0000000085200000, 0x0000000085100000| Untracked 
|  82|0x0000000085200000, 0x0000000085300000, 0x0000000085300000|100%| O|  |TAMS 0x0000000085300000, 0x0000000085200000| Untracked 
|  83|0x0000000085300000, 0x0000000085400000, 0x0000000085400000|100%| O|  |TAMS 0x0000000085400000, 0x0000000085300000| Untracked 
|  84|0x0000000085400000, 0x0000000085400000, 0x0000000085500000|  0%| F|  |TAMS 0x0000000085400000, 0x0000000085400000| Untracked 
|  85|0x0000000085500000, 0x0000000085600000, 0x0000000085600000|100%| O|  |TAMS 0x0000000085600000, 0x0000000085500000| Untracked 
|  86|0x0000000085600000, 0x0000000085600000, 0x0000000085700000|  0%| F|  |TAMS 0x0000000085600000, 0x0000000085600000| Untracked 
|  87|0x0000000085700000, 0x0000000085800000, 0x0000000085800000|100%| O|  |TAMS 0x0000000085700000, 0x0000000085700000| Untracked 
|  88|0x0000000085800000, 0x0000000085900000, 0x0000000085900000|100%| O|  |TAMS 0x0000000085900000, 0x0000000085800000| Untracked 
|  89|0x0000000085900000, 0x0000000085a00000, 0x0000000085a00000|100%| O|  |TAMS 0x0000000085a00000, 0x0000000085900000| Untracked 
|  90|0x0000000085a00000, 0x0000000085b00000, 0x0000000085b00000|100%| O|  |TAMS 0x0000000085b00000, 0x0000000085a00000| Untracked 
|  91|0x0000000085b00000, 0x0000000085c00000, 0x0000000085c00000|100%| O|  |TAMS 0x0000000085c00000, 0x0000000085b00000| Untracked 
|  92|0x0000000085c00000, 0x0000000085c00000, 0x0000000085d00000|  0%| F|  |TAMS 0x0000000085c00000, 0x0000000085c00000| Untracked 
|  93|0x0000000085d00000, 0x0000000085d00000, 0x0000000085e00000|  0%| F|  |TAMS 0x0000000085d00000, 0x0000000085d00000| Untracked 
|  94|0x0000000085e00000, 0x0000000085f00000, 0x0000000085f00000|100%| O|  |TAMS 0x0000000085e00000, 0x0000000085e00000| Untracked 
|  95|0x0000000085f00000, 0x0000000086000000, 0x0000000086000000|100%| O|  |TAMS 0x0000000085f00000, 0x0000000085f00000| Untracked 
|  96|0x0000000086000000, 0x0000000086100000, 0x0000000086100000|100%| O|  |TAMS 0x0000000086100000, 0x0000000086000000| Untracked 
|  97|0x0000000086100000, 0x0000000086200000, 0x0000000086200000|100%| O|  |TAMS 0x0000000086100000, 0x0000000086100000| Untracked 
|  98|0x0000000086200000, 0x0000000086200000, 0x0000000086300000|  0%| F|  |TAMS 0x0000000086200000, 0x0000000086200000| Untracked 
|  99|0x0000000086300000, 0x0000000086400000, 0x0000000086400000|100%| O|  |TAMS 0x0000000086400000, 0x0000000086300000| Untracked 
| 100|0x0000000086400000, 0x0000000086500000, 0x0000000086500000|100%| O|  |TAMS 0x0000000086500000, 0x0000000086400000| Untracked 
| 101|0x0000000086500000, 0x0000000086600000, 0x0000000086600000|100%| O|  |TAMS 0x0000000086600000, 0x0000000086500000| Untracked 
| 102|0x0000000086600000, 0x0000000086700000, 0x0000000086700000|100%| O|  |TAMS 0x0000000086700000, 0x0000000086600000| Untracked 
| 103|0x0000000086700000, 0x0000000086800000, 0x0000000086800000|100%| O|  |TAMS 0x0000000086800000, 0x0000000086700000| Untracked 
| 104|0x0000000086800000, 0x0000000086900000, 0x0000000086900000|100%| O|  |TAMS 0x0000000086900000, 0x0000000086800000| Untracked 
| 105|0x0000000086900000, 0x0000000086a00000, 0x0000000086a00000|100%| O|  |TAMS 0x0000000086a00000, 0x0000000086900000| Untracked 
| 106|0x0000000086a00000, 0x0000000086b00000, 0x0000000086b00000|100%| O|  |TAMS 0x0000000086b00000, 0x0000000086a00000| Untracked 
| 107|0x0000000086b00000, 0x0000000086c00000, 0x0000000086c00000|100%| O|  |TAMS 0x0000000086c00000, 0x0000000086b00000| Untracked 
| 108|0x0000000086c00000, 0x0000000086d00000, 0x0000000086d00000|100%| O|  |TAMS 0x0000000086c00000, 0x0000000086c00000| Untracked 
| 109|0x0000000086d00000, 0x0000000086d00000, 0x0000000086e00000|  0%| F|  |TAMS 0x0000000086d00000, 0x0000000086d00000| Untracked 
| 110|0x0000000086e00000, 0x0000000086e00000, 0x0000000086f00000|  0%| F|  |TAMS 0x0000000086e00000, 0x0000000086e00000| Untracked 
| 111|0x0000000086f00000, 0x0000000087000000, 0x0000000087000000|100%| O|  |TAMS 0x0000000086f00000, 0x0000000086f00000| Untracked 
| 112|0x0000000087000000, 0x0000000087100000, 0x0000000087100000|100%| O|  |TAMS 0x00000000870ae800, 0x0000000087000000| Untracked 
| 113|0x0000000087100000, 0x0000000087200000, 0x0000000087200000|100%| O|  |TAMS 0x0000000087100000, 0x0000000087100000| Untracked 
| 114|0x0000000087200000, 0x0000000087300000, 0x0000000087300000|100%| O|  |TAMS 0x0000000087200000, 0x0000000087200000| Untracked 
| 115|0x0000000087300000, 0x00000000873f1200, 0x0000000087400000| 94%| O|  |TAMS 0x0000000087300000, 0x0000000087300000| Untracked 
| 116|0x0000000087400000, 0x0000000087400000, 0x0000000087500000|  0%| F|  |TAMS 0x0000000087400000, 0x0000000087400000| Untracked 
| 117|0x0000000087500000, 0x0000000087500000, 0x0000000087600000|  0%| F|  |TAMS 0x0000000087500000, 0x0000000087500000| Untracked 
| 118|0x0000000087600000, 0x0000000087700000, 0x0000000087700000|100%| O|  |TAMS 0x0000000087700000, 0x0000000087600000| Untracked 
| 119|0x0000000087700000, 0x0000000087800000, 0x0000000087800000|100%| O|  |TAMS 0x0000000087800000, 0x0000000087700000| Untracked 
| 120|0x0000000087800000, 0x0000000087800000, 0x0000000087900000|  0%| F|  |TAMS 0x0000000087800000, 0x0000000087800000| Untracked 
| 121|0x0000000087900000, 0x0000000087900000, 0x0000000087a00000|  0%| F|  |TAMS 0x0000000087900000, 0x0000000087900000| Untracked 
| 122|0x0000000087a00000, 0x0000000087b00000, 0x0000000087b00000|100%| O|  |TAMS 0x0000000087b00000, 0x0000000087a00000| Untracked 
| 123|0x0000000087b00000, 0x0000000087b00000, 0x0000000087c00000|  0%| F|  |TAMS 0x0000000087b00000, 0x0000000087b00000| Untracked 
| 124|0x0000000087c00000, 0x0000000087c00000, 0x0000000087d00000|  0%| F|  |TAMS 0x0000000087c00000, 0x0000000087c00000| Untracked 
| 125|0x0000000087d00000, 0x0000000087d00000, 0x0000000087e00000|  0%| F|  |TAMS 0x0000000087d00000, 0x0000000087d00000| Untracked 
| 126|0x0000000087e00000, 0x0000000087e00000, 0x0000000087f00000|  0%| F|  |TAMS 0x0000000087e00000, 0x0000000087e00000| Untracked 
| 127|0x0000000087f00000, 0x0000000087f00000, 0x0000000088000000|  0%| F|  |TAMS 0x0000000087f00000, 0x0000000087f00000| Untracked 
| 128|0x0000000088000000, 0x0000000088000000, 0x0000000088100000|  0%| F|  |TAMS 0x0000000088000000, 0x0000000088000000| Untracked 
| 129|0x0000000088100000, 0x0000000088100000, 0x0000000088200000|  0%| F|  |TAMS 0x0000000088100000, 0x0000000088100000| Untracked 
| 130|0x0000000088200000, 0x0000000088200000, 0x0000000088300000|  0%| F|  |TAMS 0x0000000088200000, 0x0000000088200000| Untracked 
| 131|0x0000000088300000, 0x0000000088300000, 0x0000000088400000|  0%| F|  |TAMS 0x0000000088300000, 0x0000000088300000| Untracked 
| 132|0x0000000088400000, 0x0000000088400000, 0x0000000088500000|  0%| F|  |TAMS 0x0000000088400000, 0x0000000088400000| Untracked 
| 133|0x0000000088500000, 0x0000000088500000, 0x0000000088600000|  0%| F|  |TAMS 0x0000000088500000, 0x0000000088500000| Untracked 
| 134|0x0000000088600000, 0x0000000088600000, 0x0000000088700000|  0%| F|  |TAMS 0x0000000088600000, 0x0000000088600000| Untracked 
| 135|0x0000000088700000, 0x0000000088700000, 0x0000000088800000|  0%| F|  |TAMS 0x0000000088700000, 0x0000000088700000| Untracked 
| 136|0x0000000088800000, 0x0000000088800000, 0x0000000088900000|  0%| F|  |TAMS 0x0000000088800000, 0x0000000088800000| Untracked 
| 137|0x0000000088900000, 0x0000000088900000, 0x0000000088a00000|  0%| F|  |TAMS 0x0000000088900000, 0x0000000088900000| Untracked 
| 138|0x0000000088a00000, 0x0000000088a00000, 0x0000000088b00000|  0%| F|  |TAMS 0x0000000088a00000, 0x0000000088a00000| Untracked 
| 139|0x0000000088b00000, 0x0000000088b00000, 0x0000000088c00000|  0%| F|  |TAMS 0x0000000088b00000, 0x0000000088b00000| Untracked 
| 140|0x0000000088c00000, 0x0000000088c00000, 0x0000000088d00000|  0%| F|  |TAMS 0x0000000088c00000, 0x0000000088c00000| Untracked 
| 141|0x0000000088d00000, 0x0000000088d00000, 0x0000000088e00000|  0%| F|  |TAMS 0x0000000088d00000, 0x0000000088d00000| Untracked 
| 142|0x0000000088e00000, 0x0000000088e00000, 0x0000000088f00000|  0%| F|  |TAMS 0x0000000088e00000, 0x0000000088e00000| Untracked 
| 143|0x0000000088f00000, 0x0000000088f00000, 0x0000000089000000|  0%| F|  |TAMS 0x0000000088f00000, 0x0000000088f00000| Untracked 
| 144|0x0000000089000000, 0x0000000089000000, 0x0000000089100000|  0%| F|  |TAMS 0x0000000089000000, 0x0000000089000000| Untracked 
| 145|0x0000000089100000, 0x0000000089100000, 0x0000000089200000|  0%| F|  |TAMS 0x0000000089100000, 0x0000000089100000| Untracked 
| 146|0x0000000089200000, 0x0000000089200000, 0x0000000089300000|  0%| F|  |TAMS 0x0000000089200000, 0x0000000089200000| Untracked 
| 147|0x0000000089300000, 0x0000000089300000, 0x0000000089400000|  0%| F|  |TAMS 0x0000000089300000, 0x0000000089300000| Untracked 
| 148|0x0000000089400000, 0x0000000089400000, 0x0000000089500000|  0%| F|  |TAMS 0x0000000089400000, 0x0000000089400000| Untracked 
| 149|0x0000000089500000, 0x0000000089500000, 0x0000000089600000|  0%| F|  |TAMS 0x0000000089500000, 0x0000000089500000| Untracked 
| 150|0x0000000089600000, 0x0000000089600000, 0x0000000089700000|  0%| F|  |TAMS 0x0000000089600000, 0x0000000089600000| Untracked 
| 151|0x0000000089700000, 0x0000000089700000, 0x0000000089800000|  0%| F|  |TAMS 0x0000000089700000, 0x0000000089700000| Untracked 
| 152|0x0000000089800000, 0x0000000089800000, 0x0000000089900000|  0%| F|  |TAMS 0x0000000089800000, 0x0000000089800000| Untracked 
| 153|0x0000000089900000, 0x0000000089900000, 0x0000000089a00000|  0%| F|  |TAMS 0x0000000089900000, 0x0000000089900000| Untracked 
| 154|0x0000000089a00000, 0x0000000089a00000, 0x0000000089b00000|  0%| F|  |TAMS 0x0000000089a00000, 0x0000000089a00000| Untracked 
| 155|0x0000000089b00000, 0x0000000089b00000, 0x0000000089c00000|  0%| F|  |TAMS 0x0000000089b00000, 0x0000000089b00000| Untracked 
| 156|0x0000000089c00000, 0x0000000089c00000, 0x0000000089d00000|  0%| F|  |TAMS 0x0000000089c00000, 0x0000000089c00000| Untracked 
| 157|0x0000000089d00000, 0x0000000089d00000, 0x0000000089e00000|  0%| F|  |TAMS 0x0000000089d00000, 0x0000000089d00000| Untracked 
| 158|0x0000000089e00000, 0x0000000089e00000, 0x0000000089f00000|  0%| F|  |TAMS 0x0000000089e00000, 0x0000000089e00000| Untracked 
| 159|0x0000000089f00000, 0x0000000089f00000, 0x000000008a000000|  0%| F|  |TAMS 0x0000000089f00000, 0x0000000089f00000| Untracked 
| 160|0x000000008a000000, 0x000000008a000000, 0x000000008a100000|  0%| F|  |TAMS 0x000000008a000000, 0x000000008a000000| Untracked 
| 161|0x000000008a100000, 0x000000008a100000, 0x000000008a200000|  0%| F|  |TAMS 0x000000008a100000, 0x000000008a100000| Untracked 
| 162|0x000000008a200000, 0x000000008a200000, 0x000000008a300000|  0%| F|  |TAMS 0x000000008a200000, 0x000000008a200000| Untracked 
| 163|0x000000008a300000, 0x000000008a300000, 0x000000008a400000|  0%| F|  |TAMS 0x000000008a300000, 0x000000008a300000| Untracked 
| 164|0x000000008a400000, 0x000000008a400000, 0x000000008a500000|  0%| F|  |TAMS 0x000000008a400000, 0x000000008a400000| Untracked 
| 165|0x000000008a500000, 0x000000008a500000, 0x000000008a600000|  0%| F|  |TAMS 0x000000008a500000, 0x000000008a500000| Untracked 
| 166|0x000000008a600000, 0x000000008a600000, 0x000000008a700000|  0%| F|  |TAMS 0x000000008a600000, 0x000000008a600000| Untracked 
| 167|0x000000008a700000, 0x000000008a700000, 0x000000008a800000|  0%| F|  |TAMS 0x000000008a700000, 0x000000008a700000| Untracked 
| 168|0x000000008a800000, 0x000000008a800000, 0x000000008a900000|  0%| F|  |TAMS 0x000000008a800000, 0x000000008a800000| Untracked 
| 169|0x000000008a900000, 0x000000008a900000, 0x000000008aa00000|  0%| F|  |TAMS 0x000000008a900000, 0x000000008a900000| Untracked 
| 170|0x000000008aa00000, 0x000000008aa00000, 0x000000008ab00000|  0%| F|  |TAMS 0x000000008aa00000, 0x000000008aa00000| Untracked 
| 171|0x000000008ab00000, 0x000000008ab00000, 0x000000008ac00000|  0%| F|  |TAMS 0x000000008ab00000, 0x000000008ab00000| Untracked 
| 172|0x000000008ac00000, 0x000000008ac00000, 0x000000008ad00000|  0%| F|  |TAMS 0x000000008ac00000, 0x000000008ac00000| Untracked 
| 173|0x000000008ad00000, 0x000000008ad00000, 0x000000008ae00000|  0%| F|  |TAMS 0x000000008ad00000, 0x000000008ad00000| Untracked 
| 174|0x000000008ae00000, 0x000000008ae00000, 0x000000008af00000|  0%| F|  |TAMS 0x000000008ae00000, 0x000000008ae00000| Untracked 
| 175|0x000000008af00000, 0x000000008af00000, 0x000000008b000000|  0%| F|  |TAMS 0x000000008af00000, 0x000000008af00000| Untracked 
| 176|0x000000008b000000, 0x000000008b000000, 0x000000008b100000|  0%| F|  |TAMS 0x000000008b000000, 0x000000008b000000| Untracked 
| 177|0x000000008b100000, 0x000000008b100000, 0x000000008b200000|  0%| F|  |TAMS 0x000000008b100000, 0x000000008b100000| Untracked 
| 178|0x000000008b200000, 0x000000008b200000, 0x000000008b300000|  0%| F|  |TAMS 0x000000008b200000, 0x000000008b200000| Untracked 
| 179|0x000000008b300000, 0x000000008b300000, 0x000000008b400000|  0%| F|  |TAMS 0x000000008b300000, 0x000000008b300000| Untracked 
| 180|0x000000008b400000, 0x000000008b400000, 0x000000008b500000|  0%| F|  |TAMS 0x000000008b400000, 0x000000008b400000| Untracked 
| 181|0x000000008b500000, 0x000000008b500000, 0x000000008b600000|  0%| F|  |TAMS 0x000000008b500000, 0x000000008b500000| Untracked 
| 182|0x000000008b600000, 0x000000008b600000, 0x000000008b700000|  0%| F|  |TAMS 0x000000008b600000, 0x000000008b600000| Untracked 
| 183|0x000000008b700000, 0x000000008b700000, 0x000000008b800000|  0%| F|  |TAMS 0x000000008b700000, 0x000000008b700000| Untracked 
| 184|0x000000008b800000, 0x000000008b800000, 0x000000008b900000|  0%| F|  |TAMS 0x000000008b800000, 0x000000008b800000| Untracked 
| 185|0x000000008b900000, 0x000000008b900000, 0x000000008ba00000|  0%| F|  |TAMS 0x000000008b900000, 0x000000008b900000| Untracked 
| 186|0x000000008ba00000, 0x000000008ba00000, 0x000000008bb00000|  0%| F|  |TAMS 0x000000008ba00000, 0x000000008ba00000| Untracked 
| 187|0x000000008bb00000, 0x000000008bb00000, 0x000000008bc00000|  0%| F|  |TAMS 0x000000008bb00000, 0x000000008bb00000| Untracked 
| 188|0x000000008bc00000, 0x000000008bc00000, 0x000000008bd00000|  0%| F|  |TAMS 0x000000008bc00000, 0x000000008bc00000| Untracked 
| 189|0x000000008bd00000, 0x000000008bd00000, 0x000000008be00000|  0%| F|  |TAMS 0x000000008bd00000, 0x000000008bd00000| Untracked 
| 190|0x000000008be00000, 0x000000008be00000, 0x000000008bf00000|  0%| F|  |TAMS 0x000000008be00000, 0x000000008be00000| Untracked 
| 191|0x000000008bf00000, 0x000000008bf00000, 0x000000008c000000|  0%| F|  |TAMS 0x000000008bf00000, 0x000000008bf00000| Untracked 
| 192|0x000000008c000000, 0x000000008c0efb50, 0x000000008c100000| 93%| E|  |TAMS 0x000000008c000000, 0x000000008c000000| Complete 
| 193|0x000000008c100000, 0x000000008c200000, 0x000000008c200000|100%| E|CS|TAMS 0x000000008c100000, 0x000000008c100000| Complete 
| 194|0x000000008c200000, 0x000000008c300000, 0x000000008c300000|100%| E|CS|TAMS 0x000000008c200000, 0x000000008c200000| Complete 
| 195|0x000000008c300000, 0x000000008c400000, 0x000000008c400000|100%| E|CS|TAMS 0x000000008c300000, 0x000000008c300000| Complete 
| 196|0x000000008c400000, 0x000000008c500000, 0x000000008c500000|100%| E|CS|TAMS 0x000000008c400000, 0x000000008c400000| Complete 
| 197|0x000000008c500000, 0x000000008c600000, 0x000000008c600000|100%| E|  |TAMS 0x000000008c500000, 0x000000008c500000| Complete 
| 198|0x000000008c600000, 0x000000008c700000, 0x000000008c700000|100%| E|CS|TAMS 0x000000008c600000, 0x000000008c600000| Complete 
| 199|0x000000008c700000, 0x000000008c800000, 0x000000008c800000|100%| E|CS|TAMS 0x000000008c700000, 0x000000008c700000| Complete 
| 200|0x000000008c800000, 0x000000008c900000, 0x000000008c900000|100%| E|CS|TAMS 0x000000008c800000, 0x000000008c800000| Complete 
| 201|0x000000008c900000, 0x000000008ca00000, 0x000000008ca00000|100%| E|CS|TAMS 0x000000008c900000, 0x000000008c900000| Complete 
| 202|0x000000008ca00000, 0x000000008cb00000, 0x000000008cb00000|100%| E|CS|TAMS 0x000000008ca00000, 0x000000008ca00000| Complete 
| 203|0x000000008cb00000, 0x000000008cc00000, 0x000000008cc00000|100%| E|CS|TAMS 0x000000008cb00000, 0x000000008cb00000| Complete 
| 204|0x000000008cc00000, 0x000000008cd00000, 0x000000008cd00000|100%| E|CS|TAMS 0x000000008cc00000, 0x000000008cc00000| Complete 
| 205|0x000000008cd00000, 0x000000008ce00000, 0x000000008ce00000|100%| E|CS|TAMS 0x000000008cd00000, 0x000000008cd00000| Complete 
| 206|0x000000008ce00000, 0x000000008cf00000, 0x000000008cf00000|100%| E|CS|TAMS 0x000000008ce00000, 0x000000008ce00000| Complete 
| 207|0x000000008cf00000, 0x000000008d000000, 0x000000008d000000|100%| E|CS|TAMS 0x000000008cf00000, 0x000000008cf00000| Complete 
| 208|0x000000008d000000, 0x000000008d100000, 0x000000008d100000|100%| E|CS|TAMS 0x000000008d000000, 0x000000008d000000| Complete 
| 209|0x000000008d100000, 0x000000008d200000, 0x000000008d200000|100%| E|CS|TAMS 0x000000008d100000, 0x000000008d100000| Complete 
| 210|0x000000008d200000, 0x000000008d300000, 0x000000008d300000|100%| E|CS|TAMS 0x000000008d200000, 0x000000008d200000| Complete 
| 211|0x000000008d300000, 0x000000008d400000, 0x000000008d400000|100%| E|CS|TAMS 0x000000008d300000, 0x000000008d300000| Complete 
| 212|0x000000008d400000, 0x000000008d500000, 0x000000008d500000|100%| E|CS|TAMS 0x000000008d400000, 0x000000008d400000| Complete 
| 213|0x000000008d500000, 0x000000008d600000, 0x000000008d600000|100%| E|CS|TAMS 0x000000008d500000, 0x000000008d500000| Complete 
| 214|0x000000008d600000, 0x000000008d700000, 0x000000008d700000|100%| E|CS|TAMS 0x000000008d600000, 0x000000008d600000| Complete 
| 215|0x000000008d700000, 0x000000008d800000, 0x000000008d800000|100%| E|CS|TAMS 0x000000008d700000, 0x000000008d700000| Complete 
| 216|0x000000008d800000, 0x000000008d900000, 0x000000008d900000|100%| E|CS|TAMS 0x000000008d800000, 0x000000008d800000| Complete 
| 217|0x000000008d900000, 0x000000008da00000, 0x000000008da00000|100%| E|CS|TAMS 0x000000008d900000, 0x000000008d900000| Complete 
| 218|0x000000008da00000, 0x000000008db00000, 0x000000008db00000|100%| E|CS|TAMS 0x000000008da00000, 0x000000008da00000| Complete 
| 219|0x000000008db00000, 0x000000008dc00000, 0x000000008dc00000|100%| E|CS|TAMS 0x000000008db00000, 0x000000008db00000| Complete 
| 220|0x000000008dc00000, 0x000000008dd00000, 0x000000008dd00000|100%| E|CS|TAMS 0x000000008dc00000, 0x000000008dc00000| Complete 
| 221|0x000000008dd00000, 0x000000008ddc01c0, 0x000000008de00000| 75%| S|CS|TAMS 0x000000008dd00000, 0x000000008dd00000| Complete 
| 222|0x000000008de00000, 0x000000008df00000, 0x000000008df00000|100%| E|CS|TAMS 0x000000008de00000, 0x000000008de00000| Complete 
| 223|0x000000008df00000, 0x000000008e000000, 0x000000008e000000|100%| E|CS|TAMS 0x000000008df00000, 0x000000008df00000| Complete 
| 224|0x000000008e000000, 0x000000008e100000, 0x000000008e100000|100%| E|CS|TAMS 0x000000008e000000, 0x000000008e000000| Complete 
| 225|0x000000008e100000, 0x000000008e200000, 0x000000008e200000|100%| E|CS|TAMS 0x000000008e100000, 0x000000008e100000| Complete 

Card table byte_map: [0x0000019b97870000,0x0000019b97c70000] _byte_map_base: 0x0000019b97470000

Marking Bits (Prev, Next): (CMBitMap*) 0x0000019b8468fb18, (CMBitMap*) 0x0000019b8468fb50
 Prev Bits: [0x0000019b98070000, 0x0000019b9a070000)
 Next Bits: [0x0000019b9a070000, 0x0000019b9c070000)

Polling page: 0x0000019b83e30000

Metaspace:

Usage:
  Non-class:     83.00 MB capacity,    81.41 MB ( 98%) used,     1.31 MB (  2%) free+waste,   291.19 KB ( <1%) overhead. 
      Class:     12.47 MB capacity,    11.59 MB ( 93%) used,   782.97 KB (  6%) free+waste,   127.25 KB ( <1%) overhead. 
       Both:     95.48 MB capacity,    92.99 MB ( 97%) used,     2.08 MB (  2%) free+waste,   418.44 KB ( <1%) overhead. 

Virtual space:
  Non-class space:       84.00 MB reserved,      83.25 MB (>99%) committed 
      Class space:        1.00 GB reserved,      12.57 MB (  1%) committed 
             Both:        1.08 GB reserved,      95.82 MB (  9%) committed 

Chunk freelists:
   Non-Class:  60.00 KB
       Class:  26.00 KB
        Both:  86.00 KB

MaxMetaspaceSize: 17179869184.00 GB
CompressedClassSpaceSize: 1.00 GB

CodeHeap 'non-profiled nmethods': size=120000Kb used=12251Kb max_used=12941Kb free=107748Kb
 bounds [0x0000019b8fc10000, 0x0000019b908c0000, 0x0000019b97140000]
CodeHeap 'profiled nmethods': size=120000Kb used=35771Kb max_used=37666Kb free=84228Kb
 bounds [0x0000019b886e0000, 0x0000019b8abd0000, 0x0000019b8fc10000]
CodeHeap 'non-nmethods': size=5760Kb used=2308Kb max_used=2368Kb free=3451Kb
 bounds [0x0000019b88140000, 0x0000019b883b0000, 0x0000019b886e0000]
 total_blobs=17043 nmethods=16128 adapters=824
 compilation: enabled
              stopped_count=0, restarted_count=0
 full_count=0

Compilation events (20 events):
Event: 854.648 Thread 0x0000019b9f3a3800 nmethod 17337 0x0000019b88731090 code [0x0000019b88731280, 0x0000019b887317d8]
Event: 854.648 Thread 0x0000019b9f3a3800 17338       3       org.objectweb.asm.ClassWriter::visitEnd (1 bytes)
Event: 854.648 Thread 0x0000019b9f3a3800 nmethod 17338 0x0000019b8871f090 code [0x0000019b8871f240, 0x0000019b8871f338]
Event: 854.648 Thread 0x0000019b9f3a3800 17323       2       org.gradle.internal.normalization.java.impl.InnerClassMember::<init> (18 bytes)
Event: 854.649 Thread 0x0000019b9f3a3800 nmethod 17323 0x0000019b88726990 code [0x0000019b88726b60, 0x0000019b88726e48]
Event: 854.649 Thread 0x0000019b9f3a3800 17344 %     3       org.objectweb.asm.ClassReader::getFirstAttributeOffset @ 31 (136 bytes)
Event: 854.651 Thread 0x0000019b9f3a3800 nmethod 17344% 0x0000019b88730090 code [0x0000019b887302e0, 0x0000019b88730bd8]
Event: 854.651 Thread 0x0000019b9f3a3800 17345 %     3       org.objectweb.asm.ClassReader::accept @ 1344 (1404 bytes)
Event: 854.653 Thread 0x0000019ba8110000 nmethod 17341 0x0000019b8fc4ac10 code [0x0000019b8fc4adc0, 0x0000019b8fc4aff8]
Event: 854.653 Thread 0x0000019ba8110000 17347       4       org.gradle.internal.normalization.java.impl.ApiMemberWriter::writeFieldAnnotations (55 bytes)
Event: 854.660 Thread 0x0000019ba8110000 nmethod 17347 0x0000019b8fc50790 code [0x0000019b8fc50940, 0x0000019b8fc50b78]
Event: 854.661 Thread 0x0000019ba8110000 17342       4       org.gradle.internal.normalization.java.impl.ApiMemberSelector::visitField (80 bytes)
Event: 854.684 Thread 0x0000019ba8110000 nmethod 17342 0x0000019b8fc55b10 code [0x0000019b8fc55d00, 0x0000019b8fc565c8]
Event: 854.684 Thread 0x0000019ba8110000 17286       4       org.objectweb.asm.ClassWriter::visitField (53 bytes)
Event: 854.700 Thread 0x0000019ba8110000 nmethod 17286 0x0000019b8fc55190 code [0x0000019b8fc55360, 0x0000019b8fc55868]
Event: 854.700 Thread 0x0000019ba8110000 17292       4       org.objectweb.asm.FieldWriter::<init> (69 bytes)
Event: 854.707 Thread 0x0000019ba8110000 nmethod 17292 0x0000019b8fc5ad10 code [0x0000019b8fc5aec0, 0x0000019b8fc5b128]
Event: 854.707 Thread 0x0000019ba8110000 17328       4       java.util.TreeSet::size (10 bytes)
Event: 854.708 Thread 0x0000019ba8110000 nmethod 17328 0x0000019b8fc4a810 code [0x0000019b8fc4a9a0, 0x0000019b8fc4aa38]
Event: 854.708 Thread 0x0000019ba8110000 17327       4       com.google.common.collect.ImmutableSortedSet::copyOf (52 bytes)

GC Heap History (20 events):
Event: 585.454 GC heap before
{Heap before GC invocations=45 (full 0):
 garbage-first heap   total 231424K, used 125854K [0x0000000080000000, 0x0000000100000000)
  region size 1024K, 11 young (11264K), 8 survivors (8192K)
 Metaspace       used 94287K, capacity 96814K, committed 96972K, reserved 1134592K
  class space    used 11801K, capacity 12699K, committed 12748K, reserved 1048576K
}
Event: 585.482 GC heap after
{Heap after GC invocations=46 (full 0):
 garbage-first heap   total 231424K, used 111315K [0x0000000080000000, 0x0000000100000000)
  region size 1024K, 1 young (1024K), 1 survivors (1024K)
 Metaspace       used 94287K, capacity 96814K, committed 96972K, reserved 1134592K
  class space    used 11801K, capacity 12699K, committed 12748K, reserved 1048576K
}
Event: 585.660 GC heap before
{Heap before GC invocations=46 (full 0):
 garbage-first heap   total 231424K, used 119507K [0x0000000080000000, 0x0000000100000000)
  region size 1024K, 11 young (11264K), 1 survivors (1024K)
 Metaspace       used 94290K, capacity 96814K, committed 96972K, reserved 1134592K
  class space    used 11801K, capacity 12699K, committed 12748K, reserved 1048576K
}
Event: 585.681 GC heap after
{Heap after GC invocations=47 (full 0):
 garbage-first heap   total 231424K, used 117670K [0x0000000080000000, 0x0000000100000000)
  region size 1024K, 8 young (8192K), 8 survivors (8192K)
 Metaspace       used 94290K, capacity 96814K, committed 96972K, reserved 1134592K
  class space    used 11801K, capacity 12699K, committed 12748K, reserved 1048576K
}
Event: 589.785 GC heap before
{Heap before GC invocations=48 (full 0):
 garbage-first heap   total 231424K, used 180134K [0x0000000080000000, 0x0000000100000000)
  region size 1024K, 56 young (57344K), 8 survivors (8192K)
 Metaspace       used 94395K, capacity 96888K, committed 96972K, reserved 1134592K
  class space    used 11803K, capacity 12701K, committed 12748K, reserved 1048576K
}
Event: 589.804 GC heap after
{Heap after GC invocations=49 (full 0):
 garbage-first heap   total 231424K, used 118942K [0x0000000080000000, 0x0000000100000000)
  region size 1024K, 7 young (7168K), 7 survivors (7168K)
 Metaspace       used 94395K, capacity 96888K, committed 96972K, reserved 1134592K
  class space    used 11803K, capacity 12701K, committed 12748K, reserved 1048576K
}
Event: 589.825 GC heap before
{Heap before GC invocations=49 (full 0):
 garbage-first heap   total 231424K, used 122014K [0x0000000080000000, 0x0000000100000000)
  region size 1024K, 11 young (11264K), 7 survivors (7168K)
 Metaspace       used 94395K, capacity 96888K, committed 96972K, reserved 1134592K
  class space    used 11803K, capacity 12701K, committed 12748K, reserved 1048576K
}
Event: 589.840 GC heap after
{Heap after GC invocations=50 (full 0):
 garbage-first heap   total 231424K, used 111271K [0x0000000080000000, 0x0000000100000000)
  region size 1024K, 1 young (1024K), 1 survivors (1024K)
 Metaspace       used 94395K, capacity 96888K, committed 96972K, reserved 1134592K
  class space    used 11803K, capacity 12701K, committed 12748K, reserved 1048576K
}
Event: 590.219 GC heap before
{Heap before GC invocations=50 (full 0):
 garbage-first heap   total 231424K, used 140967K [0x0000000080000000, 0x0000000100000000)
  region size 1024K, 32 young (32768K), 1 survivors (1024K)
 Metaspace       used 94431K, capacity 96952K, committed 97228K, reserved 1134592K
  class space    used 11803K, capacity 12701K, committed 12748K, reserved 1048576K
}
Event: 590.228 GC heap after
{Heap after GC invocations=51 (full 0):
 garbage-first heap   total 231424K, used 111199K [0x0000000080000000, 0x0000000100000000)
  region size 1024K, 1 young (1024K), 1 survivors (1024K)
 Metaspace       used 94431K, capacity 96952K, committed 97228K, reserved 1134592K
  class space    used 11803K, capacity 12701K, committed 12748K, reserved 1048576K
}
Event: 850.232 GC heap before
{Heap before GC invocations=52 (full 0):
 garbage-first heap   total 231424K, used 195167K [0x0000000080000000, 0x0000000100000000)
  region size 1024K, 63 young (64512K), 1 survivors (1024K)
 Metaspace       used 94670K, capacity 97164K, committed 97228K, reserved 1134592K
  class space    used 11804K, capacity 12702K, committed 12748K, reserved 1048576K
}
Event: 850.254 GC heap after
{Heap after GC invocations=53 (full 0):
 garbage-first heap   total 231424K, used 119882K [0x0000000080000000, 0x0000000100000000)
  region size 1024K, 8 young (8192K), 8 survivors (8192K)
 Metaspace       used 94670K, capacity 97164K, committed 97228K, reserved 1134592K
  class space    used 11804K, capacity 12702K, committed 12748K, reserved 1048576K
}
Event: 850.327 GC heap before
{Heap before GC invocations=53 (full 0):
 garbage-first heap   total 231424K, used 122954K [0x0000000080000000, 0x0000000100000000)
  region size 1024K, 11 young (11264K), 8 survivors (8192K)
 Metaspace       used 94674K, capacity 97164K, committed 97228K, reserved 1134592K
  class space    used 11804K, capacity 12702K, committed 12748K, reserved 1048576K
}
Event: 850.347 GC heap after
{Heap after GC invocations=54 (full 0):
 garbage-first heap   total 231424K, used 113801K [0x0000000080000000, 0x0000000100000000)
  region size 1024K, 2 young (2048K), 2 survivors (2048K)
 Metaspace       used 94674K, capacity 97164K, committed 97228K, reserved 1134592K
  class space    used 11804K, capacity 12702K, committed 12748K, reserved 1048576K
}
Event: 850.462 GC heap before
{Heap before GC invocations=54 (full 0):
 garbage-first heap   total 231424K, used 125065K [0x0000000080000000, 0x0000000100000000)
  region size 1024K, 15 young (15360K), 2 survivors (2048K)
 Metaspace       used 94716K, capacity 97164K, committed 97228K, reserved 1134592K
  class space    used 11804K, capacity 12702K, committed 12748K, reserved 1048576K
}
Event: 850.477 GC heap after
{Heap after GC invocations=55 (full 0):
 garbage-first heap   total 231424K, used 119795K [0x0000000080000000, 0x0000000100000000)
  region size 1024K, 8 young (8192K), 8 survivors (8192K)
 Metaspace       used 94716K, capacity 97164K, committed 97228K, reserved 1134592K
  class space    used 11804K, capacity 12702K, committed 12748K, reserved 1048576K
}
Event: 854.257 GC heap before
{Heap before GC invocations=56 (full 0):
 garbage-first heap   total 231424K, used 184307K [0x0000000080000000, 0x0000000100000000)
  region size 1024K, 58 young (59392K), 8 survivors (8192K)
 Metaspace       used 94768K, capacity 97296K, committed 97484K, reserved 1134592K
  class space    used 11804K, capacity 12702K, committed 12748K, reserved 1048576K
}
Event: 854.275 GC heap after
{Heap after GC invocations=57 (full 0):
 garbage-first heap   total 231424K, used 121020K [0x0000000080000000, 0x0000000100000000)
  region size 1024K, 7 young (7168K), 7 survivors (7168K)
 Metaspace       used 94768K, capacity 97296K, committed 97484K, reserved 1134592K
  class space    used 11804K, capacity 12702K, committed 12748K, reserved 1048576K
}
Event: 854.296 GC heap before
{Heap before GC invocations=57 (full 0):
 garbage-first heap   total 231424K, used 125116K [0x0000000080000000, 0x0000000100000000)
  region size 1024K, 11 young (11264K), 7 survivors (7168K)
 Metaspace       used 94769K, capacity 97296K, committed 97484K, reserved 1134592K
  class space    used 11804K, capacity 12702K, committed 12748K, reserved 1048576K
}
Event: 854.309 GC heap after
{Heap after GC invocations=58 (full 0):
 garbage-first heap   total 231424K, used 111300K [0x0000000080000000, 0x0000000100000000)
  region size 1024K, 1 young (1024K), 1 survivors (1024K)
 Metaspace       used 94769K, capacity 97296K, committed 97484K, reserved 1134592K
  class space    used 11804K, capacity 12702K, committed 12748K, reserved 1048576K
}

Deoptimization events (20 events):
Event: 854.549 Thread 0x0000019ba0693800 Uncommon trap: trap_request=0xffffff4d fr.pc=0x0000019b90481c40 relative=0x00000000000018c0
Event: 854.549 Thread 0x0000019ba0693800 Uncommon trap: reason=unstable_if action=reinterpret pc=0x0000019b90481c40 method=org.objectweb.asm.SymbolTable.addConstantIntegerOrFloat(II)Lorg/objectweb/asm/Symbol; @ 33 c2
Event: 854.549 Thread 0x0000019ba0693800 DEOPT PACKING pc=0x0000019b90481c40 sp=0x000000138bcfbfd0
Event: 854.549 Thread 0x0000019ba0693800 DEOPT UNPACKING pc=0x0000019b881678af sp=0x000000138bcfbec0 mode 2
Event: 854.666 Thread 0x0000019ba0693800 Uncommon trap: trap_request=0xffffffd6 fr.pc=0x0000019b907735f4 relative=0x0000000000000694
Event: 854.666 Thread 0x0000019ba0693800 Uncommon trap: reason=array_check action=maybe_recompile pc=0x0000019b907735f4 method=java.util.ComparableTimSort.binarySort([Ljava/lang/Object;III)V @ 215 c2
Event: 854.666 Thread 0x0000019ba0693800 DEOPT PACKING pc=0x0000019b907735f4 sp=0x000000138bcfc5b0
Event: 854.666 Thread 0x0000019ba0693800 DEOPT UNPACKING pc=0x0000019b881678af sp=0x000000138bcfc550 mode 2
Event: 854.666 Thread 0x0000019ba0693800 Uncommon trap: trap_request=0xffffffd6 fr.pc=0x0000019b907735f4 relative=0x0000000000000694
Event: 854.666 Thread 0x0000019ba0693800 Uncommon trap: reason=array_check action=maybe_recompile pc=0x0000019b907735f4 method=java.util.ComparableTimSort.binarySort([Ljava/lang/Object;III)V @ 215 c2
Event: 854.666 Thread 0x0000019ba0693800 DEOPT PACKING pc=0x0000019b907735f4 sp=0x000000138bcfc5b0
Event: 854.666 Thread 0x0000019ba0693800 DEOPT UNPACKING pc=0x0000019b881678af sp=0x000000138bcfc550 mode 2
Event: 854.666 Thread 0x0000019ba0693800 Uncommon trap: trap_request=0xffffffd6 fr.pc=0x0000019b90773704 relative=0x00000000000007a4
Event: 854.666 Thread 0x0000019ba0693800 Uncommon trap: reason=array_check action=maybe_recompile pc=0x0000019b90773704 method=java.util.ComparableTimSort.binarySort([Ljava/lang/Object;III)V @ 193 c2
Event: 854.666 Thread 0x0000019ba0693800 DEOPT PACKING pc=0x0000019b90773704 sp=0x000000138bcfc5b0
Event: 854.666 Thread 0x0000019ba0693800 DEOPT UNPACKING pc=0x0000019b881678af sp=0x000000138bcfc550 mode 2
Event: 854.667 Thread 0x0000019ba0693800 Uncommon trap: trap_request=0xffffffd6 fr.pc=0x0000019b90773704 relative=0x00000000000007a4
Event: 854.667 Thread 0x0000019ba0693800 Uncommon trap: reason=array_check action=maybe_recompile pc=0x0000019b90773704 method=java.util.ComparableTimSort.binarySort([Ljava/lang/Object;III)V @ 193 c2
Event: 854.667 Thread 0x0000019ba0693800 DEOPT PACKING pc=0x0000019b90773704 sp=0x000000138bcfc5b0
Event: 854.667 Thread 0x0000019ba0693800 DEOPT UNPACKING pc=0x0000019b881678af sp=0x000000138bcfc550 mode 2

Classes redefined (0 events):
No events

Internal exceptions (20 events):
Event: 464.492 Thread 0x0000019ba1a99800 Exception <a 'sun/nio/fs/WindowsException'{0x000000008b00f250}> (0x000000008b00f250) thrown at [./src/hotspot/share/prims/jni.cpp, line 615]
Event: 464.492 Thread 0x0000019ba1a99800 Exception <a 'sun/nio/fs/WindowsException'{0x000000008b00f338}> (0x000000008b00f338) thrown at [./src/hotspot/share/prims/jni.cpp, line 615]
Event: 584.587 Thread 0x0000019ba8104000 Exception <a 'sun/nio/fs/WindowsException'{0x000000008c8554b0}> (0x000000008c8554b0) thrown at [./src/hotspot/share/prims/jni.cpp, line 615]
Event: 584.664 Thread 0x0000019ba8104000 Exception <a 'java/lang/NoClassDefFoundError'{0x000000008c5798e8}: org/jetbrains/kotlin/gradle/plugin/KotlinBasePluginWrapper> (0x000000008c5798e8) thrown at [./src/hotspot/share/oops/constantPool.cpp, line 775]
Event: 584.741 Thread 0x0000019ba8104000 Exception <a 'sun/nio/fs/WindowsException'{0x000000008c2ee300}> (0x000000008c2ee300) thrown at [./src/hotspot/share/prims/jni.cpp, line 615]
Event: 584.754 Thread 0x0000019ba8104000 Exception <a 'sun/nio/fs/WindowsException'{0x000000008c194310}> (0x000000008c194310) thrown at [./src/hotspot/share/prims/jni.cpp, line 615]
Event: 584.754 Thread 0x0000019ba8104000 Exception <a 'sun/nio/fs/WindowsException'{0x000000008c1953e0}> (0x000000008c1953e0) thrown at [./src/hotspot/share/prims/jni.cpp, line 615]
Event: 584.754 Thread 0x0000019ba8104000 Exception <a 'sun/nio/fs/WindowsException'{0x000000008c196500}> (0x000000008c196500) thrown at [./src/hotspot/share/prims/jni.cpp, line 615]
Event: 584.754 Thread 0x0000019ba8104000 Exception <a 'sun/nio/fs/WindowsException'{0x000000008c197620}> (0x000000008c197620) thrown at [./src/hotspot/share/prims/jni.cpp, line 615]
Event: 589.765 Thread 0x0000019ba1a95800 Exception <a 'sun/nio/fs/WindowsException'{0x000000008ad3c080}> (0x000000008ad3c080) thrown at [./src/hotspot/share/prims/jni.cpp, line 615]
Event: 589.765 Thread 0x0000019ba1a95800 Exception <a 'sun/nio/fs/WindowsException'{0x000000008ad3c168}> (0x000000008ad3c168) thrown at [./src/hotspot/share/prims/jni.cpp, line 615]
Event: 849.727 Thread 0x0000019ba8109000 Exception <a 'sun/nio/fs/WindowsException'{0x000000008c798be8}> (0x000000008c798be8) thrown at [./src/hotspot/share/prims/jni.cpp, line 615]
Event: 849.785 Thread 0x0000019ba8109000 Exception <a 'java/lang/NoClassDefFoundError'{0x000000008c4a0060}: org/jetbrains/kotlin/gradle/plugin/KotlinBasePluginWrapper> (0x000000008c4a0060) thrown at [./src/hotspot/share/oops/constantPool.cpp, line 775]
Event: 849.809 Thread 0x0000019ba8109000 Exception <a 'sun/nio/fs/WindowsException'{0x000000008c3d1788}> (0x000000008c3d1788) thrown at [./src/hotspot/share/prims/jni.cpp, line 615]
Event: 849.821 Thread 0x0000019ba8109000 Exception <a 'sun/nio/fs/WindowsException'{0x000000008c274f18}> (0x000000008c274f18) thrown at [./src/hotspot/share/prims/jni.cpp, line 615]
Event: 849.821 Thread 0x0000019ba8109000 Exception <a 'sun/nio/fs/WindowsException'{0x000000008c275fe8}> (0x000000008c275fe8) thrown at [./src/hotspot/share/prims/jni.cpp, line 615]
Event: 849.821 Thread 0x0000019ba8109000 Exception <a 'sun/nio/fs/WindowsException'{0x000000008c2773a8}> (0x000000008c2773a8) thrown at [./src/hotspot/share/prims/jni.cpp, line 615]
Event: 849.822 Thread 0x0000019ba8109000 Exception <a 'sun/nio/fs/WindowsException'{0x000000008c2784c8}> (0x000000008c2784c8) thrown at [./src/hotspot/share/prims/jni.cpp, line 615]
Event: 854.232 Thread 0x0000019ba52ac000 Exception <a 'sun/nio/fs/WindowsException'{0x000000008ae0a358}> (0x000000008ae0a358) thrown at [./src/hotspot/share/prims/jni.cpp, line 615]
Event: 854.232 Thread 0x0000019ba52ac000 Exception <a 'sun/nio/fs/WindowsException'{0x000000008ae0a440}> (0x000000008ae0a440) thrown at [./src/hotspot/share/prims/jni.cpp, line 615]

Events (20 events):
Event: 854.700 loading class org/gradle/api/internal/tasks/compile/CompilationSourceDirs$SourceRoots
Event: 854.700 loading class org/gradle/api/internal/tasks/compile/CompilationSourceDirs$SourceRoots done
Event: 854.703 loading class org/gradle/api/internal/tasks/compile/DefaultJavaCompileSpecFactory
Event: 854.703 loading class org/gradle/api/internal/tasks/compile/DefaultJavaCompileSpecFactory done
Event: 854.704 loading class org/gradle/api/internal/tasks/compile/AbstractJavaCompileSpecFactory
Event: 854.704 loading class org/gradle/api/internal/tasks/compile/AbstractJavaCompileSpecFactory done
Event: 854.705 loading class org/gradle/api/internal/tasks/compile/DefaultJavaCompileSpecFactory$DefaultCommandLineJavaSpec
Event: 854.705 loading class org/gradle/api/internal/tasks/compile/DefaultJavaCompileSpecFactory$DefaultCommandLineJavaSpec done
Event: 854.706 loading class org/gradle/api/internal/tasks/compile/CommandLineJavaCompileSpec
Event: 854.706 loading class org/gradle/api/internal/tasks/compile/CommandLineJavaCompileSpec done
Event: 854.707 loading class org/gradle/api/internal/tasks/compile/DefaultJavaCompileSpecFactory$DefaultForkingJavaCompileSpec
Event: 854.707 loading class org/gradle/api/internal/tasks/compile/DefaultJavaCompileSpecFactory$DefaultForkingJavaCompileSpec done
Event: 854.707 loading class org/gradle/api/internal/tasks/compile/ForkingJavaCompileSpec
Event: 854.707 loading class org/gradle/api/internal/tasks/compile/ForkingJavaCompileSpec done
Event: 854.708 loading class org/gradle/jvm/toolchain/JavaInstallationMetadata
Event: 854.708 loading class org/gradle/jvm/toolchain/JavaInstallationMetadata done
Event: 854.708 loading class org/gradle/jvm/toolchain/JavaCompiler
Event: 854.708 loading class org/gradle/jvm/toolchain/JavaCompiler done
Event: 854.708 loading class org/gradle/api/Transformer
Event: 854.708 loading class org/gradle/api/Transformer done


Dynamic libraries:
0x00007ff7291b0000 - 0x00007ff7291ba000 	C:\Program Files\Android\Android Studio\jre\bin\java.exe
0x00007ffc14f90000 - 0x00007ffc15185000 	C:\WINDOWS\SYSTEM32\ntdll.dll
0x00007ffc145f0000 - 0x00007ffc146ae000 	C:\WINDOWS\System32\KERNEL32.DLL
0x00007ffc129a0000 - 0x00007ffc12c68000 	C:\WINDOWS\System32\KERNELBASE.dll
0x00007ffc127f0000 - 0x00007ffc128f0000 	C:\WINDOWS\System32\ucrtbase.dll
0x00007ffc05d80000 - 0x00007ffc05d99000 	C:\Program Files\Android\Android Studio\jre\bin\jli.dll
0x00007ffc05d60000 - 0x00007ffc05d77000 	C:\Program Files\Android\Android Studio\jre\bin\VCRUNTIME140.dll
0x00007ffbfed80000 - 0x00007ffbff01a000 	C:\WINDOWS\WinSxS\amd64_microsoft.windows.common-controls_6595b64144ccf1df_6.0.19041.1110_none_60b5254171f9507e\COMCTL32.dll
0x00007ffc13ba0000 - 0x00007ffc13d41000 	C:\WINDOWS\System32\USER32.dll
0x00007ffc14eb0000 - 0x00007ffc14f4e000 	C:\WINDOWS\System32\msvcrt.dll
0x00007ffc126b0000 - 0x00007ffc126d2000 	C:\WINDOWS\System32\win32u.dll
0x00007ffc144e0000 - 0x00007ffc1450b000 	C:\WINDOWS\System32\GDI32.dll
0x00007ffc126e0000 - 0x00007ffc127eb000 	C:\WINDOWS\System32\gdi32full.dll
0x00007ffc12d00000 - 0x00007ffc12d9d000 	C:\WINDOWS\System32\msvcp_win.dll
0x00007ffc13db0000 - 0x00007ffc13de0000 	C:\WINDOWS\System32\IMM32.DLL
0x00007ffbe4780000 - 0x00007ffbe481d000 	C:\Program Files\Android\Android Studio\jre\bin\msvcp140.dll
0x00007ffbbf050000 - 0x00007ffbbfb1f000 	C:\Program Files\Android\Android Studio\jre\bin\server\jvm.dll
0x00007ffc13f00000 - 0x00007ffc13fac000 	C:\WINDOWS\System32\ADVAPI32.dll
0x00007ffc13fb0000 - 0x00007ffc1404b000 	C:\WINDOWS\System32\sechost.dll
0x00007ffc13990000 - 0x00007ffc13aba000 	C:\WINDOWS\System32\RPCRT4.dll
0x00007ffc13630000 - 0x00007ffc13638000 	C:\WINDOWS\System32\PSAPI.DLL
0x00007ffc0ee60000 - 0x00007ffc0ee69000 	C:\WINDOWS\SYSTEM32\WSOCK32.dll
0x00007ffc0a590000 - 0x00007ffc0a5b7000 	C:\WINDOWS\SYSTEM32\WINMM.dll
0x00007ffc0a9d0000 - 0x00007ffc0a9da000 	C:\WINDOWS\SYSTEM32\VERSION.dll
0x00007ffc13de0000 - 0x00007ffc13e4b000 	C:\WINDOWS\System32\WS2_32.dll
0x00007ffc105b0000 - 0x00007ffc105c2000 	C:\WINDOWS\SYSTEM32\kernel.appcore.dll
0x00007ffc0d8c0000 - 0x00007ffc0d8d1000 	C:\Program Files\Android\Android Studio\jre\bin\verify.dll
0x00007ffc029a0000 - 0x00007ffc02b84000 	C:\WINDOWS\SYSTEM32\DBGHELP.DLL
0x00007ffbff910000 - 0x00007ffbff93c000 	C:\WINDOWS\SYSTEM32\dbgcore.DLL
0x00007ffc12f50000 - 0x00007ffc12fd3000 	C:\WINDOWS\System32\bcryptPrimitives.dll
0x00007ffc05fb0000 - 0x00007ffc05fd9000 	C:\Program Files\Android\Android Studio\jre\bin\java.dll
0x00007ffc0df90000 - 0x00007ffc0df9b000 	C:\Program Files\Android\Android Studio\jre\bin\jimage.dll
0x00007ffc0cb30000 - 0x00007ffc0cb48000 	C:\Program Files\Android\Android Studio\jre\bin\zip.dll
0x00007ffc14710000 - 0x00007ffc14e4f000 	C:\WINDOWS\System32\SHELL32.dll
0x00007ffc107b0000 - 0x00007ffc10f40000 	C:\WINDOWS\SYSTEM32\windows.storage.dll
0x00007ffc14180000 - 0x00007ffc144d5000 	C:\WINDOWS\System32\combase.dll
0x00007ffc12030000 - 0x00007ffc1205e000 	C:\WINDOWS\SYSTEM32\Wldp.dll
0x00007ffc13840000 - 0x00007ffc138ed000 	C:\WINDOWS\System32\SHCORE.dll
0x00007ffc13d50000 - 0x00007ffc13da5000 	C:\WINDOWS\System32\shlwapi.dll
0x00007ffc125f0000 - 0x00007ffc1260f000 	C:\WINDOWS\SYSTEM32\profapi.dll
0x00007ffc064c0000 - 0x00007ffc064da000 	C:\Program Files\Android\Android Studio\jre\bin\net.dll
0x00007ffc06970000 - 0x00007ffc06a7c000 	C:\WINDOWS\SYSTEM32\WINHTTP.dll
0x00007ffc11d90000 - 0x00007ffc11dfa000 	C:\WINDOWS\system32\mswsock.dll
0x00007ffc05f90000 - 0x00007ffc05fa4000 	C:\Program Files\Android\Android Studio\jre\bin\nio.dll
0x00007ffc06530000 - 0x00007ffc06557000 	C:\Users\jeffe\.gradle\native\8bec1ad78214c89d9ad589b4d07fe93259594b29d510b10fafb7a158f7737e5d\windows-amd64\native-platform.dll
0x00007ffbc1180000 - 0x00007ffbc12bd000 	C:\Users\jeffe\.gradle\native\53dbd7edfb1c66fb8903c78663c9afc45aea4f116125fa6feffd364cf09443e8\windows-amd64\native-platform-file-events.dll
0x00007ffc0df70000 - 0x00007ffc0df7a000 	C:\Program Files\Android\Android Studio\jre\bin\management.dll
0x00007ffc0d8b0000 - 0x00007ffc0d8bc000 	C:\Program Files\Android\Android Studio\jre\bin\management_ext.dll
0x00007ffc11f80000 - 0x00007ffc11f98000 	C:\WINDOWS\SYSTEM32\CRYPTSP.dll
0x00007ffc11710000 - 0x00007ffc11744000 	C:\WINDOWS\system32\rsaenh.dll
0x00007ffc12cd0000 - 0x00007ffc12cf7000 	C:\WINDOWS\System32\bcrypt.dll
0x00007ffc125b0000 - 0x00007ffc125de000 	C:\WINDOWS\SYSTEM32\USERENV.dll
0x00007ffc11fa0000 - 0x00007ffc11fac000 	C:\WINDOWS\SYSTEM32\CRYPTBASE.dll
0x00007ffc11a80000 - 0x00007ffc11abb000 	C:\WINDOWS\SYSTEM32\IPHLPAPI.DLL
0x00007ffc14510000 - 0x00007ffc14518000 	C:\WINDOWS\System32\NSI.dll
0x00007ffc0ab00000 - 0x00007ffc0ab17000 	C:\WINDOWS\SYSTEM32\dhcpcsvc6.DLL
0x00007ffc0aae0000 - 0x00007ffc0aafd000 	C:\WINDOWS\SYSTEM32\dhcpcsvc.DLL
0x00007ffc11ac0000 - 0x00007ffc11b8b000 	C:\WINDOWS\SYSTEM32\DNSAPI.dll
0x00007ffc012e0000 - 0x00007ffc01307000 	C:\Program Files\Android\Android Studio\jre\bin\sunec.dll

dbghelp: loaded successfully - version: 4.0.5 - missing functions: none
symbol engine: initialized successfully - sym options: 0x614 - pdb path: .;C:\Program Files\Android\Android Studio\jre\bin;C:\WINDOWS\SYSTEM32;C:\WINDOWS\WinSxS\amd64_microsoft.windows.common-controls_6595b64144ccf1df_6.0.19041.1110_none_60b5254171f9507e;C:\Program Files\Android\Android Studio\jre\bin\server;C:\Users\jeffe\.gradle\native\8bec1ad78214c89d9ad589b4d07fe93259594b29d510b10fafb7a158f7737e5d\windows-amd64;C:\Users\jeffe\.gradle\native\53dbd7edfb1c66fb8903c78663c9afc45aea4f116125fa6feffd364cf09443e8\windows-amd64

VM Arguments:
jvm_args: --add-opens=java.base/java.util=ALL-UNNAMED --add-opens=java.base/java.lang=ALL-UNNAMED --add-opens=java.base/java.lang.invoke=ALL-UNNAMED --add-opens=java.base/java.util=ALL-UNNAMED --add-opens=java.prefs/java.util.prefs=ALL-UNNAMED --add-opens=java.prefs/java.util.prefs=ALL-UNNAMED --add-opens=java.base/java.nio.charset=ALL-UNNAMED --add-opens=java.base/java.net=ALL-UNNAMED --add-opens=java.base/java.util.concurrent.atomic=ALL-UNNAMED -Xmx2048m -Dfile.encoding=UTF-8 -Duser.country=PH -Duser.language=en -Duser.variant 
java_command: org.gradle.launcher.daemon.bootstrap.GradleDaemon 7.0.2
java_class_path (initial): C:\Users\jeffe\.gradle\wrapper\dists\gradle-7.0.2-bin\857tjihv64xamwrf0h14cai3r\gradle-7.0.2\lib\gradle-launcher-7.0.2.jar
Launcher Type: SUN_STANDARD

[Global flags]
     intx CICompilerCount                          = 4                                         {product} {ergonomic}
     uint ConcGCThreads                            = 2                                         {product} {ergonomic}
     uint G1ConcRefinementThreads                  = 8                                         {product} {ergonomic}
   size_t G1HeapRegionSize                         = 1048576                                   {product} {ergonomic}
    uintx GCDrainStackTargetSize                   = 64                                        {product} {ergonomic}
   size_t InitialHeapSize                          = 234881024                                 {product} {ergonomic}
   size_t MarkStackSize                            = 4194304                                   {product} {ergonomic}
   size_t MaxHeapSize                              = 2147483648                                {product} {command line}
   size_t MaxNewSize                               = 1287651328                                {product} {ergonomic}
   size_t MinHeapDeltaBytes                        = 1048576                                   {product} {ergonomic}
    uintx NonNMethodCodeHeapSize                   = 5836300                                {pd product} {ergonomic}
    uintx NonProfiledCodeHeapSize                  = 122910970                              {pd product} {ergonomic}
    uintx ProfiledCodeHeapSize                     = 122910970                              {pd product} {ergonomic}
    uintx ReservedCodeCacheSize                    = 251658240                              {pd product} {ergonomic}
     bool SegmentedCodeCache                       = true                                      {product} {ergonomic}
     bool UseCompressedClassPointers               = true                                 {lp64_product} {ergonomic}
     bool UseCompressedOops                        = true                                 {lp64_product} {ergonomic}
     bool UseG1GC                                  = true                                      {product} {ergonomic}
     bool UseLargePagesIndividualAllocation        = false                                  {pd product} {ergonomic}

Logging:
Log output configuration:
 #0: stdout all=warning uptime,level,tags
 #1: stderr all=off uptime,level,tags

Environment Variables:
JAVA_HOME=C:\Program Files\Java\jdk-13.0.2
PATH=C:\Program Files (x86)\Razer Chroma SDK\bin;C:\Program Files\Razer Chroma SDK\bin;C:\Program Files (x86)\Razer\ChromaBroadcast\bin;C:\Program Files\Razer\ChromaBroadcast\bin;C:\WINDOWS\system32;C:\WINDOWS;C:\WINDOWS\System32\Wbem;C:\WINDOWS\System32\WindowsPowerShell\v1.0\;C:\WINDOWS\System32\OpenSSH\;C:\Program Files\Java\jdk-13.0.2\bin;C:\Program Files\MySQL\MySQL Server 5.5\bin;C:\WINDOWS\system32\config\systemprofile\AppData\Local\Microsoft\WindowsApps;C:\Users\jeffe\AppData\Local\Microsoft\WindowsApps;C:\Program Files\MySQL\MySQL Shell 8.0\bin\;C:\Users\jeffe\AppData\Local\Microsoft\WindowsApps;
USERNAME=jeffe
OS=Windows_NT
PROCESSOR_IDENTIFIER=AMD64 Family 23 Model 24 Stepping 1, AuthenticAMD



---------------  S Y S T E M  ---------------

OS: Windows 10 , 64 bit Build 19041 (10.0.19041.1320)
OS uptime: 0 days 20:05 hours

CPU:total 8 (initial active 8) (8 cores per cpu, 2 threads per core) family 23 model 24 stepping 1 microcode 0x0, cmov, cx8, fxsr, mmx, sse, sse2, sse3, ssse3, sse4.1, sse4.2, popcnt, avx, avx2, aes, clmul, mmxext, 3dnowpref, lzcnt, sse4a, ht, tsc, tscinvbit, tscinv, bmi1, bmi2, adx, s

Memory: 4k page, system-wide physical 14274M (7379M free)
TotalPageFile size 16450M (AvailPageFile size 6920M)
current process WorkingSet (physical memory assigned to process): 536M, peak: 540M
current process commit charge ("private bytes"): 571M, peak: 575M

vm_info: OpenJDK 64-Bit Server VM (11.0.10+0-b96-7249189) for windows-amd64 JRE (11.0.10+0-b96-7249189), built on Mar 31 2021 21:44:00 by "builder" with MS VC++ 14.0 (VS2015)

END.
