#
# A fatal error has been detected by the Java Runtime Environment:
#
#  EXCEPTION_ACCESS_VIOLATION (0xc0000005) at pc=0x00007ff811479941, pid=7688, tid=9152
#
# JRE version: Java(TM) SE Runtime Environment (13.0.2+8) (build 13.0.2+8)
# Java VM: Java HotSpot(TM) 64-Bit Server VM (13.0.2+8, mixed mode, sharing, tiered, compressed oops, g1 gc, windows-amd64)
# Problematic frame:
# V  [jvm.dll+0x529941]
#
# No core dump will be written. Minidumps are not enabled by default on client versions of Windows
#
# If you would like to submit a bug report, please visit:
#   http://bugreport.java.com/bugreport/crash.jsp
#

---------------  S U M M A R Y ------------

Command Line: --add-opens=java.base/java.util=ALL-UNNAMED --add-opens=java.base/java.lang=ALL-UNNAMED --add-opens=java.base/java.lang.invoke=ALL-UNNAMED --add-opens=java.base/java.util=ALL-UNNAMED --add-opens=java.prefs/java.util.prefs=ALL-UNNAMED --add-opens=java.prefs/java.util.prefs=ALL-UNNAMED --add-opens=java.base/java.nio.charset=ALL-UNNAMED --add-opens=java.base/java.net=ALL-UNNAMED --add-opens=java.base/java.util.concurrent.atomic=ALL-UNNAMED -Xmx2048m -Dfile.encoding=UTF-8 -Duser.country=PH -Duser.language=en -Duser.variant org.gradle.launcher.daemon.bootstrap.GradleDaemon 7.3.2

Host: AMD Ryzen 5 3550H with Radeon Vega Mobile Gfx  , 8 cores, 13G,  Windows 10 , 64 bit Build 19041 (10.0.19041.1348)
Time: Thu Dec 16 21:36:56 2021 Malay Peninsula Standard Time elapsed time: 11 seconds (0d 0h 0m 11s)

---------------  T H R E A D  ---------------

Current thread (0x000002b95d12d000):  JavaThread "C2 CompilerThread0" daemon [_thread_in_native, id=9152, stack(0x000000ce7b100000,0x000000ce7b200000)]


Current CompileTask:
C2:  11734 8978       4       org.gradle.cache.internal.btree.BTreePersistentIndexedCache$IndexBlock::find (140 bytes)

Stack: [0x000000ce7b100000,0x000000ce7b200000],  sp=0x000000ce7b1fbb60,  free space=1006k
Native frames: (J=compiled Java code, j=interpreted, Vv=VM code, C=native code)
V  [jvm.dll+0x529941]
V  [jvm.dll+0x52a0d2]
V  [jvm.dll+0x19f305]
V  [jvm.dll+0x205d36]
V  [jvm.dll+0x204e3f]
V  [jvm.dll+0x189c2c]
V  [jvm.dll+0x213e6d]
V  [jvm.dll+0x2120bb]
V  [jvm.dll+0x736bb6]
V  [jvm.dll+0x72fcaa]
V  [jvm.dll+0x623ea6]
C  [ucrtbase.dll+0x21bb2]
C  [KERNEL32.DLL+0x17034]
C  [ntdll.dll+0x52651]


siginfo: EXCEPTION_ACCESS_VIOLATION (0xc0000005), reading address 0x000000b95dfbc1c0


Register to memory mapping:

RIP=0x00007ff811479941 jvm.dll
RAX=0x000000b95dfbc1c0 is an unknown value
RBX=0x0000000000000002 is an unknown value
RCX=0x0 is NULL
RDX=0x000002b95fe94a20 points into unknown readable memory: 04 00 00 00 00 00 00 00
RSP=0x000000ce7b1fbb60 is pointing into the stack for thread: 0x000002b95d12d000
RBP=0x0000000000000004 is an unknown value
RSI=0x0 is NULL
RDI=0x000002b966162140 points into unknown readable memory: 00 00 00 00 b9 02 00 00
R8 =0x000000ce7b1fbb90 is pointing into the stack for thread: 0x000002b95d12d000
R9 =0x00007ff8119cac00 jvm.dll
R10=0x0 is NULL
R11=0x00000000000000c2 is an unknown value
R12=0x0000000000000001 is an unknown value
R13=0x000002b961238770 points into unknown readable memory: 00 00 00 00 b9 02 00 00
R14=0x0 is NULL
R15=0x000002b962b02a10 points into unknown readable memory: 01 00 00 00 b9 02 00 00


Registers:
RAX=0x000000b95dfbc1c0, RBX=0x0000000000000002, RCX=0x0000000000000000, RDX=0x000002b95fe94a20
RSP=0x000000ce7b1fbb60, RBP=0x0000000000000004, RSI=0x0000000000000000, RDI=0x000002b966162140
R8 =0x000000ce7b1fbb90, R9 =0x00007ff8119cac00, R10=0x0000000000000000, R11=0x00000000000000c2
R12=0x0000000000000001, R13=0x000002b961238770, R14=0x0000000000000000, R15=0x000002b962b02a10
RIP=0x00007ff811479941, EFLAGS=0x0000000000010246

Top of Stack: (sp=0x000000ce7b1fbb60)
0x000000ce7b1fbb60:   0000000000000002 0000000000000000
0x000000ce7b1fbb70:   000002b966704760 00007ff8112b1648
0x000000ce7b1fbb80:   000002b961238770 0000000000000000
0x000000ce7b1fbb90:   0000000200000002 00007ff800000001
0x000000ce7b1fbba0:   000002b962c4d8c0 00007ff800000001
0x000000ce7b1fbbb0:   000002b96743c0c0 0000000000000020
0x000000ce7b1fbbc0:   000002b96743c020 0000000000007fd8
0x000000ce7b1fbbd0:   000000000000000a 000002b964477bc0
0x000000ce7b1fbbe0:   000002b966704760 0000000000000000
0x000000ce7b1fbbf0:   000002b96743c020 0000000000000002
0x000000ce7b1fbc00:   0000000000000010 00007ff81147a0d2
0x000000ce7b1fbc10:   000000ce7b1fbe00 000002b964477bc0
0x000000ce7b1fbc20:   000000ce7b1fbe00 000000ce7b1fbc60
0x000000ce7b1fbc30:   0000000000000010 000002b95d11ff80
0x000000ce7b1fbc40:   000002b9616a0800 0000000000263c58
0x000000ce7b1fbc50:   000002b9616a42d0 000002b9616a87e8 

Instructions: (pc=0x00007ff811479941)
0x00007ff811479841:   4d 03 fa 48 89 44 24 20 48 8b 41 28 4a 8b 04 d8
0x00007ff811479851:   48 89 44 24 28 48 85 c0 75 05 e8 90 0d 00 00 48
0x00007ff811479861:   8b d3 48 8d 4c 24 30 48 8b f8 e8 50 71 e3 ff 4c
0x00007ff811479871:   8b 6c 24 20 4c 8d 0d 84 13 55 00 48 89 ac 24 88
0x00007ff811479881:   00 00 00 41 bc 01 00 00 00 48 89 b4 24 80 00 00
0x00007ff811479891:   00 4c 89 74 24 78 66 0f 1f 84 00 00 00 00 00 44
0x00007ff8114798a1:   8b 44 24 30 45 85 c0 74 1d 8b 5c 24 34 49 0f bc
0x00007ff8114798b1:   d0 8b ca 41 d3 e8 41 ff c8 03 da 44 89 44 24 30
0x00007ff8114798c1:   89 5c 24 34 eb 13 48 8d 4c 24 30 e8 3f 71 e3 ff
0x00007ff8114798d1:   8b d8 4c 8d 0d 26 13 55 00 85 db 0f 84 a6 00 00
0x00007ff8114798e1:   00 8b c3 48 c1 e8 08 8b f3 4c 8d 34 c5 00 00 00
0x00007ff8114798f1:   00 49 8b 47 08 49 8b 14 06 49 3b d1 75 14 8b d3
0x00007ff811479901:   49 8b cf e8 07 73 e3 ff 48 8b d0 4c 8d 0d ed 12
0x00007ff811479911:   55 00 48 c1 ee 05 8b cb 83 e6 07 83 e1 1f 41 8b
0x00007ff811479921:   ec d3 e5 8b 0c b2 8b c1 0b c5 89 04 b2 23 cd 75
0x00007ff811479931:   03 41 ff 07 85 c9 0f 85 63 ff ff ff 49 8b 45 08
0x00007ff811479941:   4a 8b 0c 30 85 2c b1 0f 85 52 ff ff ff 48 8b 47
0x00007ff811479951:   08 49 8b 14 06 49 3b d1 75 14 8b d3 48 8b cf e8
0x00007ff811479961:   ab 72 e3 ff 48 8b d0 4c 8d 0d 91 12 55 00 8b 0c
0x00007ff811479971:   b2 8b c1 0b c5 89 04 b2 85 cd 0f 85 1f ff ff ff
0x00007ff811479981:   ff 07 e9 18 ff ff ff 83 3f 00 4c 8b 7c 24 70 4c
0x00007ff811479991:   8b 74 24 78 48 8b b4 24 80 00 00 00 48 8b ac 24
0x00007ff8114799a1:   88 00 00 00 48 8b 9c 24 c0 00 00 00 4c 8b ac 24
0x00007ff8114799b1:   b0 00 00 00 74 62 4c 8b 84 24 b8 00 00 00 49 8b
0x00007ff8114799c1:   45 28 41 8b 48 4c ff c9 48 83 7c 24 28 00 48 89
0x00007ff8114799d1:   3c c8 75 53 41 8b 48 4c 8b c1 4c 8b 8c 24 c8 00
0x00007ff8114799e1:   00 00 c1 e8 05 41 3b 41 10 73 3c 8b d0 83 e1 1f
0x00007ff8114799f1:   49 8b 41 18 41 d3 e4 8b 04 90 41 23 c4 74 28 49
0x00007ff811479a01:   8b 4d 38 49 8b d0 e8 44 d8 be ff 48 81 c4 90 00
0x00007ff811479a11:   00 00 41 5d 41 5c 5f c3 49 8b 45 30 48 89 87 98
0x00007ff811479a21:   00 00 00 49 89 7d 30 48 81 c4 90 00 00 00 41 5d
0x00007ff811479a31:   41 5c 5f c3 cc cc cc cc cc cc cc cc cc cc cc 40 


Stack slot to memory mapping:
stack at sp + 0 slots: 0x0000000000000002 is an unknown value
stack at sp + 1 slots: 0x0 is NULL
stack at sp + 2 slots: 0x000002b966704760 points into unknown readable memory: 40 e7 78 11 f8 7f 00 00
stack at sp + 3 slots: 0x00007ff8112b1648 jvm.dll
stack at sp + 4 slots: 0x000002b961238770 points into unknown readable memory: 00 00 00 00 b9 02 00 00
stack at sp + 5 slots: 0x0 is NULL
stack at sp + 6 slots: 0x0000000200000002 is an unknown value
stack at sp + 7 slots: 0x00007ff800000001 is an unknown value


---------------  P R O C E S S  ---------------

Threads class SMR info:
_java_thread_list=0x000002b9632eecd0, length=133, elements={
0x000002b93e0df000, 0x000002b95d112000, 0x000002b95d115800, 0x000002b95d128000,
0x000002b95d129000, 0x000002b95d12d000, 0x000002b95d130000, 0x000002b95d134800,
0x000002b95daf5000, 0x000002b95dafa800, 0x000002b95fe0f800, 0x000002b95eb6b800,
0x000002b95fb2c000, 0x000002b95f5ef800, 0x000002b95f5f1800, 0x000002b95f5f0000,
0x000002b95fa82000, 0x000002b95f5f1000, 0x000002b95f786000, 0x000002b95f780000,
0x000002b95f782800, 0x000002b95f782000, 0x000002b95f783800, 0x000002b95f786800,
0x000002b95f781000, 0x000002b95f785000, 0x000002b95f784000, 0x000002b95f789000,
0x000002b95f78a000, 0x000002b95f78d000, 0x000002b95f787800, 0x000002b95f78b000,
0x000002b95f78b800, 0x000002b95f78c800, 0x000002b95f788800, 0x000002b95f78f000,
0x000002b96299f800, 0x000002b96299d800, 0x000002b9629a1000, 0x000002b9629a1800,
0x000002b9629a2800, 0x000002b9629a3800, 0x000002b9629a4000, 0x000002b96299e800,
0x000002b9629a5000, 0x000002b9629a6000, 0x000002b9629a0000, 0x000002b9629ab800,
0x000002b9629a8800, 0x000002b9629aa800, 0x000002b9629ac800, 0x000002b9629a6800,
0x000002b9629aa000, 0x000002b9629a7800, 0x000002b9629a9000, 0x000002b95e14b000,
0x000002b95e14b800, 0x000002b95e14e000, 0x000002b95e14d800, 0x000002b95e14f000,
0x000002b95e14a000, 0x000002b95e149000, 0x000002b95e14f800, 0x000002b95e150800,
0x000002b95e152000, 0x000002b95e151800, 0x000002b95e14c800, 0x000002b95e155800,
0x000002b95e154000, 0x000002b95e154800, 0x000002b95e156800, 0x000002b95e157000,
0x000002b95e158000, 0x000002b95e153000, 0x000002b95e48e000, 0x000002b95e48b800,
0x000002b95e490800, 0x000002b95e491000, 0x000002b95e48d000, 0x000002b95e48e800,
0x000002b95e48f800, 0x000002b95e492000, 0x000002b95e48c000, 0x000002b95e497800,
0x000002b95e498800, 0x000002b95e493000, 0x000002b95e496000, 0x000002b95e494800,
0x000002b95e499800, 0x000002b95e493800, 0x000002b95e497000, 0x000002b95e495000,
0x000002b95e49a000, 0x000002b95eb6e800, 0x000002b95eb72000, 0x000002b95eb71000,
0x000002b95eb6f800, 0x000002b95eb6d000, 0x000002b95eb72800, 0x000002b95eb73800,
0x000002b95eb6d800, 0x000002b95eb76000, 0x000002b95eb74000, 0x000002b95eb75000,
0x000002b95eb70000, 0x000002b95eb7b800, 0x000002b95eb76800, 0x000002b95eb78800,
0x000002b95eb7b000, 0x000002b95eb7a000, 0x000002b96471d000, 0x000002b95eb77800,
0x000002b95eb79000, 0x000002b966b39000, 0x000002b966b38000, 0x000002b966b3a000,
0x000002b966b34000, 0x000002b966b36800, 0x000002b966b3a800, 0x000002b966b35000,
0x000002b966b3b800, 0x000002b966b35800, 0x000002b966b3c000, 0x000002b966b3d000,
0x000002b966b37800, 0x000002b966b42000, 0x000002b966b42800, 0x000002b966b3e000,
0x000002b966b3e800, 0x000002b966b3f800, 0x000002b966b40800, 0x000002b966b41000,
0x000002b96725d800
}

Java Threads: ( => current thread )
  0x000002b93e0df000 JavaThread "main" [_thread_blocked, id=12568, stack(0x000000ce7a600000,0x000000ce7a700000)]
  0x000002b95d112000 JavaThread "Reference Handler" daemon [_thread_blocked, id=3396, stack(0x000000ce7ad00000,0x000000ce7ae00000)]
  0x000002b95d115800 JavaThread "Finalizer" daemon [_thread_blocked, id=12520, stack(0x000000ce7ae00000,0x000000ce7af00000)]
  0x000002b95d128000 JavaThread "Signal Dispatcher" daemon [_thread_blocked, id=6868, stack(0x000000ce7af00000,0x000000ce7b000000)]
  0x000002b95d129000 JavaThread "Attach Listener" daemon [_thread_blocked, id=9100, stack(0x000000ce7b000000,0x000000ce7b100000)]
=>0x000002b95d12d000 JavaThread "C2 CompilerThread0" daemon [_thread_in_native, id=9152, stack(0x000000ce7b100000,0x000000ce7b200000)]
  0x000002b95d130000 JavaThread "C1 CompilerThread0" daemon [_thread_in_vm, id=6776, stack(0x000000ce7b200000,0x000000ce7b300000)]
  0x000002b95d134800 JavaThread "Sweeper thread" daemon [_thread_blocked, id=8792, stack(0x000000ce7b300000,0x000000ce7b400000)]
  0x000002b95daf5000 JavaThread "Common-Cleaner" daemon [_thread_blocked, id=12680, stack(0x000000ce7b400000,0x000000ce7b500000)]
  0x000002b95dafa800 JavaThread "Service Thread" daemon [_thread_blocked, id=8588, stack(0x000000ce7b500000,0x000000ce7b600000)]
  0x000002b95fe0f800 JavaThread "Daemon health stats" [_thread_blocked, id=12796, stack(0x000000ce7bd00000,0x000000ce7be00000)]
  0x000002b95eb6b800 JavaThread "Incoming local TCP Connector on port 51831" [_thread_in_native, id=8444, stack(0x000000ce7b700000,0x000000ce7b800000)]
  0x000002b95fb2c000 JavaThread "Daemon periodic checks" [_thread_blocked, id=7408, stack(0x000000ce7b800000,0x000000ce7b900000)]
  0x000002b95f5ef800 JavaThread "Daemon" [_thread_blocked, id=8220, stack(0x000000ce7be00000,0x000000ce7bf00000)]
  0x000002b95f5f1800 JavaThread "Handler for socket connection from /127.0.0.1:51831 to /127.0.0.1:51832" [_thread_in_native, id=13128, stack(0x000000ce7bf00000,0x000000ce7c000000)]
  0x000002b95f5f0000 JavaThread "Cancel handler" [_thread_blocked, id=340, stack(0x000000ce7c000000,0x000000ce7c100000)]
  0x000002b95fa82000 JavaThread "C2 CompilerThread1" daemon [_thread_in_native, id=13104, stack(0x000000ce7c100000,0x000000ce7c200000)]
  0x000002b95f5f1000 JavaThread "Daemon worker" [_thread_blocked, id=5944, stack(0x000000ce7c200000,0x000000ce7c300000)]
  0x000002b95f786000 JavaThread "Asynchronous log dispatcher for DefaultDaemonConnection: socket connection from /127.0.0.1:51831 to /127.0.0.1:51832" [_thread_blocked, id=12940, stack(0x000000ce7c300000,0x000000ce7c400000)]
  0x000002b95f780000 JavaThread "Stdin handler" [_thread_blocked, id=9876, stack(0x000000ce7c400000,0x000000ce7c500000)]
  0x000002b95f782800 JavaThread "Daemon client event forwarder" [_thread_blocked, id=5692, stack(0x000000ce7c500000,0x000000ce7c600000)]
  0x000002b95f782000 JavaThread "Cache worker for journal cache (C:\Users\jeffe\.gradle\caches\journal-1)" [_thread_blocked, id=9812, stack(0x000000ce7c600000,0x000000ce7c700000)]
  0x000002b95f783800 JavaThread "File lock request listener" [_thread_in_native, id=7648, stack(0x000000ce7c700000,0x000000ce7c800000)]
  0x000002b95f786800 JavaThread "Cache worker for file hash cache (C:\Users\jeffe\.gradle\caches\7.3.2\fileHashes)" [_thread_blocked, id=3832, stack(0x000000ce7c800000,0x000000ce7c900000)]
  0x000002b95f781000 JavaThread "Cache worker for file hash cache (C:\Users\jeffe\AndroidStudioProjects\FirstAidKit3\.gradle\7.3.2\fileHashes)" [_thread_blocked, id=8460, stack(0x000000ce7cc00000,0x000000ce7cd00000)]
  0x000002b95f785000 JavaThread "File watcher server" daemon [_thread_in_native, id=10192, stack(0x000000ce7ce00000,0x000000ce7cf00000)]
  0x000002b95f784000 JavaThread "File watcher consumer" daemon [_thread_blocked, id=12644, stack(0x000000ce7cf00000,0x000000ce7d000000)]
  0x000002b95f789000 JavaThread "Cache worker for checksums cache (C:\Users\jeffe\AndroidStudioProjects\FirstAidKit3\.gradle\7.3.2\checksums)" [_thread_blocked, id=10800, stack(0x000000ce7d000000,0x000000ce7d100000)]
  0x000002b95f78a000 JavaThread "Cache worker for cache directory md-supplier (C:\Users\jeffe\.gradle\caches\7.3.2\md-supplier)" [_thread_blocked, id=8332, stack(0x000000ce7d100000,0x000000ce7d200000)]
  0x000002b95f78d000 JavaThread "Cache worker for cache directory md-rule (C:\Users\jeffe\.gradle\caches\7.3.2\md-rule)" [_thread_blocked, id=11896, stack(0x000000ce7d300000,0x000000ce7d400000)]
  0x000002b95f787800 JavaThread "Cache worker for execution history cache (C:\Users\jeffe\.gradle\caches\7.3.2\executionHistory)" [_thread_blocked, id=11004, stack(0x000000ce7d400000,0x000000ce7d500000)]
  0x000002b95f78b000 JavaThread "jar transforms" [_thread_blocked, id=5092, stack(0x000000ce7d500000,0x000000ce7d600000)]
  0x000002b95f78b800 JavaThread "jar transforms Thread 2" [_thread_blocked, id=6536, stack(0x000000ce7d600000,0x000000ce7d700000)]
  0x000002b95f78c800 JavaThread "Cache worker for file content cache (C:\Users\jeffe\.gradle\caches\7.3.2\fileContent)" [_thread_blocked, id=9176, stack(0x000000ce7d700000,0x000000ce7d800000)]
  0x000002b95f788800 JavaThread "Cache worker for dependencies-accessors (C:\Users\jeffe\AndroidStudioProjects\FirstAidKit3\.gradle\7.3.2\dependencies-accessors)" [_thread_blocked, id=7952, stack(0x000000ce7d800000,0x000000ce7d900000)]
  0x000002b95f78f000 JavaThread "jar transforms Thread 3" [_thread_blocked, id=4984, stack(0x000000ce7d900000,0x000000ce7da00000)]
  0x000002b96299f800 JavaThread "Cache worker for Build Output Cleanup Cache (C:\Users\jeffe\AndroidStudioProjects\FirstAidKit3\.gradle\buildOutputCleanup)" [_thread_blocked, id=11708, stack(0x000000ce7da00000,0x000000ce7db00000)]
  0x000002b96299d800 JavaThread "Unconstrained build operations" [_thread_blocked, id=11664, stack(0x000000ce7cd00000,0x000000ce7ce00000)]
  0x000002b9629a1000 JavaThread "Unconstrained build operations Thread 2" [_thread_blocked, id=10824, stack(0x000000ce7db00000,0x000000ce7dc00000)]
  0x000002b9629a1800 JavaThread "Unconstrained build operations Thread 3" [_thread_blocked, id=2572, stack(0x000000ce7dc00000,0x000000ce7dd00000)]
  0x000002b9629a2800 JavaThread "Unconstrained build operations Thread 4" [_thread_blocked, id=4492, stack(0x000000ce7dd00000,0x000000ce7de00000)]
  0x000002b9629a3800 JavaThread "Unconstrained build operations Thread 5" [_thread_blocked, id=11704, stack(0x000000ce7de00000,0x000000ce7df00000)]
  0x000002b9629a4000 JavaThread "Unconstrained build operations Thread 6" [_thread_blocked, id=11768, stack(0x000000ce7df00000,0x000000ce7e000000)]
  0x000002b96299e800 JavaThread "Unconstrained build operations Thread 7" [_thread_blocked, id=11872, stack(0x000000ce7e000000,0x000000ce7e100000)]
  0x000002b9629a5000 JavaThread "Unconstrained build operations Thread 8" [_thread_blocked, id=7292, stack(0x000000ce7e100000,0x000000ce7e200000)]
  0x000002b9629a6000 JavaThread "Unconstrained build operations Thread 9" [_thread_blocked, id=11620, stack(0x000000ce7e200000,0x000000ce7e300000)]
  0x000002b9629a0000 JavaThread "Unconstrained build operations Thread 10" [_thread_blocked, id=9012, stack(0x000000ce7e300000,0x000000ce7e400000)]
  0x000002b9629ab800 JavaThread "Unconstrained build operations Thread 11" [_thread_blocked, id=12076, stack(0x000000ce7e400000,0x000000ce7e500000)]
  0x000002b9629a8800 JavaThread "Unconstrained build operations Thread 12" [_thread_blocked, id=12732, stack(0x000000ce7e500000,0x000000ce7e600000)]
  0x000002b9629aa800 JavaThread "Unconstrained build operations Thread 13" [_thread_blocked, id=9064, stack(0x000000ce7e600000,0x000000ce7e700000)]
  0x000002b9629ac800 JavaThread "Unconstrained build operations Thread 14" [_thread_blocked, id=12812, stack(0x000000ce7e700000,0x000000ce7e800000)]
  0x000002b9629a6800 JavaThread "Unconstrained build operations Thread 15" [_thread_blocked, id=8144, stack(0x000000ce7e800000,0x000000ce7e900000)]
  0x000002b9629aa000 JavaThread "Unconstrained build operations Thread 16" [_thread_blocked, id=10920, stack(0x000000ce7e900000,0x000000ce7ea00000)]
  0x000002b9629a7800 JavaThread "Unconstrained build operations Thread 17" [_thread_blocked, id=5080, stack(0x000000ce7ea00000,0x000000ce7eb00000)]
  0x000002b9629a9000 JavaThread "Unconstrained build operations Thread 18" [_thread_blocked, id=13132, stack(0x000000ce7eb00000,0x000000ce7ec00000)]
  0x000002b95e14b000 JavaThread "Unconstrained build operations Thread 19" [_thread_blocked, id=4700, stack(0x000000ce7ec00000,0x000000ce7ed00000)]
  0x000002b95e14b800 JavaThread "Unconstrained build operations Thread 20" [_thread_blocked, id=2380, stack(0x000000ce7ed00000,0x000000ce7ee00000)]
  0x000002b95e14e000 JavaThread "Unconstrained build operations Thread 21" [_thread_blocked, id=9868, stack(0x000000ce7ee00000,0x000000ce7ef00000)]
  0x000002b95e14d800 JavaThread "Unconstrained build operations Thread 22" [_thread_blocked, id=8872, stack(0x000000ce7ef00000,0x000000ce7f000000)]
  0x000002b95e14f000 JavaThread "Unconstrained build operations Thread 23" [_thread_blocked, id=11348, stack(0x000000ce7f000000,0x000000ce7f100000)]
  0x000002b95e14a000 JavaThread "Unconstrained build operations Thread 24" [_thread_blocked, id=11692, stack(0x000000ce7f100000,0x000000ce7f200000)]
  0x000002b95e149000 JavaThread "Unconstrained build operations Thread 25" [_thread_blocked, id=10288, stack(0x000000ce7f200000,0x000000ce7f300000)]
  0x000002b95e14f800 JavaThread "Unconstrained build operations Thread 26" [_thread_blocked, id=4920, stack(0x000000ce7f300000,0x000000ce7f400000)]
  0x000002b95e150800 JavaThread "Unconstrained build operations Thread 27" [_thread_blocked, id=11380, stack(0x000000ce7f400000,0x000000ce7f500000)]
  0x000002b95e152000 JavaThread "Unconstrained build operations Thread 28" [_thread_blocked, id=11560, stack(0x000000ce7f500000,0x000000ce7f600000)]
  0x000002b95e151800 JavaThread "Unconstrained build operations Thread 29" [_thread_blocked, id=12160, stack(0x000000ce7f600000,0x000000ce7f700000)]
  0x000002b95e14c800 JavaThread "Unconstrained build operations Thread 30" [_thread_blocked, id=11408, stack(0x000000ce7f700000,0x000000ce7f800000)]
  0x000002b95e155800 JavaThread "Unconstrained build operations Thread 31" [_thread_blocked, id=5084, stack(0x000000ce7f800000,0x000000ce7f900000)]
  0x000002b95e154000 JavaThread "Unconstrained build operations Thread 32" [_thread_blocked, id=12536, stack(0x000000ce7f900000,0x000000ce7fa00000)]
  0x000002b95e154800 JavaThread "Unconstrained build operations Thread 33" [_thread_blocked, id=13096, stack(0x000000ce7fa00000,0x000000ce7fb00000)]
  0x000002b95e156800 JavaThread "Unconstrained build operations Thread 34" [_thread_blocked, id=6984, stack(0x000000ce7fb00000,0x000000ce7fc00000)]
  0x000002b95e157000 JavaThread "Unconstrained build operations Thread 35" [_thread_blocked, id=10872, stack(0x000000ce7fc00000,0x000000ce7fd00000)]
  0x000002b95e158000 JavaThread "Unconstrained build operations Thread 36" [_thread_blocked, id=12888, stack(0x000000ce7fd00000,0x000000ce7fe00000)]
  0x000002b95e153000 JavaThread "Unconstrained build operations Thread 37" [_thread_blocked, id=12448, stack(0x000000ce7fe00000,0x000000ce7ff00000)]
  0x000002b95e48e000 JavaThread "Unconstrained build operations Thread 38" [_thread_blocked, id=4972, stack(0x000000ce7ff00000,0x000000ce80000000)]
  0x000002b95e48b800 JavaThread "Unconstrained build operations Thread 39" [_thread_blocked, id=11520, stack(0x000000ce00000000,0x000000ce00100000)]
  0x000002b95e490800 JavaThread "Unconstrained build operations Thread 40" [_thread_blocked, id=5124, stack(0x000000ce00100000,0x000000ce00200000)]
  0x000002b95e491000 JavaThread "Unconstrained build operations Thread 41" [_thread_blocked, id=6384, stack(0x000000ce00200000,0x000000ce00300000)]
  0x000002b95e48d000 JavaThread "Unconstrained build operations Thread 42" [_thread_blocked, id=11960, stack(0x000000ce00300000,0x000000ce00400000)]
  0x000002b95e48e800 JavaThread "Unconstrained build operations Thread 43" [_thread_blocked, id=12632, stack(0x000000ce00400000,0x000000ce00500000)]
  0x000002b95e48f800 JavaThread "Unconstrained build operations Thread 44" [_thread_blocked, id=11256, stack(0x000000ce00500000,0x000000ce00600000)]
  0x000002b95e492000 JavaThread "Unconstrained build operations Thread 45" [_thread_blocked, id=12440, stack(0x000000ce00600000,0x000000ce00700000)]
  0x000002b95e48c000 JavaThread "Unconstrained build operations Thread 46" [_thread_blocked, id=12412, stack(0x000000ce00700000,0x000000ce00800000)]
  0x000002b95e497800 JavaThread "Unconstrained build operations Thread 47" [_thread_blocked, id=1956, stack(0x000000ce00800000,0x000000ce00900000)]
  0x000002b95e498800 JavaThread "Unconstrained build operations Thread 48" [_thread_blocked, id=12840, stack(0x000000ce00900000,0x000000ce00a00000)]
  0x000002b95e493000 JavaThread "Unconstrained build operations Thread 49" [_thread_blocked, id=10672, stack(0x000000ce00a00000,0x000000ce00b00000)]
  0x000002b95e496000 JavaThread "Unconstrained build operations Thread 50" [_thread_blocked, id=11540, stack(0x000000ce00b00000,0x000000ce00c00000)]
  0x000002b95e494800 JavaThread "Unconstrained build operations Thread 51" [_thread_blocked, id=12608, stack(0x000000ce00c00000,0x000000ce00d00000)]
  0x000002b95e499800 JavaThread "Unconstrained build operations Thread 52" [_thread_blocked, id=8712, stack(0x000000ce00d00000,0x000000ce00e00000)]
  0x000002b95e493800 JavaThread "Unconstrained build operations Thread 53" [_thread_blocked, id=6448, stack(0x000000ce00e00000,0x000000ce00f00000)]
  0x000002b95e497000 JavaThread "Unconstrained build operations Thread 54" [_thread_blocked, id=9388, stack(0x000000ce00f00000,0x000000ce01000000)]
  0x000002b95e495000 JavaThread "Unconstrained build operations Thread 55" [_thread_blocked, id=7140, stack(0x000000ce01000000,0x000000ce01100000)]
  0x000002b95e49a000 JavaThread "Unconstrained build operations Thread 56" [_thread_blocked, id=11436, stack(0x000000ce01100000,0x000000ce01200000)]
  0x000002b95eb6e800 JavaThread "Unconstrained build operations Thread 57" [_thread_blocked, id=7548, stack(0x000000ce01200000,0x000000ce01300000)]
  0x000002b95eb72000 JavaThread "Unconstrained build operations Thread 58" [_thread_blocked, id=12912, stack(0x000000ce01300000,0x000000ce01400000)]
  0x000002b95eb71000 JavaThread "Unconstrained build operations Thread 59" [_thread_blocked, id=10368, stack(0x000000ce01400000,0x000000ce01500000)]
  0x000002b95eb6f800 JavaThread "Unconstrained build operations Thread 60" [_thread_blocked, id=1760, stack(0x000000ce01500000,0x000000ce01600000)]
  0x000002b95eb6d000 JavaThread "Unconstrained build operations Thread 61" [_thread_blocked, id=6328, stack(0x000000ce01600000,0x000000ce01700000)]
  0x000002b95eb72800 JavaThread "Unconstrained build operations Thread 62" [_thread_blocked, id=8904, stack(0x000000ce01700000,0x000000ce01800000)]
  0x000002b95eb73800 JavaThread "Unconstrained build operations Thread 63" [_thread_blocked, id=11788, stack(0x000000ce01800000,0x000000ce01900000)]
  0x000002b95eb6d800 JavaThread "Unconstrained build operations Thread 64" [_thread_blocked, id=6944, stack(0x000000ce01900000,0x000000ce01a00000)]
  0x000002b95eb76000 JavaThread "Unconstrained build operations Thread 65" [_thread_blocked, id=11864, stack(0x000000ce01a00000,0x000000ce01b00000)]
  0x000002b95eb74000 JavaThread "Unconstrained build operations Thread 66" [_thread_blocked, id=7416, stack(0x000000ce01b00000,0x000000ce01c00000)]
  0x000002b95eb75000 JavaThread "Unconstrained build operations Thread 67" [_thread_blocked, id=5696, stack(0x000000ce01c00000,0x000000ce01d00000)]
  0x000002b95eb70000 JavaThread "Unconstrained build operations Thread 68" [_thread_blocked, id=2036, stack(0x000000ce01d00000,0x000000ce01e00000)]
  0x000002b95eb7b800 JavaThread "Unconstrained build operations Thread 69" [_thread_blocked, id=8232, stack(0x000000ce01e00000,0x000000ce01f00000)]
  0x000002b95eb76800 JavaThread "Unconstrained build operations Thread 70" [_thread_blocked, id=11548, stack(0x000000ce01f00000,0x000000ce02000000)]
  0x000002b95eb78800 JavaThread "Unconstrained build operations Thread 71" [_thread_blocked, id=11068, stack(0x000000ce02000000,0x000000ce02100000)]
  0x000002b95eb7b000 JavaThread "Unconstrained build operations Thread 72" [_thread_blocked, id=12172, stack(0x000000ce02100000,0x000000ce02200000)]
  0x000002b95eb7a000 JavaThread "Unconstrained build operations Thread 73" [_thread_blocked, id=11880, stack(0x000000ce02200000,0x000000ce02300000)]
  0x000002b96471d000 JavaThread "C2 CompilerThread2" daemon [_thread_in_native, id=5840, stack(0x000000ce02300000,0x000000ce02400000)]
  0x000002b95eb77800 JavaThread "Unconstrained build operations Thread 74" [_thread_blocked, id=3696, stack(0x000000ce02400000,0x000000ce02500000)]
  0x000002b95eb79000 JavaThread "Unconstrained build operations Thread 75" [_thread_blocked, id=7728, stack(0x000000ce02500000,0x000000ce02600000)]
  0x000002b966b39000 JavaThread "Unconstrained build operations Thread 76" [_thread_blocked, id=12216, stack(0x000000ce02600000,0x000000ce02700000)]
  0x000002b966b38000 JavaThread "Unconstrained build operations Thread 77" [_thread_blocked, id=13216, stack(0x000000ce02700000,0x000000ce02800000)]
  0x000002b966b3a000 JavaThread "Unconstrained build operations Thread 78" [_thread_blocked, id=7280, stack(0x000000ce02800000,0x000000ce02900000)]
  0x000002b966b34000 JavaThread "Unconstrained build operations Thread 79" [_thread_blocked, id=12264, stack(0x000000ce02900000,0x000000ce02a00000)]
  0x000002b966b36800 JavaThread "Unconstrained build operations Thread 80" [_thread_blocked, id=3684, stack(0x000000ce02a00000,0x000000ce02b00000)]
  0x000002b966b3a800 JavaThread "jar transforms Thread 4" [_thread_blocked, id=3048, stack(0x000000ce02b00000,0x000000ce02c00000)]
  0x000002b966b35000 JavaThread "jar transforms Thread 5" [_thread_blocked, id=5072, stack(0x000000ce02c00000,0x000000ce02d00000)]
  0x000002b966b3b800 JavaThread "jar transforms Thread 6" [_thread_blocked, id=4352, stack(0x000000ce02d00000,0x000000ce02e00000)]
  0x000002b966b35800 JavaThread "jar transforms Thread 7" [_thread_blocked, id=13092, stack(0x000000ce02e00000,0x000000ce02f00000)]
  0x000002b966b3c000 JavaThread "jar transforms Thread 8" [_thread_blocked, id=11132, stack(0x000000ce02f00000,0x000000ce03000000)]
  0x000002b966b3d000 JavaThread "Memory manager" [_thread_blocked, id=11416, stack(0x000000ce03000000,0x000000ce03100000)]
  0x000002b966b37800 JavaThread "build event listener" [_thread_blocked, id=3796, stack(0x000000ce03100000,0x000000ce03200000)]
  0x000002b966b42000 JavaThread "Execution worker for ':'" [_thread_blocked, id=12872, stack(0x000000ce03200000,0x000000ce03300000)]
  0x000002b966b42800 JavaThread "Execution worker for ':' Thread 2" [_thread_in_Java, id=9656, stack(0x000000ce03300000,0x000000ce03400000)]
  0x000002b966b3e000 JavaThread "Execution worker for ':' Thread 3" [_thread_blocked, id=11640, stack(0x000000ce03400000,0x000000ce03500000)]
  0x000002b966b3e800 JavaThread "Execution worker for ':' Thread 4" [_thread_blocked, id=12036, stack(0x000000ce03500000,0x000000ce03600000)]
  0x000002b966b3f800 JavaThread "Execution worker for ':' Thread 5" [_thread_blocked, id=5264, stack(0x000000ce03600000,0x000000ce03700000)]
  0x000002b966b40800 JavaThread "Execution worker for ':' Thread 6" [_thread_blocked, id=9688, stack(0x000000ce03700000,0x000000ce03800000)]
  0x000002b966b41000 JavaThread "Execution worker for ':' Thread 7" [_thread_blocked, id=11828, stack(0x000000ce03800000,0x000000ce03900000)]
  0x000002b96725d800 JavaThread "Cache worker for execution history cache (C:\Users\jeffe\AndroidStudioProjects\FirstAidKit3\.gradle\7.3.2\executionHistory)" [_thread_blocked, id=12544, stack(0x000000ce03900000,0x000000ce03a00000)]

Other Threads:
  0x000002b95d111800 VMThread "VM Thread" [stack: 0x000000ce7ac00000,0x000000ce7ad00000] [id=12108]
  0x000002b95db09800 WatcherThread [stack: 0x000000ce7b600000,0x000000ce7b700000] [id=5432]
  0x000002b93e120800 GCTaskThread "GC Thread#0" [stack: 0x000000ce7a700000,0x000000ce7a800000] [id=3224]
  0x000002b95e3f0800 GCTaskThread "GC Thread#1" [stack: 0x000000ce7b900000,0x000000ce7ba00000] [id=11936]
  0x000002b95e18b000 GCTaskThread "GC Thread#2" [stack: 0x000000ce7ba00000,0x000000ce7bb00000] [id=11188]
  0x000002b95e058000 GCTaskThread "GC Thread#3" [stack: 0x000000ce7bb00000,0x000000ce7bc00000] [id=10044]
  0x000002b95e89e800 GCTaskThread "GC Thread#4" [stack: 0x000000ce7bc00000,0x000000ce7bd00000] [id=6252]
  0x000002b962825000 GCTaskThread "GC Thread#5" [stack: 0x000000ce7c900000,0x000000ce7ca00000] [id=10560]
  0x000002b95fa52800 GCTaskThread "GC Thread#6" [stack: 0x000000ce7ca00000,0x000000ce7cb00000] [id=6468]
  0x000002b95fec5000 GCTaskThread "GC Thread#7" [stack: 0x000000ce7cb00000,0x000000ce7cc00000] [id=12388]
  0x000002b93e134000 ConcurrentGCThread "G1 Main Marker" [stack: 0x000000ce7a800000,0x000000ce7a900000] [id=3548]
  0x000002b93e138800 ConcurrentGCThread "G1 Conc#0" [stack: 0x000000ce7a900000,0x000000ce7aa00000] [id=9696]
  0x000002b96495f800 ConcurrentGCThread "G1 Conc#1" [stack: 0x000000ce7d200000,0x000000ce7d300000] [id=5860]
  0x000002b95d003800 ConcurrentGCThread "G1 Refine#0" [stack: 0x000000ce7aa00000,0x000000ce7ab00000] [id=7236]
  0x000002b95d004800 ConcurrentGCThread "G1 Young RemSet Sampling" [stack: 0x000000ce7ab00000,0x000000ce7ac00000] [id=5756]

Threads with active compile tasks:
C2 CompilerThread0    11780 8978       4       org.gradle.cache.internal.btree.BTreePersistentIndexedCache$IndexBlock::find (140 bytes)
C1 CompilerThread0    11780 10061       3       org.gradle.api.internal.artifacts.transform.TransformationStep::createInvocation (92 bytes)
C2 CompilerThread1    11780 9843       4       org.gradle.internal.snapshot.impl.DefaultValueSnapshotter::processValue (675 bytes)
C2 CompilerThread2    11780 10032       4       org.gradle.internal.operations.DefaultBuildOperationListenerManager$ProgressShieldingBuildOperationListener::started (29 bytes)

VM state:not at safepoint (normal execution)

VM Mutex/Monitor currently owned by a thread: None

Heap address: 0x0000000080000000, size: 2048 MB, Compressed Oops mode: 32-bit
Narrow klass base: 0x0000000800000000, Narrow klass shift: 3
Compressed class space size: 1073741824 Address: 0x0000000800b40000

Heap:
 garbage-first heap   total 150528K, used 112121K [0x0000000080000000, 0x0000000100000000)
  region size 1024K, 45 young (46080K), 6 survivors (6144K)
 Metaspace       used 73125K, capacity 75333K, committed 75468K, reserved 1114112K
  class space    used 9911K, capacity 10703K, committed 10752K, reserved 1048576K
Heap Regions: E=young(eden), S=young(survivor), O=old, HS=humongous(starts), HC=humongous(continues), CS=collection set, F=free, A=archive, TAMS=top-at-mark-start (previous, next)
|   0|0x0000000080000000, 0x0000000080100000, 0x0000000080100000|100%| O|  |TAMS 0x0000000080100000, 0x0000000080000000| Untracked 
|   1|0x0000000080100000, 0x0000000080200000, 0x0000000080200000|100%| O|  |TAMS 0x0000000080200000, 0x0000000080100000| Untracked 
|   2|0x0000000080200000, 0x0000000080300000, 0x0000000080300000|100%| O|  |TAMS 0x0000000080300000, 0x0000000080200000| Untracked 
|   3|0x0000000080300000, 0x0000000080400000, 0x0000000080400000|100%|HS|  |TAMS 0x0000000080400000, 0x0000000080300000| Complete 
|   4|0x0000000080400000, 0x0000000080500000, 0x0000000080500000|100%|HC|  |TAMS 0x0000000080500000, 0x0000000080400000| Complete 
|   5|0x0000000080500000, 0x0000000080600000, 0x0000000080600000|100%|HC|  |TAMS 0x0000000080600000, 0x0000000080500000| Complete 
|   6|0x0000000080600000, 0x0000000080700000, 0x0000000080700000|100%| O|  |TAMS 0x0000000080700000, 0x0000000080600000| Untracked 
|   7|0x0000000080700000, 0x0000000080800000, 0x0000000080800000|100%| O|  |TAMS 0x0000000080800000, 0x0000000080700000| Untracked 
|   8|0x0000000080800000, 0x0000000080900000, 0x0000000080900000|100%| O|  |TAMS 0x0000000080900000, 0x0000000080800000| Untracked 
|   9|0x0000000080900000, 0x0000000080a00000, 0x0000000080a00000|100%| O|  |TAMS 0x0000000080a00000, 0x0000000080900000| Untracked 
|  10|0x0000000080a00000, 0x0000000080b00000, 0x0000000080b00000|100%| O|  |TAMS 0x0000000080b00000, 0x0000000080a00000| Untracked 
|  11|0x0000000080b00000, 0x0000000080c00000, 0x0000000080c00000|100%| O|  |TAMS 0x0000000080c00000, 0x0000000080b00000| Untracked 
|  12|0x0000000080c00000, 0x0000000080d00000, 0x0000000080d00000|100%| O|  |TAMS 0x0000000080d00000, 0x0000000080c00000| Untracked 
|  13|0x0000000080d00000, 0x0000000080e00000, 0x0000000080e00000|100%| O|  |TAMS 0x0000000080e00000, 0x0000000080d00000| Untracked 
|  14|0x0000000080e00000, 0x0000000080f00000, 0x0000000080f00000|100%| O|  |TAMS 0x0000000080f00000, 0x0000000080e00000| Untracked 
|  15|0x0000000080f00000, 0x0000000081000000, 0x0000000081000000|100%| O|  |TAMS 0x0000000081000000, 0x0000000080f00000| Untracked 
|  16|0x0000000081000000, 0x00000000810e0c00, 0x0000000081100000| 87%| O|  |TAMS 0x00000000810e0c00, 0x0000000081000000| Untracked 
|  17|0x0000000081100000, 0x0000000081200000, 0x0000000081200000|100%| O|  |TAMS 0x0000000081200000, 0x0000000081100000| Untracked 
|  18|0x0000000081200000, 0x0000000081300000, 0x0000000081300000|100%| O|  |TAMS 0x0000000081300000, 0x0000000081200000| Untracked 
|  19|0x0000000081300000, 0x0000000081400000, 0x0000000081400000|100%| O|  |TAMS 0x0000000081400000, 0x0000000081300000| Untracked 
|  20|0x0000000081400000, 0x0000000081500000, 0x0000000081500000|100%| O|  |TAMS 0x0000000081500000, 0x0000000081400000| Untracked 
|  21|0x0000000081500000, 0x0000000081600000, 0x0000000081600000|100%| O|  |TAMS 0x0000000081600000, 0x0000000081500000| Untracked 
|  22|0x0000000081600000, 0x0000000081700000, 0x0000000081700000|100%| O|  |TAMS 0x0000000081700000, 0x0000000081600000| Untracked 
|  23|0x0000000081700000, 0x0000000081800000, 0x0000000081800000|100%| O|  |TAMS 0x0000000081800000, 0x0000000081700000| Untracked 
|  24|0x0000000081800000, 0x0000000081900000, 0x0000000081900000|100%| O|  |TAMS 0x0000000081900000, 0x0000000081800000| Untracked 
|  25|0x0000000081900000, 0x0000000081a00000, 0x0000000081a00000|100%| O|  |TAMS 0x0000000081a00000, 0x0000000081900000| Untracked 
|  26|0x0000000081a00000, 0x0000000081b00000, 0x0000000081b00000|100%| O|  |TAMS 0x0000000081b00000, 0x0000000081a00000| Untracked 
|  27|0x0000000081b00000, 0x0000000081c00000, 0x0000000081c00000|100%| O|  |TAMS 0x0000000081c00000, 0x0000000081b00000| Untracked 
|  28|0x0000000081c00000, 0x0000000081d00000, 0x0000000081d00000|100%| O|  |TAMS 0x0000000081d00000, 0x0000000081c00000| Untracked 
|  29|0x0000000081d00000, 0x0000000081e00000, 0x0000000081e00000|100%|HS|  |TAMS 0x0000000081e00000, 0x0000000081d00000| Complete 
|  30|0x0000000081e00000, 0x0000000081f00000, 0x0000000081f00000|100%|HS|  |TAMS 0x0000000081f00000, 0x0000000081e00000| Complete 
|  31|0x0000000081f00000, 0x0000000082000000, 0x0000000082000000|100%| O|  |TAMS 0x0000000082000000, 0x0000000081f00000| Untracked 
|  32|0x0000000082000000, 0x0000000082100000, 0x0000000082100000|100%| O|  |TAMS 0x0000000082100000, 0x0000000082000000| Untracked 
|  33|0x0000000082100000, 0x0000000082200000, 0x0000000082200000|100%| O|  |TAMS 0x0000000082200000, 0x0000000082100000| Untracked 
|  34|0x0000000082200000, 0x0000000082300000, 0x0000000082300000|100%|HS|  |TAMS 0x0000000082300000, 0x0000000082200000| Complete 
|  35|0x0000000082300000, 0x0000000082400000, 0x0000000082400000|100%|HC|  |TAMS 0x0000000082400000, 0x0000000082300000| Complete 
|  36|0x0000000082400000, 0x0000000082500000, 0x0000000082500000|100%| O|  |TAMS 0x0000000082500000, 0x0000000082400000| Untracked 
|  37|0x0000000082500000, 0x0000000082600000, 0x0000000082600000|100%| O|  |TAMS 0x0000000082600000, 0x0000000082500000| Untracked 
|  38|0x0000000082600000, 0x0000000082700000, 0x0000000082700000|100%| O|  |TAMS 0x0000000082700000, 0x0000000082600000| Untracked 
|  39|0x0000000082700000, 0x0000000082800000, 0x0000000082800000|100%| O|  |TAMS 0x0000000082800000, 0x0000000082700000| Untracked 
|  40|0x0000000082800000, 0x0000000082900000, 0x0000000082900000|100%| O|  |TAMS 0x0000000082900000, 0x0000000082800000| Untracked 
|  41|0x0000000082900000, 0x0000000082a00000, 0x0000000082a00000|100%| O|  |TAMS 0x0000000082a00000, 0x0000000082900000| Untracked 
|  42|0x0000000082a00000, 0x0000000082b00000, 0x0000000082b00000|100%| O|  |TAMS 0x0000000082b00000, 0x0000000082a00000| Untracked 
|  43|0x0000000082b00000, 0x0000000082c00000, 0x0000000082c00000|100%| O|  |TAMS 0x0000000082c00000, 0x0000000082b00000| Untracked 
|  44|0x0000000082c00000, 0x0000000082d00000, 0x0000000082d00000|100%| O|  |TAMS 0x0000000082d00000, 0x0000000082c00000| Untracked 
|  45|0x0000000082d00000, 0x0000000082e00000, 0x0000000082e00000|100%| O|  |TAMS 0x0000000082e00000, 0x0000000082d00000| Untracked 
|  46|0x0000000082e00000, 0x0000000082f00000, 0x0000000082f00000|100%| O|  |TAMS 0x0000000082f00000, 0x0000000082e00000| Untracked 
|  47|0x0000000082f00000, 0x0000000083000000, 0x0000000083000000|100%| O|  |TAMS 0x0000000083000000, 0x0000000082f00000| Untracked 
|  48|0x0000000083000000, 0x0000000083100000, 0x0000000083100000|100%| O|  |TAMS 0x0000000083100000, 0x0000000083000000| Untracked 
|  49|0x0000000083100000, 0x0000000083200000, 0x0000000083200000|100%| O|  |TAMS 0x0000000083200000, 0x0000000083100000| Untracked 
|  50|0x0000000083200000, 0x0000000083300000, 0x0000000083300000|100%| O|  |TAMS 0x0000000083300000, 0x0000000083200000| Untracked 
|  51|0x0000000083300000, 0x0000000083400000, 0x0000000083400000|100%| O|  |TAMS 0x0000000083400000, 0x0000000083300000| Untracked 
|  52|0x0000000083400000, 0x0000000083500000, 0x0000000083500000|100%| O|  |TAMS 0x0000000083500000, 0x0000000083400000| Untracked 
|  53|0x0000000083500000, 0x0000000083600000, 0x0000000083600000|100%| O|  |TAMS 0x0000000083600000, 0x0000000083500000| Untracked 
|  54|0x0000000083600000, 0x0000000083700000, 0x0000000083700000|100%| O|  |TAMS 0x000000008366b800, 0x0000000083600000| Untracked 
|  55|0x0000000083700000, 0x0000000083800000, 0x0000000083800000|100%| O|  |TAMS 0x0000000083700000, 0x0000000083700000| Untracked 
|  56|0x0000000083800000, 0x0000000083900000, 0x0000000083900000|100%| O|  |TAMS 0x0000000083800000, 0x0000000083800000| Untracked 
|  57|0x0000000083900000, 0x0000000083a00000, 0x0000000083a00000|100%| O|  |TAMS 0x0000000083900000, 0x0000000083900000| Untracked 
|  58|0x0000000083a00000, 0x0000000083b00000, 0x0000000083b00000|100%| O|  |TAMS 0x0000000083a00000, 0x0000000083a00000| Untracked 
|  59|0x0000000083b00000, 0x0000000083c00000, 0x0000000083c00000|100%| O|  |TAMS 0x0000000083b00000, 0x0000000083b00000| Untracked 
|  60|0x0000000083c00000, 0x0000000083d00000, 0x0000000083d00000|100%| O|  |TAMS 0x0000000083c00000, 0x0000000083c00000| Untracked 
|  61|0x0000000083d00000, 0x0000000083e00000, 0x0000000083e00000|100%| O|  |TAMS 0x0000000083d00000, 0x0000000083d00000| Untracked 
|  62|0x0000000083e00000, 0x0000000083f00000, 0x0000000083f00000|100%| O|  |TAMS 0x0000000083e00000, 0x0000000083e00000| Untracked 
|  63|0x0000000083f00000, 0x0000000084000000, 0x0000000084000000|100%| O|  |TAMS 0x0000000083f00000, 0x0000000083f00000| Untracked 
|  64|0x0000000084000000, 0x0000000084100000, 0x0000000084100000|100%| O|  |TAMS 0x0000000084000000, 0x0000000084000000| Untracked 
|  65|0x0000000084100000, 0x0000000084200000, 0x0000000084200000|100%| O|  |TAMS 0x0000000084100000, 0x0000000084100000| Untracked 
|  66|0x0000000084200000, 0x00000000842b4800, 0x0000000084300000| 70%| O|  |TAMS 0x0000000084200000, 0x0000000084200000| Untracked 
|  67|0x0000000084300000, 0x0000000084300000, 0x0000000084400000|  0%| F|  |TAMS 0x0000000084300000, 0x0000000084300000| Untracked 
|  68|0x0000000084400000, 0x0000000084400000, 0x0000000084500000|  0%| F|  |TAMS 0x0000000084400000, 0x0000000084400000| Untracked 
|  69|0x0000000084500000, 0x0000000084500000, 0x0000000084600000|  0%| F|  |TAMS 0x0000000084500000, 0x0000000084500000| Untracked 
|  70|0x0000000084600000, 0x0000000084600000, 0x0000000084700000|  0%| F|  |TAMS 0x0000000084600000, 0x0000000084600000| Untracked 
|  71|0x0000000084700000, 0x0000000084700000, 0x0000000084800000|  0%| F|  |TAMS 0x0000000084700000, 0x0000000084700000| Untracked 
|  72|0x0000000084800000, 0x0000000084800000, 0x0000000084900000|  0%| F|  |TAMS 0x0000000084800000, 0x0000000084800000| Untracked 
|  73|0x0000000084900000, 0x0000000084900000, 0x0000000084a00000|  0%| F|  |TAMS 0x0000000084900000, 0x0000000084900000| Untracked 
|  74|0x0000000084a00000, 0x0000000084a00000, 0x0000000084b00000|  0%| F|  |TAMS 0x0000000084a00000, 0x0000000084a00000| Untracked 
|  75|0x0000000084b00000, 0x0000000084b00000, 0x0000000084c00000|  0%| F|  |TAMS 0x0000000084b00000, 0x0000000084b00000| Untracked 
|  76|0x0000000084c00000, 0x0000000084c00000, 0x0000000084d00000|  0%| F|  |TAMS 0x0000000084c00000, 0x0000000084c00000| Untracked 
|  77|0x0000000084d00000, 0x0000000084d00000, 0x0000000084e00000|  0%| F|  |TAMS 0x0000000084d00000, 0x0000000084d00000| Untracked 
|  78|0x0000000084e00000, 0x0000000084e00000, 0x0000000084f00000|  0%| F|  |TAMS 0x0000000084e00000, 0x0000000084e00000| Untracked 
|  79|0x0000000084f00000, 0x0000000084f00000, 0x0000000085000000|  0%| F|  |TAMS 0x0000000084f00000, 0x0000000084f00000| Untracked 
|  80|0x0000000085000000, 0x0000000085000000, 0x0000000085100000|  0%| F|  |TAMS 0x0000000085000000, 0x0000000085000000| Untracked 
|  81|0x0000000085100000, 0x0000000085100000, 0x0000000085200000|  0%| F|  |TAMS 0x0000000085100000, 0x0000000085100000| Untracked 
|  82|0x0000000085200000, 0x0000000085200000, 0x0000000085300000|  0%| F|  |TAMS 0x0000000085200000, 0x0000000085200000| Untracked 
|  83|0x0000000085300000, 0x0000000085300000, 0x0000000085400000|  0%| F|  |TAMS 0x0000000085300000, 0x0000000085300000| Untracked 
|  84|0x0000000085400000, 0x0000000085400000, 0x0000000085500000|  0%| F|  |TAMS 0x0000000085400000, 0x0000000085400000| Untracked 
|  85|0x0000000085500000, 0x0000000085500000, 0x0000000085600000|  0%| F|  |TAMS 0x0000000085500000, 0x0000000085500000| Untracked 
|  86|0x0000000085600000, 0x0000000085600000, 0x0000000085700000|  0%| F|  |TAMS 0x0000000085600000, 0x0000000085600000| Untracked 
|  87|0x0000000085700000, 0x0000000085700000, 0x0000000085800000|  0%| F|  |TAMS 0x0000000085700000, 0x0000000085700000| Untracked 
|  88|0x0000000085800000, 0x0000000085800000, 0x0000000085900000|  0%| F|  |TAMS 0x0000000085800000, 0x0000000085800000| Untracked 
|  89|0x0000000085900000, 0x0000000085900000, 0x0000000085a00000|  0%| F|  |TAMS 0x0000000085900000, 0x0000000085900000| Untracked 
|  90|0x0000000085a00000, 0x0000000085a00000, 0x0000000085b00000|  0%| F|  |TAMS 0x0000000085a00000, 0x0000000085a00000| Untracked 
|  91|0x0000000085b00000, 0x0000000085b00000, 0x0000000085c00000|  0%| F|  |TAMS 0x0000000085b00000, 0x0000000085b00000| Untracked 
|  92|0x0000000085c00000, 0x0000000085c00000, 0x0000000085d00000|  0%| F|  |TAMS 0x0000000085c00000, 0x0000000085c00000| Untracked 
|  93|0x0000000085d00000, 0x0000000085d00000, 0x0000000085e00000|  0%| F|  |TAMS 0x0000000085d00000, 0x0000000085d00000| Untracked 
|  94|0x0000000085e00000, 0x0000000085e00000, 0x0000000085f00000|  0%| F|  |TAMS 0x0000000085e00000, 0x0000000085e00000| Untracked 
|  95|0x0000000085f00000, 0x0000000085f00000, 0x0000000086000000|  0%| F|  |TAMS 0x0000000085f00000, 0x0000000085f00000| Untracked 
|  96|0x0000000086000000, 0x0000000086000000, 0x0000000086100000|  0%| F|  |TAMS 0x0000000086000000, 0x0000000086000000| Untracked 
|  97|0x0000000086100000, 0x0000000086100000, 0x0000000086200000|  0%| F|  |TAMS 0x0000000086100000, 0x0000000086100000| Untracked 
|  98|0x0000000086200000, 0x00000000862e93a8, 0x0000000086300000| 91%| S|CS|TAMS 0x0000000086200000, 0x0000000086200000| Complete 
|  99|0x0000000086300000, 0x0000000086400000, 0x0000000086400000|100%| S|CS|TAMS 0x0000000086300000, 0x0000000086300000| Complete 
| 100|0x0000000086400000, 0x0000000086500000, 0x0000000086500000|100%| S|CS|TAMS 0x0000000086400000, 0x0000000086400000| Complete 
| 101|0x0000000086500000, 0x0000000086600000, 0x0000000086600000|100%| S|CS|TAMS 0x0000000086500000, 0x0000000086500000| Complete 
| 102|0x0000000086600000, 0x0000000086700000, 0x0000000086700000|100%| S|CS|TAMS 0x0000000086600000, 0x0000000086600000| Complete 
| 103|0x0000000086700000, 0x0000000086800000, 0x0000000086800000|100%| S|CS|TAMS 0x0000000086700000, 0x0000000086700000| Complete 
| 104|0x0000000086800000, 0x0000000086800000, 0x0000000086900000|  0%| F|  |TAMS 0x0000000086800000, 0x0000000086800000| Untracked 
| 105|0x0000000086900000, 0x0000000086900000, 0x0000000086a00000|  0%| F|  |TAMS 0x0000000086900000, 0x0000000086900000| Untracked 
| 106|0x0000000086a00000, 0x0000000086a00000, 0x0000000086b00000|  0%| F|  |TAMS 0x0000000086a00000, 0x0000000086a00000| Untracked 
| 107|0x0000000086b00000, 0x0000000086b52320, 0x0000000086c00000| 32%| E|  |TAMS 0x0000000086b00000, 0x0000000086b00000| Complete 
| 108|0x0000000086c00000, 0x0000000086d00000, 0x0000000086d00000|100%| E|CS|TAMS 0x0000000086c00000, 0x0000000086c00000| Complete 
| 109|0x0000000086d00000, 0x0000000086e00000, 0x0000000086e00000|100%| E|CS|TAMS 0x0000000086d00000, 0x0000000086d00000| Complete 
| 110|0x0000000086e00000, 0x0000000086f00000, 0x0000000086f00000|100%| E|CS|TAMS 0x0000000086e00000, 0x0000000086e00000| Complete 
| 111|0x0000000086f00000, 0x0000000087000000, 0x0000000087000000|100%| E|CS|TAMS 0x0000000086f00000, 0x0000000086f00000| Complete 
| 112|0x0000000087000000, 0x0000000087100000, 0x0000000087100000|100%| E|CS|TAMS 0x0000000087000000, 0x0000000087000000| Complete 
| 113|0x0000000087100000, 0x0000000087200000, 0x0000000087200000|100%| E|CS|TAMS 0x0000000087100000, 0x0000000087100000| Complete 
| 114|0x0000000087200000, 0x0000000087300000, 0x0000000087300000|100%| E|  |TAMS 0x0000000087200000, 0x0000000087200000| Complete 
| 115|0x0000000087300000, 0x0000000087400000, 0x0000000087400000|100%| E|CS|TAMS 0x0000000087300000, 0x0000000087300000| Complete 
| 116|0x0000000087400000, 0x0000000087500000, 0x0000000087500000|100%| E|CS|TAMS 0x0000000087400000, 0x0000000087400000| Complete 
| 117|0x0000000087500000, 0x0000000087600000, 0x0000000087600000|100%| E|CS|TAMS 0x0000000087500000, 0x0000000087500000| Complete 
| 118|0x0000000087600000, 0x0000000087700000, 0x0000000087700000|100%| E|CS|TAMS 0x0000000087600000, 0x0000000087600000| Complete 
| 119|0x0000000087700000, 0x0000000087800000, 0x0000000087800000|100%| E|CS|TAMS 0x0000000087700000, 0x0000000087700000| Complete 
| 120|0x0000000087800000, 0x0000000087900000, 0x0000000087900000|100%| E|CS|TAMS 0x0000000087800000, 0x0000000087800000| Complete 
| 121|0x0000000087900000, 0x0000000087a00000, 0x0000000087a00000|100%| E|CS|TAMS 0x0000000087900000, 0x0000000087900000| Complete 
| 122|0x0000000087a00000, 0x0000000087b00000, 0x0000000087b00000|100%| E|CS|TAMS 0x0000000087a00000, 0x0000000087a00000| Complete 
| 123|0x0000000087b00000, 0x0000000087c00000, 0x0000000087c00000|100%| E|CS|TAMS 0x0000000087b00000, 0x0000000087b00000| Complete 
| 124|0x0000000087c00000, 0x0000000087d00000, 0x0000000087d00000|100%| E|CS|TAMS 0x0000000087c00000, 0x0000000087c00000| Complete 
| 125|0x0000000087d00000, 0x0000000087e00000, 0x0000000087e00000|100%| E|CS|TAMS 0x0000000087d00000, 0x0000000087d00000| Complete 
| 126|0x0000000087e00000, 0x0000000087f00000, 0x0000000087f00000|100%| E|CS|TAMS 0x0000000087e00000, 0x0000000087e00000| Complete 
| 127|0x0000000087f00000, 0x0000000088000000, 0x0000000088000000|100%| E|CS|TAMS 0x0000000087f00000, 0x0000000087f00000| Complete 
| 128|0x0000000088000000, 0x0000000088100000, 0x0000000088100000|100%| E|CS|TAMS 0x0000000088000000, 0x0000000088000000| Complete 
| 129|0x0000000088100000, 0x0000000088200000, 0x0000000088200000|100%| E|CS|TAMS 0x0000000088100000, 0x0000000088100000| Complete 
| 130|0x0000000088200000, 0x0000000088300000, 0x0000000088300000|100%| E|CS|TAMS 0x0000000088200000, 0x0000000088200000| Complete 
| 131|0x0000000088300000, 0x0000000088400000, 0x0000000088400000|100%| E|CS|TAMS 0x0000000088300000, 0x0000000088300000| Complete 
| 132|0x0000000088400000, 0x0000000088500000, 0x0000000088500000|100%| E|CS|TAMS 0x0000000088400000, 0x0000000088400000| Complete 
| 133|0x0000000088500000, 0x0000000088600000, 0x0000000088600000|100%| E|CS|TAMS 0x0000000088500000, 0x0000000088500000| Complete 
| 134|0x0000000088600000, 0x0000000088700000, 0x0000000088700000|100%| E|CS|TAMS 0x0000000088600000, 0x0000000088600000| Complete 
| 135|0x0000000088700000, 0x0000000088800000, 0x0000000088800000|100%| E|CS|TAMS 0x0000000088700000, 0x0000000088700000| Complete 
| 136|0x0000000088800000, 0x0000000088900000, 0x0000000088900000|100%| E|CS|TAMS 0x0000000088800000, 0x0000000088800000| Complete 
| 137|0x0000000088900000, 0x0000000088a00000, 0x0000000088a00000|100%| E|CS|TAMS 0x0000000088900000, 0x0000000088900000| Complete 
| 138|0x0000000088a00000, 0x0000000088b00000, 0x0000000088b00000|100%| E|CS|TAMS 0x0000000088a00000, 0x0000000088a00000| Complete 
| 139|0x0000000088b00000, 0x0000000088c00000, 0x0000000088c00000|100%| E|CS|TAMS 0x0000000088b00000, 0x0000000088b00000| Complete 
| 140|0x0000000088c00000, 0x0000000088d00000, 0x0000000088d00000|100%| E|CS|TAMS 0x0000000088c00000, 0x0000000088c00000| Complete 
| 141|0x0000000088d00000, 0x0000000088e00000, 0x0000000088e00000|100%| E|CS|TAMS 0x0000000088d00000, 0x0000000088d00000| Complete 
| 142|0x0000000088e00000, 0x0000000088f00000, 0x0000000088f00000|100%| E|CS|TAMS 0x0000000088e00000, 0x0000000088e00000| Complete 
| 170|0x000000008aa00000, 0x000000008ab00000, 0x000000008ab00000|100%| E|CS|TAMS 0x000000008aa00000, 0x000000008aa00000| Complete 
| 171|0x000000008ab00000, 0x000000008ac00000, 0x000000008ac00000|100%| E|CS|TAMS 0x000000008ab00000, 0x000000008ab00000| Complete 
| 172|0x000000008ac00000, 0x000000008ad00000, 0x000000008ad00000|100%| E|CS|TAMS 0x000000008ac00000, 0x000000008ac00000| Complete 
| 223|0x000000008df00000, 0x000000008e000000, 0x000000008e000000|100%| E|CS|TAMS 0x000000008df00000, 0x000000008df00000| Complete 

Card table byte_map: [0x000002b955e40000,0x000002b956240000] _byte_map_base: 0x000002b955a40000

Marking Bits (Prev, Next): (CMBitMap*) 0x000002b93e1211e8, (CMBitMap*) 0x000002b93e121228
 Prev Bits: [0x000002b956640000, 0x000002b958640000)
 Next Bits: [0x000002b958640000, 0x000002b95a640000)

Polling page: 0x000002b93d8c0000

Metaspace:

Usage:
  Non-class:     63.12 MB capacity,    61.73 MB ( 98%) used,     1.15 MB (  2%) free+waste,   239.19 KB ( <1%) overhead. 
      Class:     10.45 MB capacity,     9.68 MB ( 93%) used,   681.59 KB (  6%) free+waste,   110.19 KB (  1%) overhead. 
       Both:     73.57 MB capacity,    71.41 MB ( 97%) used,     1.81 MB (  2%) free+waste,   349.38 KB ( <1%) overhead. 

Virtual space:
  Non-class space:       64.00 MB reserved,      63.20 MB ( 99%) committed 
      Class space:        1.00 GB reserved,      10.50 MB (  1%) committed 
             Both:        1.06 GB reserved,      73.70 MB (  7%) committed 

Chunk freelists:
   Non-Class:  21.00 KB
       Class:  0 bytes
        Both:  21.00 KB

MaxMetaspaceSize: 17179869184.00 GB
CompressedClassSpaceSize: 1.00 GB

CodeHeap 'non-profiled nmethods': size=120000Kb used=5121Kb max_used=5121Kb free=114878Kb
 bounds [0x000002b94e0c0000, 0x000002b94e5d0000, 0x000002b9555f0000]
CodeHeap 'profiled nmethods': size=120000Kb used=20073Kb max_used=20073Kb free=99926Kb
 bounds [0x000002b946b90000, 0x000002b947f30000, 0x000002b94e0c0000]
CodeHeap 'non-nmethods': size=5760Kb used=2393Kb max_used=2475Kb free=3366Kb
 bounds [0x000002b9465f0000, 0x000002b946870000, 0x000002b946b90000]
 total_blobs=13507 nmethods=9109 adapters=783
 compilation: enabled
              stopped_count=0, restarted_count=0
 full_count=0

Compilation events (20 events):
Event: 11.710 Thread 0x000002b95d130000 9992       2       org.gradle.internal.execution.steps.ValidateStep$2::<init> (15 bytes)
Event: 11.710 Thread 0x000002b95d130000 nmethod 9992 0x000002b947f00110 code [0x000002b947f002c0, 0x000002b947f004d8]
Event: 11.710 Thread 0x000002b95d130000 9988       2       org.gradle.internal.execution.steps.ResolveChangesStep$$Lambda$933/0x0000000801555040::get (24 bytes)
Event: 11.710 Thread 0x000002b95d130000 nmethod 9988 0x000002b947f00590 code [0x000002b947f00740, 0x000002b947f00950]
Event: 11.710 Thread 0x000002b95d130000 9996       2       org.gradle.internal.execution.history.changes.CachingChangeContainer$CachingVisitor::<init> (15 bytes)
Event: 11.711 Thread 0x000002b95d130000 nmethod 9996 0x000002b947f00a90 code [0x000002b947f00c40, 0x000002b947f00e58]
Event: 11.711 Thread 0x000002b95d130000 9997       2       org.gradle.internal.execution.steps.ResolveChangesStep::execute (51 bytes)
Event: 11.713 Thread 0x000002b95d130000 nmethod 9997 0x000002b947f00f10 code [0x000002b947f01140, 0x000002b947f01be0]
Event: 11.714 Thread 0x000002b95d130000 9998       2       sun.nio.fs.WindowsChannelFactory$Flags::toFlags (320 bytes)
Event: 11.715 Thread 0x000002b96471d000 nmethod 9837 0x000002b94e5b7e90 code [0x000002b94e5b8040, 0x000002b94e5b8698]
Event: 11.715 Thread 0x000002b96471d000 9858       4       com.google.common.collect.ImmutableMap::entrySet (23 bytes)
Event: 11.715 Thread 0x000002b95d130000 nmethod 9998 0x000002b947f02010 code [0x000002b947f02300, 0x000002b947f03300]
Event: 11.715 Thread 0x000002b95d130000 9999       2       org.gradle.internal.execution.steps.IdentityCacheStep$$Lambda$1071/0x000000080159b440::apply (10 bytes)
Event: 11.716 Thread 0x000002b95d130000 nmethod 9999 0x000002b947f03990 code [0x000002b947f03b40, 0x000002b947f03d50]
Event: 11.716 Thread 0x000002b95d130000 10000       3       org.gradle.internal.execution.steps.ResolveCachingStateStep$1::getWorkspace (10 bytes)
Event: 11.716 Thread 0x000002b95d130000 nmethod 10000 0x000002b947f03e10 code [0x000002b947f03fc0, 0x000002b947f04210]
Event: 11.716 Thread 0x000002b96471d000 nmethod 9858 0x000002b94e5b8990 code [0x000002b94e5b8b20, 0x000002b94e5b8c98]
Event: 11.716 Thread 0x000002b96471d000 9839       4       org.gradle.internal.operations.DefaultBuildOperationListenerManager$ProgressShieldingBuildOperationListener::started (29 bytes)
Event: 11.719 Thread 0x000002b95d130000 10001       3       org.gradle.api.internal.artifacts.transform.TransformationResult$Builder$PartOfInputArtifact::resolveForInputArtifact (13 bytes)
Event: 11.719 Thread 0x000002b95d130000 nmethod 10001 0x000002b947f04310 code [0x000002b947f044c0, 0x000002b947f046f0]

GC Heap History (20 events):
Event: 8.188 GC heap before
{Heap before GC invocations=27 (full 0):
 garbage-first heap   total 103424K, used 73742K [0x0000000080000000, 0x0000000100000000)
  region size 1024K, 28 young (28672K), 4 survivors (4096K)
 Metaspace       used 56064K, capacity 57645K, committed 57676K, reserved 1099776K
  class space    used 7463K, capacity 8049K, committed 8064K, reserved 1048576K
}
Event: 8.197 GC heap after
{Heap after GC invocations=28 (full 0):
 garbage-first heap   total 103424K, used 52516K [0x0000000080000000, 0x0000000100000000)
  region size 1024K, 4 young (4096K), 4 survivors (4096K)
 Metaspace       used 56064K, capacity 57645K, committed 57676K, reserved 1099776K
  class space    used 7463K, capacity 8049K, committed 8064K, reserved 1048576K
}
Event: 8.565 GC heap before
{Heap before GC invocations=29 (full 0):
 garbage-first heap   total 103424K, used 76068K [0x0000000080000000, 0x0000000100000000)
  region size 1024K, 28 young (28672K), 4 survivors (4096K)
 Metaspace       used 59303K, capacity 60891K, committed 61132K, reserved 1101824K
  class space    used 8056K, capacity 8638K, committed 8704K, reserved 1048576K
}
Event: 8.570 GC heap after
{Heap after GC invocations=30 (full 0):
 garbage-first heap   total 103424K, used 54063K [0x0000000080000000, 0x0000000100000000)
  region size 1024K, 2 young (2048K), 2 survivors (2048K)
 Metaspace       used 59303K, capacity 60891K, committed 61132K, reserved 1101824K
  class space    used 8056K, capacity 8638K, committed 8704K, reserved 1048576K
}
Event: 8.788 GC heap before
{Heap before GC invocations=30 (full 0):
 garbage-first heap   total 103424K, used 78639K [0x0000000080000000, 0x0000000100000000)
  region size 1024K, 26 young (26624K), 2 survivors (2048K)
 Metaspace       used 60718K, capacity 62337K, committed 62540K, reserved 1103872K
  class space    used 8236K, capacity 8816K, committed 8832K, reserved 1048576K
}
Event: 8.795 GC heap after
{Heap after GC invocations=31 (full 0):
 garbage-first heap   total 124928K, used 55756K [0x0000000080000000, 0x0000000100000000)
  region size 1024K, 4 young (4096K), 4 survivors (4096K)
 Metaspace       used 60718K, capacity 62337K, committed 62540K, reserved 1103872K
  class space    used 8236K, capacity 8816K, committed 8832K, reserved 1048576K
}
Event: 9.061 GC heap before
{Heap before GC invocations=32 (full 0):
 garbage-first heap   total 124928K, used 88524K [0x0000000080000000, 0x0000000100000000)
  region size 1024K, 36 young (36864K), 4 survivors (4096K)
 Metaspace       used 61776K, capacity 63374K, committed 63564K, reserved 1103872K
  class space    used 8397K, capacity 8987K, committed 9088K, reserved 1048576K
}
Event: 9.065 GC heap after
{Heap after GC invocations=33 (full 0):
 garbage-first heap   total 124928K, used 57967K [0x0000000080000000, 0x0000000100000000)
  region size 1024K, 4 young (4096K), 4 survivors (4096K)
 Metaspace       used 61776K, capacity 63374K, committed 63564K, reserved 1103872K
  class space    used 8397K, capacity 8987K, committed 9088K, reserved 1048576K
}
Event: 9.457 GC heap before
{Heap before GC invocations=33 (full 0):
 garbage-first heap   total 124928K, used 91759K [0x0000000080000000, 0x0000000100000000)
  region size 1024K, 37 young (37888K), 4 survivors (4096K)
 Metaspace       used 64534K, capacity 66190K, committed 66508K, reserved 1105920K
  class space    used 8772K, capacity 9382K, committed 9472K, reserved 1048576K
}
Event: 9.462 GC heap after
{Heap after GC invocations=34 (full 0):
 garbage-first heap   total 124928K, used 60138K [0x0000000080000000, 0x0000000100000000)
  region size 1024K, 5 young (5120K), 5 survivors (5120K)
 Metaspace       used 64534K, capacity 66190K, committed 66508K, reserved 1105920K
  class space    used 8772K, capacity 9382K, committed 9472K, reserved 1048576K
}
Event: 9.849 GC heap before
{Heap before GC invocations=34 (full 0):
 garbage-first heap   total 124928K, used 92906K [0x0000000080000000, 0x0000000100000000)
  region size 1024K, 37 young (37888K), 5 survivors (5120K)
 Metaspace       used 68090K, capacity 69883K, committed 70092K, reserved 1110016K
  class space    used 9251K, capacity 9898K, committed 9984K, reserved 1048576K
}
Event: 9.856 GC heap after
{Heap after GC invocations=35 (full 0):
 garbage-first heap   total 124928K, used 62436K [0x0000000080000000, 0x0000000100000000)
  region size 1024K, 5 young (5120K), 5 survivors (5120K)
 Metaspace       used 68090K, capacity 69883K, committed 70092K, reserved 1110016K
  class space    used 9251K, capacity 9898K, committed 9984K, reserved 1048576K
}
Event: 10.282 GC heap before
{Heap before GC invocations=36 (full 0):
 garbage-first heap   total 124928K, used 95204K [0x0000000080000000, 0x0000000100000000)
  region size 1024K, 38 young (38912K), 5 survivors (5120K)
 Metaspace       used 70545K, capacity 72484K, committed 72652K, reserved 1112064K
  class space    used 9678K, capacity 10410K, committed 10496K, reserved 1048576K
}
Event: 10.289 GC heap after
{Heap after GC invocations=37 (full 0):
 garbage-first heap   total 150528K, used 65260K [0x0000000080000000, 0x0000000100000000)
  region size 1024K, 5 young (5120K), 5 survivors (5120K)
 Metaspace       used 70545K, capacity 72484K, committed 72652K, reserved 1112064K
  class space    used 9678K, capacity 10410K, committed 10496K, reserved 1048576K
}
Event: 10.784 GC heap before
{Heap before GC invocations=37 (full 0):
 garbage-first heap   total 150528K, used 109292K [0x0000000080000000, 0x0000000100000000)
  region size 1024K, 49 young (50176K), 5 survivors (5120K)
 Metaspace       used 71798K, capacity 73979K, committed 74188K, reserved 1112064K
  class space    used 9844K, capacity 10639K, committed 10752K, reserved 1048576K
}
Event: 10.791 GC heap after
{Heap after GC invocations=38 (full 0):
 garbage-first heap   total 150528K, used 68330K [0x0000000080000000, 0x0000000100000000)
  region size 1024K, 6 young (6144K), 6 survivors (6144K)
 Metaspace       used 71798K, capacity 73979K, committed 74188K, reserved 1112064K
  class space    used 9844K, capacity 10639K, committed 10752K, reserved 1048576K
}
Event: 11.175 GC heap before
{Heap before GC invocations=38 (full 0):
 garbage-first heap   total 150528K, used 112362K [0x0000000080000000, 0x0000000100000000)
  region size 1024K, 50 young (51200K), 6 survivors (6144K)
 Metaspace       used 72390K, capacity 74622K, committed 74700K, reserved 1114112K
  class space    used 9880K, capacity 10689K, committed 10752K, reserved 1048576K
}
Event: 11.182 GC heap after
{Heap after GC invocations=39 (full 0):
 garbage-first heap   total 150528K, used 71508K [0x0000000080000000, 0x0000000100000000)
  region size 1024K, 6 young (6144K), 6 survivors (6144K)
 Metaspace       used 72390K, capacity 74622K, committed 74700K, reserved 1114112K
  class space    used 9880K, capacity 10689K, committed 10752K, reserved 1048576K
}
Event: 11.546 GC heap before
{Heap before GC invocations=39 (full 0):
 garbage-first heap   total 150528K, used 114516K [0x0000000080000000, 0x0000000100000000)
  region size 1024K, 49 young (50176K), 6 survivors (6144K)
 Metaspace       used 72879K, capacity 75018K, committed 75212K, reserved 1114112K
  class space    used 9895K, capacity 10694K, committed 10752K, reserved 1048576K
}
Event: 11.553 GC heap after
{Heap after GC invocations=40 (full 0):
 garbage-first heap   total 150528K, used 74233K [0x0000000080000000, 0x0000000100000000)
  region size 1024K, 6 young (6144K), 6 survivors (6144K)
 Metaspace       used 72879K, capacity 75018K, committed 75212K, reserved 1114112K
  class space    used 9895K, capacity 10694K, committed 10752K, reserved 1048576K
}

Deoptimization events (20 events):
Event: 11.599 Thread 0x000002b95e48e800 Uncommon trap: trap_request=0xffffffd6 fr.pc=0x000002b94e5b23e8 relative=0x00000000000007a8
Event: 11.599 Thread 0x000002b95e48b800 Uncommon trap: trap_request=0xffffffd6 fr.pc=0x000002b94e5b23e8 relative=0x00000000000007a8
Event: 11.599 Thread 0x000002b95e48e800 Uncommon trap: reason=array_check action=maybe_recompile pc=0x000002b94e5b23e8 method=java.util.TimSort.binarySort([Ljava/lang/Object;IIILjava/util/Comparator;)V @ 193 c2
Event: 11.599 Thread 0x000002b95e48b800 Uncommon trap: reason=array_check action=maybe_recompile pc=0x000002b94e5b23e8 method=java.util.TimSort.binarySort([Ljava/lang/Object;IIILjava/util/Comparator;)V @ 193 c2
Event: 11.599 Thread 0x000002b95e48b800 DEOPT PACKING pc=0x000002b94e5b23e8 sp=0x000000ce000fd460
Event: 11.599 Thread 0x000002b95e48e800 DEOPT PACKING pc=0x000002b94e5b23e8 sp=0x000000ce004fd790
Event: 11.599 Thread 0x000002b95e48b800 DEOPT UNPACKING pc=0x000002b94663912f sp=0x000000ce000fd408 mode 2
Event: 11.599 Thread 0x000002b95e48e800 DEOPT UNPACKING pc=0x000002b94663912f sp=0x000000ce004fd738 mode 2
Event: 11.674 Thread 0x000002b9629a6000 Uncommon trap: trap_request=0xffffff76 fr.pc=0x000002b94e5b4444 relative=0x0000000000001584
Event: 11.674 Thread 0x000002b9629a6000 Uncommon trap: reason=predicate action=maybe_recompile pc=0x000002b94e5b4444 method=java.util.TimSort.reverseRange([Ljava/lang/Object;II)V @ 5 c2
Event: 11.674 Thread 0x000002b9629a6000 DEOPT PACKING pc=0x000002b94e5b4444 sp=0x000000ce7e2fd470
Event: 11.674 Thread 0x000002b9629a6000 DEOPT UNPACKING pc=0x000002b94663912f sp=0x000000ce7e2fd320 mode 2
Event: 11.693 Thread 0x000002b966b42800 Uncommon trap: trap_request=0xffffffd6 fr.pc=0x000002b94e5b5fa8 relative=0x00000000000006e8
Event: 11.693 Thread 0x000002b966b42800 Uncommon trap: reason=array_check action=maybe_recompile pc=0x000002b94e5b5fa8 method=java.util.TimSort.binarySort([Ljava/lang/Object;IIILjava/util/Comparator;)V @ 215 c2
Event: 11.693 Thread 0x000002b966b42800 DEOPT PACKING pc=0x000002b94e5b5fa8 sp=0x000000ce033fa750
Event: 11.694 Thread 0x000002b966b42800 DEOPT UNPACKING pc=0x000002b94663912f sp=0x000000ce033fa720 mode 2
Event: 11.694 Thread 0x000002b966b42800 Uncommon trap: trap_request=0xffffffd6 fr.pc=0x000002b94e5b5fa8 relative=0x00000000000006e8
Event: 11.694 Thread 0x000002b966b42800 Uncommon trap: reason=array_check action=maybe_recompile pc=0x000002b94e5b5fa8 method=java.util.TimSort.binarySort([Ljava/lang/Object;IIILjava/util/Comparator;)V @ 215 c2
Event: 11.694 Thread 0x000002b966b42800 DEOPT PACKING pc=0x000002b94e5b5fa8 sp=0x000000ce033fa510
Event: 11.694 Thread 0x000002b966b42800 DEOPT UNPACKING pc=0x000002b94663912f sp=0x000000ce033fa4e0 mode 2

Classes unloaded (20 events):
Event: 6.496 Thread 0x000002b95d111800 Unloading class 0x00000008010e7040 'org/gradle/api/internal/artifacts/ivyservice/ivyresolve/ErrorHandlingModuleComponentRepository$ErrorHandlingModuleComponentRepositoryAccess$$Lambda$567'
Event: 6.496 Thread 0x000002b95d111800 Unloading class 0x00000008010e6c40 'org/gradle/api/internal/artifacts/ivyservice/ivyresolve/ErrorHandlingModuleComponentRepository$ErrorHandlingModuleComponentRepositoryAccess$$Lambda$564'
Event: 6.496 Thread 0x000002b95d111800 Unloading class 0x00000008010e6840 'org/gradle/api/internal/artifacts/ivyservice/ivyresolve/ErrorHandlingModuleComponentRepository$ErrorHandlingModuleComponentRepositoryAccess$$Lambda$566'
Event: 6.496 Thread 0x000002b95d111800 Unloading class 0x00000008010e6440 'org/gradle/api/internal/artifacts/ivyservice/ivyresolve/ErrorHandlingModuleComponentRepository$ErrorHandlingModuleComponentRepositoryAccess$$Lambda$565'
Event: 6.496 Thread 0x000002b95d111800 Unloading class 0x00000008010e5c40 'org/gradle/api/internal/artifacts/ivyservice/ivyresolve/ErrorHandlingModuleComponentRepository$ErrorHandlingModuleComponentRepositoryAccess$$Lambda$559'
Event: 6.496 Thread 0x000002b95d111800 Unloading class 0x00000008010e5840 'org/gradle/api/internal/artifacts/ivyservice/ivyresolve/ErrorHandlingModuleComponentRepository$ErrorHandlingModuleComponentRepositoryAccess$$Lambda$561'
Event: 6.496 Thread 0x000002b95d111800 Unloading class 0x00000008010e5440 'org/gradle/api/internal/artifacts/ivyservice/ivyresolve/ErrorHandlingModuleComponentRepository$ErrorHandlingModuleComponentRepositoryAccess$$Lambda$560'
Event: 6.496 Thread 0x000002b95d111800 Unloading class 0x00000008010e4c40 'org/gradle/internal/model/CalculatedValueContainer$CalculationState$$Lambda$558'
Event: 6.496 Thread 0x000002b95d111800 Unloading class 0x00000008010e4840 'org/gradle/internal/model/CalculatedValueContainer$CalculationState$$Lambda$551'
Event: 6.496 Thread 0x000002b95d111800 Unloading class 0x00000008010e4440 'org/gradle/internal/model/CalculatedValueContainer$CalculationState$$Lambda$552'
Event: 6.496 Thread 0x000002b95d111800 Unloading class 0x00000008010e4040 'org/gradle/internal/model/CalculatedValueContainer$CalculationState$$Lambda$557'
Event: 6.496 Thread 0x000002b95d111800 Unloading class 0x00000008010e3c40 'org/gradle/internal/model/CalculatedValueContainer$CalculationState$$Lambda$556'
Event: 6.496 Thread 0x000002b95d111800 Unloading class 0x00000008010e3440 'org/gradle/internal/model/CalculatedValueContainer$CalculationState$$Lambda$553'
Event: 6.496 Thread 0x000002b95d111800 Unloading class 0x00000008010e3040 'org/gradle/internal/model/CalculatedValueContainer$CalculationState$$Lambda$555'
Event: 6.496 Thread 0x000002b95d111800 Unloading class 0x00000008010e2c40 'org/gradle/internal/operations/DefaultBuildOperationQueue$WorkerRunnable$$Lambda$547'
Event: 6.496 Thread 0x000002b95d111800 Unloading class 0x00000008010e2040 'org/gradle/internal/operations/DefaultBuildOperationQueue$WorkerRunnable$$Lambda$549'
Event: 6.496 Thread 0x000002b95d111800 Unloading class 0x00000008010e2840 'org/gradle/internal/operations/DefaultBuildOperationQueue$WorkerRunnable$$Lambda$546'
Event: 6.496 Thread 0x000002b95d111800 Unloading class 0x00000008010e1c40 'org/gradle/internal/operations/DefaultBuildOperationQueue$WorkerRunnable$$Lambda$550'
Event: 6.496 Thread 0x000002b95d111800 Unloading class 0x00000008010e1840 'org/gradle/internal/operations/DefaultBuildOperationQueue$WorkerRunnable$$Lambda$545'
Event: 6.496 Thread 0x000002b95d111800 Unloading class 0x00000008010e1440 'org/gradle/internal/operations/DefaultBuildOperationQueue$WorkerRunnable$$Lambda$544'

Classes redefined (0 events):
No events

Internal exceptions (20 events):
Event: 10.115 Thread 0x000002b966b42800 Exception <a 'java/lang/NoSuchMethodError'{0x00000000867ba2c0}: 'void java.lang.invoke.DirectMethodHandle$Holder.invokeStatic(java.lang.Object, java.lang.Object, java.lang.Object, int)'> (0x00000000867ba2c0) 
thrown [t:/workspace/open/src/hotspot/share/interpreter/linkResolver.cpp, line 767]
Event: 10.128 Thread 0x000002b966b37800 Exception <a 'java/lang/NoSuchMethodError'{0x00000000865cde50}: static Lcom/android/ide/common/attribution/AndroidGradlePluginAttributionData$BuildInfo;.<clinit>()V> (0x00000000865cde50) 
thrown [t:/workspace/open/src/hotspot/share/prims/jni.cpp, line 1347]
Event: 10.131 Thread 0x000002b966b37800 Exception <a 'java/lang/NoSuchMethodError'{0x00000000865e22b0}: static Lcom/android/ide/common/attribution/AndroidGradlePluginAttributionData$JavaInfo;.<clinit>()V> (0x00000000865e22b0) 
thrown [t:/workspace/open/src/hotspot/share/prims/jni.cpp, line 1347]
Event: 10.134 Thread 0x000002b966b42800 Exception <a 'java/lang/IncompatibleClassChangeError'{0x00000000864090a0}: Found class java.lang.Object, but interface was expected> (0x00000000864090a0) 
thrown [t:/workspace/open/src/hotspot/share/interpreter/linkResolver.cpp, line 833]
Event: 10.134 Thread 0x000002b966b37800 Exception <a 'java/lang/NoSuchMethodError'{0x0000000086436730}: static [Ljava/lang/String;.<clinit>()V> (0x0000000086436730) 
thrown [t:/workspace/open/src/hotspot/share/prims/jni.cpp, line 1347]
Event: 10.137 Thread 0x000002b966b37800 Exception <a 'java/lang/NoSuchMethodError'{0x00000000864405c8}: 'void java.lang.invoke.DirectMethodHandle$Holder.invokeSpecial(java.lang.Object, java.lang.Object, java.lang.Object, int)'> (0x00000000864405c8) 
thrown [t:/workspace/open/src/hotspot/share/interpreter/linkResolver.cpp, line 767]
Event: 10.161 Thread 0x000002b95f782800 Exception <a 'java/lang/NoSuchMethodError'{0x00000000862093d0}: static Lorg/gradle/internal/build/event/types/DefaultTaskSkippedResult;.<clinit>()V> (0x00000000862093d0) 
thrown [t:/workspace/open/src/hotspot/share/prims/jni.cpp, line 1347]
Event: 10.172 Thread 0x000002b966b42800 Implicit null exception at 0x000002b94e38a667 to 0x000002b94e38a816
Event: 10.179 Thread 0x000002b966b42800 Exception <a 'java/lang/IncompatibleClassChangeError'{0x0000000086136c50}: Found class java.lang.Object, but interface was expected> (0x0000000086136c50) 
thrown [t:/workspace/open/src/hotspot/share/interpreter/linkResolver.cpp, line 833]
Event: 10.202 Thread 0x000002b966b42800 Exception <a 'java/lang/NoSuchMethodError'{0x0000000085f7c8b8}: 'int java.lang.invoke.DirectMethodHandle$Holder.invokeStaticInit(java.lang.Object, java.lang.Object, java.lang.Object, java.lang.Object, java.lang.Object)'> (0x0000000085f7c8b8) 
thrown [t:/workspace/open/src/hotspot/share/interpreter/linkResolver.cpp, line 767]
Event: 10.588 Thread 0x000002b966b42800 Exception <a 'java/lang/NoSuchMethodError'{0x00000000886ae010}: 'void java.lang.invoke.DirectMethodHandle$Holder.invokeStatic(java.lang.Object, java.lang.Object, java.lang.Object, java.lang.Object, int, java.lang.Object, java.lang.Object)'> (0x00000000886ae010) 
thrown [t:/workspace/open/src/hotspot/share/interpreter/linkResolver.cpp, line 767]
Event: 10.619 Thread 0x000002b95e14a000 Exception <a 'java/lang/NoSuchMethodError'{0x0000000087e6ee08}: 'java.lang.Object java.lang.invoke.DirectMethodHandle$Holder.invokeSpecialIFC(java.lang.Object, java.lang.Object, java.lang.Object)'> (0x0000000087e6ee08) 
thrown [t:/workspace/open/src/hotspot/share/interpreter/linkResolver.cpp, line 767]
Event: 10.619 Thread 0x000002b9629a1800 Exception <a 'java/lang/NoSuchMethodError'{0x0000000087ec5b48}: 'java.lang.Object java.lang.invoke.DirectMethodHandle$Holder.invokeSpecialIFC(java.lang.Object, java.lang.Object, java.lang.Object)'> (0x0000000087ec5b48) 
thrown [t:/workspace/open/src/hotspot/share/interpreter/linkResolver.cpp, line 767]
Event: 10.619 Thread 0x000002b95e150800 Exception <a 'java/lang/NoSuchMethodError'{0x0000000087ed8530}: 'java.lang.Object java.lang.invoke.DirectMethodHandle$Holder.invokeSpecialIFC(java.lang.Object, java.lang.Object, java.lang.Object)'> (0x0000000087ed8530) 
thrown [t:/workspace/open/src/hotspot/share/interpreter/linkResolver.cpp, line 767]
Event: 10.619 Thread 0x000002b95eb6d000 Exception <a 'java/lang/NoSuchMethodError'{0x0000000087e9c9d8}: 'java.lang.Object java.lang.invoke.DirectMethodHandle$Holder.invokeSpecialIFC(java.lang.Object, java.lang.Object, java.lang.Object)'> (0x0000000087e9c9d8) 
thrown [t:/workspace/open/src/hotspot/share/interpreter/linkResolver.cpp, line 767]
Event: 10.619 Thread 0x000002b95e14f800 Exception <a 'java/lang/NoSuchMethodError'{0x0000000087e87158}: 'java.lang.Object java.lang.invoke.DirectMethodHandle$Holder.invokeSpecialIFC(java.lang.Object, java.lang.Object, java.lang.Object)'> (0x0000000087e87158) 
thrown [t:/workspace/open/src/hotspot/share/interpreter/linkResolver.cpp, line 767]
Event: 10.832 Thread 0x000002b95e48b800 Exception <a 'java/lang/NoSuchMethodError'{0x0000000088b0d850}: 'void java.lang.invoke.DirectMethodHandle$Holder.invokeVirtual(java.lang.Object, java.lang.Object)'> (0x0000000088b0d850) 
thrown [t:/workspace/open/src/hotspot/share/interpreter/linkResolver.cpp, line 767]
Event: 11.491 Thread 0x000002b95e48e800 Implicit null exception at 0x000002b94e5a20eb to 0x000002b94e5a2182
Event: 11.534 Thread 0x000002b9629a9000 Implicit null exception at 0x000002b94e5a6325 to 0x000002b94e5a6cde
Event: 11.559 Thread 0x000002b966b42800 Exception <a 'java/lang/NoSuchMethodError'{0x000000008ac198b8}: 'int java.lang.invoke.DirectMethodHandle$Holder.invokeSpecial(java.lang.Object, java.lang.Object, java.lang.Object, java.lang.Object, java.lang.Object)'> (0x000000008ac198b8) 
thrown [t:/workspace/open/src/hotspot/share/interpreter/linkResolver.cpp, line 767]

Events (20 events):
Event: 11.559 loading class org/gradle/api/specs/Spec
Event: 11.559 loading class org/gradle/api/specs/Spec done
Event: 11.559 loading class org/gradle/internal/snapshot/impl/FileSystemSnapshotFilter
Event: 11.559 loading class org/gradle/internal/snapshot/impl/FileSystemSnapshotFilter done
Event: 11.560 loading class org/gradle/internal/snapshot/impl/FileSystemSnapshotFilter$FilteringVisitor
Event: 11.560 loading class org/gradle/internal/snapshot/impl/FileSystemSnapshotFilter$FilteringVisitor done
Event: 11.560 loading class org/gradle/internal/snapshot/FileSystemLocationSnapshot$FileSystemLocationSnapshotTransformer
Event: 11.560 loading class org/gradle/internal/snapshot/FileSystemLocationSnapshot$FileSystemLocationSnapshotTransformer done
Event: 11.561 loading class org/gradle/internal/snapshot/impl/FileSystemSnapshotFilter$FilteringVisitor$1
Event: 11.561 loading class org/gradle/internal/snapshot/impl/FileSystemSnapshotFilter$FilteringVisitor$1 done
Event: 11.561 loading class org/gradle/internal/fingerprint/impl/PatternSetSnapshottingFilter$LogicalFileTreeElement
Event: 11.561 loading class org/gradle/internal/fingerprint/impl/PatternSetSnapshottingFilter$LogicalFileTreeElement done
Event: 11.561 loading class org/gradle/api/tasks/util/internal/CachingPatternSpecFactory$CachingSpec$1
Event: 11.561 loading class org/gradle/api/tasks/util/internal/CachingPatternSpecFactory$CachingSpec$1 done
Event: 11.564 loading class org/gradle/execution/plan/LocalTaskNodeExecutor$FilteredTree
Event: 11.564 loading class org/gradle/execution/plan/LocalTaskNodeExecutor$FilteredTree done
Event: 11.565 loading class org/gradle/execution/plan/ExecutionNodeAccessHierarchy$FilteredNodeAccess
Event: 11.565 loading class org/gradle/execution/plan/ExecutionNodeAccessHierarchy$FilteredNodeAccess done
Event: 11.690 Executing VM operation: RevokeBias
Event: 11.690 Executing VM operation: RevokeBias done


Dynamic libraries:
0x00007ff6b9560000 - 0x00007ff6b956f000 	C:\Program Files\Java\jdk-13.0.2\bin\java.exe
0x00007ff86dcb0000 - 0x00007ff86dea5000 	C:\WINDOWS\SYSTEM32\ntdll.dll
0x00007ff86cc40000 - 0x00007ff86ccfe000 	C:\WINDOWS\System32\KERNEL32.DLL
0x00007ff86b470000 - 0x00007ff86b738000 	C:\WINDOWS\System32\KERNELBASE.dll
0x00007ff86b7a0000 - 0x00007ff86b8a0000 	C:\WINDOWS\System32\ucrtbase.dll
0x00007ff863a80000 - 0x00007ff863a98000 	C:\Program Files\Java\jdk-13.0.2\bin\jli.dll
0x00007ff8668d0000 - 0x00007ff8668e5000 	C:\Program Files\Java\jdk-13.0.2\bin\VCRUNTIME140.dll
0x00007ff86c6e0000 - 0x00007ff86c78c000 	C:\WINDOWS\System32\ADVAPI32.dll
0x00007ff86d7c0000 - 0x00007ff86d85e000 	C:\WINDOWS\System32\msvcrt.dll
0x00007ff86d710000 - 0x00007ff86d7ab000 	C:\WINDOWS\System32\sechost.dll
0x00007ff86bdd0000 - 0x00007ff86befa000 	C:\WINDOWS\System32\RPCRT4.dll
0x00007ff86a770000 - 0x00007ff86aa0a000 	C:\WINDOWS\WinSxS\amd64_microsoft.windows.common-controls_6595b64144ccf1df_6.0.19041.1110_none_60b5254171f9507e\COMCTL32.dll
0x00007ff86c790000 - 0x00007ff86c931000 	C:\WINDOWS\System32\USER32.dll
0x00007ff86d4c0000 - 0x00007ff86d4eb000 	C:\WINDOWS\System32\GDI32.dll
0x00007ff86b740000 - 0x00007ff86b762000 	C:\WINDOWS\System32\win32u.dll
0x00007ff86baf0000 - 0x00007ff86bbfb000 	C:\WINDOWS\System32\gdi32full.dll
0x00007ff86b3d0000 - 0x00007ff86b46d000 	C:\WINDOWS\System32\msvcp_win.dll
0x00007ff85f2e0000 - 0x00007ff85f2ea000 	C:\WINDOWS\SYSTEM32\VERSION.dll
0x00007ff86d680000 - 0x00007ff86d6b0000 	C:\WINDOWS\System32\IMM32.DLL
0x00007ff84c950000 - 0x00007ff84c9eb000 	C:\Program Files\Java\jdk-13.0.2\bin\msvcp140.dll
0x00007ff810f50000 - 0x00007ff811aad000 	C:\Program Files\Java\jdk-13.0.2\bin\server\jvm.dll
0x00007ff863b20000 - 0x00007ff863b29000 	C:\WINDOWS\SYSTEM32\WSOCK32.dll
0x00007ff86c6d0000 - 0x00007ff86c6d8000 	C:\WINDOWS\System32\PSAPI.DLL
0x00007ff85f2b0000 - 0x00007ff85f2d7000 	C:\WINDOWS\SYSTEM32\WINMM.dll
0x00007ff86d610000 - 0x00007ff86d67b000 	C:\WINDOWS\System32\WS2_32.dll
0x00007ff868ba0000 - 0x00007ff868bb2000 	C:\WINDOWS\SYSTEM32\kernel.appcore.dll
0x00007ff8668c0000 - 0x00007ff8668d0000 	C:\Program Files\Java\jdk-13.0.2\bin\verify.dll
0x00007ff86abd0000 - 0x00007ff86adb4000 	C:\WINDOWS\SYSTEM32\DBGHELP.DLL
0x00007ff86ab00000 - 0x00007ff86ab2c000 	C:\WINDOWS\SYSTEM32\dbgcore.DLL
0x00007ff86b8a0000 - 0x00007ff86b923000 	C:\WINDOWS\System32\bcryptPrimitives.dll
0x00007ff859be0000 - 0x00007ff859c06000 	C:\Program Files\Java\jdk-13.0.2\bin\java.dll
0x00007ff859c20000 - 0x00007ff859c37000 	C:\Program Files\Java\jdk-13.0.2\bin\zip.dll
0x00007ff866820000 - 0x00007ff86682a000 	C:\Program Files\Java\jdk-13.0.2\bin\jimage.dll
0x00007ff86cd80000 - 0x00007ff86d4bf000 	C:\WINDOWS\System32\SHELL32.dll
0x00007ff868e80000 - 0x00007ff869610000 	C:\WINDOWS\SYSTEM32\windows.storage.dll
0x00007ff86d910000 - 0x00007ff86dc65000 	C:\WINDOWS\System32\combase.dll
0x00007ff86a6d0000 - 0x00007ff86a6fe000 	C:\WINDOWS\SYSTEM32\Wldp.dll
0x00007ff86d860000 - 0x00007ff86d90d000 	C:\WINDOWS\System32\SHCORE.dll
0x00007ff86d6b0000 - 0x00007ff86d705000 	C:\WINDOWS\System32\shlwapi.dll
0x00007ff86b310000 - 0x00007ff86b32f000 	C:\WINDOWS\SYSTEM32\profapi.dll
0x00007ff859ba0000 - 0x00007ff859bb9000 	C:\Program Files\Java\jdk-13.0.2\bin\net.dll
0x00007ff865c20000 - 0x00007ff865d2c000 	C:\WINDOWS\SYSTEM32\WINHTTP.dll
0x00007ff86a430000 - 0x00007ff86a49a000 	C:\WINDOWS\system32\mswsock.dll
0x00007ff858bd0000 - 0x00007ff858be3000 	C:\Program Files\Java\jdk-13.0.2\bin\nio.dll
0x00007ff8655e0000 - 0x00007ff865607000 	C:\Users\jeffe\.gradle\native\e1d6ef7f7dcc3fd88c89a11ec53ec762bb8ba0a96d01ffa2cd45eb1d1d8dd5c5\windows-amd64\native-platform.dll
0x00007ff84c580000 - 0x00007ff84c6c4000 	C:\Users\jeffe\.gradle\native\5664cfc778a61ccfe75a443a1ab52a65af34e5dc3c78e0209fed803814484fcb\windows-amd64\native-platform-file-events.dll
0x00007ff865d80000 - 0x00007ff865d89000 	C:\Program Files\Java\jdk-13.0.2\bin\management.dll
0x00007ff8655d0000 - 0x00007ff8655db000 	C:\Program Files\Java\jdk-13.0.2\bin\management_ext.dll
0x00007ff86b080000 - 0x00007ff86b098000 	C:\WINDOWS\SYSTEM32\CRYPTSP.dll
0x00007ff869dd0000 - 0x00007ff869e04000 	C:\WINDOWS\system32\rsaenh.dll
0x00007ff86b770000 - 0x00007ff86b797000 	C:\WINDOWS\System32\bcrypt.dll
0x00007ff86b290000 - 0x00007ff86b2be000 	C:\WINDOWS\SYSTEM32\USERENV.dll
0x00007ff86a620000 - 0x00007ff86a62c000 	C:\WINDOWS\SYSTEM32\CRYPTBASE.dll
0x00007ff86a120000 - 0x00007ff86a15b000 	C:\WINDOWS\SYSTEM32\IPHLPAPI.DLL
0x00007ff86d7b0000 - 0x00007ff86d7b8000 	C:\WINDOWS\System32\NSI.dll
0x00007ff8645b0000 - 0x00007ff8645c7000 	C:\WINDOWS\SYSTEM32\dhcpcsvc6.DLL
0x00007ff864550000 - 0x00007ff86456d000 	C:\WINDOWS\SYSTEM32\dhcpcsvc.DLL
0x00007ff86a160000 - 0x00007ff86a22b000 	C:\WINDOWS\SYSTEM32\DNSAPI.dll

dbghelp: loaded successfully - version: 4.0.5 - missing functions: none
symbol engine: initialized successfully - sym options: 0x614 - pdb path: .;C:\Program Files\Java\jdk-13.0.2\bin;C:\WINDOWS\SYSTEM32;C:\WINDOWS\WinSxS\amd64_microsoft.windows.common-controls_6595b64144ccf1df_6.0.19041.1110_none_60b5254171f9507e;C:\Program Files\Java\jdk-13.0.2\bin\server;C:\Users\jeffe\.gradle\native\e1d6ef7f7dcc3fd88c89a11ec53ec762bb8ba0a96d01ffa2cd45eb1d1d8dd5c5\windows-amd64;C:\Users\jeffe\.gradle\native\5664cfc778a61ccfe75a443a1ab52a65af34e5dc3c78e0209fed803814484fcb\windows-amd64

VM Arguments:
jvm_args: --add-opens=java.base/java.util=ALL-UNNAMED --add-opens=java.base/java.lang=ALL-UNNAMED --add-opens=java.base/java.lang.invoke=ALL-UNNAMED --add-opens=java.base/java.util=ALL-UNNAMED --add-opens=java.prefs/java.util.prefs=ALL-UNNAMED --add-opens=java.prefs/java.util.prefs=ALL-UNNAMED --add-opens=java.base/java.nio.charset=ALL-UNNAMED --add-opens=java.base/java.net=ALL-UNNAMED --add-opens=java.base/java.util.concurrent.atomic=ALL-UNNAMED -Xmx2048m -Dfile.encoding=UTF-8 -Duser.country=PH -Duser.language=en -Duser.variant 
java_command: org.gradle.launcher.daemon.bootstrap.GradleDaemon 7.3.2
java_class_path (initial): C:\Users\jeffe\.gradle\wrapper\dists\gradle-7.3.2-bin\4k4cn06q0rruwh9dpndf9gmi8\gradle-7.3.2\lib\gradle-launcher-7.3.2.jar
Launcher Type: SUN_STANDARD

[Global flags]
     intx CICompilerCount                          = 4                                         {product} {ergonomic}
     uint ConcGCThreads                            = 2                                         {product} {ergonomic}
     uint G1ConcRefinementThreads                  = 8                                         {product} {ergonomic}
   size_t G1HeapRegionSize                         = 1048576                                   {product} {ergonomic}
    uintx GCDrainStackTargetSize                   = 64                                        {product} {ergonomic}
   size_t InitialHeapSize                          = 234881024                                 {product} {ergonomic}
   size_t MarkStackSize                            = 4194304                                   {product} {ergonomic}
   size_t MaxHeapSize                              = 2147483648                                {product} {command line}
   size_t MaxNewSize                               = 1287651328                                {product} {ergonomic}
   size_t MinHeapDeltaBytes                        = 1048576                                   {product} {ergonomic}
   size_t MinHeapSize                              = 8388608                                   {product} {ergonomic}
    uintx NonNMethodCodeHeapSize                   = 5839372                                {pd product} {ergonomic}
    uintx NonProfiledCodeHeapSize                  = 122909434                              {pd product} {ergonomic}
    uintx ProfiledCodeHeapSize                     = 122909434                              {pd product} {ergonomic}
    uintx ReservedCodeCacheSize                    = 251658240                              {pd product} {ergonomic}
     bool SegmentedCodeCache                       = true                                      {product} {ergonomic}
   size_t SoftMaxHeapSize                          = 2147483648                             {manageable} {ergonomic}
     bool UseCompressedClassPointers               = true                                 {lp64_product} {ergonomic}
     bool UseCompressedOops                        = true                                 {lp64_product} {ergonomic}
     bool UseG1GC                                  = true                                      {product} {ergonomic}
     bool UseLargePagesIndividualAllocation        = false                                  {pd product} {ergonomic}

Logging:
Log output configuration:
 #0: stdout all=warning uptime,level,tags
 #1: stderr all=off uptime,level,tags

Environment Variables:
JAVA_HOME=C:\Program Files\Java\jdk-13.0.2
PATH=C:\Program Files (x86)\Razer Chroma SDK\bin;C:\Program Files\Razer Chroma SDK\bin;C:\Program Files (x86)\Razer\ChromaBroadcast\bin;C:\Program Files\Razer\ChromaBroadcast\bin;C:\WINDOWS\system32;C:\WINDOWS;C:\WINDOWS\System32\Wbem;C:\WINDOWS\System32\WindowsPowerShell\v1.0\;C:\WINDOWS\System32\OpenSSH\;C:\Program Files\Java\jdk-13.0.2\bin;C:\Program Files\MySQL\MySQL Server 5.5\bin;C:\WINDOWS\system32\config\systemprofile\AppData\Local\Microsoft\WindowsApps;C:\Users\jeffe\AppData\Local\Microsoft\WindowsApps;C:\xampp\php;C:\ProgramData\ComposerSetup\bin;C:\Program Files\Git\cmd;C:\Program Files\MySQL\MySQL Shell 8.0\bin\;C:\Users\jeffe\AppData\Local\Microsoft\WindowsApps;C:\Users\jeffe\AppData\Roaming\Composer\vendor\bin
USERNAME=jeffe
OS=Windows_NT
PROCESSOR_IDENTIFIER=AMD64 Family 23 Model 24 Stepping 1, AuthenticAMD



---------------  S Y S T E M  ---------------

OS: Windows 10 , 64 bit Build 19041 (10.0.19041.1348)

CPU:total 8 (initial active 8) (8 cores per cpu, 2 threads per core) family 23 model 24 stepping 1, cmov, cx8, fxsr, mmx, sse, sse2, sse3, ssse3, sse4.1, sse4.2, popcnt, avx, avx2, aes, clmul, mmxext, 3dnowpref, lzcnt, sse4a, ht, tsc, tscinvbit, tscinv, bmi1, bmi2, adx, sha, fma

Memory: 4k page, system-wide physical 14274M (7489M free)
TotalPageFile size 16450M (AvailPageFile size 6631M)
current process WorkingSet (physical memory assigned to process): 418M, peak: 420M
current process commit charge ("private bytes"): 463M, peak: 465M

vm_info: Java HotSpot(TM) 64-Bit Server VM (13.0.2+8) for windows-amd64 JRE (13.0.2+8), built on Dec 11 2019 09:20:33 by "mach5one" with unknown MS VC++:1916

END.
