#
# A fatal error has been detected by the Java Runtime Environment:
#
#  EXCEPTION_ACCESS_VIOLATION (0xc0000005) at pc=0x00007ffc7a1f0aa0, pid=8436, tid=18372
#
# JRE version: Java(TM) SE Runtime Environment (13.0.2+8) (build 13.0.2+8)
# Java VM: Java HotSpot(TM) 64-Bit Server VM (13.0.2+8, mixed mode, sharing, tiered, compressed oops, g1 gc, windows-amd64)
# Problematic frame:
# V  [jvm.dll+0x360aa0]
#
# No core dump will be written. Minidumps are not enabled by default on client versions of Windows
#
# If you would like to submit a bug report, please visit:
#   http://bugreport.java.com/bugreport/crash.jsp
#

---------------  S U M M A R Y ------------

Command Line: --add-opens=java.base/java.util=ALL-UNNAMED --add-opens=java.base/java.lang=ALL-UNNAMED --add-opens=java.base/java.lang.invoke=ALL-UNNAMED --add-opens=java.base/java.util=ALL-UNNAMED --add-opens=java.prefs/java.util.prefs=ALL-UNNAMED --add-opens=java.prefs/java.util.prefs=ALL-UNNAMED --add-opens=java.base/java.nio.charset=ALL-UNNAMED --add-opens=java.base/java.net=ALL-UNNAMED --add-opens=java.base/java.util.concurrent.atomic=ALL-UNNAMED -Xmx2048m -Dfile.encoding=UTF-8 -Duser.country=PH -Duser.language=en -Duser.variant org.gradle.launcher.daemon.bootstrap.GradleDaemon 7.3.2

Host: AMD Ryzen 5 3550H with Radeon Vega Mobile Gfx  , 8 cores, 13G,  Windows 10 , 64 bit Build 19041 (10.0.19041.1348)
Time: Wed Dec 29 20:03:15 2021 Malay Peninsula Standard Time elapsed time: 6 seconds (0d 0h 0m 6s)

---------------  T H R E A D  ---------------

Current thread (0x000001a93f990800):  JavaThread "C2 CompilerThread0" daemon [_thread_in_native, id=18372, stack(0x00000027ad800000,0x00000027ad900000)]


Current CompileTask:
C2:   6060 1962   !   4       java.lang.ClassLoader::loadClass (122 bytes)

Stack: [0x00000027ad800000,0x00000027ad900000],  sp=0x00000027ad8fbb70,  free space=1006k
Native frames: (J=compiled Java code, j=interpreted, Vv=VM code, C=native code)
V  [jvm.dll+0x360aa0]
V  [jvm.dll+0x35a421]
V  [jvm.dll+0x19f32d]
V  [jvm.dll+0x205d36]
V  [jvm.dll+0x204e3f]
V  [jvm.dll+0x189c2c]
V  [jvm.dll+0x213e6d]
V  [jvm.dll+0x2120bb]
V  [jvm.dll+0x736bb6]
V  [jvm.dll+0x72fcaa]
V  [jvm.dll+0x623ea6]
C  [ucrtbase.dll+0x21bb2]
C  [KERNEL32.DLL+0x17034]
C  [ntdll.dll+0x52651]


siginfo: EXCEPTION_ACCESS_VIOLATION (0xc0000005), reading address 0x000003a941c116c0


Register to memory mapping:

RIP=0x00007ffc7a1f0aa0 jvm.dll
RAX=0x0 is NULL
RBX=0x000000000000000c is an unknown value
RCX=0x0 is NULL
RDX=0x0000000000000008 is an unknown value
RSP=0x00000027ad8fbb70 is pointing into the stack for thread: 0x000001a93f990800
RBP=0x0000000000000008 is an unknown value
RSI=0x00007ffc7a90ac00 jvm.dll
RDI=0x000001a93f977bb0 points into unknown readable memory: 80 cb 98 3f a9 01 00 00
R8 =0x000003a941c116c0 is an unknown value
R9 =0x00000027ad8fbbc0 is pointing into the stack for thread: 0x000001a93f990800
R10=0x000000000000000c is an unknown value
R11=0x00000027ad8fbad0 is pointing into the stack for thread: 0x000001a93f990800
R12=0x000001a940ce7088 points into unknown readable memory: 01 e2 19 66 00 0c 00 90
R13=0x00000000000003d8 is an unknown value
R14=0x0 is NULL
R15=0x00007ffc7a90ac00 jvm.dll


Registers:
RAX=0x0000000000000000, RBX=0x000000000000000c, RCX=0x0000000000000000, RDX=0x0000000000000008
RSP=0x00000027ad8fbb70, RBP=0x0000000000000008, RSI=0x00007ffc7a90ac00, RDI=0x000001a93f977bb0
R8 =0x000003a941c116c0, R9 =0x00000027ad8fbbc0, R10=0x000000000000000c, R11=0x00000027ad8fbad0
R12=0x000001a940ce7088, R13=0x00000000000003d8, R14=0x0000000000000000, R15=0x00007ffc7a90ac00
RIP=0x00007ffc7a1f0aa0, EFLAGS=0x0000000000010246

Top of Stack: (sp=0x00000027ad8fbb70)
0x00000027ad8fbb70:   00000027ad8f0000 0000000000000000
0x00000027ad8fbb80:   0000000000000438 000001a93f982000
0x00000027ad8fbb90:   0000000000000c20 00007ffc7a1ea421
0x00000027ad8fbba0:   000001a94380b070 00000027ad8fbce0
0x00000027ad8fbbb0:   0000000000000c20 00007ffc7a715e30
0x00000027ad8fbbc0:   000006cd00000000 000001a900000007
0x00000027ad8fbbd0:   000003a941c116c0 0000000000000007
0x00000027ad8fbbe0:   000001a942b35718 0000000000000021
0x00000027ad8fbbf0:   000001a943840450 0000000000000000
0x00000027ad8fbc00:   000001a940ce6ca0 0000000000000000
0x00000027ad8fbc10:   00000027ad8fbd20 00007ffc7a02f32d
0x00000027ad8fbc20:   00000027ad8fc080 00000027ad8fc160
0x00000027ad8fbc30:   000001a940ce6cb0 000001a900000000
0x00000027ad8fbc40:   000001a942996100 00000027ad8fbda0
0x00000027ad8fbc50:   0000002700000006 000001a940ce6ca0
0x00000027ad8fbc60:   000001a9428c3850 000001a9428c7820 

Instructions: (pc=0x00007ffc7a1f0aa0)
0x00007ffc7a1f09a0:   58 4c 8b 64 24 50 48 8b c3 48 83 c4 20 41 5f 5f
0x00007ffc7a1f09b0:   5e 5d 5b c3 cc cc cc cc cc cc cc cc cc cc cc cc
0x00007ffc7a1f09c0:   8b 02 45 33 c0 44 89 01 c7 41 08 08 00 00 00 85
0x00007ffc7a1f09d0:   c0 75 12 c7 41 18 01 00 00 00 48 8b c1 c7 41 28
0x00007ffc7a1f09e0:   01 00 00 00 c3 44 89 41 04 44 89 41 18 8b 82 90
0x00007ffc7a1f09f0:   00 00 00 89 41 28 4c 89 41 10 48 8b 42 08 48 89
0x00007ffc7a1f0a00:   41 20 48 8b c1 48 89 51 30 c3 cc cc cc cc cc cc
0x00007ffc7a1f0a10:   48 83 ec 28 4c 8b c9 8b 49 08 83 f9 08 73 1c 4d
0x00007ffc7a1f0a20:   8b 51 10 44 8b c1 8d 51 01 43 83 3c 82 00 0f 85
0x00007ffc7a1f0a30:   0d 01 00 00 8b ca 83 fa 08 72 e8 45 8b 51 18 41
0x00007ffc7a1f0a40:   8b 41 28 48 89 5c 24 30 48 89 6c 24 38 48 89 74
0x00007ffc7a1f0a50:   24 40 48 89 7c 24 20 44 3b d0 0f 83 ba 00 00 00
0x00007ffc7a1f0a60:   8b 0d 2e 4d 76 00 48 8d 35 93 a1 71 00 65 48 8b
0x00007ffc7a1f0a70:   04 25 58 00 00 00 bd 08 00 00 00 48 8d 3c c8 90
0x00007ffc7a1f0a80:   49 8b 41 20 41 8b da 4c 8b 04 d8 4c 3b c6 74 7a
0x00007ffc7a1f0a90:   33 c0 4d 89 41 10 33 c9 0f 1f 84 00 00 00 00 00
0x00007ffc7a1f0aa0:   42 83 3c 01 00 8d 50 01 0f 85 be 00 00 00 48 83
0x00007ffc7a1f0ab0:   c1 04 8b c2 83 fa 08 72 e7 4d 8b 59 30 4d 85 db
0x00007ffc7a1f0ac0:   74 48 49 8b 43 08 8b d5 48 03 17 4c 8b 04 d8 48
0x00007ffc7a1f0ad0:   8b 02 48 8b 88 a8 04 00 00 48 8b 81 88 00 00 00
0x00007ffc7a1f0ae0:   48 8b 88 a0 08 00 00 49 89 08 48 8b 02 48 8b 88
0x00007ffc7a1f0af0:   a8 04 00 00 48 8b 81 88 00 00 00 4c 89 80 a0 08
0x00007ffc7a1f0b00:   00 00 49 8b 43 08 48 89 34 d8 41 8b 41 28 41 ff
0x00007ffc7a1f0b10:   c2 44 3b d0 0f 82 66 ff ff ff 41 89 41 18 33 c0
0x00007ffc7a1f0b20:   41 c7 41 08 08 00 00 00 48 8b 74 24 40 48 8b 6c
0x00007ffc7a1f0b30:   24 38 48 8b 5c 24 30 48 8b 7c 24 20 48 83 c4 28
0x00007ffc7a1f0b40:   c3 41 8b 41 18 8d 0c c1 c1 e1 05 81 e9 00 01 00
0x00007ffc7a1f0b50:   00 41 89 49 04 49 8b c9 43 8b 04 82 41 89 01 41
0x00007ffc7a1f0b60:   89 51 08 48 83 c4 28 e9 04 13 e4 ff 42 8d 0c d0
0x00007ffc7a1f0b70:   c1 e1 05 41 89 49 04 8b c8 41 8d 42 01 41 8b 0c
0x00007ffc7a1f0b80:   88 41 89 09 49 8b c9 41 89 41 18 41 89 51 08 e8
0x00007ffc7a1f0b90:   dc 12 e4 ff eb 92 cc cc cc cc cc cc cc cc cc cc 


Stack slot to memory mapping:
stack at sp + 0 slots: 0x00000027ad8f0000 is pointing into the stack for thread: 0x000001a93f990800
stack at sp + 1 slots: 0x0 is NULL
stack at sp + 2 slots: 0x0000000000000438 is an unknown value
stack at sp + 3 slots: 0x000001a93f982000 points into unknown readable memory: 06 00 00 00 00 00 00 00
stack at sp + 4 slots: 0x0000000000000c20 is an unknown value
stack at sp + 5 slots: 0x00007ffc7a1ea421 jvm.dll
stack at sp + 6 slots: 0x000001a94380b070 points into unknown readable memory: 04 00 00 00 00 00 00 00
stack at sp + 7 slots: 0x00000027ad8fbce0 is pointing into the stack for thread: 0x000001a93f990800


---------------  P R O C E S S  ---------------

Threads class SMR info:
_java_thread_list=0x000001a9429a9670, length=25, elements={
0x000001a9201dc800, 0x000001a93f971000, 0x000001a93f978000, 0x000001a93f989800,
0x000001a93f98a800, 0x000001a93f990800, 0x000001a93f994800, 0x000001a93f999800,
0x000001a940357000, 0x000001a94035c800, 0x000001a941e85000, 0x000001a942923800,
0x000001a9421e1000, 0x000001a942c25800, 0x000001a9420c7000, 0x000001a9424d3000,
0x000001a942479000, 0x000001a94247a000, 0x000001a942c23800, 0x000001a942c24800,
0x000001a9420c2000, 0x000001a9420c3000, 0x000001a9420c4800, 0x000001a942529000,
0x000001a9420c3800
}

Java Threads: ( => current thread )
  0x000001a9201dc800 JavaThread "main" [_thread_blocked, id=13128, stack(0x00000027acd00000,0x00000027ace00000)]
  0x000001a93f971000 JavaThread "Reference Handler" daemon [_thread_blocked, id=10380, stack(0x00000027ad400000,0x00000027ad500000)]
  0x000001a93f978000 JavaThread "Finalizer" daemon [_thread_blocked, id=16676, stack(0x00000027ad500000,0x00000027ad600000)]
  0x000001a93f989800 JavaThread "Signal Dispatcher" daemon [_thread_blocked, id=20976, stack(0x00000027ad600000,0x00000027ad700000)]
  0x000001a93f98a800 JavaThread "Attach Listener" daemon [_thread_blocked, id=14656, stack(0x00000027ad700000,0x00000027ad800000)]
=>0x000001a93f990800 JavaThread "C2 CompilerThread0" daemon [_thread_in_native, id=18372, stack(0x00000027ad800000,0x00000027ad900000)]
  0x000001a93f994800 JavaThread "C1 CompilerThread0" daemon [_thread_blocked, id=14884, stack(0x00000027ad900000,0x00000027ada00000)]
  0x000001a93f999800 JavaThread "Sweeper thread" daemon [_thread_blocked, id=1732, stack(0x00000027ada00000,0x00000027adb00000)]
  0x000001a940357000 JavaThread "Common-Cleaner" daemon [_thread_blocked, id=17500, stack(0x00000027adb00000,0x00000027adc00000)]
  0x000001a94035c800 JavaThread "Service Thread" daemon [_thread_blocked, id=15368, stack(0x00000027adc00000,0x00000027add00000)]
  0x000001a941e85000 JavaThread "Daemon health stats" [_thread_blocked, id=12264, stack(0x00000027ae300000,0x00000027ae400000)]
  0x000001a942923800 JavaThread "Incoming local TCP Connector on port 54047" [_thread_in_native, id=6712, stack(0x00000027ade00000,0x00000027adf00000)]
  0x000001a9421e1000 JavaThread "Daemon periodic checks" [_thread_blocked, id=7656, stack(0x00000027ae400000,0x00000027ae500000)]
  0x000001a942c25800 JavaThread "Daemon" [_thread_blocked, id=11188, stack(0x00000027ae500000,0x00000027ae600000)]
  0x000001a9420c7000 JavaThread "Handler for socket connection from /127.0.0.1:54047 to /127.0.0.1:54048" [_thread_in_native, id=13612, stack(0x00000027ae600000,0x00000027ae700000)]
  0x000001a9424d3000 JavaThread "Cancel handler" [_thread_blocked, id=16924, stack(0x00000027ae700000,0x00000027ae800000)]
  0x000001a942479000 JavaThread "Daemon worker" [_thread_in_vm, id=9224, stack(0x00000027ae800000,0x00000027ae900000)]
  0x000001a94247a000 JavaThread "Asynchronous log dispatcher for DefaultDaemonConnection: socket connection from /127.0.0.1:54047 to /127.0.0.1:54048" [_thread_blocked, id=4056, stack(0x00000027ae900000,0x00000027aea00000)]
  0x000001a942c23800 JavaThread "Stdin handler" [_thread_blocked, id=14988, stack(0x00000027aea00000,0x00000027aeb00000)]
  0x000001a942c24800 JavaThread "Daemon client event forwarder" [_thread_blocked, id=20604, stack(0x00000027aeb00000,0x00000027aec00000)]
  0x000001a9420c2000 JavaThread "Cache worker for journal cache (C:\Users\jeffe\.gradle\caches\journal-1)" [_thread_blocked, id=18260, stack(0x00000027aec00000,0x00000027aed00000)]
  0x000001a9420c3000 JavaThread "File lock request listener" [_thread_in_native, id=21828, stack(0x00000027aed00000,0x00000027aee00000)]
  0x000001a9420c4800 JavaThread "Cache worker for file hash cache (C:\Users\jeffe\.gradle\caches\7.3.2\fileHashes)" [_thread_blocked, id=22216, stack(0x00000027aee00000,0x00000027aef00000)]
  0x000001a942529000 JavaThread "C2 CompilerThread1" daemon [_thread_in_native, id=10604, stack(0x00000027af200000,0x00000027af300000)]
  0x000001a9420c3800 JavaThread "Cache worker for file hash cache (C:\Users\jeffe\AndroidStudioProjects\FirstAidKit3\.gradle\7.3.2\fileHashes)" [_thread_blocked, id=2232, stack(0x00000027af300000,0x00000027af400000)]

Other Threads:
  0x000001a93f970000 VMThread "VM Thread" [stack: 0x00000027ad300000,0x00000027ad400000] [id=21552]
  0x000001a94035d800 WatcherThread [stack: 0x00000027add00000,0x00000027ade00000] [id=3816]
  0x000001a92021f000 GCTaskThread "GC Thread#0" [stack: 0x00000027ace00000,0x00000027acf00000] [id=8140]
  0x000001a940cb3800 GCTaskThread "GC Thread#1" [stack: 0x00000027adf00000,0x00000027ae000000] [id=20416]
  0x000001a940ce9800 GCTaskThread "GC Thread#2" [stack: 0x00000027ae000000,0x00000027ae100000] [id=1880]
  0x000001a941070800 GCTaskThread "GC Thread#3" [stack: 0x00000027ae100000,0x00000027ae200000] [id=17620]
  0x000001a940c19000 GCTaskThread "GC Thread#4" [stack: 0x00000027ae200000,0x00000027ae300000] [id=16696]
  0x000001a942715800 GCTaskThread "GC Thread#5" [stack: 0x00000027aef00000,0x00000027af000000] [id=16704]
  0x000001a941983800 GCTaskThread "GC Thread#6" [stack: 0x00000027af000000,0x00000027af100000] [id=14324]
  0x000001a94045c800 GCTaskThread "GC Thread#7" [stack: 0x00000027af100000,0x00000027af200000] [id=14320]
  0x000001a920230800 ConcurrentGCThread "G1 Main Marker" [stack: 0x00000027acf00000,0x00000027ad000000] [id=14676]
  0x000001a920232800 ConcurrentGCThread "G1 Conc#0" [stack: 0x00000027ad000000,0x00000027ad100000] [id=10444]
  0x000001a93f863000 ConcurrentGCThread "G1 Refine#0" [stack: 0x00000027ad100000,0x00000027ad200000] [id=11252]
  0x000001a93f865000 ConcurrentGCThread "G1 Young RemSet Sampling" [stack: 0x00000027ad200000,0x00000027ad300000] [id=18636]

Threads with active compile tasks:
C2 CompilerThread0     6116 1962   !   4       java.lang.ClassLoader::loadClass (122 bytes)
C2 CompilerThread1     6116 2097   !   4       java.net.URLClassLoader::findClass (47 bytes)

VM state:not at safepoint (normal execution)

VM Mutex/Monitor currently owned by a thread: None

Heap address: 0x0000000080000000, size: 2048 MB, Compressed Oops mode: 32-bit
Narrow klass base: 0x0000000800000000, Narrow klass shift: 3
Compressed class space size: 1073741824 Address: 0x0000000800b40000

Heap:
 garbage-first heap   total 229376K, used 29104K [0x0000000080000000, 0x0000000100000000)
  region size 1024K, 23 young (23552K), 11 survivors (11264K)
 Metaspace       used 16760K, capacity 17330K, committed 17536K, reserved 1064960K
  class space    used 2442K, capacity 2642K, committed 2688K, reserved 1048576K
Heap Regions: E=young(eden), S=young(survivor), O=old, HS=humongous(starts), HC=humongous(continues), CS=collection set, F=free, A=archive, TAMS=top-at-mark-start (previous, next)
|   0|0x0000000080000000, 0x0000000080000000, 0x0000000080100000|  0%| F|  |TAMS 0x0000000080000000, 0x0000000080000000| Untracked 
|   1|0x0000000080100000, 0x0000000080100000, 0x0000000080200000|  0%| F|  |TAMS 0x0000000080100000, 0x0000000080100000| Untracked 
|   2|0x0000000080200000, 0x0000000080200000, 0x0000000080300000|  0%| F|  |TAMS 0x0000000080200000, 0x0000000080200000| Untracked 
|   3|0x0000000080300000, 0x0000000080400000, 0x0000000080400000|100%|HS|  |TAMS 0x0000000080300000, 0x0000000080300000| Complete 
|   4|0x0000000080400000, 0x0000000080500000, 0x0000000080500000|100%|HC|  |TAMS 0x0000000080400000, 0x0000000080400000| Complete 
|   5|0x0000000080500000, 0x0000000080600000, 0x0000000080600000|100%|HC|  |TAMS 0x0000000080500000, 0x0000000080500000| Complete 
|   6|0x0000000080600000, 0x0000000080700000, 0x0000000080700000|100%| O|  |TAMS 0x0000000080600000, 0x0000000080600000| Untracked 
|   7|0x0000000080700000, 0x0000000080800000, 0x0000000080800000|100%| O|  |TAMS 0x0000000080700000, 0x0000000080700000| Untracked 
|   8|0x0000000080800000, 0x0000000080900000, 0x0000000080900000|100%| O|  |TAMS 0x0000000080800000, 0x0000000080800000| Untracked 
|   9|0x0000000080900000, 0x0000000080982200, 0x0000000080a00000| 50%| O|  |TAMS 0x0000000080900000, 0x0000000080900000| Untracked 
|  10|0x0000000080a00000, 0x0000000080a00000, 0x0000000080b00000|  0%| F|  |TAMS 0x0000000080a00000, 0x0000000080a00000| Untracked 
|  11|0x0000000080b00000, 0x0000000080b00000, 0x0000000080c00000|  0%| F|  |TAMS 0x0000000080b00000, 0x0000000080b00000| Untracked 
|  12|0x0000000080c00000, 0x0000000080c00000, 0x0000000080d00000|  0%| F|  |TAMS 0x0000000080c00000, 0x0000000080c00000| Untracked 
|  13|0x0000000080d00000, 0x0000000080d00000, 0x0000000080e00000|  0%| F|  |TAMS 0x0000000080d00000, 0x0000000080d00000| Untracked 
|  14|0x0000000080e00000, 0x0000000080e00000, 0x0000000080f00000|  0%| F|  |TAMS 0x0000000080e00000, 0x0000000080e00000| Untracked 
|  15|0x0000000080f00000, 0x0000000080f00000, 0x0000000081000000|  0%| F|  |TAMS 0x0000000080f00000, 0x0000000080f00000| Untracked 
|  16|0x0000000081000000, 0x0000000081000000, 0x0000000081100000|  0%| F|  |TAMS 0x0000000081000000, 0x0000000081000000| Untracked 
|  17|0x0000000081100000, 0x0000000081100000, 0x0000000081200000|  0%| F|  |TAMS 0x0000000081100000, 0x0000000081100000| Untracked 
|  18|0x0000000081200000, 0x0000000081200000, 0x0000000081300000|  0%| F|  |TAMS 0x0000000081200000, 0x0000000081200000| Untracked 
|  19|0x0000000081300000, 0x0000000081300000, 0x0000000081400000|  0%| F|  |TAMS 0x0000000081300000, 0x0000000081300000| Untracked 
|  20|0x0000000081400000, 0x0000000081400000, 0x0000000081500000|  0%| F|  |TAMS 0x0000000081400000, 0x0000000081400000| Untracked 
|  21|0x0000000081500000, 0x0000000081500000, 0x0000000081600000|  0%| F|  |TAMS 0x0000000081500000, 0x0000000081500000| Untracked 
|  22|0x0000000081600000, 0x0000000081600000, 0x0000000081700000|  0%| F|  |TAMS 0x0000000081600000, 0x0000000081600000| Untracked 
|  23|0x0000000081700000, 0x0000000081700000, 0x0000000081800000|  0%| F|  |TAMS 0x0000000081700000, 0x0000000081700000| Untracked 
|  24|0x0000000081800000, 0x0000000081800000, 0x0000000081900000|  0%| F|  |TAMS 0x0000000081800000, 0x0000000081800000| Untracked 
|  25|0x0000000081900000, 0x0000000081900000, 0x0000000081a00000|  0%| F|  |TAMS 0x0000000081900000, 0x0000000081900000| Untracked 
|  26|0x0000000081a00000, 0x0000000081a00000, 0x0000000081b00000|  0%| F|  |TAMS 0x0000000081a00000, 0x0000000081a00000| Untracked 
|  27|0x0000000081b00000, 0x0000000081b00000, 0x0000000081c00000|  0%| F|  |TAMS 0x0000000081b00000, 0x0000000081b00000| Untracked 
|  28|0x0000000081c00000, 0x0000000081c00000, 0x0000000081d00000|  0%| F|  |TAMS 0x0000000081c00000, 0x0000000081c00000| Untracked 
|  29|0x0000000081d00000, 0x0000000081d00000, 0x0000000081e00000|  0%| F|  |TAMS 0x0000000081d00000, 0x0000000081d00000| Untracked 
|  30|0x0000000081e00000, 0x0000000081e00000, 0x0000000081f00000|  0%| F|  |TAMS 0x0000000081e00000, 0x0000000081e00000| Untracked 
|  31|0x0000000081f00000, 0x0000000081f00000, 0x0000000082000000|  0%| F|  |TAMS 0x0000000081f00000, 0x0000000081f00000| Untracked 
|  32|0x0000000082000000, 0x0000000082000000, 0x0000000082100000|  0%| F|  |TAMS 0x0000000082000000, 0x0000000082000000| Untracked 
|  33|0x0000000082100000, 0x0000000082100000, 0x0000000082200000|  0%| F|  |TAMS 0x0000000082100000, 0x0000000082100000| Untracked 
|  34|0x0000000082200000, 0x0000000082200000, 0x0000000082300000|  0%| F|  |TAMS 0x0000000082200000, 0x0000000082200000| Untracked 
|  35|0x0000000082300000, 0x0000000082300000, 0x0000000082400000|  0%| F|  |TAMS 0x0000000082300000, 0x0000000082300000| Untracked 
|  36|0x0000000082400000, 0x0000000082400000, 0x0000000082500000|  0%| F|  |TAMS 0x0000000082400000, 0x0000000082400000| Untracked 
|  37|0x0000000082500000, 0x0000000082500000, 0x0000000082600000|  0%| F|  |TAMS 0x0000000082500000, 0x0000000082500000| Untracked 
|  38|0x0000000082600000, 0x0000000082600000, 0x0000000082700000|  0%| F|  |TAMS 0x0000000082600000, 0x0000000082600000| Untracked 
|  39|0x0000000082700000, 0x0000000082700000, 0x0000000082800000|  0%| F|  |TAMS 0x0000000082700000, 0x0000000082700000| Untracked 
|  40|0x0000000082800000, 0x0000000082800000, 0x0000000082900000|  0%| F|  |TAMS 0x0000000082800000, 0x0000000082800000| Untracked 
|  41|0x0000000082900000, 0x0000000082900000, 0x0000000082a00000|  0%| F|  |TAMS 0x0000000082900000, 0x0000000082900000| Untracked 
|  42|0x0000000082a00000, 0x0000000082a00000, 0x0000000082b00000|  0%| F|  |TAMS 0x0000000082a00000, 0x0000000082a00000| Untracked 
|  43|0x0000000082b00000, 0x0000000082b00000, 0x0000000082c00000|  0%| F|  |TAMS 0x0000000082b00000, 0x0000000082b00000| Untracked 
|  44|0x0000000082c00000, 0x0000000082c00000, 0x0000000082d00000|  0%| F|  |TAMS 0x0000000082c00000, 0x0000000082c00000| Untracked 
|  45|0x0000000082d00000, 0x0000000082d00000, 0x0000000082e00000|  0%| F|  |TAMS 0x0000000082d00000, 0x0000000082d00000| Untracked 
|  46|0x0000000082e00000, 0x0000000082e00000, 0x0000000082f00000|  0%| F|  |TAMS 0x0000000082e00000, 0x0000000082e00000| Untracked 
|  47|0x0000000082f00000, 0x0000000082f00000, 0x0000000083000000|  0%| F|  |TAMS 0x0000000082f00000, 0x0000000082f00000| Untracked 
|  48|0x0000000083000000, 0x0000000083000000, 0x0000000083100000|  0%| F|  |TAMS 0x0000000083000000, 0x0000000083000000| Untracked 
|  49|0x0000000083100000, 0x0000000083100000, 0x0000000083200000|  0%| F|  |TAMS 0x0000000083100000, 0x0000000083100000| Untracked 
|  50|0x0000000083200000, 0x0000000083200000, 0x0000000083300000|  0%| F|  |TAMS 0x0000000083200000, 0x0000000083200000| Untracked 
|  51|0x0000000083300000, 0x0000000083300000, 0x0000000083400000|  0%| F|  |TAMS 0x0000000083300000, 0x0000000083300000| Untracked 
|  52|0x0000000083400000, 0x0000000083400000, 0x0000000083500000|  0%| F|  |TAMS 0x0000000083400000, 0x0000000083400000| Untracked 
|  53|0x0000000083500000, 0x0000000083500000, 0x0000000083600000|  0%| F|  |TAMS 0x0000000083500000, 0x0000000083500000| Untracked 
|  54|0x0000000083600000, 0x0000000083600000, 0x0000000083700000|  0%| F|  |TAMS 0x0000000083600000, 0x0000000083600000| Untracked 
|  55|0x0000000083700000, 0x0000000083700000, 0x0000000083800000|  0%| F|  |TAMS 0x0000000083700000, 0x0000000083700000| Untracked 
|  56|0x0000000083800000, 0x0000000083800000, 0x0000000083900000|  0%| F|  |TAMS 0x0000000083800000, 0x0000000083800000| Untracked 
|  57|0x0000000083900000, 0x0000000083900000, 0x0000000083a00000|  0%| F|  |TAMS 0x0000000083900000, 0x0000000083900000| Untracked 
|  58|0x0000000083a00000, 0x0000000083a00000, 0x0000000083b00000|  0%| F|  |TAMS 0x0000000083a00000, 0x0000000083a00000| Untracked 
|  59|0x0000000083b00000, 0x0000000083b00000, 0x0000000083c00000|  0%| F|  |TAMS 0x0000000083b00000, 0x0000000083b00000| Untracked 
|  60|0x0000000083c00000, 0x0000000083c00000, 0x0000000083d00000|  0%| F|  |TAMS 0x0000000083c00000, 0x0000000083c00000| Untracked 
|  61|0x0000000083d00000, 0x0000000083d00000, 0x0000000083e00000|  0%| F|  |TAMS 0x0000000083d00000, 0x0000000083d00000| Untracked 
|  62|0x0000000083e00000, 0x0000000083e00000, 0x0000000083f00000|  0%| F|  |TAMS 0x0000000083e00000, 0x0000000083e00000| Untracked 
|  63|0x0000000083f00000, 0x0000000083f00000, 0x0000000084000000|  0%| F|  |TAMS 0x0000000083f00000, 0x0000000083f00000| Untracked 
|  64|0x0000000084000000, 0x0000000084000000, 0x0000000084100000|  0%| F|  |TAMS 0x0000000084000000, 0x0000000084000000| Untracked 
|  65|0x0000000084100000, 0x0000000084100000, 0x0000000084200000|  0%| F|  |TAMS 0x0000000084100000, 0x0000000084100000| Untracked 
|  66|0x0000000084200000, 0x0000000084200000, 0x0000000084300000|  0%| F|  |TAMS 0x0000000084200000, 0x0000000084200000| Untracked 
|  67|0x0000000084300000, 0x0000000084300000, 0x0000000084400000|  0%| F|  |TAMS 0x0000000084300000, 0x0000000084300000| Untracked 
|  68|0x0000000084400000, 0x0000000084400000, 0x0000000084500000|  0%| F|  |TAMS 0x0000000084400000, 0x0000000084400000| Untracked 
|  69|0x0000000084500000, 0x0000000084500000, 0x0000000084600000|  0%| F|  |TAMS 0x0000000084500000, 0x0000000084500000| Untracked 
|  70|0x0000000084600000, 0x0000000084600000, 0x0000000084700000|  0%| F|  |TAMS 0x0000000084600000, 0x0000000084600000| Untracked 
|  71|0x0000000084700000, 0x0000000084700000, 0x0000000084800000|  0%| F|  |TAMS 0x0000000084700000, 0x0000000084700000| Untracked 
|  72|0x0000000084800000, 0x0000000084800000, 0x0000000084900000|  0%| F|  |TAMS 0x0000000084800000, 0x0000000084800000| Untracked 
|  73|0x0000000084900000, 0x0000000084900000, 0x0000000084a00000|  0%| F|  |TAMS 0x0000000084900000, 0x0000000084900000| Untracked 
|  74|0x0000000084a00000, 0x0000000084a00000, 0x0000000084b00000|  0%| F|  |TAMS 0x0000000084a00000, 0x0000000084a00000| Untracked 
|  75|0x0000000084b00000, 0x0000000084b00000, 0x0000000084c00000|  0%| F|  |TAMS 0x0000000084b00000, 0x0000000084b00000| Untracked 
|  76|0x0000000084c00000, 0x0000000084c00000, 0x0000000084d00000|  0%| F|  |TAMS 0x0000000084c00000, 0x0000000084c00000| Untracked 
|  77|0x0000000084d00000, 0x0000000084d00000, 0x0000000084e00000|  0%| F|  |TAMS 0x0000000084d00000, 0x0000000084d00000| Untracked 
|  78|0x0000000084e00000, 0x0000000084e00000, 0x0000000084f00000|  0%| F|  |TAMS 0x0000000084e00000, 0x0000000084e00000| Untracked 
|  79|0x0000000084f00000, 0x0000000084fe9f50, 0x0000000085000000| 91%| S|CS|TAMS 0x0000000084f00000, 0x0000000084f00000| Complete 
|  80|0x0000000085000000, 0x0000000085100000, 0x0000000085100000|100%| S|CS|TAMS 0x0000000085000000, 0x0000000085000000| Complete 
|  81|0x0000000085100000, 0x0000000085200000, 0x0000000085200000|100%| S|CS|TAMS 0x0000000085100000, 0x0000000085100000| Complete 
|  82|0x0000000085200000, 0x0000000085300000, 0x0000000085300000|100%| S|CS|TAMS 0x0000000085200000, 0x0000000085200000| Complete 
|  83|0x0000000085300000, 0x0000000085400000, 0x0000000085400000|100%| S|CS|TAMS 0x0000000085300000, 0x0000000085300000| Complete 
|  84|0x0000000085400000, 0x0000000085500000, 0x0000000085500000|100%| S|CS|TAMS 0x0000000085400000, 0x0000000085400000| Complete 
|  85|0x0000000085500000, 0x0000000085600000, 0x0000000085600000|100%| S|CS|TAMS 0x0000000085500000, 0x0000000085500000| Complete 
|  86|0x0000000085600000, 0x0000000085700000, 0x0000000085700000|100%| S|CS|TAMS 0x0000000085600000, 0x0000000085600000| Complete 
|  87|0x0000000085700000, 0x0000000085800000, 0x0000000085800000|100%| S|CS|TAMS 0x0000000085700000, 0x0000000085700000| Complete 
|  88|0x0000000085800000, 0x0000000085900000, 0x0000000085900000|100%| S|CS|TAMS 0x0000000085800000, 0x0000000085800000| Complete 
|  89|0x0000000085900000, 0x0000000085a00000, 0x0000000085a00000|100%| S|CS|TAMS 0x0000000085900000, 0x0000000085900000| Complete 
|  90|0x0000000085a00000, 0x0000000085a00000, 0x0000000085b00000|  0%| F|  |TAMS 0x0000000085a00000, 0x0000000085a00000| Untracked 
|  91|0x0000000085b00000, 0x0000000085b00000, 0x0000000085c00000|  0%| F|  |TAMS 0x0000000085b00000, 0x0000000085b00000| Untracked 
|  92|0x0000000085c00000, 0x0000000085c00000, 0x0000000085d00000|  0%| F|  |TAMS 0x0000000085c00000, 0x0000000085c00000| Untracked 
|  93|0x0000000085d00000, 0x0000000085d00000, 0x0000000085e00000|  0%| F|  |TAMS 0x0000000085d00000, 0x0000000085d00000| Untracked 
|  94|0x0000000085e00000, 0x0000000085e00000, 0x0000000085f00000|  0%| F|  |TAMS 0x0000000085e00000, 0x0000000085e00000| Untracked 
|  95|0x0000000085f00000, 0x0000000085f00000, 0x0000000086000000|  0%| F|  |TAMS 0x0000000085f00000, 0x0000000085f00000| Untracked 
|  96|0x0000000086000000, 0x0000000086000000, 0x0000000086100000|  0%| F|  |TAMS 0x0000000086000000, 0x0000000086000000| Untracked 
|  97|0x0000000086100000, 0x0000000086100000, 0x0000000086200000|  0%| F|  |TAMS 0x0000000086100000, 0x0000000086100000| Untracked 
|  98|0x0000000086200000, 0x0000000086200000, 0x0000000086300000|  0%| F|  |TAMS 0x0000000086200000, 0x0000000086200000| Untracked 
|  99|0x0000000086300000, 0x0000000086300000, 0x0000000086400000|  0%| F|  |TAMS 0x0000000086300000, 0x0000000086300000| Untracked 
| 100|0x0000000086400000, 0x0000000086400000, 0x0000000086500000|  0%| F|  |TAMS 0x0000000086400000, 0x0000000086400000| Untracked 
| 101|0x0000000086500000, 0x0000000086500000, 0x0000000086600000|  0%| F|  |TAMS 0x0000000086500000, 0x0000000086500000| Untracked 
| 102|0x0000000086600000, 0x0000000086600000, 0x0000000086700000|  0%| F|  |TAMS 0x0000000086600000, 0x0000000086600000| Untracked 
| 103|0x0000000086700000, 0x0000000086700000, 0x0000000086800000|  0%| F|  |TAMS 0x0000000086700000, 0x0000000086700000| Untracked 
| 104|0x0000000086800000, 0x0000000086800000, 0x0000000086900000|  0%| F|  |TAMS 0x0000000086800000, 0x0000000086800000| Untracked 
| 105|0x0000000086900000, 0x0000000086900000, 0x0000000086a00000|  0%| F|  |TAMS 0x0000000086900000, 0x0000000086900000| Untracked 
| 106|0x0000000086a00000, 0x0000000086a00000, 0x0000000086b00000|  0%| F|  |TAMS 0x0000000086a00000, 0x0000000086a00000| Untracked 
| 107|0x0000000086b00000, 0x0000000086b00000, 0x0000000086c00000|  0%| F|  |TAMS 0x0000000086b00000, 0x0000000086b00000| Untracked 
| 108|0x0000000086c00000, 0x0000000086c00000, 0x0000000086d00000|  0%| F|  |TAMS 0x0000000086c00000, 0x0000000086c00000| Untracked 
| 109|0x0000000086d00000, 0x0000000086d00000, 0x0000000086e00000|  0%| F|  |TAMS 0x0000000086d00000, 0x0000000086d00000| Untracked 
| 110|0x0000000086e00000, 0x0000000086e00000, 0x0000000086f00000|  0%| F|  |TAMS 0x0000000086e00000, 0x0000000086e00000| Untracked 
| 111|0x0000000086f00000, 0x0000000086f00000, 0x0000000087000000|  0%| F|  |TAMS 0x0000000086f00000, 0x0000000086f00000| Untracked 
| 112|0x0000000087000000, 0x0000000087000000, 0x0000000087100000|  0%| F|  |TAMS 0x0000000087000000, 0x0000000087000000| Untracked 
| 113|0x0000000087100000, 0x0000000087100000, 0x0000000087200000|  0%| F|  |TAMS 0x0000000087100000, 0x0000000087100000| Untracked 
| 114|0x0000000087200000, 0x0000000087200000, 0x0000000087300000|  0%| F|  |TAMS 0x0000000087200000, 0x0000000087200000| Untracked 
| 115|0x0000000087300000, 0x0000000087300000, 0x0000000087400000|  0%| F|  |TAMS 0x0000000087300000, 0x0000000087300000| Untracked 
| 116|0x0000000087400000, 0x0000000087400000, 0x0000000087500000|  0%| F|  |TAMS 0x0000000087400000, 0x0000000087400000| Untracked 
| 117|0x0000000087500000, 0x0000000087500000, 0x0000000087600000|  0%| F|  |TAMS 0x0000000087500000, 0x0000000087500000| Untracked 
| 118|0x0000000087600000, 0x0000000087600000, 0x0000000087700000|  0%| F|  |TAMS 0x0000000087600000, 0x0000000087600000| Untracked 
| 119|0x0000000087700000, 0x0000000087700000, 0x0000000087800000|  0%| F|  |TAMS 0x0000000087700000, 0x0000000087700000| Untracked 
| 120|0x0000000087800000, 0x0000000087800000, 0x0000000087900000|  0%| F|  |TAMS 0x0000000087800000, 0x0000000087800000| Untracked 
| 121|0x0000000087900000, 0x0000000087900000, 0x0000000087a00000|  0%| F|  |TAMS 0x0000000087900000, 0x0000000087900000| Untracked 
| 122|0x0000000087a00000, 0x0000000087a00000, 0x0000000087b00000|  0%| F|  |TAMS 0x0000000087a00000, 0x0000000087a00000| Untracked 
| 123|0x0000000087b00000, 0x0000000087b00000, 0x0000000087c00000|  0%| F|  |TAMS 0x0000000087b00000, 0x0000000087b00000| Untracked 
| 124|0x0000000087c00000, 0x0000000087c00000, 0x0000000087d00000|  0%| F|  |TAMS 0x0000000087c00000, 0x0000000087c00000| Untracked 
| 125|0x0000000087d00000, 0x0000000087d00000, 0x0000000087e00000|  0%| F|  |TAMS 0x0000000087d00000, 0x0000000087d00000| Untracked 
| 126|0x0000000087e00000, 0x0000000087e00000, 0x0000000087f00000|  0%| F|  |TAMS 0x0000000087e00000, 0x0000000087e00000| Untracked 
| 127|0x0000000087f00000, 0x0000000087f00000, 0x0000000088000000|  0%| F|  |TAMS 0x0000000087f00000, 0x0000000087f00000| Untracked 
| 128|0x0000000088000000, 0x0000000088000000, 0x0000000088100000|  0%| F|  |TAMS 0x0000000088000000, 0x0000000088000000| Untracked 
| 129|0x0000000088100000, 0x0000000088100000, 0x0000000088200000|  0%| F|  |TAMS 0x0000000088100000, 0x0000000088100000| Untracked 
| 130|0x0000000088200000, 0x0000000088200000, 0x0000000088300000|  0%| F|  |TAMS 0x0000000088200000, 0x0000000088200000| Untracked 
| 131|0x0000000088300000, 0x0000000088300000, 0x0000000088400000|  0%| F|  |TAMS 0x0000000088300000, 0x0000000088300000| Untracked 
| 132|0x0000000088400000, 0x0000000088400000, 0x0000000088500000|  0%| F|  |TAMS 0x0000000088400000, 0x0000000088400000| Untracked 
| 133|0x0000000088500000, 0x0000000088500000, 0x0000000088600000|  0%| F|  |TAMS 0x0000000088500000, 0x0000000088500000| Untracked 
| 134|0x0000000088600000, 0x0000000088600000, 0x0000000088700000|  0%| F|  |TAMS 0x0000000088600000, 0x0000000088600000| Untracked 
| 135|0x0000000088700000, 0x0000000088700000, 0x0000000088800000|  0%| F|  |TAMS 0x0000000088700000, 0x0000000088700000| Untracked 
| 136|0x0000000088800000, 0x0000000088800000, 0x0000000088900000|  0%| F|  |TAMS 0x0000000088800000, 0x0000000088800000| Untracked 
| 137|0x0000000088900000, 0x0000000088900000, 0x0000000088a00000|  0%| F|  |TAMS 0x0000000088900000, 0x0000000088900000| Untracked 
| 138|0x0000000088a00000, 0x0000000088a00000, 0x0000000088b00000|  0%| F|  |TAMS 0x0000000088a00000, 0x0000000088a00000| Untracked 
| 139|0x0000000088b00000, 0x0000000088b00000, 0x0000000088c00000|  0%| F|  |TAMS 0x0000000088b00000, 0x0000000088b00000| Untracked 
| 140|0x0000000088c00000, 0x0000000088c00000, 0x0000000088d00000|  0%| F|  |TAMS 0x0000000088c00000, 0x0000000088c00000| Untracked 
| 141|0x0000000088d00000, 0x0000000088d00000, 0x0000000088e00000|  0%| F|  |TAMS 0x0000000088d00000, 0x0000000088d00000| Untracked 
| 142|0x0000000088e00000, 0x0000000088e00000, 0x0000000088f00000|  0%| F|  |TAMS 0x0000000088e00000, 0x0000000088e00000| Untracked 
| 143|0x0000000088f00000, 0x0000000088f00000, 0x0000000089000000|  0%| F|  |TAMS 0x0000000088f00000, 0x0000000088f00000| Untracked 
| 144|0x0000000089000000, 0x0000000089000000, 0x0000000089100000|  0%| F|  |TAMS 0x0000000089000000, 0x0000000089000000| Untracked 
| 145|0x0000000089100000, 0x0000000089100000, 0x0000000089200000|  0%| F|  |TAMS 0x0000000089100000, 0x0000000089100000| Untracked 
| 146|0x0000000089200000, 0x0000000089200000, 0x0000000089300000|  0%| F|  |TAMS 0x0000000089200000, 0x0000000089200000| Untracked 
| 147|0x0000000089300000, 0x0000000089300000, 0x0000000089400000|  0%| F|  |TAMS 0x0000000089300000, 0x0000000089300000| Untracked 
| 148|0x0000000089400000, 0x0000000089400000, 0x0000000089500000|  0%| F|  |TAMS 0x0000000089400000, 0x0000000089400000| Untracked 
| 149|0x0000000089500000, 0x0000000089500000, 0x0000000089600000|  0%| F|  |TAMS 0x0000000089500000, 0x0000000089500000| Untracked 
| 150|0x0000000089600000, 0x0000000089600000, 0x0000000089700000|  0%| F|  |TAMS 0x0000000089600000, 0x0000000089600000| Untracked 
| 151|0x0000000089700000, 0x0000000089700000, 0x0000000089800000|  0%| F|  |TAMS 0x0000000089700000, 0x0000000089700000| Untracked 
| 152|0x0000000089800000, 0x0000000089800000, 0x0000000089900000|  0%| F|  |TAMS 0x0000000089800000, 0x0000000089800000| Untracked 
| 153|0x0000000089900000, 0x0000000089900000, 0x0000000089a00000|  0%| F|  |TAMS 0x0000000089900000, 0x0000000089900000| Untracked 
| 154|0x0000000089a00000, 0x0000000089a00000, 0x0000000089b00000|  0%| F|  |TAMS 0x0000000089a00000, 0x0000000089a00000| Untracked 
| 155|0x0000000089b00000, 0x0000000089b00000, 0x0000000089c00000|  0%| F|  |TAMS 0x0000000089b00000, 0x0000000089b00000| Untracked 
| 156|0x0000000089c00000, 0x0000000089c00000, 0x0000000089d00000|  0%| F|  |TAMS 0x0000000089c00000, 0x0000000089c00000| Untracked 
| 157|0x0000000089d00000, 0x0000000089d00000, 0x0000000089e00000|  0%| F|  |TAMS 0x0000000089d00000, 0x0000000089d00000| Untracked 
| 158|0x0000000089e00000, 0x0000000089e00000, 0x0000000089f00000|  0%| F|  |TAMS 0x0000000089e00000, 0x0000000089e00000| Untracked 
| 159|0x0000000089f00000, 0x0000000089f00000, 0x000000008a000000|  0%| F|  |TAMS 0x0000000089f00000, 0x0000000089f00000| Untracked 
| 160|0x000000008a000000, 0x000000008a000000, 0x000000008a100000|  0%| F|  |TAMS 0x000000008a000000, 0x000000008a000000| Untracked 
| 161|0x000000008a100000, 0x000000008a100000, 0x000000008a200000|  0%| F|  |TAMS 0x000000008a100000, 0x000000008a100000| Untracked 
| 162|0x000000008a200000, 0x000000008a200000, 0x000000008a300000|  0%| F|  |TAMS 0x000000008a200000, 0x000000008a200000| Untracked 
| 163|0x000000008a300000, 0x000000008a300000, 0x000000008a400000|  0%| F|  |TAMS 0x000000008a300000, 0x000000008a300000| Untracked 
| 164|0x000000008a400000, 0x000000008a400000, 0x000000008a500000|  0%| F|  |TAMS 0x000000008a400000, 0x000000008a400000| Untracked 
| 165|0x000000008a500000, 0x000000008a500000, 0x000000008a600000|  0%| F|  |TAMS 0x000000008a500000, 0x000000008a500000| Untracked 
| 166|0x000000008a600000, 0x000000008a600000, 0x000000008a700000|  0%| F|  |TAMS 0x000000008a600000, 0x000000008a600000| Untracked 
| 167|0x000000008a700000, 0x000000008a700000, 0x000000008a800000|  0%| F|  |TAMS 0x000000008a700000, 0x000000008a700000| Untracked 
| 168|0x000000008a800000, 0x000000008a800000, 0x000000008a900000|  0%| F|  |TAMS 0x000000008a800000, 0x000000008a800000| Untracked 
| 169|0x000000008a900000, 0x000000008a900000, 0x000000008aa00000|  0%| F|  |TAMS 0x000000008a900000, 0x000000008a900000| Untracked 
| 170|0x000000008aa00000, 0x000000008aa00000, 0x000000008ab00000|  0%| F|  |TAMS 0x000000008aa00000, 0x000000008aa00000| Untracked 
| 171|0x000000008ab00000, 0x000000008ab00000, 0x000000008ac00000|  0%| F|  |TAMS 0x000000008ab00000, 0x000000008ab00000| Untracked 
| 172|0x000000008ac00000, 0x000000008ac00000, 0x000000008ad00000|  0%| F|  |TAMS 0x000000008ac00000, 0x000000008ac00000| Untracked 
| 173|0x000000008ad00000, 0x000000008ad00000, 0x000000008ae00000|  0%| F|  |TAMS 0x000000008ad00000, 0x000000008ad00000| Untracked 
| 174|0x000000008ae00000, 0x000000008ae00000, 0x000000008af00000|  0%| F|  |TAMS 0x000000008ae00000, 0x000000008ae00000| Untracked 
| 175|0x000000008af00000, 0x000000008af00000, 0x000000008b000000|  0%| F|  |TAMS 0x000000008af00000, 0x000000008af00000| Untracked 
| 176|0x000000008b000000, 0x000000008b000000, 0x000000008b100000|  0%| F|  |TAMS 0x000000008b000000, 0x000000008b000000| Untracked 
| 177|0x000000008b100000, 0x000000008b100000, 0x000000008b200000|  0%| F|  |TAMS 0x000000008b100000, 0x000000008b100000| Untracked 
| 178|0x000000008b200000, 0x000000008b200000, 0x000000008b300000|  0%| F|  |TAMS 0x000000008b200000, 0x000000008b200000| Untracked 
| 179|0x000000008b300000, 0x000000008b300000, 0x000000008b400000|  0%| F|  |TAMS 0x000000008b300000, 0x000000008b300000| Untracked 
| 180|0x000000008b400000, 0x000000008b400000, 0x000000008b500000|  0%| F|  |TAMS 0x000000008b400000, 0x000000008b400000| Untracked 
| 181|0x000000008b500000, 0x000000008b500000, 0x000000008b600000|  0%| F|  |TAMS 0x000000008b500000, 0x000000008b500000| Untracked 
| 182|0x000000008b600000, 0x000000008b600000, 0x000000008b700000|  0%| F|  |TAMS 0x000000008b600000, 0x000000008b600000| Untracked 
| 183|0x000000008b700000, 0x000000008b700000, 0x000000008b800000|  0%| F|  |TAMS 0x000000008b700000, 0x000000008b700000| Untracked 
| 184|0x000000008b800000, 0x000000008b800000, 0x000000008b900000|  0%| F|  |TAMS 0x000000008b800000, 0x000000008b800000| Untracked 
| 185|0x000000008b900000, 0x000000008b900000, 0x000000008ba00000|  0%| F|  |TAMS 0x000000008b900000, 0x000000008b900000| Untracked 
| 186|0x000000008ba00000, 0x000000008ba00000, 0x000000008bb00000|  0%| F|  |TAMS 0x000000008ba00000, 0x000000008ba00000| Untracked 
| 187|0x000000008bb00000, 0x000000008bb00000, 0x000000008bc00000|  0%| F|  |TAMS 0x000000008bb00000, 0x000000008bb00000| Untracked 
| 188|0x000000008bc00000, 0x000000008bc00000, 0x000000008bd00000|  0%| F|  |TAMS 0x000000008bc00000, 0x000000008bc00000| Untracked 
| 189|0x000000008bd00000, 0x000000008bd00000, 0x000000008be00000|  0%| F|  |TAMS 0x000000008bd00000, 0x000000008bd00000| Untracked 
| 190|0x000000008be00000, 0x000000008be00000, 0x000000008bf00000|  0%| F|  |TAMS 0x000000008be00000, 0x000000008be00000| Untracked 
| 191|0x000000008bf00000, 0x000000008bf00000, 0x000000008c000000|  0%| F|  |TAMS 0x000000008bf00000, 0x000000008bf00000| Untracked 
| 192|0x000000008c000000, 0x000000008c000000, 0x000000008c100000|  0%| F|  |TAMS 0x000000008c000000, 0x000000008c000000| Untracked 
| 193|0x000000008c100000, 0x000000008c100000, 0x000000008c200000|  0%| F|  |TAMS 0x000000008c100000, 0x000000008c100000| Untracked 
| 194|0x000000008c200000, 0x000000008c200000, 0x000000008c300000|  0%| F|  |TAMS 0x000000008c200000, 0x000000008c200000| Untracked 
| 195|0x000000008c300000, 0x000000008c300000, 0x000000008c400000|  0%| F|  |TAMS 0x000000008c300000, 0x000000008c300000| Untracked 
| 196|0x000000008c400000, 0x000000008c400000, 0x000000008c500000|  0%| F|  |TAMS 0x000000008c400000, 0x000000008c400000| Untracked 
| 197|0x000000008c500000, 0x000000008c500000, 0x000000008c600000|  0%| F|  |TAMS 0x000000008c500000, 0x000000008c500000| Untracked 
| 198|0x000000008c600000, 0x000000008c600000, 0x000000008c700000|  0%| F|  |TAMS 0x000000008c600000, 0x000000008c600000| Untracked 
| 199|0x000000008c700000, 0x000000008c700000, 0x000000008c800000|  0%| F|  |TAMS 0x000000008c700000, 0x000000008c700000| Untracked 
| 200|0x000000008c800000, 0x000000008c800000, 0x000000008c900000|  0%| F|  |TAMS 0x000000008c800000, 0x000000008c800000| Untracked 
| 201|0x000000008c900000, 0x000000008c900000, 0x000000008ca00000|  0%| F|  |TAMS 0x000000008c900000, 0x000000008c900000| Untracked 
| 202|0x000000008ca00000, 0x000000008ca00000, 0x000000008cb00000|  0%| F|  |TAMS 0x000000008ca00000, 0x000000008ca00000| Untracked 
| 203|0x000000008cb00000, 0x000000008cb00000, 0x000000008cc00000|  0%| F|  |TAMS 0x000000008cb00000, 0x000000008cb00000| Untracked 
| 204|0x000000008cc00000, 0x000000008cc00000, 0x000000008cd00000|  0%| F|  |TAMS 0x000000008cc00000, 0x000000008cc00000| Untracked 
| 205|0x000000008cd00000, 0x000000008cd00000, 0x000000008ce00000|  0%| F|  |TAMS 0x000000008cd00000, 0x000000008cd00000| Untracked 
| 206|0x000000008ce00000, 0x000000008ce00000, 0x000000008cf00000|  0%| F|  |TAMS 0x000000008ce00000, 0x000000008ce00000| Untracked 
| 207|0x000000008cf00000, 0x000000008cf00000, 0x000000008d000000|  0%| F|  |TAMS 0x000000008cf00000, 0x000000008cf00000| Untracked 
| 208|0x000000008d000000, 0x000000008d000000, 0x000000008d100000|  0%| F|  |TAMS 0x000000008d000000, 0x000000008d000000| Untracked 
| 209|0x000000008d100000, 0x000000008d100000, 0x000000008d200000|  0%| F|  |TAMS 0x000000008d100000, 0x000000008d100000| Untracked 
| 210|0x000000008d200000, 0x000000008d200000, 0x000000008d300000|  0%| F|  |TAMS 0x000000008d200000, 0x000000008d200000| Untracked 
| 211|0x000000008d300000, 0x000000008d380800, 0x000000008d400000| 50%| E|  |TAMS 0x000000008d300000, 0x000000008d300000| Complete 
| 212|0x000000008d400000, 0x000000008d500000, 0x000000008d500000|100%| E|CS|TAMS 0x000000008d400000, 0x000000008d400000| Complete 
| 213|0x000000008d500000, 0x000000008d600000, 0x000000008d600000|100%| E|CS|TAMS 0x000000008d500000, 0x000000008d500000| Complete 
| 214|0x000000008d600000, 0x000000008d700000, 0x000000008d700000|100%| E|CS|TAMS 0x000000008d600000, 0x000000008d600000| Complete 
| 215|0x000000008d700000, 0x000000008d800000, 0x000000008d800000|100%| E|CS|TAMS 0x000000008d700000, 0x000000008d700000| Complete 
| 216|0x000000008d800000, 0x000000008d900000, 0x000000008d900000|100%| E|CS|TAMS 0x000000008d800000, 0x000000008d800000| Complete 
| 217|0x000000008d900000, 0x000000008da00000, 0x000000008da00000|100%| E|CS|TAMS 0x000000008d900000, 0x000000008d900000| Complete 
| 218|0x000000008da00000, 0x000000008db00000, 0x000000008db00000|100%| E|CS|TAMS 0x000000008da00000, 0x000000008da00000| Complete 
| 219|0x000000008db00000, 0x000000008dc00000, 0x000000008dc00000|100%| E|CS|TAMS 0x000000008db00000, 0x000000008db00000| Complete 
| 220|0x000000008dc00000, 0x000000008dd00000, 0x000000008dd00000|100%| E|CS|TAMS 0x000000008dc00000, 0x000000008dc00000| Complete 
| 221|0x000000008dd00000, 0x000000008de00000, 0x000000008de00000|100%| E|CS|TAMS 0x000000008dd00000, 0x000000008dd00000| Complete 
| 222|0x000000008de00000, 0x000000008df00000, 0x000000008df00000|100%| E|CS|TAMS 0x000000008de00000, 0x000000008de00000| Complete 
| 223|0x000000008df00000, 0x000000008e000000, 0x000000008e000000|100%| E|CS|TAMS 0x000000008df00000, 0x000000008df00000| Complete 

Card table byte_map: [0x000001a9386c0000,0x000001a938ac0000] _byte_map_base: 0x000001a9382c0000

Marking Bits (Prev, Next): (CMBitMap*) 0x000001a92021fd28, (CMBitMap*) 0x000001a92021fd68
 Prev Bits: [0x000001a938ec0000, 0x000001a93aec0000)
 Next Bits: [0x000001a93aec0000, 0x000001a93cec0000)

Polling page: 0x000001a9202c0000

Metaspace:

Usage:
  Non-class:     14.41 MB capacity,    14.05 MB ( 98%) used,   325.25 KB (  2%) free+waste,    35.31 KB ( <1%) overhead. 
      Class:      2.58 MB capacity,     2.40 MB ( 93%) used,   168.70 KB (  6%) free+waste,    19.69 KB ( <1%) overhead. 
       Both:     16.99 MB capacity,    16.45 MB ( 97%) used,   493.95 KB (  3%) free+waste,    55.00 KB ( <1%) overhead. 

Virtual space:
  Non-class space:       16.00 MB reserved,      14.50 MB ( 91%) committed 
      Class space:        1.00 GB reserved,       2.63 MB ( <1%) committed 
             Both:        1.02 GB reserved,      17.13 MB (  2%) committed 

Chunk freelists:
   Non-Class:  32.00 KB
       Class:  14.00 KB
        Both:  46.00 KB

MaxMetaspaceSize: 17179869184.00 GB
CompressedClassSpaceSize: 1.00 GB

CodeHeap 'non-profiled nmethods': size=120000Kb used=942Kb max_used=942Kb free=119057Kb
 bounds [0x000001a9301e0000, 0x000001a930450000, 0x000001a937710000]
CodeHeap 'profiled nmethods': size=120000Kb used=3987Kb max_used=3987Kb free=116012Kb
 bounds [0x000001a928cb0000, 0x000001a9290a0000, 0x000001a9301e0000]
CodeHeap 'non-nmethods': size=5760Kb used=1237Kb max_used=1252Kb free=4522Kb
 bounds [0x000001a928710000, 0x000001a928980000, 0x000001a928cb0000]
 total_blobs=3393 nmethods=1854 adapters=409
 compilation: enabled
              stopped_count=0, restarted_count=0
 full_count=0

Compilation events (20 events):
Event: 5.996 Thread 0x000001a93f994800 nmethod 2064 0x000001a929088010 code [0x000001a9290881c0, 0x000001a929088390]
Event: 5.996 Thread 0x000001a93f994800 2066       3       org.objectweb.asm.Frame::getLocal (46 bytes)
Event: 5.996 Thread 0x000001a93f994800 nmethod 2066 0x000001a929088490 code [0x000001a929088640, 0x000001a9290888b8]
Event: 5.996 Thread 0x000001a93f994800 2068       3       org.objectweb.asm.SymbolTable::addType (81 bytes)
Event: 5.997 Thread 0x000001a93f994800 nmethod 2068 0x000001a929088990 code [0x000001a929088ba0, 0x000001a929089200]
Event: 5.997 Thread 0x000001a93f994800 2065       3       org.objectweb.asm.MethodWriter::visitVarInsn (302 bytes)
Event: 5.998 Thread 0x000001a93f994800 nmethod 2065 0x000001a929089510 code [0x000001a929089780, 0x000001a92908a230]
Event: 6.000 Thread 0x000001a93f994800 2070       3       org.objectweb.asm.ByteVector::putShort (52 bytes)
Event: 6.000 Thread 0x000001a93f994800 nmethod 2070 0x000001a92908a510 code [0x000001a92908a6c0, 0x000001a92908a950]
Event: 6.000 Thread 0x000001a93f994800 2069       1       org.objectweb.asm.SymbolTable::getMajorVersion (5 bytes)
Event: 6.001 Thread 0x000001a93f994800 nmethod 2069 0x000001a9302c8910 code [0x000001a9302c8aa0, 0x000001a9302c8bd8]
Event: 6.002 Thread 0x000001a93f994800 2071       3       jdk.internal.org.objectweb.asm.ClassReader::readUnsignedShort (26 bytes)
Event: 6.002 Thread 0x000001a93f994800 nmethod 2071 0x000001a92908aa90 code [0x000001a92908ac40, 0x000001a92908ae18]
Event: 6.007 Thread 0x000001a942529000 nmethod 2057 0x000001a9302c8c90 code [0x000001a9302c8e40, 0x000001a9302c9918]
Event: 6.007 Thread 0x000001a942529000 2067       4       java.lang.StringBuilder::append (8 bytes)
Event: 6.014 Thread 0x000001a942529000 nmethod 2067 0x000001a9302c9c10 code [0x000001a9302c9dc0, 0x000001a9302ca338]
Event: 6.014 Thread 0x000001a942529000 2063       4       java.lang.AbstractStringBuilder::checkRange (63 bytes)
Event: 6.015 Thread 0x000001a942529000 nmethod 2063 0x000001a9302ca610 code [0x000001a9302ca7a0, 0x000001a9302ca838]
Event: 6.039 Thread 0x000001a93f994800 2073       3       java.util.LinkedList::node (65 bytes)
Event: 6.039 Thread 0x000001a93f994800 nmethod 2073 0x000001a92908af10 code [0x000001a92908b0c0, 0x000001a92908b3f8]

GC Heap History (4 events):
Event: 1.347 GC heap before
{Heap before GC invocations=0 (full 0):
 garbage-first heap   total 229376K, used 29696K [0x0000000080000000, 0x0000000100000000)
  region size 1024K, 24 young (24576K), 0 survivors (0K)
 Metaspace       used 3304K, capacity 6229K, committed 6400K, reserved 1056768K
  class space    used 433K, capacity 739K, committed 768K, reserved 1048576K
}
Event: 1.356 GC heap after
{Heap after GC invocations=1 (full 0):
 garbage-first heap   total 229376K, used 9736K [0x0000000080000000, 0x0000000100000000)
  region size 1024K, 3 young (3072K), 3 survivors (3072K)
 Metaspace       used 3304K, capacity 6229K, committed 6400K, reserved 1056768K
  class space    used 433K, capacity 739K, committed 768K, reserved 1048576K
}
Event: 5.885 GC heap before
{Heap before GC invocations=1 (full 0):
 garbage-first heap   total 229376K, used 143880K [0x0000000080000000, 0x0000000100000000)
  region size 1024K, 134 young (137216K), 3 survivors (3072K)
 Metaspace       used 15487K, capacity 15992K, committed 16128K, reserved 1062912K
  class space    used 2262K, capacity 2452K, committed 2560K, reserved 1048576K
}
Event: 5.899 GC heap after
{Heap after GC invocations=2 (full 0):
 garbage-first heap   total 229376K, used 17840K [0x0000000080000000, 0x0000000100000000)
  region size 1024K, 11 young (11264K), 11 survivors (11264K)
 Metaspace       used 15487K, capacity 15992K, committed 16128K, reserved 1062912K
  class space    used 2262K, capacity 2452K, committed 2560K, reserved 1048576K
}

Deoptimization events (20 events):
Event: 5.392 Thread 0x000001a942479000 Uncommon trap: trap_request=0xffffff45 fr.pc=0x000001a93025a420 relative=0x0000000000000660
Event: 5.392 Thread 0x000001a942479000 Uncommon trap: reason=unstable_if action=reinterpret pc=0x000001a93025a420 method=java.io.File.getName()Ljava/lang/String; @ 16 c2
Event: 5.392 Thread 0x000001a942479000 DEOPT PACKING pc=0x000001a93025a420 sp=0x00000027ae8fb440
Event: 5.392 Thread 0x000001a942479000 DEOPT UNPACKING pc=0x000001a92875912f sp=0x00000027ae8fb410 mode 2
Event: 5.392 Thread 0x000001a942479000 Uncommon trap: trap_request=0xffffff45 fr.pc=0x000001a9302566b0 relative=0x00000000000004f0
Event: 5.392 Thread 0x000001a942479000 Uncommon trap: reason=unstable_if action=reinterpret pc=0x000001a9302566b0 method=java.lang.String.substring(I)Ljava/lang/String; @ 34 c2
Event: 5.392 Thread 0x000001a942479000 DEOPT PACKING pc=0x000001a9302566b0 sp=0x00000027ae8fb3c0
Event: 5.392 Thread 0x000001a942479000 DEOPT UNPACKING pc=0x000001a92875912f sp=0x00000027ae8fb398 mode 2
Event: 5.902 Thread 0x000001a942479000 Uncommon trap: trap_request=0xffffffc6 fr.pc=0x000001a9302c24f8 relative=0x0000000000000e18
Event: 5.902 Thread 0x000001a942479000 Uncommon trap: reason=bimorphic_or_optimized_type_check action=maybe_recompile pc=0x000001a9302c24f8 method=java.util.HashMap.putVal(ILjava/lang/Object;Ljava/lang/Object;ZZ)Ljava/lang/Object; @ 203 c2
Event: 5.902 Thread 0x000001a942479000 DEOPT PACKING pc=0x000001a9302c24f8 sp=0x00000027ae8fbc30
Event: 5.902 Thread 0x000001a942479000 DEOPT UNPACKING pc=0x000001a92875912f sp=0x00000027ae8fbb98 mode 2
Event: 5.902 Thread 0x000001a942479000 Uncommon trap: trap_request=0xffffffc6 fr.pc=0x000001a9302c24f8 relative=0x0000000000000e18
Event: 5.902 Thread 0x000001a942479000 Uncommon trap: reason=bimorphic_or_optimized_type_check action=maybe_recompile pc=0x000001a9302c24f8 method=java.util.HashMap.putVal(ILjava/lang/Object;Ljava/lang/Object;ZZ)Ljava/lang/Object; @ 203 c2
Event: 5.902 Thread 0x000001a942479000 DEOPT PACKING pc=0x000001a9302c24f8 sp=0x00000027ae8fbc30
Event: 5.902 Thread 0x000001a942479000 DEOPT UNPACKING pc=0x000001a92875912f sp=0x00000027ae8fbb98 mode 2
Event: 5.925 Thread 0x000001a942479000 Uncommon trap: trap_request=0xffffff45 fr.pc=0x000001a9302386d4 relative=0x0000000000000294
Event: 5.925 Thread 0x000001a942479000 Uncommon trap: reason=unstable_if action=reinterpret pc=0x000001a9302386d4 method=java.util.concurrent.ConcurrentHashMap.get(Ljava/lang/Object;)Ljava/lang/Object; @ 152 c2
Event: 5.925 Thread 0x000001a942479000 DEOPT PACKING pc=0x000001a9302386d4 sp=0x00000027ae8fb1c0
Event: 5.925 Thread 0x000001a942479000 DEOPT UNPACKING pc=0x000001a92875912f sp=0x00000027ae8fb128 mode 2

Classes unloaded (0 events):
No events

Classes redefined (0 events):
No events

Internal exceptions (20 events):
Event: 1.065 Thread 0x000001a9201dc800 Exception <a 'java/lang/NoSuchMethodError'{0x000000008ced4460}: 'void java.lang.invoke.DelegatingMethodHandle$Holder.delegate(java.lang.Object, java.lang.Object, int, java.lang.Object)'> (0x000000008ced4460) 
thrown [t:/workspace/open/src/hotspot/share/interpreter/linkResolver.cpp, line 767]
Event: 2.754 Thread 0x000001a9201dc800 Exception <a 'java/lang/NoSuchMethodError'{0x000000008a87b460}: 'java.lang.Object java.lang.invoke.DirectMethodHandle$Holder.invokeStaticInit(java.lang.Object, java.lang.Object, java.lang.Object)'> (0x000000008a87b460) 
thrown [t:/workspace/open/src/hotspot/share/interpreter/linkResolver.cpp, line 767]
Event: 2.952 Thread 0x000001a9201dc800 Exception <a 'java/lang/NoSuchMethodError'{0x000000008a2acf08}: 'java.lang.Object java.lang.invoke.DirectMethodHandle$Holder.invokeStaticInit(java.lang.Object, int, int, int, int)'> (0x000000008a2acf08) 
thrown [t:/workspace/open/src/hotspot/share/interpreter/linkResolver.cpp, line 767]
Event: 3.361 Thread 0x000001a9201dc800 Exception <a 'java/lang/NoSuchMethodError'{0x000000008a123950}: 'java.lang.Object java.lang.invoke.DirectMethodHandle$Holder.invokeStaticInit(java.lang.Object, java.lang.Object, int, int, int, int)'> (0x000000008a123950) 
thrown [t:/workspace/open/src/hotspot/share/interpreter/linkResolver.cpp, line 767]
Event: 4.501 Thread 0x000001a9201dc800 Exception <a 'java/io/IOException'{0x000000008a0fec90}> (0x000000008a0fec90) 
thrown [t:/workspace/open/src/hotspot/share/prims/jni.cpp, line 598]
Event: 4.546 Thread 0x000001a942923800 Exception <a 'java/lang/NoSuchMethodError'{0x0000000089fde9c8}: 'java.lang.Object java.lang.invoke.Invokers$Holder.linkToTargetMethod(java.lang.Object, int, java.lang.Object)'> (0x0000000089fde9c8) 
thrown [t:/workspace/open/src/hotspot/share/interpreter/linkResolver.cpp, line 767]
Event: 4.759 Thread 0x000001a942479000 Exception <a 'java/lang/NoSuchMethodError'{0x00000000899ec9b8}: 'long java.lang.invoke.DirectMethodHandle$Holder.invokeInterface(java.lang.Object, java.lang.Object)'> (0x00000000899ec9b8) 
thrown [t:/workspace/open/src/hotspot/share/interpreter/linkResolver.cpp, line 767]
Event: 4.761 Thread 0x000001a942479000 Exception <a 'java/lang/NoSuchMethodError'{0x00000000899f88d8}: 'void java.lang.invoke.DelegatingMethodHandle$Holder.reinvoke_L(java.lang.Object, java.lang.Object, java.lang.Object, java.lang.Object, java.lang.Object, java.lang.Object, java.lang.Object)'> (0x00000000899f88d8) 
thrown [t:/workspace/open/src/hotspot/share/interpreter/linkResolver.cpp, line 767]
Event: 5.249 Thread 0x000001a942479000 Exception <a 'java/lang/NoSuchMethodError'{0x0000000087c924b8}: 'void java.lang.invoke.DirectMethodHandle$Holder.invokeStaticInit(java.lang.Object)'> (0x0000000087c924b8) 
thrown [t:/workspace/open/src/hotspot/share/interpreter/linkResolver.cpp, line 767]
Event: 5.273 Thread 0x000001a942479000 Exception <a 'java/lang/NoSuchMethodError'{0x0000000087b3de70}: 'java.lang.Object java.lang.invoke.DirectMethodHandle$Holder.invokeStatic(java.lang.Object, java.lang.Object, java.lang.Object, int)'> (0x0000000087b3de70) 
thrown [t:/workspace/open/src/hotspot/share/interpreter/linkResolver.cpp, line 767]
Event: 5.274 Thread 0x000001a942479000 Exception <a 'java/lang/NoSuchMethodError'{0x0000000087b42150}: 'java.lang.Object java.lang.invoke.DirectMethodHandle$Holder.invokeSpecial(java.lang.Object, java.lang.Object, java.lang.Object, java.lang.Object, int)'> (0x0000000087b42150) 
thrown [t:/workspace/open/src/hotspot/share/interpreter/linkResolver.cpp, line 767]
Event: 5.275 Thread 0x000001a942479000 Exception <a 'java/lang/NoSuchMethodError'{0x0000000087b45cb0}: 'java.lang.Object java.lang.invoke.Invokers$Holder.linkToTargetMethod(java.lang.Object, java.lang.Object, int, java.lang.Object)'> (0x0000000087b45cb0) 
thrown [t:/workspace/open/src/hotspot/share/interpreter/linkResolver.cpp, line 767]
Event: 5.467 Thread 0x000001a942479000 Exception <a 'java/lang/NoSuchMethodError'{0x0000000087473ec8}: 'int java.lang.invoke.DirectMethodHandle$Holder.invokeSpecialIFC(java.lang.Object, java.lang.Object, java.lang.Object, java.lang.Object)'> (0x0000000087473ec8) 
thrown [t:/workspace/open/src/hotspot/share/interpreter/linkResolver.cpp, line 767]
Event: 5.470 Thread 0x000001a942479000 Exception <a 'java/lang/NoSuchMethodError'{0x00000000874815f8}: 'java.lang.Object java.lang.invoke.DirectMethodHandle$Holder.invokeInterface(java.lang.Object, java.lang.Object, java.lang.Object)'> (0x00000000874815f8) 
thrown [t:/workspace/open/src/hotspot/share/interpreter/linkResolver.cpp, line 767]
Event: 5.470 Thread 0x000001a942479000 Exception <a 'java/lang/IncompatibleClassChangeError'{0x00000000874847a8}: Found class java.lang.Object, but interface was expected> (0x00000000874847a8) 
thrown [t:/workspace/open/src/hotspot/share/interpreter/linkResolver.cpp, line 833]
Event: 5.668 Thread 0x000001a942479000 Exception <a 'java/lang/NoSuchMethodError'{0x000000008686a160}: 'java.lang.Object java.lang.invoke.DirectMethodHandle$Holder.invokeSpecial(java.lang.Object, java.lang.Object, java.lang.Object, java.lang.Object, java.lang.Object, java.lang.Object, java.lang.Object, java.lang.Object, java.lang.Object)'> (0x000000008686a160) 
thrown [t:/workspace/open/src/hotspot/share/interpreter/linkResolver.cpp, line 767]
Event: 5.815 Thread 0x000001a942479000 Exception <a 'java/lang/NoSuchMethodError'{0x0000000085e882c8}: 'java.lang.Object java.lang.invoke.DirectMethodHandle$Holder.invokeVirtual(java.lang.Object, java.lang.Object, java.lang.Object, java.lang.Object)'> (0x0000000085e882c8) 
thrown [t:/workspace/open/src/hotspot/share/interpreter/linkResolver.cpp, line 767]
Event: 5.974 Thread 0x000001a942479000 Exception <a 'java/lang/NoSuchMethodError'{0x000000008ddc1a30}: 'void java.lang.invoke.DirectMethodHandle$Holder.invokeSpecial(java.lang.Object, java.lang.Object, java.lang.Object, java.lang.Object, java.lang.Object, java.lang.Object)'> (0x000000008ddc1a30) 
thrown [t:/workspace/open/src/hotspot/share/interpreter/linkResolver.cpp, line 767]
Event: 5.992 Thread 0x000001a942479000 Exception <a 'java/lang/NoSuchMethodError'{0x000000008dc2f5c0}: 'void java.lang.invoke.DirectMethodHandle$Holder.invokeSpecial(java.lang.Object, java.lang.Object, java.lang.Object, java.lang.Object, java.lang.Object, java.lang.Object, java.lang.Object)'> (0x000000008dc2f5c0) 
thrown [t:/workspace/open/src/hotspot/share/interpreter/linkResolver.cpp, line 767]
Event: 5.993 Thread 0x000001a942479000 Exception <a 'java/lang/NoSuchMethodError'{0x000000008dc37330}: 'java.lang.Object java.lang.invoke.Invokers$Holder.linkToTargetMethod(java.lang.Object, java.lang.Object, java.lang.Object, java.lang.Object, java.lang.Object, java.lang.Object)'> (0x000000008dc37330) 
thrown [t:/workspace/open/src/hotspot/share/interpreter/linkResolver.cpp, line 767]

Events (20 events):
Event: 6.046 loading class org/gradle/internal/enterprise/GradleEnterprisePluginBuildState
Event: 6.046 loading class org/gradle/internal/enterprise/GradleEnterprisePluginBuildState done
Event: 6.046 loading class org/gradle/internal/enterprise/impl/DefaultGradleEnterprisePluginServiceRef
Event: 6.046 loading class org/gradle/internal/enterprise/impl/DefaultGradleEnterprisePluginServiceRef done
Event: 6.047 loading class org/gradle/internal/enterprise/impl/DefaultGradleEnterprisePluginBuildState
Event: 6.047 loading class org/gradle/internal/enterprise/impl/DefaultGradleEnterprisePluginBuildState done
Event: 6.048 loading class org/gradle/internal/enterprise/impl/DefaultGradleEnterprisePluginConfig
Event: 6.048 loading class org/gradle/internal/enterprise/impl/DefaultGradleEnterprisePluginConfig done
Event: 6.048 loading class org/gradle/internal/enterprise/impl/DefautGradleEnterprisePluginCheckInService
Event: 6.048 loading class org/gradle/internal/enterprise/impl/DefautGradleEnterprisePluginCheckInService done
Event: 6.049 loading class org/gradle/internal/enterprise/GradleEnterprisePluginCheckInService
Event: 6.049 loading class org/gradle/internal/enterprise/GradleEnterprisePluginCheckInService done
Event: 6.050 loading class org/gradle/internal/enterprise/GradleEnterprisePluginCheckInResult
Event: 6.050 loading class org/gradle/internal/enterprise/GradleEnterprisePluginCheckInResult done
Event: 6.050 loading class org/gradle/internal/enterprise/impl/legacy/DefaultBuildScanScopeIds
Event: 6.050 loading class org/gradle/internal/enterprise/impl/legacy/DefaultBuildScanScopeIds done
Event: 6.051 loading class org/gradle/internal/scan/scopeids/BuildScanScopeIds
Event: 6.051 loading class org/gradle/internal/scan/scopeids/BuildScanScopeIds done
Event: 6.051 loading class org/gradle/internal/enterprise/impl/legacy/LegacyGradleEnterprisePluginCheckInService
Event: 6.051 loading class org/gradle/internal/enterprise/impl/legacy/LegacyGradleEnterprisePluginCheckInService done


Dynamic libraries:
0x00007ff66f660000 - 0x00007ff66f66f000 	C:\Program Files\Java\jdk-13.0.2\bin\java.exe
0x00007ffcccb70000 - 0x00007ffcccd65000 	C:\WINDOWS\SYSTEM32\ntdll.dll
0x00007ffccc9d0000 - 0x00007ffccca8e000 	C:\WINDOWS\System32\KERNEL32.DLL
0x00007ffcca380000 - 0x00007ffcca648000 	C:\WINDOWS\System32\KERNELBASE.dll
0x00007ffcca280000 - 0x00007ffcca380000 	C:\WINDOWS\System32\ucrtbase.dll
0x00007ffca73c0000 - 0x00007ffca73d5000 	C:\Program Files\Java\jdk-13.0.2\bin\VCRUNTIME140.dll
0x00007ffcad670000 - 0x00007ffcad688000 	C:\Program Files\Java\jdk-13.0.2\bin\jli.dll
0x00007ffccb250000 - 0x00007ffccb2fc000 	C:\WINDOWS\System32\ADVAPI32.dll
0x00007ffccc570000 - 0x00007ffccc60e000 	C:\WINDOWS\System32\msvcrt.dll
0x00007ffccbdf0000 - 0x00007ffccbe8b000 	C:\WINDOWS\System32\sechost.dll
0x00007ffccbbe0000 - 0x00007ffccbd0a000 	C:\WINDOWS\System32\RPCRT4.dll
0x00007ffccc3c0000 - 0x00007ffccc561000 	C:\WINDOWS\System32\USER32.dll
0x00007ffcc95d0000 - 0x00007ffcc986a000 	C:\WINDOWS\WinSxS\amd64_microsoft.windows.common-controls_6595b64144ccf1df_6.0.19041.1110_none_60b5254171f9507e\COMCTL32.dll
0x00007ffcca7e0000 - 0x00007ffcca802000 	C:\WINDOWS\System32\win32u.dll
0x00007ffccbf00000 - 0x00007ffccbf2b000 	C:\WINDOWS\System32\GDI32.dll
0x00007ffcca650000 - 0x00007ffcca75d000 	C:\WINDOWS\System32\gdi32full.dll
0x00007ffcc0740000 - 0x00007ffcc074a000 	C:\WINDOWS\SYSTEM32\VERSION.dll
0x00007ffcca950000 - 0x00007ffcca9ed000 	C:\WINDOWS\System32\msvcp_win.dll
0x00007ffccb1c0000 - 0x00007ffccb1f0000 	C:\WINDOWS\System32\IMM32.DLL
0x00007ffc9e5b0000 - 0x00007ffc9e64b000 	C:\Program Files\Java\jdk-13.0.2\bin\msvcp140.dll
0x00007ffc79e90000 - 0x00007ffc7a9ed000 	C:\Program Files\Java\jdk-13.0.2\bin\server\jvm.dll
0x00007ffcbab90000 - 0x00007ffcbab99000 	C:\WINDOWS\SYSTEM32\WSOCK32.dll
0x00007ffcc0750000 - 0x00007ffcc0777000 	C:\WINDOWS\SYSTEM32\WINMM.dll
0x00007ffccbab0000 - 0x00007ffccbab8000 	C:\WINDOWS\System32\PSAPI.DLL
0x00007ffccbb70000 - 0x00007ffccbbdb000 	C:\WINDOWS\System32\WS2_32.dll
0x00007ffcc7b20000 - 0x00007ffcc7b32000 	C:\WINDOWS\SYSTEM32\kernel.appcore.dll
0x00007ffcc4210000 - 0x00007ffcc4220000 	C:\Program Files\Java\jdk-13.0.2\bin\verify.dll
0x00007ffcc9ca0000 - 0x00007ffcc9e84000 	C:\WINDOWS\SYSTEM32\DBGHELP.DLL
0x00007ffcc9a50000 - 0x00007ffcc9a7c000 	C:\WINDOWS\SYSTEM32\dbgcore.DLL
0x00007ffcca810000 - 0x00007ffcca892000 	C:\WINDOWS\System32\bcryptPrimitives.dll
0x00007ffc9f310000 - 0x00007ffc9f336000 	C:\Program Files\Java\jdk-13.0.2\bin\java.dll
0x00007ffca1470000 - 0x00007ffca1487000 	C:\Program Files\Java\jdk-13.0.2\bin\zip.dll
0x00007ffcbdff0000 - 0x00007ffcbdffa000 	C:\Program Files\Java\jdk-13.0.2\bin\jimage.dll
0x00007ffccb300000 - 0x00007ffccba44000 	C:\WINDOWS\System32\SHELL32.dll
0x00007ffcc7d20000 - 0x00007ffcc84b4000 	C:\WINDOWS\SYSTEM32\windows.storage.dll
0x00007ffccabb0000 - 0x00007ffccaf05000 	C:\WINDOWS\System32\combase.dll
0x00007ffcc9870000 - 0x00007ffcc989e000 	C:\WINDOWS\SYSTEM32\Wldp.dll
0x00007ffccb110000 - 0x00007ffccb1bd000 	C:\WINDOWS\System32\SHCORE.dll
0x00007ffccba50000 - 0x00007ffccbaa5000 	C:\WINDOWS\System32\shlwapi.dll
0x00007ffcca1c0000 - 0x00007ffcca1df000 	C:\WINDOWS\SYSTEM32\profapi.dll
0x00007ffc9feb0000 - 0x00007ffc9fec9000 	C:\Program Files\Java\jdk-13.0.2\bin\net.dll
0x00007ffcc2c40000 - 0x00007ffcc2d4c000 	C:\WINDOWS\SYSTEM32\WINHTTP.dll
0x00007ffcc9360000 - 0x00007ffcc93ca000 	C:\WINDOWS\system32\mswsock.dll
0x00007ffc9ef70000 - 0x00007ffc9ef83000 	C:\Program Files\Java\jdk-13.0.2\bin\nio.dll
0x00007ffc9fed0000 - 0x00007ffc9fef7000 	C:\Users\jeffe\.gradle\native\e1d6ef7f7dcc3fd88c89a11ec53ec762bb8ba0a96d01ffa2cd45eb1d1d8dd5c5\windows-amd64\native-platform.dll
0x00007ffc9c540000 - 0x00007ffc9c684000 	C:\Users\jeffe\.gradle\native\5664cfc778a61ccfe75a443a1ab52a65af34e5dc3c78e0209fed803814484fcb\windows-amd64\native-platform-file-events.dll
0x00007ffcbc600000 - 0x00007ffcbc609000 	C:\Program Files\Java\jdk-13.0.2\bin\management.dll
0x00007ffcb92f0000 - 0x00007ffcb92fb000 	C:\Program Files\Java\jdk-13.0.2\bin\management_ext.dll
0x00007ffcca000000 - 0x00007ffcca018000 	C:\WINDOWS\SYSTEM32\CRYPTSP.dll
0x00007ffcc8cb0000 - 0x00007ffcc8ce4000 	C:\WINDOWS\system32\rsaenh.dll
0x00007ffcca760000 - 0x00007ffcca787000 	C:\WINDOWS\System32\bcrypt.dll
0x00007ffcca180000 - 0x00007ffcca1ae000 	C:\WINDOWS\SYSTEM32\USERENV.dll
0x00007ffcc9910000 - 0x00007ffcc991c000 	C:\WINDOWS\SYSTEM32\CRYPTBASE.dll
0x00007ffcc9270000 - 0x00007ffcc92ab000 	C:\WINDOWS\SYSTEM32\IPHLPAPI.DLL
0x00007ffccc3b0000 - 0x00007ffccc3b8000 	C:\WINDOWS\System32\NSI.dll
0x00007ffcc13f0000 - 0x00007ffcc1407000 	C:\WINDOWS\SYSTEM32\dhcpcsvc6.DLL
0x00007ffcc1370000 - 0x00007ffcc138d000 	C:\WINDOWS\SYSTEM32\dhcpcsvc.DLL
0x00007ffcc8f70000 - 0x00007ffcc903b000 	C:\WINDOWS\SYSTEM32\DNSAPI.dll

dbghelp: loaded successfully - version: 4.0.5 - missing functions: none
symbol engine: initialized successfully - sym options: 0x614 - pdb path: .;C:\Program Files\Java\jdk-13.0.2\bin;C:\WINDOWS\SYSTEM32;C:\WINDOWS\WinSxS\amd64_microsoft.windows.common-controls_6595b64144ccf1df_6.0.19041.1110_none_60b5254171f9507e;C:\Program Files\Java\jdk-13.0.2\bin\server;C:\Users\jeffe\.gradle\native\e1d6ef7f7dcc3fd88c89a11ec53ec762bb8ba0a96d01ffa2cd45eb1d1d8dd5c5\windows-amd64;C:\Users\jeffe\.gradle\native\5664cfc778a61ccfe75a443a1ab52a65af34e5dc3c78e0209fed803814484fcb\windows-amd64

VM Arguments:
jvm_args: --add-opens=java.base/java.util=ALL-UNNAMED --add-opens=java.base/java.lang=ALL-UNNAMED --add-opens=java.base/java.lang.invoke=ALL-UNNAMED --add-opens=java.base/java.util=ALL-UNNAMED --add-opens=java.prefs/java.util.prefs=ALL-UNNAMED --add-opens=java.prefs/java.util.prefs=ALL-UNNAMED --add-opens=java.base/java.nio.charset=ALL-UNNAMED --add-opens=java.base/java.net=ALL-UNNAMED --add-opens=java.base/java.util.concurrent.atomic=ALL-UNNAMED -Xmx2048m -Dfile.encoding=UTF-8 -Duser.country=PH -Duser.language=en -Duser.variant 
java_command: org.gradle.launcher.daemon.bootstrap.GradleDaemon 7.3.2
java_class_path (initial): C:\Users\jeffe\.gradle\wrapper\dists\gradle-7.3.2-bin\4k4cn06q0rruwh9dpndf9gmi8\gradle-7.3.2\lib\gradle-launcher-7.3.2.jar
Launcher Type: SUN_STANDARD

[Global flags]
     intx CICompilerCount                          = 4                                         {product} {ergonomic}
     uint ConcGCThreads                            = 2                                         {product} {ergonomic}
     uint G1ConcRefinementThreads                  = 8                                         {product} {ergonomic}
   size_t G1HeapRegionSize                         = 1048576                                   {product} {ergonomic}
    uintx GCDrainStackTargetSize                   = 64                                        {product} {ergonomic}
   size_t InitialHeapSize                          = 234881024                                 {product} {ergonomic}
   size_t MarkStackSize                            = 4194304                                   {product} {ergonomic}
   size_t MaxHeapSize                              = 2147483648                                {product} {command line}
   size_t MaxNewSize                               = 1287651328                                {product} {ergonomic}
   size_t MinHeapDeltaBytes                        = 1048576                                   {product} {ergonomic}
   size_t MinHeapSize                              = 8388608                                   {product} {ergonomic}
    uintx NonNMethodCodeHeapSize                   = 5839372                                {pd product} {ergonomic}
    uintx NonProfiledCodeHeapSize                  = 122909434                              {pd product} {ergonomic}
    uintx ProfiledCodeHeapSize                     = 122909434                              {pd product} {ergonomic}
    uintx ReservedCodeCacheSize                    = 251658240                              {pd product} {ergonomic}
     bool SegmentedCodeCache                       = true                                      {product} {ergonomic}
   size_t SoftMaxHeapSize                          = 2147483648                             {manageable} {ergonomic}
     bool UseCompressedClassPointers               = true                                 {lp64_product} {ergonomic}
     bool UseCompressedOops                        = true                                 {lp64_product} {ergonomic}
     bool UseG1GC                                  = true                                      {product} {ergonomic}
     bool UseLargePagesIndividualAllocation        = false                                  {pd product} {ergonomic}

Logging:
Log output configuration:
 #0: stdout all=warning uptime,level,tags
 #1: stderr all=off uptime,level,tags

Environment Variables:
JAVA_HOME=C:\Program Files\Java\jdk-13.0.2
PATH=C:\Program Files (x86)\Razer Chroma SDK\bin;C:\Program Files\Razer Chroma SDK\bin;C:\Program Files (x86)\Razer\ChromaBroadcast\bin;C:\Program Files\Razer\ChromaBroadcast\bin;C:\WINDOWS\system32;C:\WINDOWS;C:\WINDOWS\System32\Wbem;C:\WINDOWS\System32\WindowsPowerShell\v1.0\;C:\WINDOWS\System32\OpenSSH\;C:\Program Files\Java\jdk-13.0.2\bin;C:\Program Files\MySQL\MySQL Server 5.5\bin;C:\WINDOWS\system32\config\systemprofile\AppData\Local\Microsoft\WindowsApps;C:\Users\jeffe\AppData\Local\Microsoft\WindowsApps;C:\xampp\php;C:\ProgramData\ComposerSetup\bin;C:\Program Files\Git\cmd;C:\Program Files\MySQL\MySQL Shell 8.0\bin\;C:\Users\jeffe\AppData\Local\Microsoft\WindowsApps;C:\Users\jeffe\AppData\Roaming\Composer\vendor\bin
USERNAME=jeffe
OS=Windows_NT
PROCESSOR_IDENTIFIER=AMD64 Family 23 Model 24 Stepping 1, AuthenticAMD



---------------  S Y S T E M  ---------------

OS: Windows 10 , 64 bit Build 19041 (10.0.19041.1348)

CPU:total 8 (initial active 8) (8 cores per cpu, 2 threads per core) family 23 model 24 stepping 1, cmov, cx8, fxsr, mmx, sse, sse2, sse3, ssse3, sse4.1, sse4.2, popcnt, avx, avx2, aes, clmul, mmxext, 3dnowpref, lzcnt, sse4a, ht, tsc, tscinvbit, tscinv, bmi1, bmi2, adx, sha, fma

Memory: 4k page, system-wide physical 14274M (8024M free)
TotalPageFile size 16450M (AvailPageFile size 7891M)
current process WorkingSet (physical memory assigned to process): 252M, peak: 252M
current process commit charge ("private bytes"): 378M, peak: 378M

vm_info: Java HotSpot(TM) 64-Bit Server VM (13.0.2+8) for windows-amd64 JRE (13.0.2+8), built on Dec 11 2019 09:20:33 by "mach5one" with unknown MS VC++:1916

END.
