#
# A fatal error has been detected by the Java Runtime Environment:
#
#  EXCEPTION_ACCESS_VIOLATION (0xc0000005) at pc=0x00007ff8112b0aa0, pid=148, tid=9328
#
# JRE version: Java(TM) SE Runtime Environment (13.0.2+8) (build 13.0.2+8)
# Java VM: Java HotSpot(TM) 64-Bit Server VM (13.0.2+8, mixed mode, sharing, tiered, compressed oops, g1 gc, windows-amd64)
# Problematic frame:
# V  [jvm.dll+0x360aa0]
#
# No core dump will be written. Minidumps are not enabled by default on client versions of Windows
#
# If you would like to submit a bug report, please visit:
#   http://bugreport.java.com/bugreport/crash.jsp
#

---------------  S U M M A R Y ------------

Command Line: --add-opens=java.base/java.util=ALL-UNNAMED --add-opens=java.base/java.lang=ALL-UNNAMED --add-opens=java.base/java.lang.invoke=ALL-UNNAMED --add-opens=java.base/java.util=ALL-UNNAMED --add-opens=java.prefs/java.util.prefs=ALL-UNNAMED --add-opens=java.prefs/java.util.prefs=ALL-UNNAMED --add-opens=java.base/java.nio.charset=ALL-UNNAMED --add-opens=java.base/java.net=ALL-UNNAMED --add-opens=java.base/java.util.concurrent.atomic=ALL-UNNAMED -Xmx2048m -Dfile.encoding=UTF-8 -Duser.country=PH -Duser.language=en -Duser.variant org.gradle.launcher.daemon.bootstrap.GradleDaemon 7.3.2

Host: AMD Ryzen 5 3550H with Radeon Vega Mobile Gfx  , 8 cores, 13G,  Windows 10 , 64 bit Build 19041 (10.0.19041.1348)
Time: Thu Dec 16 21:37:53 2021 Malay Peninsula Standard Time elapsed time: 2 seconds (0d 0h 0m 2s)

---------------  T H R E A D  ---------------

Current thread (0x00000160f529f000):  JavaThread "C2 CompilerThread0" daemon [_thread_in_native, id=9328, stack(0x0000003c8bb00000,0x0000003c8bc00000)]


Current CompileTask:
C2:   2951 1910   !   4       java.lang.ClassLoader::loadClass (122 bytes)

Stack: [0x0000003c8bb00000,0x0000003c8bc00000],  sp=0x0000003c8bbfb890,  free space=1006k
Native frames: (J=compiled Java code, j=interpreted, Vv=VM code, C=native code)
V  [jvm.dll+0x360aa0]
V  [jvm.dll+0x35a317]
V  [jvm.dll+0x19f146]
V  [jvm.dll+0x205d36]
V  [jvm.dll+0x204e3f]
V  [jvm.dll+0x189c2c]
V  [jvm.dll+0x213e6d]
V  [jvm.dll+0x2120bb]
V  [jvm.dll+0x736bb6]
V  [jvm.dll+0x72fcaa]
V  [jvm.dll+0x623ea6]
C  [ucrtbase.dll+0x21bb2]
C  [KERNEL32.DLL+0x17034]
C  [ntdll.dll+0x52651]


siginfo: EXCEPTION_ACCESS_VIOLATION (0xc0000005), reading address 0x00000360fa60ea80


Register to memory mapping:

RIP=0x00007ff8112b0aa0 jvm.dll
RAX=0x0 is NULL
RBX=0x0000000000000022 is an unknown value
RCX=0x0 is NULL
RDX=0x0000000000000008 is an unknown value
RSP=0x0000003c8bbfb890 is pointing into the stack for thread: 0x00000160f529f000
RBP=0x0000000000000008 is an unknown value
RSI=0x00007ff8119cac00 jvm.dll
RDI=0x00000160f4a85b40 points into unknown readable memory: f0 b4 29 f5 60 01 00 00
R8 =0x00000360fa60ea80 is an unknown value
R9 =0x0000003c8bbfb8e0 is pointing into the stack for thread: 0x00000160f529f000
R10=0x0000000000000022 is an unknown value
R11=0x0000003c8bbfb7f0 is pointing into the stack for thread: 0x00000160f529f000
R12=0x00000160f7f2e438 points into unknown readable memory: 37 29 30 e8 00 06 00 88
R13=0x00000000000003d8 is an unknown value
R14=0x0000000000000001 is an unknown value
R15=0x00000000000ff288 is an unknown value


Registers:
RAX=0x0000000000000000, RBX=0x0000000000000022, RCX=0x0000000000000000, RDX=0x0000000000000008
RSP=0x0000003c8bbfb890, RBP=0x0000000000000008, RSI=0x00007ff8119cac00, RDI=0x00000160f4a85b40
R8 =0x00000360fa60ea80, R9 =0x0000003c8bbfb8e0, R10=0x0000000000000022, R11=0x0000003c8bbfb7f0
R12=0x00000160f7f2e438, R13=0x00000000000003d8, R14=0x0000000000000001, R15=0x00000000000ff288
RIP=0x00007ff8112b0aa0, EFLAGS=0x0000000000010246

Top of Stack: (sp=0x0000003c8bbfb890)
0x0000003c8bbfb890:   0000003c8bbf0000 0000000000000000
0x0000003c8bbfb8a0:   0000000000000838 00000160f5299b00
0x0000003c8bbfb8b0:   0000000000000020 00007ff8112aa317
0x0000003c8bbfb8c0:   0000000000000002 000000000000184d
0x0000003c8bbfb8d0:   0000003c8bbfba00 00007ff8117d5e30
0x0000003c8bbfb8e0:   00001c5200000000 0000016000000003
0x0000003c8bbfb8f0:   00000360fa60ea80 000000000000001d
0x0000003c8bbfb900:   00000160f77a2668 000000000000003f
0x0000003c8bbfb910:   00000160f9ad4070 0000000000000000
0x0000003c8bbfb920:   00000160f7f2e050 0000003c8bbfbe80
0x0000003c8bbfb930:   0000003c8bbfba40 00007ff8110ef146
0x0000003c8bbfb940:   0000003c8bbfbda0 0000000000000000
0x0000003c8bbfb950:   00000160f7f2e060 0000016000000000
0x0000003c8bbfb960:   000000000000f500 0000000000000000
0x0000003c8bbfb970:   0000003c00000006 00000160f7f2e050
0x0000003c8bbfb980:   00000160f934d9d0 00000160f9352000 

Instructions: (pc=0x00007ff8112b0aa0)
0x00007ff8112b09a0:   58 4c 8b 64 24 50 48 8b c3 48 83 c4 20 41 5f 5f
0x00007ff8112b09b0:   5e 5d 5b c3 cc cc cc cc cc cc cc cc cc cc cc cc
0x00007ff8112b09c0:   8b 02 45 33 c0 44 89 01 c7 41 08 08 00 00 00 85
0x00007ff8112b09d0:   c0 75 12 c7 41 18 01 00 00 00 48 8b c1 c7 41 28
0x00007ff8112b09e0:   01 00 00 00 c3 44 89 41 04 44 89 41 18 8b 82 90
0x00007ff8112b09f0:   00 00 00 89 41 28 4c 89 41 10 48 8b 42 08 48 89
0x00007ff8112b0a00:   41 20 48 8b c1 48 89 51 30 c3 cc cc cc cc cc cc
0x00007ff8112b0a10:   48 83 ec 28 4c 8b c9 8b 49 08 83 f9 08 73 1c 4d
0x00007ff8112b0a20:   8b 51 10 44 8b c1 8d 51 01 43 83 3c 82 00 0f 85
0x00007ff8112b0a30:   0d 01 00 00 8b ca 83 fa 08 72 e8 45 8b 51 18 41
0x00007ff8112b0a40:   8b 41 28 48 89 5c 24 30 48 89 6c 24 38 48 89 74
0x00007ff8112b0a50:   24 40 48 89 7c 24 20 44 3b d0 0f 83 ba 00 00 00
0x00007ff8112b0a60:   8b 0d 2e 4d 76 00 48 8d 35 93 a1 71 00 65 48 8b
0x00007ff8112b0a70:   04 25 58 00 00 00 bd 08 00 00 00 48 8d 3c c8 90
0x00007ff8112b0a80:   49 8b 41 20 41 8b da 4c 8b 04 d8 4c 3b c6 74 7a
0x00007ff8112b0a90:   33 c0 4d 89 41 10 33 c9 0f 1f 84 00 00 00 00 00
0x00007ff8112b0aa0:   42 83 3c 01 00 8d 50 01 0f 85 be 00 00 00 48 83
0x00007ff8112b0ab0:   c1 04 8b c2 83 fa 08 72 e7 4d 8b 59 30 4d 85 db
0x00007ff8112b0ac0:   74 48 49 8b 43 08 8b d5 48 03 17 4c 8b 04 d8 48
0x00007ff8112b0ad0:   8b 02 48 8b 88 a8 04 00 00 48 8b 81 88 00 00 00
0x00007ff8112b0ae0:   48 8b 88 a0 08 00 00 49 89 08 48 8b 02 48 8b 88
0x00007ff8112b0af0:   a8 04 00 00 48 8b 81 88 00 00 00 4c 89 80 a0 08
0x00007ff8112b0b00:   00 00 49 8b 43 08 48 89 34 d8 41 8b 41 28 41 ff
0x00007ff8112b0b10:   c2 44 3b d0 0f 82 66 ff ff ff 41 89 41 18 33 c0
0x00007ff8112b0b20:   41 c7 41 08 08 00 00 00 48 8b 74 24 40 48 8b 6c
0x00007ff8112b0b30:   24 38 48 8b 5c 24 30 48 8b 7c 24 20 48 83 c4 28
0x00007ff8112b0b40:   c3 41 8b 41 18 8d 0c c1 c1 e1 05 81 e9 00 01 00
0x00007ff8112b0b50:   00 41 89 49 04 49 8b c9 43 8b 04 82 41 89 01 41
0x00007ff8112b0b60:   89 51 08 48 83 c4 28 e9 04 13 e4 ff 42 8d 0c d0
0x00007ff8112b0b70:   c1 e1 05 41 89 49 04 8b c8 41 8d 42 01 41 8b 0c
0x00007ff8112b0b80:   88 41 89 09 49 8b c9 41 89 41 18 41 89 51 08 e8
0x00007ff8112b0b90:   dc 12 e4 ff eb 92 cc cc cc cc cc cc cc cc cc cc 


Stack slot to memory mapping:
stack at sp + 0 slots: 0x0000003c8bbf0000 is pointing into the stack for thread: 0x00000160f529f000
stack at sp + 1 slots: 0x0 is NULL
stack at sp + 2 slots: 0x0000000000000838 is an unknown value
stack at sp + 3 slots: 0x00000160f5299b00 points into unknown readable memory: 01 00 00 00 ff ff 00 00
stack at sp + 4 slots: 0x0000000000000020 is an unknown value
stack at sp + 5 slots: 0x00007ff8112aa317 jvm.dll
stack at sp + 6 slots: 0x0000000000000002 is an unknown value
stack at sp + 7 slots: 0x000000000000184d is an unknown value


---------------  P R O C E S S  ---------------

Threads class SMR info:
_java_thread_list=0x00000160f8adfa40, length=25, elements={
0x00000160d3aab000, 0x00000160f4a7f800, 0x00000160f4a84800, 0x00000160f529c000,
0x00000160f4a8e000, 0x00000160f529f000, 0x00000160f52a5800, 0x00000160f52a7800,
0x00000160f53de800, 0x00000160f53fd000, 0x00000160f673c800, 0x00000160f757d000,
0x00000160f6aa2000, 0x00000160f8658000, 0x00000160f712f800, 0x00000160f6d6e800,
0x00000160f6cc9000, 0x00000160f6c5f800, 0x00000160f734e000, 0x00000160f7665800,
0x00000160f6834800, 0x00000160f7bd5800, 0x00000160f7bd6800, 0x00000160f7bd7000,
0x00000160f7bd8000
}

Java Threads: ( => current thread )
  0x00000160d3aab000 JavaThread "main" [_thread_blocked, id=4032, stack(0x0000003c8b000000,0x0000003c8b100000)]
  0x00000160f4a7f800 JavaThread "Reference Handler" daemon [_thread_blocked, id=3740, stack(0x0000003c8b700000,0x0000003c8b800000)]
  0x00000160f4a84800 JavaThread "Finalizer" daemon [_thread_blocked, id=448, stack(0x0000003c8b800000,0x0000003c8b900000)]
  0x00000160f529c000 JavaThread "Signal Dispatcher" daemon [_thread_blocked, id=1788, stack(0x0000003c8b900000,0x0000003c8ba00000)]
  0x00000160f4a8e000 JavaThread "Attach Listener" daemon [_thread_blocked, id=6928, stack(0x0000003c8ba00000,0x0000003c8bb00000)]
=>0x00000160f529f000 JavaThread "C2 CompilerThread0" daemon [_thread_in_native, id=9328, stack(0x0000003c8bb00000,0x0000003c8bc00000)]
  0x00000160f52a5800 JavaThread "C1 CompilerThread0" daemon [_thread_blocked, id=7564, stack(0x0000003c8bc00000,0x0000003c8bd00000)]
  0x00000160f52a7800 JavaThread "Sweeper thread" daemon [_thread_blocked, id=12916, stack(0x0000003c8bd00000,0x0000003c8be00000)]
  0x00000160f53de800 JavaThread "Common-Cleaner" daemon [_thread_blocked, id=316, stack(0x0000003c8be00000,0x0000003c8bf00000)]
  0x00000160f53fd000 JavaThread "Service Thread" daemon [_thread_blocked, id=9104, stack(0x0000003c8bf00000,0x0000003c8c000000)]
  0x00000160f673c800 JavaThread "Daemon health stats" [_thread_blocked, id=9160, stack(0x0000003c8c200000,0x0000003c8c300000)]
  0x00000160f757d000 JavaThread "Incoming local TCP Connector on port 51853" [_thread_in_native, id=9768, stack(0x0000003c8c100000,0x0000003c8c200000)]
  0x00000160f6aa2000 JavaThread "Daemon periodic checks" [_thread_blocked, id=10556, stack(0x0000003c8c700000,0x0000003c8c800000)]
  0x00000160f8658000 JavaThread "Daemon" [_thread_blocked, id=6452, stack(0x0000003c8c800000,0x0000003c8c900000)]
  0x00000160f712f800 JavaThread "Handler for socket connection from /127.0.0.1:51853 to /127.0.0.1:51854" [_thread_in_native, id=10748, stack(0x0000003c8c900000,0x0000003c8ca00000)]
  0x00000160f6d6e800 JavaThread "Cancel handler" [_thread_blocked, id=6060, stack(0x0000003c8ca00000,0x0000003c8cb00000)]
  0x00000160f6cc9000 JavaThread "Daemon worker" [_thread_in_vm, id=6552, stack(0x0000003c8cb00000,0x0000003c8cc00000)]
  0x00000160f6c5f800 JavaThread "Asynchronous log dispatcher for DefaultDaemonConnection: socket connection from /127.0.0.1:51853 to /127.0.0.1:51854" [_thread_blocked, id=11096, stack(0x0000003c8cc00000,0x0000003c8cd00000)]
  0x00000160f734e000 JavaThread "Stdin handler" [_thread_blocked, id=11168, stack(0x0000003c8cd00000,0x0000003c8ce00000)]
  0x00000160f7665800 JavaThread "C2 CompilerThread1" daemon [_thread_in_native, id=10776, stack(0x0000003c8ce00000,0x0000003c8cf00000)]
  0x00000160f6834800 JavaThread "Daemon client event forwarder" [_thread_blocked, id=12128, stack(0x0000003c8cf00000,0x0000003c8d000000)]
  0x00000160f7bd5800 JavaThread "Cache worker for journal cache (C:\Users\jeffe\.gradle\caches\journal-1)" [_thread_blocked, id=9652, stack(0x0000003c8d000000,0x0000003c8d100000)]
  0x00000160f7bd6800 JavaThread "File lock request listener" [_thread_in_native, id=2580, stack(0x0000003c8d100000,0x0000003c8d200000)]
  0x00000160f7bd7000 JavaThread "Cache worker for file hash cache (C:\Users\jeffe\.gradle\caches\7.3.2\fileHashes)" [_thread_blocked, id=12808, stack(0x0000003c8d200000,0x0000003c8d300000)]
  0x00000160f7bd8000 JavaThread "Cache worker for file hash cache (C:\Users\jeffe\AndroidStudioProjects\FirstAidKit3\.gradle\7.3.2\fileHashes)" [_thread_blocked, id=11460, stack(0x0000003c8d600000,0x0000003c8d700000)]

Other Threads:
  0x00000160f4a7d800 VMThread "VM Thread" [stack: 0x0000003c8b600000,0x0000003c8b700000] [id=9512]
  0x00000160f53fe000 WatcherThread [stack: 0x0000003c8c000000,0x0000003c8c100000] [id=12944]
  0x00000160d3aef000 GCTaskThread "GC Thread#0" [stack: 0x0000003c8b100000,0x0000003c8b200000] [id=1800]
  0x00000160f60f2800 GCTaskThread "GC Thread#1" [stack: 0x0000003c8c300000,0x0000003c8c400000] [id=11796]
  0x00000160f60e2000 GCTaskThread "GC Thread#2" [stack: 0x0000003c8c400000,0x0000003c8c500000] [id=12876]
  0x00000160f61d9800 GCTaskThread "GC Thread#3" [stack: 0x0000003c8c500000,0x0000003c8c600000] [id=1608]
  0x00000160f6068800 GCTaskThread "GC Thread#4" [stack: 0x0000003c8c600000,0x0000003c8c700000] [id=5440]
  0x00000160f734d800 GCTaskThread "GC Thread#5" [stack: 0x0000003c8d300000,0x0000003c8d400000] [id=11956]
  0x00000160f6c60000 GCTaskThread "GC Thread#6" [stack: 0x0000003c8d400000,0x0000003c8d500000] [id=10416]
  0x00000160f6cc9800 GCTaskThread "GC Thread#7" [stack: 0x0000003c8d500000,0x0000003c8d600000] [id=11732]
  0x00000160d3b03800 ConcurrentGCThread "G1 Main Marker" [stack: 0x0000003c8b200000,0x0000003c8b300000] [id=11392]
  0x00000160d3b05800 ConcurrentGCThread "G1 Conc#0" [stack: 0x0000003c8b300000,0x0000003c8b400000] [id=5568]
  0x00000160d3b8e000 ConcurrentGCThread "G1 Refine#0" [stack: 0x0000003c8b400000,0x0000003c8b500000] [id=11844]
  0x00000160f48f2800 ConcurrentGCThread "G1 Young RemSet Sampling" [stack: 0x0000003c8b500000,0x0000003c8b600000] [id=8940]

Threads with active compile tasks:
C2 CompilerThread0     2984 1910   !   4       java.lang.ClassLoader::loadClass (122 bytes)
C2 CompilerThread1     2984 1971   !   4       java.net.URLClassLoader::findClass (47 bytes)

VM state:not at safepoint (normal execution)

VM Mutex/Monitor currently owned by a thread: None

Heap address: 0x0000000080000000, size: 2048 MB, Compressed Oops mode: 32-bit
Narrow klass base: 0x0000000800000000, Narrow klass shift: 3
Compressed class space size: 1073741824 Address: 0x0000000800b40000

Heap:
 garbage-first heap   total 229376K, used 29799K [0x0000000080000000, 0x0000000100000000)
  region size 1024K, 25 young (25600K), 12 survivors (12288K)
 Metaspace       used 16875K, capacity 17446K, committed 17536K, reserved 1064960K
  class space    used 2455K, capacity 2642K, committed 2688K, reserved 1048576K
Heap Regions: E=young(eden), S=young(survivor), O=old, HS=humongous(starts), HC=humongous(continues), CS=collection set, F=free, A=archive, TAMS=top-at-mark-start (previous, next)
|   0|0x0000000080000000, 0x0000000080000000, 0x0000000080100000|  0%| F|  |TAMS 0x0000000080000000, 0x0000000080000000| Untracked 
|   1|0x0000000080100000, 0x0000000080100000, 0x0000000080200000|  0%| F|  |TAMS 0x0000000080100000, 0x0000000080100000| Untracked 
|   2|0x0000000080200000, 0x0000000080200000, 0x0000000080300000|  0%| F|  |TAMS 0x0000000080200000, 0x0000000080200000| Untracked 
|   3|0x0000000080300000, 0x0000000080400000, 0x0000000080400000|100%|HS|  |TAMS 0x0000000080300000, 0x0000000080300000| Complete 
|   4|0x0000000080400000, 0x0000000080500000, 0x0000000080500000|100%|HC|  |TAMS 0x0000000080400000, 0x0000000080400000| Complete 
|   5|0x0000000080500000, 0x0000000080600000, 0x0000000080600000|100%|HC|  |TAMS 0x0000000080500000, 0x0000000080500000| Complete 
|   6|0x0000000080600000, 0x0000000080700000, 0x0000000080700000|100%| O|  |TAMS 0x0000000080600000, 0x0000000080600000| Untracked 
|   7|0x0000000080700000, 0x0000000080800000, 0x0000000080800000|100%| O|  |TAMS 0x0000000080700000, 0x0000000080700000| Untracked 
|   8|0x0000000080800000, 0x0000000080900000, 0x0000000080900000|100%| O|  |TAMS 0x0000000080800000, 0x0000000080800000| Untracked 
|   9|0x0000000080900000, 0x0000000080913c00, 0x0000000080a00000|  7%| O|  |TAMS 0x0000000080900000, 0x0000000080900000| Untracked 
|  10|0x0000000080a00000, 0x0000000080a00000, 0x0000000080b00000|  0%| F|  |TAMS 0x0000000080a00000, 0x0000000080a00000| Untracked 
|  11|0x0000000080b00000, 0x0000000080b00000, 0x0000000080c00000|  0%| F|  |TAMS 0x0000000080b00000, 0x0000000080b00000| Untracked 
|  12|0x0000000080c00000, 0x0000000080c00000, 0x0000000080d00000|  0%| F|  |TAMS 0x0000000080c00000, 0x0000000080c00000| Untracked 
|  13|0x0000000080d00000, 0x0000000080d00000, 0x0000000080e00000|  0%| F|  |TAMS 0x0000000080d00000, 0x0000000080d00000| Untracked 
|  14|0x0000000080e00000, 0x0000000080e00000, 0x0000000080f00000|  0%| F|  |TAMS 0x0000000080e00000, 0x0000000080e00000| Untracked 
|  15|0x0000000080f00000, 0x0000000080f00000, 0x0000000081000000|  0%| F|  |TAMS 0x0000000080f00000, 0x0000000080f00000| Untracked 
|  16|0x0000000081000000, 0x0000000081000000, 0x0000000081100000|  0%| F|  |TAMS 0x0000000081000000, 0x0000000081000000| Untracked 
|  17|0x0000000081100000, 0x0000000081100000, 0x0000000081200000|  0%| F|  |TAMS 0x0000000081100000, 0x0000000081100000| Untracked 
|  18|0x0000000081200000, 0x0000000081200000, 0x0000000081300000|  0%| F|  |TAMS 0x0000000081200000, 0x0000000081200000| Untracked 
|  19|0x0000000081300000, 0x0000000081300000, 0x0000000081400000|  0%| F|  |TAMS 0x0000000081300000, 0x0000000081300000| Untracked 
|  20|0x0000000081400000, 0x0000000081400000, 0x0000000081500000|  0%| F|  |TAMS 0x0000000081400000, 0x0000000081400000| Untracked 
|  21|0x0000000081500000, 0x0000000081500000, 0x0000000081600000|  0%| F|  |TAMS 0x0000000081500000, 0x0000000081500000| Untracked 
|  22|0x0000000081600000, 0x0000000081600000, 0x0000000081700000|  0%| F|  |TAMS 0x0000000081600000, 0x0000000081600000| Untracked 
|  23|0x0000000081700000, 0x0000000081700000, 0x0000000081800000|  0%| F|  |TAMS 0x0000000081700000, 0x0000000081700000| Untracked 
|  24|0x0000000081800000, 0x0000000081800000, 0x0000000081900000|  0%| F|  |TAMS 0x0000000081800000, 0x0000000081800000| Untracked 
|  25|0x0000000081900000, 0x0000000081900000, 0x0000000081a00000|  0%| F|  |TAMS 0x0000000081900000, 0x0000000081900000| Untracked 
|  26|0x0000000081a00000, 0x0000000081a00000, 0x0000000081b00000|  0%| F|  |TAMS 0x0000000081a00000, 0x0000000081a00000| Untracked 
|  27|0x0000000081b00000, 0x0000000081b00000, 0x0000000081c00000|  0%| F|  |TAMS 0x0000000081b00000, 0x0000000081b00000| Untracked 
|  28|0x0000000081c00000, 0x0000000081c00000, 0x0000000081d00000|  0%| F|  |TAMS 0x0000000081c00000, 0x0000000081c00000| Untracked 
|  29|0x0000000081d00000, 0x0000000081d00000, 0x0000000081e00000|  0%| F|  |TAMS 0x0000000081d00000, 0x0000000081d00000| Untracked 
|  30|0x0000000081e00000, 0x0000000081e00000, 0x0000000081f00000|  0%| F|  |TAMS 0x0000000081e00000, 0x0000000081e00000| Untracked 
|  31|0x0000000081f00000, 0x0000000081f00000, 0x0000000082000000|  0%| F|  |TAMS 0x0000000081f00000, 0x0000000081f00000| Untracked 
|  32|0x0000000082000000, 0x0000000082000000, 0x0000000082100000|  0%| F|  |TAMS 0x0000000082000000, 0x0000000082000000| Untracked 
|  33|0x0000000082100000, 0x0000000082100000, 0x0000000082200000|  0%| F|  |TAMS 0x0000000082100000, 0x0000000082100000| Untracked 
|  34|0x0000000082200000, 0x0000000082200000, 0x0000000082300000|  0%| F|  |TAMS 0x0000000082200000, 0x0000000082200000| Untracked 
|  35|0x0000000082300000, 0x0000000082300000, 0x0000000082400000|  0%| F|  |TAMS 0x0000000082300000, 0x0000000082300000| Untracked 
|  36|0x0000000082400000, 0x0000000082400000, 0x0000000082500000|  0%| F|  |TAMS 0x0000000082400000, 0x0000000082400000| Untracked 
|  37|0x0000000082500000, 0x0000000082500000, 0x0000000082600000|  0%| F|  |TAMS 0x0000000082500000, 0x0000000082500000| Untracked 
|  38|0x0000000082600000, 0x0000000082600000, 0x0000000082700000|  0%| F|  |TAMS 0x0000000082600000, 0x0000000082600000| Untracked 
|  39|0x0000000082700000, 0x0000000082700000, 0x0000000082800000|  0%| F|  |TAMS 0x0000000082700000, 0x0000000082700000| Untracked 
|  40|0x0000000082800000, 0x0000000082800000, 0x0000000082900000|  0%| F|  |TAMS 0x0000000082800000, 0x0000000082800000| Untracked 
|  41|0x0000000082900000, 0x0000000082900000, 0x0000000082a00000|  0%| F|  |TAMS 0x0000000082900000, 0x0000000082900000| Untracked 
|  42|0x0000000082a00000, 0x0000000082a00000, 0x0000000082b00000|  0%| F|  |TAMS 0x0000000082a00000, 0x0000000082a00000| Untracked 
|  43|0x0000000082b00000, 0x0000000082b00000, 0x0000000082c00000|  0%| F|  |TAMS 0x0000000082b00000, 0x0000000082b00000| Untracked 
|  44|0x0000000082c00000, 0x0000000082c00000, 0x0000000082d00000|  0%| F|  |TAMS 0x0000000082c00000, 0x0000000082c00000| Untracked 
|  45|0x0000000082d00000, 0x0000000082d00000, 0x0000000082e00000|  0%| F|  |TAMS 0x0000000082d00000, 0x0000000082d00000| Untracked 
|  46|0x0000000082e00000, 0x0000000082e00000, 0x0000000082f00000|  0%| F|  |TAMS 0x0000000082e00000, 0x0000000082e00000| Untracked 
|  47|0x0000000082f00000, 0x0000000082f00000, 0x0000000083000000|  0%| F|  |TAMS 0x0000000082f00000, 0x0000000082f00000| Untracked 
|  48|0x0000000083000000, 0x0000000083000000, 0x0000000083100000|  0%| F|  |TAMS 0x0000000083000000, 0x0000000083000000| Untracked 
|  49|0x0000000083100000, 0x0000000083100000, 0x0000000083200000|  0%| F|  |TAMS 0x0000000083100000, 0x0000000083100000| Untracked 
|  50|0x0000000083200000, 0x0000000083200000, 0x0000000083300000|  0%| F|  |TAMS 0x0000000083200000, 0x0000000083200000| Untracked 
|  51|0x0000000083300000, 0x0000000083300000, 0x0000000083400000|  0%| F|  |TAMS 0x0000000083300000, 0x0000000083300000| Untracked 
|  52|0x0000000083400000, 0x0000000083400000, 0x0000000083500000|  0%| F|  |TAMS 0x0000000083400000, 0x0000000083400000| Untracked 
|  53|0x0000000083500000, 0x0000000083500000, 0x0000000083600000|  0%| F|  |TAMS 0x0000000083500000, 0x0000000083500000| Untracked 
|  54|0x0000000083600000, 0x0000000083600000, 0x0000000083700000|  0%| F|  |TAMS 0x0000000083600000, 0x0000000083600000| Untracked 
|  55|0x0000000083700000, 0x0000000083700000, 0x0000000083800000|  0%| F|  |TAMS 0x0000000083700000, 0x0000000083700000| Untracked 
|  56|0x0000000083800000, 0x0000000083800000, 0x0000000083900000|  0%| F|  |TAMS 0x0000000083800000, 0x0000000083800000| Untracked 
|  57|0x0000000083900000, 0x0000000083900000, 0x0000000083a00000|  0%| F|  |TAMS 0x0000000083900000, 0x0000000083900000| Untracked 
|  58|0x0000000083a00000, 0x0000000083a00000, 0x0000000083b00000|  0%| F|  |TAMS 0x0000000083a00000, 0x0000000083a00000| Untracked 
|  59|0x0000000083b00000, 0x0000000083b00000, 0x0000000083c00000|  0%| F|  |TAMS 0x0000000083b00000, 0x0000000083b00000| Untracked 
|  60|0x0000000083c00000, 0x0000000083c00000, 0x0000000083d00000|  0%| F|  |TAMS 0x0000000083c00000, 0x0000000083c00000| Untracked 
|  61|0x0000000083d00000, 0x0000000083d00000, 0x0000000083e00000|  0%| F|  |TAMS 0x0000000083d00000, 0x0000000083d00000| Untracked 
|  62|0x0000000083e00000, 0x0000000083e00000, 0x0000000083f00000|  0%| F|  |TAMS 0x0000000083e00000, 0x0000000083e00000| Untracked 
|  63|0x0000000083f00000, 0x0000000083f00000, 0x0000000084000000|  0%| F|  |TAMS 0x0000000083f00000, 0x0000000083f00000| Untracked 
|  64|0x0000000084000000, 0x0000000084000000, 0x0000000084100000|  0%| F|  |TAMS 0x0000000084000000, 0x0000000084000000| Untracked 
|  65|0x0000000084100000, 0x0000000084100000, 0x0000000084200000|  0%| F|  |TAMS 0x0000000084100000, 0x0000000084100000| Untracked 
|  66|0x0000000084200000, 0x0000000084200000, 0x0000000084300000|  0%| F|  |TAMS 0x0000000084200000, 0x0000000084200000| Untracked 
|  67|0x0000000084300000, 0x0000000084300000, 0x0000000084400000|  0%| F|  |TAMS 0x0000000084300000, 0x0000000084300000| Untracked 
|  68|0x0000000084400000, 0x0000000084400000, 0x0000000084500000|  0%| F|  |TAMS 0x0000000084400000, 0x0000000084400000| Untracked 
|  69|0x0000000084500000, 0x0000000084500000, 0x0000000084600000|  0%| F|  |TAMS 0x0000000084500000, 0x0000000084500000| Untracked 
|  70|0x0000000084600000, 0x0000000084600000, 0x0000000084700000|  0%| F|  |TAMS 0x0000000084600000, 0x0000000084600000| Untracked 
|  71|0x0000000084700000, 0x0000000084700000, 0x0000000084800000|  0%| F|  |TAMS 0x0000000084700000, 0x0000000084700000| Untracked 
|  72|0x0000000084800000, 0x0000000084800000, 0x0000000084900000|  0%| F|  |TAMS 0x0000000084800000, 0x0000000084800000| Untracked 
|  73|0x0000000084900000, 0x0000000084900000, 0x0000000084a00000|  0%| F|  |TAMS 0x0000000084900000, 0x0000000084900000| Untracked 
|  74|0x0000000084a00000, 0x0000000084a00000, 0x0000000084b00000|  0%| F|  |TAMS 0x0000000084a00000, 0x0000000084a00000| Untracked 
|  75|0x0000000084b00000, 0x0000000084b00000, 0x0000000084c00000|  0%| F|  |TAMS 0x0000000084b00000, 0x0000000084b00000| Untracked 
|  76|0x0000000084c00000, 0x0000000084c00000, 0x0000000084d00000|  0%| F|  |TAMS 0x0000000084c00000, 0x0000000084c00000| Untracked 
|  77|0x0000000084d00000, 0x0000000084d00000, 0x0000000084e00000|  0%| F|  |TAMS 0x0000000084d00000, 0x0000000084d00000| Untracked 
|  78|0x0000000084e00000, 0x0000000084e06270, 0x0000000084f00000|  2%| S|CS|TAMS 0x0000000084e00000, 0x0000000084e00000| Complete 
|  79|0x0000000084f00000, 0x0000000085000000, 0x0000000085000000|100%| S|CS|TAMS 0x0000000084f00000, 0x0000000084f00000| Complete 
|  80|0x0000000085000000, 0x0000000085100000, 0x0000000085100000|100%| S|CS|TAMS 0x0000000085000000, 0x0000000085000000| Complete 
|  81|0x0000000085100000, 0x0000000085200000, 0x0000000085200000|100%| S|CS|TAMS 0x0000000085100000, 0x0000000085100000| Complete 
|  82|0x0000000085200000, 0x0000000085300000, 0x0000000085300000|100%| S|CS|TAMS 0x0000000085200000, 0x0000000085200000| Complete 
|  83|0x0000000085300000, 0x0000000085400000, 0x0000000085400000|100%| S|CS|TAMS 0x0000000085300000, 0x0000000085300000| Complete 
|  84|0x0000000085400000, 0x0000000085500000, 0x0000000085500000|100%| S|CS|TAMS 0x0000000085400000, 0x0000000085400000| Complete 
|  85|0x0000000085500000, 0x0000000085600000, 0x0000000085600000|100%| S|CS|TAMS 0x0000000085500000, 0x0000000085500000| Complete 
|  86|0x0000000085600000, 0x0000000085700000, 0x0000000085700000|100%| S|CS|TAMS 0x0000000085600000, 0x0000000085600000| Complete 
|  87|0x0000000085700000, 0x0000000085800000, 0x0000000085800000|100%| S|CS|TAMS 0x0000000085700000, 0x0000000085700000| Complete 
|  88|0x0000000085800000, 0x0000000085900000, 0x0000000085900000|100%| S|CS|TAMS 0x0000000085800000, 0x0000000085800000| Complete 
|  89|0x0000000085900000, 0x0000000085a00000, 0x0000000085a00000|100%| S|CS|TAMS 0x0000000085900000, 0x0000000085900000| Complete 
|  90|0x0000000085a00000, 0x0000000085a00000, 0x0000000085b00000|  0%| F|  |TAMS 0x0000000085a00000, 0x0000000085a00000| Untracked 
|  91|0x0000000085b00000, 0x0000000085b00000, 0x0000000085c00000|  0%| F|  |TAMS 0x0000000085b00000, 0x0000000085b00000| Untracked 
|  92|0x0000000085c00000, 0x0000000085c00000, 0x0000000085d00000|  0%| F|  |TAMS 0x0000000085c00000, 0x0000000085c00000| Untracked 
|  93|0x0000000085d00000, 0x0000000085d00000, 0x0000000085e00000|  0%| F|  |TAMS 0x0000000085d00000, 0x0000000085d00000| Untracked 
|  94|0x0000000085e00000, 0x0000000085e00000, 0x0000000085f00000|  0%| F|  |TAMS 0x0000000085e00000, 0x0000000085e00000| Untracked 
|  95|0x0000000085f00000, 0x0000000085f00000, 0x0000000086000000|  0%| F|  |TAMS 0x0000000085f00000, 0x0000000085f00000| Untracked 
|  96|0x0000000086000000, 0x0000000086000000, 0x0000000086100000|  0%| F|  |TAMS 0x0000000086000000, 0x0000000086000000| Untracked 
|  97|0x0000000086100000, 0x0000000086100000, 0x0000000086200000|  0%| F|  |TAMS 0x0000000086100000, 0x0000000086100000| Untracked 
|  98|0x0000000086200000, 0x0000000086200000, 0x0000000086300000|  0%| F|  |TAMS 0x0000000086200000, 0x0000000086200000| Untracked 
|  99|0x0000000086300000, 0x0000000086300000, 0x0000000086400000|  0%| F|  |TAMS 0x0000000086300000, 0x0000000086300000| Untracked 
| 100|0x0000000086400000, 0x0000000086400000, 0x0000000086500000|  0%| F|  |TAMS 0x0000000086400000, 0x0000000086400000| Untracked 
| 101|0x0000000086500000, 0x0000000086500000, 0x0000000086600000|  0%| F|  |TAMS 0x0000000086500000, 0x0000000086500000| Untracked 
| 102|0x0000000086600000, 0x0000000086600000, 0x0000000086700000|  0%| F|  |TAMS 0x0000000086600000, 0x0000000086600000| Untracked 
| 103|0x0000000086700000, 0x0000000086700000, 0x0000000086800000|  0%| F|  |TAMS 0x0000000086700000, 0x0000000086700000| Untracked 
| 104|0x0000000086800000, 0x0000000086800000, 0x0000000086900000|  0%| F|  |TAMS 0x0000000086800000, 0x0000000086800000| Untracked 
| 105|0x0000000086900000, 0x0000000086900000, 0x0000000086a00000|  0%| F|  |TAMS 0x0000000086900000, 0x0000000086900000| Untracked 
| 106|0x0000000086a00000, 0x0000000086a00000, 0x0000000086b00000|  0%| F|  |TAMS 0x0000000086a00000, 0x0000000086a00000| Untracked 
| 107|0x0000000086b00000, 0x0000000086b00000, 0x0000000086c00000|  0%| F|  |TAMS 0x0000000086b00000, 0x0000000086b00000| Untracked 
| 108|0x0000000086c00000, 0x0000000086c00000, 0x0000000086d00000|  0%| F|  |TAMS 0x0000000086c00000, 0x0000000086c00000| Untracked 
| 109|0x0000000086d00000, 0x0000000086d00000, 0x0000000086e00000|  0%| F|  |TAMS 0x0000000086d00000, 0x0000000086d00000| Untracked 
| 110|0x0000000086e00000, 0x0000000086e00000, 0x0000000086f00000|  0%| F|  |TAMS 0x0000000086e00000, 0x0000000086e00000| Untracked 
| 111|0x0000000086f00000, 0x0000000086f00000, 0x0000000087000000|  0%| F|  |TAMS 0x0000000086f00000, 0x0000000086f00000| Untracked 
| 112|0x0000000087000000, 0x0000000087000000, 0x0000000087100000|  0%| F|  |TAMS 0x0000000087000000, 0x0000000087000000| Untracked 
| 113|0x0000000087100000, 0x0000000087100000, 0x0000000087200000|  0%| F|  |TAMS 0x0000000087100000, 0x0000000087100000| Untracked 
| 114|0x0000000087200000, 0x0000000087200000, 0x0000000087300000|  0%| F|  |TAMS 0x0000000087200000, 0x0000000087200000| Untracked 
| 115|0x0000000087300000, 0x0000000087300000, 0x0000000087400000|  0%| F|  |TAMS 0x0000000087300000, 0x0000000087300000| Untracked 
| 116|0x0000000087400000, 0x0000000087400000, 0x0000000087500000|  0%| F|  |TAMS 0x0000000087400000, 0x0000000087400000| Untracked 
| 117|0x0000000087500000, 0x0000000087500000, 0x0000000087600000|  0%| F|  |TAMS 0x0000000087500000, 0x0000000087500000| Untracked 
| 118|0x0000000087600000, 0x0000000087600000, 0x0000000087700000|  0%| F|  |TAMS 0x0000000087600000, 0x0000000087600000| Untracked 
| 119|0x0000000087700000, 0x0000000087700000, 0x0000000087800000|  0%| F|  |TAMS 0x0000000087700000, 0x0000000087700000| Untracked 
| 120|0x0000000087800000, 0x0000000087800000, 0x0000000087900000|  0%| F|  |TAMS 0x0000000087800000, 0x0000000087800000| Untracked 
| 121|0x0000000087900000, 0x0000000087900000, 0x0000000087a00000|  0%| F|  |TAMS 0x0000000087900000, 0x0000000087900000| Untracked 
| 122|0x0000000087a00000, 0x0000000087a00000, 0x0000000087b00000|  0%| F|  |TAMS 0x0000000087a00000, 0x0000000087a00000| Untracked 
| 123|0x0000000087b00000, 0x0000000087b00000, 0x0000000087c00000|  0%| F|  |TAMS 0x0000000087b00000, 0x0000000087b00000| Untracked 
| 124|0x0000000087c00000, 0x0000000087c00000, 0x0000000087d00000|  0%| F|  |TAMS 0x0000000087c00000, 0x0000000087c00000| Untracked 
| 125|0x0000000087d00000, 0x0000000087d00000, 0x0000000087e00000|  0%| F|  |TAMS 0x0000000087d00000, 0x0000000087d00000| Untracked 
| 126|0x0000000087e00000, 0x0000000087e00000, 0x0000000087f00000|  0%| F|  |TAMS 0x0000000087e00000, 0x0000000087e00000| Untracked 
| 127|0x0000000087f00000, 0x0000000087f00000, 0x0000000088000000|  0%| F|  |TAMS 0x0000000087f00000, 0x0000000087f00000| Untracked 
| 128|0x0000000088000000, 0x0000000088000000, 0x0000000088100000|  0%| F|  |TAMS 0x0000000088000000, 0x0000000088000000| Untracked 
| 129|0x0000000088100000, 0x0000000088100000, 0x0000000088200000|  0%| F|  |TAMS 0x0000000088100000, 0x0000000088100000| Untracked 
| 130|0x0000000088200000, 0x0000000088200000, 0x0000000088300000|  0%| F|  |TAMS 0x0000000088200000, 0x0000000088200000| Untracked 
| 131|0x0000000088300000, 0x0000000088300000, 0x0000000088400000|  0%| F|  |TAMS 0x0000000088300000, 0x0000000088300000| Untracked 
| 132|0x0000000088400000, 0x0000000088400000, 0x0000000088500000|  0%| F|  |TAMS 0x0000000088400000, 0x0000000088400000| Untracked 
| 133|0x0000000088500000, 0x0000000088500000, 0x0000000088600000|  0%| F|  |TAMS 0x0000000088500000, 0x0000000088500000| Untracked 
| 134|0x0000000088600000, 0x0000000088600000, 0x0000000088700000|  0%| F|  |TAMS 0x0000000088600000, 0x0000000088600000| Untracked 
| 135|0x0000000088700000, 0x0000000088700000, 0x0000000088800000|  0%| F|  |TAMS 0x0000000088700000, 0x0000000088700000| Untracked 
| 136|0x0000000088800000, 0x0000000088800000, 0x0000000088900000|  0%| F|  |TAMS 0x0000000088800000, 0x0000000088800000| Untracked 
| 137|0x0000000088900000, 0x0000000088900000, 0x0000000088a00000|  0%| F|  |TAMS 0x0000000088900000, 0x0000000088900000| Untracked 
| 138|0x0000000088a00000, 0x0000000088a00000, 0x0000000088b00000|  0%| F|  |TAMS 0x0000000088a00000, 0x0000000088a00000| Untracked 
| 139|0x0000000088b00000, 0x0000000088b00000, 0x0000000088c00000|  0%| F|  |TAMS 0x0000000088b00000, 0x0000000088b00000| Untracked 
| 140|0x0000000088c00000, 0x0000000088c00000, 0x0000000088d00000|  0%| F|  |TAMS 0x0000000088c00000, 0x0000000088c00000| Untracked 
| 141|0x0000000088d00000, 0x0000000088d00000, 0x0000000088e00000|  0%| F|  |TAMS 0x0000000088d00000, 0x0000000088d00000| Untracked 
| 142|0x0000000088e00000, 0x0000000088e00000, 0x0000000088f00000|  0%| F|  |TAMS 0x0000000088e00000, 0x0000000088e00000| Untracked 
| 143|0x0000000088f00000, 0x0000000088f00000, 0x0000000089000000|  0%| F|  |TAMS 0x0000000088f00000, 0x0000000088f00000| Untracked 
| 144|0x0000000089000000, 0x0000000089000000, 0x0000000089100000|  0%| F|  |TAMS 0x0000000089000000, 0x0000000089000000| Untracked 
| 145|0x0000000089100000, 0x0000000089100000, 0x0000000089200000|  0%| F|  |TAMS 0x0000000089100000, 0x0000000089100000| Untracked 
| 146|0x0000000089200000, 0x0000000089200000, 0x0000000089300000|  0%| F|  |TAMS 0x0000000089200000, 0x0000000089200000| Untracked 
| 147|0x0000000089300000, 0x0000000089300000, 0x0000000089400000|  0%| F|  |TAMS 0x0000000089300000, 0x0000000089300000| Untracked 
| 148|0x0000000089400000, 0x0000000089400000, 0x0000000089500000|  0%| F|  |TAMS 0x0000000089400000, 0x0000000089400000| Untracked 
| 149|0x0000000089500000, 0x0000000089500000, 0x0000000089600000|  0%| F|  |TAMS 0x0000000089500000, 0x0000000089500000| Untracked 
| 150|0x0000000089600000, 0x0000000089600000, 0x0000000089700000|  0%| F|  |TAMS 0x0000000089600000, 0x0000000089600000| Untracked 
| 151|0x0000000089700000, 0x0000000089700000, 0x0000000089800000|  0%| F|  |TAMS 0x0000000089700000, 0x0000000089700000| Untracked 
| 152|0x0000000089800000, 0x0000000089800000, 0x0000000089900000|  0%| F|  |TAMS 0x0000000089800000, 0x0000000089800000| Untracked 
| 153|0x0000000089900000, 0x0000000089900000, 0x0000000089a00000|  0%| F|  |TAMS 0x0000000089900000, 0x0000000089900000| Untracked 
| 154|0x0000000089a00000, 0x0000000089a00000, 0x0000000089b00000|  0%| F|  |TAMS 0x0000000089a00000, 0x0000000089a00000| Untracked 
| 155|0x0000000089b00000, 0x0000000089b00000, 0x0000000089c00000|  0%| F|  |TAMS 0x0000000089b00000, 0x0000000089b00000| Untracked 
| 156|0x0000000089c00000, 0x0000000089c00000, 0x0000000089d00000|  0%| F|  |TAMS 0x0000000089c00000, 0x0000000089c00000| Untracked 
| 157|0x0000000089d00000, 0x0000000089d00000, 0x0000000089e00000|  0%| F|  |TAMS 0x0000000089d00000, 0x0000000089d00000| Untracked 
| 158|0x0000000089e00000, 0x0000000089e00000, 0x0000000089f00000|  0%| F|  |TAMS 0x0000000089e00000, 0x0000000089e00000| Untracked 
| 159|0x0000000089f00000, 0x0000000089f00000, 0x000000008a000000|  0%| F|  |TAMS 0x0000000089f00000, 0x0000000089f00000| Untracked 
| 160|0x000000008a000000, 0x000000008a000000, 0x000000008a100000|  0%| F|  |TAMS 0x000000008a000000, 0x000000008a000000| Untracked 
| 161|0x000000008a100000, 0x000000008a100000, 0x000000008a200000|  0%| F|  |TAMS 0x000000008a100000, 0x000000008a100000| Untracked 
| 162|0x000000008a200000, 0x000000008a200000, 0x000000008a300000|  0%| F|  |TAMS 0x000000008a200000, 0x000000008a200000| Untracked 
| 163|0x000000008a300000, 0x000000008a300000, 0x000000008a400000|  0%| F|  |TAMS 0x000000008a300000, 0x000000008a300000| Untracked 
| 164|0x000000008a400000, 0x000000008a400000, 0x000000008a500000|  0%| F|  |TAMS 0x000000008a400000, 0x000000008a400000| Untracked 
| 165|0x000000008a500000, 0x000000008a500000, 0x000000008a600000|  0%| F|  |TAMS 0x000000008a500000, 0x000000008a500000| Untracked 
| 166|0x000000008a600000, 0x000000008a600000, 0x000000008a700000|  0%| F|  |TAMS 0x000000008a600000, 0x000000008a600000| Untracked 
| 167|0x000000008a700000, 0x000000008a700000, 0x000000008a800000|  0%| F|  |TAMS 0x000000008a700000, 0x000000008a700000| Untracked 
| 168|0x000000008a800000, 0x000000008a800000, 0x000000008a900000|  0%| F|  |TAMS 0x000000008a800000, 0x000000008a800000| Untracked 
| 169|0x000000008a900000, 0x000000008a900000, 0x000000008aa00000|  0%| F|  |TAMS 0x000000008a900000, 0x000000008a900000| Untracked 
| 170|0x000000008aa00000, 0x000000008aa00000, 0x000000008ab00000|  0%| F|  |TAMS 0x000000008aa00000, 0x000000008aa00000| Untracked 
| 171|0x000000008ab00000, 0x000000008ab00000, 0x000000008ac00000|  0%| F|  |TAMS 0x000000008ab00000, 0x000000008ab00000| Untracked 
| 172|0x000000008ac00000, 0x000000008ac00000, 0x000000008ad00000|  0%| F|  |TAMS 0x000000008ac00000, 0x000000008ac00000| Untracked 
| 173|0x000000008ad00000, 0x000000008ad00000, 0x000000008ae00000|  0%| F|  |TAMS 0x000000008ad00000, 0x000000008ad00000| Untracked 
| 174|0x000000008ae00000, 0x000000008ae00000, 0x000000008af00000|  0%| F|  |TAMS 0x000000008ae00000, 0x000000008ae00000| Untracked 
| 175|0x000000008af00000, 0x000000008af00000, 0x000000008b000000|  0%| F|  |TAMS 0x000000008af00000, 0x000000008af00000| Untracked 
| 176|0x000000008b000000, 0x000000008b000000, 0x000000008b100000|  0%| F|  |TAMS 0x000000008b000000, 0x000000008b000000| Untracked 
| 177|0x000000008b100000, 0x000000008b100000, 0x000000008b200000|  0%| F|  |TAMS 0x000000008b100000, 0x000000008b100000| Untracked 
| 178|0x000000008b200000, 0x000000008b200000, 0x000000008b300000|  0%| F|  |TAMS 0x000000008b200000, 0x000000008b200000| Untracked 
| 179|0x000000008b300000, 0x000000008b300000, 0x000000008b400000|  0%| F|  |TAMS 0x000000008b300000, 0x000000008b300000| Untracked 
| 180|0x000000008b400000, 0x000000008b400000, 0x000000008b500000|  0%| F|  |TAMS 0x000000008b400000, 0x000000008b400000| Untracked 
| 181|0x000000008b500000, 0x000000008b500000, 0x000000008b600000|  0%| F|  |TAMS 0x000000008b500000, 0x000000008b500000| Untracked 
| 182|0x000000008b600000, 0x000000008b600000, 0x000000008b700000|  0%| F|  |TAMS 0x000000008b600000, 0x000000008b600000| Untracked 
| 183|0x000000008b700000, 0x000000008b700000, 0x000000008b800000|  0%| F|  |TAMS 0x000000008b700000, 0x000000008b700000| Untracked 
| 184|0x000000008b800000, 0x000000008b800000, 0x000000008b900000|  0%| F|  |TAMS 0x000000008b800000, 0x000000008b800000| Untracked 
| 185|0x000000008b900000, 0x000000008b900000, 0x000000008ba00000|  0%| F|  |TAMS 0x000000008b900000, 0x000000008b900000| Untracked 
| 186|0x000000008ba00000, 0x000000008ba00000, 0x000000008bb00000|  0%| F|  |TAMS 0x000000008ba00000, 0x000000008ba00000| Untracked 
| 187|0x000000008bb00000, 0x000000008bb00000, 0x000000008bc00000|  0%| F|  |TAMS 0x000000008bb00000, 0x000000008bb00000| Untracked 
| 188|0x000000008bc00000, 0x000000008bc00000, 0x000000008bd00000|  0%| F|  |TAMS 0x000000008bc00000, 0x000000008bc00000| Untracked 
| 189|0x000000008bd00000, 0x000000008bd00000, 0x000000008be00000|  0%| F|  |TAMS 0x000000008bd00000, 0x000000008bd00000| Untracked 
| 190|0x000000008be00000, 0x000000008be00000, 0x000000008bf00000|  0%| F|  |TAMS 0x000000008be00000, 0x000000008be00000| Untracked 
| 191|0x000000008bf00000, 0x000000008bf00000, 0x000000008c000000|  0%| F|  |TAMS 0x000000008bf00000, 0x000000008bf00000| Untracked 
| 192|0x000000008c000000, 0x000000008c000000, 0x000000008c100000|  0%| F|  |TAMS 0x000000008c000000, 0x000000008c000000| Untracked 
| 193|0x000000008c100000, 0x000000008c100000, 0x000000008c200000|  0%| F|  |TAMS 0x000000008c100000, 0x000000008c100000| Untracked 
| 194|0x000000008c200000, 0x000000008c200000, 0x000000008c300000|  0%| F|  |TAMS 0x000000008c200000, 0x000000008c200000| Untracked 
| 195|0x000000008c300000, 0x000000008c300000, 0x000000008c400000|  0%| F|  |TAMS 0x000000008c300000, 0x000000008c300000| Untracked 
| 196|0x000000008c400000, 0x000000008c400000, 0x000000008c500000|  0%| F|  |TAMS 0x000000008c400000, 0x000000008c400000| Untracked 
| 197|0x000000008c500000, 0x000000008c500000, 0x000000008c600000|  0%| F|  |TAMS 0x000000008c500000, 0x000000008c500000| Untracked 
| 198|0x000000008c600000, 0x000000008c600000, 0x000000008c700000|  0%| F|  |TAMS 0x000000008c600000, 0x000000008c600000| Untracked 
| 199|0x000000008c700000, 0x000000008c700000, 0x000000008c800000|  0%| F|  |TAMS 0x000000008c700000, 0x000000008c700000| Untracked 
| 200|0x000000008c800000, 0x000000008c800000, 0x000000008c900000|  0%| F|  |TAMS 0x000000008c800000, 0x000000008c800000| Untracked 
| 201|0x000000008c900000, 0x000000008c900000, 0x000000008ca00000|  0%| F|  |TAMS 0x000000008c900000, 0x000000008c900000| Untracked 
| 202|0x000000008ca00000, 0x000000008ca00000, 0x000000008cb00000|  0%| F|  |TAMS 0x000000008ca00000, 0x000000008ca00000| Untracked 
| 203|0x000000008cb00000, 0x000000008cb00000, 0x000000008cc00000|  0%| F|  |TAMS 0x000000008cb00000, 0x000000008cb00000| Untracked 
| 204|0x000000008cc00000, 0x000000008cc00000, 0x000000008cd00000|  0%| F|  |TAMS 0x000000008cc00000, 0x000000008cc00000| Untracked 
| 205|0x000000008cd00000, 0x000000008cd00000, 0x000000008ce00000|  0%| F|  |TAMS 0x000000008cd00000, 0x000000008cd00000| Untracked 
| 206|0x000000008ce00000, 0x000000008ce00000, 0x000000008cf00000|  0%| F|  |TAMS 0x000000008ce00000, 0x000000008ce00000| Untracked 
| 207|0x000000008cf00000, 0x000000008cf00000, 0x000000008d000000|  0%| F|  |TAMS 0x000000008cf00000, 0x000000008cf00000| Untracked 
| 208|0x000000008d000000, 0x000000008d000000, 0x000000008d100000|  0%| F|  |TAMS 0x000000008d000000, 0x000000008d000000| Untracked 
| 209|0x000000008d100000, 0x000000008d100000, 0x000000008d200000|  0%| F|  |TAMS 0x000000008d100000, 0x000000008d100000| Untracked 
| 210|0x000000008d200000, 0x000000008d285010, 0x000000008d300000| 51%| E|  |TAMS 0x000000008d200000, 0x000000008d200000| Complete 
| 211|0x000000008d300000, 0x000000008d400000, 0x000000008d400000|100%| E|CS|TAMS 0x000000008d300000, 0x000000008d300000| Complete 
| 212|0x000000008d400000, 0x000000008d500000, 0x000000008d500000|100%| E|CS|TAMS 0x000000008d400000, 0x000000008d400000| Complete 
| 213|0x000000008d500000, 0x000000008d600000, 0x000000008d600000|100%| E|CS|TAMS 0x000000008d500000, 0x000000008d500000| Complete 
| 214|0x000000008d600000, 0x000000008d700000, 0x000000008d700000|100%| E|CS|TAMS 0x000000008d600000, 0x000000008d600000| Complete 
| 215|0x000000008d700000, 0x000000008d800000, 0x000000008d800000|100%| E|CS|TAMS 0x000000008d700000, 0x000000008d700000| Complete 
| 216|0x000000008d800000, 0x000000008d900000, 0x000000008d900000|100%| E|CS|TAMS 0x000000008d800000, 0x000000008d800000| Complete 
| 217|0x000000008d900000, 0x000000008da00000, 0x000000008da00000|100%| E|CS|TAMS 0x000000008d900000, 0x000000008d900000| Complete 
| 218|0x000000008da00000, 0x000000008db00000, 0x000000008db00000|100%| E|CS|TAMS 0x000000008da00000, 0x000000008da00000| Complete 
| 219|0x000000008db00000, 0x000000008dc00000, 0x000000008dc00000|100%| E|CS|TAMS 0x000000008db00000, 0x000000008db00000| Complete 
| 220|0x000000008dc00000, 0x000000008dd00000, 0x000000008dd00000|100%| E|CS|TAMS 0x000000008dc00000, 0x000000008dc00000| Complete 
| 221|0x000000008dd00000, 0x000000008de00000, 0x000000008de00000|100%| E|CS|TAMS 0x000000008dd00000, 0x000000008dd00000| Complete 
| 222|0x000000008de00000, 0x000000008df00000, 0x000000008df00000|100%| E|CS|TAMS 0x000000008de00000, 0x000000008de00000| Complete 
| 223|0x000000008df00000, 0x000000008e000000, 0x000000008e000000|100%| E|CS|TAMS 0x000000008df00000, 0x000000008df00000| Complete 

Card table byte_map: [0x00000160ed780000,0x00000160edb80000] _byte_map_base: 0x00000160ed380000

Marking Bits (Prev, Next): (CMBitMap*) 0x00000160d3aefb08, (CMBitMap*) 0x00000160d3aefb48
 Prev Bits: [0x00000160edf80000, 0x00000160eff80000)
 Next Bits: [0x00000160eff80000, 0x00000160f1f80000)

Polling page: 0x00000160d3b90000

Metaspace:

Usage:
  Non-class:     14.52 MB capacity,    14.13 MB ( 97%) used,   362.16 KB (  2%) free+waste,    35.44 KB ( <1%) overhead. 
      Class:      2.61 MB capacity,     2.41 MB ( 92%) used,   186.63 KB (  7%) free+waste,    19.88 KB ( <1%) overhead. 
       Both:     17.14 MB capacity,    16.55 MB ( 97%) used,   548.79 KB (  3%) free+waste,    55.31 KB ( <1%) overhead. 

Virtual space:
  Non-class space:       16.00 MB reserved,      14.75 MB ( 92%) committed 
      Class space:        1.00 GB reserved,       2.63 MB ( <1%) committed 
             Both:        1.02 GB reserved,      17.38 MB (  2%) committed 

Chunk freelists:
   Non-Class:  41.00 KB
       Class:  12.00 KB
        Both:  53.00 KB

MaxMetaspaceSize: 17179869184.00 GB
CompressedClassSpaceSize: 1.00 GB

CodeHeap 'non-profiled nmethods': size=120000Kb used=921Kb max_used=921Kb free=119078Kb
 bounds [0x00000160e52b0000, 0x00000160e5520000, 0x00000160ec7e0000]
CodeHeap 'profiled nmethods': size=120000Kb used=4012Kb max_used=4012Kb free=115987Kb
 bounds [0x00000160ddd80000, 0x00000160de170000, 0x00000160e52b0000]
CodeHeap 'non-nmethods': size=5760Kb used=1237Kb max_used=1248Kb free=4522Kb
 bounds [0x00000160dd7e0000, 0x00000160dda50000, 0x00000160ddd80000]
 total_blobs=3391 nmethods=1850 adapters=409
 compilation: enabled
              stopped_count=0, restarted_count=0
 full_count=0

Compilation events (20 events):
Event: 2.910 Thread 0x00000160f52a5800 2071       3       org.objectweb.asm.ByteVector::put12 (64 bytes)
Event: 2.910 Thread 0x00000160f52a5800 nmethod 2071 0x00000160de15cb10 code [0x00000160de15ccc0, 0x00000160de15cf70]
Event: 2.910 Thread 0x00000160f52a5800 2073       3       org.objectweb.asm.Frame::push (109 bytes)
Event: 2.910 Thread 0x00000160f52a5800 nmethod 2073 0x00000160de15d110 code [0x00000160de15d2e0, 0x00000160de15d8f0]
Event: 2.910 Thread 0x00000160f52a5800 2074       3       org.objectweb.asm.SymbolTable::addType (81 bytes)
Event: 2.910 Thread 0x00000160f52a5800 nmethod 2074 0x00000160de15da90 code [0x00000160de15dca0, 0x00000160de15e300]
Event: 2.910 Thread 0x00000160f52a5800 2067       3       java.lang.invoke.MethodHandles$Lookup::checkMethod (87 bytes)
Event: 2.911 Thread 0x00000160f52a5800 nmethod 2067 0x00000160de15e610 code [0x00000160de15e840, 0x00000160de15f020]
Event: 2.912 Thread 0x00000160f52a5800 2075       1       org.objectweb.asm.SymbolTable::getMajorVersion (5 bytes)
Event: 2.912 Thread 0x00000160f52a5800 nmethod 2075 0x00000160e5395f10 code [0x00000160e53960a0, 0x00000160e53961d8]
Event: 2.912 Thread 0x00000160f52a5800 2076       3       org.objectweb.asm.ByteVector::putShort (52 bytes)
Event: 2.912 Thread 0x00000160f52a5800 nmethod 2076 0x00000160de15f290 code [0x00000160de15f440, 0x00000160de15f6d0]
Event: 2.913 Thread 0x00000160f52a5800 2077       3       jdk.internal.org.objectweb.asm.ClassReader::readUnsignedShort (26 bytes)
Event: 2.913 Thread 0x00000160f52a5800 nmethod 2077 0x00000160de15f810 code [0x00000160de15f9c0, 0x00000160de15fb98]
Event: 2.932 Thread 0x00000160f52a5800 2079       3       java.util.concurrent.locks.ReentrantLock$Sync::tryRelease (45 bytes)
Event: 2.932 Thread 0x00000160f52a5800 nmethod 2079 0x00000160de15fc90 code [0x00000160de15fe60, 0x00000160de1601f0]
Event: 2.932 Thread 0x00000160f52a5800 2080       3       java.util.concurrent.locks.ReentrantLock$Sync::nonfairTryAcquire (67 bytes)
Event: 2.933 Thread 0x00000160f52a5800 nmethod 2080 0x00000160de160310 code [0x00000160de160560, 0x00000160de160f10]
Event: 2.933 Thread 0x00000160f52a5800 2081       3       java.util.LinkedList::node (65 bytes)
Event: 2.933 Thread 0x00000160f52a5800 nmethod 2081 0x00000160de161210 code [0x00000160de1613c0, 0x00000160de1616f8]

GC Heap History (4 events):
Event: 0.618 GC heap before
{Heap before GC invocations=0 (full 0):
 garbage-first heap   total 229376K, used 29696K [0x0000000080000000, 0x0000000100000000)
  region size 1024K, 24 young (24576K), 0 survivors (0K)
 Metaspace       used 3302K, capacity 6229K, committed 6400K, reserved 1056768K
  class space    used 433K, capacity 739K, committed 768K, reserved 1048576K
}
Event: 0.622 GC heap after
{Heap after GC invocations=1 (full 0):
 garbage-first heap   total 229376K, used 9295K [0x0000000080000000, 0x0000000100000000)
  region size 1024K, 3 young (3072K), 3 survivors (3072K)
 Metaspace       used 3302K, capacity 6229K, committed 6400K, reserved 1056768K
  class space    used 433K, capacity 739K, committed 768K, reserved 1048576K
}
Event: 2.848 GC heap before
{Heap before GC invocations=1 (full 0):
 garbage-first heap   total 229376K, used 144463K [0x0000000080000000, 0x0000000100000000)
  region size 1024K, 134 young (137216K), 3 survivors (3072K)
 Metaspace       used 15511K, capacity 15980K, committed 16128K, reserved 1062912K
  class space    used 2262K, capacity 2452K, committed 2560K, reserved 1048576K
}
Event: 2.856 GC heap after
{Heap after GC invocations=2 (full 0):
 garbage-first heap   total 229376K, used 17511K [0x0000000080000000, 0x0000000100000000)
  region size 1024K, 12 young (12288K), 12 survivors (12288K)
 Metaspace       used 15511K, capacity 15980K, committed 16128K, reserved 1062912K
  class space    used 2262K, capacity 2452K, committed 2560K, reserved 1048576K
}

Deoptimization events (20 events):
Event: 2.582 Thread 0x00000160f6cc9000 Uncommon trap: trap_request=0xffffffc6 fr.pc=0x00000160e532afb4 relative=0x0000000000000094
Event: 2.582 Thread 0x00000160f6cc9000 Uncommon trap: reason=bimorphic_or_optimized_type_check action=maybe_recompile pc=0x00000160e532afb4 method=java.util.AbstractList$Itr.hasNext()Z @ 8 c2
Event: 2.582 Thread 0x00000160f6cc9000 DEOPT PACKING pc=0x00000160e532afb4 sp=0x0000003c8cbfa4c0
Event: 2.582 Thread 0x00000160f6cc9000 DEOPT UNPACKING pc=0x00000160dd82912f sp=0x0000003c8cbfa458 mode 2
Event: 2.582 Thread 0x00000160f6cc9000 Uncommon trap: trap_request=0xffffffc6 fr.pc=0x00000160e532b3b4 relative=0x0000000000000114
Event: 2.582 Thread 0x00000160f6cc9000 Uncommon trap: reason=bimorphic_or_optimized_type_check action=maybe_recompile pc=0x00000160e532b3b4 method=java.util.AbstractList$Itr.next()Ljava/lang/Object; @ 14 c2
Event: 2.582 Thread 0x00000160f6cc9000 DEOPT PACKING pc=0x00000160e532b3b4 sp=0x0000003c8cbfa4b0
Event: 2.582 Thread 0x00000160f6cc9000 DEOPT UNPACKING pc=0x00000160dd82912f sp=0x0000003c8cbfa448 mode 2
Event: 2.582 Thread 0x00000160f6cc9000 Uncommon trap: trap_request=0xffffff45 fr.pc=0x00000160e5327ca0 relative=0x0000000000000660
Event: 2.582 Thread 0x00000160f6cc9000 Uncommon trap: reason=unstable_if action=reinterpret pc=0x00000160e5327ca0 method=java.io.File.getName()Ljava/lang/String; @ 16 c2
Event: 2.582 Thread 0x00000160f6cc9000 DEOPT PACKING pc=0x00000160e5327ca0 sp=0x0000003c8cbfb1b0
Event: 2.582 Thread 0x00000160f6cc9000 DEOPT UNPACKING pc=0x00000160dd82912f sp=0x0000003c8cbfb180 mode 2
Event: 2.582 Thread 0x00000160f6cc9000 Uncommon trap: trap_request=0xffffff45 fr.pc=0x00000160e5325db0 relative=0x00000000000004f0
Event: 2.582 Thread 0x00000160f6cc9000 Uncommon trap: reason=unstable_if action=reinterpret pc=0x00000160e5325db0 method=java.lang.String.substring(I)Ljava/lang/String; @ 34 c2
Event: 2.582 Thread 0x00000160f6cc9000 DEOPT PACKING pc=0x00000160e5325db0 sp=0x0000003c8cbfb130
Event: 2.582 Thread 0x00000160f6cc9000 DEOPT UNPACKING pc=0x00000160dd82912f sp=0x0000003c8cbfb108 mode 2
Event: 2.870 Thread 0x00000160f6cc9000 Uncommon trap: trap_request=0xffffff45 fr.pc=0x00000160e5306408 relative=0x0000000000000248
Event: 2.870 Thread 0x00000160f6cc9000 Uncommon trap: reason=unstable_if action=reinterpret pc=0x00000160e5306408 method=java.util.concurrent.ConcurrentHashMap.get(Ljava/lang/Object;)Ljava/lang/Object; @ 76 c2
Event: 2.870 Thread 0x00000160f6cc9000 DEOPT PACKING pc=0x00000160e5306408 sp=0x0000003c8cbfaf30
Event: 2.870 Thread 0x00000160f6cc9000 DEOPT UNPACKING pc=0x00000160dd82912f sp=0x0000003c8cbfae98 mode 2

Classes unloaded (0 events):
No events

Classes redefined (0 events):
No events

Internal exceptions (20 events):
Event: 1.215 Thread 0x00000160d3aab000 Implicit null exception at 0x00000160e5339106 to 0x00000160e53391ee
Event: 1.259 Thread 0x00000160d3aab000 Exception <a 'java/lang/NoSuchMethodError'{0x000000008a868558}: 'java.lang.Object java.lang.invoke.DirectMethodHandle$Holder.invokeStaticInit(java.lang.Object, java.lang.Object, java.lang.Object)'> (0x000000008a868558) 
thrown [t:/workspace/open/src/hotspot/share/interpreter/linkResolver.cpp, line 767]
Event: 1.381 Thread 0x00000160d3aab000 Exception <a 'java/lang/NoSuchMethodError'{0x000000008a29aa20}: 'java.lang.Object java.lang.invoke.DirectMethodHandle$Holder.invokeStaticInit(java.lang.Object, int, int, int, int)'> (0x000000008a29aa20) 
thrown [t:/workspace/open/src/hotspot/share/interpreter/linkResolver.cpp, line 767]
Event: 1.618 Thread 0x00000160d3aab000 Exception <a 'java/lang/NoSuchMethodError'{0x000000008a2fb6f8}: 'java.lang.Object java.lang.invoke.DirectMethodHandle$Holder.invokeStaticInit(java.lang.Object, java.lang.Object, int, int, int, int)'> (0x000000008a2fb6f8) 
thrown [t:/workspace/open/src/hotspot/share/interpreter/linkResolver.cpp, line 767]
Event: 2.202 Thread 0x00000160d3aab000 Exception <a 'java/io/IOException'{0x000000008a0da6c0}> (0x000000008a0da6c0) 
thrown [t:/workspace/open/src/hotspot/share/prims/jni.cpp, line 598]
Event: 2.219 Thread 0x00000160f757d000 Exception <a 'java/lang/NoSuchMethodError'{0x0000000089fdedd8}: 'java.lang.Object java.lang.invoke.Invokers$Holder.linkToTargetMethod(java.lang.Object, int, java.lang.Object)'> (0x0000000089fdedd8) 
thrown [t:/workspace/open/src/hotspot/share/interpreter/linkResolver.cpp, line 767]
Event: 2.295 Thread 0x00000160f6cc9000 Exception <a 'java/lang/NoSuchMethodError'{0x00000000899eca58}: 'long java.lang.invoke.DirectMethodHandle$Holder.invokeInterface(java.lang.Object, java.lang.Object)'> (0x00000000899eca58) 
thrown [t:/workspace/open/src/hotspot/share/interpreter/linkResolver.cpp, line 767]
Event: 2.296 Thread 0x00000160f6cc9000 Exception <a 'java/lang/NoSuchMethodError'{0x00000000899f8978}: 'void java.lang.invoke.DelegatingMethodHandle$Holder.reinvoke_L(java.lang.Object, java.lang.Object, java.lang.Object, java.lang.Object, java.lang.Object, java.lang.Object, java.lang.Object)'> (0x00000000899f8978) 
thrown [t:/workspace/open/src/hotspot/share/interpreter/linkResolver.cpp, line 767]
Event: 2.520 Thread 0x00000160f6cc9000 Exception <a 'java/lang/NoSuchMethodError'{0x0000000087c924b8}: 'void java.lang.invoke.DirectMethodHandle$Holder.invokeStaticInit(java.lang.Object)'> (0x0000000087c924b8) 
thrown [t:/workspace/open/src/hotspot/share/interpreter/linkResolver.cpp, line 767]
Event: 2.530 Thread 0x00000160f6cc9000 Exception <a 'java/lang/NoSuchMethodError'{0x0000000087b3de70}: 'java.lang.Object java.lang.invoke.DirectMethodHandle$Holder.invokeStatic(java.lang.Object, java.lang.Object, java.lang.Object, int)'> (0x0000000087b3de70) 
thrown [t:/workspace/open/src/hotspot/share/interpreter/linkResolver.cpp, line 767]
Event: 2.531 Thread 0x00000160f6cc9000 Exception <a 'java/lang/NoSuchMethodError'{0x0000000087b42150}: 'java.lang.Object java.lang.invoke.DirectMethodHandle$Holder.invokeSpecial(java.lang.Object, java.lang.Object, java.lang.Object, java.lang.Object, int)'> (0x0000000087b42150) 
thrown [t:/workspace/open/src/hotspot/share/interpreter/linkResolver.cpp, line 767]
Event: 2.531 Thread 0x00000160f6cc9000 Exception <a 'java/lang/NoSuchMethodError'{0x0000000087b45cb0}: 'java.lang.Object java.lang.invoke.Invokers$Holder.linkToTargetMethod(java.lang.Object, java.lang.Object, int, java.lang.Object)'> (0x0000000087b45cb0) 
thrown [t:/workspace/open/src/hotspot/share/interpreter/linkResolver.cpp, line 767]
Event: 2.618 Thread 0x00000160f6cc9000 Exception <a 'java/lang/NoSuchMethodError'{0x0000000087473f08}: 'int java.lang.invoke.DirectMethodHandle$Holder.invokeSpecialIFC(java.lang.Object, java.lang.Object, java.lang.Object, java.lang.Object)'> (0x0000000087473f08) 
thrown [t:/workspace/open/src/hotspot/share/interpreter/linkResolver.cpp, line 767]
Event: 2.619 Thread 0x00000160f6cc9000 Exception <a 'java/lang/NoSuchMethodError'{0x0000000087481638}: 'java.lang.Object java.lang.invoke.DirectMethodHandle$Holder.invokeInterface(java.lang.Object, java.lang.Object, java.lang.Object)'> (0x0000000087481638) 
thrown [t:/workspace/open/src/hotspot/share/interpreter/linkResolver.cpp, line 767]
Event: 2.619 Thread 0x00000160f6cc9000 Exception <a 'java/lang/IncompatibleClassChangeError'{0x00000000874847e8}: Found class java.lang.Object, but interface was expected> (0x00000000874847e8) 
thrown [t:/workspace/open/src/hotspot/share/interpreter/linkResolver.cpp, line 833]
Event: 2.733 Thread 0x00000160f6cc9000 Exception <a 'java/lang/NoSuchMethodError'{0x0000000086869c28}: 'java.lang.Object java.lang.invoke.DirectMethodHandle$Holder.invokeSpecial(java.lang.Object, java.lang.Object, java.lang.Object, java.lang.Object, java.lang.Object, java.lang.Object, java.lang.Object, java.lang.Object, java.lang.Object)'> (0x0000000086869c28) 
thrown [t:/workspace/open/src/hotspot/share/interpreter/linkResolver.cpp, line 767]
Event: 2.802 Thread 0x00000160f6cc9000 Exception <a 'java/lang/NoSuchMethodError'{0x0000000085e88288}: 'java.lang.Object java.lang.invoke.DirectMethodHandle$Holder.invokeVirtual(java.lang.Object, java.lang.Object, java.lang.Object, java.lang.Object)'> (0x0000000085e88288) 
thrown [t:/workspace/open/src/hotspot/share/interpreter/linkResolver.cpp, line 767]
Event: 2.896 Thread 0x00000160f6cc9000 Exception <a 'java/lang/NoSuchMethodError'{0x000000008ddc0f60}: 'void java.lang.invoke.DirectMethodHandle$Holder.invokeSpecial(java.lang.Object, java.lang.Object, java.lang.Object, java.lang.Object, java.lang.Object, java.lang.Object)'> (0x000000008ddc0f60) 
thrown [t:/workspace/open/src/hotspot/share/interpreter/linkResolver.cpp, line 767]
Event: 2.907 Thread 0x00000160f6cc9000 Exception <a 'java/lang/NoSuchMethodError'{0x000000008dc2eaf8}: 'void java.lang.invoke.DirectMethodHandle$Holder.invokeSpecial(java.lang.Object, java.lang.Object, java.lang.Object, java.lang.Object, java.lang.Object, java.lang.Object, java.lang.Object)'> (0x000000008dc2eaf8) 
thrown [t:/workspace/open/src/hotspot/share/interpreter/linkResolver.cpp, line 767]
Event: 2.908 Thread 0x00000160f6cc9000 Exception <a 'java/lang/NoSuchMethodError'{0x000000008dc36800}: 'java.lang.Object java.lang.invoke.Invokers$Holder.linkToTargetMethod(java.lang.Object, java.lang.Object, java.lang.Object, java.lang.Object, java.lang.Object, java.lang.Object)'> (0x000000008dc36800) 
thrown [t:/workspace/open/src/hotspot/share/interpreter/linkResolver.cpp, line 767]

Events (20 events):
Event: 2.943 loading class org/gradle/internal/scan/config/BuildScanConfig$Attributes
Event: 2.943 loading class org/gradle/internal/scan/config/BuildScanConfig$Attributes done
Event: 2.943 loading class org/gradle/internal/scan/config/BuildScanConfig
Event: 2.943 loading class org/gradle/internal/scan/config/BuildScanConfig done
Event: 2.943 loading class org/gradle/language/nativeplatform/internal/incremental/DefaultCompilationStateCacheFactory
Event: 2.943 loading class org/gradle/language/nativeplatform/internal/incremental/DefaultCompilationStateCacheFactory done
Event: 2.943 loading class org/gradle/language/nativeplatform/internal/incremental/CompilationStateCacheFactory
Event: 2.943 loading class org/gradle/language/nativeplatform/internal/incremental/CompilationStateCacheFactory done
Event: 2.944 loading class org/gradle/language/nativeplatform/internal/incremental/sourceparser/CachingCSourceParser
Event: 2.944 loading class org/gradle/language/nativeplatform/internal/incremental/sourceparser/CachingCSourceParser done
Event: 2.944 loading class org/gradle/language/nativeplatform/internal/incremental/sourceparser/CSourceParser
Event: 2.944 loading class org/gradle/language/nativeplatform/internal/incremental/sourceparser/CSourceParser done
Event: 2.944 loading class org/gradle/cache/internal/FileContentCacheFactory$Calculator
Event: 2.944 loading class org/gradle/cache/internal/FileContentCacheFactory$Calculator done
Event: 2.945 loading class org/gradle/configurationcache/ConfigurationCacheHost
Event: 2.945 loading class org/gradle/configurationcache/ConfigurationCacheHost done
Event: 2.945 loading class org/gradle/configurationcache/DefaultConfigurationCache$Host
Event: 2.945 loading class org/gradle/configurationcache/DefaultConfigurationCache$Host done
Event: 2.945 loading class org/gradle/configurationcache/ConfigurationCacheIO
Event: 2.945 loading class org/gradle/configurationcache/ConfigurationCacheIO done


Dynamic libraries:
0x00007ff6b9560000 - 0x00007ff6b956f000 	C:\Program Files\Java\jdk-13.0.2\bin\java.exe
0x00007ff86dcb0000 - 0x00007ff86dea5000 	C:\WINDOWS\SYSTEM32\ntdll.dll
0x00007ff86cc40000 - 0x00007ff86ccfe000 	C:\WINDOWS\System32\KERNEL32.DLL
0x00007ff86b470000 - 0x00007ff86b738000 	C:\WINDOWS\System32\KERNELBASE.dll
0x00007ff86b7a0000 - 0x00007ff86b8a0000 	C:\WINDOWS\System32\ucrtbase.dll
0x00007ff863a80000 - 0x00007ff863a95000 	C:\Program Files\Java\jdk-13.0.2\bin\VCRUNTIME140.dll
0x00007ff8668c0000 - 0x00007ff8668d8000 	C:\Program Files\Java\jdk-13.0.2\bin\jli.dll
0x00007ff86c6e0000 - 0x00007ff86c78c000 	C:\WINDOWS\System32\ADVAPI32.dll
0x00007ff86d7c0000 - 0x00007ff86d85e000 	C:\WINDOWS\System32\msvcrt.dll
0x00007ff86d710000 - 0x00007ff86d7ab000 	C:\WINDOWS\System32\sechost.dll
0x00007ff86bdd0000 - 0x00007ff86befa000 	C:\WINDOWS\System32\RPCRT4.dll
0x00007ff86c790000 - 0x00007ff86c931000 	C:\WINDOWS\System32\USER32.dll
0x00007ff86a770000 - 0x00007ff86aa0a000 	C:\WINDOWS\WinSxS\amd64_microsoft.windows.common-controls_6595b64144ccf1df_6.0.19041.1110_none_60b5254171f9507e\COMCTL32.dll
0x00007ff86d4c0000 - 0x00007ff86d4eb000 	C:\WINDOWS\System32\GDI32.dll
0x00007ff86b740000 - 0x00007ff86b762000 	C:\WINDOWS\System32\win32u.dll
0x00007ff86baf0000 - 0x00007ff86bbfb000 	C:\WINDOWS\System32\gdi32full.dll
0x00007ff86b3d0000 - 0x00007ff86b46d000 	C:\WINDOWS\System32\msvcp_win.dll
0x00007ff85f2e0000 - 0x00007ff85f2ea000 	C:\WINDOWS\SYSTEM32\VERSION.dll
0x00007ff86d680000 - 0x00007ff86d6b0000 	C:\WINDOWS\System32\IMM32.DLL
0x00007ff84c950000 - 0x00007ff84c9eb000 	C:\Program Files\Java\jdk-13.0.2\bin\msvcp140.dll
0x00007ff810f50000 - 0x00007ff811aad000 	C:\Program Files\Java\jdk-13.0.2\bin\server\jvm.dll
0x00007ff86c6d0000 - 0x00007ff86c6d8000 	C:\WINDOWS\System32\PSAPI.DLL
0x00007ff85f2b0000 - 0x00007ff85f2d7000 	C:\WINDOWS\SYSTEM32\WINMM.dll
0x00007ff863b20000 - 0x00007ff863b29000 	C:\WINDOWS\SYSTEM32\WSOCK32.dll
0x00007ff86d610000 - 0x00007ff86d67b000 	C:\WINDOWS\System32\WS2_32.dll
0x00007ff868ba0000 - 0x00007ff868bb2000 	C:\WINDOWS\SYSTEM32\kernel.appcore.dll
0x00007ff866820000 - 0x00007ff866830000 	C:\Program Files\Java\jdk-13.0.2\bin\verify.dll
0x00007ff86abd0000 - 0x00007ff86adb4000 	C:\WINDOWS\SYSTEM32\DBGHELP.DLL
0x00007ff86ab00000 - 0x00007ff86ab2c000 	C:\WINDOWS\SYSTEM32\dbgcore.DLL
0x00007ff86b8a0000 - 0x00007ff86b923000 	C:\WINDOWS\System32\bcryptPrimitives.dll
0x00007ff859be0000 - 0x00007ff859c06000 	C:\Program Files\Java\jdk-13.0.2\bin\java.dll
0x00007ff859c20000 - 0x00007ff859c37000 	C:\Program Files\Java\jdk-13.0.2\bin\zip.dll
0x00007ff865d80000 - 0x00007ff865d8a000 	C:\Program Files\Java\jdk-13.0.2\bin\jimage.dll
0x00007ff86cd80000 - 0x00007ff86d4bf000 	C:\WINDOWS\System32\SHELL32.dll
0x00007ff868e80000 - 0x00007ff869610000 	C:\WINDOWS\SYSTEM32\windows.storage.dll
0x00007ff86d910000 - 0x00007ff86dc65000 	C:\WINDOWS\System32\combase.dll
0x00007ff86a6d0000 - 0x00007ff86a6fe000 	C:\WINDOWS\SYSTEM32\Wldp.dll
0x00007ff86d860000 - 0x00007ff86d90d000 	C:\WINDOWS\System32\SHCORE.dll
0x00007ff86d6b0000 - 0x00007ff86d705000 	C:\WINDOWS\System32\shlwapi.dll
0x00007ff86b310000 - 0x00007ff86b32f000 	C:\WINDOWS\SYSTEM32\profapi.dll
0x00007ff859ba0000 - 0x00007ff859bb9000 	C:\Program Files\Java\jdk-13.0.2\bin\net.dll
0x00007ff865c20000 - 0x00007ff865d2c000 	C:\WINDOWS\SYSTEM32\WINHTTP.dll
0x00007ff86a430000 - 0x00007ff86a49a000 	C:\WINDOWS\system32\mswsock.dll
0x00007ff858bd0000 - 0x00007ff858be3000 	C:\Program Files\Java\jdk-13.0.2\bin\nio.dll
0x00007ff8655e0000 - 0x00007ff865607000 	C:\Users\jeffe\.gradle\native\e1d6ef7f7dcc3fd88c89a11ec53ec762bb8ba0a96d01ffa2cd45eb1d1d8dd5c5\windows-amd64\native-platform.dll
0x00007ff84c580000 - 0x00007ff84c6c4000 	C:\Users\jeffe\.gradle\native\5664cfc778a61ccfe75a443a1ab52a65af34e5dc3c78e0209fed803814484fcb\windows-amd64\native-platform-file-events.dll
0x00007ff8655d0000 - 0x00007ff8655d9000 	C:\Program Files\Java\jdk-13.0.2\bin\management.dll
0x00007ff8653a0000 - 0x00007ff8653ab000 	C:\Program Files\Java\jdk-13.0.2\bin\management_ext.dll
0x00007ff86b080000 - 0x00007ff86b098000 	C:\WINDOWS\SYSTEM32\CRYPTSP.dll
0x00007ff869dd0000 - 0x00007ff869e04000 	C:\WINDOWS\system32\rsaenh.dll
0x00007ff86b770000 - 0x00007ff86b797000 	C:\WINDOWS\System32\bcrypt.dll
0x00007ff86b290000 - 0x00007ff86b2be000 	C:\WINDOWS\SYSTEM32\USERENV.dll
0x00007ff86a620000 - 0x00007ff86a62c000 	C:\WINDOWS\SYSTEM32\CRYPTBASE.dll
0x00007ff86a120000 - 0x00007ff86a15b000 	C:\WINDOWS\SYSTEM32\IPHLPAPI.DLL
0x00007ff86d7b0000 - 0x00007ff86d7b8000 	C:\WINDOWS\System32\NSI.dll
0x00007ff8645b0000 - 0x00007ff8645c7000 	C:\WINDOWS\SYSTEM32\dhcpcsvc6.DLL
0x00007ff864550000 - 0x00007ff86456d000 	C:\WINDOWS\SYSTEM32\dhcpcsvc.DLL
0x00007ff86a160000 - 0x00007ff86a22b000 	C:\WINDOWS\SYSTEM32\DNSAPI.dll

dbghelp: loaded successfully - version: 4.0.5 - missing functions: none
symbol engine: initialized successfully - sym options: 0x614 - pdb path: .;C:\Program Files\Java\jdk-13.0.2\bin;C:\WINDOWS\SYSTEM32;C:\WINDOWS\WinSxS\amd64_microsoft.windows.common-controls_6595b64144ccf1df_6.0.19041.1110_none_60b5254171f9507e;C:\Program Files\Java\jdk-13.0.2\bin\server;C:\Users\jeffe\.gradle\native\e1d6ef7f7dcc3fd88c89a11ec53ec762bb8ba0a96d01ffa2cd45eb1d1d8dd5c5\windows-amd64;C:\Users\jeffe\.gradle\native\5664cfc778a61ccfe75a443a1ab52a65af34e5dc3c78e0209fed803814484fcb\windows-amd64

VM Arguments:
jvm_args: --add-opens=java.base/java.util=ALL-UNNAMED --add-opens=java.base/java.lang=ALL-UNNAMED --add-opens=java.base/java.lang.invoke=ALL-UNNAMED --add-opens=java.base/java.util=ALL-UNNAMED --add-opens=java.prefs/java.util.prefs=ALL-UNNAMED --add-opens=java.prefs/java.util.prefs=ALL-UNNAMED --add-opens=java.base/java.nio.charset=ALL-UNNAMED --add-opens=java.base/java.net=ALL-UNNAMED --add-opens=java.base/java.util.concurrent.atomic=ALL-UNNAMED -Xmx2048m -Dfile.encoding=UTF-8 -Duser.country=PH -Duser.language=en -Duser.variant 
java_command: org.gradle.launcher.daemon.bootstrap.GradleDaemon 7.3.2
java_class_path (initial): C:\Users\jeffe\.gradle\wrapper\dists\gradle-7.3.2-bin\4k4cn06q0rruwh9dpndf9gmi8\gradle-7.3.2\lib\gradle-launcher-7.3.2.jar
Launcher Type: SUN_STANDARD

[Global flags]
     intx CICompilerCount                          = 4                                         {product} {ergonomic}
     uint ConcGCThreads                            = 2                                         {product} {ergonomic}
     uint G1ConcRefinementThreads                  = 8                                         {product} {ergonomic}
   size_t G1HeapRegionSize                         = 1048576                                   {product} {ergonomic}
    uintx GCDrainStackTargetSize                   = 64                                        {product} {ergonomic}
   size_t InitialHeapSize                          = 234881024                                 {product} {ergonomic}
   size_t MarkStackSize                            = 4194304                                   {product} {ergonomic}
   size_t MaxHeapSize                              = 2147483648                                {product} {command line}
   size_t MaxNewSize                               = 1287651328                                {product} {ergonomic}
   size_t MinHeapDeltaBytes                        = 1048576                                   {product} {ergonomic}
   size_t MinHeapSize                              = 8388608                                   {product} {ergonomic}
    uintx NonNMethodCodeHeapSize                   = 5839372                                {pd product} {ergonomic}
    uintx NonProfiledCodeHeapSize                  = 122909434                              {pd product} {ergonomic}
    uintx ProfiledCodeHeapSize                     = 122909434                              {pd product} {ergonomic}
    uintx ReservedCodeCacheSize                    = 251658240                              {pd product} {ergonomic}
     bool SegmentedCodeCache                       = true                                      {product} {ergonomic}
   size_t SoftMaxHeapSize                          = 2147483648                             {manageable} {ergonomic}
     bool UseCompressedClassPointers               = true                                 {lp64_product} {ergonomic}
     bool UseCompressedOops                        = true                                 {lp64_product} {ergonomic}
     bool UseG1GC                                  = true                                      {product} {ergonomic}
     bool UseLargePagesIndividualAllocation        = false                                  {pd product} {ergonomic}

Logging:
Log output configuration:
 #0: stdout all=warning uptime,level,tags
 #1: stderr all=off uptime,level,tags

Environment Variables:
JAVA_HOME=C:\Program Files\Java\jdk-13.0.2
PATH=C:\Program Files (x86)\Razer Chroma SDK\bin;C:\Program Files\Razer Chroma SDK\bin;C:\Program Files (x86)\Razer\ChromaBroadcast\bin;C:\Program Files\Razer\ChromaBroadcast\bin;C:\WINDOWS\system32;C:\WINDOWS;C:\WINDOWS\System32\Wbem;C:\WINDOWS\System32\WindowsPowerShell\v1.0\;C:\WINDOWS\System32\OpenSSH\;C:\Program Files\Java\jdk-13.0.2\bin;C:\Program Files\MySQL\MySQL Server 5.5\bin;C:\WINDOWS\system32\config\systemprofile\AppData\Local\Microsoft\WindowsApps;C:\Users\jeffe\AppData\Local\Microsoft\WindowsApps;C:\xampp\php;C:\ProgramData\ComposerSetup\bin;C:\Program Files\Git\cmd;C:\Program Files\MySQL\MySQL Shell 8.0\bin\;C:\Users\jeffe\AppData\Local\Microsoft\WindowsApps;C:\Users\jeffe\AppData\Roaming\Composer\vendor\bin
USERNAME=jeffe
OS=Windows_NT
PROCESSOR_IDENTIFIER=AMD64 Family 23 Model 24 Stepping 1, AuthenticAMD



---------------  S Y S T E M  ---------------

OS: Windows 10 , 64 bit Build 19041 (10.0.19041.1348)

CPU:total 8 (initial active 8) (8 cores per cpu, 2 threads per core) family 23 model 24 stepping 1, cmov, cx8, fxsr, mmx, sse, sse2, sse3, ssse3, sse4.1, sse4.2, popcnt, avx, avx2, aes, clmul, mmxext, 3dnowpref, lzcnt, sse4a, ht, tsc, tscinvbit, tscinv, bmi1, bmi2, adx, sha, fma

Memory: 4k page, system-wide physical 14274M (7694M free)
TotalPageFile size 16450M (AvailPageFile size 6715M)
current process WorkingSet (physical memory assigned to process): 281M, peak: 282M
current process commit charge ("private bytes"): 410M, peak: 410M

vm_info: Java HotSpot(TM) 64-Bit Server VM (13.0.2+8) for windows-amd64 JRE (13.0.2+8), built on Dec 11 2019 09:20:33 by "mach5one" with unknown MS VC++:1916

END.
