#
# A fatal error has been detected by the Java Runtime Environment:
#
#  EXCEPTION_ACCESS_VIOLATION (0xc0000005) at pc=0x00007ff810fd8933, pid=5692, tid=2136
#
# JRE version: Java(TM) SE Runtime Environment (13.0.2+8) (build 13.0.2+8)
# Java VM: Java HotSpot(TM) 64-Bit Server VM (13.0.2+8, mixed mode, sharing, tiered, compressed oops, g1 gc, windows-amd64)
# Problematic frame:
# V  [jvm.dll+0x88933]
#
# No core dump will be written. Minidumps are not enabled by default on client versions of Windows
#
# If you would like to submit a bug report, please visit:
#   http://bugreport.java.com/bugreport/crash.jsp
#

---------------  S U M M A R Y ------------

Command Line: --add-opens=java.base/java.util=ALL-UNNAMED --add-opens=java.base/java.lang=ALL-UNNAMED --add-opens=java.base/java.lang.invoke=ALL-UNNAMED --add-opens=java.base/java.util=ALL-UNNAMED --add-opens=java.prefs/java.util.prefs=ALL-UNNAMED --add-opens=java.prefs/java.util.prefs=ALL-UNNAMED --add-opens=java.base/java.nio.charset=ALL-UNNAMED --add-opens=java.base/java.net=ALL-UNNAMED --add-opens=java.base/java.util.concurrent.atomic=ALL-UNNAMED -Xmx2048m -Dfile.encoding=UTF-8 -Duser.country=PH -Duser.language=en -Duser.variant org.gradle.launcher.daemon.bootstrap.GradleDaemon 7.3.2

Host: AMD Ryzen 5 3550H with Radeon Vega Mobile Gfx  , 8 cores, 13G,  Windows 10 , 64 bit Build 19041 (10.0.19041.1348)
Time: Thu Dec 16 21:35:20 2021 Malay Peninsula Standard Time elapsed time: 4 seconds (0d 0h 0m 4s)

---------------  T H R E A D  ---------------

Current thread (0x00000184f3351000):  JavaThread "C2 CompilerThread2" daemon [_thread_in_native, id=2136, stack(0x0000004fa9000000,0x0000004fa9100000)]


Current CompileTask:
C2:   4482 3168       4       java.net.URLClassLoader$1::run (5 bytes)

Stack: [0x0000004fa9000000,0x0000004fa9100000],  sp=0x0000004fa90fbe90,  free space=1007k
Native frames: (J=compiled Java code, j=interpreted, Vv=VM code, C=native code)
V  [jvm.dll+0x88933]
V  [jvm.dll+0x5bdae8]
V  [jvm.dll+0x5bc30e]
V  [jvm.dll+0x205ac7]
V  [jvm.dll+0x204e3f]
V  [jvm.dll+0x189c2c]
V  [jvm.dll+0x213e6d]
V  [jvm.dll+0x2120bb]
V  [jvm.dll+0x736bb6]
V  [jvm.dll+0x72fcaa]
V  [jvm.dll+0x623ea6]
C  [ucrtbase.dll+0x21bb2]
C  [KERNEL32.DLL+0x17034]
C  [ntdll.dll+0x52651]


siginfo: EXCEPTION_ACCESS_VIOLATION (0xc0000005), reading address 0x00000384f472d5b0


Register to memory mapping:

RIP=0x00007ff810fd8933 jvm.dll
RAX=0x00000184f472d568 points into unknown readable memory: b8 d7 72 f4 84 01 00 00
RBX=0x00000184f472d5a0 points into unknown readable memory: 68 1a 74 11 f8 7f 00 00
RCX=0x00000384f472d5a0 is an unknown value
RDX=0x0000000000000001 is an unknown value
RSP=0x0000004fa90fbe90 is pointing into the stack for thread: 0x00000184f3351000
RBP=0x0000004fa90fbf08 is pointing into the stack for thread: 0x00000184f3351000
RSI=0xfffffffffffffff8 is an unknown value
RDI=0x00000184f472d4e0 points into unknown readable memory: d8 57 74 11 f8 7f 00 00
R8 =0x00000184f472d5a0 points into unknown readable memory: 68 1a 74 11 f8 7f 00 00
R9 =0x00000184f472d570 points into unknown readable memory: a0 d5 72 f4 84 03 00 00
R10=0x0 is NULL
R11=0x0000000000000246 is an unknown value
R12=0x0 is NULL
R13=0x0000004fa90fc310 is pointing into the stack for thread: 0x00000184f3351000
R14=0x0 is NULL
R15=0x00000184f5a77158 points into unknown readable memory: e0 0e 7d 11 f8 7f 00 00


Registers:
RAX=0x00000184f472d568, RBX=0x00000184f472d5a0, RCX=0x00000384f472d5a0, RDX=0x0000000000000001
RSP=0x0000004fa90fbe90, RBP=0x0000004fa90fbf08, RSI=0xfffffffffffffff8, RDI=0x00000184f472d4e0
R8 =0x00000184f472d5a0, R9 =0x00000184f472d570, R10=0x0000000000000000, R11=0x0000000000000246
R12=0x0000000000000000, R13=0x0000004fa90fc310, R14=0x0000000000000000, R15=0x00000184f5a77158
RIP=0x00007ff810fd8933, EFLAGS=0x0000000000010206

Top of Stack: (sp=0x0000004fa90fbe90)
0x0000004fa90fbe90:   00000184f472d7b8 fffffffffffffff8
0x0000004fa90fbea0:   0000004fa90fc310 0000000000000000
0x0000004fa90fbeb0:   00000184f6b98bb0 00007ff81150dae8
0x0000004fa90fbec0:   00000184f472d5a0 00000000000027d8
0x0000004fa90fbed0:   00000184f10c7a00 00000184f10c7e48
0x0000004fa90fbee0:   00000184f7f3b130 00000184f7fcab30
0x0000004fa90fbef0:   00000184f7f38fb0 00000184f32951b0
0x0000004fa90fbf00:   0000004fa90fe6b0 0000004fa90fe8c8
0x0000004fa90fbf10:   0000000000000000 0000004fa90fc310
0x0000004fa90fbf20:   0000004fa90fbf99 00007ff81150c30e
0x0000004fa90fbf30:   000000000000246e 0000004fa90fe6b0
0x0000004fa90fbf40:   0000000000000000 00000184f2251940
0x0000004fa90fbf50:   0000000002a017f0 0000000000000000
0x0000004fa90fbf60:   0000000000100000 0000000000000000
0x0000004fa90fbf70:   0000000000000000 0000000000000000
0x0000004fa90fbf80:   0000000000000000 0000000000000000 

Instructions: (pc=0x00007ff810fd8933)
0x00007ff810fd8833:   00 00 c3 cc cc cc cc cc cc cc cc cc cc b8 02 03
0x00007ff810fd8843:   00 00 c3 cc cc cc cc cc cc cc cc cc cc b8 19 03
0x00007ff810fd8853:   00 00 c3 cc cc cc cc cc cc cc cc cc cc b8 17 03
0x00007ff810fd8863:   00 00 c3 cc cc cc cc cc cc cc cc cc cc b8 18 03
0x00007ff810fd8873:   00 00 c3 cc cc cc cc cc cc cc cc cc cc b8 0e 03
0x00007ff810fd8883:   00 00 c3 cc cc cc cc cc cc cc cc cc cc b8 0c 03
0x00007ff810fd8893:   00 00 c3 cc cc cc cc cc cc cc cc cc cc b8 0d 03
0x00007ff810fd88a3:   00 00 c3 cc cc cc cc cc cc cc cc cc cc b8 24 03
0x00007ff810fd88b3:   00 00 c3 cc cc cc cc cc cc cc cc cc cc b8 22 03
0x00007ff810fd88c3:   00 00 c3 cc cc cc cc cc cc cc cc cc cc b8 23 03
0x00007ff810fd88d3:   00 00 c3 cc cc cc cc cc cc cc cc cc cc b8 d7 02
0x00007ff810fd88e3:   00 00 c3 cc cc cc cc cc cc cc cc cc cc b8 d6 02
0x00007ff810fd88f3:   00 00 c3 cc cc cc cc cc cc cc cc cc cc b8 ba 02
0x00007ff810fd8903:   00 00 c3 cc cc cc cc cc cc cc cc cc cc 48 89 5c
0x00007ff810fd8913:   24 08 57 48 83 ec 20 48 8b 41 08 48 8b f9 8b d2
0x00007ff810fd8923:   49 8b d8 48 8b 0c d0 4c 8d 0c d0 48 85 c9 74 26
0x00007ff810fd8933:   4c 8b 41 10 4d 85 c0 74 1d 8b 41 20 49 8d 14 c0
0x00007ff810fd8943:   48 39 7a f8 48 8d 52 f8 75 f6 ff c8 89 41 20 49
0x00007ff810fd8953:   8b 0c c0 48 89 0a 49 89 19 48 85 db 74 29 48 8b
0x00007ff810fd8963:   4b 10 48 85 c9 74 20 8b 43 20 3b 43 24 75 11 8b
0x00007ff810fd8973:   d0 48 8b cb e8 a4 fc 57 00 8b 43 20 48 8b 4b 10
0x00007ff810fd8983:   48 89 3c c1 ff 43 20 48 8b 5c 24 30 48 83 c4 20
0x00007ff810fd8993:   5f c3 cc cc cc cc cc cc cc cc cc cc cc b8 a0 00
0x00007ff810fd89a3:   00 00 c3 cc cc cc cc cc cc cc cc cc cc 40 53 48
0x00007ff810fd89b3:   83 ec 20 48 8b d9 e8 92 01 00 00 b8 be 00 00 00
0x00007ff810fd89c3:   c6 83 90 00 00 00 00 66 89 43 2c 48 8d 05 53 df
0x00007ff810fd89d3:   76 00 48 89 03 48 8d 83 a8 00 00 00 48 89 43 38
0x00007ff810fd89e3:   48 8b c3 c7 43 34 02 00 00 00 48 83 c4 20 5b c3
0x00007ff810fd89f3:   cc cc cc cc cc cc cc cc cc cc cc cc cc 40 53 48
0x00007ff810fd8a03:   83 ec 20 48 8b d9 e8 42 01 00 00 b8 de 00 00 00
0x00007ff810fd8a13:   c7 43 34 02 00 00 00 66 89 43 2c 48 8d 05 eb e1
0x00007ff810fd8a23:   76 00 48 89 03 48 8d 83 90 00 00 00 48 89 43 38 


Stack slot to memory mapping:
stack at sp + 0 slots: 0x00000184f472d7b8 points into unknown readable memory: e8 96 78 11 f8 7f 00 00
stack at sp + 1 slots: 0xfffffffffffffff8 is an unknown value
stack at sp + 2 slots: 0x0000004fa90fc310 is pointing into the stack for thread: 0x00000184f3351000
stack at sp + 3 slots: 0x0 is NULL
stack at sp + 4 slots: 0x00000184f6b98bb0 points into unknown readable memory: 48 7b 71 11 f8 7f 00 00
stack at sp + 5 slots: 0x00007ff81150dae8 jvm.dll
stack at sp + 6 slots: 0x00000184f472d5a0 points into unknown readable memory: 68 1a 74 11 f8 7f 00 00
stack at sp + 7 slots: 0x00000000000027d8 is an unknown value


---------------  P R O C E S S  ---------------

Threads class SMR info:
_java_thread_list=0x00000184f7e90ff0, length=35, elements={
0x00000184cf17c000, 0x00000184f0140800, 0x00000184f0147800, 0x00000184f095c800,
0x00000184f014d800, 0x00000184f095d000, 0x00000184f095f000, 0x00000184f0964800,
0x00000184f0aa4800, 0x00000184f0aa9000, 0x00000184f2737000, 0x00000184f0e59000,
0x00000184f2c66800, 0x00000184f1dee800, 0x00000184f3082000, 0x00000184f2b80800,
0x00000184f30f4800, 0x00000184f20a4800, 0x00000184f20a5000, 0x00000184f1dd3000,
0x00000184f304c800, 0x00000184f304f800, 0x00000184f3052000, 0x00000184f314d800,
0x00000184f3051000, 0x00000184f3351000, 0x00000184f3050800, 0x00000184f3053000,
0x00000184f304e000, 0x00000184f304d000, 0x00000184f304e800, 0x00000184f3288000,
0x00000184f3289800, 0x00000184f328a800, 0x00000184f3288800
}

Java Threads: ( => current thread )
  0x00000184cf17c000 JavaThread "main" [_thread_blocked, id=8884, stack(0x0000004fa6900000,0x0000004fa6a00000)]
  0x00000184f0140800 JavaThread "Reference Handler" daemon [_thread_blocked, id=11824, stack(0x0000004fa7000000,0x0000004fa7100000)]
  0x00000184f0147800 JavaThread "Finalizer" daemon [_thread_blocked, id=11420, stack(0x0000004fa7100000,0x0000004fa7200000)]
  0x00000184f095c800 JavaThread "Signal Dispatcher" daemon [_thread_blocked, id=10944, stack(0x0000004fa7200000,0x0000004fa7300000)]
  0x00000184f014d800 JavaThread "Attach Listener" daemon [_thread_blocked, id=9072, stack(0x0000004fa7300000,0x0000004fa7400000)]
  0x00000184f095d000 JavaThread "C2 CompilerThread0" daemon [_thread_in_native, id=12040, stack(0x0000004fa7400000,0x0000004fa7500000)]
  0x00000184f095f000 JavaThread "C1 CompilerThread0" daemon [_thread_in_native, id=12984, stack(0x0000004fa7500000,0x0000004fa7600000)]
  0x00000184f0964800 JavaThread "Sweeper thread" daemon [_thread_blocked, id=11308, stack(0x0000004fa7600000,0x0000004fa7700000)]
  0x00000184f0aa4800 JavaThread "Common-Cleaner" daemon [_thread_blocked, id=8916, stack(0x0000004fa7700000,0x0000004fa7800000)]
  0x00000184f0aa9000 JavaThread "Service Thread" daemon [_thread_blocked, id=12608, stack(0x0000004fa7800000,0x0000004fa7900000)]
  0x00000184f2737000 JavaThread "Daemon health stats" [_thread_blocked, id=12808, stack(0x0000004fa7b00000,0x0000004fa7c00000)]
  0x00000184f0e59000 JavaThread "Incoming local TCP Connector on port 51784" [_thread_in_native, id=3396, stack(0x0000004fa7a00000,0x0000004fa7b00000)]
  0x00000184f2c66800 JavaThread "Daemon periodic checks" [_thread_blocked, id=9016, stack(0x0000004fa8000000,0x0000004fa8100000)]
  0x00000184f1dee800 JavaThread "Daemon" [_thread_blocked, id=12388, stack(0x0000004fa8100000,0x0000004fa8200000)]
  0x00000184f3082000 JavaThread "Handler for socket connection from /127.0.0.1:51784 to /127.0.0.1:51785" [_thread_in_native, id=4308, stack(0x0000004fa8200000,0x0000004fa8300000)]
  0x00000184f2b80800 JavaThread "Cancel handler" [_thread_blocked, id=10052, stack(0x0000004fa8300000,0x0000004fa8400000)]
  0x00000184f30f4800 JavaThread "Daemon worker" [_thread_in_vm, id=9020, stack(0x0000004fa8400000,0x0000004fa8500000)]
  0x00000184f20a4800 JavaThread "Asynchronous log dispatcher for DefaultDaemonConnection: socket connection from /127.0.0.1:51784 to /127.0.0.1:51785" [_thread_blocked, id=11664, stack(0x0000004fa8500000,0x0000004fa8600000)]
  0x00000184f20a5000 JavaThread "Stdin handler" [_thread_blocked, id=13028, stack(0x0000004fa8600000,0x0000004fa8700000)]
  0x00000184f1dd3000 JavaThread "Daemon client event forwarder" [_thread_blocked, id=6728, stack(0x0000004fa8700000,0x0000004fa8800000)]
  0x00000184f304c800 JavaThread "Cache worker for journal cache (C:\Users\jeffe\.gradle\caches\journal-1)" [_thread_blocked, id=12576, stack(0x0000004fa8800000,0x0000004fa8900000)]
  0x00000184f304f800 JavaThread "File lock request listener" [_thread_in_native, id=1724, stack(0x0000004fa8900000,0x0000004fa8a00000)]
  0x00000184f3052000 JavaThread "Cache worker for file hash cache (C:\Users\jeffe\.gradle\caches\7.3.2\fileHashes)" [_thread_blocked, id=9172, stack(0x0000004fa8a00000,0x0000004fa8b00000)]
  0x00000184f314d800 JavaThread "C2 CompilerThread1" daemon [_thread_in_native, id=11340, stack(0x0000004fa8e00000,0x0000004fa8f00000)]
  0x00000184f3051000 JavaThread "Cache worker for file hash cache (C:\Users\jeffe\AndroidStudioProjects\FirstAidKit3\.gradle\7.3.2\fileHashes)" [_thread_blocked, id=13128, stack(0x0000004fa8f00000,0x0000004fa9000000)]
=>0x00000184f3351000 JavaThread "C2 CompilerThread2" daemon [_thread_in_native, id=2136, stack(0x0000004fa9000000,0x0000004fa9100000)]
  0x00000184f3050800 JavaThread "File watcher server" daemon [_thread_in_native, id=5896, stack(0x0000004fa9100000,0x0000004fa9200000)]
  0x00000184f3053000 JavaThread "File watcher consumer" daemon [_thread_blocked, id=10212, stack(0x0000004fa9200000,0x0000004fa9300000)]
  0x00000184f304e000 JavaThread "Cache worker for checksums cache (C:\Users\jeffe\AndroidStudioProjects\FirstAidKit3\.gradle\7.3.2\checksums)" [_thread_blocked, id=11116, stack(0x0000004fa9300000,0x0000004fa9400000)]
  0x00000184f304d000 JavaThread "Cache worker for cache directory md-supplier (C:\Users\jeffe\.gradle\caches\7.3.2\md-supplier)" [_thread_blocked, id=6848, stack(0x0000004fa9400000,0x0000004fa9500000)]
  0x00000184f304e800 JavaThread "Cache worker for cache directory md-rule (C:\Users\jeffe\.gradle\caches\7.3.2\md-rule)" [_thread_blocked, id=8996, stack(0x0000004fa9600000,0x0000004fa9700000)]
  0x00000184f3288000 JavaThread "Cache worker for execution history cache (C:\Users\jeffe\.gradle\caches\7.3.2\executionHistory)" [_thread_blocked, id=11096, stack(0x0000004fa9700000,0x0000004fa9800000)]
  0x00000184f3289800 JavaThread "jar transforms" [_thread_blocked, id=8164, stack(0x0000004fa9800000,0x0000004fa9900000)]
  0x00000184f328a800 JavaThread "jar transforms Thread 2" [_thread_blocked, id=11412, stack(0x0000004fa9900000,0x0000004fa9a00000)]
  0x00000184f3288800 JavaThread "Cache worker for file content cache (C:\Users\jeffe\.gradle\caches\7.3.2\fileContent)" [_thread_blocked, id=12584, stack(0x0000004fa9a00000,0x0000004fa9b00000)]

Other Threads:
  0x00000184f013f000 VMThread "VM Thread" [stack: 0x0000004fa6f00000,0x0000004fa7000000] [id=940]
  0x00000184f0aae000 WatcherThread [stack: 0x0000004fa7900000,0x0000004fa7a00000] [id=12032]
  0x00000184cf1c1800 GCTaskThread "GC Thread#0" [stack: 0x0000004fa6a00000,0x0000004fa6b00000] [id=9940]
  0x00000184f1648800 GCTaskThread "GC Thread#1" [stack: 0x0000004fa7c00000,0x0000004fa7d00000] [id=7952]
  0x00000184f1478000 GCTaskThread "GC Thread#2" [stack: 0x0000004fa7d00000,0x0000004fa7e00000] [id=13024]
  0x00000184f17e2000 GCTaskThread "GC Thread#3" [stack: 0x0000004fa7e00000,0x0000004fa7f00000] [id=6452]
  0x00000184f18b6000 GCTaskThread "GC Thread#4" [stack: 0x0000004fa7f00000,0x0000004fa8000000] [id=12392]
  0x00000184f31af800 GCTaskThread "GC Thread#5" [stack: 0x0000004fa8b00000,0x0000004fa8c00000] [id=9812]
  0x00000184f1cbb000 GCTaskThread "GC Thread#6" [stack: 0x0000004fa8c00000,0x0000004fa8d00000] [id=8904]
  0x00000184f3001800 GCTaskThread "GC Thread#7" [stack: 0x0000004fa8d00000,0x0000004fa8e00000] [id=11980]
  0x00000184cf1d3000 ConcurrentGCThread "G1 Main Marker" [stack: 0x0000004fa6b00000,0x0000004fa6c00000] [id=6060]
  0x00000184cf1d5000 ConcurrentGCThread "G1 Conc#0" [stack: 0x0000004fa6c00000,0x0000004fa6d00000] [id=8716]
  0x00000184f4c7e800 ConcurrentGCThread "G1 Conc#1" [stack: 0x0000004fa9500000,0x0000004fa9600000] [id=12076]
  0x00000184cf25e000 ConcurrentGCThread "G1 Refine#0" [stack: 0x0000004fa6d00000,0x0000004fa6e00000] [id=13036]
  0x00000184effb2800 ConcurrentGCThread "G1 Young RemSet Sampling" [stack: 0x0000004fa6e00000,0x0000004fa6f00000] [id=6860]

Threads with active compile tasks:
C2 CompilerThread0     4518 3324       4       java.lang.PublicMethods$MethodList::filter (104 bytes)
C1 CompilerThread0     4518 3439       3       java.beans.PropertyDescriptor::getPropertyType0 (22 bytes)
C2 CompilerThread1     4518 3166   !   4       java.net.URLClassLoader::findClass (47 bytes)
C2 CompilerThread2     4518 3168       4       java.net.URLClassLoader$1::run (5 bytes)

VM state:not at safepoint (normal execution)

VM Mutex/Monitor currently owned by a thread: None

Heap address: 0x0000000080000000, size: 2048 MB, Compressed Oops mode: 32-bit
Narrow klass base: 0x0000000800000000, Narrow klass shift: 3
Compressed class space size: 1073741824 Address: 0x0000000800b40000

Heap:
 garbage-first heap   total 71680K, used 50519K [0x0000000080000000, 0x0000000100000000)
  region size 1024K, 27 young (27648K), 4 survivors (4096K)
 Metaspace       used 31239K, capacity 32120K, committed 32384K, reserved 1077248K
  class space    used 4298K, capacity 4637K, committed 4736K, reserved 1048576K
Heap Regions: E=young(eden), S=young(survivor), O=old, HS=humongous(starts), HC=humongous(continues), CS=collection set, F=free, A=archive, TAMS=top-at-mark-start (previous, next)
|   0|0x0000000080000000, 0x0000000080100000, 0x0000000080100000|100%| O|  |TAMS 0x0000000080000000, 0x0000000080000000| Untracked 
|   1|0x0000000080100000, 0x0000000080200000, 0x0000000080200000|100%| O|  |TAMS 0x0000000080100000, 0x0000000080100000| Untracked 
|   2|0x0000000080200000, 0x0000000080300000, 0x0000000080300000|100%| O|  |TAMS 0x0000000080200000, 0x0000000080200000| Untracked 
|   3|0x0000000080300000, 0x0000000080400000, 0x0000000080400000|100%|HS|  |TAMS 0x0000000080400000, 0x0000000080300000| Complete 
|   4|0x0000000080400000, 0x0000000080500000, 0x0000000080500000|100%|HC|  |TAMS 0x0000000080500000, 0x0000000080400000| Complete 
|   5|0x0000000080500000, 0x0000000080600000, 0x0000000080600000|100%|HC|  |TAMS 0x0000000080600000, 0x0000000080500000| Complete 
|   6|0x0000000080600000, 0x0000000080700000, 0x0000000080700000|100%| O|  |TAMS 0x0000000080700000, 0x0000000080600000| Untracked 
|   7|0x0000000080700000, 0x0000000080800000, 0x0000000080800000|100%| O|  |TAMS 0x0000000080800000, 0x0000000080700000| Untracked 
|   8|0x0000000080800000, 0x0000000080900000, 0x0000000080900000|100%| O|  |TAMS 0x0000000080900000, 0x0000000080800000| Untracked 
|   9|0x0000000080900000, 0x0000000080a00000, 0x0000000080a00000|100%| O|  |TAMS 0x0000000080913600, 0x0000000080900000| Untracked 
|  10|0x0000000080a00000, 0x0000000080b00000, 0x0000000080b00000|100%| O|  |TAMS 0x0000000080a00000, 0x0000000080a00000| Untracked 
|  11|0x0000000080b00000, 0x0000000080c00000, 0x0000000080c00000|100%| O|  |TAMS 0x0000000080b00000, 0x0000000080b00000| Untracked 
|  12|0x0000000080c00000, 0x0000000080d00000, 0x0000000080d00000|100%| O|  |TAMS 0x0000000080c00000, 0x0000000080c00000| Untracked 
|  13|0x0000000080d00000, 0x0000000080e00000, 0x0000000080e00000|100%| O|  |TAMS 0x0000000080d00000, 0x0000000080d00000| Untracked 
|  14|0x0000000080e00000, 0x0000000080f00000, 0x0000000080f00000|100%| O|  |TAMS 0x0000000080e00000, 0x0000000080e00000| Untracked 
|  15|0x0000000080f00000, 0x0000000081000000, 0x0000000081000000|100%| O|  |TAMS 0x0000000080f00000, 0x0000000080f00000| Untracked 
|  16|0x0000000081000000, 0x00000000810b2a00, 0x0000000081100000| 69%| O|  |TAMS 0x0000000081000000, 0x0000000081000000| Untracked 
|  17|0x0000000081100000, 0x0000000081200000, 0x0000000081200000|100%| O|  |TAMS 0x0000000081100000, 0x0000000081100000| Untracked 
|  18|0x0000000081200000, 0x0000000081300000, 0x0000000081300000|100%| O|  |TAMS 0x0000000081200000, 0x0000000081200000| Untracked 
|  19|0x0000000081300000, 0x0000000081400000, 0x0000000081400000|100%| O|  |TAMS 0x0000000081300000, 0x0000000081300000| Untracked 
|  20|0x0000000081400000, 0x0000000081500000, 0x0000000081500000|100%| O|  |TAMS 0x0000000081400000, 0x0000000081400000| Untracked 
|  21|0x0000000081500000, 0x00000000815e7200, 0x0000000081600000| 90%| O|  |TAMS 0x0000000081500000, 0x0000000081500000| Untracked 
|  22|0x0000000081600000, 0x0000000081700000, 0x0000000081700000|100%|HS|  |TAMS 0x0000000081600000, 0x0000000081600000| Complete 
|  23|0x0000000081700000, 0x0000000081800000, 0x0000000081800000|100%|HS|  |TAMS 0x0000000081700000, 0x0000000081700000| Complete 
|  24|0x0000000081800000, 0x0000000081900000, 0x0000000081900000|100%|HC|  |TAMS 0x0000000081800000, 0x0000000081800000| Complete 
|  25|0x0000000081900000, 0x0000000081900000, 0x0000000081a00000|  0%| F|  |TAMS 0x0000000081900000, 0x0000000081900000| Untracked 
|  26|0x0000000081a00000, 0x0000000081a00000, 0x0000000081b00000|  0%| F|  |TAMS 0x0000000081a00000, 0x0000000081a00000| Untracked 
|  27|0x0000000081b00000, 0x0000000081b00000, 0x0000000081c00000|  0%| F|  |TAMS 0x0000000081b00000, 0x0000000081b00000| Untracked 
|  28|0x0000000081c00000, 0x0000000081c00000, 0x0000000081d00000|  0%| F|  |TAMS 0x0000000081c00000, 0x0000000081c00000| Untracked 
|  29|0x0000000081d00000, 0x0000000081d00000, 0x0000000081e00000|  0%| F|  |TAMS 0x0000000081d00000, 0x0000000081d00000| Untracked 
|  30|0x0000000081e00000, 0x0000000081e00000, 0x0000000081f00000|  0%| F|  |TAMS 0x0000000081e00000, 0x0000000081e00000| Untracked 
|  31|0x0000000081f00000, 0x0000000081f00000, 0x0000000082000000|  0%| F|  |TAMS 0x0000000081f00000, 0x0000000081f00000| Untracked 
|  32|0x0000000082000000, 0x0000000082000000, 0x0000000082100000|  0%| F|  |TAMS 0x0000000082000000, 0x0000000082000000| Untracked 
|  33|0x0000000082100000, 0x0000000082100000, 0x0000000082200000|  0%| F|  |TAMS 0x0000000082100000, 0x0000000082100000| Untracked 
|  34|0x0000000082200000, 0x0000000082200000, 0x0000000082300000|  0%| F|  |TAMS 0x0000000082200000, 0x0000000082200000| Untracked 
|  35|0x0000000082300000, 0x0000000082300000, 0x0000000082400000|  0%| F|  |TAMS 0x0000000082300000, 0x0000000082300000| Untracked 
|  36|0x0000000082400000, 0x00000000824bc238, 0x0000000082500000| 73%| S|CS|TAMS 0x0000000082400000, 0x0000000082400000| Complete 
|  37|0x0000000082500000, 0x0000000082600000, 0x0000000082600000|100%| S|CS|TAMS 0x0000000082500000, 0x0000000082500000| Complete 
|  38|0x0000000082600000, 0x0000000082700000, 0x0000000082700000|100%| S|CS|TAMS 0x0000000082600000, 0x0000000082600000| Complete 
|  39|0x0000000082700000, 0x0000000082800000, 0x0000000082800000|100%| S|CS|TAMS 0x0000000082700000, 0x0000000082700000| Complete 
|  40|0x0000000082800000, 0x0000000082800000, 0x0000000082900000|  0%| F|  |TAMS 0x0000000082800000, 0x0000000082800000| Untracked 
|  41|0x0000000082900000, 0x0000000082900000, 0x0000000082a00000|  0%| F|  |TAMS 0x0000000082900000, 0x0000000082900000| Untracked 
|  42|0x0000000082a00000, 0x0000000082a00000, 0x0000000082b00000|  0%| F|  |TAMS 0x0000000082a00000, 0x0000000082a00000| Untracked 
|  43|0x0000000082b00000, 0x0000000082b00000, 0x0000000082c00000|  0%| F|  |TAMS 0x0000000082b00000, 0x0000000082b00000| Untracked 
|  44|0x0000000082c00000, 0x0000000082c00000, 0x0000000082d00000|  0%| F|  |TAMS 0x0000000082c00000, 0x0000000082c00000| Untracked 
|  45|0x0000000082d00000, 0x0000000082d00000, 0x0000000082e00000|  0%| F|  |TAMS 0x0000000082d00000, 0x0000000082d00000| Untracked 
|  46|0x0000000082e00000, 0x0000000082e6db50, 0x0000000082f00000| 42%| E|  |TAMS 0x0000000082e00000, 0x0000000082e00000| Complete 
|  47|0x0000000082f00000, 0x0000000083000000, 0x0000000083000000|100%| E|CS|TAMS 0x0000000082f00000, 0x0000000082f00000| Complete 
|  48|0x0000000083000000, 0x0000000083100000, 0x0000000083100000|100%| E|CS|TAMS 0x0000000083000000, 0x0000000083000000| Complete 
|  49|0x0000000083100000, 0x0000000083200000, 0x0000000083200000|100%| E|CS|TAMS 0x0000000083100000, 0x0000000083100000| Complete 
|  50|0x0000000083200000, 0x0000000083300000, 0x0000000083300000|100%| E|CS|TAMS 0x0000000083200000, 0x0000000083200000| Complete 
|  51|0x0000000083300000, 0x0000000083400000, 0x0000000083400000|100%| E|CS|TAMS 0x0000000083300000, 0x0000000083300000| Complete 
|  52|0x0000000083400000, 0x0000000083500000, 0x0000000083500000|100%| E|CS|TAMS 0x0000000083400000, 0x0000000083400000| Complete 
|  53|0x0000000083500000, 0x0000000083600000, 0x0000000083600000|100%| E|CS|TAMS 0x0000000083500000, 0x0000000083500000| Complete 
|  54|0x0000000083600000, 0x0000000083700000, 0x0000000083700000|100%| E|CS|TAMS 0x0000000083600000, 0x0000000083600000| Complete 
|  55|0x0000000083700000, 0x0000000083800000, 0x0000000083800000|100%| E|CS|TAMS 0x0000000083700000, 0x0000000083700000| Complete 
|  56|0x0000000083800000, 0x0000000083900000, 0x0000000083900000|100%| E|CS|TAMS 0x0000000083800000, 0x0000000083800000| Complete 
|  57|0x0000000083900000, 0x0000000083a00000, 0x0000000083a00000|100%| E|CS|TAMS 0x0000000083900000, 0x0000000083900000| Complete 
|  58|0x0000000083a00000, 0x0000000083b00000, 0x0000000083b00000|100%| E|CS|TAMS 0x0000000083a00000, 0x0000000083a00000| Complete 
|  59|0x0000000083b00000, 0x0000000083c00000, 0x0000000083c00000|100%| E|CS|TAMS 0x0000000083b00000, 0x0000000083b00000| Complete 
|  60|0x0000000083c00000, 0x0000000083d00000, 0x0000000083d00000|100%| E|CS|TAMS 0x0000000083c00000, 0x0000000083c00000| Complete 
|  61|0x0000000083d00000, 0x0000000083e00000, 0x0000000083e00000|100%| E|CS|TAMS 0x0000000083d00000, 0x0000000083d00000| Complete 
|  62|0x0000000083e00000, 0x0000000083f00000, 0x0000000083f00000|100%| E|CS|TAMS 0x0000000083e00000, 0x0000000083e00000| Complete 
|  63|0x0000000083f00000, 0x0000000084000000, 0x0000000084000000|100%| E|CS|TAMS 0x0000000083f00000, 0x0000000083f00000| Complete 
|  64|0x0000000084000000, 0x0000000084100000, 0x0000000084100000|100%| E|CS|TAMS 0x0000000084000000, 0x0000000084000000| Complete 
|  65|0x0000000084100000, 0x0000000084200000, 0x0000000084200000|100%| E|  |TAMS 0x0000000084100000, 0x0000000084100000| Complete 
| 170|0x000000008aa00000, 0x000000008ab00000, 0x000000008ab00000|100%| E|CS|TAMS 0x000000008aa00000, 0x000000008aa00000| Complete 
| 171|0x000000008ab00000, 0x000000008ac00000, 0x000000008ac00000|100%| E|CS|TAMS 0x000000008ab00000, 0x000000008ab00000| Complete 
| 172|0x000000008ac00000, 0x000000008ad00000, 0x000000008ad00000|100%| E|CS|TAMS 0x000000008ac00000, 0x000000008ac00000| Complete 
| 223|0x000000008df00000, 0x000000008e000000, 0x000000008e000000|100%| E|CS|TAMS 0x000000008df00000, 0x000000008df00000| Complete 

Card table byte_map: [0x00000184e8e30000,0x00000184e9230000] _byte_map_base: 0x00000184e8a30000

Marking Bits (Prev, Next): (CMBitMap*) 0x00000184cf1c26b8, (CMBitMap*) 0x00000184cf1c2678
 Prev Bits: [0x00000184eb630000, 0x00000184ed630000)
 Next Bits: [0x00000184e9630000, 0x00000184eb630000)

Polling page: 0x00000184cf260000

Metaspace:

Usage:
  Non-class:     26.90 MB capacity,    26.33 MB ( 98%) used,   498.26 KB (  2%) free+waste,    81.81 KB ( <1%) overhead. 
      Class:      4.53 MB capacity,     4.20 MB ( 93%) used,   295.43 KB (  6%) free+waste,    41.31 KB ( <1%) overhead. 
       Both:     31.43 MB capacity,    30.53 MB ( 97%) used,   793.69 KB (  2%) free+waste,   123.13 KB ( <1%) overhead. 

Virtual space:
  Non-class space:       28.00 MB reserved,      27.00 MB ( 96%) committed 
      Class space:        1.00 GB reserved,       4.63 MB ( <1%) committed 
             Both:        1.03 GB reserved,      31.63 MB (  3%) committed 

Chunk freelists:
   Non-Class:  37.00 KB
       Class:  3.00 KB
        Both:  40.00 KB

MaxMetaspaceSize: 17179869184.00 GB
CompressedClassSpaceSize: 1.00 GB

CodeHeap 'non-profiled nmethods': size=120000Kb used=1738Kb max_used=1738Kb free=118261Kb
 bounds [0x00000184e0950000, 0x00000184e0bc0000, 0x00000184e7e80000]
CodeHeap 'profiled nmethods': size=120000Kb used=7078Kb max_used=7078Kb free=112921Kb
 bounds [0x00000184d9420000, 0x00000184d9b10000, 0x00000184e0950000]
CodeHeap 'non-nmethods': size=5760Kb used=2303Kb max_used=2340Kb free=3456Kb
 bounds [0x00000184d8e80000, 0x00000184d90f0000, 0x00000184d9420000]
 total_blobs=5310 nmethods=3182 adapters=672
 compilation: enabled
              stopped_count=0, restarted_count=0
 full_count=0

Compilation events (20 events):
Event: 4.443 Thread 0x00000184f095f000 3389       1       java.lang.Thread::getThreadGroup (5 bytes)
Event: 4.443 Thread 0x00000184f095f000 nmethod 3389 0x00000184e0af3810 code [0x00000184e0af39a0, 0x00000184e0af3ad8]
Event: 4.445 Thread 0x00000184f095f000 3390       3       sun.reflect.generics.parser.SignatureParser::parseTypeArguments (109 bytes)
Event: 4.446 Thread 0x00000184f095f000 nmethod 3390 0x00000184d9ae9f90 code [0x00000184d9aea260, 0x00000184d9aeb070]
Event: 4.446 Thread 0x00000184f095f000 3393       3       com.sun.beans.TypeResolver::erase (32 bytes)
Event: 4.446 Thread 0x00000184f095f000 nmethod 3393 0x00000184d9aeb510 code [0x00000184d9aeb6e0, 0x00000184d9aebb90]
Event: 4.446 Thread 0x00000184f095f000 3391       3       java.lang.Class::getDeclaringClass (31 bytes)
Event: 4.447 Thread 0x00000184f095f000 nmethod 3391 0x00000184d9aebd10 code [0x00000184d9aebf00, 0x00000184d9aec370]
Event: 4.447 Thread 0x00000184f095f000 3392       3       sun.reflect.generics.reflectiveObjects.ParameterizedTypeImpl::<init> (35 bytes)
Event: 4.447 Thread 0x00000184f095f000 nmethod 3392 0x00000184d9aec510 code [0x00000184d9aec740, 0x00000184d9aece20]
Event: 4.447 Thread 0x00000184f095f000 3394       3       com.sun.beans.TypeResolver::resolveInClass (9 bytes)
Event: 4.448 Thread 0x00000184f095f000 nmethod 3394 0x00000184d9aed090 code [0x00000184d9aed2c0, 0x00000184d9aedba0]
Event: 4.449 Thread 0x00000184f095f000 3395       3       sun.reflect.generics.repository.ConstructorRepository::getParameterTypes (27 bytes)
Event: 4.449 Thread 0x00000184f095f000 nmethod 3395 0x00000184d9aede90 code [0x00000184d9aee060, 0x00000184d9aee4c0]
Event: 4.449 Thread 0x00000184f095f000 3396       3       com.sun.beans.util.Cache$Kind$Soft::getReferent (5 bytes)
Event: 4.449 Thread 0x00000184f095f000 nmethod 3396 0x00000184d9aee590 code [0x00000184d9aee740, 0x00000184d9aeea78]
Event: 4.449 Thread 0x00000184f095f000 3397       3       org.codehaus.groovy.util.ComplexKeyHashMap$1::hasNext (13 bytes)
Event: 4.449 Thread 0x00000184f095f000 nmethod 3397 0x00000184d9aeeb10 code [0x00000184d9aeecc0, 0x00000184d9aeee98]
Event: 4.475 Thread 0x00000184f095f000 3398       3       java.lang.invoke.MethodHandles$Lookup::getDirectMethod (18 bytes)
Event: 4.475 Thread 0x00000184f095f000 nmethod 3398 0x00000184d9aeef10 code [0x00000184d9aef0c0, 0x00000184d9aef290]

GC Heap History (10 events):
Event: 0.615 GC heap before
{Heap before GC invocations=0 (full 0):
 garbage-first heap   total 229376K, used 29696K [0x0000000080000000, 0x0000000100000000)
  region size 1024K, 24 young (24576K), 0 survivors (0K)
 Metaspace       used 3259K, capacity 6229K, committed 6400K, reserved 1056768K
  class space    used 430K, capacity 739K, committed 768K, reserved 1048576K
}
Event: 0.619 GC heap after
{Heap after GC invocations=1 (full 0):
 garbage-first heap   total 229376K, used 9293K [0x0000000080000000, 0x0000000100000000)
  region size 1024K, 3 young (3072K), 3 survivors (3072K)
 Metaspace       used 3259K, capacity 6229K, committed 6400K, reserved 1056768K
  class space    used 430K, capacity 739K, committed 768K, reserved 1048576K
}
Event: 2.831 GC heap before
{Heap before GC invocations=1 (full 0):
 garbage-first heap   total 229376K, used 143437K [0x0000000080000000, 0x0000000100000000)
  region size 1024K, 134 young (137216K), 3 survivors (3072K)
 Metaspace       used 15273K, capacity 15764K, committed 16000K, reserved 1062912K
  class space    used 2233K, capacity 2420K, committed 2432K, reserved 1048576K
}
Event: 2.839 GC heap after
{Heap after GC invocations=2 (full 0):
 garbage-first heap   total 229376K, used 17600K [0x0000000080000000, 0x0000000100000000)
  region size 1024K, 12 young (12288K), 12 survivors (12288K)
 Metaspace       used 15273K, capacity 15764K, committed 16000K, reserved 1062912K
  class space    used 2233K, capacity 2420K, committed 2432K, reserved 1048576K
}
Event: 3.416 GC heap before
{Heap before GC invocations=2 (full 0):
 garbage-first heap   total 229376K, used 68800K [0x0000000080000000, 0x0000000100000000)
  region size 1024K, 63 young (64512K), 12 survivors (12288K)
 Metaspace       used 20568K, capacity 21224K, committed 21248K, reserved 1067008K
  class space    used 3049K, capacity 3311K, committed 3328K, reserved 1048576K
}
Event: 3.426 GC heap after
{Heap after GC invocations=3 (full 0):
 garbage-first heap   total 229376K, used 19624K [0x0000000080000000, 0x0000000100000000)
  region size 1024K, 3 young (3072K), 3 survivors (3072K)
 Metaspace       used 20568K, capacity 21224K, committed 21248K, reserved 1067008K
  class space    used 3049K, capacity 3311K, committed 3328K, reserved 1048576K
}
Event: 3.995 GC heap before
{Heap before GC invocations=4 (full 0):
 garbage-first heap   total 71680K, used 58536K [0x0000000080000000, 0x0000000100000000)
  region size 1024K, 42 young (43008K), 3 survivors (3072K)
 Metaspace       used 27448K, capacity 28204K, committed 28288K, reserved 1073152K
  class space    used 3919K, capacity 4211K, committed 4224K, reserved 1048576K
}
Event: 4.000 GC heap after
{Heap after GC invocations=5 (full 0):
 garbage-first heap   total 71680K, used 22503K [0x0000000080000000, 0x0000000100000000)
  region size 1024K, 6 young (6144K), 6 survivors (6144K)
 Metaspace       used 27448K, capacity 28204K, committed 28288K, reserved 1073152K
  class space    used 3919K, capacity 4211K, committed 4224K, reserved 1048576K
}
Event: 4.293 GC heap before
{Heap before GC invocations=5 (full 0):
 garbage-first heap   total 71680K, used 52199K [0x0000000080000000, 0x0000000100000000)
  region size 1024K, 36 young (36864K), 6 survivors (6144K)
 Metaspace       used 29653K, capacity 30541K, committed 30720K, reserved 1075200K
  class space    used 4175K, capacity 4517K, committed 4608K, reserved 1048576K
}
Event: 4.299 GC heap after
{Heap after GC invocations=6 (full 0):
 garbage-first heap   total 71680K, used 25943K [0x0000000080000000, 0x0000000100000000)
  region size 1024K, 4 young (4096K), 4 survivors (4096K)
 Metaspace       used 29653K, capacity 30541K, committed 30720K, reserved 1075200K
  class space    used 4175K, capacity 4517K, committed 4608K, reserved 1048576K
}

Deoptimization events (20 events):
Event: 4.331 Thread 0x00000184f2737000 Uncommon trap: trap_request=0xffffffde fr.pc=0x00000184e0ad49dc relative=0x00000000000004fc
Event: 4.331 Thread 0x00000184f2737000 Uncommon trap: reason=class_check action=maybe_recompile pc=0x00000184e0ad49dc method=java.util.stream.ReferencePipeline.forEachWithCancel(Ljava/util/Spliterator;Ljava/util/stream/Sink;)Z @ 1 c2
Event: 4.331 Thread 0x00000184f2737000 DEOPT PACKING pc=0x00000184e0ad49dc sp=0x0000004fa7bfe6e0
Event: 4.331 Thread 0x00000184f2737000 DEOPT UNPACKING pc=0x00000184d8ec912f sp=0x0000004fa7bfe680 mode 2
Event: 4.335 Thread 0x00000184f30f4800 Uncommon trap: trap_request=0xffffffde fr.pc=0x00000184e0add288 relative=0x0000000000000488
Event: 4.335 Thread 0x00000184f30f4800 Uncommon trap: reason=class_check action=maybe_recompile pc=0x00000184e0add288 method=java.util.regex.Pattern$Start.match(Ljava/util/regex/Matcher;ILjava/lang/CharSequence;)Z @ 44 c2
Event: 4.335 Thread 0x00000184f30f4800 DEOPT PACKING pc=0x00000184e0add288 sp=0x0000004fa84f8e10
Event: 4.335 Thread 0x00000184f30f4800 DEOPT UNPACKING pc=0x00000184d8ec912f sp=0x0000004fa84f8cd8 mode 2
Event: 4.336 Thread 0x00000184f30f4800 Uncommon trap: trap_request=0xffffffde fr.pc=0x00000184e0add288 relative=0x0000000000000488
Event: 4.336 Thread 0x00000184f30f4800 Uncommon trap: reason=class_check action=maybe_recompile pc=0x00000184e0add288 method=java.util.regex.Pattern$Start.match(Ljava/util/regex/Matcher;ILjava/lang/CharSequence;)Z @ 44 c2
Event: 4.336 Thread 0x00000184f30f4800 DEOPT PACKING pc=0x00000184e0add288 sp=0x0000004fa84f8e10
Event: 4.336 Thread 0x00000184f30f4800 DEOPT UNPACKING pc=0x00000184d8ec912f sp=0x0000004fa84f8cd8 mode 2
Event: 4.336 Thread 0x00000184f30f4800 Uncommon trap: trap_request=0xffffffde fr.pc=0x00000184e0ad1e58 relative=0x0000000000000458
Event: 4.336 Thread 0x00000184f30f4800 Uncommon trap: reason=class_check action=maybe_recompile pc=0x00000184e0ad1e58 method=java.util.regex.Pattern$Start.match(Ljava/util/regex/Matcher;ILjava/lang/CharSequence;)Z @ 44 c2
Event: 4.336 Thread 0x00000184f30f4800 DEOPT PACKING pc=0x00000184e0ad1e58 sp=0x0000004fa84f8d90
Event: 4.336 Thread 0x00000184f30f4800 DEOPT UNPACKING pc=0x00000184d8ec912f sp=0x0000004fa84f8cd0 mode 2
Event: 4.336 Thread 0x00000184f30f4800 Uncommon trap: trap_request=0xffffffde fr.pc=0x00000184e0ad2e2c relative=0x00000000000002ec
Event: 4.336 Thread 0x00000184f30f4800 Uncommon trap: reason=class_check action=maybe_recompile pc=0x00000184e0ad2e2c method=java.util.regex.Pattern$Start.match(Ljava/util/regex/Matcher;ILjava/lang/CharSequence;)Z @ 44 c2
Event: 4.336 Thread 0x00000184f30f4800 DEOPT PACKING pc=0x00000184e0ad2e2c sp=0x0000004fa84f8d10
Event: 4.336 Thread 0x00000184f30f4800 DEOPT UNPACKING pc=0x00000184d8ec912f sp=0x0000004fa84f8cd0 mode 2

Classes unloaded (0 events):
No events

Classes redefined (0 events):
No events

Internal exceptions (20 events):
Event: 4.382 Thread 0x00000184f30f4800 Exception <a 'java/lang/ClassNotFoundException'{0x0000000083f91cc8}: org/gradle/api/internal/project/AbstractPluginAwareBeanInfo> (0x0000000083f91cc8) 
thrown [t:/workspace/open/src/hotspot/share/classfile/systemDictionary.cpp, line 232]
Event: 4.383 Thread 0x00000184f30f4800 Exception <a 'java/lang/ClassNotFoundException'{0x0000000083fbbe08}: org/gradle/api/internal/project/AbstractPluginAwareCustomizer> (0x0000000083fbbe08) 
thrown [t:/workspace/open/src/hotspot/share/classfile/systemDictionary.cpp, line 232]
Event: 4.385 Thread 0x00000184f30f4800 Exception <a 'java/lang/ClassNotFoundException'{0x0000000083fe92c0}: org/gradle/initialization/DefaultSettingsCustomizer> (0x0000000083fe92c0) 
thrown [t:/workspace/open/src/hotspot/share/classfile/systemDictionary.cpp, line 232]
Event: 4.389 Thread 0x00000184f30f4800 Exception <a 'java/lang/ClassNotFoundException'{0x0000000083e40768}: org/gradle/initialization/DefaultSettings_DecoratedCustomizer> (0x0000000083e40768) 
thrown [t:/workspace/open/src/hotspot/share/classfile/systemDictionary.cpp, line 232]
Event: 4.413 Thread 0x00000184f30f4800 Exception <a 'java/lang/ClassNotFoundException'{0x0000000083db6188}: org/gradle/internal/metaobject/ConfigureDelegateBeanInfo> (0x0000000083db6188) 
thrown [t:/workspace/open/src/hotspot/share/classfile/systemDictionary.cpp, line 232]
Event: 4.414 Thread 0x00000184f30f4800 Exception <a 'java/lang/ClassNotFoundException'{0x0000000083de0260}: org/gradle/internal/metaobject/ConfigureDelegateCustomizer> (0x0000000083de0260) 
thrown [t:/workspace/open/src/hotspot/share/classfile/systemDictionary.cpp, line 232]
Event: 4.426 Thread 0x00000184f30f4800 Exception <a 'java/lang/ClassNotFoundException'{0x0000000083b04458}: org/gradle/internal/management/DefaultDependencyResolutionManagement_DecoratedBeanInfo> (0x0000000083b04458) 
thrown [t:/workspace/open/src/hotspot/share/classfile/systemDictionary.cpp, line 232]
Event: 4.427 Thread 0x00000184f30f4800 Exception <a 'java/lang/ClassNotFoundException'{0x0000000083b437c8}: org/gradle/internal/management/DefaultDependencyResolutionManagementBeanInfo> (0x0000000083b437c8) 
thrown [t:/workspace/open/src/hotspot/share/classfile/systemDictionary.cpp, line 232]
Event: 4.428 Thread 0x00000184f30f4800 Exception <a 'java/lang/ClassNotFoundException'{0x0000000083b837c8}: org/gradle/internal/management/DefaultDependencyResolutionManagementCustomizer> (0x0000000083b837c8) 
thrown [t:/workspace/open/src/hotspot/share/classfile/systemDictionary.cpp, line 232]
Event: 4.430 Thread 0x00000184f30f4800 Exception <a 'java/lang/ClassNotFoundException'{0x0000000083bd9500}: org/gradle/internal/management/DefaultDependencyResolutionManagement_DecoratedCustomizer> (0x0000000083bd9500) 
thrown [t:/workspace/open/src/hotspot/share/classfile/systemDictionary.cpp, line 232]
Event: 4.435 Thread 0x00000184f30f4800 Exception <a 'java/lang/ClassNotFoundException'{0x0000000083a69e48}: org/gradle/api/initialization/resolve/RepositoriesModeBeanInfo> (0x0000000083a69e48) 
thrown [t:/workspace/open/src/hotspot/share/classfile/systemDictionary.cpp, line 232]
Event: 4.435 Thread 0x00000184f30f4800 Exception <a 'java/lang/ClassNotFoundException'{0x0000000083a6eff0}: java/lang/EnumBeanInfo> (0x0000000083a6eff0) 
thrown [t:/workspace/open/src/hotspot/share/classfile/systemDictionary.cpp, line 232]
Event: 4.435 Thread 0x00000184f30f4800 Exception <a 'java/lang/ClassNotFoundException'{0x0000000083a73ed8}: java/lang/EnumCustomizer> (0x0000000083a73ed8) 
thrown [t:/workspace/open/src/hotspot/share/classfile/systemDictionary.cpp, line 232]
Event: 4.437 Thread 0x00000184f30f4800 Exception <a 'java/lang/ClassNotFoundException'{0x0000000083aaa028}: org/gradle/api/initialization/resolve/RepositoriesModeCustomizer> (0x0000000083aaa028) 
thrown [t:/workspace/open/src/hotspot/share/classfile/systemDictionary.cpp, line 232]
Event: 4.443 Thread 0x00000184f30f4800 Exception <a 'java/lang/ClassNotFoundException'{0x0000000083969e88}: org/gradle/api/internal/provider/DefaultPropertyBeanInfo> (0x0000000083969e88) 
thrown [t:/workspace/open/src/hotspot/share/classfile/systemDictionary.cpp, line 232]
Event: 4.444 Thread 0x00000184f30f4800 Exception <a 'java/lang/ClassNotFoundException'{0x00000000839938a0}: org/gradle/api/internal/provider/AbstractPropertyBeanInfo> (0x00000000839938a0) 
thrown [t:/workspace/open/src/hotspot/share/classfile/systemDictionary.cpp, line 232]
Event: 4.444 Thread 0x00000184f30f4800 Exception <a 'java/lang/ClassNotFoundException'{0x00000000839bf328}: org/gradle/api/internal/provider/AbstractMinimalProviderBeanInfo> (0x00000000839bf328) 
thrown [t:/workspace/open/src/hotspot/share/classfile/systemDictionary.cpp, line 232]
Event: 4.445 Thread 0x00000184f30f4800 Exception <a 'java/lang/ClassNotFoundException'{0x00000000839ebdc8}: org/gradle/api/internal/provider/AbstractMinimalProviderCustomizer> (0x00000000839ebdc8) 
thrown [t:/workspace/open/src/hotspot/share/classfile/systemDictionary.cpp, line 232]
Event: 4.447 Thread 0x00000184f30f4800 Exception <a 'java/lang/ClassNotFoundException'{0x0000000083830568}: org/gradle/api/internal/provider/AbstractPropertyCustomizer> (0x0000000083830568) 
thrown [t:/workspace/open/src/hotspot/share/classfile/systemDictionary.cpp, line 232]
Event: 4.448 Thread 0x00000184f30f4800 Exception <a 'java/lang/ClassNotFoundException'{0x0000000083866368}: org/gradle/api/internal/provider/DefaultPropertyCustomizer> (0x0000000083866368) 
thrown [t:/workspace/open/src/hotspot/share/classfile/systemDictionary.cpp, line 232]

Events (20 events):
Event: 4.466 loading class groovyjarjarasm/asm/MethodTooLargeException
Event: 4.466 loading class groovyjarjarasm/asm/MethodTooLargeException done
Event: 4.467 loading class groovyjarjarasm/asm/Frame
Event: 4.467 loading class groovyjarjarasm/asm/Frame done
Event: 4.467 loading class groovyjarjarasm/asm/CurrentFrame
Event: 4.467 loading class groovyjarjarasm/asm/CurrentFrame done
Event: 4.468 loading class groovyjarjarasm/asm/Label
Event: 4.468 loading class groovyjarjarasm/asm/Label done
Event: 4.470 loading class groovyjarjarasm/asm/Edge
Event: 4.470 loading class groovyjarjarasm/asm/Edge done
Event: 4.470 loading class org/codehaus/groovy/classgen/asm/BytecodeHelper
Event: 4.470 loading class org/codehaus/groovy/classgen/asm/BytecodeHelper done
Event: 4.471 loading class org/codehaus/groovy/runtime/typehandling/DefaultTypeTransformation
Event: 4.471 loading class org/codehaus/groovy/runtime/typehandling/DefaultTypeTransformation done
Event: 4.472 loading class groovyjarjarasm/asm/Handler
Event: 4.472 loading class groovyjarjarasm/asm/Handler done
Event: 4.473 loading class groovyjarjarasm/asm/Attribute
Event: 4.473 loading class groovyjarjarasm/asm/Attribute done
Event: 4.474 loading class org/codehaus/groovy/reflection/ClassLoaderForClassArtifacts
Event: 4.474 loading class org/codehaus/groovy/reflection/ClassLoaderForClassArtifacts done


Dynamic libraries:
0x00007ff6b9560000 - 0x00007ff6b956f000 	C:\Program Files\Java\jdk-13.0.2\bin\java.exe
0x00007ff86dcb0000 - 0x00007ff86dea5000 	C:\WINDOWS\SYSTEM32\ntdll.dll
0x00007ff86cc40000 - 0x00007ff86ccfe000 	C:\WINDOWS\System32\KERNEL32.DLL
0x00007ff86b470000 - 0x00007ff86b738000 	C:\WINDOWS\System32\KERNELBASE.dll
0x00007ff86b7a0000 - 0x00007ff86b8a0000 	C:\WINDOWS\System32\ucrtbase.dll
0x00007ff863a80000 - 0x00007ff863a95000 	C:\Program Files\Java\jdk-13.0.2\bin\VCRUNTIME140.dll
0x00007ff8668d0000 - 0x00007ff8668e8000 	C:\Program Files\Java\jdk-13.0.2\bin\jli.dll
0x00007ff86c6e0000 - 0x00007ff86c78c000 	C:\WINDOWS\System32\ADVAPI32.dll
0x00007ff86d7c0000 - 0x00007ff86d85e000 	C:\WINDOWS\System32\msvcrt.dll
0x00007ff86d710000 - 0x00007ff86d7ab000 	C:\WINDOWS\System32\sechost.dll
0x00007ff86bdd0000 - 0x00007ff86befa000 	C:\WINDOWS\System32\RPCRT4.dll
0x00007ff86a770000 - 0x00007ff86aa0a000 	C:\WINDOWS\WinSxS\amd64_microsoft.windows.common-controls_6595b64144ccf1df_6.0.19041.1110_none_60b5254171f9507e\COMCTL32.dll
0x00007ff86c790000 - 0x00007ff86c931000 	C:\WINDOWS\System32\USER32.dll
0x00007ff86b740000 - 0x00007ff86b762000 	C:\WINDOWS\System32\win32u.dll
0x00007ff86d4c0000 - 0x00007ff86d4eb000 	C:\WINDOWS\System32\GDI32.dll
0x00007ff86baf0000 - 0x00007ff86bbfb000 	C:\WINDOWS\System32\gdi32full.dll
0x00007ff85f2e0000 - 0x00007ff85f2ea000 	C:\WINDOWS\SYSTEM32\VERSION.dll
0x00007ff86b3d0000 - 0x00007ff86b46d000 	C:\WINDOWS\System32\msvcp_win.dll
0x00007ff86d680000 - 0x00007ff86d6b0000 	C:\WINDOWS\System32\IMM32.DLL
0x00007ff84c950000 - 0x00007ff84c9eb000 	C:\Program Files\Java\jdk-13.0.2\bin\msvcp140.dll
0x00007ff810f50000 - 0x00007ff811aad000 	C:\Program Files\Java\jdk-13.0.2\bin\server\jvm.dll
0x00007ff86c6d0000 - 0x00007ff86c6d8000 	C:\WINDOWS\System32\PSAPI.DLL
0x00007ff85f2b0000 - 0x00007ff85f2d7000 	C:\WINDOWS\SYSTEM32\WINMM.dll
0x00007ff863b20000 - 0x00007ff863b29000 	C:\WINDOWS\SYSTEM32\WSOCK32.dll
0x00007ff86d610000 - 0x00007ff86d67b000 	C:\WINDOWS\System32\WS2_32.dll
0x00007ff868ba0000 - 0x00007ff868bb2000 	C:\WINDOWS\SYSTEM32\kernel.appcore.dll
0x00007ff8668c0000 - 0x00007ff8668d0000 	C:\Program Files\Java\jdk-13.0.2\bin\verify.dll
0x00007ff86abd0000 - 0x00007ff86adb4000 	C:\WINDOWS\SYSTEM32\DBGHELP.DLL
0x00007ff86ab00000 - 0x00007ff86ab2c000 	C:\WINDOWS\SYSTEM32\dbgcore.DLL
0x00007ff86b8a0000 - 0x00007ff86b923000 	C:\WINDOWS\System32\bcryptPrimitives.dll
0x00007ff859be0000 - 0x00007ff859c06000 	C:\Program Files\Java\jdk-13.0.2\bin\java.dll
0x00007ff859c20000 - 0x00007ff859c37000 	C:\Program Files\Java\jdk-13.0.2\bin\zip.dll
0x00007ff866820000 - 0x00007ff86682a000 	C:\Program Files\Java\jdk-13.0.2\bin\jimage.dll
0x00007ff86cd80000 - 0x00007ff86d4bf000 	C:\WINDOWS\System32\SHELL32.dll
0x00007ff868e80000 - 0x00007ff869610000 	C:\WINDOWS\SYSTEM32\windows.storage.dll
0x00007ff86d910000 - 0x00007ff86dc65000 	C:\WINDOWS\System32\combase.dll
0x00007ff86a6d0000 - 0x00007ff86a6fe000 	C:\WINDOWS\SYSTEM32\Wldp.dll
0x00007ff86d860000 - 0x00007ff86d90d000 	C:\WINDOWS\System32\SHCORE.dll
0x00007ff86d6b0000 - 0x00007ff86d705000 	C:\WINDOWS\System32\shlwapi.dll
0x00007ff86b310000 - 0x00007ff86b32f000 	C:\WINDOWS\SYSTEM32\profapi.dll
0x00007ff859bc0000 - 0x00007ff859bd9000 	C:\Program Files\Java\jdk-13.0.2\bin\net.dll
0x00007ff865c20000 - 0x00007ff865d2c000 	C:\WINDOWS\SYSTEM32\WINHTTP.dll
0x00007ff86a430000 - 0x00007ff86a49a000 	C:\WINDOWS\system32\mswsock.dll
0x00007ff859ba0000 - 0x00007ff859bb3000 	C:\Program Files\Java\jdk-13.0.2\bin\nio.dll
0x00007ff8655e0000 - 0x00007ff865607000 	C:\Users\jeffe\.gradle\native\e1d6ef7f7dcc3fd88c89a11ec53ec762bb8ba0a96d01ffa2cd45eb1d1d8dd5c5\windows-amd64\native-platform.dll
0x00007ff84c580000 - 0x00007ff84c6c4000 	C:\Users\jeffe\.gradle\native\5664cfc778a61ccfe75a443a1ab52a65af34e5dc3c78e0209fed803814484fcb\windows-amd64\native-platform-file-events.dll
0x00007ff865d80000 - 0x00007ff865d89000 	C:\Program Files\Java\jdk-13.0.2\bin\management.dll
0x00007ff8655d0000 - 0x00007ff8655db000 	C:\Program Files\Java\jdk-13.0.2\bin\management_ext.dll
0x00007ff86b080000 - 0x00007ff86b098000 	C:\WINDOWS\SYSTEM32\CRYPTSP.dll
0x00007ff869dd0000 - 0x00007ff869e04000 	C:\WINDOWS\system32\rsaenh.dll
0x00007ff86b770000 - 0x00007ff86b797000 	C:\WINDOWS\System32\bcrypt.dll
0x00007ff86b290000 - 0x00007ff86b2be000 	C:\WINDOWS\SYSTEM32\USERENV.dll
0x00007ff86a620000 - 0x00007ff86a62c000 	C:\WINDOWS\SYSTEM32\CRYPTBASE.dll
0x00007ff86a120000 - 0x00007ff86a15b000 	C:\WINDOWS\SYSTEM32\IPHLPAPI.DLL
0x00007ff86d7b0000 - 0x00007ff86d7b8000 	C:\WINDOWS\System32\NSI.dll
0x00007ff8645b0000 - 0x00007ff8645c7000 	C:\WINDOWS\SYSTEM32\dhcpcsvc6.DLL
0x00007ff864550000 - 0x00007ff86456d000 	C:\WINDOWS\SYSTEM32\dhcpcsvc.DLL
0x00007ff86a160000 - 0x00007ff86a22b000 	C:\WINDOWS\SYSTEM32\DNSAPI.dll

dbghelp: loaded successfully - version: 4.0.5 - missing functions: none
symbol engine: initialized successfully - sym options: 0x614 - pdb path: .;C:\Program Files\Java\jdk-13.0.2\bin;C:\WINDOWS\SYSTEM32;C:\WINDOWS\WinSxS\amd64_microsoft.windows.common-controls_6595b64144ccf1df_6.0.19041.1110_none_60b5254171f9507e;C:\Program Files\Java\jdk-13.0.2\bin\server;C:\Users\jeffe\.gradle\native\e1d6ef7f7dcc3fd88c89a11ec53ec762bb8ba0a96d01ffa2cd45eb1d1d8dd5c5\windows-amd64;C:\Users\jeffe\.gradle\native\5664cfc778a61ccfe75a443a1ab52a65af34e5dc3c78e0209fed803814484fcb\windows-amd64

VM Arguments:
jvm_args: --add-opens=java.base/java.util=ALL-UNNAMED --add-opens=java.base/java.lang=ALL-UNNAMED --add-opens=java.base/java.lang.invoke=ALL-UNNAMED --add-opens=java.base/java.util=ALL-UNNAMED --add-opens=java.prefs/java.util.prefs=ALL-UNNAMED --add-opens=java.prefs/java.util.prefs=ALL-UNNAMED --add-opens=java.base/java.nio.charset=ALL-UNNAMED --add-opens=java.base/java.net=ALL-UNNAMED --add-opens=java.base/java.util.concurrent.atomic=ALL-UNNAMED -Xmx2048m -Dfile.encoding=UTF-8 -Duser.country=PH -Duser.language=en -Duser.variant 
java_command: org.gradle.launcher.daemon.bootstrap.GradleDaemon 7.3.2
java_class_path (initial): C:\Users\jeffe\.gradle\wrapper\dists\gradle-7.3.2-bin\4k4cn06q0rruwh9dpndf9gmi8\gradle-7.3.2\lib\gradle-launcher-7.3.2.jar
Launcher Type: SUN_STANDARD

[Global flags]
     intx CICompilerCount                          = 4                                         {product} {ergonomic}
     uint ConcGCThreads                            = 2                                         {product} {ergonomic}
     uint G1ConcRefinementThreads                  = 8                                         {product} {ergonomic}
   size_t G1HeapRegionSize                         = 1048576                                   {product} {ergonomic}
    uintx GCDrainStackTargetSize                   = 64                                        {product} {ergonomic}
   size_t InitialHeapSize                          = 234881024                                 {product} {ergonomic}
   size_t MarkStackSize                            = 4194304                                   {product} {ergonomic}
   size_t MaxHeapSize                              = 2147483648                                {product} {command line}
   size_t MaxNewSize                               = 1287651328                                {product} {ergonomic}
   size_t MinHeapDeltaBytes                        = 1048576                                   {product} {ergonomic}
   size_t MinHeapSize                              = 8388608                                   {product} {ergonomic}
    uintx NonNMethodCodeHeapSize                   = 5839372                                {pd product} {ergonomic}
    uintx NonProfiledCodeHeapSize                  = 122909434                              {pd product} {ergonomic}
    uintx ProfiledCodeHeapSize                     = 122909434                              {pd product} {ergonomic}
    uintx ReservedCodeCacheSize                    = 251658240                              {pd product} {ergonomic}
     bool SegmentedCodeCache                       = true                                      {product} {ergonomic}
   size_t SoftMaxHeapSize                          = 2147483648                             {manageable} {ergonomic}
     bool UseCompressedClassPointers               = true                                 {lp64_product} {ergonomic}
     bool UseCompressedOops                        = true                                 {lp64_product} {ergonomic}
     bool UseG1GC                                  = true                                      {product} {ergonomic}
     bool UseLargePagesIndividualAllocation        = false                                  {pd product} {ergonomic}

Logging:
Log output configuration:
 #0: stdout all=warning uptime,level,tags
 #1: stderr all=off uptime,level,tags

Environment Variables:
JAVA_HOME=C:\Program Files\Java\jdk-13.0.2
PATH=C:\Program Files (x86)\Razer Chroma SDK\bin;C:\Program Files\Razer Chroma SDK\bin;C:\Program Files (x86)\Razer\ChromaBroadcast\bin;C:\Program Files\Razer\ChromaBroadcast\bin;C:\WINDOWS\system32;C:\WINDOWS;C:\WINDOWS\System32\Wbem;C:\WINDOWS\System32\WindowsPowerShell\v1.0\;C:\WINDOWS\System32\OpenSSH\;C:\Program Files\Java\jdk-13.0.2\bin;C:\Program Files\MySQL\MySQL Server 5.5\bin;C:\WINDOWS\system32\config\systemprofile\AppData\Local\Microsoft\WindowsApps;C:\Users\jeffe\AppData\Local\Microsoft\WindowsApps;C:\xampp\php;C:\ProgramData\ComposerSetup\bin;C:\Program Files\Git\cmd;C:\Program Files\MySQL\MySQL Shell 8.0\bin\;C:\Users\jeffe\AppData\Local\Microsoft\WindowsApps;C:\Users\jeffe\AppData\Roaming\Composer\vendor\bin
USERNAME=jeffe
OS=Windows_NT
PROCESSOR_IDENTIFIER=AMD64 Family 23 Model 24 Stepping 1, AuthenticAMD



---------------  S Y S T E M  ---------------

OS: Windows 10 , 64 bit Build 19041 (10.0.19041.1348)

CPU:total 8 (initial active 8) (8 cores per cpu, 2 threads per core) family 23 model 24 stepping 1, cmov, cx8, fxsr, mmx, sse, sse2, sse3, ssse3, sse4.1, sse4.2, popcnt, avx, avx2, aes, clmul, mmxext, 3dnowpref, lzcnt, sse4a, ht, tsc, tscinvbit, tscinv, bmi1, bmi2, adx, sha, fma

Memory: 4k page, system-wide physical 14274M (7715M free)
TotalPageFile size 16450M (AvailPageFile size 6840M)
current process WorkingSet (physical memory assigned to process): 243M, peak: 303M
current process commit charge ("private bytes"): 286M, peak: 423M

vm_info: Java HotSpot(TM) 64-Bit Server VM (13.0.2+8) for windows-amd64 JRE (13.0.2+8), built on Dec 11 2019 09:20:33 by "mach5one" with unknown MS VC++:1916

END.
