#
# There is insufficient memory for the Java Runtime Environment to continue.
# Native memory allocation (malloc) failed to allocate 18446744073709547536 bytes for Arena::Amalloc
# Possible reasons:
#   The system is out of physical RAM or swap space
#   The process is running with CompressedOops enabled, and the Java Heap may be blocking the growth of the native heap
# Possible solutions:
#   Reduce memory load on the system
#   Increase physical memory or swap space
#   Check if swap backing store is full
#   Decrease Java heap size (-Xmx/-Xms)
#   Decrease number of Java threads
#   Decrease Java thread stack sizes (-Xss)
#   Set larger code cache with -XX:ReservedCodeCacheSize=
#   JVM is running with Unscaled Compressed Oops mode in which the Java heap is
#     placed in the first 4GB address space. The Java Heap base address is the
#     maximum limit for the native heap growth. Please use -XX:HeapBaseMinAddress
#     to set the Java Heap base and to place the Java Heap above 4GB virtual address.
# This output file may be truncated or incomplete.
#
#  Out of Memory Error (t:/workspace/open/src/hotspot/share/memory/arena.cpp:346), pid=7684, tid=7668
#
# JRE version: Java(TM) SE Runtime Environment (13.0.2+8) (build 13.0.2+8)
# Java VM: Java HotSpot(TM) 64-Bit Server VM (13.0.2+8, mixed mode, sharing, tiered, compressed oops, g1 gc, windows-amd64)
# No core dump will be written. Minidumps are not enabled by default on client versions of Windows
#

---------------  S U M M A R Y ------------

Command Line: --add-opens=java.base/java.util=ALL-UNNAMED --add-opens=java.base/java.lang=ALL-UNNAMED --add-opens=java.base/java.lang.invoke=ALL-UNNAMED --add-opens=java.base/java.util=ALL-UNNAMED --add-opens=java.prefs/java.util.prefs=ALL-UNNAMED --add-opens=java.prefs/java.util.prefs=ALL-UNNAMED --add-opens=java.base/java.nio.charset=ALL-UNNAMED --add-opens=java.base/java.net=ALL-UNNAMED --add-opens=java.base/java.util.concurrent.atomic=ALL-UNNAMED -Xmx2048m -Dfile.encoding=UTF-8 -Duser.country=PH -Duser.language=en -Duser.variant org.gradle.launcher.daemon.bootstrap.GradleDaemon 7.3.2

Host: AMD Ryzen 5 3550H with Radeon Vega Mobile Gfx  , 8 cores, 13G,  Windows 10 , 64 bit Build 19041 (10.0.19041.1348)
Time: Thu Dec 16 21:39:35 2021 Malay Peninsula Standard Time elapsed time: 12 seconds (0d 0h 0m 12s)

---------------  T H R E A D  ---------------

Current thread (0x000002b37ad4b000):  JavaThread "C2 CompilerThread1" daemon [_thread_in_native, id=7668, stack(0x000000d803900000,0x000000d803a00000)]


Current CompileTask:
C2:  12570 10316       4       org.gradle.api.internal.artifacts.ivyservice.resolveengine.artifact.ParallelResolveArtifactSet$VisitingSet$StartVisitAction::visitArtifacts (31 bytes)

Stack: [0x000000d803900000,0x000000d803a00000]
Native frames: (J=compiled Java code, j=interpreted, Vv=VM code, C=native code)
V  [jvm.dll+0x624f9a]
V  [jvm.dll+0x770cfa]
V  [jvm.dll+0x7724af]
V  [jvm.dll+0x772ab3]
V  [jvm.dll+0x24bf08]
V  [jvm.dll+0xc268f]
V  [jvm.dll+0xb8df4]
V  [jvm.dll+0x62a2ef]
V  [jvm.dll+0x62b86e]
V  [jvm.dll+0x62a0cd]
V  [jvm.dll+0x205f86]
V  [jvm.dll+0x204e3f]
V  [jvm.dll+0x189c2c]
V  [jvm.dll+0x213e6d]
V  [jvm.dll+0x2120bb]
V  [jvm.dll+0x736bb6]
V  [jvm.dll+0x72fcaa]
V  [jvm.dll+0x623ea6]
C  [ucrtbase.dll+0x21bb2]
C  [KERNEL32.DLL+0x17034]
C  [ntdll.dll+0x52651]


---------------  P R O C E S S  ---------------

Threads class SMR info:
_java_thread_list=0x000002b301e19890, length=142, elements={
0x000002b35838f000, 0x000002b377b51800, 0x000002b377b55000, 0x000002b37836a000,
0x000002b37836b000, 0x000002b37836d800, 0x000002b378372800, 0x000002b37837e800,
0x000002b3784b6800, 0x000002b3784ba000, 0x000002b37940a000, 0x000002b378716000,
0x000002b37a509800, 0x000002b37a214800, 0x000002b37a46a800, 0x000002b37a112800,
0x000002b37a2cb800, 0x000002b379a78800, 0x000002b37a183800, 0x000002b37947e800,
0x000002b37a5ca800, 0x000002b37a5ce000, 0x000002b37a5cd000, 0x000002b37ad4b000,
0x000002b37a5d1000, 0x000002b37d244000, 0x000002b37a5ce800, 0x000002b37a5cf800,
0x000002b37a5cb800, 0x000002b37a5d0800, 0x000002b37a5cc000, 0x000002b37ac6c000,
0x000002b37ac6f000, 0x000002b37ac6d800, 0x000002b37ac69800, 0x000002b37ac71000,
0x000002b37ac70000, 0x000002b37ac6b000, 0x000002b37ac73800, 0x000002b37ac72800,
0x000002b37ac76800, 0x000002b37ac74000, 0x000002b37ac75000, 0x000002b37ac76000,
0x000002b37ac71800, 0x000002b37ac77800, 0x000002b37ac78000, 0x000002b37ead8800,
0x000002b37ead7800, 0x000002b37ead9000, 0x000002b37eada000, 0x000002b37ead4800,
0x000002b37ead6800, 0x000002b37eadb000, 0x000002b37ead5000, 0x000002b37eadb800,
0x000002b37ead6000, 0x000002b37eadc800, 0x000002b37eadd800, 0x000002b37eae3000,
0x000002b37eae0800, 0x000002b37eae1800, 0x000002b37eae2000, 0x000002b37eade000,
0x000002b37eadf000, 0x000002b37eadf800, 0x000002b301f82000, 0x000002b301f83000,
0x000002b301f83800, 0x000002b301f7f800, 0x000002b301f80800, 0x000002b301f84800,
0x000002b301f85800, 0x000002b301f86000, 0x000002b301f87000, 0x000002b301f81800,
0x000002b301f8c800, 0x000002b301f88800, 0x000002b301f8d800, 0x000002b301f89800,
0x000002b301f8c000, 0x000002b301f88000, 0x000002b301f8a800, 0x000002b301f8e800,
0x000002b301f8b000, 0x000002b37d713000, 0x000002b37d712800, 0x000002b37d714000,
0x000002b37d711800, 0x000002b37d714800, 0x000002b37d715800, 0x000002b37d716800,
0x000002b37d710800, 0x000002b37d719000, 0x000002b37d717000, 0x000002b37d71b800,
0x000002b37d719800, 0x000002b37d718000, 0x000002b37d71a800, 0x000002b37d71c000,
0x000002b37d71e800, 0x000002b37d71f800, 0x000002b37d71d000, 0x000002b37d71d800,
0x000002b37e08a800, 0x000002b37e088800, 0x000002b37e08b000, 0x000002b37e089800,
0x000002b37e085800, 0x000002b37e08c000, 0x000002b37e086800, 0x000002b37e08d000,
0x000002b37e087000, 0x000002b37e08d800, 0x000002b37e088000, 0x000002b37e094000,
0x000002b37e08e800, 0x000002b37e08f800, 0x000002b37e091000, 0x000002b37e090000,
0x000002b37e091800, 0x000002b37e093800, 0x000002b37e092800, 0x000002b37ef53800,
0x000002b37ef55000, 0x000002b37ef54800, 0x000002b37ef51000, 0x000002b37ef52800,
0x000002b37ef57800, 0x000002b37ef52000, 0x000002b37ef5b000, 0x000002b37ef59000,
0x000002b37ef5a000, 0x000002b37ef5e000, 0x000002b37ef5b800, 0x000002b37ef5c800,
0x000002b37ef5d800, 0x000002b37ef58800, 0x000002b37ef5f000, 0x000002b37ef5f800,
0x000002b301048000, 0x000002b301049000
}

Java Threads: ( => current thread )
  0x000002b35838f000 JavaThread "main" [_thread_blocked, id=6412, stack(0x000000d801400000,0x000000d801500000)]
  0x000002b377b51800 JavaThread "Reference Handler" daemon [_thread_blocked, id=3096, stack(0x000000d801b00000,0x000000d801c00000)]
  0x000002b377b55000 JavaThread "Finalizer" daemon [_thread_blocked, id=11720, stack(0x000000d801c00000,0x000000d801d00000)]
  0x000002b37836a000 JavaThread "Signal Dispatcher" daemon [_thread_blocked, id=12648, stack(0x000000d801d00000,0x000000d801e00000)]
  0x000002b37836b000 JavaThread "Attach Listener" daemon [_thread_blocked, id=6600, stack(0x000000d801e00000,0x000000d801f00000)]
  0x000002b37836d800 JavaThread "C2 CompilerThread0" daemon [_thread_in_native, id=1952, stack(0x000000d801f00000,0x000000d802000000)]
  0x000002b378372800 JavaThread "C1 CompilerThread0" daemon [_thread_blocked, id=6336, stack(0x000000d802000000,0x000000d802100000)]
  0x000002b37837e800 JavaThread "Sweeper thread" daemon [_thread_blocked, id=13296, stack(0x000000d802100000,0x000000d802200000)]
  0x000002b3784b6800 JavaThread "Common-Cleaner" daemon [_thread_blocked, id=13200, stack(0x000000d802200000,0x000000d802300000)]
  0x000002b3784ba000 JavaThread "Service Thread" daemon [_thread_blocked, id=3168, stack(0x000000d802300000,0x000000d802400000)]
  0x000002b37940a000 JavaThread "Daemon health stats" [_thread_blocked, id=204, stack(0x000000d802b00000,0x000000d802c00000)]
  0x000002b378716000 JavaThread "Incoming local TCP Connector on port 51882" [_thread_in_native, id=6096, stack(0x000000d802500000,0x000000d802600000)]
  0x000002b37a509800 JavaThread "Daemon periodic checks" [_thread_blocked, id=456, stack(0x000000d802600000,0x000000d802700000)]
  0x000002b37a214800 JavaThread "Daemon" [_thread_blocked, id=7440, stack(0x000000d802c00000,0x000000d802d00000)]
  0x000002b37a46a800 JavaThread "Handler for socket connection from /127.0.0.1:51882 to /127.0.0.1:51883" [_thread_in_native, id=12848, stack(0x000000d802d00000,0x000000d802e00000)]
  0x000002b37a112800 JavaThread "Cancel handler" [_thread_blocked, id=10864, stack(0x000000d802e00000,0x000000d802f00000)]
  0x000002b37a2cb800 JavaThread "Daemon worker" [_thread_blocked, id=9360, stack(0x000000d802f00000,0x000000d803000000)]
  0x000002b379a78800 JavaThread "Asynchronous log dispatcher for DefaultDaemonConnection: socket connection from /127.0.0.1:51882 to /127.0.0.1:51883" [_thread_blocked, id=1560, stack(0x000000d803000000,0x000000d803100000)]
  0x000002b37a183800 JavaThread "Stdin handler" [_thread_blocked, id=8464, stack(0x000000d803100000,0x000000d803200000)]
  0x000002b37947e800 JavaThread "Daemon client event forwarder" [_thread_blocked, id=12144, stack(0x000000d803200000,0x000000d803300000)]
  0x000002b37a5ca800 JavaThread "Cache worker for journal cache (C:\Users\jeffe\.gradle\caches\journal-1)" [_thread_blocked, id=6640, stack(0x000000d803300000,0x000000d803400000)]
  0x000002b37a5ce000 JavaThread "File lock request listener" [_thread_in_native, id=2252, stack(0x000000d803400000,0x000000d803500000)]
  0x000002b37a5cd000 JavaThread "Cache worker for file hash cache (C:\Users\jeffe\.gradle\caches\7.3.2\fileHashes)" [_thread_blocked, id=11624, stack(0x000000d803500000,0x000000d803600000)]
=>0x000002b37ad4b000 JavaThread "C2 CompilerThread1" daemon [_thread_in_native, id=7668, stack(0x000000d803900000,0x000000d803a00000)]
  0x000002b37a5d1000 JavaThread "Cache worker for file hash cache (C:\Users\jeffe\AndroidStudioProjects\FirstAidKit3\.gradle\7.3.2\fileHashes)" [_thread_blocked, id=3516, stack(0x000000d803a00000,0x000000d803b00000)]
  0x000002b37d244000 JavaThread "C2 CompilerThread2" daemon [_thread_in_native, id=12472, stack(0x000000d803b00000,0x000000d803c00000)]
  0x000002b37a5ce800 JavaThread "File watcher server" daemon [_thread_in_native, id=7344, stack(0x000000d803c00000,0x000000d803d00000)]
  0x000002b37a5cf800 JavaThread "File watcher consumer" daemon [_thread_blocked, id=6288, stack(0x000000d803d00000,0x000000d803e00000)]
  0x000002b37a5cb800 JavaThread "Cache worker for checksums cache (C:\Users\jeffe\AndroidStudioProjects\FirstAidKit3\.gradle\7.3.2\checksums)" [_thread_blocked, id=4636, stack(0x000000d803e00000,0x000000d803f00000)]
  0x000002b37a5d0800 JavaThread "Cache worker for cache directory md-supplier (C:\Users\jeffe\.gradle\caches\7.3.2\md-supplier)" [_thread_blocked, id=11376, stack(0x000000d803f00000,0x000000d804000000)]
  0x000002b37a5cc000 JavaThread "Cache worker for cache directory md-rule (C:\Users\jeffe\.gradle\caches\7.3.2\md-rule)" [_thread_blocked, id=10228, stack(0x000000d804100000,0x000000d804200000)]
  0x000002b37ac6c000 JavaThread "Cache worker for execution history cache (C:\Users\jeffe\.gradle\caches\7.3.2\executionHistory)" [_thread_blocked, id=11556, stack(0x000000d804200000,0x000000d804300000)]
  0x000002b37ac6f000 JavaThread "jar transforms" [_thread_blocked, id=12052, stack(0x000000d804300000,0x000000d804400000)]
  0x000002b37ac6d800 JavaThread "jar transforms Thread 2" [_thread_blocked, id=7104, stack(0x000000d804400000,0x000000d804500000)]
  0x000002b37ac69800 JavaThread "Cache worker for file content cache (C:\Users\jeffe\.gradle\caches\7.3.2\fileContent)" [_thread_blocked, id=11612, stack(0x000000d804500000,0x000000d804600000)]
  0x000002b37ac71000 JavaThread "Cache worker for dependencies-accessors (C:\Users\jeffe\AndroidStudioProjects\FirstAidKit3\.gradle\7.3.2\dependencies-accessors)" [_thread_blocked, id=8276, stack(0x000000d804600000,0x000000d804700000)]
  0x000002b37ac70000 JavaThread "jar transforms Thread 3" [_thread_blocked, id=3648, stack(0x000000d804700000,0x000000d804800000)]
  0x000002b37ac6b000 JavaThread "Cache worker for Build Output Cleanup Cache (C:\Users\jeffe\AndroidStudioProjects\FirstAidKit3\.gradle\buildOutputCleanup)" [_thread_blocked, id=13236, stack(0x000000d804800000,0x000000d804900000)]
  0x000002b37ac73800 JavaThread "Unconstrained build operations" [_thread_blocked, id=12444, stack(0x000000d804900000,0x000000d804a00000)]
  0x000002b37ac72800 JavaThread "Unconstrained build operations Thread 2" [_thread_blocked, id=12432, stack(0x000000d804a00000,0x000000d804b00000)]
  0x000002b37ac76800 JavaThread "Unconstrained build operations Thread 3" [_thread_blocked, id=3284, stack(0x000000d804b00000,0x000000d804c00000)]
  0x000002b37ac74000 JavaThread "Unconstrained build operations Thread 4" [_thread_blocked, id=1908, stack(0x000000d804c00000,0x000000d804d00000)]
  0x000002b37ac75000 JavaThread "Unconstrained build operations Thread 5" [_thread_blocked, id=13256, stack(0x000000d804d00000,0x000000d804e00000)]
  0x000002b37ac76000 JavaThread "Unconstrained build operations Thread 6" [_thread_blocked, id=3468, stack(0x000000d804e00000,0x000000d804f00000)]
  0x000002b37ac71800 JavaThread "Unconstrained build operations Thread 7" [_thread_blocked, id=13004, stack(0x000000d804f00000,0x000000d805000000)]
  0x000002b37ac77800 JavaThread "Unconstrained build operations Thread 8" [_thread_blocked, id=5544, stack(0x000000d805000000,0x000000d805100000)]
  0x000002b37ac78000 JavaThread "Unconstrained build operations Thread 9" [_thread_blocked, id=11988, stack(0x000000d805100000,0x000000d805200000)]
  0x000002b37ead8800 JavaThread "Unconstrained build operations Thread 10" [_thread_blocked, id=11908, stack(0x000000d805200000,0x000000d805300000)]
  0x000002b37ead7800 JavaThread "Unconstrained build operations Thread 11" [_thread_blocked, id=12084, stack(0x000000d805300000,0x000000d805400000)]
  0x000002b37ead9000 JavaThread "Unconstrained build operations Thread 12" [_thread_blocked, id=7700, stack(0x000000d805400000,0x000000d805500000)]
  0x000002b37eada000 JavaThread "Unconstrained build operations Thread 13" [_thread_blocked, id=13288, stack(0x000000d805500000,0x000000d805600000)]
  0x000002b37ead4800 JavaThread "Unconstrained build operations Thread 14" [_thread_blocked, id=11016, stack(0x000000d805600000,0x000000d805700000)]
  0x000002b37ead6800 JavaThread "Unconstrained build operations Thread 15" [_thread_blocked, id=3144, stack(0x000000d805700000,0x000000d805800000)]
  0x000002b37eadb000 JavaThread "Unconstrained build operations Thread 16" [_thread_blocked, id=3060, stack(0x000000d805800000,0x000000d805900000)]
  0x000002b37ead5000 JavaThread "Unconstrained build operations Thread 17" [_thread_blocked, id=8864, stack(0x000000d805900000,0x000000d805a00000)]
  0x000002b37eadb800 JavaThread "Unconstrained build operations Thread 18" [_thread_blocked, id=11080, stack(0x000000d805a00000,0x000000d805b00000)]
  0x000002b37ead6000 JavaThread "Unconstrained build operations Thread 19" [_thread_blocked, id=11892, stack(0x000000d805b00000,0x000000d805c00000)]
  0x000002b37eadc800 JavaThread "Unconstrained build operations Thread 20" [_thread_blocked, id=1724, stack(0x000000d805c00000,0x000000d805d00000)]
  0x000002b37eadd800 JavaThread "Unconstrained build operations Thread 21" [_thread_blocked, id=9204, stack(0x000000d805d00000,0x000000d805e00000)]
  0x000002b37eae3000 JavaThread "Unconstrained build operations Thread 22" [_thread_blocked, id=12748, stack(0x000000d805e00000,0x000000d805f00000)]
  0x000002b37eae0800 JavaThread "Unconstrained build operations Thread 23" [_thread_blocked, id=4744, stack(0x000000d805f00000,0x000000d806000000)]
  0x000002b37eae1800 JavaThread "Unconstrained build operations Thread 24" [_thread_blocked, id=12468, stack(0x000000d806000000,0x000000d806100000)]
  0x000002b37eae2000 JavaThread "Unconstrained build operations Thread 25" [_thread_blocked, id=12292, stack(0x000000d806100000,0x000000d806200000)]
  0x000002b37eade000 JavaThread "Unconstrained build operations Thread 26" [_thread_blocked, id=5192, stack(0x000000d806200000,0x000000d806300000)]
  0x000002b37eadf000 JavaThread "Unconstrained build operations Thread 27" [_thread_blocked, id=12068, stack(0x000000d806300000,0x000000d806400000)]
  0x000002b37eadf800 JavaThread "Unconstrained build operations Thread 28" [_thread_blocked, id=12360, stack(0x000000d806400000,0x000000d806500000)]
  0x000002b301f82000 JavaThread "Unconstrained build operations Thread 29" [_thread_blocked, id=13012, stack(0x000000d806500000,0x000000d806600000)]
  0x000002b301f83000 JavaThread "Unconstrained build operations Thread 30" [_thread_blocked, id=2704, stack(0x000000d806600000,0x000000d806700000)]
  0x000002b301f83800 JavaThread "Unconstrained build operations Thread 31" [_thread_blocked, id=13016, stack(0x000000d806700000,0x000000d806800000)]
  0x000002b301f7f800 JavaThread "Unconstrained build operations Thread 32" [_thread_blocked, id=8156, stack(0x000000d806800000,0x000000d806900000)]
  0x000002b301f80800 JavaThread "Unconstrained build operations Thread 33" [_thread_blocked, id=11776, stack(0x000000d806900000,0x000000d806a00000)]
  0x000002b301f84800 JavaThread "Unconstrained build operations Thread 34" [_thread_blocked, id=6668, stack(0x000000d806a00000,0x000000d806b00000)]
  0x000002b301f85800 JavaThread "Unconstrained build operations Thread 35" [_thread_blocked, id=8708, stack(0x000000d806b00000,0x000000d806c00000)]
  0x000002b301f86000 JavaThread "Unconstrained build operations Thread 36" [_thread_blocked, id=11476, stack(0x000000d806c00000,0x000000d806d00000)]
  0x000002b301f87000 JavaThread "Unconstrained build operations Thread 37" [_thread_blocked, id=6164, stack(0x000000d806d00000,0x000000d806e00000)]
  0x000002b301f81800 JavaThread "Unconstrained build operations Thread 38" [_thread_blocked, id=11948, stack(0x000000d806e00000,0x000000d806f00000)]
  0x000002b301f8c800 JavaThread "Unconstrained build operations Thread 39" [_thread_blocked, id=8252, stack(0x000000d806f00000,0x000000d807000000)]
  0x000002b301f88800 JavaThread "Unconstrained build operations Thread 40" [_thread_blocked, id=12976, stack(0x000000d807000000,0x000000d807100000)]
  0x000002b301f8d800 JavaThread "Unconstrained build operations Thread 41" [_thread_blocked, id=12040, stack(0x000000d807100000,0x000000d807200000)]
  0x000002b301f89800 JavaThread "Unconstrained build operations Thread 42" [_thread_blocked, id=10252, stack(0x000000d807200000,0x000000d807300000)]
  0x000002b301f8c000 JavaThread "Unconstrained build operations Thread 43" [_thread_blocked, id=12180, stack(0x000000d807300000,0x000000d807400000)]
  0x000002b301f88000 JavaThread "Unconstrained build operations Thread 44" [_thread_blocked, id=9200, stack(0x000000d807400000,0x000000d807500000)]
  0x000002b301f8a800 JavaThread "Unconstrained build operations Thread 45" [_thread_blocked, id=12884, stack(0x000000d807500000,0x000000d807600000)]
  0x000002b301f8e800 JavaThread "Unconstrained build operations Thread 46" [_thread_blocked, id=6672, stack(0x000000d807600000,0x000000d807700000)]
  0x000002b301f8b000 JavaThread "Unconstrained build operations Thread 47" [_thread_blocked, id=12164, stack(0x000000d807700000,0x000000d807800000)]
  0x000002b37d713000 JavaThread "Unconstrained build operations Thread 48" [_thread_blocked, id=9124, stack(0x000000d807800000,0x000000d807900000)]
  0x000002b37d712800 JavaThread "Unconstrained build operations Thread 49" [_thread_blocked, id=1848, stack(0x000000d807900000,0x000000d807a00000)]
  0x000002b37d714000 JavaThread "Unconstrained build operations Thread 50" [_thread_blocked, id=12456, stack(0x000000d807a00000,0x000000d807b00000)]
  0x000002b37d711800 JavaThread "Unconstrained build operations Thread 51" [_thread_blocked, id=9068, stack(0x000000d807b00000,0x000000d807c00000)]
  0x000002b37d714800 JavaThread "Unconstrained build operations Thread 52" [_thread_blocked, id=8664, stack(0x000000d807c00000,0x000000d807d00000)]
  0x000002b37d715800 JavaThread "Unconstrained build operations Thread 53" [_thread_blocked, id=12060, stack(0x000000d807d00000,0x000000d807e00000)]
  0x000002b37d716800 JavaThread "Unconstrained build operations Thread 54" [_thread_blocked, id=9752, stack(0x000000d807e00000,0x000000d807f00000)]
  0x000002b37d710800 JavaThread "Unconstrained build operations Thread 55" [_thread_blocked, id=10004, stack(0x000000d807f00000,0x000000d808000000)]
  0x000002b37d719000 JavaThread "Unconstrained build operations Thread 56" [_thread_blocked, id=11812, stack(0x000000d808000000,0x000000d808100000)]
  0x000002b37d717000 JavaThread "Unconstrained build operations Thread 57" [_thread_blocked, id=9772, stack(0x000000d808100000,0x000000d808200000)]
  0x000002b37d71b800 JavaThread "Unconstrained build operations Thread 58" [_thread_blocked, id=11396, stack(0x000000d808200000,0x000000d808300000)]
  0x000002b37d719800 JavaThread "Unconstrained build operations Thread 59" [_thread_blocked, id=960, stack(0x000000d808300000,0x000000d808400000)]
  0x000002b37d718000 JavaThread "Unconstrained build operations Thread 60" [_thread_blocked, id=2244, stack(0x000000d808400000,0x000000d808500000)]
  0x000002b37d71a800 JavaThread "Unconstrained build operations Thread 61" [_thread_blocked, id=11628, stack(0x000000d808500000,0x000000d808600000)]
  0x000002b37d71c000 JavaThread "Unconstrained build operations Thread 62" [_thread_blocked, id=468, stack(0x000000d808600000,0x000000d808700000)]
  0x000002b37d71e800 JavaThread "Unconstrained build operations Thread 63" [_thread_blocked, id=10884, stack(0x000000d808700000,0x000000d808800000)]
  0x000002b37d71f800 JavaThread "Unconstrained build operations Thread 64" [_thread_blocked, id=12024, stack(0x000000d808800000,0x000000d808900000)]
  0x000002b37d71d000 JavaThread "Unconstrained build operations Thread 65" [_thread_blocked, id=12400, stack(0x000000d808900000,0x000000d808a00000)]
  0x000002b37d71d800 JavaThread "Unconstrained build operations Thread 66" [_thread_blocked, id=6912, stack(0x000000d808a00000,0x000000d808b00000)]
  0x000002b37e08a800 JavaThread "Unconstrained build operations Thread 67" [_thread_blocked, id=12236, stack(0x000000d808b00000,0x000000d808c00000)]
  0x000002b37e088800 JavaThread "Unconstrained build operations Thread 68" [_thread_blocked, id=3132, stack(0x000000d808c00000,0x000000d808d00000)]
  0x000002b37e08b000 JavaThread "Unconstrained build operations Thread 69" [_thread_blocked, id=11048, stack(0x000000d808d00000,0x000000d808e00000)]
  0x000002b37e089800 JavaThread "Unconstrained build operations Thread 70" [_thread_blocked, id=4460, stack(0x000000d808e00000,0x000000d808f00000)]
  0x000002b37e085800 JavaThread "Unconstrained build operations Thread 71" [_thread_blocked, id=8208, stack(0x000000d808f00000,0x000000d809000000)]
  0x000002b37e08c000 JavaThread "Unconstrained build operations Thread 72" [_thread_blocked, id=11440, stack(0x000000d809000000,0x000000d809100000)]
  0x000002b37e086800 JavaThread "Unconstrained build operations Thread 73" [_thread_blocked, id=6020, stack(0x000000d809100000,0x000000d809200000)]
  0x000002b37e08d000 JavaThread "Unconstrained build operations Thread 74" [_thread_blocked, id=11528, stack(0x000000d809200000,0x000000d809300000)]
  0x000002b37e087000 JavaThread "Unconstrained build operations Thread 75" [_thread_blocked, id=13300, stack(0x000000d809300000,0x000000d809400000)]
  0x000002b37e08d800 JavaThread "Unconstrained build operations Thread 76" [_thread_blocked, id=11364, stack(0x000000d809400000,0x000000d809500000)]
  0x000002b37e088000 JavaThread "Unconstrained build operations Thread 77" [_thread_blocked, id=12340, stack(0x000000d809500000,0x000000d809600000)]
  0x000002b37e094000 JavaThread "Unconstrained build operations Thread 78" [_thread_blocked, id=8916, stack(0x000000d809600000,0x000000d809700000)]
  0x000002b37e08e800 JavaThread "Unconstrained build operations Thread 79" [_thread_blocked, id=3188, stack(0x000000d809700000,0x000000d809800000)]
  0x000002b37e08f800 JavaThread "Unconstrained build operations Thread 80" [_thread_blocked, id=13056, stack(0x000000d809800000,0x000000d809900000)]
  0x000002b37e091000 JavaThread "jar transforms Thread 4" [_thread_blocked, id=12972, stack(0x000000d809900000,0x000000d809a00000)]
  0x000002b37e090000 JavaThread "jar transforms Thread 5" [_thread_blocked, id=7388, stack(0x000000d809a00000,0x000000d809b00000)]
  0x000002b37e091800 JavaThread "jar transforms Thread 6" [_thread_blocked, id=12156, stack(0x000000d809b00000,0x000000d809c00000)]
  0x000002b37e093800 JavaThread "jar transforms Thread 7" [_thread_blocked, id=7148, stack(0x000000d809c00000,0x000000d809d00000)]
  0x000002b37e092800 JavaThread "jar transforms Thread 8" [_thread_blocked, id=9592, stack(0x000000d809d00000,0x000000d809e00000)]
  0x000002b37ef53800 JavaThread "Memory manager" [_thread_blocked, id=12276, stack(0x000000d809e00000,0x000000d809f00000)]
  0x000002b37ef55000 JavaThread "build event listener" [_thread_blocked, id=12760, stack(0x000000d809f00000,0x000000d80a000000)]
  0x000002b37ef54800 JavaThread "Execution worker for ':'" [_thread_blocked, id=9412, stack(0x000000d80a000000,0x000000d80a100000)]
  0x000002b37ef51000 JavaThread "Execution worker for ':' Thread 2" [_thread_blocked, id=11412, stack(0x000000d80a100000,0x000000d80a200000)]
  0x000002b37ef52800 JavaThread "Execution worker for ':' Thread 3" [_thread_blocked, id=11860, stack(0x000000d80a200000,0x000000d80a300000)]
  0x000002b37ef57800 JavaThread "Execution worker for ':' Thread 4" [_thread_blocked, id=7656, stack(0x000000d80a300000,0x000000d80a400000)]
  0x000002b37ef52000 JavaThread "Execution worker for ':' Thread 5" [_thread_blocked, id=3244, stack(0x000000d80a400000,0x000000d80a500000)]
  0x000002b37ef5b000 JavaThread "Execution worker for ':' Thread 6" [_thread_blocked, id=11964, stack(0x000000d80a500000,0x000000d80a600000)]
  0x000002b37ef59000 JavaThread "Execution worker for ':' Thread 7" [_thread_blocked, id=10520, stack(0x000000d80a600000,0x000000d80a700000)]
  0x000002b37ef5a000 JavaThread "Cache worker for execution history cache (C:\Users\jeffe\AndroidStudioProjects\FirstAidKit3\.gradle\7.3.2\executionHistory)" [_thread_blocked, id=2084, stack(0x000000d80a700000,0x000000d80a800000)]
  0x000002b37ef5e000 JavaThread "WorkerExecutor Queue" [_thread_in_native, id=5940, stack(0x000000d80a800000,0x000000d80a900000)]
  0x000002b37ef5b800 JavaThread "WorkerExecutor Queue Thread 2" [_thread_blocked, id=5948, stack(0x000000d80a900000,0x000000d80aa00000)]
  0x000002b37ef5c800 JavaThread "WorkerExecutor Queue Thread 3" [_thread_blocked, id=3524, stack(0x000000d80aa00000,0x000000d80ab00000)]
  0x000002b37ef5d800 JavaThread "WorkerExecutor Queue Thread 4" [_thread_in_vm, id=11200, stack(0x000000d80ab00000,0x000000d80ac00000)]
  0x000002b37ef58800 JavaThread "WorkerExecutor Queue Thread 5" [_thread_blocked, id=6104, stack(0x000000d80ac00000,0x000000d80ad00000)]
  0x000002b37ef5f000 JavaThread "WorkerExecutor Queue Thread 6" [_thread_blocked, id=384, stack(0x000000d80ad00000,0x000000d80ae00000)]
  0x000002b37ef5f800 JavaThread "WorkerExecutor Queue Thread 7" [_thread_blocked, id=10052, stack(0x000000d80ae00000,0x000000d80af00000)]
  0x000002b301048000 JavaThread "WorkerExecutor Queue Thread 8" [_thread_blocked, id=6260, stack(0x000000d80af00000,0x000000d80b000000)]
  0x000002b301049000 JavaThread "WorkerExecutor Queue Thread 9" [_thread_blocked, id=4348, stack(0x000000d80b000000,0x000000d80b100000)]

Other Threads:
  0x000002b377b4e800 VMThread "VM Thread" [stack: 0x000000d801a00000,0x000000d801b00000] [id=8668]
  0x000002b3784c0000 WatcherThread [stack: 0x000000d802400000,0x000000d802500000] [id=9616]
  0x000002b3583d0800 GCTaskThread "GC Thread#0" [stack: 0x000000d801500000,0x000000d801600000] [id=8824]
  0x000002b378c9b800 GCTaskThread "GC Thread#1" [stack: 0x000000d802700000,0x000000d802800000] [id=5212]
  0x000002b379294800 GCTaskThread "GC Thread#2" [stack: 0x000000d802800000,0x000000d802900000] [id=6752]
  0x000002b3792ce000 GCTaskThread "GC Thread#3" [stack: 0x000000d802900000,0x000000d802a00000] [id=252]
  0x000002b3794d0800 GCTaskThread "GC Thread#4" [stack: 0x000000d802a00000,0x000000d802b00000] [id=11192]
  0x000002b37a73a800 GCTaskThread "GC Thread#5" [stack: 0x000000d803600000,0x000000d803700000] [id=8648]
  0x000002b37a86d800 GCTaskThread "GC Thread#6" [stack: 0x000000d803700000,0x000000d803800000] [id=5552]
  0x000002b37aff7800 GCTaskThread "GC Thread#7" [stack: 0x000000d803800000,0x000000d803900000] [id=2168]
  0x000002b3583e2000 ConcurrentGCThread "G1 Main Marker" [stack: 0x000000d801600000,0x000000d801700000] [id=7980]
  0x000002b3583e4800 ConcurrentGCThread "G1 Conc#0" [stack: 0x000000d801700000,0x000000d801800000] [id=12864]
  0x000002b37dc96800 ConcurrentGCThread "G1 Conc#1" [stack: 0x000000d804000000,0x000000d804100000] [id=8312]
  0x000002b35846e000 ConcurrentGCThread "G1 Refine#0" [stack: 0x000000d801800000,0x000000d801900000] [id=5196]
  0x000002b3779c4800 ConcurrentGCThread "G1 Young RemSet Sampling" [stack: 0x000000d801900000,0x000000d801a00000] [id=9112]

Threads with active compile tasks:
C2 CompilerThread0    12610 10608   !   4       jdk.internal.loader.BuiltinClassLoader::loadClassOrNull (143 bytes)
C2 CompilerThread1    12610 10316       4       org.gradle.api.internal.artifacts.ivyservice.resolveengine.artifact.ParallelResolveArtifactSet$VisitingSet$StartVisitAction::visitArtifacts (31 bytes)
C2 CompilerThread2    12610 10633       4       org.gradle.internal.util.Trie::find (135 bytes)

VM state:not at safepoint (normal execution)

VM Mutex/Monitor currently owned by a thread: None

Heap address: 0x0000000080000000, size: 2048 MB, Compressed Oops mode: 32-bit
Narrow klass base: 0x0000000800000000, Narrow klass shift: 3
Compressed class space size: 1073741824 Address: 0x0000000800b40000

Heap:
 garbage-first heap   total 206848K, used 123102K [0x0000000080000000, 0x0000000100000000)
  region size 1024K, 43 young (44032K), 4 survivors (4096K)
 Metaspace       used 77635K, capacity 79933K, committed 80588K, reserved 1118208K
  class space    used 10455K, capacity 11272K, committed 11520K, reserved 1048576K
Heap Regions: E=young(eden), S=young(survivor), O=old, HS=humongous(starts), HC=humongous(continues), CS=collection set, F=free, A=archive, TAMS=top-at-mark-start (previous, next)
|   0|0x0000000080000000, 0x0000000080100000, 0x0000000080100000|100%| O|  |TAMS 0x0000000080100000, 0x0000000080000000| Untracked 
|   1|0x0000000080100000, 0x0000000080200000, 0x0000000080200000|100%| O|  |TAMS 0x0000000080200000, 0x0000000080100000| Untracked 
|   2|0x0000000080200000, 0x0000000080300000, 0x0000000080300000|100%| O|  |TAMS 0x0000000080300000, 0x0000000080200000| Untracked 
|   3|0x0000000080300000, 0x0000000080400000, 0x0000000080400000|100%|HS|  |TAMS 0x0000000080400000, 0x0000000080300000| Complete 
|   4|0x0000000080400000, 0x0000000080500000, 0x0000000080500000|100%|HC|  |TAMS 0x0000000080500000, 0x0000000080400000| Complete 
|   5|0x0000000080500000, 0x0000000080600000, 0x0000000080600000|100%|HC|  |TAMS 0x0000000080600000, 0x0000000080500000| Complete 
|   6|0x0000000080600000, 0x0000000080700000, 0x0000000080700000|100%| O|  |TAMS 0x0000000080700000, 0x0000000080600000| Untracked 
|   7|0x0000000080700000, 0x0000000080800000, 0x0000000080800000|100%| O|  |TAMS 0x0000000080800000, 0x0000000080700000| Untracked 
|   8|0x0000000080800000, 0x0000000080900000, 0x0000000080900000|100%| O|  |TAMS 0x0000000080900000, 0x0000000080800000| Untracked 
|   9|0x0000000080900000, 0x0000000080a00000, 0x0000000080a00000|100%| O|  |TAMS 0x0000000080a00000, 0x0000000080900000| Untracked 
|  10|0x0000000080a00000, 0x0000000080b00000, 0x0000000080b00000|100%| O|  |TAMS 0x0000000080b00000, 0x0000000080a00000| Untracked 
|  11|0x0000000080b00000, 0x0000000080c00000, 0x0000000080c00000|100%| O|  |TAMS 0x0000000080c00000, 0x0000000080b00000| Untracked 
|  12|0x0000000080c00000, 0x0000000080d00000, 0x0000000080d00000|100%| O|  |TAMS 0x0000000080d00000, 0x0000000080c00000| Untracked 
|  13|0x0000000080d00000, 0x0000000080e00000, 0x0000000080e00000|100%| O|  |TAMS 0x0000000080e00000, 0x0000000080d00000| Untracked 
|  14|0x0000000080e00000, 0x0000000080f00000, 0x0000000080f00000|100%| O|  |TAMS 0x0000000080f00000, 0x0000000080e00000| Untracked 
|  15|0x0000000080f00000, 0x0000000081000000, 0x0000000081000000|100%| O|  |TAMS 0x0000000081000000, 0x0000000080f00000| Untracked 
|  16|0x0000000081000000, 0x0000000081100000, 0x0000000081100000|100%| O|  |TAMS 0x0000000081100000, 0x0000000081000000| Untracked 
|  17|0x0000000081100000, 0x0000000081165a00, 0x0000000081200000| 39%| O|  |TAMS 0x0000000081165a00, 0x0000000081100000| Untracked 
|  18|0x0000000081200000, 0x0000000081300000, 0x0000000081300000|100%| O|  |TAMS 0x0000000081300000, 0x0000000081200000| Untracked 
|  19|0x0000000081300000, 0x0000000081400000, 0x0000000081400000|100%| O|  |TAMS 0x0000000081400000, 0x0000000081300000| Untracked 
|  20|0x0000000081400000, 0x0000000081500000, 0x0000000081500000|100%| O|  |TAMS 0x0000000081500000, 0x0000000081400000| Untracked 
|  21|0x0000000081500000, 0x0000000081600000, 0x0000000081600000|100%| O|  |TAMS 0x0000000081600000, 0x0000000081500000| Untracked 
|  22|0x0000000081600000, 0x0000000081700000, 0x0000000081700000|100%| O|  |TAMS 0x0000000081700000, 0x0000000081600000| Untracked 
|  23|0x0000000081700000, 0x0000000081800000, 0x0000000081800000|100%|HS|  |TAMS 0x0000000081800000, 0x0000000081700000| Complete 
|  24|0x0000000081800000, 0x0000000081900000, 0x0000000081900000|100%| O|  |TAMS 0x0000000081900000, 0x0000000081800000| Untracked 
|  25|0x0000000081900000, 0x0000000081a00000, 0x0000000081a00000|100%| O|  |TAMS 0x0000000081a00000, 0x0000000081900000| Untracked 
|  26|0x0000000081a00000, 0x0000000081b00000, 0x0000000081b00000|100%| O|  |TAMS 0x0000000081b00000, 0x0000000081a00000| Untracked 
|  27|0x0000000081b00000, 0x0000000081c00000, 0x0000000081c00000|100%| O|  |TAMS 0x0000000081c00000, 0x0000000081b00000| Untracked 
|  28|0x0000000081c00000, 0x0000000081d00000, 0x0000000081d00000|100%| O|  |TAMS 0x0000000081d00000, 0x0000000081c00000| Untracked 
|  29|0x0000000081d00000, 0x0000000081e00000, 0x0000000081e00000|100%| O|  |TAMS 0x0000000081e00000, 0x0000000081d00000| Untracked 
|  30|0x0000000081e00000, 0x0000000081f00000, 0x0000000081f00000|100%| O|  |TAMS 0x0000000081f00000, 0x0000000081e00000| Untracked 
|  31|0x0000000081f00000, 0x0000000082000000, 0x0000000082000000|100%| O|  |TAMS 0x0000000082000000, 0x0000000081f00000| Untracked 
|  32|0x0000000082000000, 0x0000000082100000, 0x0000000082100000|100%|HS|  |TAMS 0x0000000082100000, 0x0000000082000000| Complete 
|  33|0x0000000082100000, 0x0000000082200000, 0x0000000082200000|100%| O|  |TAMS 0x0000000082200000, 0x0000000082100000| Untracked 
|  34|0x0000000082200000, 0x0000000082300000, 0x0000000082300000|100%| O|  |TAMS 0x0000000082300000, 0x0000000082200000| Untracked 
|  35|0x0000000082300000, 0x0000000082400000, 0x0000000082400000|100%| O|  |TAMS 0x0000000082400000, 0x0000000082300000| Untracked 
|  36|0x0000000082400000, 0x0000000082500000, 0x0000000082500000|100%|HS|  |TAMS 0x0000000082500000, 0x0000000082400000| Complete 
|  37|0x0000000082500000, 0x0000000082600000, 0x0000000082600000|100%|HC|  |TAMS 0x0000000082600000, 0x0000000082500000| Complete 
|  38|0x0000000082600000, 0x0000000082700000, 0x0000000082700000|100%| O|  |TAMS 0x0000000082700000, 0x0000000082600000| Untracked 
|  39|0x0000000082700000, 0x0000000082800000, 0x0000000082800000|100%| O|  |TAMS 0x0000000082800000, 0x0000000082700000| Untracked 
|  40|0x0000000082800000, 0x0000000082900000, 0x0000000082900000|100%| O|  |TAMS 0x0000000082900000, 0x0000000082800000| Untracked 
|  41|0x0000000082900000, 0x0000000082a00000, 0x0000000082a00000|100%| O|  |TAMS 0x0000000082a00000, 0x0000000082900000| Untracked 
|  42|0x0000000082a00000, 0x0000000082b00000, 0x0000000082b00000|100%| O|  |TAMS 0x0000000082b00000, 0x0000000082a00000| Untracked 
|  43|0x0000000082b00000, 0x0000000082c00000, 0x0000000082c00000|100%| O|  |TAMS 0x0000000082c00000, 0x0000000082b00000| Untracked 
|  44|0x0000000082c00000, 0x0000000082d00000, 0x0000000082d00000|100%| O|  |TAMS 0x0000000082d00000, 0x0000000082c00000| Untracked 
|  45|0x0000000082d00000, 0x0000000082e00000, 0x0000000082e00000|100%| O|  |TAMS 0x0000000082e00000, 0x0000000082d00000| Untracked 
|  46|0x0000000082e00000, 0x0000000082f00000, 0x0000000082f00000|100%| O|  |TAMS 0x0000000082f00000, 0x0000000082e00000| Untracked 
|  47|0x0000000082f00000, 0x0000000083000000, 0x0000000083000000|100%| O|  |TAMS 0x0000000083000000, 0x0000000082f00000| Untracked 
|  48|0x0000000083000000, 0x0000000083100000, 0x0000000083100000|100%| O|  |TAMS 0x0000000083100000, 0x0000000083000000| Untracked 
|  49|0x0000000083100000, 0x0000000083200000, 0x0000000083200000|100%| O|  |TAMS 0x0000000083200000, 0x0000000083100000| Untracked 
|  50|0x0000000083200000, 0x0000000083300000, 0x0000000083300000|100%| O|  |TAMS 0x0000000083300000, 0x0000000083200000| Untracked 
|  51|0x0000000083300000, 0x0000000083400000, 0x0000000083400000|100%| O|  |TAMS 0x0000000083400000, 0x0000000083300000| Untracked 
|  52|0x0000000083400000, 0x0000000083500000, 0x0000000083500000|100%| O|  |TAMS 0x0000000083500000, 0x0000000083400000| Untracked 
|  53|0x0000000083500000, 0x0000000083600000, 0x0000000083600000|100%| O|  |TAMS 0x0000000083600000, 0x0000000083500000| Untracked 
|  54|0x0000000083600000, 0x0000000083700000, 0x0000000083700000|100%| O|  |TAMS 0x0000000083700000, 0x0000000083600000| Untracked 
|  55|0x0000000083700000, 0x0000000083800000, 0x0000000083800000|100%| O|  |TAMS 0x0000000083800000, 0x0000000083700000| Untracked 
|  56|0x0000000083800000, 0x0000000083900000, 0x0000000083900000|100%| O|  |TAMS 0x0000000083900000, 0x0000000083800000| Untracked 
|  57|0x0000000083900000, 0x0000000083a00000, 0x0000000083a00000|100%| O|  |TAMS 0x0000000083a00000, 0x0000000083900000| Untracked 
|  58|0x0000000083a00000, 0x0000000083b00000, 0x0000000083b00000|100%| O|  |TAMS 0x0000000083b00000, 0x0000000083a00000| Untracked 
|  59|0x0000000083b00000, 0x0000000083c00000, 0x0000000083c00000|100%| O|  |TAMS 0x0000000083c00000, 0x0000000083b00000| Untracked 
|  60|0x0000000083c00000, 0x0000000083d00000, 0x0000000083d00000|100%| O|  |TAMS 0x0000000083d00000, 0x0000000083c00000| Untracked 
|  61|0x0000000083d00000, 0x0000000083e00000, 0x0000000083e00000|100%| O|  |TAMS 0x0000000083e00000, 0x0000000083d00000| Untracked 
|  62|0x0000000083e00000, 0x0000000083f00000, 0x0000000083f00000|100%| O|  |TAMS 0x0000000083f00000, 0x0000000083e00000| Untracked 
|  63|0x0000000083f00000, 0x0000000084000000, 0x0000000084000000|100%| O|  |TAMS 0x0000000084000000, 0x0000000083f00000| Untracked 
|  64|0x0000000084000000, 0x0000000084100000, 0x0000000084100000|100%| O|  |TAMS 0x0000000084100000, 0x0000000084000000| Untracked 
|  65|0x0000000084100000, 0x0000000084200000, 0x0000000084200000|100%| O|  |TAMS 0x0000000084200000, 0x0000000084100000| Untracked 
|  66|0x0000000084200000, 0x0000000084300000, 0x0000000084300000|100%| O|  |TAMS 0x0000000084300000, 0x0000000084200000| Untracked 
|  67|0x0000000084300000, 0x0000000084400000, 0x0000000084400000|100%| O|  |TAMS 0x0000000084400000, 0x0000000084300000| Untracked 
|  68|0x0000000084400000, 0x0000000084500000, 0x0000000084500000|100%| O|  |TAMS 0x0000000084500000, 0x0000000084400000| Untracked 
|  69|0x0000000084500000, 0x0000000084600000, 0x0000000084600000|100%| O|  |TAMS 0x0000000084600000, 0x0000000084500000| Untracked 
|  70|0x0000000084600000, 0x0000000084700000, 0x0000000084700000|100%| O|  |TAMS 0x0000000084700000, 0x0000000084600000| Untracked 
|  71|0x0000000084700000, 0x0000000084800000, 0x0000000084800000|100%| O|  |TAMS 0x0000000084800000, 0x0000000084700000| Untracked 
|  72|0x0000000084800000, 0x0000000084900000, 0x0000000084900000|100%| O|  |TAMS 0x0000000084900000, 0x0000000084800000| Untracked 
|  73|0x0000000084900000, 0x0000000084a00000, 0x0000000084a00000|100%| O|  |TAMS 0x0000000084a00000, 0x0000000084900000| Untracked 
|  74|0x0000000084a00000, 0x0000000084b00000, 0x0000000084b00000|100%| O|  |TAMS 0x0000000084b00000, 0x0000000084a00000| Untracked 
|  75|0x0000000084b00000, 0x0000000084c00000, 0x0000000084c00000|100%| O|  |TAMS 0x0000000084bb4000, 0x0000000084b00000| Untracked 
|  76|0x0000000084c00000, 0x0000000084d00000, 0x0000000084d00000|100%| O|  |TAMS 0x0000000084c00000, 0x0000000084c00000| Untracked 
|  77|0x0000000084d00000, 0x0000000084e00000, 0x0000000084e00000|100%| O|  |TAMS 0x0000000084d00000, 0x0000000084d00000| Untracked 
|  78|0x0000000084e00000, 0x0000000084eb0000, 0x0000000084f00000| 68%| O|  |TAMS 0x0000000084e00000, 0x0000000084e00000| Untracked 
|  79|0x0000000084f00000, 0x0000000085000000, 0x0000000085000000|100%|HS|  |TAMS 0x0000000084f00000, 0x0000000084f00000| Complete 
|  80|0x0000000085000000, 0x0000000085100000, 0x0000000085100000|100%|HC|  |TAMS 0x0000000085000000, 0x0000000085000000| Complete 
|  81|0x0000000085100000, 0x0000000085100000, 0x0000000085200000|  0%| F|  |TAMS 0x0000000085100000, 0x0000000085100000| Untracked 
|  82|0x0000000085200000, 0x0000000085200000, 0x0000000085300000|  0%| F|  |TAMS 0x0000000085200000, 0x0000000085200000| Untracked 
|  83|0x0000000085300000, 0x0000000085300000, 0x0000000085400000|  0%| F|  |TAMS 0x0000000085300000, 0x0000000085300000| Untracked 
|  84|0x0000000085400000, 0x0000000085400000, 0x0000000085500000|  0%| F|  |TAMS 0x0000000085400000, 0x0000000085400000| Untracked 
|  85|0x0000000085500000, 0x0000000085500000, 0x0000000085600000|  0%| F|  |TAMS 0x0000000085500000, 0x0000000085500000| Untracked 
|  86|0x0000000085600000, 0x0000000085600000, 0x0000000085700000|  0%| F|  |TAMS 0x0000000085600000, 0x0000000085600000| Untracked 
|  87|0x0000000085700000, 0x0000000085700000, 0x0000000085800000|  0%| F|  |TAMS 0x0000000085700000, 0x0000000085700000| Untracked 
|  88|0x0000000085800000, 0x0000000085800000, 0x0000000085900000|  0%| F|  |TAMS 0x0000000085800000, 0x0000000085800000| Untracked 
|  89|0x0000000085900000, 0x0000000085900000, 0x0000000085a00000|  0%| F|  |TAMS 0x0000000085900000, 0x0000000085900000| Untracked 
|  90|0x0000000085a00000, 0x0000000085a00000, 0x0000000085b00000|  0%| F|  |TAMS 0x0000000085a00000, 0x0000000085a00000| Untracked 
|  91|0x0000000085b00000, 0x0000000085b00000, 0x0000000085c00000|  0%| F|  |TAMS 0x0000000085b00000, 0x0000000085b00000| Untracked 
|  92|0x0000000085c00000, 0x0000000085c00000, 0x0000000085d00000|  0%| F|  |TAMS 0x0000000085c00000, 0x0000000085c00000| Untracked 
|  93|0x0000000085d00000, 0x0000000085d00000, 0x0000000085e00000|  0%| F|  |TAMS 0x0000000085d00000, 0x0000000085d00000| Untracked 
|  94|0x0000000085e00000, 0x0000000085e00000, 0x0000000085f00000|  0%| F|  |TAMS 0x0000000085e00000, 0x0000000085e00000| Untracked 
|  95|0x0000000085f00000, 0x0000000085f00000, 0x0000000086000000|  0%| F|  |TAMS 0x0000000085f00000, 0x0000000085f00000| Untracked 
|  96|0x0000000086000000, 0x0000000086000000, 0x0000000086100000|  0%| F|  |TAMS 0x0000000086000000, 0x0000000086000000| Untracked 
|  97|0x0000000086100000, 0x0000000086100000, 0x0000000086200000|  0%| F|  |TAMS 0x0000000086100000, 0x0000000086100000| Untracked 
|  98|0x0000000086200000, 0x0000000086200000, 0x0000000086300000|  0%| F|  |TAMS 0x0000000086200000, 0x0000000086200000| Untracked 
|  99|0x0000000086300000, 0x0000000086300000, 0x0000000086400000|  0%| F|  |TAMS 0x0000000086300000, 0x0000000086300000| Untracked 
| 100|0x0000000086400000, 0x0000000086400000, 0x0000000086500000|  0%| F|  |TAMS 0x0000000086400000, 0x0000000086400000| Untracked 
| 101|0x0000000086500000, 0x0000000086500000, 0x0000000086600000|  0%| F|  |TAMS 0x0000000086500000, 0x0000000086500000| Untracked 
| 102|0x0000000086600000, 0x0000000086600000, 0x0000000086700000|  0%| F|  |TAMS 0x0000000086600000, 0x0000000086600000| Untracked 
| 103|0x0000000086700000, 0x0000000086700000, 0x0000000086800000|  0%| F|  |TAMS 0x0000000086700000, 0x0000000086700000| Untracked 
| 104|0x0000000086800000, 0x0000000086800000, 0x0000000086900000|  0%| F|  |TAMS 0x0000000086800000, 0x0000000086800000| Untracked 
| 105|0x0000000086900000, 0x0000000086900000, 0x0000000086a00000|  0%| F|  |TAMS 0x0000000086900000, 0x0000000086900000| Untracked 
| 106|0x0000000086a00000, 0x0000000086a00000, 0x0000000086b00000|  0%| F|  |TAMS 0x0000000086a00000, 0x0000000086a00000| Untracked 
| 107|0x0000000086b00000, 0x0000000086b00000, 0x0000000086c00000|  0%| F|  |TAMS 0x0000000086b00000, 0x0000000086b00000| Untracked 
| 108|0x0000000086c00000, 0x0000000086c00000, 0x0000000086d00000|  0%| F|  |TAMS 0x0000000086c00000, 0x0000000086c00000| Untracked 
| 109|0x0000000086d00000, 0x0000000086d00000, 0x0000000086e00000|  0%| F|  |TAMS 0x0000000086d00000, 0x0000000086d00000| Untracked 
| 110|0x0000000086e00000, 0x0000000086e00000, 0x0000000086f00000|  0%| F|  |TAMS 0x0000000086e00000, 0x0000000086e00000| Untracked 
| 111|0x0000000086f00000, 0x0000000086f00000, 0x0000000087000000|  0%| F|  |TAMS 0x0000000086f00000, 0x0000000086f00000| Untracked 
| 112|0x0000000087000000, 0x0000000087000000, 0x0000000087100000|  0%| F|  |TAMS 0x0000000087000000, 0x0000000087000000| Untracked 
| 113|0x0000000087100000, 0x0000000087100000, 0x0000000087200000|  0%| F|  |TAMS 0x0000000087100000, 0x0000000087100000| Untracked 
| 114|0x0000000087200000, 0x0000000087200000, 0x0000000087300000|  0%| F|  |TAMS 0x0000000087200000, 0x0000000087200000| Untracked 
| 115|0x0000000087300000, 0x0000000087300000, 0x0000000087400000|  0%| F|  |TAMS 0x0000000087300000, 0x0000000087300000| Untracked 
| 116|0x0000000087400000, 0x0000000087400000, 0x0000000087500000|  0%| F|  |TAMS 0x0000000087400000, 0x0000000087400000| Untracked 
| 117|0x0000000087500000, 0x0000000087500000, 0x0000000087600000|  0%| F|  |TAMS 0x0000000087500000, 0x0000000087500000| Untracked 
| 118|0x0000000087600000, 0x0000000087600000, 0x0000000087700000|  0%| F|  |TAMS 0x0000000087600000, 0x0000000087600000| Untracked 
| 119|0x0000000087700000, 0x0000000087700000, 0x0000000087800000|  0%| F|  |TAMS 0x0000000087700000, 0x0000000087700000| Untracked 
| 120|0x0000000087800000, 0x0000000087800000, 0x0000000087900000|  0%| F|  |TAMS 0x0000000087800000, 0x0000000087800000| Untracked 
| 121|0x0000000087900000, 0x0000000087900000, 0x0000000087a00000|  0%| F|  |TAMS 0x0000000087900000, 0x0000000087900000| Untracked 
| 122|0x0000000087a00000, 0x0000000087a00000, 0x0000000087b00000|  0%| F|  |TAMS 0x0000000087a00000, 0x0000000087a00000| Untracked 
| 123|0x0000000087b00000, 0x0000000087b00000, 0x0000000087c00000|  0%| F|  |TAMS 0x0000000087b00000, 0x0000000087b00000| Untracked 
| 124|0x0000000087c00000, 0x0000000087c00000, 0x0000000087d00000|  0%| F|  |TAMS 0x0000000087c00000, 0x0000000087c00000| Untracked 
| 125|0x0000000087d00000, 0x0000000087d00000, 0x0000000087e00000|  0%| F|  |TAMS 0x0000000087d00000, 0x0000000087d00000| Untracked 
| 126|0x0000000087e00000, 0x0000000087e00000, 0x0000000087f00000|  0%| F|  |TAMS 0x0000000087e00000, 0x0000000087e00000| Untracked 
| 127|0x0000000087f00000, 0x0000000087f00000, 0x0000000088000000|  0%| F|  |TAMS 0x0000000087f00000, 0x0000000087f00000| Untracked 
| 128|0x0000000088000000, 0x0000000088000000, 0x0000000088100000|  0%| F|  |TAMS 0x0000000088000000, 0x0000000088000000| Untracked 
| 129|0x0000000088100000, 0x0000000088100000, 0x0000000088200000|  0%| F|  |TAMS 0x0000000088100000, 0x0000000088100000| Untracked 
| 130|0x0000000088200000, 0x0000000088200000, 0x0000000088300000|  0%| F|  |TAMS 0x0000000088200000, 0x0000000088200000| Untracked 
| 131|0x0000000088300000, 0x0000000088300000, 0x0000000088400000|  0%| F|  |TAMS 0x0000000088300000, 0x0000000088300000| Untracked 
| 132|0x0000000088400000, 0x0000000088400000, 0x0000000088500000|  0%| F|  |TAMS 0x0000000088400000, 0x0000000088400000| Untracked 
| 133|0x0000000088500000, 0x0000000088500000, 0x0000000088600000|  0%| F|  |TAMS 0x0000000088500000, 0x0000000088500000| Untracked 
| 134|0x0000000088600000, 0x0000000088600000, 0x0000000088700000|  0%| F|  |TAMS 0x0000000088600000, 0x0000000088600000| Untracked 
| 135|0x0000000088700000, 0x0000000088700000, 0x0000000088800000|  0%| F|  |TAMS 0x0000000088700000, 0x0000000088700000| Untracked 
| 136|0x0000000088800000, 0x0000000088800000, 0x0000000088900000|  0%| F|  |TAMS 0x0000000088800000, 0x0000000088800000| Untracked 
| 137|0x0000000088900000, 0x0000000088900000, 0x0000000088a00000|  0%| F|  |TAMS 0x0000000088900000, 0x0000000088900000| Untracked 
| 138|0x0000000088a00000, 0x0000000088a00000, 0x0000000088b00000|  0%| F|  |TAMS 0x0000000088a00000, 0x0000000088a00000| Untracked 
| 139|0x0000000088b00000, 0x0000000088b00000, 0x0000000088c00000|  0%| F|  |TAMS 0x0000000088b00000, 0x0000000088b00000| Untracked 
| 140|0x0000000088c00000, 0x0000000088c00000, 0x0000000088d00000|  0%| F|  |TAMS 0x0000000088c00000, 0x0000000088c00000| Untracked 
| 141|0x0000000088d00000, 0x0000000088d00000, 0x0000000088e00000|  0%| F|  |TAMS 0x0000000088d00000, 0x0000000088d00000| Untracked 
| 142|0x0000000088e00000, 0x0000000088e00000, 0x0000000088f00000|  0%| F|  |TAMS 0x0000000088e00000, 0x0000000088e00000| Untracked 
| 143|0x0000000088f00000, 0x0000000088f00000, 0x0000000089000000|  0%| F|  |TAMS 0x0000000088f00000, 0x0000000088f00000| Untracked 
| 144|0x0000000089000000, 0x0000000089000000, 0x0000000089100000|  0%| F|  |TAMS 0x0000000089000000, 0x0000000089000000| Untracked 
| 145|0x0000000089100000, 0x0000000089100000, 0x0000000089200000|  0%| F|  |TAMS 0x0000000089100000, 0x0000000089100000| Untracked 
| 146|0x0000000089200000, 0x0000000089200000, 0x0000000089300000|  0%| F|  |TAMS 0x0000000089200000, 0x0000000089200000| Untracked 
| 147|0x0000000089300000, 0x0000000089300000, 0x0000000089400000|  0%| F|  |TAMS 0x0000000089300000, 0x0000000089300000| Untracked 
| 148|0x0000000089400000, 0x0000000089400000, 0x0000000089500000|  0%| F|  |TAMS 0x0000000089400000, 0x0000000089400000| Untracked 
| 149|0x0000000089500000, 0x0000000089500000, 0x0000000089600000|  0%| F|  |TAMS 0x0000000089500000, 0x0000000089500000| Untracked 
| 150|0x0000000089600000, 0x0000000089600000, 0x0000000089700000|  0%| F|  |TAMS 0x0000000089600000, 0x0000000089600000| Untracked 
| 151|0x0000000089700000, 0x0000000089700000, 0x0000000089800000|  0%| F|  |TAMS 0x0000000089700000, 0x0000000089700000| Untracked 
| 152|0x0000000089800000, 0x0000000089800000, 0x0000000089900000|  0%| F|  |TAMS 0x0000000089800000, 0x0000000089800000| Untracked 
| 153|0x0000000089900000, 0x0000000089900000, 0x0000000089a00000|  0%| F|  |TAMS 0x0000000089900000, 0x0000000089900000| Untracked 
| 154|0x0000000089a00000, 0x0000000089a00000, 0x0000000089b00000|  0%| F|  |TAMS 0x0000000089a00000, 0x0000000089a00000| Untracked 
| 155|0x0000000089b00000, 0x0000000089b00000, 0x0000000089c00000|  0%| F|  |TAMS 0x0000000089b00000, 0x0000000089b00000| Untracked 
| 156|0x0000000089c00000, 0x0000000089c00000, 0x0000000089d00000|  0%| F|  |TAMS 0x0000000089c00000, 0x0000000089c00000| Untracked 
| 157|0x0000000089d00000, 0x0000000089d220c8, 0x0000000089e00000| 13%| S|CS|TAMS 0x0000000089d00000, 0x0000000089d00000| Complete 
| 158|0x0000000089e00000, 0x0000000089f00000, 0x0000000089f00000|100%| S|CS|TAMS 0x0000000089e00000, 0x0000000089e00000| Complete 
| 159|0x0000000089f00000, 0x000000008a000000, 0x000000008a000000|100%| S|CS|TAMS 0x0000000089f00000, 0x0000000089f00000| Complete 
| 160|0x000000008a000000, 0x000000008a100000, 0x000000008a100000|100%| S|CS|TAMS 0x000000008a000000, 0x000000008a000000| Complete 
| 161|0x000000008a100000, 0x000000008a100000, 0x000000008a200000|  0%| F|  |TAMS 0x000000008a100000, 0x000000008a100000| Untracked 
| 162|0x000000008a200000, 0x000000008a22c2e0, 0x000000008a300000| 17%| E|  |TAMS 0x000000008a200000, 0x000000008a200000| Complete 
| 163|0x000000008a300000, 0x000000008a400000, 0x000000008a400000|100%| E|CS|TAMS 0x000000008a300000, 0x000000008a300000| Complete 
| 164|0x000000008a400000, 0x000000008a500000, 0x000000008a500000|100%| E|CS|TAMS 0x000000008a400000, 0x000000008a400000| Complete 
| 165|0x000000008a500000, 0x000000008a600000, 0x000000008a600000|100%| E|CS|TAMS 0x000000008a500000, 0x000000008a500000| Complete 
| 166|0x000000008a600000, 0x000000008a700000, 0x000000008a700000|100%| E|CS|TAMS 0x000000008a600000, 0x000000008a600000| Complete 
| 167|0x000000008a700000, 0x000000008a800000, 0x000000008a800000|100%| E|CS|TAMS 0x000000008a700000, 0x000000008a700000| Complete 
| 168|0x000000008a800000, 0x000000008a900000, 0x000000008a900000|100%| E|CS|TAMS 0x000000008a800000, 0x000000008a800000| Complete 
| 169|0x000000008a900000, 0x000000008aa00000, 0x000000008aa00000|100%| E|  |TAMS 0x000000008a900000, 0x000000008a900000| Complete 
| 170|0x000000008aa00000, 0x000000008ab00000, 0x000000008ab00000|100%| E|CS|TAMS 0x000000008aa00000, 0x000000008aa00000| Complete 
| 171|0x000000008ab00000, 0x000000008ac00000, 0x000000008ac00000|100%| E|CS|TAMS 0x000000008ab00000, 0x000000008ab00000| Complete 
| 172|0x000000008ac00000, 0x000000008ad00000, 0x000000008ad00000|100%| E|CS|TAMS 0x000000008ac00000, 0x000000008ac00000| Complete 
| 173|0x000000008ad00000, 0x000000008ae00000, 0x000000008ae00000|100%| E|CS|TAMS 0x000000008ad00000, 0x000000008ad00000| Complete 
| 174|0x000000008ae00000, 0x000000008af00000, 0x000000008af00000|100%| E|CS|TAMS 0x000000008ae00000, 0x000000008ae00000| Complete 
| 175|0x000000008af00000, 0x000000008b000000, 0x000000008b000000|100%| E|CS|TAMS 0x000000008af00000, 0x000000008af00000| Complete 
| 176|0x000000008b000000, 0x000000008b100000, 0x000000008b100000|100%| E|CS|TAMS 0x000000008b000000, 0x000000008b000000| Complete 
| 177|0x000000008b100000, 0x000000008b200000, 0x000000008b200000|100%| E|CS|TAMS 0x000000008b100000, 0x000000008b100000| Complete 
| 178|0x000000008b200000, 0x000000008b300000, 0x000000008b300000|100%| E|CS|TAMS 0x000000008b200000, 0x000000008b200000| Complete 
| 179|0x000000008b300000, 0x000000008b400000, 0x000000008b400000|100%| E|CS|TAMS 0x000000008b300000, 0x000000008b300000| Complete 
| 180|0x000000008b400000, 0x000000008b500000, 0x000000008b500000|100%| E|CS|TAMS 0x000000008b400000, 0x000000008b400000| Complete 
| 181|0x000000008b500000, 0x000000008b600000, 0x000000008b600000|100%| E|CS|TAMS 0x000000008b500000, 0x000000008b500000| Complete 
| 182|0x000000008b600000, 0x000000008b700000, 0x000000008b700000|100%| E|CS|TAMS 0x000000008b600000, 0x000000008b600000| Complete 
| 183|0x000000008b700000, 0x000000008b800000, 0x000000008b800000|100%| E|CS|TAMS 0x000000008b700000, 0x000000008b700000| Complete 
| 184|0x000000008b800000, 0x000000008b900000, 0x000000008b900000|100%| E|CS|TAMS 0x000000008b800000, 0x000000008b800000| Complete 
| 185|0x000000008b900000, 0x000000008ba00000, 0x000000008ba00000|100%| E|CS|TAMS 0x000000008b900000, 0x000000008b900000| Complete 
| 186|0x000000008ba00000, 0x000000008bb00000, 0x000000008bb00000|100%| E|CS|TAMS 0x000000008ba00000, 0x000000008ba00000| Complete 
| 187|0x000000008bb00000, 0x000000008bc00000, 0x000000008bc00000|100%| E|CS|TAMS 0x000000008bb00000, 0x000000008bb00000| Complete 
| 188|0x000000008bc00000, 0x000000008bd00000, 0x000000008bd00000|100%| E|CS|TAMS 0x000000008bc00000, 0x000000008bc00000| Complete 
| 189|0x000000008bd00000, 0x000000008be00000, 0x000000008be00000|100%| E|CS|TAMS 0x000000008bd00000, 0x000000008bd00000| Complete 
| 190|0x000000008be00000, 0x000000008bf00000, 0x000000008bf00000|100%| E|CS|TAMS 0x000000008be00000, 0x000000008be00000| Complete 
| 191|0x000000008bf00000, 0x000000008c000000, 0x000000008c000000|100%| E|CS|TAMS 0x000000008bf00000, 0x000000008bf00000| Complete 
| 192|0x000000008c000000, 0x000000008c100000, 0x000000008c100000|100%| E|CS|TAMS 0x000000008c000000, 0x000000008c000000| Complete 
| 193|0x000000008c100000, 0x000000008c200000, 0x000000008c200000|100%| E|CS|TAMS 0x000000008c100000, 0x000000008c100000| Complete 
| 194|0x000000008c200000, 0x000000008c300000, 0x000000008c300000|100%| E|CS|TAMS 0x000000008c200000, 0x000000008c200000| Complete 
| 195|0x000000008c300000, 0x000000008c400000, 0x000000008c400000|100%| E|CS|TAMS 0x000000008c300000, 0x000000008c300000| Complete 
| 196|0x000000008c400000, 0x000000008c500000, 0x000000008c500000|100%| E|CS|TAMS 0x000000008c400000, 0x000000008c400000| Complete 
| 197|0x000000008c500000, 0x000000008c600000, 0x000000008c600000|100%| E|CS|TAMS 0x000000008c500000, 0x000000008c500000| Complete 
| 198|0x000000008c600000, 0x000000008c700000, 0x000000008c700000|100%| E|CS|TAMS 0x000000008c600000, 0x000000008c600000| Complete 
| 199|0x000000008c700000, 0x000000008c800000, 0x000000008c800000|100%| E|CS|TAMS 0x000000008c700000, 0x000000008c700000| Complete 
| 200|0x000000008c800000, 0x000000008c900000, 0x000000008c900000|100%| E|CS|TAMS 0x000000008c800000, 0x000000008c800000| Complete 
| 223|0x000000008df00000, 0x000000008e000000, 0x000000008e000000|100%| E|CS|TAMS 0x000000008df00000, 0x000000008df00000| Complete 

Card table byte_map: [0x000002b370840000,0x000002b370c40000] _byte_map_base: 0x000002b370440000

Marking Bits (Prev, Next): (CMBitMap*) 0x000002b3583d12d8, (CMBitMap*) 0x000002b3583d1318
 Prev Bits: [0x000002b371040000, 0x000002b373040000)
 Next Bits: [0x000002b373040000, 0x000002b375040000)

Polling page: 0x000002b356b60000

Metaspace:

Usage:
  Non-class:     67.11 MB capacity,    65.70 MB ( 98%) used,     1.17 MB (  2%) free+waste,   250.19 KB ( <1%) overhead. 
      Class:     11.01 MB capacity,    10.24 MB ( 93%) used,   676.00 KB (  6%) free+waste,   114.75 KB (  1%) overhead. 
       Both:     78.12 MB capacity,    75.93 MB ( 97%) used,     1.83 MB (  2%) free+waste,   364.94 KB ( <1%) overhead. 

Virtual space:
  Non-class space:       68.00 MB reserved,      67.45 MB (>99%) committed 
      Class space:        1.00 GB reserved,      11.25 MB (  1%) committed 
             Both:        1.07 GB reserved,      78.70 MB (  7%) committed 

Chunk freelists:
   Non-Class:  215.00 KB
       Class:  152.00 KB
        Both:  367.00 KB

MaxMetaspaceSize: 17179869184.00 GB
CompressedClassSpaceSize: 1.00 GB

CodeHeap 'non-profiled nmethods': size=120000Kb used=5783Kb max_used=5783Kb free=114216Kb
 bounds [0x000002b368370000, 0x000002b368920000, 0x000002b36f8a0000]
CodeHeap 'profiled nmethods': size=120000Kb used=20958Kb max_used=21534Kb free=99041Kb
 bounds [0x000002b360e40000, 0x000002b362350000, 0x000002b368370000]
CodeHeap 'non-nmethods': size=5760Kb used=2455Kb max_used=2492Kb free=3304Kb
 bounds [0x000002b3608a0000, 0x000002b360b20000, 0x000002b360e40000]
 total_blobs=14572 nmethods=9456 adapters=805
 compilation: enabled
              stopped_count=0, restarted_count=0
 full_count=0

Compilation events (20 events):
Event: 12.506 Thread 0x000002b378372800 10623       3       com.android.tools.r8.internal.Be::a (19 bytes)
Event: 12.506 Thread 0x000002b378372800 nmethod 10623 0x000002b3611d2110 code [0x000002b3611d22c0, 0x000002b3611d2498]
Event: 12.506 Thread 0x000002b378372800 10624       3       com.google.common.collect.MapMakerInternalMap$Segment::getEntry (80 bytes)
Event: 12.508 Thread 0x000002b378372800 nmethod 10624 0x000002b3613b4990 code [0x000002b3613b4ce0, 0x000002b3613b6650]
Event: 12.508 Thread 0x000002b378372800 10625       3       com.android.tools.r8.internal.q::hasNext (17 bytes)
Event: 12.508 Thread 0x000002b378372800 nmethod 10625 0x000002b361656410 code [0x000002b3616565c0, 0x000002b361656798]
Event: 12.512 Thread 0x000002b37d244000 nmethod 10620 0x000002b3683e2a90 code [0x000002b3683e2c40, 0x000002b3683e3698]
Event: 12.512 Thread 0x000002b37d244000 10622   !   4       java.util.concurrent.ConcurrentHashMap::transfer (849 bytes)
Event: 12.513 Thread 0x000002b378372800 10629       3       com.android.tools.r8.graph.d0::<init> (66 bytes)
Event: 12.514 Thread 0x000002b378372800 nmethod 10629 0x000002b3615ca790 code [0x000002b3615ca960, 0x000002b3615cad78]
Event: 12.514 Thread 0x000002b378372800 10630       3       com.android.tools.r8.graph.d0::g (24 bytes)
Event: 12.514 Thread 0x000002b378372800 nmethod 10630 0x000002b361bb4e10 code [0x000002b361bb4fe0, 0x000002b361bb5510]
Event: 12.514 Thread 0x000002b378372800 10628       3       com.android.tools.r8.graph.d0::F (8 bytes)
Event: 12.514 Thread 0x000002b378372800 nmethod 10628 0x000002b3612e1910 code [0x000002b3612e1ac0, 0x000002b3612e1c70]
Event: 12.540 Thread 0x000002b37d244000 nmethod 10622 0x000002b368647390 code [0x000002b368647560, 0x000002b368648b98]
Event: 12.540 Thread 0x000002b37d244000 10632       4       java.util.zip.ZipFile$Source::getEntryPos (208 bytes)
Event: 12.557 Thread 0x000002b37d244000 nmethod 10632 0x000002b368560d90 code [0x000002b368560f60, 0x000002b368561b38]
Event: 12.557 Thread 0x000002b37d244000 10631   !   4       java.net.URLClassLoader::findClass (47 bytes)
Event: 12.561 Thread 0x000002b37d244000 nmethod 10631 0x000002b368475e90 code [0x000002b3684760a0, 0x000002b368476460]
Event: 12.561 Thread 0x000002b37d244000 10627       4       java.util.HashSet::add (20 bytes)

GC Heap History (20 events):
Event: 8.975 GC heap before
{Heap before GC invocations=28 (full 0):
 garbage-first heap   total 118784K, used 88904K [0x0000000080000000, 0x0000000100000000)
  region size 1024K, 34 young (34816K), 4 survivors (4096K)
 Metaspace       used 62200K, capacity 63837K, committed 64076K, reserved 1103872K
  class space    used 8442K, capacity 9030K, committed 9088K, reserved 1048576K
}
Event: 8.984 GC heap after
{Heap after GC invocations=29 (full 0):
 garbage-first heap   total 118784K, used 60474K [0x0000000080000000, 0x0000000100000000)
  region size 1024K, 5 young (5120K), 5 survivors (5120K)
 Metaspace       used 62200K, capacity 63837K, committed 64076K, reserved 1103872K
  class space    used 8442K, capacity 9030K, committed 9088K, reserved 1048576K
}
Event: 9.355 GC heap before
{Heap before GC invocations=30 (full 0):
 garbage-first heap   total 118784K, used 90170K [0x0000000080000000, 0x0000000100000000)
  region size 1024K, 34 young (34816K), 5 survivors (5120K)
 Metaspace       used 65019K, capacity 66776K, committed 66892K, reserved 1105920K
  class space    used 8885K, capacity 9509K, committed 9600K, reserved 1048576K
}
Event: 9.361 GC heap after
{Heap after GC invocations=31 (full 0):
 garbage-first heap   total 143360K, used 62084K [0x0000000080000000, 0x0000000100000000)
  region size 1024K, 4 young (4096K), 4 survivors (4096K)
 Metaspace       used 65019K, capacity 66776K, committed 66892K, reserved 1105920K
  class space    used 8885K, capacity 9509K, committed 9600K, reserved 1048576K
}
Event: 9.886 GC heap before
{Heap before GC invocations=31 (full 0):
 garbage-first heap   total 143360K, used 104068K [0x0000000080000000, 0x0000000100000000)
  region size 1024K, 45 young (46080K), 4 survivors (4096K)
 Metaspace       used 68808K, capacity 70595K, committed 70860K, reserved 1110016K
  class space    used 9344K, capacity 9963K, committed 9984K, reserved 1048576K
}
Event: 9.893 GC heap after
{Heap after GC invocations=32 (full 0):
 garbage-first heap   total 143360K, used 65388K [0x0000000080000000, 0x0000000100000000)
  region size 1024K, 5 young (5120K), 5 survivors (5120K)
 Metaspace       used 68808K, capacity 70595K, committed 70860K, reserved 1110016K
  class space    used 9344K, capacity 9963K, committed 9984K, reserved 1048576K
}
Event: 10.482 GC heap before
{Heap before GC invocations=32 (full 0):
 garbage-first heap   total 143360K, used 107372K [0x0000000080000000, 0x0000000100000000)
  region size 1024K, 46 young (47104K), 5 survivors (5120K)
 Metaspace       used 71580K, capacity 73788K, committed 73932K, reserved 1112064K
  class space    used 9823K, capacity 10676K, committed 10752K, reserved 1048576K
}
Event: 10.488 GC heap after
{Heap after GC invocations=33 (full 0):
 garbage-first heap   total 143360K, used 68258K [0x0000000080000000, 0x0000000100000000)
  region size 1024K, 3 young (3072K), 3 survivors (3072K)
 Metaspace       used 71580K, capacity 73788K, committed 73932K, reserved 1112064K
  class space    used 9823K, capacity 10676K, committed 10752K, reserved 1048576K
}
Event: 10.770 GC heap before
{Heap before GC invocations=33 (full 0):
 garbage-first heap   total 143360K, used 108194K [0x0000000080000000, 0x0000000100000000)
  region size 1024K, 43 young (44032K), 3 survivors (3072K)
 Metaspace       used 72093K, capacity 74410K, committed 74572K, reserved 1114112K
  class space    used 9892K, capacity 10773K, committed 10880K, reserved 1048576K
}
Event: 10.777 GC heap after
{Heap after GC invocations=34 (full 0):
 garbage-first heap   total 143360K, used 70698K [0x0000000080000000, 0x0000000100000000)
  region size 1024K, 6 young (6144K), 6 survivors (6144K)
 Metaspace       used 72093K, capacity 74410K, committed 74572K, reserved 1114112K
  class space    used 9892K, capacity 10773K, committed 10880K, reserved 1048576K
}
Event: 11.167 GC heap before
{Heap before GC invocations=35 (full 0):
 garbage-first heap   total 143360K, used 110634K [0x0000000080000000, 0x0000000100000000)
  region size 1024K, 46 young (47104K), 6 survivors (6144K)
 Metaspace       used 72752K, capacity 75089K, committed 75340K, reserved 1114112K
  class space    used 9942K, capacity 10834K, committed 10880K, reserved 1048576K
}
Event: 11.175 GC heap after
{Heap after GC invocations=36 (full 0):
 garbage-first heap   total 172032K, used 73667K [0x0000000080000000, 0x0000000100000000)
  region size 1024K, 6 young (6144K), 6 survivors (6144K)
 Metaspace       used 72752K, capacity 75089K, committed 75340K, reserved 1114112K
  class space    used 9942K, capacity 10834K, committed 10880K, reserved 1048576K
}
Event: 11.511 GC heap before
{Heap before GC invocations=36 (full 0):
 garbage-first heap   total 172032K, used 125891K [0x0000000080000000, 0x0000000100000000)
  region size 1024K, 58 young (59392K), 6 survivors (6144K)
 Metaspace       used 73246K, capacity 75600K, committed 75852K, reserved 1114112K
  class space    used 9973K, capacity 10851K, committed 10880K, reserved 1048576K
}
Event: 11.520 GC heap after
{Heap after GC invocations=37 (full 0):
 garbage-first heap   total 172032K, used 77166K [0x0000000080000000, 0x0000000100000000)
  region size 1024K, 7 young (7168K), 7 survivors (7168K)
 Metaspace       used 73246K, capacity 75600K, committed 75852K, reserved 1114112K
  class space    used 9973K, capacity 10851K, committed 10880K, reserved 1048576K
}
Event: 11.797 GC heap before
{Heap before GC invocations=37 (full 0):
 garbage-first heap   total 172032K, used 129390K [0x0000000080000000, 0x0000000100000000)
  region size 1024K, 59 young (60416K), 7 survivors (7168K)
 Metaspace       used 73351K, capacity 75700K, committed 75852K, reserved 1114112K
  class space    used 9985K, capacity 10861K, committed 10880K, reserved 1048576K
}
Event: 11.805 GC heap after
{Heap after GC invocations=38 (full 0):
 garbage-first heap   total 172032K, used 80129K [0x0000000080000000, 0x0000000100000000)
  region size 1024K, 7 young (7168K), 7 survivors (7168K)
 Metaspace       used 73351K, capacity 75700K, committed 75852K, reserved 1114112K
  class space    used 9985K, capacity 10861K, committed 10880K, reserved 1048576K
}
Event: 12.119 GC heap before
{Heap before GC invocations=38 (full 0):
 garbage-first heap   total 172032K, used 132353K [0x0000000080000000, 0x0000000100000000)
  region size 1024K, 59 young (60416K), 7 survivors (7168K)
 Metaspace       used 73516K, capacity 75851K, committed 76108K, reserved 1114112K
  class space    used 9992K, capacity 10865K, committed 10880K, reserved 1048576K
}
Event: 12.126 GC heap after
{Heap after GC invocations=39 (full 0):
 garbage-first heap   total 172032K, used 82942K [0x0000000080000000, 0x0000000100000000)
  region size 1024K, 6 young (6144K), 6 survivors (6144K)
 Metaspace       used 73516K, capacity 75851K, committed 76108K, reserved 1114112K
  class space    used 9992K, capacity 10865K, committed 10880K, reserved 1048576K
}
Event: 12.206 GC heap before
{Heap before GC invocations=39 (full 0):
 garbage-first heap   total 172032K, used 88062K [0x0000000080000000, 0x0000000100000000)
  region size 1024K, 13 young (13312K), 6 survivors (6144K)
 Metaspace       used 74394K, capacity 76874K, committed 77004K, reserved 1116160K
  class space    used 10059K, capacity 10948K, committed 11008K, reserved 1048576K
}
Event: 12.212 GC heap after
{Heap after GC invocations=40 (full 0):
 garbage-first heap   total 206848K, used 83166K [0x0000000080000000, 0x0000000100000000)
  region size 1024K, 4 young (4096K), 4 survivors (4096K)
 Metaspace       used 74394K, capacity 76874K, committed 77004K, reserved 1116160K
  class space    used 10059K, capacity 10948K, committed 11008K, reserved 1048576K
}

Deoptimization events (20 events):
Event: 12.480 Thread 0x000002b37ef5d800 DEOPT UNPACKING pc=0x000002b3608e964e sp=0x000000d80abfbc90 mode 0
Event: 12.480 Thread 0x000002b37ef5b800 DEOPT UNPACKING pc=0x000002b3608e964e sp=0x000000d80a9fc470 mode 0
Event: 12.490 Thread 0x000002b37ef5e000 DEOPT PACKING pc=0x000002b36224ccf5 sp=0x000000d80a8fce10
Event: 12.490 Thread 0x000002b37ef5e000 DEOPT UNPACKING pc=0x000002b3608e964e sp=0x000000d80a8fc330 mode 0
Event: 12.504 Thread 0x000002b37ef5d800 DEOPT PACKING pc=0x000002b36224ccf5 sp=0x000000d80abfcd00
Event: 12.505 Thread 0x000002b37ef5d800 DEOPT UNPACKING pc=0x000002b3608e964e sp=0x000000d80abfc220 mode 0
Event: 12.512 Thread 0x000002b37ef5e000 DEOPT PACKING pc=0x000002b361b79394 sp=0x000000d80a8fb0a0
Event: 12.512 Thread 0x000002b37ef5e000 DEOPT UNPACKING pc=0x000002b3608e964e sp=0x000000d80a8fa580 mode 0
Event: 12.513 Thread 0x000002b37ef5d800 Uncommon trap: trap_request=0xffffff45 fr.pc=0x000002b3688a0450 relative=0x0000000000000330
Event: 12.513 Thread 0x000002b37ef5e000 Uncommon trap: trap_request=0xffffff45 fr.pc=0x000002b3688a0450 relative=0x0000000000000330
Event: 12.513 Thread 0x000002b37ef5b800 Uncommon trap: trap_request=0xffffff45 fr.pc=0x000002b3688a0450 relative=0x0000000000000330
Event: 12.513 Thread 0x000002b37ef5d800 Uncommon trap: reason=unstable_if action=reinterpret pc=0x000002b3688a0450 method=java.util.stream.StreamOpFlag.getMask(I)I @ 1 c2
Event: 12.513 Thread 0x000002b37ef5e000 Uncommon trap: reason=unstable_if action=reinterpret pc=0x000002b3688a0450 method=java.util.stream.StreamOpFlag.getMask(I)I @ 1 c2
Event: 12.513 Thread 0x000002b37ef5b800 Uncommon trap: reason=unstable_if action=reinterpret pc=0x000002b3688a0450 method=java.util.stream.StreamOpFlag.getMask(I)I @ 1 c2
Event: 12.513 Thread 0x000002b37ef5e000 DEOPT PACKING pc=0x000002b3688a0450 sp=0x000000d80a8fd4e0
Event: 12.513 Thread 0x000002b37ef5b800 DEOPT PACKING pc=0x000002b3688a0450 sp=0x000000d80a9fd6c0
Event: 12.513 Thread 0x000002b37ef5d800 DEOPT PACKING pc=0x000002b3688a0450 sp=0x000000d80abfcee0
Event: 12.513 Thread 0x000002b37ef5e000 DEOPT UNPACKING pc=0x000002b3608e912f sp=0x000000d80a8fd318 mode 2
Event: 12.513 Thread 0x000002b37ef5b800 DEOPT UNPACKING pc=0x000002b3608e912f sp=0x000000d80a9fd4f8 mode 2
Event: 12.513 Thread 0x000002b37ef5d800 DEOPT UNPACKING pc=0x000002b3608e912f sp=0x000000d80abfcd18 mode 2

Classes unloaded (20 events):
Event: 12.319 Thread 0x000002b377b4e800 Unloading class 0x0000000801560040 'org/gradle/api/internal/artifacts/transform/DefaultTransformerInvocationFactory$AbstractTransformerExecution$$Lambda$947'
Event: 12.319 Thread 0x000002b377b4e800 Unloading class 0x0000000801549440 'org/gradle/api/internal/artifacts/transform/DefaultTransformerInvocationFactory$AbstractTransformerExecution$$Lambda$946'
Event: 12.319 Thread 0x000002b377b4e800 Unloading class 0x0000000801549040 'org/gradle/api/internal/artifacts/transform/DefaultTransformerInvocationFactory$AbstractTransformerExecution$$Lambda$941'
Event: 12.319 Thread 0x000002b377b4e800 Unloading class 0x0000000801549c40 'org/gradle/api/internal/artifacts/transform/DefaultTransformerInvocationFactory$AbstractTransformerExecution$$Lambda$944'
Event: 12.319 Thread 0x000002b377b4e800 Unloading class 0x000000080154a040 'org/gradle/api/internal/artifacts/transform/TransformationStep$$Lambda$939'
Event: 12.319 Thread 0x000002b377b4e800 Unloading class 0x000000080154ac40 'org/gradle/api/internal/artifacts/transform/TransformationStep$$Lambda$938'
Event: 12.319 Thread 0x000002b377b4e800 Unloading class 0x000000080154a840 'org/gradle/api/internal/artifacts/transform/TransformationStep$$Lambda$937'
Event: 12.319 Thread 0x000002b377b4e800 Unloading class 0x000000080154b440 'org/gradle/api/internal/artifacts/transform/TransformationStep$$Lambda$936'
Event: 12.319 Thread 0x000002b377b4e800 Unloading class 0x000000080154b040 'org/gradle/api/internal/artifacts/transform/TransformationStep$$Lambda$935'
Event: 12.319 Thread 0x000002b377b4e800 Unloading class 0x000000080154bc40 'org/gradle/api/internal/artifacts/transform/TransformationStep$$Lambda$933'
Event: 12.319 Thread 0x000002b377b4e800 Unloading class 0x00000008014fc040 'org/gradle/execution/plan/DefaultPlanExecutor$ExecutorWorker$$Lambda$836'
Event: 12.319 Thread 0x000002b377b4e800 Unloading class 0x00000008014fcc40 'org/gradle/execution/plan/DefaultPlanExecutor$ExecutorWorker$$Lambda$835'
Event: 12.319 Thread 0x000002b377b4e800 Unloading class 0x00000008014fc840 'org/gradle/execution/plan/DefaultPlanExecutor$ExecutorWorker$$Lambda$838'
Event: 12.319 Thread 0x000002b377b4e800 Unloading class 0x00000008014fd440 'org/gradle/execution/plan/DefaultPlanExecutor$ExecutorWorker$$Lambda$839'
Event: 12.319 Thread 0x000002b377b4e800 Unloading class 0x00000008014fd040 'org/gradle/execution/plan/DefaultPlanExecutor$ExecutorWorker$$Lambda$837'
Event: 12.319 Thread 0x000002b377b4e800 Unloading class 0x00000008014fdc40 'org/gradle/execution/plan/DefaultPlanExecutor$ExecutorWorker$$Lambda$833'
Event: 12.319 Thread 0x000002b377b4e800 Unloading class 0x00000008014fe440 'org/gradle/execution/plan/DefaultPlanExecutor$ExecutorWorker$$Lambda$832'
Event: 12.319 Thread 0x000002b377b4e800 Unloading class 0x00000008014fe040 'org/gradle/execution/plan/DefaultPlanExecutor$ExecutorWorker$$Lambda$831'
Event: 12.319 Thread 0x000002b377b4e800 Unloading class 0x00000008014fe840 'org/gradle/execution/plan/DefaultPlanExecutor$ExecutorWorker$$Lambda$829'
Event: 12.319 Thread 0x000002b377b4e800 Unloading class 0x00000008014ff440 'org/gradle/execution/plan/DefaultPlanExecutor$ExecutorWorker$$Lambda$828'

Classes redefined (0 events):
No events

Internal exceptions (20 events):
Event: 10.841 Thread 0x000002b37d710800 Exception <a 'java/lang/NoSuchMethodError'{0x000000008aa08990}: 'void java.lang.invoke.DirectMethodHandle$Holder.invokeVirtual(java.lang.Object, java.lang.Object)'> (0x000000008aa08990) 
thrown [t:/workspace/open/src/hotspot/share/interpreter/linkResolver.cpp, line 767]
Event: 10.841 Thread 0x000002b37e08c000 Exception <a 'java/lang/NoSuchMethodError'{0x000000008aa25528}: 'void java.lang.invoke.DirectMethodHandle$Holder.invokeVirtual(java.lang.Object, java.lang.Object)'> (0x000000008aa25528) 
thrown [t:/workspace/open/src/hotspot/share/interpreter/linkResolver.cpp, line 767]
Event: 10.841 Thread 0x000002b37ead6800 Exception <a 'java/lang/NoSuchMethodError'{0x000000008aa0fbd0}: 'void java.lang.invoke.DirectMethodHandle$Holder.invokeVirtual(java.lang.Object, java.lang.Object)'> (0x000000008aa0fbd0) 
thrown [t:/workspace/open/src/hotspot/share/interpreter/linkResolver.cpp, line 767]
Event: 11.147 Thread 0x000002b37d716800 Implicit null exception at 0x000002b3688793af to 0x000002b368879d6a
Event: 11.147 Thread 0x000002b301f87000 Implicit null exception at 0x000002b3688793af to 0x000002b368879d6a
Event: 11.309 Thread 0x000002b37ef51000 Exception <a 'java/lang/NoSuchMethodError'{0x00000000895a8738}: static Lcom/android/build/gradle/internal/scope/InternalArtifactType;.<clinit>()V> (0x00000000895a8738) 
thrown [t:/workspace/open/src/hotspot/share/prims/jni.cpp, line 1347]
Event: 11.309 Thread 0x000002b37ef51000 Exception <a 'java/lang/NoSuchMethodError'{0x00000000895a9ae0}: static Lcom/android/build/gradle/internal/scope/InternalArtifactType;.<clinit>()V> (0x00000000895a9ae0) 
thrown [t:/workspace/open/src/hotspot/share/prims/jni.cpp, line 1347]
Event: 11.310 Thread 0x000002b37ef51000 Exception <a 'java/lang/NoSuchMethodError'{0x00000000895abfe8}: static Lcom/android/build/api/artifact/Artifact$Single;.<clinit>()V> (0x00000000895abfe8) 
thrown [t:/workspace/open/src/hotspot/share/prims/jni.cpp, line 1347]
Event: 11.311 Thread 0x000002b37ef51000 Exception <a 'java/lang/NoSuchMethodError'{0x00000000895c34b0}: static Lcom/android/build/api/artifact/ArtifactKind;.<clinit>()V> (0x00000000895c34b0) 
thrown [t:/workspace/open/src/hotspot/share/prims/jni.cpp, line 1347]
Event: 11.311 Thread 0x000002b37ef51000 Exception <a 'java/lang/NoSuchMethodError'{0x00000000895c4740}: static Lcom/android/build/api/artifact/ArtifactKind;.<clinit>()V> (0x00000000895c4740) 
thrown [t:/workspace/open/src/hotspot/share/prims/jni.cpp, line 1347]
Event: 11.596 Thread 0x000002b37ef51000 Exception <a 'java/lang/NoSuchMethodError'{0x00000000899d33f8}: 'int java.lang.invoke.DirectMethodHandle$Holder.invokeSpecial(java.lang.Object, java.lang.Object, java.lang.Object, java.lang.Object, java.lang.Object)'> (0x00000000899d33f8) 
thrown [t:/workspace/open/src/hotspot/share/interpreter/linkResolver.cpp, line 767]
Event: 11.624 Thread 0x000002b37d719800 Implicit null exception at 0x000002b3688ccc0e to 0x000002b3688cd652
Event: 11.624 Thread 0x000002b37e08f800 Implicit null exception at 0x000002b3688cee8c to 0x000002b3688cf712
Event: 11.624 Thread 0x000002b37d719800 Implicit null exception at 0x000002b3688cee8c to 0x000002b3688cf712
Event: 12.366 Thread 0x000002b37ef51000 Exception <a 'java/lang/NoSuchMethodError'{0x000000008b7ba7c8}: static Lcom/android/build/gradle/internal/tasks/DexArchiveBuilderTaskDelegate$ClasspathServiceKey;.<clinit>()V> (0x000000008b7ba7c8) 
thrown [t:/workspace/open/src/hotspot/share/prims/jni.cpp, line 1347]
Event: 12.454 Thread 0x000002b37ef5b800 Exception <a 'sun/nio/fs/WindowsException'{0x000000008ac64a28}> (0x000000008ac64a28) 
thrown [t:/workspace/open/src/hotspot/share/prims/jni.cpp, line 598]
Event: 12.454 Thread 0x000002b37ef5d800 Exception <a 'sun/nio/fs/WindowsException'{0x000000008ac565b0}> (0x000000008ac565b0) 
thrown [t:/workspace/open/src/hotspot/share/prims/jni.cpp, line 598]
Event: 12.454 Thread 0x000002b37ef5e000 Exception <a 'sun/nio/fs/WindowsException'{0x000000008ac4d930}> (0x000000008ac4d930) 
thrown [t:/workspace/open/src/hotspot/share/prims/jni.cpp, line 598]
Event: 12.550 Thread 0x000002b37ef5e000 Exception <a 'java/lang/NoSuchMethodError'{0x000000008a7ea620}: 'java.lang.Object java.lang.invoke.DirectMethodHandle$Holder.invokeStatic(java.lang.Object, java.lang.Object, java.lang.Object, java.lang.Object, java.lang.Object, java.lang.Object, java.lang.Object, java.lang.Object, java.lang.Object, java.lang.Object, java.lang.Object, java.lang.Object, java.lang.Object, java.lang.Object, java.lang.Object, java.lang.Object, java.lang.Object, java.lang.Object, int, java.lang.Object)'> (0x000000008a7ea620) 
th
Event: 12.550 Thread 0x000002b37ef5e000 Exception <a 'java/lang/NoSuchMethodError'{0x000000008a7ef490}: 'java.lang.Object java.lang.invoke.DirectMethodHandle$Holder.invokeStaticInit(java.lang.Object, java.lang.Object, java.lang.Object, java.lang.Object, java.lang.Object, java.lang.Object, java.lang.Object, java.lang.Object, java.lang.Object, java.lang.Object, java.lang.Object, java.lang.Object, java.lang.Object, java.lang.Object, java.lang.Object, java.lang.Object, java.lang.Object, java.lang.Object, int, java.lang.Object)'> (0x000000008a7ef490)

Events (20 events):
Event: 12.563 loading class com/android/tools/r8/internal/F8
Event: 12.563 loading class com/android/tools/r8/internal/F8 done
Event: 12.565 loading class com/android/tools/r8/graph/f0
Event: 12.565 loading class com/android/tools/r8/graph/f0 done
Event: 12.565 loading class com/android/tools/r8/graph/f0$u
Event: 12.565 loading class com/android/tools/r8/graph/f0$u done
Event: 12.565 loading class com/android/tools/r8/graph/f0$w
Event: 12.565 loading class com/android/tools/r8/graph/f0$w done
Event: 12.566 loading class com/android/tools/r8/graph/N0
Event: 12.566 loading class com/android/tools/r8/graph/N0 done
Event: 12.566 loading class com/android/tools/r8/internal/Br
Event: 12.566 loading class com/android/tools/r8/internal/Br done
Event: 12.566 loading class com/android/tools/r8/graph/B0$d
Event: 12.566 loading class com/android/tools/r8/graph/B0$d done
Event: 12.567 loading class com/android/tools/r8/internal/Ic
Event: 12.567 loading class com/android/tools/r8/internal/Ic done
Event: 12.567 loading class com/android/tools/r8/graph/B0$c
Event: 12.567 loading class com/android/tools/r8/graph/B0$c done
Event: 12.567 loading class com/android/tools/r8/graph/B0$e
Event: 12.567 loading class com/android/tools/r8/graph/B0$e done


Dynamic libraries:
0x00007ff6b9560000 - 0x00007ff6b956f000 	C:\Program Files\Java\jdk-13.0.2\bin\java.exe
0x00007ff86dcb0000 - 0x00007ff86dea5000 	C:\WINDOWS\SYSTEM32\ntdll.dll
0x00007ff86cc40000 - 0x00007ff86ccfe000 	C:\WINDOWS\System32\KERNEL32.DLL
0x00007ff86b470000 - 0x00007ff86b738000 	C:\WINDOWS\System32\KERNELBASE.dll
0x00007ff86b7a0000 - 0x00007ff86b8a0000 	C:\WINDOWS\System32\ucrtbase.dll
0x00007ff8668c0000 - 0x00007ff8668d5000 	C:\Program Files\Java\jdk-13.0.2\bin\VCRUNTIME140.dll
0x00007ff863a80000 - 0x00007ff863a98000 	C:\Program Files\Java\jdk-13.0.2\bin\jli.dll
0x00007ff86c6e0000 - 0x00007ff86c78c000 	C:\WINDOWS\System32\ADVAPI32.dll
0x00007ff86d7c0000 - 0x00007ff86d85e000 	C:\WINDOWS\System32\msvcrt.dll
0x00007ff86d710000 - 0x00007ff86d7ab000 	C:\WINDOWS\System32\sechost.dll
0x00007ff86bdd0000 - 0x00007ff86befa000 	C:\WINDOWS\System32\RPCRT4.dll
0x00007ff86c790000 - 0x00007ff86c931000 	C:\WINDOWS\System32\USER32.dll
0x00007ff86a770000 - 0x00007ff86aa0a000 	C:\WINDOWS\WinSxS\amd64_microsoft.windows.common-controls_6595b64144ccf1df_6.0.19041.1110_none_60b5254171f9507e\COMCTL32.dll
0x00007ff86d4c0000 - 0x00007ff86d4eb000 	C:\WINDOWS\System32\GDI32.dll
0x00007ff86b740000 - 0x00007ff86b762000 	C:\WINDOWS\System32\win32u.dll
0x00007ff86baf0000 - 0x00007ff86bbfb000 	C:\WINDOWS\System32\gdi32full.dll
0x00007ff85f2e0000 - 0x00007ff85f2ea000 	C:\WINDOWS\SYSTEM32\VERSION.dll
0x00007ff86b3d0000 - 0x00007ff86b46d000 	C:\WINDOWS\System32\msvcp_win.dll
0x00007ff86d680000 - 0x00007ff86d6b0000 	C:\WINDOWS\System32\IMM32.DLL
0x00007ff84c950000 - 0x00007ff84c9eb000 	C:\Program Files\Java\jdk-13.0.2\bin\msvcp140.dll
0x00007ff810f50000 - 0x00007ff811aad000 	C:\Program Files\Java\jdk-13.0.2\bin\server\jvm.dll
0x00007ff85f2b0000 - 0x00007ff85f2d7000 	C:\WINDOWS\SYSTEM32\WINMM.dll
0x00007ff863b20000 - 0x00007ff863b29000 	C:\WINDOWS\SYSTEM32\WSOCK32.dll
0x00007ff86c6d0000 - 0x00007ff86c6d8000 	C:\WINDOWS\System32\PSAPI.DLL
0x00007ff86d610000 - 0x00007ff86d67b000 	C:\WINDOWS\System32\WS2_32.dll
0x00007ff868ba0000 - 0x00007ff868bb2000 	C:\WINDOWS\SYSTEM32\kernel.appcore.dll
0x00007ff866820000 - 0x00007ff866830000 	C:\Program Files\Java\jdk-13.0.2\bin\verify.dll
0x00007ff86abd0000 - 0x00007ff86adb4000 	C:\WINDOWS\SYSTEM32\DBGHELP.DLL
0x00007ff86ab00000 - 0x00007ff86ab2c000 	C:\WINDOWS\SYSTEM32\dbgcore.DLL
0x00007ff86b8a0000 - 0x00007ff86b923000 	C:\WINDOWS\System32\bcryptPrimitives.dll
0x00007ff859c30000 - 0x00007ff859c56000 	C:\Program Files\Java\jdk-13.0.2\bin\java.dll
0x00007ff859bf0000 - 0x00007ff859c07000 	C:\Program Files\Java\jdk-13.0.2\bin\zip.dll
0x00007ff865d80000 - 0x00007ff865d8a000 	C:\Program Files\Java\jdk-13.0.2\bin\jimage.dll
0x00007ff86cd80000 - 0x00007ff86d4bf000 	C:\WINDOWS\System32\SHELL32.dll
0x00007ff868e80000 - 0x00007ff869610000 	C:\WINDOWS\SYSTEM32\windows.storage.dll
0x00007ff86d910000 - 0x00007ff86dc65000 	C:\WINDOWS\System32\combase.dll
0x00007ff86a6d0000 - 0x00007ff86a6fe000 	C:\WINDOWS\SYSTEM32\Wldp.dll
0x00007ff86d860000 - 0x00007ff86d90d000 	C:\WINDOWS\System32\SHCORE.dll
0x00007ff86d6b0000 - 0x00007ff86d705000 	C:\WINDOWS\System32\shlwapi.dll
0x00007ff86b310000 - 0x00007ff86b32f000 	C:\WINDOWS\SYSTEM32\profapi.dll
0x00007ff859bd0000 - 0x00007ff859be9000 	C:\Program Files\Java\jdk-13.0.2\bin\net.dll
0x00007ff865c20000 - 0x00007ff865d2c000 	C:\WINDOWS\SYSTEM32\WINHTTP.dll
0x00007ff86a430000 - 0x00007ff86a49a000 	C:\WINDOWS\system32\mswsock.dll
0x00007ff859bb0000 - 0x00007ff859bc3000 	C:\Program Files\Java\jdk-13.0.2\bin\nio.dll
0x00007ff8655e0000 - 0x00007ff865607000 	C:\Users\jeffe\.gradle\native\e1d6ef7f7dcc3fd88c89a11ec53ec762bb8ba0a96d01ffa2cd45eb1d1d8dd5c5\windows-amd64\native-platform.dll
0x00007ff84c580000 - 0x00007ff84c6c4000 	C:\Users\jeffe\.gradle\native\5664cfc778a61ccfe75a443a1ab52a65af34e5dc3c78e0209fed803814484fcb\windows-amd64\native-platform-file-events.dll
0x00007ff8655d0000 - 0x00007ff8655d9000 	C:\Program Files\Java\jdk-13.0.2\bin\management.dll
0x00007ff8653a0000 - 0x00007ff8653ab000 	C:\Program Files\Java\jdk-13.0.2\bin\management_ext.dll
0x00007ff86b080000 - 0x00007ff86b098000 	C:\WINDOWS\SYSTEM32\CRYPTSP.dll
0x00007ff869dd0000 - 0x00007ff869e04000 	C:\WINDOWS\system32\rsaenh.dll
0x00007ff86b770000 - 0x00007ff86b797000 	C:\WINDOWS\System32\bcrypt.dll
0x00007ff86b290000 - 0x00007ff86b2be000 	C:\WINDOWS\SYSTEM32\USERENV.dll
0x00007ff86a620000 - 0x00007ff86a62c000 	C:\WINDOWS\SYSTEM32\CRYPTBASE.dll
0x00007ff86a120000 - 0x00007ff86a15b000 	C:\WINDOWS\SYSTEM32\IPHLPAPI.DLL
0x00007ff86d7b0000 - 0x00007ff86d7b8000 	C:\WINDOWS\System32\NSI.dll
0x00007ff8645b0000 - 0x00007ff8645c7000 	C:\WINDOWS\SYSTEM32\dhcpcsvc6.DLL
0x00007ff864550000 - 0x00007ff86456d000 	C:\WINDOWS\SYSTEM32\dhcpcsvc.DLL
0x00007ff86a160000 - 0x00007ff86a22b000 	C:\WINDOWS\SYSTEM32\DNSAPI.dll

dbghelp: loaded successfully - version: 4.0.5 - missing functions: none
symbol engine: initialized successfully - sym options: 0x614 - pdb path: .;C:\Program Files\Java\jdk-13.0.2\bin;C:\WINDOWS\SYSTEM32;C:\WINDOWS\WinSxS\amd64_microsoft.windows.common-controls_6595b64144ccf1df_6.0.19041.1110_none_60b5254171f9507e;C:\Program Files\Java\jdk-13.0.2\bin\server;C:\Users\jeffe\.gradle\native\e1d6ef7f7dcc3fd88c89a11ec53ec762bb8ba0a96d01ffa2cd45eb1d1d8dd5c5\windows-amd64;C:\Users\jeffe\.gradle\native\5664cfc778a61ccfe75a443a1ab52a65af34e5dc3c78e0209fed803814484fcb\windows-amd64

VM Arguments:
jvm_args: --add-opens=java.base/java.util=ALL-UNNAMED --add-opens=java.base/java.lang=ALL-UNNAMED --add-opens=java.base/java.lang.invoke=ALL-UNNAMED --add-opens=java.base/java.util=ALL-UNNAMED --add-opens=java.prefs/java.util.prefs=ALL-UNNAMED --add-opens=java.prefs/java.util.prefs=ALL-UNNAMED --add-opens=java.base/java.nio.charset=ALL-UNNAMED --add-opens=java.base/java.net=ALL-UNNAMED --add-opens=java.base/java.util.concurrent.atomic=ALL-UNNAMED -Xmx2048m -Dfile.encoding=UTF-8 -Duser.country=PH -Duser.language=en -Duser.variant 
java_command: org.gradle.launcher.daemon.bootstrap.GradleDaemon 7.3.2
java_class_path (initial): C:\Users\jeffe\.gradle\wrapper\dists\gradle-7.3.2-bin\4k4cn06q0rruwh9dpndf9gmi8\gradle-7.3.2\lib\gradle-launcher-7.3.2.jar
Launcher Type: SUN_STANDARD

[Global flags]
     intx CICompilerCount                          = 4                                         {product} {ergonomic}
     uint ConcGCThreads                            = 2                                         {product} {ergonomic}
     uint G1ConcRefinementThreads                  = 8                                         {product} {ergonomic}
   size_t G1HeapRegionSize                         = 1048576                                   {product} {ergonomic}
    uintx GCDrainStackTargetSize                   = 64                                        {product} {ergonomic}
   size_t InitialHeapSize                          = 234881024                                 {product} {ergonomic}
   size_t MarkStackSize                            = 4194304                                   {product} {ergonomic}
   size_t MaxHeapSize                              = 2147483648                                {product} {command line}
   size_t MaxNewSize                               = 1287651328                                {product} {ergonomic}
   size_t MinHeapDeltaBytes                        = 1048576                                   {product} {ergonomic}
   size_t MinHeapSize                              = 8388608                                   {product} {ergonomic}
    uintx NonNMethodCodeHeapSize                   = 5839372                                {pd product} {ergonomic}
    uintx NonProfiledCodeHeapSize                  = 122909434                              {pd product} {ergonomic}
    uintx ProfiledCodeHeapSize                     = 122909434                              {pd product} {ergonomic}
    uintx ReservedCodeCacheSize                    = 251658240                              {pd product} {ergonomic}
     bool SegmentedCodeCache                       = true                                      {product} {ergonomic}
   size_t SoftMaxHeapSize                          = 2147483648                             {manageable} {ergonomic}
     bool UseCompressedClassPointers               = true                                 {lp64_product} {ergonomic}
     bool UseCompressedOops                        = true                                 {lp64_product} {ergonomic}
     bool UseG1GC                                  = true                                      {product} {ergonomic}
     bool UseLargePagesIndividualAllocation        = false                                  {pd product} {ergonomic}

Logging:
Log output configuration:
 #0: stdout all=warning uptime,level,tags
 #1: stderr all=off uptime,level,tags

Environment Variables:
JAVA_HOME=C:\Program Files\Java\jdk-13.0.2
PATH=C:\Program Files (x86)\Razer Chroma SDK\bin;C:\Program Files\Razer Chroma SDK\bin;C:\Program Files (x86)\Razer\ChromaBroadcast\bin;C:\Program Files\Razer\ChromaBroadcast\bin;C:\WINDOWS\system32;C:\WINDOWS;C:\WINDOWS\System32\Wbem;C:\WINDOWS\System32\WindowsPowerShell\v1.0\;C:\WINDOWS\System32\OpenSSH\;C:\Program Files\Java\jdk-13.0.2\bin;C:\Program Files\MySQL\MySQL Server 5.5\bin;C:\WINDOWS\system32\config\systemprofile\AppData\Local\Microsoft\WindowsApps;C:\Users\jeffe\AppData\Local\Microsoft\WindowsApps;C:\xampp\php;C:\ProgramData\ComposerSetup\bin;C:\Program Files\Git\cmd;C:\Program Files\MySQL\MySQL Shell 8.0\bin\;C:\Users\jeffe\AppData\Local\Microsoft\WindowsApps;C:\Users\jeffe\AppData\Roaming\Composer\vendor\bin
USERNAME=jeffe
OS=Windows_NT
PROCESSOR_IDENTIFIER=AMD64 Family 23 Model 24 Stepping 1, AuthenticAMD



---------------  S Y S T E M  ---------------

OS: Windows 10 , 64 bit Build 19041 (10.0.19041.1348)

CPU:total 8 (initial active 8) (8 cores per cpu, 2 threads per core) family 23 model 24 stepping 1, cmov, cx8, fxsr, mmx, sse, sse2, sse3, ssse3, sse4.1, sse4.2, popcnt, avx, avx2, aes, clmul, mmxext, 3dnowpref, lzcnt, sse4a, ht, tsc, tscinvbit, tscinv, bmi1, bmi2, adx, sha, fma

Memory: 4k page, system-wide physical 14274M (7491M free)
TotalPageFile size 16450M (AvailPageFile size 6634M)
current process WorkingSet (physical memory assigned to process): 482M, peak: 482M
current process commit charge ("private bytes"): 530M, peak: 531M

vm_info: Java HotSpot(TM) 64-Bit Server VM (13.0.2+8) for windows-amd64 JRE (13.0.2+8), built on Dec 11 2019 09:20:33 by "mach5one" with unknown MS VC++:1916

END.
