#
# A fatal error has been detected by the Java Runtime Environment:
#
#  EXCEPTION_ACCESS_VIOLATION (0xc0000005) at pc=0x00007ffbbf3a7db0, pid=12908, tid=10252
#
# JRE version: OpenJDK Runtime Environment (11.0.10) (build 11.0.10+0-b96-7249189)
# Java VM: OpenJDK 64-Bit Server VM (11.0.10+0-b96-7249189, mixed mode, tiered, compressed oops, g1 gc, windows-amd64)
# Problematic frame:
# V  [jvm.dll+0x357db0]
#
# No core dump will be written. Minidumps are not enabled by default on client versions of Windows
#
# If you would like to submit a bug report, please visit:
#   https://bugreport.java.com/bugreport/crash.jsp
#

---------------  S U M M A R Y ------------

Command Line: --add-opens=java.base/java.util=ALL-UNNAMED --add-opens=java.base/java.lang=ALL-UNNAMED --add-opens=java.base/java.lang.invoke=ALL-UNNAMED --add-opens=java.base/java.util=ALL-UNNAMED --add-opens=java.prefs/java.util.prefs=ALL-UNNAMED --add-opens=java.prefs/java.util.prefs=ALL-UNNAMED --add-opens=java.base/java.nio.charset=ALL-UNNAMED --add-opens=java.base/java.net=ALL-UNNAMED --add-opens=java.base/java.util.concurrent.atomic=ALL-UNNAMED -Xmx2048m -Dfile.encoding=UTF-8 -Duser.country=PH -Duser.language=en -Duser.variant org.gradle.launcher.daemon.bootstrap.GradleDaemon 7.0.2

Host: AMD Ryzen 5 3550H with Radeon Vega Mobile Gfx  , 8 cores, 13G,  Windows 10 , 64 bit Build 19041 (10.0.19041.1320)
Time: Sun Nov  7 21:55:04 2021 Malay Peninsula Standard Time elapsed time: 3.108973 seconds (0d 0h 0m 3s)

---------------  T H R E A D  ---------------

Current thread (0x0000023a81556000):  JavaThread "C2 CompilerThread1" daemon [_thread_in_native, id=10252, stack(0x000000702e200000,0x000000702e300000)]


Current CompileTask:
C2:   3109 2032       4       java.net.URLClassLoader$1::run (5 bytes)

Stack: [0x000000702e200000,0x000000702e300000],  sp=0x000000702e2fbdb0,  free space=1007k
Native frames: (J=compiled Java code, j=interpreted, Vv=VM code, C=native code)
V  [jvm.dll+0x357db0]
V  [jvm.dll+0x351260]
V  [jvm.dll+0x198049]
V  [jvm.dll+0x1fb70e]
V  [jvm.dll+0x1fa7f4]
V  [jvm.dll+0x18354c]
V  [jvm.dll+0x208ee7]
V  [jvm.dll+0x207731]
V  [jvm.dll+0x6eb1cf]
V  [jvm.dll+0x6e3d45]
V  [jvm.dll+0x5ebe96]
C  [ucrtbase.dll+0x21bb2]
C  [KERNEL32.DLL+0x17034]
C  [ntdll.dll+0x52651]


siginfo: EXCEPTION_ACCESS_VIOLATION (0xc0000005), reading address 0x00007dfbbfa47c38


Register to memory mapping:

RIP=0x00007ffbbf3a7db0 jvm.dll
RAX=0x00007dfbbfa47c38 is an unknown value
RBX=0x00000000000000f0 is an unknown value
RCX=0x0000000000000002 is an unknown value
RDX=0x0 is NULL
RSP=0x000000702e2fbdb0 is pointing into the stack for thread: 0x0000023a81556000
RBP=0x0000000000000008 is an unknown value
RSI=0x00007ffbbfa47c38 jvm.dll
RDI=0x0000023a832529d0 points into unknown readable memory: 0x0000023a81276920 | 20 69 27 81 3a 02 00 00
R8 =0x0000023a81fa0460 points into unknown readable memory: 0x0000000000000000 | 00 00 00 00 00 00 00 00
R9 =0x000000702e2fbe00 is pointing into the stack for thread: 0x0000023a81556000
R10=0x000000000000001e is an unknown value
R11=0x000000702e2fbd10 is pointing into the stack for thread: 0x0000023a81556000
R12=0x00007ffbbf050000 jvm.dll
R13=0x0000000000000008 is an unknown value
R14=0x0000000000000009 is an unknown value
R15=0x00007ffbbfa47c38 jvm.dll


Registers:
RAX=0x00007dfbbfa47c38, RBX=0x00000000000000f0, RCX=0x0000000000000002, RDX=0x0000000000000000
RSP=0x000000702e2fbdb0, RBP=0x0000000000000008, RSI=0x00007ffbbfa47c38, RDI=0x0000023a832529d0
R8 =0x0000023a81fa0460, R9 =0x000000702e2fbe00, R10=0x000000000000001e, R11=0x000000702e2fbd10
R12=0x00007ffbbf050000, R13=0x0000000000000008, R14=0x0000000000000009, R15=0x00007ffbbfa47c38
RIP=0x00007ffbbf3a7db0, EFLAGS=0x0000000000010246

Top of Stack: (sp=0x000000702e2fbdb0)
0x000000702e2fbdb0:   0000000000000000 0000000000000000
0x000000702e2fbdc0:   0000023a81276928 0000023a83666700
0x000000702e2fbdd0:   0000000000000d89 00007ffbbf3a1260
0x000000702e2fbde0:   0000023a843c1550 000000702e2fbf20
0x000000702e2fbdf0:   0000000000000d89 00007ffbbf87cb70
0x000000702e2fbe00:   00000d8d00000000 0000023a00000005
0x000000702e2fbe10:   00007dfbbfa47c38 000000000000000e
0x000000702e2fbe20:   0000023a8319fa88 0000023a00000025
0x000000702e2fbe30:   0000023a843c15f0 000000702e2fc3a8
0x000000702e2fbe40:   0000023a8010a2f0 0000000000000000
0x000000702e2fbe50:   000000702e2fbf60 00007ffbbf1e8049
0x000000702e2fbe60:   000000702e2fc2c0 000000702e2fc3a8
0x000000702e2fbe70:   00000000000003d8 0000023a8010a300
0x000000702e2fbe80:   000000000000b400 0000000000000000
0x000000702e2fbe90:   0000007000000006 0000023a8010a2f0
0x000000702e2fbea0:   0000023a81ca5fd0 0000023a81ca9dd8 

Instructions: (pc=0x00007ffbbf3a7db0)
0x00007ffbbf3a7cb0:   58 4c 8b 64 24 50 48 8b c3 48 83 c4 20 41 5f 5f
0x00007ffbbf3a7cc0:   5e 5d 5b c3 cc cc cc cc cc cc cc cc cc cc cc cc
0x00007ffbbf3a7cd0:   83 3a 00 4c 8b c2 c7 41 08 08 00 00 00 75 16 33
0x00007ffbbf3a7ce0:   d2 c7 41 18 01 00 00 00 89 11 48 8b c1 c7 41 28
0x00007ffbbf3a7cf0:   01 00 00 00 c3 33 d2 48 89 11 89 51 18 41 8b 80
0x00007ffbbf3a7d00:   90 00 00 00 89 41 28 48 89 51 10 49 8b 40 08 48
0x00007ffbbf3a7d10:   89 41 20 48 8b c1 4c 89 41 30 c3 cc cc cc cc cc
0x00007ffbbf3a7d20:   48 83 ec 28 8b 51 08 4c 8b c9 83 fa 08 73 18 4c
0x00007ffbbf3a7d30:   8b 41 10 8b c2 41 83 3c 80 00 0f 85 0d 01 00 00
0x00007ffbbf3a7d40:   ff c2 83 fa 08 72 ec 44 8b 51 18 48 89 5c 24 30
0x00007ffbbf3a7d50:   48 89 6c 24 38 48 89 74 24 40 48 89 7c 24 20 44
0x00007ffbbf3a7d60:   3b 51 28 0f 83 b9 00 00 00 8b 0d 0d ba 6d 00 48
0x00007ffbbf3a7d70:   8d 35 c2 fe 69 00 65 48 8b 04 25 58 00 00 00 bd
0x00007ffbbf3a7d80:   08 00 00 00 48 8d 3c c8 0f 1f 84 00 00 00 00 00
0x00007ffbbf3a7d90:   41 8b c2 48 8d 1c c5 00 00 00 00 49 8b 41 20 48
0x00007ffbbf3a7da0:   8b 04 03 48 3b c6 74 6d 49 89 41 10 33 d2 66 90
0x00007ffbbf3a7db0:   83 38 00 0f 85 c3 00 00 00 ff c2 48 83 c0 04 83
0x00007ffbbf3a7dc0:   fa 08 72 ec 4d 8b 59 30 4d 85 db 74 48 49 8b 43
0x00007ffbbf3a7dd0:   08 8b d5 48 03 17 4c 8b 04 03 48 8b 02 48 8b 88
0x00007ffbbf3a7de0:   d0 04 00 00 48 8b 81 88 00 00 00 48 8b 88 88 08
0x00007ffbbf3a7df0:   00 00 49 89 08 48 8b 02 48 8b 88 d0 04 00 00 48
0x00007ffbbf3a7e00:   8b 81 88 00 00 00 4c 89 80 88 08 00 00 49 8b 43
0x00007ffbbf3a7e10:   08 48 89 34 03 41 ff c2 45 3b 51 28 0f 82 6e ff
0x00007ffbbf3a7e20:   ff ff 41 8b 41 28 41 89 41 18 33 c0 41 c7 41 08
0x00007ffbbf3a7e30:   08 00 00 00 48 8b 74 24 40 48 8b 6c 24 38 48 8b
0x00007ffbbf3a7e40:   5c 24 30 48 8b 7c 24 20 48 83 c4 28 c3 8b 41 18
0x00007ffbbf3a7e50:   8d 0c c2 8b c2 c1 e1 05 81 e9 00 01 00 00 41 89
0x00007ffbbf3a7e60:   49 04 41 8b 0c 80 8d 42 01 41 89 09 49 8b c9 41
0x00007ffbbf3a7e70:   89 41 08 48 83 c4 28 e9 a4 33 e4 ff 42 8d 04 d2
0x00007ffbbf3a7e80:   c1 e0 05 41 89 41 04 49 8b 41 10 8b 0c 90 41 8d
0x00007ffbbf3a7e90:   42 01 41 89 41 18 8d 42 01 41 89 09 49 8b c9 41
0x00007ffbbf3a7ea0:   89 41 08 e8 78 33 e4 ff eb 8a cc cc cc cc cc cc 


Stack slot to memory mapping:
stack at sp + 0 slots: 0x0 is NULL
stack at sp + 1 slots: 0x0 is NULL
stack at sp + 2 slots: 0x0000023a81276928 points into unknown readable memory: 0x0000023a81556000 | 00 60 55 81 3a 02 00 00
stack at sp + 3 slots: 0x0000023a83666700 points into unknown readable memory: 0x6e49656c64617247 | 47 72 61 64 6c 65 49 6e
stack at sp + 4 slots: 0x0000000000000d89 is an unknown value
stack at sp + 5 slots: 0x00007ffbbf3a1260 jvm.dll
stack at sp + 6 slots: 0x0000023a843c1550 points into unknown readable memory: 0x0000000000000008 | 08 00 00 00 00 00 00 00
stack at sp + 7 slots: 0x000000702e2fbf20 is pointing into the stack for thread: 0x0000023a81556000


---------------  P R O C E S S  ---------------

Threads class SMR info:
_java_thread_list=0x0000023a803fcbd0, length=27, elements={
0x0000023ae4ffd800, 0x0000023aff497000, 0x0000023aff498000, 0x0000023a8005b800,
0x0000023a8005e000, 0x0000023a80063800, 0x0000023a8006a800, 0x0000023a8006c000,
0x0000023a8006f800, 0x0000023a80225800, 0x0000023a815fb800, 0x0000023a802aa800,
0x0000023a81569800, 0x0000023a8341c800, 0x0000023a821a4000, 0x0000023a83a92800,
0x0000023a81a50000, 0x0000023a833dd000, 0x0000023a83674800, 0x0000023a8154f000,
0x0000023a81556000, 0x0000023a8154f800, 0x0000023a81550800, 0x0000023a81551800,
0x0000023a81552000, 0x0000023a81553800, 0x0000023a81553000
}

Java Threads: ( => current thread )
  0x0000023ae4ffd800 JavaThread "main" [_thread_blocked, id=12780, stack(0x000000702c300000,0x000000702c400000)]
  0x0000023aff497000 JavaThread "Reference Handler" daemon [_thread_blocked, id=8688, stack(0x000000702ca00000,0x000000702cb00000)]
  0x0000023aff498000 JavaThread "Finalizer" daemon [_thread_blocked, id=5728, stack(0x000000702cb00000,0x000000702cc00000)]
  0x0000023a8005b800 JavaThread "Signal Dispatcher" daemon [_thread_blocked, id=4820, stack(0x000000702cc00000,0x000000702cd00000)]
  0x0000023a8005e000 JavaThread "Attach Listener" daemon [_thread_blocked, id=1332, stack(0x000000702cd00000,0x000000702ce00000)]
  0x0000023a80063800 JavaThread "Service Thread" daemon [_thread_blocked, id=10920, stack(0x000000702ce00000,0x000000702cf00000)]
  0x0000023a8006a800 JavaThread "C2 CompilerThread0" daemon [_thread_blocked, id=14124, stack(0x000000702cf00000,0x000000702d000000)]
  0x0000023a8006c000 JavaThread "C1 CompilerThread0" daemon [_thread_blocked, id=8508, stack(0x000000702d000000,0x000000702d100000)]
  0x0000023a8006f800 JavaThread "Sweeper thread" daemon [_thread_blocked, id=10772, stack(0x000000702d100000,0x000000702d200000)]
  0x0000023a80225800 JavaThread "Common-Cleaner" daemon [_thread_blocked, id=10692, stack(0x000000702d200000,0x000000702d300000)]
  0x0000023a815fb800 JavaThread "Daemon health stats" [_thread_blocked, id=1844, stack(0x000000702da00000,0x000000702db00000)]
  0x0000023a802aa800 JavaThread "Incoming local TCP Connector on port 60516" [_thread_in_native, id=7640, stack(0x000000702d400000,0x000000702d500000)]
  0x0000023a81569800 JavaThread "Daemon periodic checks" [_thread_blocked, id=11012, stack(0x000000702d900000,0x000000702da00000)]
  0x0000023a8341c800 JavaThread "Daemon" [_thread_blocked, id=14612, stack(0x000000702db00000,0x000000702dc00000)]
  0x0000023a821a4000 JavaThread "Handler for socket connection from /127.0.0.1:60516 to /127.0.0.1:60517" [_thread_in_native, id=12724, stack(0x000000702dc00000,0x000000702dd00000)]
  0x0000023a83a92800 JavaThread "Cancel handler" [_thread_blocked, id=14776, stack(0x000000702dd00000,0x000000702de00000)]
  0x0000023a81a50000 JavaThread "Daemon worker" [_thread_in_vm, id=3740, stack(0x000000702de00000,0x000000702df00000)]
  0x0000023a833dd000 JavaThread "Asynchronous log dispatcher for DefaultDaemonConnection: socket connection from /127.0.0.1:60516 to /127.0.0.1:60517" [_thread_blocked, id=10012, stack(0x000000702df00000,0x000000702e000000)]
  0x0000023a83674800 JavaThread "Stdin handler" [_thread_blocked, id=12552, stack(0x000000702e000000,0x000000702e100000)]
  0x0000023a8154f000 JavaThread "Daemon client event forwarder" [_thread_blocked, id=14432, stack(0x000000702e100000,0x000000702e200000)]
=>0x0000023a81556000 JavaThread "C2 CompilerThread1" daemon [_thread_in_native, id=10252, stack(0x000000702e200000,0x000000702e300000)]
  0x0000023a8154f800 JavaThread "Cache worker for file hash cache (C:\Users\jeffe\.gradle\caches\7.0.2\fileHashes)" [_thread_blocked, id=11516, stack(0x000000702e300000,0x000000702e400000)]
  0x0000023a81550800 JavaThread "File lock request listener" [_thread_in_native, id=1344, stack(0x000000702e400000,0x000000702e500000)]
  0x0000023a81551800 JavaThread "Cache worker for journal cache (C:\Users\jeffe\.gradle\caches\journal-1)" [_thread_blocked, id=8364, stack(0x000000702e900000,0x000000702ea00000)]
  0x0000023a81552000 JavaThread "Cache worker for file hash cache (C:\Users\jeffe\AndroidStudioProjects\FirstAidKit3\.gradle\7.0.2\fileHashes)" [_thread_blocked, id=13460, stack(0x000000702ea00000,0x000000702eb00000)]
  0x0000023a81553800 JavaThread "File watcher server" daemon [_thread_in_native, id=3492, stack(0x000000702eb00000,0x000000702ec00000)]
  0x0000023a81553000 JavaThread "File watcher consumer" daemon [_thread_blocked, id=5032, stack(0x000000702ec00000,0x000000702ed00000)]

Other Threads:
  0x0000023a80006800 VMThread "VM Thread" [stack: 0x000000702c900000,0x000000702ca00000] [id=2500]
  0x0000023a8025a800 WatcherThread [stack: 0x000000702d300000,0x000000702d400000] [id=13524]
  0x0000023ae5015800 GCTaskThread "GC Thread#0" [stack: 0x000000702c400000,0x000000702c500000] [id=12416]
  0x0000023a8122e800 GCTaskThread "GC Thread#1" [stack: 0x000000702d500000,0x000000702d600000] [id=14720]
  0x0000023a80f41000 GCTaskThread "GC Thread#2" [stack: 0x000000702d600000,0x000000702d700000] [id=7236]
  0x0000023a80bcd800 GCTaskThread "GC Thread#3" [stack: 0x000000702d700000,0x000000702d800000] [id=668]
  0x0000023a80bf7800 GCTaskThread "GC Thread#4" [stack: 0x000000702d800000,0x000000702d900000] [id=10828]
  0x0000023a823ab000 GCTaskThread "GC Thread#5" [stack: 0x000000702e500000,0x000000702e600000] [id=9000]
  0x0000023a83697800 GCTaskThread "GC Thread#6" [stack: 0x000000702e600000,0x000000702e700000] [id=12744]
  0x0000023a8347b000 GCTaskThread "GC Thread#7" [stack: 0x000000702e700000,0x000000702e800000] [id=12976]
  0x0000023ae5046000 ConcurrentGCThread "G1 Main Marker" [stack: 0x000000702c500000,0x000000702c600000] [id=9028]
  0x0000023ae5048000 ConcurrentGCThread "G1 Conc#0" [stack: 0x000000702c600000,0x000000702c700000] [id=6764]
  0x0000023a81fc3800 ConcurrentGCThread "G1 Conc#1" [stack: 0x000000702e800000,0x000000702e900000] [id=9312]
  0x0000023ae50de800 ConcurrentGCThread "G1 Refine#0" [stack: 0x000000702c700000,0x000000702c800000] [id=8968]
  0x0000023aff2fc800 ConcurrentGCThread "G1 Young RemSet Sampling" [stack: 0x000000702c800000,0x000000702c900000] [id=8572]

Threads with active compile tasks:
C2 CompilerThread1   3151 2032       4       java.net.URLClassLoader$1::run (5 bytes)

VM state:not at safepoint (normal execution)

VM Mutex/Monitor currently owned by a thread: None

Heap address: 0x0000000080000000, size: 2048 MB, Compressed Oops mode: 32-bit
Narrow klass base: 0x0000000000000000, Narrow klass shift: 3
Compressed class space size: 1073741824 Address: 0x0000000100000000

Heap:
 garbage-first heap   total 229376K, used 28263K [0x0000000080000000, 0x0000000100000000)
  region size 1024K, 12 young (12288K), 2 survivors (2048K)
 Metaspace       used 25872K, capacity 26495K, committed 26752K, reserved 1073152K
  class space    used 3384K, capacity 3601K, committed 3712K, reserved 1048576K
Heap Regions: E=young(eden), S=young(survivor), O=old, HS=humongous(starts), HC=humongous(continues), CS=collection set, F=free, A=archive, TAMS=top-at-mark-start (previous, next)
|   0|0x0000000080000000, 0x0000000080100000, 0x0000000080100000|100%| O|  |TAMS 0x0000000080000000, 0x0000000080000000| Untracked 
|   1|0x0000000080100000, 0x0000000080200000, 0x0000000080200000|100%| O|  |TAMS 0x0000000080100000, 0x0000000080100000| Untracked 
|   2|0x0000000080200000, 0x0000000080300000, 0x0000000080300000|100%| O|  |TAMS 0x0000000080200000, 0x0000000080200000| Untracked 
|   3|0x0000000080300000, 0x0000000080400000, 0x0000000080400000|100%|HS|  |TAMS 0x0000000080400000, 0x0000000080300000| Complete 
|   4|0x0000000080400000, 0x0000000080500000, 0x0000000080500000|100%|HC|  |TAMS 0x0000000080500000, 0x0000000080400000| Complete 
|   5|0x0000000080500000, 0x0000000080600000, 0x0000000080600000|100%|HC|  |TAMS 0x0000000080600000, 0x0000000080500000| Complete 
|   6|0x0000000080600000, 0x0000000080700000, 0x0000000080700000|100%| O|  |TAMS 0x0000000080700000, 0x0000000080600000| Untracked 
|   7|0x0000000080700000, 0x0000000080800000, 0x0000000080800000|100%| O|  |TAMS 0x0000000080800000, 0x0000000080700000| Untracked 
|   8|0x0000000080800000, 0x0000000080900000, 0x0000000080900000|100%| O|  |TAMS 0x0000000080900000, 0x0000000080800000| Untracked 
|   9|0x0000000080900000, 0x0000000080a00000, 0x0000000080a00000|100%| O|  |TAMS 0x000000008090b400, 0x0000000080900000| Untracked 
|  10|0x0000000080a00000, 0x0000000080b00000, 0x0000000080b00000|100%| O|  |TAMS 0x0000000080a00000, 0x0000000080a00000| Untracked 
|  11|0x0000000080b00000, 0x0000000080c00000, 0x0000000080c00000|100%| O|  |TAMS 0x0000000080b00000, 0x0000000080b00000| Untracked 
|  12|0x0000000080c00000, 0x0000000080d00000, 0x0000000080d00000|100%| O|  |TAMS 0x0000000080c00000, 0x0000000080c00000| Untracked 
|  13|0x0000000080d00000, 0x0000000080e00000, 0x0000000080e00000|100%| O|  |TAMS 0x0000000080d00000, 0x0000000080d00000| Untracked 
|  14|0x0000000080e00000, 0x0000000080f00000, 0x0000000080f00000|100%| O|  |TAMS 0x0000000080e00000, 0x0000000080e00000| Untracked 
|  15|0x0000000080f00000, 0x0000000081000000, 0x0000000081000000|100%| O|  |TAMS 0x0000000080f00000, 0x0000000080f00000| Untracked 
|  16|0x0000000081000000, 0x0000000081099c00, 0x0000000081100000| 60%| O|  |TAMS 0x0000000081000000, 0x0000000081000000| Untracked 
|  17|0x0000000081100000, 0x0000000081100000, 0x0000000081200000|  0%| F|  |TAMS 0x0000000081100000, 0x0000000081100000| Untracked 
|  18|0x0000000081200000, 0x0000000081200000, 0x0000000081300000|  0%| F|  |TAMS 0x0000000081200000, 0x0000000081200000| Untracked 
|  19|0x0000000081300000, 0x0000000081300000, 0x0000000081400000|  0%| F|  |TAMS 0x0000000081300000, 0x0000000081300000| Untracked 
|  20|0x0000000081400000, 0x0000000081400000, 0x0000000081500000|  0%| F|  |TAMS 0x0000000081400000, 0x0000000081400000| Untracked 
|  21|0x0000000081500000, 0x0000000081500000, 0x0000000081600000|  0%| F|  |TAMS 0x0000000081500000, 0x0000000081500000| Untracked 
|  22|0x0000000081600000, 0x0000000081600000, 0x0000000081700000|  0%| F|  |TAMS 0x0000000081600000, 0x0000000081600000| Untracked 
|  23|0x0000000081700000, 0x0000000081700000, 0x0000000081800000|  0%| F|  |TAMS 0x0000000081700000, 0x0000000081700000| Untracked 
|  24|0x0000000081800000, 0x0000000081800000, 0x0000000081900000|  0%| F|  |TAMS 0x0000000081800000, 0x0000000081800000| Untracked 
|  25|0x0000000081900000, 0x0000000081900000, 0x0000000081a00000|  0%| F|  |TAMS 0x0000000081900000, 0x0000000081900000| Untracked 
|  26|0x0000000081a00000, 0x0000000081a00000, 0x0000000081b00000|  0%| F|  |TAMS 0x0000000081a00000, 0x0000000081a00000| Untracked 
|  27|0x0000000081b00000, 0x0000000081b00000, 0x0000000081c00000|  0%| F|  |TAMS 0x0000000081b00000, 0x0000000081b00000| Untracked 
|  28|0x0000000081c00000, 0x0000000081c00000, 0x0000000081d00000|  0%| F|  |TAMS 0x0000000081c00000, 0x0000000081c00000| Untracked 
|  29|0x0000000081d00000, 0x0000000081d00000, 0x0000000081e00000|  0%| F|  |TAMS 0x0000000081d00000, 0x0000000081d00000| Untracked 
|  30|0x0000000081e00000, 0x0000000081e00000, 0x0000000081f00000|  0%| F|  |TAMS 0x0000000081e00000, 0x0000000081e00000| Untracked 
|  31|0x0000000081f00000, 0x0000000081f00000, 0x0000000082000000|  0%| F|  |TAMS 0x0000000081f00000, 0x0000000081f00000| Untracked 
|  32|0x0000000082000000, 0x0000000082000000, 0x0000000082100000|  0%| F|  |TAMS 0x0000000082000000, 0x0000000082000000| Untracked 
|  33|0x0000000082100000, 0x0000000082100000, 0x0000000082200000|  0%| F|  |TAMS 0x0000000082100000, 0x0000000082100000| Untracked 
|  34|0x0000000082200000, 0x0000000082200000, 0x0000000082300000|  0%| F|  |TAMS 0x0000000082200000, 0x0000000082200000| Untracked 
|  35|0x0000000082300000, 0x0000000082300000, 0x0000000082400000|  0%| F|  |TAMS 0x0000000082300000, 0x0000000082300000| Untracked 
|  36|0x0000000082400000, 0x0000000082400000, 0x0000000082500000|  0%| F|  |TAMS 0x0000000082400000, 0x0000000082400000| Untracked 
|  37|0x0000000082500000, 0x0000000082500000, 0x0000000082600000|  0%| F|  |TAMS 0x0000000082500000, 0x0000000082500000| Untracked 
|  38|0x0000000082600000, 0x0000000082600000, 0x0000000082700000|  0%| F|  |TAMS 0x0000000082600000, 0x0000000082600000| Untracked 
|  39|0x0000000082700000, 0x0000000082700000, 0x0000000082800000|  0%| F|  |TAMS 0x0000000082700000, 0x0000000082700000| Untracked 
|  40|0x0000000082800000, 0x0000000082800000, 0x0000000082900000|  0%| F|  |TAMS 0x0000000082800000, 0x0000000082800000| Untracked 
|  41|0x0000000082900000, 0x0000000082900000, 0x0000000082a00000|  0%| F|  |TAMS 0x0000000082900000, 0x0000000082900000| Untracked 
|  42|0x0000000082a00000, 0x0000000082a00000, 0x0000000082b00000|  0%| F|  |TAMS 0x0000000082a00000, 0x0000000082a00000| Untracked 
|  43|0x0000000082b00000, 0x0000000082b00000, 0x0000000082c00000|  0%| F|  |TAMS 0x0000000082b00000, 0x0000000082b00000| Untracked 
|  44|0x0000000082c00000, 0x0000000082c00000, 0x0000000082d00000|  0%| F|  |TAMS 0x0000000082c00000, 0x0000000082c00000| Untracked 
|  45|0x0000000082d00000, 0x0000000082d00000, 0x0000000082e00000|  0%| F|  |TAMS 0x0000000082d00000, 0x0000000082d00000| Untracked 
|  46|0x0000000082e00000, 0x0000000082e00000, 0x0000000082f00000|  0%| F|  |TAMS 0x0000000082e00000, 0x0000000082e00000| Untracked 
|  47|0x0000000082f00000, 0x0000000082f00000, 0x0000000083000000|  0%| F|  |TAMS 0x0000000082f00000, 0x0000000082f00000| Untracked 
|  48|0x0000000083000000, 0x0000000083000000, 0x0000000083100000|  0%| F|  |TAMS 0x0000000083000000, 0x0000000083000000| Untracked 
|  49|0x0000000083100000, 0x0000000083100000, 0x0000000083200000|  0%| F|  |TAMS 0x0000000083100000, 0x0000000083100000| Untracked 
|  50|0x0000000083200000, 0x0000000083200000, 0x0000000083300000|  0%| F|  |TAMS 0x0000000083200000, 0x0000000083200000| Untracked 
|  51|0x0000000083300000, 0x0000000083300000, 0x0000000083400000|  0%| F|  |TAMS 0x0000000083300000, 0x0000000083300000| Untracked 
|  52|0x0000000083400000, 0x0000000083400000, 0x0000000083500000|  0%| F|  |TAMS 0x0000000083400000, 0x0000000083400000| Untracked 
|  53|0x0000000083500000, 0x0000000083500000, 0x0000000083600000|  0%| F|  |TAMS 0x0000000083500000, 0x0000000083500000| Untracked 
|  54|0x0000000083600000, 0x0000000083600000, 0x0000000083700000|  0%| F|  |TAMS 0x0000000083600000, 0x0000000083600000| Untracked 
|  55|0x0000000083700000, 0x0000000083700000, 0x0000000083800000|  0%| F|  |TAMS 0x0000000083700000, 0x0000000083700000| Untracked 
|  56|0x0000000083800000, 0x0000000083800000, 0x0000000083900000|  0%| F|  |TAMS 0x0000000083800000, 0x0000000083800000| Untracked 
|  57|0x0000000083900000, 0x0000000083900000, 0x0000000083a00000|  0%| F|  |TAMS 0x0000000083900000, 0x0000000083900000| Untracked 
|  58|0x0000000083a00000, 0x0000000083a00000, 0x0000000083b00000|  0%| F|  |TAMS 0x0000000083a00000, 0x0000000083a00000| Untracked 
|  59|0x0000000083b00000, 0x0000000083b00000, 0x0000000083c00000|  0%| F|  |TAMS 0x0000000083b00000, 0x0000000083b00000| Untracked 
|  60|0x0000000083c00000, 0x0000000083c00000, 0x0000000083d00000|  0%| F|  |TAMS 0x0000000083c00000, 0x0000000083c00000| Untracked 
|  61|0x0000000083d00000, 0x0000000083d00000, 0x0000000083e00000|  0%| F|  |TAMS 0x0000000083d00000, 0x0000000083d00000| Untracked 
|  62|0x0000000083e00000, 0x0000000083e00000, 0x0000000083f00000|  0%| F|  |TAMS 0x0000000083e00000, 0x0000000083e00000| Untracked 
|  63|0x0000000083f00000, 0x0000000083f00000, 0x0000000084000000|  0%| F|  |TAMS 0x0000000083f00000, 0x0000000083f00000| Untracked 
|  64|0x0000000084000000, 0x0000000084000000, 0x0000000084100000|  0%| F|  |TAMS 0x0000000084000000, 0x0000000084000000| Untracked 
|  65|0x0000000084100000, 0x0000000084100000, 0x0000000084200000|  0%| F|  |TAMS 0x0000000084100000, 0x0000000084100000| Untracked 
|  66|0x0000000084200000, 0x0000000084200000, 0x0000000084300000|  0%| F|  |TAMS 0x0000000084200000, 0x0000000084200000| Untracked 
|  67|0x0000000084300000, 0x0000000084300000, 0x0000000084400000|  0%| F|  |TAMS 0x0000000084300000, 0x0000000084300000| Untracked 
|  68|0x0000000084400000, 0x0000000084400000, 0x0000000084500000|  0%| F|  |TAMS 0x0000000084400000, 0x0000000084400000| Untracked 
|  69|0x0000000084500000, 0x0000000084500000, 0x0000000084600000|  0%| F|  |TAMS 0x0000000084500000, 0x0000000084500000| Untracked 
|  70|0x0000000084600000, 0x0000000084600000, 0x0000000084700000|  0%| F|  |TAMS 0x0000000084600000, 0x0000000084600000| Untracked 
|  71|0x0000000084700000, 0x0000000084700000, 0x0000000084800000|  0%| F|  |TAMS 0x0000000084700000, 0x0000000084700000| Untracked 
|  72|0x0000000084800000, 0x0000000084800000, 0x0000000084900000|  0%| F|  |TAMS 0x0000000084800000, 0x0000000084800000| Untracked 
|  73|0x0000000084900000, 0x0000000084900000, 0x0000000084a00000|  0%| F|  |TAMS 0x0000000084900000, 0x0000000084900000| Untracked 
|  74|0x0000000084a00000, 0x0000000084a00000, 0x0000000084b00000|  0%| F|  |TAMS 0x0000000084a00000, 0x0000000084a00000| Untracked 
|  75|0x0000000084b00000, 0x0000000084b00000, 0x0000000084c00000|  0%| F|  |TAMS 0x0000000084b00000, 0x0000000084b00000| Untracked 
|  76|0x0000000084c00000, 0x0000000084c00000, 0x0000000084d00000|  0%| F|  |TAMS 0x0000000084c00000, 0x0000000084c00000| Untracked 
|  77|0x0000000084d00000, 0x0000000084d00000, 0x0000000084e00000|  0%| F|  |TAMS 0x0000000084d00000, 0x0000000084d00000| Untracked 
|  78|0x0000000084e00000, 0x0000000084e00000, 0x0000000084f00000|  0%| F|  |TAMS 0x0000000084e00000, 0x0000000084e00000| Untracked 
|  79|0x0000000084f00000, 0x0000000084f00000, 0x0000000085000000|  0%| F|  |TAMS 0x0000000084f00000, 0x0000000084f00000| Untracked 
|  80|0x0000000085000000, 0x0000000085000000, 0x0000000085100000|  0%| F|  |TAMS 0x0000000085000000, 0x0000000085000000| Untracked 
|  81|0x0000000085100000, 0x0000000085100000, 0x0000000085200000|  0%| F|  |TAMS 0x0000000085100000, 0x0000000085100000| Untracked 
|  82|0x0000000085200000, 0x0000000085200000, 0x0000000085300000|  0%| F|  |TAMS 0x0000000085200000, 0x0000000085200000| Untracked 
|  83|0x0000000085300000, 0x0000000085300000, 0x0000000085400000|  0%| F|  |TAMS 0x0000000085300000, 0x0000000085300000| Untracked 
|  84|0x0000000085400000, 0x0000000085400000, 0x0000000085500000|  0%| F|  |TAMS 0x0000000085400000, 0x0000000085400000| Untracked 
|  85|0x0000000085500000, 0x0000000085500000, 0x0000000085600000|  0%| F|  |TAMS 0x0000000085500000, 0x0000000085500000| Untracked 
|  86|0x0000000085600000, 0x0000000085600000, 0x0000000085700000|  0%| F|  |TAMS 0x0000000085600000, 0x0000000085600000| Untracked 
|  87|0x0000000085700000, 0x0000000085700000, 0x0000000085800000|  0%| F|  |TAMS 0x0000000085700000, 0x0000000085700000| Untracked 
|  88|0x0000000085800000, 0x0000000085800000, 0x0000000085900000|  0%| F|  |TAMS 0x0000000085800000, 0x0000000085800000| Untracked 
|  89|0x0000000085900000, 0x0000000085900000, 0x0000000085a00000|  0%| F|  |TAMS 0x0000000085900000, 0x0000000085900000| Untracked 
|  90|0x0000000085a00000, 0x0000000085a00000, 0x0000000085b00000|  0%| F|  |TAMS 0x0000000085a00000, 0x0000000085a00000| Untracked 
|  91|0x0000000085b00000, 0x0000000085b00000, 0x0000000085c00000|  0%| F|  |TAMS 0x0000000085b00000, 0x0000000085b00000| Untracked 
|  92|0x0000000085c00000, 0x0000000085c00000, 0x0000000085d00000|  0%| F|  |TAMS 0x0000000085c00000, 0x0000000085c00000| Untracked 
|  93|0x0000000085d00000, 0x0000000085d00000, 0x0000000085e00000|  0%| F|  |TAMS 0x0000000085d00000, 0x0000000085d00000| Untracked 
|  94|0x0000000085e00000, 0x0000000085e00000, 0x0000000085f00000|  0%| F|  |TAMS 0x0000000085e00000, 0x0000000085e00000| Untracked 
|  95|0x0000000085f00000, 0x0000000085f00000, 0x0000000086000000|  0%| F|  |TAMS 0x0000000085f00000, 0x0000000085f00000| Untracked 
|  96|0x0000000086000000, 0x0000000086000000, 0x0000000086100000|  0%| F|  |TAMS 0x0000000086000000, 0x0000000086000000| Untracked 
|  97|0x0000000086100000, 0x0000000086100000, 0x0000000086200000|  0%| F|  |TAMS 0x0000000086100000, 0x0000000086100000| Untracked 
|  98|0x0000000086200000, 0x0000000086200000, 0x0000000086300000|  0%| F|  |TAMS 0x0000000086200000, 0x0000000086200000| Untracked 
|  99|0x0000000086300000, 0x0000000086300000, 0x0000000086400000|  0%| F|  |TAMS 0x0000000086300000, 0x0000000086300000| Untracked 
| 100|0x0000000086400000, 0x0000000086400000, 0x0000000086500000|  0%| F|  |TAMS 0x0000000086400000, 0x0000000086400000| Untracked 
| 101|0x0000000086500000, 0x0000000086500000, 0x0000000086600000|  0%| F|  |TAMS 0x0000000086500000, 0x0000000086500000| Untracked 
| 102|0x0000000086600000, 0x0000000086600000, 0x0000000086700000|  0%| F|  |TAMS 0x0000000086600000, 0x0000000086600000| Untracked 
| 103|0x0000000086700000, 0x0000000086700000, 0x0000000086800000|  0%| F|  |TAMS 0x0000000086700000, 0x0000000086700000| Untracked 
| 104|0x0000000086800000, 0x0000000086800000, 0x0000000086900000|  0%| F|  |TAMS 0x0000000086800000, 0x0000000086800000| Untracked 
| 105|0x0000000086900000, 0x0000000086900000, 0x0000000086a00000|  0%| F|  |TAMS 0x0000000086900000, 0x0000000086900000| Untracked 
| 106|0x0000000086a00000, 0x0000000086a00000, 0x0000000086b00000|  0%| F|  |TAMS 0x0000000086a00000, 0x0000000086a00000| Untracked 
| 107|0x0000000086b00000, 0x0000000086b00000, 0x0000000086c00000|  0%| F|  |TAMS 0x0000000086b00000, 0x0000000086b00000| Untracked 
| 108|0x0000000086c00000, 0x0000000086c00000, 0x0000000086d00000|  0%| F|  |TAMS 0x0000000086c00000, 0x0000000086c00000| Untracked 
| 109|0x0000000086d00000, 0x0000000086d00000, 0x0000000086e00000|  0%| F|  |TAMS 0x0000000086d00000, 0x0000000086d00000| Untracked 
| 110|0x0000000086e00000, 0x0000000086e00000, 0x0000000086f00000|  0%| F|  |TAMS 0x0000000086e00000, 0x0000000086e00000| Untracked 
| 111|0x0000000086f00000, 0x0000000086f00000, 0x0000000087000000|  0%| F|  |TAMS 0x0000000086f00000, 0x0000000086f00000| Untracked 
| 112|0x0000000087000000, 0x0000000087000000, 0x0000000087100000|  0%| F|  |TAMS 0x0000000087000000, 0x0000000087000000| Untracked 
| 113|0x0000000087100000, 0x0000000087100000, 0x0000000087200000|  0%| F|  |TAMS 0x0000000087100000, 0x0000000087100000| Untracked 
| 114|0x0000000087200000, 0x0000000087200000, 0x0000000087300000|  0%| F|  |TAMS 0x0000000087200000, 0x0000000087200000| Untracked 
| 115|0x0000000087300000, 0x0000000087300000, 0x0000000087400000|  0%| F|  |TAMS 0x0000000087300000, 0x0000000087300000| Untracked 
| 116|0x0000000087400000, 0x0000000087400000, 0x0000000087500000|  0%| F|  |TAMS 0x0000000087400000, 0x0000000087400000| Untracked 
| 117|0x0000000087500000, 0x0000000087500000, 0x0000000087600000|  0%| F|  |TAMS 0x0000000087500000, 0x0000000087500000| Untracked 
| 118|0x0000000087600000, 0x0000000087600000, 0x0000000087700000|  0%| F|  |TAMS 0x0000000087600000, 0x0000000087600000| Untracked 
| 119|0x0000000087700000, 0x0000000087700000, 0x0000000087800000|  0%| F|  |TAMS 0x0000000087700000, 0x0000000087700000| Untracked 
| 120|0x0000000087800000, 0x0000000087800000, 0x0000000087900000|  0%| F|  |TAMS 0x0000000087800000, 0x0000000087800000| Untracked 
| 121|0x0000000087900000, 0x0000000087900000, 0x0000000087a00000|  0%| F|  |TAMS 0x0000000087900000, 0x0000000087900000| Untracked 
| 122|0x0000000087a00000, 0x0000000087a00000, 0x0000000087b00000|  0%| F|  |TAMS 0x0000000087a00000, 0x0000000087a00000| Untracked 
| 123|0x0000000087b00000, 0x0000000087b00000, 0x0000000087c00000|  0%| F|  |TAMS 0x0000000087b00000, 0x0000000087b00000| Untracked 
| 124|0x0000000087c00000, 0x0000000087c00000, 0x0000000087d00000|  0%| F|  |TAMS 0x0000000087c00000, 0x0000000087c00000| Untracked 
| 125|0x0000000087d00000, 0x0000000087d00000, 0x0000000087e00000|  0%| F|  |TAMS 0x0000000087d00000, 0x0000000087d00000| Untracked 
| 126|0x0000000087e00000, 0x0000000087e00000, 0x0000000087f00000|  0%| F|  |TAMS 0x0000000087e00000, 0x0000000087e00000| Untracked 
| 127|0x0000000087f00000, 0x0000000087f00000, 0x0000000088000000|  0%| F|  |TAMS 0x0000000087f00000, 0x0000000087f00000| Untracked 
| 128|0x0000000088000000, 0x0000000088000000, 0x0000000088100000|  0%| F|  |TAMS 0x0000000088000000, 0x0000000088000000| Untracked 
| 129|0x0000000088100000, 0x0000000088100000, 0x0000000088200000|  0%| F|  |TAMS 0x0000000088100000, 0x0000000088100000| Untracked 
| 130|0x0000000088200000, 0x0000000088200000, 0x0000000088300000|  0%| F|  |TAMS 0x0000000088200000, 0x0000000088200000| Untracked 
| 131|0x0000000088300000, 0x0000000088300000, 0x0000000088400000|  0%| F|  |TAMS 0x0000000088300000, 0x0000000088300000| Untracked 
| 132|0x0000000088400000, 0x0000000088400000, 0x0000000088500000|  0%| F|  |TAMS 0x0000000088400000, 0x0000000088400000| Untracked 
| 133|0x0000000088500000, 0x0000000088500000, 0x0000000088600000|  0%| F|  |TAMS 0x0000000088500000, 0x0000000088500000| Untracked 
| 134|0x0000000088600000, 0x0000000088600000, 0x0000000088700000|  0%| F|  |TAMS 0x0000000088600000, 0x0000000088600000| Untracked 
| 135|0x0000000088700000, 0x0000000088700000, 0x0000000088800000|  0%| F|  |TAMS 0x0000000088700000, 0x0000000088700000| Untracked 
| 136|0x0000000088800000, 0x0000000088800000, 0x0000000088900000|  0%| F|  |TAMS 0x0000000088800000, 0x0000000088800000| Untracked 
| 137|0x0000000088900000, 0x0000000088900000, 0x0000000088a00000|  0%| F|  |TAMS 0x0000000088900000, 0x0000000088900000| Untracked 
| 138|0x0000000088a00000, 0x0000000088a00000, 0x0000000088b00000|  0%| F|  |TAMS 0x0000000088a00000, 0x0000000088a00000| Untracked 
| 139|0x0000000088b00000, 0x0000000088b00000, 0x0000000088c00000|  0%| F|  |TAMS 0x0000000088b00000, 0x0000000088b00000| Untracked 
| 140|0x0000000088c00000, 0x0000000088c00000, 0x0000000088d00000|  0%| F|  |TAMS 0x0000000088c00000, 0x0000000088c00000| Untracked 
| 141|0x0000000088d00000, 0x0000000088d00000, 0x0000000088e00000|  0%| F|  |TAMS 0x0000000088d00000, 0x0000000088d00000| Untracked 
| 142|0x0000000088e00000, 0x0000000088e00000, 0x0000000088f00000|  0%| F|  |TAMS 0x0000000088e00000, 0x0000000088e00000| Untracked 
| 143|0x0000000088f00000, 0x0000000088f00000, 0x0000000089000000|  0%| F|  |TAMS 0x0000000088f00000, 0x0000000088f00000| Untracked 
| 144|0x0000000089000000, 0x0000000089000000, 0x0000000089100000|  0%| F|  |TAMS 0x0000000089000000, 0x0000000089000000| Untracked 
| 145|0x0000000089100000, 0x0000000089100000, 0x0000000089200000|  0%| F|  |TAMS 0x0000000089100000, 0x0000000089100000| Untracked 
| 146|0x0000000089200000, 0x0000000089200000, 0x0000000089300000|  0%| F|  |TAMS 0x0000000089200000, 0x0000000089200000| Untracked 
| 147|0x0000000089300000, 0x0000000089300000, 0x0000000089400000|  0%| F|  |TAMS 0x0000000089300000, 0x0000000089300000| Untracked 
| 148|0x0000000089400000, 0x0000000089400000, 0x0000000089500000|  0%| F|  |TAMS 0x0000000089400000, 0x0000000089400000| Untracked 
| 149|0x0000000089500000, 0x0000000089500000, 0x0000000089600000|  0%| F|  |TAMS 0x0000000089500000, 0x0000000089500000| Untracked 
| 150|0x0000000089600000, 0x0000000089600000, 0x0000000089700000|  0%| F|  |TAMS 0x0000000089600000, 0x0000000089600000| Untracked 
| 151|0x0000000089700000, 0x0000000089700000, 0x0000000089800000|  0%| F|  |TAMS 0x0000000089700000, 0x0000000089700000| Untracked 
| 152|0x0000000089800000, 0x0000000089800000, 0x0000000089900000|  0%| F|  |TAMS 0x0000000089800000, 0x0000000089800000| Untracked 
| 153|0x0000000089900000, 0x0000000089900000, 0x0000000089a00000|  0%| F|  |TAMS 0x0000000089900000, 0x0000000089900000| Untracked 
| 154|0x0000000089a00000, 0x0000000089a00000, 0x0000000089b00000|  0%| F|  |TAMS 0x0000000089a00000, 0x0000000089a00000| Untracked 
| 155|0x0000000089b00000, 0x0000000089b00000, 0x0000000089c00000|  0%| F|  |TAMS 0x0000000089b00000, 0x0000000089b00000| Untracked 
| 156|0x0000000089c00000, 0x0000000089c00000, 0x0000000089d00000|  0%| F|  |TAMS 0x0000000089c00000, 0x0000000089c00000| Untracked 
| 157|0x0000000089d00000, 0x0000000089d00000, 0x0000000089e00000|  0%| F|  |TAMS 0x0000000089d00000, 0x0000000089d00000| Untracked 
| 158|0x0000000089e00000, 0x0000000089e00000, 0x0000000089f00000|  0%| F|  |TAMS 0x0000000089e00000, 0x0000000089e00000| Untracked 
| 159|0x0000000089f00000, 0x0000000089f00000, 0x000000008a000000|  0%| F|  |TAMS 0x0000000089f00000, 0x0000000089f00000| Untracked 
| 160|0x000000008a000000, 0x000000008a000000, 0x000000008a100000|  0%| F|  |TAMS 0x000000008a000000, 0x000000008a000000| Untracked 
| 161|0x000000008a100000, 0x000000008a100000, 0x000000008a200000|  0%| F|  |TAMS 0x000000008a100000, 0x000000008a100000| Untracked 
| 162|0x000000008a200000, 0x000000008a200000, 0x000000008a300000|  0%| F|  |TAMS 0x000000008a200000, 0x000000008a200000| Untracked 
| 163|0x000000008a300000, 0x000000008a300000, 0x000000008a400000|  0%| F|  |TAMS 0x000000008a300000, 0x000000008a300000| Untracked 
| 164|0x000000008a400000, 0x000000008a400000, 0x000000008a500000|  0%| F|  |TAMS 0x000000008a400000, 0x000000008a400000| Untracked 
| 165|0x000000008a500000, 0x000000008a500000, 0x000000008a600000|  0%| F|  |TAMS 0x000000008a500000, 0x000000008a500000| Untracked 
| 166|0x000000008a600000, 0x000000008a600000, 0x000000008a700000|  0%| F|  |TAMS 0x000000008a600000, 0x000000008a600000| Untracked 
| 167|0x000000008a700000, 0x000000008a700000, 0x000000008a800000|  0%| F|  |TAMS 0x000000008a700000, 0x000000008a700000| Untracked 
| 168|0x000000008a800000, 0x000000008a800000, 0x000000008a900000|  0%| F|  |TAMS 0x000000008a800000, 0x000000008a800000| Untracked 
| 169|0x000000008a900000, 0x000000008a900000, 0x000000008aa00000|  0%| F|  |TAMS 0x000000008a900000, 0x000000008a900000| Untracked 
| 170|0x000000008aa00000, 0x000000008aa00000, 0x000000008ab00000|  0%| F|  |TAMS 0x000000008aa00000, 0x000000008aa00000| Untracked 
| 171|0x000000008ab00000, 0x000000008ab00000, 0x000000008ac00000|  0%| F|  |TAMS 0x000000008ab00000, 0x000000008ab00000| Untracked 
| 172|0x000000008ac00000, 0x000000008ac00000, 0x000000008ad00000|  0%| F|  |TAMS 0x000000008ac00000, 0x000000008ac00000| Untracked 
| 173|0x000000008ad00000, 0x000000008ad00000, 0x000000008ae00000|  0%| F|  |TAMS 0x000000008ad00000, 0x000000008ad00000| Untracked 
| 174|0x000000008ae00000, 0x000000008ae00000, 0x000000008af00000|  0%| F|  |TAMS 0x000000008ae00000, 0x000000008ae00000| Untracked 
| 175|0x000000008af00000, 0x000000008af00000, 0x000000008b000000|  0%| F|  |TAMS 0x000000008af00000, 0x000000008af00000| Untracked 
| 176|0x000000008b000000, 0x000000008b000000, 0x000000008b100000|  0%| F|  |TAMS 0x000000008b000000, 0x000000008b000000| Untracked 
| 177|0x000000008b100000, 0x000000008b100000, 0x000000008b200000|  0%| F|  |TAMS 0x000000008b100000, 0x000000008b100000| Untracked 
| 178|0x000000008b200000, 0x000000008b200000, 0x000000008b300000|  0%| F|  |TAMS 0x000000008b200000, 0x000000008b200000| Untracked 
| 179|0x000000008b300000, 0x000000008b300000, 0x000000008b400000|  0%| F|  |TAMS 0x000000008b300000, 0x000000008b300000| Untracked 
| 180|0x000000008b400000, 0x000000008b500000, 0x000000008b500000|100%| S|CS|TAMS 0x000000008b400000, 0x000000008b400000| Complete 
| 181|0x000000008b500000, 0x000000008b600000, 0x000000008b600000|100%| S|CS|TAMS 0x000000008b500000, 0x000000008b500000| Complete 
| 182|0x000000008b600000, 0x000000008b600000, 0x000000008b700000|  0%| F|  |TAMS 0x000000008b600000, 0x000000008b600000| Untracked 
| 183|0x000000008b700000, 0x000000008b700000, 0x000000008b800000|  0%| F|  |TAMS 0x000000008b700000, 0x000000008b700000| Untracked 
| 184|0x000000008b800000, 0x000000008b800000, 0x000000008b900000|  0%| F|  |TAMS 0x000000008b800000, 0x000000008b800000| Untracked 
| 185|0x000000008b900000, 0x000000008b900000, 0x000000008ba00000|  0%| F|  |TAMS 0x000000008b900000, 0x000000008b900000| Untracked 
| 186|0x000000008ba00000, 0x000000008ba00000, 0x000000008bb00000|  0%| F|  |TAMS 0x000000008ba00000, 0x000000008ba00000| Untracked 
| 187|0x000000008bb00000, 0x000000008bb00000, 0x000000008bc00000|  0%| F|  |TAMS 0x000000008bb00000, 0x000000008bb00000| Untracked 
| 188|0x000000008bc00000, 0x000000008bc00000, 0x000000008bd00000|  0%| F|  |TAMS 0x000000008bc00000, 0x000000008bc00000| Untracked 
| 189|0x000000008bd00000, 0x000000008bd00000, 0x000000008be00000|  0%| F|  |TAMS 0x000000008bd00000, 0x000000008bd00000| Untracked 
| 190|0x000000008be00000, 0x000000008be00000, 0x000000008bf00000|  0%| F|  |TAMS 0x000000008be00000, 0x000000008be00000| Untracked 
| 191|0x000000008bf00000, 0x000000008bf00000, 0x000000008c000000|  0%| F|  |TAMS 0x000000008bf00000, 0x000000008bf00000| Untracked 
| 192|0x000000008c000000, 0x000000008c000000, 0x000000008c100000|  0%| F|  |TAMS 0x000000008c000000, 0x000000008c000000| Untracked 
| 193|0x000000008c100000, 0x000000008c100000, 0x000000008c200000|  0%| F|  |TAMS 0x000000008c100000, 0x000000008c100000| Untracked 
| 194|0x000000008c200000, 0x000000008c200000, 0x000000008c300000|  0%| F|  |TAMS 0x000000008c200000, 0x000000008c200000| Untracked 
| 195|0x000000008c300000, 0x000000008c300000, 0x000000008c400000|  0%| F|  |TAMS 0x000000008c300000, 0x000000008c300000| Untracked 
| 196|0x000000008c400000, 0x000000008c400000, 0x000000008c500000|  0%| F|  |TAMS 0x000000008c400000, 0x000000008c400000| Untracked 
| 197|0x000000008c500000, 0x000000008c500000, 0x000000008c600000|  0%| F|  |TAMS 0x000000008c500000, 0x000000008c500000| Untracked 
| 198|0x000000008c600000, 0x000000008c600000, 0x000000008c700000|  0%| F|  |TAMS 0x000000008c600000, 0x000000008c600000| Untracked 
| 199|0x000000008c700000, 0x000000008c700000, 0x000000008c800000|  0%| F|  |TAMS 0x000000008c700000, 0x000000008c700000| Untracked 
| 200|0x000000008c800000, 0x000000008c800000, 0x000000008c900000|  0%| F|  |TAMS 0x000000008c800000, 0x000000008c800000| Untracked 
| 201|0x000000008c900000, 0x000000008c900000, 0x000000008ca00000|  0%| F|  |TAMS 0x000000008c900000, 0x000000008c900000| Untracked 
| 202|0x000000008ca00000, 0x000000008ca00000, 0x000000008cb00000|  0%| F|  |TAMS 0x000000008ca00000, 0x000000008ca00000| Untracked 
| 203|0x000000008cb00000, 0x000000008cb00000, 0x000000008cc00000|  0%| F|  |TAMS 0x000000008cb00000, 0x000000008cb00000| Untracked 
| 204|0x000000008cc00000, 0x000000008cc00000, 0x000000008cd00000|  0%| F|  |TAMS 0x000000008cc00000, 0x000000008cc00000| Untracked 
| 205|0x000000008cd00000, 0x000000008cd00000, 0x000000008ce00000|  0%| F|  |TAMS 0x000000008cd00000, 0x000000008cd00000| Untracked 
| 206|0x000000008ce00000, 0x000000008ce00000, 0x000000008cf00000|  0%| F|  |TAMS 0x000000008ce00000, 0x000000008ce00000| Untracked 
| 207|0x000000008cf00000, 0x000000008cf00000, 0x000000008d000000|  0%| F|  |TAMS 0x000000008cf00000, 0x000000008cf00000| Untracked 
| 208|0x000000008d000000, 0x000000008d000000, 0x000000008d100000|  0%| F|  |TAMS 0x000000008d000000, 0x000000008d000000| Untracked 
| 209|0x000000008d100000, 0x000000008d100000, 0x000000008d200000|  0%| F|  |TAMS 0x000000008d100000, 0x000000008d100000| Untracked 
| 210|0x000000008d200000, 0x000000008d200000, 0x000000008d300000|  0%| F|  |TAMS 0x000000008d200000, 0x000000008d200000| Untracked 
| 211|0x000000008d300000, 0x000000008d300000, 0x000000008d400000|  0%| F|  |TAMS 0x000000008d300000, 0x000000008d300000| Untracked 
| 212|0x000000008d400000, 0x000000008d400000, 0x000000008d500000|  0%| F|  |TAMS 0x000000008d400000, 0x000000008d400000| Untracked 
| 213|0x000000008d500000, 0x000000008d580800, 0x000000008d600000| 50%| E|  |TAMS 0x000000008d500000, 0x000000008d500000| Complete 
| 214|0x000000008d600000, 0x000000008d700000, 0x000000008d700000|100%| E|CS|TAMS 0x000000008d600000, 0x000000008d600000| Complete 
| 215|0x000000008d700000, 0x000000008d800000, 0x000000008d800000|100%| E|CS|TAMS 0x000000008d700000, 0x000000008d700000| Complete 
| 216|0x000000008d800000, 0x000000008d900000, 0x000000008d900000|100%| E|CS|TAMS 0x000000008d800000, 0x000000008d800000| Complete 
| 217|0x000000008d900000, 0x000000008da00000, 0x000000008da00000|100%| E|CS|TAMS 0x000000008d900000, 0x000000008d900000| Complete 
| 218|0x000000008da00000, 0x000000008db00000, 0x000000008db00000|100%| E|CS|TAMS 0x000000008da00000, 0x000000008da00000| Complete 
| 219|0x000000008db00000, 0x000000008dc00000, 0x000000008dc00000|100%| E|CS|TAMS 0x000000008db00000, 0x000000008db00000| Complete 
| 220|0x000000008dc00000, 0x000000008dd00000, 0x000000008dd00000|100%| E|CS|TAMS 0x000000008dc00000, 0x000000008dc00000| Complete 
| 221|0x000000008dd00000, 0x000000008de00000, 0x000000008de00000|100%| E|CS|TAMS 0x000000008dd00000, 0x000000008dd00000| Complete 
| 222|0x000000008de00000, 0x000000008df00000, 0x000000008df00000|100%| E|CS|TAMS 0x000000008de00000, 0x000000008de00000| Complete 
| 223|0x000000008df00000, 0x000000008e000000, 0x000000008e000000|100%| E|CS|TAMS 0x000000008df00000, 0x000000008df00000| Complete 

Card table byte_map: [0x0000023af8220000,0x0000023af8620000] _byte_map_base: 0x0000023af7e20000

Marking Bits (Prev, Next): (CMBitMap*) 0x0000023ae503c050, (CMBitMap*) 0x0000023ae503c018
 Prev Bits: [0x0000023afaa20000, 0x0000023afca20000)
 Next Bits: [0x0000023af8a20000, 0x0000023afaa20000)

Polling page: 0x0000023ae2fc0000

Metaspace:

Usage:
  Non-class:     22.36 MB capacity,    22.03 MB ( 99%) used,   284.76 KB (  1%) free+waste,    50.13 KB ( <1%) overhead. 
      Class:      3.55 MB capacity,     3.32 MB ( 94%) used,   210.63 KB (  6%) free+waste,    25.44 KB ( <1%) overhead. 
       Both:     25.91 MB capacity,    25.35 MB ( 98%) used,   495.39 KB (  2%) free+waste,    75.56 KB ( <1%) overhead. 

Virtual space:
  Non-class space:       24.00 MB reserved,      22.50 MB ( 94%) committed 
      Class space:        1.00 GB reserved,       3.63 MB ( <1%) committed 
             Both:        1.02 GB reserved,      26.13 MB (  2%) committed 

Chunk freelists:
   Non-Class:  18.00 KB
       Class:  15.00 KB
        Both:  33.00 KB

MaxMetaspaceSize: 17179869184.00 GB
CompressedClassSpaceSize: 1.00 GB

CodeHeap 'non-profiled nmethods': size=120000Kb used=1170Kb max_used=1170Kb free=118829Kb
 bounds [0x0000023af05c0000, 0x0000023af0830000, 0x0000023af7af0000]
CodeHeap 'profiled nmethods': size=120000Kb used=4772Kb max_used=4772Kb free=115227Kb
 bounds [0x0000023ae9090000, 0x0000023ae9540000, 0x0000023af05c0000]
CodeHeap 'non-nmethods': size=5760Kb used=1160Kb max_used=1188Kb free=4599Kb
 bounds [0x0000023ae8af0000, 0x0000023ae8d60000, 0x0000023ae9090000]
 total_blobs=2737 nmethods=2234 adapters=414
 compilation: enabled
              stopped_count=0, restarted_count=0
 full_count=0

Compilation events (20 events):
Event: 3.091 Thread 0x0000023a8006c000 nmethod 2211 0x0000023ae951ce90 code [0x0000023ae951d1e0, 0x0000023ae951e5d8]
Event: 3.092 Thread 0x0000023a8006c000 2212       3       java.lang.invoke.MemberName::hashCode (43 bytes)
Event: 3.092 Thread 0x0000023a8006c000 nmethod 2212 0x0000023ae951eb90 code [0x0000023ae951ee00, 0x0000023ae951faa8]
Event: 3.092 Thread 0x0000023a8006c000 2213       3       java.lang.Byte::hashCode (8 bytes)
Event: 3.093 Thread 0x0000023a8006c000 nmethod 2213 0x0000023ae951fe10 code [0x0000023ae951ffc0, 0x0000023ae9520118]
Event: 3.093 Thread 0x0000023a8006c000 2214       3       java.lang.Byte::hashCode (2 bytes)
Event: 3.093 Thread 0x0000023a8006c000 nmethod 2214 0x0000023ae9520210 code [0x0000023ae95203c0, 0x0000023ae9520498]
Event: 3.093 Thread 0x0000023a8006a800 nmethod 2183 0x0000023af06de690 code [0x0000023af06de8e0, 0x0000023af06e0f90]
Event: 3.093 Thread 0x0000023a8006a800 2202       4       com.google.common.base.CharMatcher::indexIn (48 bytes)
Event: 3.097 Thread 0x0000023a8006a800 nmethod 2202 0x0000023af06e1c10 code [0x0000023af06e1de0, 0x0000023af06e2098]
Event: 3.097 Thread 0x0000023a8006a800 2182  s    4       java.io.DataOutputStream::write (14 bytes)
Event: 3.099 Thread 0x0000023a8006c000 2216       3       jdk.internal.misc.VM::isSystemDomainLoader (17 bytes)
Event: 3.099 Thread 0x0000023a8006c000 nmethod 2216 0x0000023ae9520510 code [0x0000023ae9520760, 0x0000023ae95210d8]
Event: 3.101 Thread 0x0000023a8006c000 2217       3       java.util.concurrent.ConcurrentHashMap::remove (8 bytes)
Event: 3.101 Thread 0x0000023a8006c000 nmethod 2217 0x0000023ae9521410 code [0x0000023ae95215c0, 0x0000023ae9521708]
Event: 3.103 Thread 0x0000023a8006a800 nmethod 2182 0x0000023af06e2310 code [0x0000023af06e24e0, 0x0000023af06e2f28]
Event: 3.103 Thread 0x0000023a8006a800 2218       4       java.security.CodeSource::getCertificates (98 bytes)
Event: 3.104 Thread 0x0000023a8006a800 nmethod 2218 0x0000023af06e3290 code [0x0000023af06e3420, 0x0000023af06e34b8]
Event: 3.104 Thread 0x0000023a8006a800 2179       4       java.nio.Buffer::nextGetIndex (30 bytes)
Event: 3.104 Thread 0x0000023a8006a800 nmethod 2179 0x0000023af06e3590 code [0x0000023af06e3720, 0x0000023af06e37b8]

GC Heap History (6 events):
Event: 0.724 GC heap before
{Heap before GC invocations=0 (full 0):
 garbage-first heap   total 229376K, used 29696K [0x0000000080000000, 0x0000000100000000)
  region size 1024K, 24 young (24576K), 0 survivors (0K)
 Metaspace       used 10197K, capacity 10361K, committed 10624K, reserved 1058816K
  class space    used 1064K, capacity 1139K, committed 1152K, reserved 1048576K
}
Event: 0.729 GC heap after
{Heap after GC invocations=1 (full 0):
 garbage-first heap   total 229376K, used 9261K [0x0000000080000000, 0x0000000100000000)
  region size 1024K, 3 young (3072K), 3 survivors (3072K)
 Metaspace       used 10197K, capacity 10361K, committed 10624K, reserved 1058816K
  class space    used 1064K, capacity 1139K, committed 1152K, reserved 1048576K
}
Event: 2.583 GC heap before
{Heap before GC invocations=1 (full 0):
 garbage-first heap   total 229376K, used 104493K [0x0000000080000000, 0x0000000100000000)
  region size 1024K, 97 young (99328K), 3 survivors (3072K)
 Metaspace       used 20646K, capacity 21128K, committed 21248K, reserved 1067008K
  class space    used 2518K, capacity 2722K, committed 2816K, reserved 1048576K
}
Event: 2.591 GC heap after
{Heap after GC invocations=2 (full 0):
 garbage-first heap   total 229376K, used 16468K [0x0000000080000000, 0x0000000100000000)
  region size 1024K, 11 young (11264K), 11 survivors (11264K)
 Metaspace       used 20646K, capacity 21128K, committed 21248K, reserved 1067008K
  class space    used 2518K, capacity 2722K, committed 2816K, reserved 1048576K
}
Event: 3.062 GC heap before
{Heap before GC invocations=3 (full 0):
 garbage-first heap   total 229376K, used 58452K [0x0000000080000000, 0x0000000100000000)
  region size 1024K, 53 young (54272K), 11 survivors (11264K)
 Metaspace       used 25069K, capacity 25613K, committed 25728K, reserved 1071104K
  class space    used 3251K, capacity 3455K, committed 3456K, reserved 1048576K
}
Event: 3.069 GC heap after
{Heap after GC invocations=4 (full 0):
 garbage-first heap   total 229376K, used 19047K [0x0000000080000000, 0x0000000100000000)
  region size 1024K, 2 young (2048K), 2 survivors (2048K)
 Metaspace       used 25069K, capacity 25613K, committed 25728K, reserved 1071104K
  class space    used 3251K, capacity 3455K, committed 3456K, reserved 1048576K
}

Deoptimization events (20 events):
Event: 2.798 Thread 0x0000023a81a50000 Uncommon trap: trap_request=0xffffff4d fr.pc=0x0000023af060f4fc relative=0x000000000000023c
Event: 2.798 Thread 0x0000023a81a50000 Uncommon trap: reason=unstable_if action=reinterpret pc=0x0000023af060f4fc method=java.util.concurrent.ConcurrentHashMap.get(Ljava/lang/Object;)Ljava/lang/Object; @ 76 c2
Event: 2.798 Thread 0x0000023a81a50000 DEOPT PACKING pc=0x0000023af060f4fc sp=0x000000702defacb0
Event: 2.798 Thread 0x0000023a81a50000 DEOPT UNPACKING pc=0x0000023ae8b178af sp=0x000000702defac18 mode 2
Event: 2.821 Thread 0x0000023a81a50000 Uncommon trap: trap_request=0xffffffcc fr.pc=0x0000023af06c2c68 relative=0x0000000000000328
Event: 2.821 Thread 0x0000023a81a50000 Uncommon trap: reason=intrinsic_or_type_checked_inlining action=make_not_entrant pc=0x0000023af06c2c68 method=java.util.Arrays.copyOf([Ljava/lang/Object;ILjava/lang/Class;)[Ljava/lang/Object; @ 35 c2
Event: 2.821 Thread 0x0000023a81a50000 DEOPT PACKING pc=0x0000023af06c2c68 sp=0x000000702defd0e0
Event: 2.821 Thread 0x0000023a81a50000 DEOPT UNPACKING pc=0x0000023ae8b178af sp=0x000000702defd070 mode 2
Event: 3.056 Thread 0x0000023a81a50000 Uncommon trap: trap_request=0xffffff7e fr.pc=0x0000023af06d7748 relative=0x0000000000000168
Event: 3.057 Thread 0x0000023a81a50000 Uncommon trap: reason=predicate action=maybe_recompile pc=0x0000023af06d7748 method=com.google.common.base.CharMatcher.indexIn(Ljava/lang/CharSequence;I)I @ 19 c2
Event: 3.057 Thread 0x0000023a81a50000 DEOPT PACKING pc=0x0000023af06d7748 sp=0x000000702defbcb0
Event: 3.057 Thread 0x0000023a81a50000 DEOPT UNPACKING pc=0x0000023ae8b178af sp=0x000000702defbc40 mode 2
Event: 3.100 Thread 0x0000023a81a50000 Uncommon trap: trap_request=0xffffffde fr.pc=0x0000023af06b5ae0 relative=0x0000000000000320
Event: 3.100 Thread 0x0000023a81a50000 Uncommon trap: reason=class_check action=maybe_recompile pc=0x0000023af06b5ae0 method=java.util.Collections$SetFromMap.remove(Ljava/lang/Object;)Z @ 5 c2
Event: 3.100 Thread 0x0000023a81a50000 DEOPT PACKING pc=0x0000023af06b5ae0 sp=0x000000702defc6d0
Event: 3.100 Thread 0x0000023a81a50000 DEOPT UNPACKING pc=0x0000023ae8b178af sp=0x000000702defc6b8 mode 2
Event: 3.100 Thread 0x0000023a81a50000 Uncommon trap: trap_request=0xffffffde fr.pc=0x0000023af06b5ae0 relative=0x0000000000000320
Event: 3.100 Thread 0x0000023a81a50000 Uncommon trap: reason=class_check action=maybe_recompile pc=0x0000023af06b5ae0 method=java.util.Collections$SetFromMap.remove(Ljava/lang/Object;)Z @ 5 c2
Event: 3.100 Thread 0x0000023a81a50000 DEOPT PACKING pc=0x0000023af06b5ae0 sp=0x000000702defc650
Event: 3.100 Thread 0x0000023a81a50000 DEOPT UNPACKING pc=0x0000023ae8b178af sp=0x000000702defc638 mode 2

Classes redefined (0 events):
No events

Internal exceptions (20 events):
Event: 2.473 Thread 0x0000023a81a50000 Exception <a 'java/lang/NoSuchMethodError'{0x00000000887231b8}: 'void java.lang.invoke.DirectMethodHandle$Holder.invokeInterface(java.lang.Object, java.lang.Object)'> (0x00000000887231b8) thrown at [./src/hotspot/share/interpreter/linkResolver.cpp, line 773]
Event: 2.473 Thread 0x0000023a81a50000 Exception <a 'java/lang/IncompatibleClassChangeError'{0x0000000088726368}: Found class java.lang.Object, but interface was expected> (0x0000000088726368) thrown at [./src/hotspot/share/interpreter/linkResolver.cpp, line 839]
Event: 2.486 Thread 0x0000023a81a50000 Exception <a 'java/lang/NoSuchMethodError'{0x0000000088692de8}: 'void java.lang.invoke.DirectMethodHandle$Holder.invokeStaticInit(java.lang.Object)'> (0x0000000088692de8) thrown at [./src/hotspot/share/interpreter/linkResolver.cpp, line 773]
Event: 2.520 Thread 0x0000023a81a50000 Exception <a 'java/lang/NoSuchMethodError'{0x0000000088303448}: 'java.lang.Object java.lang.invoke.DirectMethodHandle$Holder.invokeStatic(java.lang.Object, java.lang.Object, java.lang.Object, int)'> (0x0000000088303448) thrown at [./src/hotspot/share/interpreter/linkResolver.cpp, line 773]
Event: 2.521 Thread 0x0000023a81a50000 Exception <a 'java/lang/NoSuchMethodError'{0x0000000088307610}: 'java.lang.Object java.lang.invoke.DirectMethodHandle$Holder.invokeSpecial(java.lang.Object, java.lang.Object, java.lang.Object, java.lang.Object, int)'> (0x0000000088307610) thrown at [./src/hotspot/share/interpreter/linkResolver.cpp, line 773]
Event: 2.521 Thread 0x0000023a81a50000 Exception <a 'java/lang/NoSuchMethodError'{0x000000008830aff8}: 'java.lang.Object java.lang.invoke.Invokers$Holder.linkToTargetMethod(java.lang.Object, java.lang.Object, int, java.lang.Object)'> (0x000000008830aff8) thrown at [./src/hotspot/share/interpreter/linkResolver.cpp, line 773]
Event: 2.594 Thread 0x0000023a81a50000 Exception <a 'java/lang/NoSuchMethodError'{0x000000008df20d10}: 'int java.lang.invoke.DirectMethodHandle$Holder.invokeSpecialIFC(java.lang.Object, java.lang.Object, java.lang.Object, java.lang.Object)'> (0x000000008df20d10) thrown at [./src/hotspot/share/interpreter/linkResolver.cpp, line 773]
Event: 2.598 Thread 0x0000023a81a50000 Exception <a 'java/lang/NoSuchMethodError'{0x000000008df2ead0}: 'java.lang.Object java.lang.invoke.DirectMethodHandle$Holder.invokeInterface(java.lang.Object, java.lang.Object, java.lang.Object)'> (0x000000008df2ead0) thrown at [./src/hotspot/share/interpreter/linkResolver.cpp, line 773]
Event: 2.598 Thread 0x0000023a81a50000 Exception <a 'java/lang/IncompatibleClassChangeError'{0x000000008df31fa8}: Found class java.lang.Object, but interface was expected> (0x000000008df31fa8) thrown at [./src/hotspot/share/interpreter/linkResolver.cpp, line 839]
Event: 2.605 Thread 0x0000023a81a50000 Exception <a 'java/lang/NoSuchMethodError'{0x000000008de67e18}: 'void java.lang.invoke.DirectMethodHandle$Holder.invokeStatic(java.lang.Object, java.lang.Object, java.lang.Object, java.lang.Object, java.lang.Object)'> (0x000000008de67e18) thrown at [./src/hotspot/share/interpreter/linkResolver.cpp, line 773]
Event: 2.660 Thread 0x0000023a81a50000 Exception <a 'java/lang/NoSuchMethodError'{0x000000008dade4c8}: 'void java.lang.invoke.DirectMethodHandle$Holder.invokeSpecial(java.lang.Object, java.lang.Object)'> (0x000000008dade4c8) thrown at [./src/hotspot/share/interpreter/linkResolver.cpp, line 773]
Event: 2.685 Thread 0x0000023a81a50000 Exception <a 'java/lang/NoSuchMethodError'{0x000000008d708f08}: 'java.lang.Object java.lang.invoke.DirectMethodHandle$Holder.invokeSpecial(java.lang.Object, java.lang.Object, java.lang.Object, java.lang.Object, java.lang.Object, java.lang.Object, java.lang.Object, java.lang.Object, java.lang.Object)'> (0x000000008d708f08) thrown at [./src/hotspot/share/interpreter/linkResolver.cpp, line 773]
Event: 2.747 Thread 0x0000023a81a50000 Exception <a 'java/lang/NoSuchMethodError'{0x000000008ce91b70}: 'java.lang.Object java.lang.invoke.DirectMethodHandle$Holder.invokeVirtual(java.lang.Object, java.lang.Object, java.lang.Object, java.lang.Object)'> (0x000000008ce91b70) thrown at [./src/hotspot/share/interpreter/linkResolver.cpp, line 773]
Event: 2.764 Thread 0x0000023a81a50000 Exception <a 'java/lang/NoSuchMethodError'{0x000000008cb3e420}: 'java.lang.Object java.lang.invoke.Invokers$Holder.invoker(java.lang.Object, java.lang.Object, java.lang.Object, java.lang.Object, java.lang.Object)'> (0x000000008cb3e420) thrown at [./src/hotspot/share/interpreter/linkResolver.cpp, line 773]
Event: 2.829 Thread 0x0000023a81a50000 Exception <a 'java/lang/NoSuchMethodError'{0x000000008c778638}: 'void java.lang.invoke.DirectMethodHandle$Holder.invokeSpecial(java.lang.Object, java.lang.Object, java.lang.Object, java.lang.Object, java.lang.Object, java.lang.Object)'> (0x000000008c778638) thrown at [./src/hotspot/share/interpreter/linkResolver.cpp, line 773]
Event: 2.840 Thread 0x0000023a81a50000 Exception <a 'java/lang/NoSuchMethodError'{0x000000008c7dd6a0}: 'void java.lang.invoke.DirectMethodHandle$Holder.invokeSpecial(java.lang.Object, java.lang.Object, java.lang.Object, java.lang.Object, java.lang.Object, java.lang.Object, java.lang.Object)'> (0x000000008c7dd6a0) thrown at [./src/hotspot/share/interpreter/linkResolver.cpp, line 773]
Event: 2.841 Thread 0x0000023a81a50000 Exception <a 'java/lang/NoSuchMethodError'{0x000000008c7e58e8}: 'java.lang.Object java.lang.invoke.Invokers$Holder.linkToTargetMethod(java.lang.Object, java.lang.Object, java.lang.Object, java.lang.Object, java.lang.Object, java.lang.Object)'> (0x000000008c7e58e8) thrown at [./src/hotspot/share/interpreter/linkResolver.cpp, line 773]
Event: 2.983 Thread 0x0000023a81a50000 Exception <a 'java/lang/NoSuchMethodError'{0x000000008bac50a8}: 'void java.lang.invoke.DirectMethodHandle$Holder.invokeStaticInit(java.lang.Object, java.lang.Object)'> (0x000000008bac50a8) thrown at [./src/hotspot/share/interpreter/linkResolver.cpp, line 773]
Event: 3.091 Thread 0x0000023a81a50000 Exception <a 'java/lang/NoSuchMethodError'{0x000000008dd08158}: 'void java.lang.invoke.DirectMethodHandle$Holder.invokeStatic(java.lang.Object, java.lang.Object, java.lang.Object, java.lang.Object)'> (0x000000008dd08158) thrown at [./src/hotspot/share/interpreter/linkResolver.cpp, line 773]
Event: 3.094 Thread 0x0000023a81a50000 Exception <a 'java/lang/NoSuchMethodError'{0x000000008dd1bc68}: 'int java.lang.invoke.DirectMethodHandle$Holder.invokeInterface(java.lang.Object, java.lang.Object)'> (0x000000008dd1bc68) thrown at [./src/hotspot/share/interpreter/linkResolver.cpp, line 773]

Events (20 events):
Event: 3.102 loading class org/gradle/internal/logging/format/DurationFormatter
Event: 3.102 loading class org/gradle/internal/logging/format/DurationFormatter done
Event: 3.102 loading class org/gradle/internal/buildevents/BuildExceptionReporter
Event: 3.102 loading class org/gradle/internal/buildevents/BuildExceptionReporter done
Event: 3.103 loading class org/gradle/internal/exceptions/ExceptionContextVisitor
Event: 3.103 loading class org/gradle/internal/exceptions/ExceptionContextVisitor done
Event: 3.103 loading class org/gradle/util/TreeVisitor
Event: 3.103 loading class org/gradle/util/TreeVisitor done
Event: 3.103 loading class org/gradle/internal/buildevents/BuildExceptionReporter$ExceptionFormattingVisitor
Event: 3.103 loading class org/gradle/internal/buildevents/BuildExceptionReporter$ExceptionFormattingVisitor done
Event: 3.103 loading class org/gradle/internal/buildevents/BuildResultLogger
Event: 3.103 loading class org/gradle/internal/buildevents/BuildResultLogger done
Event: 3.103 loading class org/gradle/internal/logging/format/TersePrettyDurationFormatter
Event: 3.103 loading class org/gradle/internal/logging/format/TersePrettyDurationFormatter done
Event: 3.104 loading class org/gradle/internal/invocation/BuildActionRunner$Result
Event: 3.104 loading class org/gradle/internal/invocation/BuildActionRunner$Result done
Event: 3.104 loading class org/gradle/tooling/internal/provider/runner/BuildModelActionRunner$BuildResultAdapter
Event: 3.104 loading class org/gradle/tooling/internal/provider/runner/BuildModelActionRunner$BuildResultAdapter done
Event: 3.105 loading class org/gradle/tooling/provider/model/UnknownModelException
Event: 3.105 loading class org/gradle/tooling/provider/model/UnknownModelException done


Dynamic libraries:
0x00007ff7291b0000 - 0x00007ff7291ba000 	C:\Program Files\Android\Android Studio\jre\bin\java.exe
0x00007ffc14f90000 - 0x00007ffc15185000 	C:\WINDOWS\SYSTEM32\ntdll.dll
0x00007ffc145f0000 - 0x00007ffc146ae000 	C:\WINDOWS\System32\KERNEL32.DLL
0x00007ffc129a0000 - 0x00007ffc12c68000 	C:\WINDOWS\System32\KERNELBASE.dll
0x00007ffc06510000 - 0x00007ffc06527000 	C:\Program Files\Android\Android Studio\jre\bin\VCRUNTIME140.dll
0x00007ffc127f0000 - 0x00007ffc128f0000 	C:\WINDOWS\System32\ucrtbase.dll
0x00007ffc062e0000 - 0x00007ffc062f9000 	C:\Program Files\Android\Android Studio\jre\bin\jli.dll
0x00007ffbfed80000 - 0x00007ffbff01a000 	C:\WINDOWS\WinSxS\amd64_microsoft.windows.common-controls_6595b64144ccf1df_6.0.19041.1110_none_60b5254171f9507e\COMCTL32.dll
0x00007ffc13ba0000 - 0x00007ffc13d41000 	C:\WINDOWS\System32\USER32.dll
0x00007ffc14eb0000 - 0x00007ffc14f4e000 	C:\WINDOWS\System32\msvcrt.dll
0x00007ffc126b0000 - 0x00007ffc126d2000 	C:\WINDOWS\System32\win32u.dll
0x00007ffc144e0000 - 0x00007ffc1450b000 	C:\WINDOWS\System32\GDI32.dll
0x00007ffc126e0000 - 0x00007ffc127eb000 	C:\WINDOWS\System32\gdi32full.dll
0x00007ffc12d00000 - 0x00007ffc12d9d000 	C:\WINDOWS\System32\msvcp_win.dll
0x00007ffc13db0000 - 0x00007ffc13de0000 	C:\WINDOWS\System32\IMM32.DLL
0x00007ffbf3e70000 - 0x00007ffbf3f0d000 	C:\Program Files\Android\Android Studio\jre\bin\msvcp140.dll
0x00007ffbbf050000 - 0x00007ffbbfb1f000 	C:\Program Files\Android\Android Studio\jre\bin\server\jvm.dll
0x00007ffc13f00000 - 0x00007ffc13fac000 	C:\WINDOWS\System32\ADVAPI32.dll
0x00007ffc13fb0000 - 0x00007ffc1404b000 	C:\WINDOWS\System32\sechost.dll
0x00007ffc13990000 - 0x00007ffc13aba000 	C:\WINDOWS\System32\RPCRT4.dll
0x00007ffc13630000 - 0x00007ffc13638000 	C:\WINDOWS\System32\PSAPI.DLL
0x00007ffc0a590000 - 0x00007ffc0a5b7000 	C:\WINDOWS\SYSTEM32\WINMM.dll
0x00007ffc0ee60000 - 0x00007ffc0ee69000 	C:\WINDOWS\SYSTEM32\WSOCK32.dll
0x00007ffc0a9d0000 - 0x00007ffc0a9da000 	C:\WINDOWS\SYSTEM32\VERSION.dll
0x00007ffc13de0000 - 0x00007ffc13e4b000 	C:\WINDOWS\System32\WS2_32.dll
0x00007ffc105b0000 - 0x00007ffc105c2000 	C:\WINDOWS\SYSTEM32\kernel.appcore.dll
0x00007ffc0d8c0000 - 0x00007ffc0d8d1000 	C:\Program Files\Android\Android Studio\jre\bin\verify.dll
0x00007ffc029a0000 - 0x00007ffc02b84000 	C:\WINDOWS\SYSTEM32\DBGHELP.DLL
0x00007ffbff910000 - 0x00007ffbff93c000 	C:\WINDOWS\SYSTEM32\dbgcore.DLL
0x00007ffc12f50000 - 0x00007ffc12fd3000 	C:\WINDOWS\System32\bcryptPrimitives.dll
0x00007ffc05fb0000 - 0x00007ffc05fd9000 	C:\Program Files\Android\Android Studio\jre\bin\java.dll
0x00007ffc0df90000 - 0x00007ffc0df9b000 	C:\Program Files\Android\Android Studio\jre\bin\jimage.dll
0x00007ffc0cb30000 - 0x00007ffc0cb48000 	C:\Program Files\Android\Android Studio\jre\bin\zip.dll
0x00007ffc14710000 - 0x00007ffc14e4f000 	C:\WINDOWS\System32\SHELL32.dll
0x00007ffc107b0000 - 0x00007ffc10f40000 	C:\WINDOWS\SYSTEM32\windows.storage.dll
0x00007ffc14180000 - 0x00007ffc144d5000 	C:\WINDOWS\System32\combase.dll
0x00007ffc12030000 - 0x00007ffc1205e000 	C:\WINDOWS\SYSTEM32\Wldp.dll
0x00007ffc13840000 - 0x00007ffc138ed000 	C:\WINDOWS\System32\SHCORE.dll
0x00007ffc13d50000 - 0x00007ffc13da5000 	C:\WINDOWS\System32\shlwapi.dll
0x00007ffc125f0000 - 0x00007ffc1260f000 	C:\WINDOWS\SYSTEM32\profapi.dll
0x00007ffc064c0000 - 0x00007ffc064da000 	C:\Program Files\Android\Android Studio\jre\bin\net.dll
0x00007ffc06970000 - 0x00007ffc06a7c000 	C:\WINDOWS\SYSTEM32\WINHTTP.dll
0x00007ffc11d90000 - 0x00007ffc11dfa000 	C:\WINDOWS\system32\mswsock.dll
0x00007ffc05f90000 - 0x00007ffc05fa4000 	C:\Program Files\Android\Android Studio\jre\bin\nio.dll
0x00007ffc06530000 - 0x00007ffc06557000 	C:\Users\jeffe\.gradle\native\8bec1ad78214c89d9ad589b4d07fe93259594b29d510b10fafb7a158f7737e5d\windows-amd64\native-platform.dll
0x00007ffbc1180000 - 0x00007ffbc12bd000 	C:\Users\jeffe\.gradle\native\53dbd7edfb1c66fb8903c78663c9afc45aea4f116125fa6feffd364cf09443e8\windows-amd64\native-platform-file-events.dll
0x00007ffc0df70000 - 0x00007ffc0df7a000 	C:\Program Files\Android\Android Studio\jre\bin\management.dll
0x00007ffc0d8b0000 - 0x00007ffc0d8bc000 	C:\Program Files\Android\Android Studio\jre\bin\management_ext.dll
0x00007ffc11f80000 - 0x00007ffc11f98000 	C:\WINDOWS\SYSTEM32\CRYPTSP.dll
0x00007ffc11710000 - 0x00007ffc11744000 	C:\WINDOWS\system32\rsaenh.dll
0x00007ffc12cd0000 - 0x00007ffc12cf7000 	C:\WINDOWS\System32\bcrypt.dll
0x00007ffc125b0000 - 0x00007ffc125de000 	C:\WINDOWS\SYSTEM32\USERENV.dll
0x00007ffc11fa0000 - 0x00007ffc11fac000 	C:\WINDOWS\SYSTEM32\CRYPTBASE.dll
0x00007ffc11a80000 - 0x00007ffc11abb000 	C:\WINDOWS\SYSTEM32\IPHLPAPI.DLL
0x00007ffc14510000 - 0x00007ffc14518000 	C:\WINDOWS\System32\NSI.dll
0x00007ffc0ab00000 - 0x00007ffc0ab17000 	C:\WINDOWS\SYSTEM32\dhcpcsvc6.DLL
0x00007ffc0aae0000 - 0x00007ffc0aafd000 	C:\WINDOWS\SYSTEM32\dhcpcsvc.DLL
0x00007ffc11ac0000 - 0x00007ffc11b8b000 	C:\WINDOWS\SYSTEM32\DNSAPI.dll

dbghelp: loaded successfully - version: 4.0.5 - missing functions: none
symbol engine: initialized successfully - sym options: 0x614 - pdb path: .;C:\Program Files\Android\Android Studio\jre\bin;C:\WINDOWS\SYSTEM32;C:\WINDOWS\WinSxS\amd64_microsoft.windows.common-controls_6595b64144ccf1df_6.0.19041.1110_none_60b5254171f9507e;C:\Program Files\Android\Android Studio\jre\bin\server;C:\Users\jeffe\.gradle\native\8bec1ad78214c89d9ad589b4d07fe93259594b29d510b10fafb7a158f7737e5d\windows-amd64;C:\Users\jeffe\.gradle\native\53dbd7edfb1c66fb8903c78663c9afc45aea4f116125fa6feffd364cf09443e8\windows-amd64

VM Arguments:
jvm_args: --add-opens=java.base/java.util=ALL-UNNAMED --add-opens=java.base/java.lang=ALL-UNNAMED --add-opens=java.base/java.lang.invoke=ALL-UNNAMED --add-opens=java.base/java.util=ALL-UNNAMED --add-opens=java.prefs/java.util.prefs=ALL-UNNAMED --add-opens=java.prefs/java.util.prefs=ALL-UNNAMED --add-opens=java.base/java.nio.charset=ALL-UNNAMED --add-opens=java.base/java.net=ALL-UNNAMED --add-opens=java.base/java.util.concurrent.atomic=ALL-UNNAMED -Xmx2048m -Dfile.encoding=UTF-8 -Duser.country=PH -Duser.language=en -Duser.variant 
java_command: org.gradle.launcher.daemon.bootstrap.GradleDaemon 7.0.2
java_class_path (initial): C:\Users\jeffe\.gradle\wrapper\dists\gradle-7.0.2-bin\857tjihv64xamwrf0h14cai3r\gradle-7.0.2\lib\gradle-launcher-7.0.2.jar
Launcher Type: SUN_STANDARD

[Global flags]
     intx CICompilerCount                          = 4                                         {product} {ergonomic}
     uint ConcGCThreads                            = 2                                         {product} {ergonomic}
     uint G1ConcRefinementThreads                  = 8                                         {product} {ergonomic}
   size_t G1HeapRegionSize                         = 1048576                                   {product} {ergonomic}
    uintx GCDrainStackTargetSize                   = 64                                        {product} {ergonomic}
   size_t InitialHeapSize                          = 234881024                                 {product} {ergonomic}
   size_t MarkStackSize                            = 4194304                                   {product} {ergonomic}
   size_t MaxHeapSize                              = 2147483648                                {product} {command line}
   size_t MaxNewSize                               = 1287651328                                {product} {ergonomic}
   size_t MinHeapDeltaBytes                        = 1048576                                   {product} {ergonomic}
    uintx NonNMethodCodeHeapSize                   = 5836300                                {pd product} {ergonomic}
    uintx NonProfiledCodeHeapSize                  = 122910970                              {pd product} {ergonomic}
    uintx ProfiledCodeHeapSize                     = 122910970                              {pd product} {ergonomic}
    uintx ReservedCodeCacheSize                    = 251658240                              {pd product} {ergonomic}
     bool SegmentedCodeCache                       = true                                      {product} {ergonomic}
     bool UseCompressedClassPointers               = true                                 {lp64_product} {ergonomic}
     bool UseCompressedOops                        = true                                 {lp64_product} {ergonomic}
     bool UseG1GC                                  = true                                      {product} {ergonomic}
     bool UseLargePagesIndividualAllocation        = false                                  {pd product} {ergonomic}

Logging:
Log output configuration:
 #0: stdout all=warning uptime,level,tags
 #1: stderr all=off uptime,level,tags

Environment Variables:
JAVA_HOME=C:\Program Files\Java\jdk-13.0.2
PATH=C:\Program Files (x86)\Razer Chroma SDK\bin;C:\Program Files\Razer Chroma SDK\bin;C:\Program Files (x86)\Razer\ChromaBroadcast\bin;C:\Program Files\Razer\ChromaBroadcast\bin;C:\WINDOWS\system32;C:\WINDOWS;C:\WINDOWS\System32\Wbem;C:\WINDOWS\System32\WindowsPowerShell\v1.0\;C:\WINDOWS\System32\OpenSSH\;C:\Program Files\Java\jdk-13.0.2\bin;C:\Program Files\MySQL\MySQL Server 5.5\bin;C:\WINDOWS\system32\config\systemprofile\AppData\Local\Microsoft\WindowsApps;C:\Users\jeffe\AppData\Local\Microsoft\WindowsApps;C:\Program Files\MySQL\MySQL Shell 8.0\bin\;C:\Users\jeffe\AppData\Local\Microsoft\WindowsApps;
USERNAME=jeffe
OS=Windows_NT
PROCESSOR_IDENTIFIER=AMD64 Family 23 Model 24 Stepping 1, AuthenticAMD



---------------  S Y S T E M  ---------------

OS: Windows 10 , 64 bit Build 19041 (10.0.19041.1320)
OS uptime: 0 days 20:59 hours

CPU:total 8 (initial active 8) (8 cores per cpu, 2 threads per core) family 23 model 24 stepping 1 microcode 0x0, cmov, cx8, fxsr, mmx, sse, sse2, sse3, ssse3, sse4.1, sse4.2, popcnt, avx, avx2, aes, clmul, mmxext, 3dnowpref, lzcnt, sse4a, ht, tsc, tscinvbit, tscinv, bmi1, bmi2, adx, s

Memory: 4k page, system-wide physical 14274M (7270M free)
TotalPageFile size 16450M (AvailPageFile size 5965M)
current process WorkingSet (physical memory assigned to process): 247M, peak: 247M
current process commit charge ("private bytes"): 390M, peak: 390M

vm_info: OpenJDK 64-Bit Server VM (11.0.10+0-b96-7249189) for windows-amd64 JRE (11.0.10+0-b96-7249189), built on Mar 31 2021 21:44:00 by "builder" with MS VC++ 14.0 (VS2015)

END.
