#
# A fatal error has been detected by the Java Runtime Environment:
#
#  EXCEPTION_ACCESS_VIOLATION (0xc0000005) at pc=0x00007ffbbf3a7db0, pid=14612, tid=14888
#
# JRE version: OpenJDK Runtime Environment (11.0.10) (build 11.0.10+0-b96-7249189)
# Java VM: OpenJDK 64-Bit Server VM (11.0.10+0-b96-7249189, mixed mode, tiered, compressed oops, g1 gc, windows-amd64)
# Problematic frame:
# V  [jvm.dll+0x357db0]
#
# No core dump will be written. Minidumps are not enabled by default on client versions of Windows
#
# If you would like to submit a bug report, please visit:
#   https://bugreport.java.com/bugreport/crash.jsp
#

---------------  S U M M A R Y ------------

Command Line: --add-opens=java.base/java.util=ALL-UNNAMED --add-opens=java.base/java.lang=ALL-UNNAMED --add-opens=java.base/java.lang.invoke=ALL-UNNAMED --add-opens=java.base/java.util=ALL-UNNAMED --add-opens=java.prefs/java.util.prefs=ALL-UNNAMED --add-opens=java.prefs/java.util.prefs=ALL-UNNAMED --add-opens=java.base/java.nio.charset=ALL-UNNAMED --add-opens=java.base/java.net=ALL-UNNAMED --add-opens=java.base/java.util.concurrent.atomic=ALL-UNNAMED -Xmx2048m -Dfile.encoding=UTF-8 -Duser.country=PH -Duser.language=en -Duser.variant org.gradle.launcher.daemon.bootstrap.GradleDaemon 7.0.2

Host: AMD Ryzen 5 3550H with Radeon Vega Mobile Gfx  , 8 cores, 13G,  Windows 10 , 64 bit Build 19041 (10.0.19041.1320)
Time: Sun Nov  7 20:46:47 2021 Malay Peninsula Standard Time elapsed time: 27.424748 seconds (0d 0h 0m 27s)

---------------  T H R E A D  ---------------

Current thread (0x000001ec315e2000):  JavaThread "C2 CompilerThread0" daemon [_thread_in_native, id=14888, stack(0x000000cae3500000,0x000000cae3600000)]


Current CompileTask:
C2:  27424 5633   !   4       com.google.common.reflect.TypeVisitor::visit (225 bytes)

Stack: [0x000000cae3500000,0x000000cae3600000],  sp=0x000000cae35fbc50,  free space=1007k
Native frames: (J=compiled Java code, j=interpreted, Vv=VM code, C=native code)
V  [jvm.dll+0x357db0]
V  [jvm.dll+0x351260]
V  [jvm.dll+0x197e49]
V  [jvm.dll+0x1fb70e]
V  [jvm.dll+0x1fa7f4]
V  [jvm.dll+0x18354c]
V  [jvm.dll+0x208ee7]
V  [jvm.dll+0x207731]
V  [jvm.dll+0x6eb1cf]
V  [jvm.dll+0x6e3d45]
V  [jvm.dll+0x5ebe96]
C  [ucrtbase.dll+0x21bb2]
C  [KERNEL32.DLL+0x17034]
C  [ntdll.dll+0x52651]


siginfo: EXCEPTION_ACCESS_VIOLATION (0xc0000005), reading address 0x000003ec38d5e640


Register to memory mapping:

RIP=0x00007ffbbf3a7db0 jvm.dll
RAX=0x000003ec38d5e640 is an unknown value
RBX=0x00000000000000a8 is an unknown value
RCX=0x0000000000000002 is an unknown value
RDX=0x0 is NULL
RSP=0x000000cae35fbc50 is pointing into the stack for thread: 0x000001ec315e2000
RBP=0x0000000000000008 is an unknown value
RSI=0x00007ffbbfa47c38 jvm.dll
RDI=0x000001ec315812d0 points into unknown readable memory: 0x000001ec315d0230 | 30 02 5d 31 ec 01 00 00
R8 =0x000001ec38d5e600 points into unknown readable memory: 0x0000000e00000000 | 00 00 00 00 0e 00 00 00
R9 =0x000000cae35fbca0 is pointing into the stack for thread: 0x000001ec315e2000
R10=0x0000000000000015 is an unknown value
R11=0x000000cae35fbbb0 is pointing into the stack for thread: 0x000001ec315e2000
R12=0x00007ffbbf050000 jvm.dll
R13=0x0000000000000008 is an unknown value
R14=0x0000000000000018 is an unknown value
R15=0x00007ffbbfa47c38 jvm.dll


Registers:
RAX=0x000003ec38d5e640, RBX=0x00000000000000a8, RCX=0x0000000000000002, RDX=0x0000000000000000
RSP=0x000000cae35fbc50, RBP=0x0000000000000008, RSI=0x00007ffbbfa47c38, RDI=0x000001ec315812d0
R8 =0x000001ec38d5e600, R9 =0x000000cae35fbca0, R10=0x0000000000000015, R11=0x000000cae35fbbb0
R12=0x00007ffbbf050000, R13=0x0000000000000008, R14=0x0000000000000018, R15=0x00007ffbbfa47c38
RIP=0x00007ffbbf3a7db0, EFLAGS=0x0000000000010246

Top of Stack: (sp=0x000000cae35fbc50)
0x000000cae35fbc50:   0000000000000000 0000000000000000
0x000000cae35fbc60:   000001ec315d0238 000001ec315d2400
0x000000cae35fbc70:   0000000000001538 00007ffbbf3a1260
0x000000cae35fbc80:   000001ec3a388630 000000cae35fbdc0
0x000000cae35fbc90:   0000000000001538 00007ffbbf87cb70
0x000000cae35fbca0:   00000b2800000000 000001ec00000002
0x000000cae35fbcb0:   000003ec38d5e640 000000000000000c
0x000000cae35fbcc0:   000001ec341aced0 000001ec0000001e
0x000000cae35fbcd0:   000001ec3a3ed350 000000cae35fc248
0x000000cae35fbce0:   000001ec34c2ced0 0000000000000000
0x000000cae35fbcf0:   000000cae35fbe00 00007ffbbf1e7e49
0x000000cae35fbd00:   000000cae35fc160 000000cae35fc248
0x000000cae35fbd10:   00000000000003d8 000001ec34c2cee0
0x000000cae35fbd20:   000000000000bd00 0000000000000000
0x000000cae35fbd30:   000000ca00000006 000001ec34c2ced0
0x000000cae35fbd40:   000001ec33915010 000001ec3391c2e0 

Instructions: (pc=0x00007ffbbf3a7db0)
0x00007ffbbf3a7cb0:   58 4c 8b 64 24 50 48 8b c3 48 83 c4 20 41 5f 5f
0x00007ffbbf3a7cc0:   5e 5d 5b c3 cc cc cc cc cc cc cc cc cc cc cc cc
0x00007ffbbf3a7cd0:   83 3a 00 4c 8b c2 c7 41 08 08 00 00 00 75 16 33
0x00007ffbbf3a7ce0:   d2 c7 41 18 01 00 00 00 89 11 48 8b c1 c7 41 28
0x00007ffbbf3a7cf0:   01 00 00 00 c3 33 d2 48 89 11 89 51 18 41 8b 80
0x00007ffbbf3a7d00:   90 00 00 00 89 41 28 48 89 51 10 49 8b 40 08 48
0x00007ffbbf3a7d10:   89 41 20 48 8b c1 4c 89 41 30 c3 cc cc cc cc cc
0x00007ffbbf3a7d20:   48 83 ec 28 8b 51 08 4c 8b c9 83 fa 08 73 18 4c
0x00007ffbbf3a7d30:   8b 41 10 8b c2 41 83 3c 80 00 0f 85 0d 01 00 00
0x00007ffbbf3a7d40:   ff c2 83 fa 08 72 ec 44 8b 51 18 48 89 5c 24 30
0x00007ffbbf3a7d50:   48 89 6c 24 38 48 89 74 24 40 48 89 7c 24 20 44
0x00007ffbbf3a7d60:   3b 51 28 0f 83 b9 00 00 00 8b 0d 0d ba 6d 00 48
0x00007ffbbf3a7d70:   8d 35 c2 fe 69 00 65 48 8b 04 25 58 00 00 00 bd
0x00007ffbbf3a7d80:   08 00 00 00 48 8d 3c c8 0f 1f 84 00 00 00 00 00
0x00007ffbbf3a7d90:   41 8b c2 48 8d 1c c5 00 00 00 00 49 8b 41 20 48
0x00007ffbbf3a7da0:   8b 04 03 48 3b c6 74 6d 49 89 41 10 33 d2 66 90
0x00007ffbbf3a7db0:   83 38 00 0f 85 c3 00 00 00 ff c2 48 83 c0 04 83
0x00007ffbbf3a7dc0:   fa 08 72 ec 4d 8b 59 30 4d 85 db 74 48 49 8b 43
0x00007ffbbf3a7dd0:   08 8b d5 48 03 17 4c 8b 04 03 48 8b 02 48 8b 88
0x00007ffbbf3a7de0:   d0 04 00 00 48 8b 81 88 00 00 00 48 8b 88 88 08
0x00007ffbbf3a7df0:   00 00 49 89 08 48 8b 02 48 8b 88 d0 04 00 00 48
0x00007ffbbf3a7e00:   8b 81 88 00 00 00 4c 89 80 88 08 00 00 49 8b 43
0x00007ffbbf3a7e10:   08 48 89 34 03 41 ff c2 45 3b 51 28 0f 82 6e ff
0x00007ffbbf3a7e20:   ff ff 41 8b 41 28 41 89 41 18 33 c0 41 c7 41 08
0x00007ffbbf3a7e30:   08 00 00 00 48 8b 74 24 40 48 8b 6c 24 38 48 8b
0x00007ffbbf3a7e40:   5c 24 30 48 8b 7c 24 20 48 83 c4 28 c3 8b 41 18
0x00007ffbbf3a7e50:   8d 0c c2 8b c2 c1 e1 05 81 e9 00 01 00 00 41 89
0x00007ffbbf3a7e60:   49 04 41 8b 0c 80 8d 42 01 41 89 09 49 8b c9 41
0x00007ffbbf3a7e70:   89 41 08 48 83 c4 28 e9 a4 33 e4 ff 42 8d 04 d2
0x00007ffbbf3a7e80:   c1 e0 05 41 89 41 04 49 8b 41 10 8b 0c 90 41 8d
0x00007ffbbf3a7e90:   42 01 41 89 41 18 8d 42 01 41 89 09 49 8b c9 41
0x00007ffbbf3a7ea0:   89 41 08 e8 78 33 e4 ff eb 8a cc cc cc cc cc cc 


Stack slot to memory mapping:
stack at sp + 0 slots: 0x0 is NULL
stack at sp + 1 slots: 0x0 is NULL
stack at sp + 2 slots: 0x000001ec315d0238 points into unknown readable memory: 0x000001ec315e2000 | 00 20 5e 31 ec 01 00 00
stack at sp + 3 slots: 0x000001ec315d2400 points into unknown readable memory: 0x000000000000003e | 3e 00 00 00 00 00 00 00
stack at sp + 4 slots: 0x0000000000001538 is an unknown value
stack at sp + 5 slots: 0x00007ffbbf3a1260 jvm.dll
stack at sp + 6 slots: 0x000001ec3a388630 points into unknown readable memory: 0x000000000000000b | 0b 00 00 00 00 00 00 00
stack at sp + 7 slots: 0x000000cae35fbdc0 is pointing into the stack for thread: 0x000001ec315e2000


---------------  P R O C E S S  ---------------

Threads class SMR info:
_java_thread_list=0x000001ec36cb3210, length=52, elements={
0x000001ec1689d800, 0x000001ec30d4b800, 0x000001ec30d56800, 0x000001ec315d4000,
0x000001ec315d5000, 0x000001ec315d7000, 0x000001ec315e2000, 0x000001ec315e8800,
0x000001ec315f5000, 0x000001ec3175d000, 0x000001ec33035000, 0x000001ec3190c800,
0x000001ec31b59000, 0x000001ec329f7800, 0x000001ec32f78800, 0x000001ec3312a800,
0x000001ec343fe000, 0x000001ec3387e000, 0x000001ec330ff800, 0x000001ec330fa800,
0x000001ec330fa000, 0x000001ec330fb800, 0x000001ec330fc800, 0x000001ec33100800,
0x000001ec330fd000, 0x000001ec330fe800, 0x000001ec330fe000, 0x000001ec347df000,
0x000001ec347dc000, 0x000001ec347db000, 0x000001ec347dd800, 0x000001ec347de800,
0x000001ec347d9800, 0x000001ec347da800, 0x000001ec347e2800, 0x000001ec347e1800,
0x000001ec347e3000, 0x000001ec347e4000, 0x000001ec347e6800, 0x000001ec347e5000,
0x000001ec347e5800, 0x000001ec347e1000, 0x000001ec347e7800, 0x000001ec347e8000,
0x000001ec36eb4800, 0x000001ec36ebb000, 0x000001ec36eb5800, 0x000001ec36eb7000,
0x000001ec36eb8000, 0x000001ec33d0f800, 0x000001ec36e8f000, 0x000001ec36eb9000
}

Java Threads: ( => current thread )
  0x000001ec1689d800 JavaThread "main" [_thread_blocked, id=13428, stack(0x000000cae2900000,0x000000cae2a00000)]
  0x000001ec30d4b800 JavaThread "Reference Handler" daemon [_thread_blocked, id=14232, stack(0x000000cae3000000,0x000000cae3100000)]
  0x000001ec30d56800 JavaThread "Finalizer" daemon [_thread_blocked, id=13412, stack(0x000000cae3100000,0x000000cae3200000)]
  0x000001ec315d4000 JavaThread "Signal Dispatcher" daemon [_thread_blocked, id=14880, stack(0x000000cae3200000,0x000000cae3300000)]
  0x000001ec315d5000 JavaThread "Attach Listener" daemon [_thread_blocked, id=14600, stack(0x000000cae3300000,0x000000cae3400000)]
  0x000001ec315d7000 JavaThread "Service Thread" daemon [_thread_blocked, id=6136, stack(0x000000cae3400000,0x000000cae3500000)]
=>0x000001ec315e2000 JavaThread "C2 CompilerThread0" daemon [_thread_in_native, id=14888, stack(0x000000cae3500000,0x000000cae3600000)]
  0x000001ec315e8800 JavaThread "C1 CompilerThread0" daemon [_thread_blocked, id=14964, stack(0x000000cae3600000,0x000000cae3700000)]
  0x000001ec315f5000 JavaThread "Sweeper thread" daemon [_thread_blocked, id=10140, stack(0x000000cae3700000,0x000000cae3800000)]
  0x000001ec3175d000 JavaThread "Common-Cleaner" daemon [_thread_blocked, id=8524, stack(0x000000cae3800000,0x000000cae3900000)]
  0x000001ec33035000 JavaThread "Daemon health stats" [_thread_blocked, id=2152, stack(0x000000cae4100000,0x000000cae4200000)]
  0x000001ec3190c800 JavaThread "Incoming local TCP Connector on port 60069" [_thread_in_native, id=9956, stack(0x000000cae3a00000,0x000000cae3b00000)]
  0x000001ec31b59000 JavaThread "Daemon periodic checks" [_thread_blocked, id=4580, stack(0x000000cae3b00000,0x000000cae3c00000)]
  0x000001ec329f7800 JavaThread "Daemon" [_thread_blocked, id=4732, stack(0x000000cae4200000,0x000000cae4300000)]
  0x000001ec32f78800 JavaThread "Handler for socket connection from /127.0.0.1:60069 to /127.0.0.1:60070" [_thread_in_native, id=4768, stack(0x000000cae4300000,0x000000cae4400000)]
  0x000001ec3312a800 JavaThread "Cancel handler" [_thread_blocked, id=13104, stack(0x000000cae4700000,0x000000cae4800000)]
  0x000001ec343fe000 JavaThread "Daemon worker" [_thread_in_native, id=13124, stack(0x000000cae4800000,0x000000cae4900000)]
  0x000001ec3387e000 JavaThread "Asynchronous log dispatcher for DefaultDaemonConnection: socket connection from /127.0.0.1:60069 to /127.0.0.1:60070" [_thread_blocked, id=8312, stack(0x000000cae4900000,0x000000cae4a00000)]
  0x000001ec330ff800 JavaThread "Stdin handler" [_thread_blocked, id=12004, stack(0x000000cae4a00000,0x000000cae4b00000)]
  0x000001ec330fa800 JavaThread "Daemon client event forwarder" [_thread_blocked, id=388, stack(0x000000cae4b00000,0x000000cae4c00000)]
  0x000001ec330fa000 JavaThread "Cache worker for file hash cache (C:\Users\jeffe\.gradle\caches\7.0.2\fileHashes)" [_thread_blocked, id=7400, stack(0x000000cae4c00000,0x000000cae4d00000)]
  0x000001ec330fb800 JavaThread "File lock request listener" [_thread_in_native, id=5276, stack(0x000000cae4d00000,0x000000cae4e00000)]
  0x000001ec330fc800 JavaThread "Cache worker for journal cache (C:\Users\jeffe\.gradle\caches\journal-1)" [_thread_blocked, id=7300, stack(0x000000cae4f00000,0x000000cae5000000)]
  0x000001ec33100800 JavaThread "Cache worker for file hash cache (C:\Users\jeffe\AndroidStudioProjects\FirstAidKit3\.gradle\7.0.2\fileHashes)" [_thread_blocked, id=12604, stack(0x000000cae5100000,0x000000cae5200000)]
  0x000001ec330fd000 JavaThread "File watcher server" daemon [_thread_in_native, id=11376, stack(0x000000cae5200000,0x000000cae5300000)]
  0x000001ec330fe800 JavaThread "File watcher consumer" daemon [_thread_blocked, id=7232, stack(0x000000cae5300000,0x000000cae5400000)]
  0x000001ec330fe000 JavaThread "Cache worker for checksums cache (C:\Users\jeffe\AndroidStudioProjects\FirstAidKit3\.gradle\checksums)" [_thread_blocked, id=148, stack(0x000000cae5400000,0x000000cae5500000)]
  0x000001ec347df000 JavaThread "Cache worker for cache directory md-supplier (C:\Users\jeffe\.gradle\caches\7.0.2\md-supplier)" [_thread_blocked, id=12912, stack(0x000000cae5500000,0x000000cae5600000)]
  0x000001ec347dc000 JavaThread "Cache worker for cache directory md-rule (C:\Users\jeffe\.gradle\caches\7.0.2\md-rule)" [_thread_blocked, id=11656, stack(0x000000cae5600000,0x000000cae5700000)]
  0x000001ec347db000 JavaThread "Cache worker for execution history cache (C:\Users\jeffe\.gradle\caches\7.0.2\executionHistory)" [_thread_blocked, id=4352, stack(0x000000cae5700000,0x000000cae5800000)]
  0x000001ec347dd800 JavaThread "jar transforms" [_thread_blocked, id=14388, stack(0x000000cae5900000,0x000000cae5a00000)]
  0x000001ec347de800 JavaThread "jar transforms Thread 2" [_thread_blocked, id=4608, stack(0x000000cae5a00000,0x000000cae5b00000)]
  0x000001ec347d9800 JavaThread "Cache worker for file content cache (C:\Users\jeffe\.gradle\caches\7.0.2\fileContent)" [_thread_blocked, id=8080, stack(0x000000cae5800000,0x000000cae5900000)]
  0x000001ec347da800 JavaThread "Cache worker for dependencies-accessors (C:\Users\jeffe\AndroidStudioProjects\FirstAidKit3\.gradle\7.0.2\dependencies-accessors)" [_thread_blocked, id=7428, stack(0x000000cae5b00000,0x000000cae5c00000)]
  0x000001ec347e2800 JavaThread "jar transforms Thread 3" [_thread_blocked, id=10316, stack(0x000000cae5d00000,0x000000cae5e00000)]
  0x000001ec347e1800 JavaThread "Cache worker for Build Output Cleanup Cache (C:\Users\jeffe\AndroidStudioProjects\FirstAidKit3\.gradle\buildOutputCleanup)" [_thread_blocked, id=7688, stack(0x000000cae5c00000,0x000000cae5d00000)]
  0x000001ec347e3000 JavaThread "Build operations" [_thread_blocked, id=10276, stack(0x000000cae5e00000,0x000000cae5f00000)]
  0x000001ec347e4000 JavaThread "Build operations Thread 2" [_thread_blocked, id=14884, stack(0x000000cae5f00000,0x000000cae6000000)]
  0x000001ec347e6800 JavaThread "Build operations Thread 3" [_thread_blocked, id=15020, stack(0x000000cae6000000,0x000000cae6100000)]
  0x000001ec347e5000 JavaThread "Build operations Thread 4" [_thread_blocked, id=14220, stack(0x000000cae6100000,0x000000cae6200000)]
  0x000001ec347e5800 JavaThread "Build operations Thread 5" [_thread_blocked, id=10760, stack(0x000000cae6200000,0x000000cae6300000)]
  0x000001ec347e1000 JavaThread "Build operations Thread 6" [_thread_blocked, id=8700, stack(0x000000cae6300000,0x000000cae6400000)]
  0x000001ec347e7800 JavaThread "Build operations Thread 7" [_thread_blocked, id=13892, stack(0x000000cae6400000,0x000000cae6500000)]
  0x000001ec347e8000 JavaThread "Build operations Thread 8" [_thread_blocked, id=10128, stack(0x000000cae6500000,0x000000cae6600000)]
  0x000001ec36eb4800 JavaThread "jar transforms Thread 4" [_thread_blocked, id=6400, stack(0x000000cae5000000,0x000000cae5100000)]
  0x000001ec36ebb000 JavaThread "jar transforms Thread 5" [_thread_blocked, id=11800, stack(0x000000cae6600000,0x000000cae6700000)]
  0x000001ec36eb5800 JavaThread "jar transforms Thread 6" [_thread_blocked, id=6108, stack(0x000000cae6700000,0x000000cae6800000)]
  0x000001ec36eb7000 JavaThread "jar transforms Thread 7" [_thread_blocked, id=9796, stack(0x000000cae6800000,0x000000cae6900000)]
  0x000001ec36eb8000 JavaThread "jar transforms Thread 8" [_thread_blocked, id=9540, stack(0x000000cae6900000,0x000000cae6a00000)]
  0x000001ec33d0f800 JavaThread "C2 CompilerThread1" daemon [_thread_in_native, id=14564, stack(0x000000cae6a00000,0x000000cae6b00000)]
  0x000001ec36e8f000 JavaThread "C2 CompilerThread2" daemon [_thread_in_native, id=3636, stack(0x000000cae6b00000,0x000000cae6c00000)]
  0x000001ec36eb9000 JavaThread "Memory manager" [_thread_blocked, id=10028, stack(0x000000cae6c00000,0x000000cae6d00000)]

Other Threads:
  0x000001ec31589000 VMThread "VM Thread" [stack: 0x000000cae2f00000,0x000000cae3000000] [id=6908]
  0x000001ec31767800 WatcherThread [stack: 0x000000cae3900000,0x000000cae3a00000] [id=8668]
  0x000001ec168b6800 GCTaskThread "GC Thread#0" [stack: 0x000000cae2a00000,0x000000cae2b00000] [id=1792]
  0x000001ec3298d800 GCTaskThread "GC Thread#1" [stack: 0x000000cae3c00000,0x000000cae3d00000] [id=10804]
  0x000001ec32374800 GCTaskThread "GC Thread#2" [stack: 0x000000cae3d00000,0x000000cae3e00000] [id=13456]
  0x000001ec320b3000 GCTaskThread "GC Thread#3" [stack: 0x000000cae3e00000,0x000000cae3f00000] [id=14184]
  0x000001ec31f43800 GCTaskThread "GC Thread#4" [stack: 0x000000cae3f00000,0x000000cae4000000] [id=8304]
  0x000001ec33ebf000 GCTaskThread "GC Thread#5" [stack: 0x000000cae4400000,0x000000cae4500000] [id=4584]
  0x000001ec33869000 GCTaskThread "GC Thread#6" [stack: 0x000000cae4500000,0x000000cae4600000] [id=9192]
  0x000001ec33227800 GCTaskThread "GC Thread#7" [stack: 0x000000cae4600000,0x000000cae4700000] [id=13196]
  0x000001ec168e6800 ConcurrentGCThread "G1 Main Marker" [stack: 0x000000cae2b00000,0x000000cae2c00000] [id=9040]
  0x000001ec168e9000 ConcurrentGCThread "G1 Conc#0" [stack: 0x000000cae2c00000,0x000000cae2d00000] [id=7356]
  0x000001ec3281d800 ConcurrentGCThread "G1 Conc#1" [stack: 0x000000cae4e00000,0x000000cae4f00000] [id=11300]
  0x000001ec30bc0800 ConcurrentGCThread "G1 Refine#0" [stack: 0x000000cae2d00000,0x000000cae2e00000] [id=11844]
  0x000001ec3189d000 ConcurrentGCThread "G1 Refine#1" [stack: 0x000000cae4000000,0x000000cae4100000] [id=13640]
  0x000001ec1697e000 ConcurrentGCThread "G1 Young RemSet Sampling" [stack: 0x000000cae2e00000,0x000000cae2f00000] [id=13064]

Threads with active compile tasks:
C2 CompilerThread0  27523 5633   !   4       com.google.common.reflect.TypeVisitor::visit (225 bytes)
C2 CompilerThread1  27524 5658       4       org.objectweb.asm.Frame::execute (2318 bytes)

VM state:not at safepoint (normal execution)

VM Mutex/Monitor currently owned by a thread: None

Heap address: 0x0000000080000000, size: 2048 MB, Compressed Oops mode: 32-bit
Narrow klass base: 0x0000000000000000, Narrow klass shift: 3
Compressed class space size: 1073741824 Address: 0x0000000100000000

Heap:
 garbage-first heap   total 229376K, used 54770K [0x0000000080000000, 0x0000000100000000)
  region size 1024K, 29 young (29696K), 17 survivors (17408K)
 Metaspace       used 57655K, capacity 59170K, committed 59340K, reserved 1101824K
  class space    used 7326K, capacity 7874K, committed 7884K, reserved 1048576K
Heap Regions: E=young(eden), S=young(survivor), O=old, HS=humongous(starts), HC=humongous(continues), CS=collection set, F=free, A=archive, TAMS=top-at-mark-start (previous, next)
|   0|0x0000000080000000, 0x0000000080100000, 0x0000000080100000|100%| O|  |TAMS 0x0000000080100000, 0x0000000080000000| Untracked 
|   1|0x0000000080100000, 0x0000000080200000, 0x0000000080200000|100%| O|  |TAMS 0x0000000080200000, 0x0000000080100000| Untracked 
|   2|0x0000000080200000, 0x0000000080300000, 0x0000000080300000|100%| O|  |TAMS 0x0000000080300000, 0x0000000080200000| Untracked 
|   3|0x0000000080300000, 0x0000000080400000, 0x0000000080400000|100%|HS|  |TAMS 0x0000000080400000, 0x0000000080300000| Complete 
|   4|0x0000000080400000, 0x0000000080500000, 0x0000000080500000|100%|HC|  |TAMS 0x0000000080500000, 0x0000000080400000| Complete 
|   5|0x0000000080500000, 0x0000000080600000, 0x0000000080600000|100%|HC|  |TAMS 0x0000000080600000, 0x0000000080500000| Complete 
|   6|0x0000000080600000, 0x0000000080700000, 0x0000000080700000|100%| O|  |TAMS 0x0000000080700000, 0x0000000080600000| Untracked 
|   7|0x0000000080700000, 0x0000000080800000, 0x0000000080800000|100%| O|  |TAMS 0x0000000080800000, 0x0000000080700000| Untracked 
|   8|0x0000000080800000, 0x0000000080900000, 0x0000000080900000|100%| O|  |TAMS 0x0000000080900000, 0x0000000080800000| Untracked 
|   9|0x0000000080900000, 0x0000000080a00000, 0x0000000080a00000|100%| O|  |TAMS 0x0000000080a00000, 0x0000000080900000| Untracked 
|  10|0x0000000080a00000, 0x0000000080b00000, 0x0000000080b00000|100%| O|  |TAMS 0x0000000080b00000, 0x0000000080a00000| Untracked 
|  11|0x0000000080b00000, 0x0000000080c00000, 0x0000000080c00000|100%| O|  |TAMS 0x0000000080c00000, 0x0000000080b00000| Untracked 
|  12|0x0000000080c00000, 0x0000000080d00000, 0x0000000080d00000|100%| O|  |TAMS 0x0000000080d00000, 0x0000000080c00000| Untracked 
|  13|0x0000000080d00000, 0x0000000080e00000, 0x0000000080e00000|100%| O|  |TAMS 0x0000000080e00000, 0x0000000080d00000| Untracked 
|  14|0x0000000080e00000, 0x0000000080f00000, 0x0000000080f00000|100%| O|  |TAMS 0x0000000080f00000, 0x0000000080e00000| Untracked 
|  15|0x0000000080f00000, 0x0000000081000000, 0x0000000081000000|100%| O|  |TAMS 0x0000000081000000, 0x0000000080f00000| Untracked 
|  16|0x0000000081000000, 0x0000000081100000, 0x0000000081100000|100%| O|  |TAMS 0x0000000081008c00, 0x0000000081000000| Untracked 
|  17|0x0000000081100000, 0x0000000081200000, 0x0000000081200000|100%|HS|  |TAMS 0x0000000081100000, 0x0000000081100000| Complete 
|  18|0x0000000081200000, 0x0000000081300000, 0x0000000081300000|100%|HS|  |TAMS 0x0000000081200000, 0x0000000081200000| Complete 
|  19|0x0000000081300000, 0x0000000081400000, 0x0000000081400000|100%|HS|  |TAMS 0x0000000081300000, 0x0000000081300000| Complete 
|  20|0x0000000081400000, 0x0000000081500000, 0x0000000081500000|100%|HC|  |TAMS 0x0000000081400000, 0x0000000081400000| Complete 
|  21|0x0000000081500000, 0x0000000081600000, 0x0000000081600000|100%| O|  |TAMS 0x0000000081500000, 0x0000000081500000| Untracked 
|  22|0x0000000081600000, 0x0000000081700000, 0x0000000081700000|100%| O|  |TAMS 0x0000000081600000, 0x0000000081600000| Untracked 
|  23|0x0000000081700000, 0x0000000081800000, 0x0000000081800000|100%| O|  |TAMS 0x0000000081700000, 0x0000000081700000| Untracked 
|  24|0x0000000081800000, 0x0000000081900000, 0x0000000081900000|100%| O|  |TAMS 0x0000000081800000, 0x0000000081800000| Untracked 
|  25|0x0000000081900000, 0x00000000819fb800, 0x0000000081a00000| 98%| O|  |TAMS 0x0000000081900000, 0x0000000081900000| Untracked 
|  26|0x0000000081a00000, 0x0000000081a00000, 0x0000000081b00000|  0%| F|  |TAMS 0x0000000081a00000, 0x0000000081a00000| Untracked 
|  27|0x0000000081b00000, 0x0000000081b00000, 0x0000000081c00000|  0%| F|  |TAMS 0x0000000081b00000, 0x0000000081b00000| Untracked 
|  28|0x0000000081c00000, 0x0000000081c00000, 0x0000000081d00000|  0%| F|  |TAMS 0x0000000081c00000, 0x0000000081c00000| Untracked 
|  29|0x0000000081d00000, 0x0000000081d00000, 0x0000000081e00000|  0%| F|  |TAMS 0x0000000081d00000, 0x0000000081d00000| Untracked 
|  30|0x0000000081e00000, 0x0000000081e00000, 0x0000000081f00000|  0%| F|  |TAMS 0x0000000081e00000, 0x0000000081e00000| Untracked 
|  31|0x0000000081f00000, 0x0000000081f00000, 0x0000000082000000|  0%| F|  |TAMS 0x0000000081f00000, 0x0000000081f00000| Untracked 
|  32|0x0000000082000000, 0x0000000082000000, 0x0000000082100000|  0%| F|  |TAMS 0x0000000082000000, 0x0000000082000000| Untracked 
|  33|0x0000000082100000, 0x0000000082100000, 0x0000000082200000|  0%| F|  |TAMS 0x0000000082100000, 0x0000000082100000| Untracked 
|  34|0x0000000082200000, 0x0000000082200000, 0x0000000082300000|  0%| F|  |TAMS 0x0000000082200000, 0x0000000082200000| Untracked 
|  35|0x0000000082300000, 0x0000000082300000, 0x0000000082400000|  0%| F|  |TAMS 0x0000000082300000, 0x0000000082300000| Untracked 
|  36|0x0000000082400000, 0x0000000082400000, 0x0000000082500000|  0%| F|  |TAMS 0x0000000082400000, 0x0000000082400000| Untracked 
|  37|0x0000000082500000, 0x0000000082500000, 0x0000000082600000|  0%| F|  |TAMS 0x0000000082500000, 0x0000000082500000| Untracked 
|  38|0x0000000082600000, 0x0000000082600000, 0x0000000082700000|  0%| F|  |TAMS 0x0000000082600000, 0x0000000082600000| Untracked 
|  39|0x0000000082700000, 0x0000000082700000, 0x0000000082800000|  0%| F|  |TAMS 0x0000000082700000, 0x0000000082700000| Untracked 
|  40|0x0000000082800000, 0x0000000082800000, 0x0000000082900000|  0%| F|  |TAMS 0x0000000082800000, 0x0000000082800000| Untracked 
|  41|0x0000000082900000, 0x0000000082900000, 0x0000000082a00000|  0%| F|  |TAMS 0x0000000082900000, 0x0000000082900000| Untracked 
|  42|0x0000000082a00000, 0x0000000082a00000, 0x0000000082b00000|  0%| F|  |TAMS 0x0000000082a00000, 0x0000000082a00000| Untracked 
|  43|0x0000000082b00000, 0x0000000082b00000, 0x0000000082c00000|  0%| F|  |TAMS 0x0000000082b00000, 0x0000000082b00000| Untracked 
|  44|0x0000000082c00000, 0x0000000082c00000, 0x0000000082d00000|  0%| F|  |TAMS 0x0000000082c00000, 0x0000000082c00000| Untracked 
|  45|0x0000000082d00000, 0x0000000082d00000, 0x0000000082e00000|  0%| F|  |TAMS 0x0000000082d00000, 0x0000000082d00000| Untracked 
|  46|0x0000000082e00000, 0x0000000082e00000, 0x0000000082f00000|  0%| F|  |TAMS 0x0000000082e00000, 0x0000000082e00000| Untracked 
|  47|0x0000000082f00000, 0x0000000082f00000, 0x0000000083000000|  0%| F|  |TAMS 0x0000000082f00000, 0x0000000082f00000| Untracked 
|  48|0x0000000083000000, 0x0000000083000000, 0x0000000083100000|  0%| F|  |TAMS 0x0000000083000000, 0x0000000083000000| Untracked 
|  49|0x0000000083100000, 0x0000000083100000, 0x0000000083200000|  0%| F|  |TAMS 0x0000000083100000, 0x0000000083100000| Untracked 
|  50|0x0000000083200000, 0x0000000083200000, 0x0000000083300000|  0%| F|  |TAMS 0x0000000083200000, 0x0000000083200000| Untracked 
|  51|0x0000000083300000, 0x0000000083300000, 0x0000000083400000|  0%| F|  |TAMS 0x0000000083300000, 0x0000000083300000| Untracked 
|  52|0x0000000083400000, 0x0000000083400000, 0x0000000083500000|  0%| F|  |TAMS 0x0000000083400000, 0x0000000083400000| Untracked 
|  53|0x0000000083500000, 0x0000000083500000, 0x0000000083600000|  0%| F|  |TAMS 0x0000000083500000, 0x0000000083500000| Untracked 
|  54|0x0000000083600000, 0x0000000083600000, 0x0000000083700000|  0%| F|  |TAMS 0x0000000083600000, 0x0000000083600000| Untracked 
|  55|0x0000000083700000, 0x0000000083700000, 0x0000000083800000|  0%| F|  |TAMS 0x0000000083700000, 0x0000000083700000| Untracked 
|  56|0x0000000083800000, 0x0000000083800000, 0x0000000083900000|  0%| F|  |TAMS 0x0000000083800000, 0x0000000083800000| Untracked 
|  57|0x0000000083900000, 0x0000000083900000, 0x0000000083a00000|  0%| F|  |TAMS 0x0000000083900000, 0x0000000083900000| Untracked 
|  58|0x0000000083a00000, 0x0000000083a00000, 0x0000000083b00000|  0%| F|  |TAMS 0x0000000083a00000, 0x0000000083a00000| Untracked 
|  59|0x0000000083b00000, 0x0000000083b00000, 0x0000000083c00000|  0%| F|  |TAMS 0x0000000083b00000, 0x0000000083b00000| Untracked 
|  60|0x0000000083c00000, 0x0000000083c00000, 0x0000000083d00000|  0%| F|  |TAMS 0x0000000083c00000, 0x0000000083c00000| Untracked 
|  61|0x0000000083d00000, 0x0000000083d00000, 0x0000000083e00000|  0%| F|  |TAMS 0x0000000083d00000, 0x0000000083d00000| Untracked 
|  62|0x0000000083e00000, 0x0000000083e00000, 0x0000000083f00000|  0%| F|  |TAMS 0x0000000083e00000, 0x0000000083e00000| Untracked 
|  63|0x0000000083f00000, 0x0000000083f00000, 0x0000000084000000|  0%| F|  |TAMS 0x0000000083f00000, 0x0000000083f00000| Untracked 
|  64|0x0000000084000000, 0x0000000084000000, 0x0000000084100000|  0%| F|  |TAMS 0x0000000084000000, 0x0000000084000000| Untracked 
|  65|0x0000000084100000, 0x0000000084100000, 0x0000000084200000|  0%| F|  |TAMS 0x0000000084100000, 0x0000000084100000| Untracked 
|  66|0x0000000084200000, 0x0000000084200000, 0x0000000084300000|  0%| F|  |TAMS 0x0000000084200000, 0x0000000084200000| Untracked 
|  67|0x0000000084300000, 0x0000000084300000, 0x0000000084400000|  0%| F|  |TAMS 0x0000000084300000, 0x0000000084300000| Untracked 
|  68|0x0000000084400000, 0x0000000084400000, 0x0000000084500000|  0%| F|  |TAMS 0x0000000084400000, 0x0000000084400000| Untracked 
|  69|0x0000000084500000, 0x0000000084500000, 0x0000000084600000|  0%| F|  |TAMS 0x0000000084500000, 0x0000000084500000| Untracked 
|  70|0x0000000084600000, 0x0000000084600000, 0x0000000084700000|  0%| F|  |TAMS 0x0000000084600000, 0x0000000084600000| Untracked 
|  71|0x0000000084700000, 0x0000000084700000, 0x0000000084800000|  0%| F|  |TAMS 0x0000000084700000, 0x0000000084700000| Untracked 
|  72|0x0000000084800000, 0x0000000084800000, 0x0000000084900000|  0%| F|  |TAMS 0x0000000084800000, 0x0000000084800000| Untracked 
|  73|0x0000000084900000, 0x00000000849812e0, 0x0000000084a00000| 50%| S|CS|TAMS 0x0000000084900000, 0x0000000084900000| Complete 
|  74|0x0000000084a00000, 0x0000000084b00000, 0x0000000084b00000|100%| S|CS|TAMS 0x0000000084a00000, 0x0000000084a00000| Complete 
|  75|0x0000000084b00000, 0x0000000084c00000, 0x0000000084c00000|100%| S|CS|TAMS 0x0000000084b00000, 0x0000000084b00000| Complete 
|  76|0x0000000084c00000, 0x0000000084d00000, 0x0000000084d00000|100%| S|CS|TAMS 0x0000000084c00000, 0x0000000084c00000| Complete 
|  77|0x0000000084d00000, 0x0000000084e00000, 0x0000000084e00000|100%| S|CS|TAMS 0x0000000084d00000, 0x0000000084d00000| Complete 
|  78|0x0000000084e00000, 0x0000000084f00000, 0x0000000084f00000|100%| S|CS|TAMS 0x0000000084e00000, 0x0000000084e00000| Complete 
|  79|0x0000000084f00000, 0x0000000085000000, 0x0000000085000000|100%| S|CS|TAMS 0x0000000084f00000, 0x0000000084f00000| Complete 
|  80|0x0000000085000000, 0x0000000085100000, 0x0000000085100000|100%| S|CS|TAMS 0x0000000085000000, 0x0000000085000000| Complete 
|  81|0x0000000085100000, 0x0000000085200000, 0x0000000085200000|100%| S|CS|TAMS 0x0000000085100000, 0x0000000085100000| Complete 
|  82|0x0000000085200000, 0x0000000085300000, 0x0000000085300000|100%| S|CS|TAMS 0x0000000085200000, 0x0000000085200000| Complete 
|  83|0x0000000085300000, 0x0000000085400000, 0x0000000085400000|100%| S|CS|TAMS 0x0000000085300000, 0x0000000085300000| Complete 
|  84|0x0000000085400000, 0x0000000085500000, 0x0000000085500000|100%| S|CS|TAMS 0x0000000085400000, 0x0000000085400000| Complete 
|  85|0x0000000085500000, 0x0000000085600000, 0x0000000085600000|100%| S|CS|TAMS 0x0000000085500000, 0x0000000085500000| Complete 
|  86|0x0000000085600000, 0x0000000085700000, 0x0000000085700000|100%| S|CS|TAMS 0x0000000085600000, 0x0000000085600000| Complete 
|  87|0x0000000085700000, 0x0000000085800000, 0x0000000085800000|100%| S|CS|TAMS 0x0000000085700000, 0x0000000085700000| Complete 
|  88|0x0000000085800000, 0x0000000085900000, 0x0000000085900000|100%| S|CS|TAMS 0x0000000085800000, 0x0000000085800000| Complete 
|  89|0x0000000085900000, 0x0000000085a00000, 0x0000000085a00000|100%| S|CS|TAMS 0x0000000085900000, 0x0000000085900000| Complete 
|  90|0x0000000085a00000, 0x0000000085a00000, 0x0000000085b00000|  0%| F|  |TAMS 0x0000000085a00000, 0x0000000085a00000| Untracked 
|  91|0x0000000085b00000, 0x0000000085b00000, 0x0000000085c00000|  0%| F|  |TAMS 0x0000000085b00000, 0x0000000085b00000| Untracked 
|  92|0x0000000085c00000, 0x0000000085c00000, 0x0000000085d00000|  0%| F|  |TAMS 0x0000000085c00000, 0x0000000085c00000| Untracked 
|  93|0x0000000085d00000, 0x0000000085d00000, 0x0000000085e00000|  0%| F|  |TAMS 0x0000000085d00000, 0x0000000085d00000| Untracked 
|  94|0x0000000085e00000, 0x0000000085e00000, 0x0000000085f00000|  0%| F|  |TAMS 0x0000000085e00000, 0x0000000085e00000| Untracked 
|  95|0x0000000085f00000, 0x0000000085f00000, 0x0000000086000000|  0%| F|  |TAMS 0x0000000085f00000, 0x0000000085f00000| Untracked 
|  96|0x0000000086000000, 0x0000000086000000, 0x0000000086100000|  0%| F|  |TAMS 0x0000000086000000, 0x0000000086000000| Untracked 
|  97|0x0000000086100000, 0x0000000086100000, 0x0000000086200000|  0%| F|  |TAMS 0x0000000086100000, 0x0000000086100000| Untracked 
|  98|0x0000000086200000, 0x0000000086200000, 0x0000000086300000|  0%| F|  |TAMS 0x0000000086200000, 0x0000000086200000| Untracked 
|  99|0x0000000086300000, 0x0000000086300000, 0x0000000086400000|  0%| F|  |TAMS 0x0000000086300000, 0x0000000086300000| Untracked 
| 100|0x0000000086400000, 0x0000000086400000, 0x0000000086500000|  0%| F|  |TAMS 0x0000000086400000, 0x0000000086400000| Untracked 
| 101|0x0000000086500000, 0x0000000086500000, 0x0000000086600000|  0%| F|  |TAMS 0x0000000086500000, 0x0000000086500000| Untracked 
| 102|0x0000000086600000, 0x0000000086600000, 0x0000000086700000|  0%| F|  |TAMS 0x0000000086600000, 0x0000000086600000| Untracked 
| 103|0x0000000086700000, 0x0000000086700000, 0x0000000086800000|  0%| F|  |TAMS 0x0000000086700000, 0x0000000086700000| Untracked 
| 104|0x0000000086800000, 0x0000000086800000, 0x0000000086900000|  0%| F|  |TAMS 0x0000000086800000, 0x0000000086800000| Untracked 
| 105|0x0000000086900000, 0x0000000086900000, 0x0000000086a00000|  0%| F|  |TAMS 0x0000000086900000, 0x0000000086900000| Untracked 
| 106|0x0000000086a00000, 0x0000000086a00000, 0x0000000086b00000|  0%| F|  |TAMS 0x0000000086a00000, 0x0000000086a00000| Untracked 
| 107|0x0000000086b00000, 0x0000000086b00000, 0x0000000086c00000|  0%| F|  |TAMS 0x0000000086b00000, 0x0000000086b00000| Untracked 
| 108|0x0000000086c00000, 0x0000000086c00000, 0x0000000086d00000|  0%| F|  |TAMS 0x0000000086c00000, 0x0000000086c00000| Untracked 
| 109|0x0000000086d00000, 0x0000000086d00000, 0x0000000086e00000|  0%| F|  |TAMS 0x0000000086d00000, 0x0000000086d00000| Untracked 
| 110|0x0000000086e00000, 0x0000000086e00000, 0x0000000086f00000|  0%| F|  |TAMS 0x0000000086e00000, 0x0000000086e00000| Untracked 
| 111|0x0000000086f00000, 0x0000000086f00000, 0x0000000087000000|  0%| F|  |TAMS 0x0000000086f00000, 0x0000000086f00000| Untracked 
| 112|0x0000000087000000, 0x0000000087000000, 0x0000000087100000|  0%| F|  |TAMS 0x0000000087000000, 0x0000000087000000| Untracked 
| 113|0x0000000087100000, 0x0000000087100000, 0x0000000087200000|  0%| F|  |TAMS 0x0000000087100000, 0x0000000087100000| Untracked 
| 114|0x0000000087200000, 0x0000000087200000, 0x0000000087300000|  0%| F|  |TAMS 0x0000000087200000, 0x0000000087200000| Untracked 
| 115|0x0000000087300000, 0x0000000087300000, 0x0000000087400000|  0%| F|  |TAMS 0x0000000087300000, 0x0000000087300000| Untracked 
| 116|0x0000000087400000, 0x0000000087400000, 0x0000000087500000|  0%| F|  |TAMS 0x0000000087400000, 0x0000000087400000| Untracked 
| 117|0x0000000087500000, 0x0000000087500000, 0x0000000087600000|  0%| F|  |TAMS 0x0000000087500000, 0x0000000087500000| Untracked 
| 118|0x0000000087600000, 0x0000000087600000, 0x0000000087700000|  0%| F|  |TAMS 0x0000000087600000, 0x0000000087600000| Untracked 
| 119|0x0000000087700000, 0x0000000087700000, 0x0000000087800000|  0%| F|  |TAMS 0x0000000087700000, 0x0000000087700000| Untracked 
| 120|0x0000000087800000, 0x0000000087800000, 0x0000000087900000|  0%| F|  |TAMS 0x0000000087800000, 0x0000000087800000| Untracked 
| 121|0x0000000087900000, 0x0000000087900000, 0x0000000087a00000|  0%| F|  |TAMS 0x0000000087900000, 0x0000000087900000| Untracked 
| 122|0x0000000087a00000, 0x0000000087a00000, 0x0000000087b00000|  0%| F|  |TAMS 0x0000000087a00000, 0x0000000087a00000| Untracked 
| 123|0x0000000087b00000, 0x0000000087b00000, 0x0000000087c00000|  0%| F|  |TAMS 0x0000000087b00000, 0x0000000087b00000| Untracked 
| 124|0x0000000087c00000, 0x0000000087c00000, 0x0000000087d00000|  0%| F|  |TAMS 0x0000000087c00000, 0x0000000087c00000| Untracked 
| 125|0x0000000087d00000, 0x0000000087d00000, 0x0000000087e00000|  0%| F|  |TAMS 0x0000000087d00000, 0x0000000087d00000| Untracked 
| 126|0x0000000087e00000, 0x0000000087e00000, 0x0000000087f00000|  0%| F|  |TAMS 0x0000000087e00000, 0x0000000087e00000| Untracked 
| 127|0x0000000087f00000, 0x0000000087f00000, 0x0000000088000000|  0%| F|  |TAMS 0x0000000087f00000, 0x0000000087f00000| Untracked 
| 128|0x0000000088000000, 0x0000000088000000, 0x0000000088100000|  0%| F|  |TAMS 0x0000000088000000, 0x0000000088000000| Untracked 
| 129|0x0000000088100000, 0x0000000088100000, 0x0000000088200000|  0%| F|  |TAMS 0x0000000088100000, 0x0000000088100000| Untracked 
| 130|0x0000000088200000, 0x0000000088200000, 0x0000000088300000|  0%| F|  |TAMS 0x0000000088200000, 0x0000000088200000| Untracked 
| 131|0x0000000088300000, 0x0000000088300000, 0x0000000088400000|  0%| F|  |TAMS 0x0000000088300000, 0x0000000088300000| Untracked 
| 132|0x0000000088400000, 0x0000000088400000, 0x0000000088500000|  0%| F|  |TAMS 0x0000000088400000, 0x0000000088400000| Untracked 
| 133|0x0000000088500000, 0x0000000088500000, 0x0000000088600000|  0%| F|  |TAMS 0x0000000088500000, 0x0000000088500000| Untracked 
| 134|0x0000000088600000, 0x0000000088600000, 0x0000000088700000|  0%| F|  |TAMS 0x0000000088600000, 0x0000000088600000| Untracked 
| 135|0x0000000088700000, 0x0000000088700000, 0x0000000088800000|  0%| F|  |TAMS 0x0000000088700000, 0x0000000088700000| Untracked 
| 136|0x0000000088800000, 0x0000000088800000, 0x0000000088900000|  0%| F|  |TAMS 0x0000000088800000, 0x0000000088800000| Untracked 
| 137|0x0000000088900000, 0x0000000088900000, 0x0000000088a00000|  0%| F|  |TAMS 0x0000000088900000, 0x0000000088900000| Untracked 
| 138|0x0000000088a00000, 0x0000000088a00000, 0x0000000088b00000|  0%| F|  |TAMS 0x0000000088a00000, 0x0000000088a00000| Untracked 
| 139|0x0000000088b00000, 0x0000000088b00000, 0x0000000088c00000|  0%| F|  |TAMS 0x0000000088b00000, 0x0000000088b00000| Untracked 
| 140|0x0000000088c00000, 0x0000000088c00000, 0x0000000088d00000|  0%| F|  |TAMS 0x0000000088c00000, 0x0000000088c00000| Untracked 
| 141|0x0000000088d00000, 0x0000000088d00000, 0x0000000088e00000|  0%| F|  |TAMS 0x0000000088d00000, 0x0000000088d00000| Untracked 
| 142|0x0000000088e00000, 0x0000000088e00000, 0x0000000088f00000|  0%| F|  |TAMS 0x0000000088e00000, 0x0000000088e00000| Untracked 
| 143|0x0000000088f00000, 0x0000000088f00000, 0x0000000089000000|  0%| F|  |TAMS 0x0000000088f00000, 0x0000000088f00000| Untracked 
| 144|0x0000000089000000, 0x0000000089000000, 0x0000000089100000|  0%| F|  |TAMS 0x0000000089000000, 0x0000000089000000| Untracked 
| 145|0x0000000089100000, 0x0000000089100000, 0x0000000089200000|  0%| F|  |TAMS 0x0000000089100000, 0x0000000089100000| Untracked 
| 146|0x0000000089200000, 0x0000000089200000, 0x0000000089300000|  0%| F|  |TAMS 0x0000000089200000, 0x0000000089200000| Untracked 
| 147|0x0000000089300000, 0x0000000089300000, 0x0000000089400000|  0%| F|  |TAMS 0x0000000089300000, 0x0000000089300000| Untracked 
| 148|0x0000000089400000, 0x0000000089400000, 0x0000000089500000|  0%| F|  |TAMS 0x0000000089400000, 0x0000000089400000| Untracked 
| 149|0x0000000089500000, 0x0000000089500000, 0x0000000089600000|  0%| F|  |TAMS 0x0000000089500000, 0x0000000089500000| Untracked 
| 150|0x0000000089600000, 0x0000000089600000, 0x0000000089700000|  0%| F|  |TAMS 0x0000000089600000, 0x0000000089600000| Untracked 
| 151|0x0000000089700000, 0x0000000089700000, 0x0000000089800000|  0%| F|  |TAMS 0x0000000089700000, 0x0000000089700000| Untracked 
| 152|0x0000000089800000, 0x0000000089800000, 0x0000000089900000|  0%| F|  |TAMS 0x0000000089800000, 0x0000000089800000| Untracked 
| 153|0x0000000089900000, 0x0000000089900000, 0x0000000089a00000|  0%| F|  |TAMS 0x0000000089900000, 0x0000000089900000| Untracked 
| 154|0x0000000089a00000, 0x0000000089a00000, 0x0000000089b00000|  0%| F|  |TAMS 0x0000000089a00000, 0x0000000089a00000| Untracked 
| 155|0x0000000089b00000, 0x0000000089b00000, 0x0000000089c00000|  0%| F|  |TAMS 0x0000000089b00000, 0x0000000089b00000| Untracked 
| 156|0x0000000089c00000, 0x0000000089c00000, 0x0000000089d00000|  0%| F|  |TAMS 0x0000000089c00000, 0x0000000089c00000| Untracked 
| 157|0x0000000089d00000, 0x0000000089d00000, 0x0000000089e00000|  0%| F|  |TAMS 0x0000000089d00000, 0x0000000089d00000| Untracked 
| 158|0x0000000089e00000, 0x0000000089e00000, 0x0000000089f00000|  0%| F|  |TAMS 0x0000000089e00000, 0x0000000089e00000| Untracked 
| 159|0x0000000089f00000, 0x0000000089f00000, 0x000000008a000000|  0%| F|  |TAMS 0x0000000089f00000, 0x0000000089f00000| Untracked 
| 160|0x000000008a000000, 0x000000008a000000, 0x000000008a100000|  0%| F|  |TAMS 0x000000008a000000, 0x000000008a000000| Untracked 
| 161|0x000000008a100000, 0x000000008a100000, 0x000000008a200000|  0%| F|  |TAMS 0x000000008a100000, 0x000000008a100000| Untracked 
| 162|0x000000008a200000, 0x000000008a200000, 0x000000008a300000|  0%| F|  |TAMS 0x000000008a200000, 0x000000008a200000| Untracked 
| 163|0x000000008a300000, 0x000000008a300000, 0x000000008a400000|  0%| F|  |TAMS 0x000000008a300000, 0x000000008a300000| Untracked 
| 164|0x000000008a400000, 0x000000008a400000, 0x000000008a500000|  0%| F|  |TAMS 0x000000008a400000, 0x000000008a400000| Untracked 
| 165|0x000000008a500000, 0x000000008a500000, 0x000000008a600000|  0%| F|  |TAMS 0x000000008a500000, 0x000000008a500000| Untracked 
| 166|0x000000008a600000, 0x000000008a600000, 0x000000008a700000|  0%| F|  |TAMS 0x000000008a600000, 0x000000008a600000| Untracked 
| 167|0x000000008a700000, 0x000000008a700000, 0x000000008a800000|  0%| F|  |TAMS 0x000000008a700000, 0x000000008a700000| Untracked 
| 168|0x000000008a800000, 0x000000008a800000, 0x000000008a900000|  0%| F|  |TAMS 0x000000008a800000, 0x000000008a800000| Untracked 
| 169|0x000000008a900000, 0x000000008a900000, 0x000000008aa00000|  0%| F|  |TAMS 0x000000008a900000, 0x000000008a900000| Untracked 
| 170|0x000000008aa00000, 0x000000008aa00000, 0x000000008ab00000|  0%| F|  |TAMS 0x000000008aa00000, 0x000000008aa00000| Untracked 
| 171|0x000000008ab00000, 0x000000008ab00000, 0x000000008ac00000|  0%| F|  |TAMS 0x000000008ab00000, 0x000000008ab00000| Untracked 
| 172|0x000000008ac00000, 0x000000008ac00000, 0x000000008ad00000|  0%| F|  |TAMS 0x000000008ac00000, 0x000000008ac00000| Untracked 
| 173|0x000000008ad00000, 0x000000008ad00000, 0x000000008ae00000|  0%| F|  |TAMS 0x000000008ad00000, 0x000000008ad00000| Untracked 
| 174|0x000000008ae00000, 0x000000008ae00000, 0x000000008af00000|  0%| F|  |TAMS 0x000000008ae00000, 0x000000008ae00000| Untracked 
| 175|0x000000008af00000, 0x000000008af00000, 0x000000008b000000|  0%| F|  |TAMS 0x000000008af00000, 0x000000008af00000| Untracked 
| 176|0x000000008b000000, 0x000000008b000000, 0x000000008b100000|  0%| F|  |TAMS 0x000000008b000000, 0x000000008b000000| Untracked 
| 177|0x000000008b100000, 0x000000008b100000, 0x000000008b200000|  0%| F|  |TAMS 0x000000008b100000, 0x000000008b100000| Untracked 
| 178|0x000000008b200000, 0x000000008b200000, 0x000000008b300000|  0%| F|  |TAMS 0x000000008b200000, 0x000000008b200000| Untracked 
| 179|0x000000008b300000, 0x000000008b300000, 0x000000008b400000|  0%| F|  |TAMS 0x000000008b300000, 0x000000008b300000| Untracked 
| 180|0x000000008b400000, 0x000000008b400000, 0x000000008b500000|  0%| F|  |TAMS 0x000000008b400000, 0x000000008b400000| Untracked 
| 181|0x000000008b500000, 0x000000008b500000, 0x000000008b600000|  0%| F|  |TAMS 0x000000008b500000, 0x000000008b500000| Untracked 
| 182|0x000000008b600000, 0x000000008b600000, 0x000000008b700000|  0%| F|  |TAMS 0x000000008b600000, 0x000000008b600000| Untracked 
| 183|0x000000008b700000, 0x000000008b700000, 0x000000008b800000|  0%| F|  |TAMS 0x000000008b700000, 0x000000008b700000| Untracked 
| 184|0x000000008b800000, 0x000000008b800000, 0x000000008b900000|  0%| F|  |TAMS 0x000000008b800000, 0x000000008b800000| Untracked 
| 185|0x000000008b900000, 0x000000008b900000, 0x000000008ba00000|  0%| F|  |TAMS 0x000000008b900000, 0x000000008b900000| Untracked 
| 186|0x000000008ba00000, 0x000000008ba00000, 0x000000008bb00000|  0%| F|  |TAMS 0x000000008ba00000, 0x000000008ba00000| Untracked 
| 187|0x000000008bb00000, 0x000000008bb00000, 0x000000008bc00000|  0%| F|  |TAMS 0x000000008bb00000, 0x000000008bb00000| Untracked 
| 188|0x000000008bc00000, 0x000000008bc00000, 0x000000008bd00000|  0%| F|  |TAMS 0x000000008bc00000, 0x000000008bc00000| Untracked 
| 189|0x000000008bd00000, 0x000000008bd00000, 0x000000008be00000|  0%| F|  |TAMS 0x000000008bd00000, 0x000000008bd00000| Untracked 
| 190|0x000000008be00000, 0x000000008be00000, 0x000000008bf00000|  0%| F|  |TAMS 0x000000008be00000, 0x000000008be00000| Untracked 
| 191|0x000000008bf00000, 0x000000008bf00000, 0x000000008c000000|  0%| F|  |TAMS 0x000000008bf00000, 0x000000008bf00000| Untracked 
| 192|0x000000008c000000, 0x000000008c000000, 0x000000008c100000|  0%| F|  |TAMS 0x000000008c000000, 0x000000008c000000| Untracked 
| 193|0x000000008c100000, 0x000000008c100000, 0x000000008c200000|  0%| F|  |TAMS 0x000000008c100000, 0x000000008c100000| Untracked 
| 194|0x000000008c200000, 0x000000008c200000, 0x000000008c300000|  0%| F|  |TAMS 0x000000008c200000, 0x000000008c200000| Untracked 
| 195|0x000000008c300000, 0x000000008c300000, 0x000000008c400000|  0%| F|  |TAMS 0x000000008c300000, 0x000000008c300000| Untracked 
| 196|0x000000008c400000, 0x000000008c400000, 0x000000008c500000|  0%| F|  |TAMS 0x000000008c400000, 0x000000008c400000| Untracked 
| 197|0x000000008c500000, 0x000000008c500000, 0x000000008c600000|  0%| F|  |TAMS 0x000000008c500000, 0x000000008c500000| Untracked 
| 198|0x000000008c600000, 0x000000008c600000, 0x000000008c700000|  0%| F|  |TAMS 0x000000008c600000, 0x000000008c600000| Untracked 
| 199|0x000000008c700000, 0x000000008c700000, 0x000000008c800000|  0%| F|  |TAMS 0x000000008c700000, 0x000000008c700000| Untracked 
| 200|0x000000008c800000, 0x000000008c800000, 0x000000008c900000|  0%| F|  |TAMS 0x000000008c800000, 0x000000008c800000| Untracked 
| 201|0x000000008c900000, 0x000000008c900000, 0x000000008ca00000|  0%| F|  |TAMS 0x000000008c900000, 0x000000008c900000| Untracked 
| 202|0x000000008ca00000, 0x000000008ca00000, 0x000000008cb00000|  0%| F|  |TAMS 0x000000008ca00000, 0x000000008ca00000| Untracked 
| 203|0x000000008cb00000, 0x000000008cb00000, 0x000000008cc00000|  0%| F|  |TAMS 0x000000008cb00000, 0x000000008cb00000| Untracked 
| 204|0x000000008cc00000, 0x000000008cc00000, 0x000000008cd00000|  0%| F|  |TAMS 0x000000008cc00000, 0x000000008cc00000| Untracked 
| 205|0x000000008cd00000, 0x000000008cd00000, 0x000000008ce00000|  0%| F|  |TAMS 0x000000008cd00000, 0x000000008cd00000| Untracked 
| 206|0x000000008ce00000, 0x000000008ce00000, 0x000000008cf00000|  0%| F|  |TAMS 0x000000008ce00000, 0x000000008ce00000| Untracked 
| 207|0x000000008cf00000, 0x000000008cf00000, 0x000000008d000000|  0%| F|  |TAMS 0x000000008cf00000, 0x000000008cf00000| Untracked 
| 208|0x000000008d000000, 0x000000008d000000, 0x000000008d100000|  0%| F|  |TAMS 0x000000008d000000, 0x000000008d000000| Untracked 
| 209|0x000000008d100000, 0x000000008d100000, 0x000000008d200000|  0%| F|  |TAMS 0x000000008d100000, 0x000000008d100000| Untracked 
| 210|0x000000008d200000, 0x000000008d200000, 0x000000008d300000|  0%| F|  |TAMS 0x000000008d200000, 0x000000008d200000| Untracked 
| 211|0x000000008d300000, 0x000000008d300000, 0x000000008d400000|  0%| F|  |TAMS 0x000000008d300000, 0x000000008d300000| Untracked 
| 212|0x000000008d400000, 0x000000008d500000, 0x000000008d500000|100%| E|  |TAMS 0x000000008d400000, 0x000000008d400000| Complete 
| 213|0x000000008d500000, 0x000000008d600000, 0x000000008d600000|100%| E|CS|TAMS 0x000000008d500000, 0x000000008d500000| Complete 
| 214|0x000000008d600000, 0x000000008d700000, 0x000000008d700000|100%| E|CS|TAMS 0x000000008d600000, 0x000000008d600000| Complete 
| 215|0x000000008d700000, 0x000000008d800000, 0x000000008d800000|100%| E|CS|TAMS 0x000000008d700000, 0x000000008d700000| Complete 
| 216|0x000000008d800000, 0x000000008d900000, 0x000000008d900000|100%| E|CS|TAMS 0x000000008d800000, 0x000000008d800000| Complete 
| 217|0x000000008d900000, 0x000000008da00000, 0x000000008da00000|100%| E|CS|TAMS 0x000000008d900000, 0x000000008d900000| Complete 
| 218|0x000000008da00000, 0x000000008db00000, 0x000000008db00000|100%| E|CS|TAMS 0x000000008da00000, 0x000000008da00000| Complete 
| 219|0x000000008db00000, 0x000000008dc00000, 0x000000008dc00000|100%| E|CS|TAMS 0x000000008db00000, 0x000000008db00000| Complete 
| 220|0x000000008dc00000, 0x000000008dd00000, 0x000000008dd00000|100%| E|CS|TAMS 0x000000008dc00000, 0x000000008dc00000| Complete 
| 221|0x000000008dd00000, 0x000000008de00000, 0x000000008de00000|100%| E|CS|TAMS 0x000000008dd00000, 0x000000008dd00000| Complete 
| 222|0x000000008de00000, 0x000000008df00000, 0x000000008df00000|100%| E|CS|TAMS 0x000000008de00000, 0x000000008de00000| Complete 
| 223|0x000000008df00000, 0x000000008e000000, 0x000000008e000000|100%| E|CS|TAMS 0x000000008df00000, 0x000000008df00000| Complete 

Card table byte_map: [0x000001ec29ad0000,0x000001ec29ed0000] _byte_map_base: 0x000001ec296d0000

Marking Bits (Prev, Next): (CMBitMap*) 0x000001ec168dde98, (CMBitMap*) 0x000001ec168dded0
 Prev Bits: [0x000001ec2a2d0000, 0x000001ec2c2d0000)
 Next Bits: [0x000001ec2c2d0000, 0x000001ec2e2d0000)

Polling page: 0x000001ec16080000

Metaspace:

Usage:
  Non-class:     50.09 MB capacity,    49.17 MB ( 98%) used,   789.79 KB (  2%) free+waste,   152.19 KB ( <1%) overhead. 
      Class:      7.69 MB capacity,     7.16 MB ( 93%) used,   471.00 KB (  6%) free+waste,    72.19 KB ( <1%) overhead. 
       Both:     57.78 MB capacity,    56.33 MB ( 97%) used,     1.23 MB (  2%) free+waste,   224.38 KB ( <1%) overhead. 

Virtual space:
  Non-class space:       52.00 MB reserved,      50.25 MB ( 97%) committed 
      Class space:        1.00 GB reserved,       7.70 MB ( <1%) committed 
             Both:        1.05 GB reserved,      57.95 MB (  5%) committed 

Chunk freelists:
   Non-Class:  32.00 KB
       Class:  0 bytes
        Both:  32.00 KB

MaxMetaspaceSize: 17179869184.00 GB
CompressedClassSpaceSize: 1.00 GB

CodeHeap 'non-profiled nmethods': size=120000Kb used=3288Kb max_used=3288Kb free=116711Kb
 bounds [0x000001ec21e60000, 0x000001ec221a0000, 0x000001ec29390000]
CodeHeap 'profiled nmethods': size=120000Kb used=11971Kb max_used=11971Kb free=108028Kb
 bounds [0x000001ec1a930000, 0x000001ec1b4f0000, 0x000001ec21e60000]
CodeHeap 'non-nmethods': size=5760Kb used=2245Kb max_used=2275Kb free=3514Kb
 bounds [0x000001ec1a390000, 0x000001ec1a600000, 0x000001ec1a930000]
 total_blobs=6561 nmethods=5731 adapters=741
 compilation: enabled
              stopped_count=0, restarted_count=0
 full_count=0

Compilation events (20 events):
Event: 27.340 Thread 0x000001ec315e8800 5680       3       com.google.common.reflect.TypeToken::getCovariantTypeResolver (24 bytes)
Event: 27.341 Thread 0x000001ec315e8800 nmethod 5680 0x000001ec1b4ba990 code [0x000001ec1b4babc0, 0x000001ec1b4bb378]
Event: 27.341 Thread 0x000001ec315e8800 5683       3       com.google.common.reflect.TypeToken::of (9 bytes)
Event: 27.342 Thread 0x000001ec315e8800 nmethod 5683 0x000001ec1b4bb610 code [0x000001ec1b4bb800, 0x000001ec1b4bbcc8]
Event: 27.342 Thread 0x000001ec315e8800 5681       3       java.lang.invoke.BoundMethodHandle::bindArgumentL (11 bytes)
Event: 27.342 Thread 0x000001ec315e8800 nmethod 5681 0x000001ec1b4bbf10 code [0x000001ec1b4bc100, 0x000001ec1b4bc5d8]
Event: 27.342 Thread 0x000001ec315e8800 5682       3       java.lang.invoke.LambdaFormEditor::bindArgumentL (59 bytes)
Event: 27.342 Thread 0x000001ec315e8800 nmethod 5682 0x000001ec1b4bc810 code [0x000001ec1b4bc9e0, 0x000001ec1b4bcc68]
Event: 27.343 Thread 0x000001ec315e8800 5684       3       com.google.common.collect.RegularImmutableMap::createEntrySet (18 bytes)
Event: 27.343 Thread 0x000001ec315e8800 nmethod 5684 0x000001ec1b4bcd90 code [0x000001ec1b4bcf60, 0x000001ec1b4bd358]
Event: 27.343 Thread 0x000001ec315e8800 5685       3       com.google.common.collect.RegularImmutableMap$EntrySet::<init> (26 bytes)
Event: 27.343 Thread 0x000001ec315e8800 nmethod 5685 0x000001ec1b4bd510 code [0x000001ec1b4bd6e0, 0x000001ec1b4bda18]
Event: 27.344 Thread 0x000001ec315e8800 5686       3       org.gradle.api.internal.provider.DefaultPropertyFactory::property (13 bytes)
Event: 27.345 Thread 0x000001ec315e8800 nmethod 5686 0x000001ec1b4bdb90 code [0x000001ec1b4bde00, 0x000001ec1b4bea88]
Event: 27.368 Thread 0x000001ec315e8800 5687       3       sun.management.spi.PlatformMBeanProvider$PlatformComponent::getMBeans (87 bytes)
Event: 27.370 Thread 0x000001ec315e8800 nmethod 5687 0x000001ec1b4bee90 code [0x000001ec1b4bf260, 0x000001ec1b4c0d98]
Event: 27.388 Thread 0x000001ec315e8800 5689       3       java.util.logging.LogManager::getProperty (9 bytes)
Event: 27.388 Thread 0x000001ec315e8800 nmethod 5689 0x000001ec1b4c1610 code [0x000001ec1b4c17c0, 0x000001ec1b4c1988]
Event: 27.393 Thread 0x000001ec315e8800 5690       3       java.lang.invoke.BoundMethodHandle$Species_L::<init> (12 bytes)
Event: 27.393 Thread 0x000001ec315e8800 nmethod 5690 0x000001ec1b4c1a90 code [0x000001ec1b4c1c60, 0x000001ec1b4c1e68]

GC Heap History (16 events):
Event: 1.766 GC heap before
{Heap before GC invocations=0 (full 0):
 garbage-first heap   total 229376K, used 29696K [0x0000000080000000, 0x0000000100000000)
  region size 1024K, 24 young (24576K), 0 survivors (0K)
 Metaspace       used 10224K, capacity 10425K, committed 10624K, reserved 1058816K
  class space    used 1064K, capacity 1139K, committed 1152K, reserved 1048576K
}
Event: 1.775 GC heap after
{Heap after GC invocations=1 (full 0):
 garbage-first heap   total 229376K, used 9283K [0x0000000080000000, 0x0000000100000000)
  region size 1024K, 3 young (3072K), 3 survivors (3072K)
 Metaspace       used 10224K, capacity 10425K, committed 10624K, reserved 1058816K
  class space    used 1064K, capacity 1139K, committed 1152K, reserved 1048576K
}
Event: 2.350 GC heap before
{Heap before GC invocations=1 (full 0):
 garbage-first heap   total 229376K, used 25667K [0x0000000080000000, 0x0000000100000000)
  region size 1024K, 19 young (19456K), 3 survivors (3072K)
 Metaspace       used 11082K, capacity 11250K, committed 11520K, reserved 1058816K
  class space    used 1165K, capacity 1243K, committed 1280K, reserved 1048576K
}
Event: 2.355 GC heap after
{Heap after GC invocations=2 (full 0):
 garbage-first heap   total 229376K, used 10483K [0x0000000080000000, 0x0000000100000000)
  region size 1024K, 1 young (1024K), 1 survivors (1024K)
 Metaspace       used 11082K, capacity 11250K, committed 11520K, reserved 1058816K
  class space    used 1165K, capacity 1243K, committed 1280K, reserved 1048576K
}
Event: 5.210 GC heap before
{Heap before GC invocations=2 (full 0):
 garbage-first heap   total 229376K, used 58611K [0x0000000080000000, 0x0000000100000000)
  region size 1024K, 48 young (49152K), 1 survivors (1024K)
 Metaspace       used 16746K, capacity 17110K, committed 17280K, reserved 1064960K
  class space    used 1923K, capacity 2055K, committed 2176K, reserved 1048576K
}
Event: 5.218 GC heap after
{Heap after GC invocations=3 (full 0):
 garbage-first heap   total 229376K, used 16368K [0x0000000080000000, 0x0000000100000000)
  region size 1024K, 6 young (6144K), 6 survivors (6144K)
 Metaspace       used 16746K, capacity 17110K, committed 17280K, reserved 1064960K
  class space    used 1923K, capacity 2055K, committed 2176K, reserved 1048576K
}
Event: 6.668 GC heap before
{Heap before GC invocations=3 (full 0):
 garbage-first heap   total 229376K, used 49136K [0x0000000080000000, 0x0000000100000000)
  region size 1024K, 39 young (39936K), 6 survivors (6144K)
 Metaspace       used 20648K, capacity 21128K, committed 21248K, reserved 1067008K
  class space    used 2523K, capacity 2722K, committed 2816K, reserved 1048576K
}
Event: 6.685 GC heap after
{Heap after GC invocations=4 (full 0):
 garbage-first heap   total 229376K, used 17769K [0x0000000080000000, 0x0000000100000000)
  region size 1024K, 2 young (2048K), 2 survivors (2048K)
 Metaspace       used 20648K, capacity 21128K, committed 21248K, reserved 1067008K
  class space    used 2523K, capacity 2722K, committed 2816K, reserved 1048576K
}
Event: 9.636 GC heap before
{Heap before GC invocations=5 (full 0):
 garbage-first heap   total 229376K, used 87401K [0x0000000080000000, 0x0000000100000000)
  region size 1024K, 71 young (72704K), 2 survivors (2048K)
 Metaspace       used 27358K, capacity 27967K, committed 28288K, reserved 1073152K
  class space    used 3610K, capacity 3859K, committed 3968K, reserved 1048576K
}
Event: 9.645 GC heap after
{Heap after GC invocations=6 (full 0):
 garbage-first heap   total 229376K, used 19910K [0x0000000080000000, 0x0000000100000000)
  region size 1024K, 4 young (4096K), 4 survivors (4096K)
 Metaspace       used 27358K, capacity 27967K, committed 28288K, reserved 1073152K
  class space    used 3610K, capacity 3859K, committed 3968K, reserved 1048576K
}
Event: 11.949 GC heap before
{Heap before GC invocations=6 (full 0):
 garbage-first heap   total 229376K, used 59846K [0x0000000080000000, 0x0000000100000000)
  region size 1024K, 45 young (46080K), 4 survivors (4096K)
 Metaspace       used 35055K, capacity 35835K, committed 35840K, reserved 1081344K
  class space    used 4539K, capacity 4864K, committed 4864K, reserved 1048576K
}
Event: 11.965 GC heap after
{Heap after GC invocations=7 (full 0):
 garbage-first heap   total 229376K, used 22973K [0x0000000080000000, 0x0000000100000000)
  region size 1024K, 7 young (7168K), 7 survivors (7168K)
 Metaspace       used 35055K, capacity 35835K, committed 35840K, reserved 1081344K
  class space    used 4539K, capacity 4864K, committed 4864K, reserved 1048576K
}
Event: 15.494 GC heap before
{Heap before GC invocations=8 (full 0):
 garbage-first heap   total 229376K, used 140733K [0x0000000080000000, 0x0000000100000000)
  region size 1024K, 119 young (121856K), 7 survivors (7168K)
 Metaspace       used 44184K, capacity 45264K, committed 45516K, reserved 1089536K
  class space    used 5664K, capacity 6036K, committed 6092K, reserved 1048576K
}
Event: 15.515 GC heap after
{Heap after GC invocations=9 (full 0):
 garbage-first heap   total 229376K, used 29440K [0x0000000080000000, 0x0000000100000000)
  region size 1024K, 13 young (13312K), 13 survivors (13312K)
 Metaspace       used 44184K, capacity 45264K, committed 45516K, reserved 1089536K
  class space    used 5664K, capacity 6036K, committed 6092K, reserved 1048576K
}
Event: 26.940 GC heap before
{Heap before GC invocations=9 (full 0):
 garbage-first heap   total 229376K, used 156416K [0x0000000080000000, 0x0000000100000000)
  region size 1024K, 134 young (137216K), 13 survivors (13312K)
 Metaspace       used 55783K, capacity 57236K, committed 57548K, reserved 1099776K
  class space    used 7064K, capacity 7569K, committed 7628K, reserved 1048576K
}
Event: 26.969 GC heap after
{Heap after GC invocations=10 (full 0):
 garbage-first heap   total 229376K, used 43506K [0x0000000080000000, 0x0000000100000000)
  region size 1024K, 17 young (17408K), 17 survivors (17408K)
 Metaspace       used 55783K, capacity 57236K, committed 57548K, reserved 1099776K
  class space    used 7064K, capacity 7569K, committed 7628K, reserved 1048576K
}

Deoptimization events (20 events):
Event: 24.738 Thread 0x000001ec343fe000 Uncommon trap: trap_request=0xffffff45 fr.pc=0x000001ec21fa9f84 relative=0x0000000000000224
Event: 24.738 Thread 0x000001ec343fe000 Uncommon trap: reason=unstable_fused_if action=reinterpret pc=0x000001ec21fa9f84 method=org.objectweb.asm.ByteVector.putUTF8(Ljava/lang/String;)Lorg/objectweb/asm/ByteVector; @ 93 c2
Event: 24.738 Thread 0x000001ec343fe000 DEOPT PACKING pc=0x000001ec21fa9f84 sp=0x000000cae48f8030
Event: 24.738 Thread 0x000001ec343fe000 DEOPT UNPACKING pc=0x000001ec1a3b78af sp=0x000000cae48f7fb0 mode 2
Event: 25.980 Thread 0x000001ec343fe000 Uncommon trap: trap_request=0xffffffc6 fr.pc=0x000001ec220c0adc relative=0x00000000000009fc
Event: 25.980 Thread 0x000001ec343fe000 Uncommon trap: reason=bimorphic_or_optimized_type_check action=maybe_recompile pc=0x000001ec220c0adc method=java.util.Spliterators$IteratorSpliterator.tryAdvance(Ljava/util/function/Consumer;)Z @ 50 c2
Event: 25.980 Thread 0x000001ec343fe000 DEOPT PACKING pc=0x000001ec220c0adc sp=0x000000cae48f7d30
Event: 25.980 Thread 0x000001ec343fe000 DEOPT UNPACKING pc=0x000001ec1a3b78af sp=0x000000cae48f7b18 mode 2
Event: 25.980 Thread 0x000001ec343fe000 Uncommon trap: trap_request=0xffffffc6 fr.pc=0x000001ec21fc4634 relative=0x00000000000002b4
Event: 25.980 Thread 0x000001ec343fe000 Uncommon trap: reason=bimorphic_or_optimized_type_check action=maybe_recompile pc=0x000001ec21fc4634 method=java.util.Spliterators$IteratorSpliterator.tryAdvance(Ljava/util/function/Consumer;)Z @ 50 c2
Event: 25.980 Thread 0x000001ec343fe000 DEOPT PACKING pc=0x000001ec21fc4634 sp=0x000000cae48f7b70
Event: 25.980 Thread 0x000001ec343fe000 DEOPT UNPACKING pc=0x000001ec1a3b78af sp=0x000000cae48f7b10 mode 2
Event: 25.982 Thread 0x000001ec343fe000 Uncommon trap: trap_request=0xffffffc6 fr.pc=0x000001ec220c9554 relative=0x00000000000008f4
Event: 25.982 Thread 0x000001ec343fe000 Uncommon trap: reason=bimorphic_or_optimized_type_check action=maybe_recompile pc=0x000001ec220c9554 method=java.util.Spliterators$IteratorSpliterator.tryAdvance(Ljava/util/function/Consumer;)Z @ 50 c2
Event: 25.982 Thread 0x000001ec343fe000 DEOPT PACKING pc=0x000001ec220c9554 sp=0x000000cae48f75c0
Event: 25.982 Thread 0x000001ec343fe000 DEOPT UNPACKING pc=0x000001ec1a3b78af sp=0x000000cae48f7430 mode 2
Event: 26.045 Thread 0x000001ec343fe000 Uncommon trap: trap_request=0xffffff4d fr.pc=0x000001ec22159ea0 relative=0x0000000000000420
Event: 26.045 Thread 0x000001ec343fe000 Uncommon trap: reason=unstable_if action=reinterpret pc=0x000001ec22159ea0 method=org.gradle.internal.instantiation.generator.AbstractClassGenerator$InjectionAnnotationValidator.validateMethod(Ljava/lang/reflect/Method;Lorg/gradle/internal/reflect/Propert
Event: 26.045 Thread 0x000001ec343fe000 DEOPT PACKING pc=0x000001ec22159ea0 sp=0x000000cae48f7c80
Event: 26.045 Thread 0x000001ec343fe000 DEOPT UNPACKING pc=0x000001ec1a3b78af sp=0x000000cae48f7c48 mode 2

Classes redefined (0 events):
No events

Internal exceptions (20 events):
Event: 23.465 Thread 0x000001ec330fa800 Exception <a 'java/lang/NoSuchMethodError'{0x000000008df2cdd8}: <clinit>> (0x000000008df2cdd8) thrown at [./src/hotspot/share/prims/jni.cpp, line 1362]
Event: 23.465 Thread 0x000001ec330fa800 Exception <a 'java/lang/NoSuchMethodError'{0x000000008df2e0e0}: <clinit>> (0x000000008df2e0e0) thrown at [./src/hotspot/share/prims/jni.cpp, line 1362]
Event: 23.465 Thread 0x000001ec330fa800 Exception <a 'java/lang/NoSuchMethodError'{0x000000008df2f100}: <clinit>> (0x000000008df2f100) thrown at [./src/hotspot/share/prims/jni.cpp, line 1362]
Event: 23.467 Thread 0x000001ec330fa800 Exception <a 'java/lang/NoSuchMethodError'{0x0000000089e86d80}: <clinit>> (0x0000000089e86d80) thrown at [./src/hotspot/share/prims/jni.cpp, line 1362]
Event: 23.468 Thread 0x000001ec330fa800 Exception <a 'java/lang/NoSuchMethodError'{0x0000000089e90f98}: <clinit>> (0x0000000089e90f98) thrown at [./src/hotspot/share/prims/jni.cpp, line 1362]
Event: 23.472 Thread 0x000001ec330fa800 Exception <a 'java/lang/NoSuchMethodError'{0x0000000089ea4848}: <clinit>> (0x0000000089ea4848) thrown at [./src/hotspot/share/prims/jni.cpp, line 1362]
Event: 23.583 Thread 0x000001ec343fe000 Exception <a 'java/lang/ClassNotFoundException'{0x0000000089eb9538}: build_a2gogfnxbzqhu7qxlxbz8yzmtBeanInfo> (0x0000000089eb9538) thrown at [./src/hotspot/share/classfile/systemDictionary.cpp, line 231]
Event: 23.584 Thread 0x000001ec343fe000 Exception <a 'java/lang/ClassNotFoundException'{0x0000000089ec4460}: build_a2gogfnxbzqhu7qxlxbz8yzmtCustomizer> (0x0000000089ec4460) thrown at [./src/hotspot/share/classfile/systemDictionary.cpp, line 231]
Event: 23.595 Thread 0x000001ec343fe000 Exception <a 'java/lang/ClassNotFoundException'{0x0000000089d44aa0}: org/gradle/plugin/use/internal/PluginRequestCollector$PluginDependenciesSpecImplBeanInfo> (0x0000000089d44aa0) thrown at [./src/hotspot/share/classfile/systemDictionary.cpp, line 231]
Event: 23.597 Thread 0x000001ec343fe000 Exception <a 'java/lang/ClassNotFoundException'{0x0000000089d72950}: org/gradle/plugin/use/internal/PluginRequestCollector$PluginDependenciesSpecImplCustomizer> (0x0000000089d72950) thrown at [./src/hotspot/share/classfile/systemDictionary.cpp, line 231]
Event: 23.701 Thread 0x000001ec343fe000 Exception <a 'java/lang/ClassNotFoundException'{0x0000000089a3fc08}: org/gradle/api/internal/plugins/DefaultObjectConfigurationActionBeanInfo> (0x0000000089a3fc08) thrown at [./src/hotspot/share/classfile/systemDictionary.cpp, line 231]
Event: 23.702 Thread 0x000001ec343fe000 Exception <a 'java/lang/ClassNotFoundException'{0x0000000089a73158}: org/gradle/api/internal/plugins/DefaultObjectConfigurationActionCustomizer> (0x0000000089a73158) thrown at [./src/hotspot/share/classfile/systemDictionary.cpp, line 231]
Event: 24.648 Thread 0x000001ec343fe000 Exception <a 'java/lang/NoSuchMethodError'{0x000000008903e4b8}: 'java.lang.Object java.lang.invoke.DirectMethodHandle$Holder.invokeStatic(java.lang.Object, java.lang.Object, java.lang.Object, java.lang.Object, int)'> (0x000000008903e4b8) thrown at [./src/hotspot/share/interpreter/linkResolver.cpp, line 773]
Event: 24.648 Thread 0x000001ec343fe000 Exception <a 'java/lang/NoSuchMethodError'{0x0000000089042eb0}: 'java.lang.Object java.lang.invoke.DirectMethodHandle$Holder.invokeSpecial(java.lang.Object, java.lang.Object, java.lang.Object, java.lang.Object, java.lang.Object, int)'> (0x0000000089042eb0) thrown at [./src/hotspot/share/interpreter/linkResolver.cpp, line 773]
Event: 24.649 Thread 0x000001ec343fe000 Exception <a 'java/lang/NoSuchMethodError'{0x00000000890474f0}: 'java.lang.Object java.lang.invoke.Invokers$Holder.linkToTargetMethod(java.lang.Object, java.lang.Object, java.lang.Object, int, java.lang.Object)'> (0x00000000890474f0) thrown at [./src/hotspot/share/interpreter/linkResolver.cpp, line 773]
Event: 25.401 Thread 0x000001ec343fe000 Exception <a 'java/lang/NoSuchMethodError'{0x0000000088140710}: 'java.lang.Object java.lang.invoke.DirectMethodHandle$Holder.invokeSpecial(java.lang.Object, java.lang.Object, int, int, java.lang.Object, java.lang.Object, java.lang.Object)'> (0x0000000088140710) thrown at [./src/hotspot/share/interpreter/linkResolver.cpp, line 773]
Event: 25.402 Thread 0x000001ec343fe000 Exception <a 'java/lang/NoSuchMethodError'{0x0000000088144c90}: 'java.lang.Object java.lang.invoke.DelegatingMethodHandle$Holder.reinvoke_L(java.lang.Object, int, int, java.lang.Object, java.lang.Object, java.lang.Object)'> (0x0000000088144c90) thrown at [./src/hotspot/share/interpreter/linkResolver.cpp, line 773]
Event: 26.022 Thread 0x000001ec343fe000 Exception <a 'java/lang/NoSuchMethodError'{0x00000000876bb748}: 'int java.lang.invoke.DirectMethodHandle$Holder.invokeInterface(java.lang.Object, java.lang.Object, java.lang.Object, java.lang.Object)'> (0x00000000876bb748) thrown at [./src/hotspot/share/interpreter/linkResolver.cpp, line 773]
Event: 26.996 Thread 0x000001ec343fe000 Exception <a 'java/lang/NoSuchMethodError'{0x000000008dfae5f8}: 'void java.lang.invoke.DirectMethodHandle$Holder.invokeInterface(java.lang.Object, java.lang.Object, java.lang.Object, java.lang.Object)'> (0x000000008dfae5f8) thrown at [./src/hotspot/share/interpreter/linkResolver.cpp, line 773]
Event: 27.392 Thread 0x000001ec343fe000 Exception <a 'java/lang/IncompatibleClassChangeError'{0x000000008d7fbb40}: Found class java.lang.Object, but interface was expected> (0x000000008d7fbb40) thrown at [./src/hotspot/share/interpreter/linkResolver.cpp, line 839]

Events (20 events):
Event: 27.389 loading class com/sun/jmx/interceptor/DefaultMBeanServerInterceptor$ResourceContext
Event: 27.389 loading class com/sun/jmx/mbeanserver/Repository$RegistrationContext
Event: 27.390 loading class com/sun/jmx/mbeanserver/Repository$RegistrationContext done
Event: 27.390 loading class com/sun/jmx/interceptor/DefaultMBeanServerInterceptor$ResourceContext done
Event: 27.390 loading class com/sun/jmx/interceptor/DefaultMBeanServerInterceptor$ResourceContext$1
Event: 27.390 loading class com/sun/jmx/interceptor/DefaultMBeanServerInterceptor$ResourceContext$1 done
Event: 27.390 loading class com/sun/jmx/mbeanserver/NamedObject
Event: 27.390 loading class com/sun/jmx/mbeanserver/NamedObject done
Event: 27.390 loading class javax/management/MBeanServerNotification
Event: 27.390 loading class javax/management/Notification
Event: 27.391 loading class javax/management/Notification done
Event: 27.391 loading class javax/management/MBeanServerNotification done
Event: 27.391 loading class javax/management/ObjectInstance
Event: 27.391 loading class javax/management/ObjectInstance done
Event: 27.392 loading class com/sun/jmx/mbeanserver/JmxMBeanServer$3
Event: 27.392 loading class com/sun/jmx/mbeanserver/JmxMBeanServer$3 done
Event: 27.393 loading class sun/management/RuntimeImpl
Event: 27.394 loading class java/lang/management/RuntimeMXBean
Event: 27.394 loading class java/lang/management/RuntimeMXBean done
Event: 27.394 loading class sun/management/RuntimeImpl done


Dynamic libraries:
0x00007ff7291b0000 - 0x00007ff7291ba000 	C:\Program Files\Android\Android Studio\jre\bin\java.exe
0x00007ffc14f90000 - 0x00007ffc15185000 	C:\WINDOWS\SYSTEM32\ntdll.dll
0x00007ffc145f0000 - 0x00007ffc146ae000 	C:\WINDOWS\System32\KERNEL32.DLL
0x00007ffc129a0000 - 0x00007ffc12c68000 	C:\WINDOWS\System32\KERNELBASE.dll
0x00007ffc127f0000 - 0x00007ffc128f0000 	C:\WINDOWS\System32\ucrtbase.dll
0x00007ffc05d80000 - 0x00007ffc05d97000 	C:\Program Files\Android\Android Studio\jre\bin\VCRUNTIME140.dll
0x00007ffc05d60000 - 0x00007ffc05d79000 	C:\Program Files\Android\Android Studio\jre\bin\jli.dll
0x00007ffc13ba0000 - 0x00007ffc13d41000 	C:\WINDOWS\System32\USER32.dll
0x00007ffc126b0000 - 0x00007ffc126d2000 	C:\WINDOWS\System32\win32u.dll
0x00007ffbfed80000 - 0x00007ffbff01a000 	C:\WINDOWS\WinSxS\amd64_microsoft.windows.common-controls_6595b64144ccf1df_6.0.19041.1110_none_60b5254171f9507e\COMCTL32.dll
0x00007ffc144e0000 - 0x00007ffc1450b000 	C:\WINDOWS\System32\GDI32.dll
0x00007ffc14eb0000 - 0x00007ffc14f4e000 	C:\WINDOWS\System32\msvcrt.dll
0x00007ffc126e0000 - 0x00007ffc127eb000 	C:\WINDOWS\System32\gdi32full.dll
0x00007ffc12d00000 - 0x00007ffc12d9d000 	C:\WINDOWS\System32\msvcp_win.dll
0x00007ffc13db0000 - 0x00007ffc13de0000 	C:\WINDOWS\System32\IMM32.DLL
0x00007ffbe4780000 - 0x00007ffbe481d000 	C:\Program Files\Android\Android Studio\jre\bin\msvcp140.dll
0x00007ffbbf050000 - 0x00007ffbbfb1f000 	C:\Program Files\Android\Android Studio\jre\bin\server\jvm.dll
0x00007ffc13f00000 - 0x00007ffc13fac000 	C:\WINDOWS\System32\ADVAPI32.dll
0x00007ffc13fb0000 - 0x00007ffc1404b000 	C:\WINDOWS\System32\sechost.dll
0x00007ffc13990000 - 0x00007ffc13aba000 	C:\WINDOWS\System32\RPCRT4.dll
0x00007ffc13630000 - 0x00007ffc13638000 	C:\WINDOWS\System32\PSAPI.DLL
0x00007ffc0ee60000 - 0x00007ffc0ee69000 	C:\WINDOWS\SYSTEM32\WSOCK32.dll
0x00007ffc0a590000 - 0x00007ffc0a5b7000 	C:\WINDOWS\SYSTEM32\WINMM.dll
0x00007ffc13de0000 - 0x00007ffc13e4b000 	C:\WINDOWS\System32\WS2_32.dll
0x00007ffc0a9d0000 - 0x00007ffc0a9da000 	C:\WINDOWS\SYSTEM32\VERSION.dll
0x00007ffc105b0000 - 0x00007ffc105c2000 	C:\WINDOWS\SYSTEM32\kernel.appcore.dll
0x00007ffc0d8c0000 - 0x00007ffc0d8d1000 	C:\Program Files\Android\Android Studio\jre\bin\verify.dll
0x00007ffc029a0000 - 0x00007ffc02b84000 	C:\WINDOWS\SYSTEM32\DBGHELP.DLL
0x00007ffbff910000 - 0x00007ffbff93c000 	C:\WINDOWS\SYSTEM32\dbgcore.DLL
0x00007ffc12f50000 - 0x00007ffc12fd3000 	C:\WINDOWS\System32\bcryptPrimitives.dll
0x00007ffc05fb0000 - 0x00007ffc05fd9000 	C:\Program Files\Android\Android Studio\jre\bin\java.dll
0x00007ffc0df90000 - 0x00007ffc0df9b000 	C:\Program Files\Android\Android Studio\jre\bin\jimage.dll
0x00007ffc0cb30000 - 0x00007ffc0cb48000 	C:\Program Files\Android\Android Studio\jre\bin\zip.dll
0x00007ffc14710000 - 0x00007ffc14e4f000 	C:\WINDOWS\System32\SHELL32.dll
0x00007ffc107b0000 - 0x00007ffc10f40000 	C:\WINDOWS\SYSTEM32\windows.storage.dll
0x00007ffc14180000 - 0x00007ffc144d5000 	C:\WINDOWS\System32\combase.dll
0x00007ffc12030000 - 0x00007ffc1205e000 	C:\WINDOWS\SYSTEM32\Wldp.dll
0x00007ffc13840000 - 0x00007ffc138ed000 	C:\WINDOWS\System32\SHCORE.dll
0x00007ffc13d50000 - 0x00007ffc13da5000 	C:\WINDOWS\System32\shlwapi.dll
0x00007ffc125f0000 - 0x00007ffc1260f000 	C:\WINDOWS\SYSTEM32\profapi.dll
0x00007ffc064c0000 - 0x00007ffc064da000 	C:\Program Files\Android\Android Studio\jre\bin\net.dll
0x00007ffc06970000 - 0x00007ffc06a7c000 	C:\WINDOWS\SYSTEM32\WINHTTP.dll
0x00007ffc11d90000 - 0x00007ffc11dfa000 	C:\WINDOWS\system32\mswsock.dll
0x00007ffc05f90000 - 0x00007ffc05fa4000 	C:\Program Files\Android\Android Studio\jre\bin\nio.dll
0x00007ffc06530000 - 0x00007ffc06557000 	C:\Users\jeffe\.gradle\native\8bec1ad78214c89d9ad589b4d07fe93259594b29d510b10fafb7a158f7737e5d\windows-amd64\native-platform.dll
0x00007ffbc1180000 - 0x00007ffbc12bd000 	C:\Users\jeffe\.gradle\native\53dbd7edfb1c66fb8903c78663c9afc45aea4f116125fa6feffd364cf09443e8\windows-amd64\native-platform-file-events.dll
0x00007ffc0df70000 - 0x00007ffc0df7a000 	C:\Program Files\Android\Android Studio\jre\bin\management.dll
0x00007ffc0d8b0000 - 0x00007ffc0d8bc000 	C:\Program Files\Android\Android Studio\jre\bin\management_ext.dll
0x00007ffc11f80000 - 0x00007ffc11f98000 	C:\WINDOWS\SYSTEM32\CRYPTSP.dll
0x00007ffc11710000 - 0x00007ffc11744000 	C:\WINDOWS\system32\rsaenh.dll
0x00007ffc12cd0000 - 0x00007ffc12cf7000 	C:\WINDOWS\System32\bcrypt.dll
0x00007ffc125b0000 - 0x00007ffc125de000 	C:\WINDOWS\SYSTEM32\USERENV.dll
0x00007ffc11fa0000 - 0x00007ffc11fac000 	C:\WINDOWS\SYSTEM32\CRYPTBASE.dll
0x00007ffc11a80000 - 0x00007ffc11abb000 	C:\WINDOWS\SYSTEM32\IPHLPAPI.DLL
0x00007ffc14510000 - 0x00007ffc14518000 	C:\WINDOWS\System32\NSI.dll
0x00007ffc0ab00000 - 0x00007ffc0ab17000 	C:\WINDOWS\SYSTEM32\dhcpcsvc6.DLL
0x00007ffc0aae0000 - 0x00007ffc0aafd000 	C:\WINDOWS\SYSTEM32\dhcpcsvc.DLL
0x00007ffc11ac0000 - 0x00007ffc11b8b000 	C:\WINDOWS\SYSTEM32\DNSAPI.dll

dbghelp: loaded successfully - version: 4.0.5 - missing functions: none
symbol engine: initialized successfully - sym options: 0x614 - pdb path: .;C:\Program Files\Android\Android Studio\jre\bin;C:\WINDOWS\SYSTEM32;C:\WINDOWS\WinSxS\amd64_microsoft.windows.common-controls_6595b64144ccf1df_6.0.19041.1110_none_60b5254171f9507e;C:\Program Files\Android\Android Studio\jre\bin\server;C:\Users\jeffe\.gradle\native\8bec1ad78214c89d9ad589b4d07fe93259594b29d510b10fafb7a158f7737e5d\windows-amd64;C:\Users\jeffe\.gradle\native\53dbd7edfb1c66fb8903c78663c9afc45aea4f116125fa6feffd364cf09443e8\windows-amd64

VM Arguments:
jvm_args: --add-opens=java.base/java.util=ALL-UNNAMED --add-opens=java.base/java.lang=ALL-UNNAMED --add-opens=java.base/java.lang.invoke=ALL-UNNAMED --add-opens=java.base/java.util=ALL-UNNAMED --add-opens=java.prefs/java.util.prefs=ALL-UNNAMED --add-opens=java.prefs/java.util.prefs=ALL-UNNAMED --add-opens=java.base/java.nio.charset=ALL-UNNAMED --add-opens=java.base/java.net=ALL-UNNAMED --add-opens=java.base/java.util.concurrent.atomic=ALL-UNNAMED -Xmx2048m -Dfile.encoding=UTF-8 -Duser.country=PH -Duser.language=en -Duser.variant 
java_command: org.gradle.launcher.daemon.bootstrap.GradleDaemon 7.0.2
java_class_path (initial): C:\Users\jeffe\.gradle\wrapper\dists\gradle-7.0.2-bin\857tjihv64xamwrf0h14cai3r\gradle-7.0.2\lib\gradle-launcher-7.0.2.jar
Launcher Type: SUN_STANDARD

[Global flags]
     intx CICompilerCount                          = 4                                         {product} {ergonomic}
     uint ConcGCThreads                            = 2                                         {product} {ergonomic}
     uint G1ConcRefinementThreads                  = 8                                         {product} {ergonomic}
   size_t G1HeapRegionSize                         = 1048576                                   {product} {ergonomic}
    uintx GCDrainStackTargetSize                   = 64                                        {product} {ergonomic}
   size_t InitialHeapSize                          = 234881024                                 {product} {ergonomic}
   size_t MarkStackSize                            = 4194304                                   {product} {ergonomic}
   size_t MaxHeapSize                              = 2147483648                                {product} {command line}
   size_t MaxNewSize                               = 1287651328                                {product} {ergonomic}
   size_t MinHeapDeltaBytes                        = 1048576                                   {product} {ergonomic}
    uintx NonNMethodCodeHeapSize                   = 5836300                                {pd product} {ergonomic}
    uintx NonProfiledCodeHeapSize                  = 122910970                              {pd product} {ergonomic}
    uintx ProfiledCodeHeapSize                     = 122910970                              {pd product} {ergonomic}
    uintx ReservedCodeCacheSize                    = 251658240                              {pd product} {ergonomic}
     bool SegmentedCodeCache                       = true                                      {product} {ergonomic}
     bool UseCompressedClassPointers               = true                                 {lp64_product} {ergonomic}
     bool UseCompressedOops                        = true                                 {lp64_product} {ergonomic}
     bool UseG1GC                                  = true                                      {product} {ergonomic}
     bool UseLargePagesIndividualAllocation        = false                                  {pd product} {ergonomic}

Logging:
Log output configuration:
 #0: stdout all=warning uptime,level,tags
 #1: stderr all=off uptime,level,tags

Environment Variables:
JAVA_HOME=C:\Program Files\Java\jdk-13.0.2
PATH=C:\Program Files (x86)\Razer Chroma SDK\bin;C:\Program Files\Razer Chroma SDK\bin;C:\Program Files (x86)\Razer\ChromaBroadcast\bin;C:\Program Files\Razer\ChromaBroadcast\bin;C:\WINDOWS\system32;C:\WINDOWS;C:\WINDOWS\System32\Wbem;C:\WINDOWS\System32\WindowsPowerShell\v1.0\;C:\WINDOWS\System32\OpenSSH\;C:\Program Files\Java\jdk-13.0.2\bin;C:\Program Files\MySQL\MySQL Server 5.5\bin;C:\WINDOWS\system32\config\systemprofile\AppData\Local\Microsoft\WindowsApps;C:\Users\jeffe\AppData\Local\Microsoft\WindowsApps;C:\Program Files\MySQL\MySQL Shell 8.0\bin\;C:\Users\jeffe\AppData\Local\Microsoft\WindowsApps;
USERNAME=jeffe
OS=Windows_NT
PROCESSOR_IDENTIFIER=AMD64 Family 23 Model 24 Stepping 1, AuthenticAMD



---------------  S Y S T E M  ---------------

OS: Windows 10 , 64 bit Build 19041 (10.0.19041.1320)
OS uptime: 0 days 19:50 hours

CPU:total 8 (initial active 8) (8 cores per cpu, 2 threads per core) family 23 model 24 stepping 1 microcode 0x0, cmov, cx8, fxsr, mmx, sse, sse2, sse3, ssse3, sse4.1, sse4.2, popcnt, avx, avx2, aes, clmul, mmxext, 3dnowpref, lzcnt, sse4a, ht, tsc, tscinvbit, tscinv, bmi1, bmi2, adx, s

Memory: 4k page, system-wide physical 14274M (7248M free)
TotalPageFile size 16450M (AvailPageFile size 7201M)
current process WorkingSet (physical memory assigned to process): 369M, peak: 371M
current process commit charge ("private bytes"): 455M, peak: 457M

vm_info: OpenJDK 64-Bit Server VM (11.0.10+0-b96-7249189) for windows-amd64 JRE (11.0.10+0-b96-7249189), built on Mar 31 2021 21:44:00 by "builder" with MS VC++ 14.0 (VS2015)

END.
